#
# There is insufficient memory for the Java Runtime Environment to continue.
# Native memory allocation (mmap) failed to map 178257920 bytes for G1 virtual space
# Possible reasons:
#   The system is out of physical RAM or swap space
#   The process is running with CompressedOops enabled, and the Java Heap may be blocking the growth of the native heap
# Possible solutions:
#   Reduce memory load on the system
#   Increase physical memory or swap space
#   Check if swap backing store is full
#   Decrease Java heap size (-Xmx/-Xms)
#   Decrease number of Java threads
#   Decrease Java thread stack sizes (-Xss)
#   Set larger code cache with -XX:ReservedCodeCacheSize=
#   JVM is running with Unscaled Compressed Oops mode in which the Java heap is
#     placed in the first 4GB address space. The Java Heap base address is the
#     maximum limit for the native heap growth. Please use -XX:HeapBaseMinAddress
#     to set the Java Heap base and to place the Java Heap above 4GB virtual address.
# This output file may be truncated or incomplete.
#
#  Out of Memory Error (os_windows.cpp:3769), pid=12880, tid=16324
#
# JRE version: OpenJDK Runtime Environment (17.0.6) (build 17.0.6+0-b2043.56-10027231)
# Java VM: OpenJDK 64-Bit Server VM (17.0.6+0-b2043.56-10027231, mixed mode, tiered, compressed oops, compressed class ptrs, g1 gc, windows-amd64)
# No core dump will be written. Minidumps are not enabled by default on client versions of Windows
#

---------------  S U M M A R Y ------------

Command Line: --add-opens=java.base/java.util=ALL-UNNAMED --add-opens=java.base/java.lang=ALL-UNNAMED --add-opens=java.base/java.lang.invoke=ALL-UNNAMED --add-opens=java.prefs/java.util.prefs=ALL-UNNAMED --add-opens=java.base/java.nio.charset=ALL-UNNAMED --add-opens=java.base/java.net=ALL-UNNAMED --add-opens=java.base/java.util.concurrent.atomic=ALL-UNNAMED -Xmx2048m -Dfile.encoding=UTF-8 -Duser.country=US -Duser.language=en -Duser.variant org.gradle.launcher.daemon.bootstrap.GradleDaemon 8.0

Host: 11th Gen Intel(R) Core(TM) i5-1135G7 @ 2.40GHz, 8 cores, 7G,  Windows 11 , 64 bit Build 22621 (10.0.22621.2506)
Time: Mon Nov 27 12:56:09 2023 E. Africa Standard Time elapsed time: 6.123916 seconds (0d 0h 0m 6s)

---------------  T H R E A D  ---------------

Current thread (0x000001c71be3b180):  VMThread "VM Thread" [stack: 0x000000a60f400000,0x000000a60f500000] [id=16324]

Stack: [0x000000a60f400000,0x000000a60f500000]
Native frames: (J=compiled Java code, j=interpreted, Vv=VM code, C=native code)
V  [jvm.dll+0x683c9a]
V  [jvm.dll+0x8427a4]
V  [jvm.dll+0x843f9e]
V  [jvm.dll+0x844603]
V  [jvm.dll+0x249b75]
V  [jvm.dll+0x680b69]
V  [jvm.dll+0x67505a]
V  [jvm.dll+0x309acb]
V  [jvm.dll+0x310f86]
V  [jvm.dll+0x3608ee]
V  [jvm.dll+0x360b1f]
V  [jvm.dll+0x2dfbf8]
V  [jvm.dll+0x2ddec4]
V  [jvm.dll+0x2dd4cc]
V  [jvm.dll+0x321f3b]
V  [jvm.dll+0x848ccb]
V  [jvm.dll+0x849a04]
V  [jvm.dll+0x849f1d]
V  [jvm.dll+0x84a2f4]
V  [jvm.dll+0x84a3c0]
V  [jvm.dll+0x7f274a]
V  [jvm.dll+0x682ad5]
C  [ucrtbase.dll+0x29363]
C  [KERNEL32.DLL+0x1257d]
C  [ntdll.dll+0x5aa58]

VM_Operation (0x000000a6117fde30): G1CollectForAllocation, mode: safepoint, requested by thread 0x000001c71d337410


---------------  P R O C E S S  ---------------

Threads class SMR info:
_java_thread_list=0x000001c726242840, length=126, elements={
0x000001c701fe03e0, 0x000001c71c80fc70, 0x000001c71c810820, 0x000001c71c833df0,
0x000001c71c8349a0, 0x000001c71c835c70, 0x000001c71c836620, 0x000001c71c847510,
0x000001c71c84b310, 0x000001c71c84bc10, 0x000001c71c9e4010, 0x000001c71c9e7180,
0x000001c71cbf7040, 0x000001c71edb3020, 0x000001c71fa95800, 0x000001c71fc5b420,
0x000001c71e027110, 0x000001c71e0275e0, 0x000001c71de07070, 0x000001c71fdeb6f0,
0x000001c71fc76ba0, 0x000001c71d337db0, 0x000001c71d338280, 0x000001c71d335260,
0x000001c71d336f40, 0x000001c71d337410, 0x000001c71d336a70, 0x000001c71d3365a0,
0x000001c71d3348c0, 0x000001c71d3378e0, 0x000001c7228b8700, 0x000001c7228b9570,
0x000001c7228bb720, 0x000001c7228bbbf0, 0x000001c7228bad80, 0x000001c7228b9f10,
0x000001c7228bb250, 0x000001c7228bc0c0, 0x000001c7228b5bb0, 0x000001c7228b73c0,
0x000001c7228ba8b0, 0x000001c7228b7890, 0x000001c7228b56e0, 0x000001c7228b8230,
0x000001c7228b6080, 0x000001c7228b90a0, 0x000001c7228b9a40, 0x000001c71d334d90,
0x000001c723321520, 0x000001c723322390, 0x000001c723324a10, 0x000001c72331e500,
0x000001c7233201e0, 0x000001c7233253b0, 0x000001c723324070, 0x000001c72331f840,
0x000001c723322860, 0x000001c723324540, 0x000001c7233236d0, 0x000001c72331e9d0,
0x000001c723325d50, 0x000001c7233219f0, 0x000001c723323ba0, 0x000001c723324ee0,
0x000001c723325880, 0x000001c723323200, 0x000001c723322d30, 0x000001c72331eea0,
0x000001c723320b80, 0x000001c72331f370, 0x000001c723321050, 0x000001c723321ec0,
0x000001c72331fd10, 0x000001c7233206b0, 0x000001c72256bab0, 0x000001c7225668e0,
0x000001c722567280, 0x000001c722566db0, 0x000001c722566410, 0x000001c72256c450,
0x000001c7225655a0, 0x000001c7225650d0, 0x000001c72256bf80, 0x000001c72256ac40,
0x000001c72256b110, 0x000001c722567c20, 0x000001c72256b5e0, 0x000001c722565a70,
0x000001c722567750, 0x000001c722569430, 0x000001c7225680f0, 0x000001c72256c920,
0x000001c722565f40, 0x000001c7225685c0, 0x000001c722568a90, 0x000001c722568f60,
0x000001c722569900, 0x000001c722569dd0, 0x000001c72256a2a0, 0x000001c72256a770,
0x000001c72349d2b0, 0x000001c7234998f0, 0x000001c72349bf70, 0x000001c72349a290,
0x000001c72349c440, 0x000001c72349b100, 0x000001c7234985b0, 0x000001c72349f930,
0x000001c72349cde0, 0x000001c72349a760, 0x000001c72349b5d0, 0x000001c72349ef90,
0x000001c72349eac0, 0x000001c723498f50, 0x000001c723499dc0, 0x000001c72349ac30,
0x000001c72349baa0, 0x000001c72349fe00, 0x000001c72349d780, 0x000001c72349c910,
0x000001c72349f460, 0x000001c72349dc50, 0x000001c72349e120, 0x000001c72349e5f0,
0x000001c723498a80, 0x000001c723499420
}

Java Threads: ( => current thread )
  0x000001c701fe03e0 JavaThread "main" [_thread_blocked, id=12396, stack(0x000000a60ee00000,0x000000a60ef00000)]
  0x000001c71c80fc70 JavaThread "Reference Handler" daemon [_thread_blocked, id=15648, stack(0x000000a60f500000,0x000000a60f600000)]
  0x000001c71c810820 JavaThread "Finalizer" daemon [_thread_blocked, id=15252, stack(0x000000a60f600000,0x000000a60f700000)]
  0x000001c71c833df0 JavaThread "Signal Dispatcher" daemon [_thread_blocked, id=15516, stack(0x000000a60f700000,0x000000a60f800000)]
  0x000001c71c8349a0 JavaThread "Attach Listener" daemon [_thread_blocked, id=8556, stack(0x000000a60f800000,0x000000a60f900000)]
  0x000001c71c835c70 JavaThread "Service Thread" daemon [_thread_blocked, id=14836, stack(0x000000a60f900000,0x000000a60fa00000)]
  0x000001c71c836620 JavaThread "Monitor Deflation Thread" daemon [_thread_blocked, id=7512, stack(0x000000a60fa00000,0x000000a60fb00000)]
  0x000001c71c847510 JavaThread "C2 CompilerThread0" daemon [_thread_blocked, id=7128, stack(0x000000a60fb00000,0x000000a60fc00000)]
  0x000001c71c84b310 JavaThread "C1 CompilerThread0" daemon [_thread_blocked, id=14696, stack(0x000000a60fc00000,0x000000a60fd00000)]
  0x000001c71c84bc10 JavaThread "Sweeper thread" daemon [_thread_blocked, id=15064, stack(0x000000a60fd00000,0x000000a60fe00000)]
  0x000001c71c9e4010 JavaThread "Common-Cleaner" daemon [_thread_blocked, id=14432, stack(0x000000a60fe00000,0x000000a60ff00000)]
  0x000001c71c9e7180 JavaThread "Notification Thread" daemon [_thread_blocked, id=11672, stack(0x000000a60ff00000,0x000000a610000000)]
  0x000001c71cbf7040 JavaThread "C2 CompilerThread1" daemon [_thread_blocked, id=13972, stack(0x000000a610100000,0x000000a610200000)]
  0x000001c71edb3020 JavaThread "Daemon health stats" [_thread_blocked, id=14816, stack(0x000000a610700000,0x000000a610800000)]
  0x000001c71fa95800 JavaThread "Incoming local TCP Connector on port 55337" [_thread_in_native, id=16316, stack(0x000000a610800000,0x000000a610900000)]
  0x000001c71fc5b420 JavaThread "Daemon periodic checks" [_thread_blocked, id=14788, stack(0x000000a610900000,0x000000a610a00000)]
  0x000001c71e027110 JavaThread "Daemon" [_thread_blocked, id=2336, stack(0x000000a610a00000,0x000000a610b00000)]
  0x000001c71e0275e0 JavaThread "Handler for socket connection from /127.0.0.1:55337 to /127.0.0.1:55338" [_thread_in_native, id=13628, stack(0x000000a610b00000,0x000000a610c00000)]
  0x000001c71de07070 JavaThread "Cancel handler" [_thread_blocked, id=8636, stack(0x000000a610c00000,0x000000a610d00000)]
  0x000001c71fdeb6f0 JavaThread "Daemon worker" [_thread_blocked, id=15372, stack(0x000000a610d00000,0x000000a610e00000)]
  0x000001c71fc76ba0 JavaThread "Asynchronous log dispatcher for DefaultDaemonConnection: socket connection from /127.0.0.1:55337 to /127.0.0.1:55338" [_thread_blocked, id=15244, stack(0x000000a610e00000,0x000000a610f00000)]
  0x000001c71d337db0 JavaThread "Stdin handler" [_thread_blocked, id=6544, stack(0x000000a610f00000,0x000000a611000000)]
  0x000001c71d338280 JavaThread "Daemon client event forwarder" [_thread_blocked, id=3628, stack(0x000000a611000000,0x000000a611100000)]
  0x000001c71d335260 JavaThread "Cache worker for journal cache (C:\Users\User\.gradle\caches\journal-1)" [_thread_blocked, id=15896, stack(0x000000a611500000,0x000000a611600000)]
  0x000001c71d336f40 JavaThread "File lock request listener" [_thread_in_native, id=9396, stack(0x000000a611600000,0x000000a611700000)]
  0x000001c71d337410 JavaThread "Cache worker for file hash cache (C:\Users\User\.gradle\caches\8.0\fileHashes)" [_thread_blocked, id=14920, stack(0x000000a611700000,0x000000a611800000)]
  0x000001c71d336a70 JavaThread "File watcher server" daemon [_thread_in_native, id=13660, stack(0x000000a611800000,0x000000a611900000)]
  0x000001c71d3365a0 JavaThread "File watcher consumer" daemon [_thread_blocked, id=14164, stack(0x000000a611900000,0x000000a611a00000)]
  0x000001c71d3348c0 JavaThread "jar transforms" [_thread_blocked, id=9520, stack(0x000000a611a00000,0x000000a611b00000)]
  0x000001c71d3378e0 JavaThread "jar transforms Thread 2" [_thread_blocked, id=15404, stack(0x000000a611b00000,0x000000a611c00000)]
  0x000001c7228b8700 JavaThread "jar transforms Thread 3" [_thread_blocked, id=5300, stack(0x000000a611c00000,0x000000a611d00000)]
  0x000001c7228b9570 JavaThread "jar transforms Thread 4" [_thread_blocked, id=16356, stack(0x000000a611d00000,0x000000a611e00000)]
  0x000001c7228bb720 JavaThread "jar transforms Thread 5" [_thread_blocked, id=1148, stack(0x000000a611e00000,0x000000a611f00000)]
  0x000001c7228bbbf0 JavaThread "jar transforms Thread 6" [_thread_blocked, id=1160, stack(0x000000a611f00000,0x000000a612000000)]
  0x000001c7228bad80 JavaThread "jar transforms Thread 7" [_thread_blocked, id=11304, stack(0x000000a612000000,0x000000a612100000)]
  0x000001c7228b9f10 JavaThread "jar transforms Thread 8" [_thread_blocked, id=2524, stack(0x000000a612100000,0x000000a612200000)]
  0x000001c7228bb250 JavaThread "Cache worker for checksums cache (C:\Users\User\AndroidStudioProjects\RepairPal\.gradle\8.0\checksums)" [_thread_blocked, id=9796, stack(0x000000a612300000,0x000000a612400000)]
  0x000001c7228bc0c0 JavaThread "Cache worker for cache directory md-rule (C:\Users\User\.gradle\caches\8.0\md-rule)" [_thread_blocked, id=12964, stack(0x000000a612400000,0x000000a612500000)]
  0x000001c7228b5bb0 JavaThread "Cache worker for file content cache (C:\Users\User\.gradle\caches\8.0\fileContent)" [_thread_blocked, id=7640, stack(0x000000a612500000,0x000000a612600000)]
  0x000001c7228b73c0 JavaThread "Cache worker for file hash cache (C:\Users\User\AndroidStudioProjects\RepairPal\.gradle\8.0\fileHashes)" [_thread_blocked, id=13232, stack(0x000000a612600000,0x000000a612700000)]
  0x000001c7228ba8b0 JavaThread "Cache worker for cache directory md-supplier (C:\Users\User\.gradle\caches\8.0\md-supplier)" [_thread_blocked, id=9468, stack(0x000000a612700000,0x000000a612800000)]
  0x000001c7228b7890 JavaThread "Cache worker for execution history cache (C:\Users\User\.gradle\caches\8.0\executionHistory)" [_thread_blocked, id=5116, stack(0x000000a612800000,0x000000a612900000)]
  0x000001c7228b56e0 JavaThread "Cache worker for kotlin-dsl (C:\Users\User\.gradle\caches\8.0\kotlin-dsl)" [_thread_blocked, id=14864, stack(0x000000a612900000,0x000000a612a00000)]
  0x000001c7228b8230 JavaThread "Cache worker for dependencies-accessors (C:\Users\User\AndroidStudioProjects\RepairPal\.gradle\8.0\dependencies-accessors)" [_thread_blocked, id=9712, stack(0x000000a612a00000,0x000000a612b00000)]
  0x000001c7228b6080 JavaThread "Cache worker for Build Output Cleanup Cache (C:\Users\User\AndroidStudioProjects\RepairPal\.gradle\buildOutputCleanup)" [_thread_blocked, id=14320, stack(0x000000a612b00000,0x000000a612c00000)]
  0x000001c7228b90a0 JavaThread "Unconstrained build operations" [_thread_blocked, id=7060, stack(0x000000a612c00000,0x000000a612d00000)]
  0x000001c7228b9a40 JavaThread "Unconstrained build operations Thread 2" [_thread_blocked, id=16248, stack(0x000000a612d00000,0x000000a612e00000)]
  0x000001c71d334d90 JavaThread "Unconstrained build operations Thread 3" [_thread_blocked, id=2060, stack(0x000000a612e00000,0x000000a612f00000)]
  0x000001c723321520 JavaThread "Unconstrained build operations Thread 4" [_thread_blocked, id=14096, stack(0x000000a612f00000,0x000000a613000000)]
  0x000001c723322390 JavaThread "Unconstrained build operations Thread 5" [_thread_blocked, id=14676, stack(0x000000a613000000,0x000000a613100000)]
  0x000001c723324a10 JavaThread "Unconstrained build operations Thread 6" [_thread_blocked, id=11224, stack(0x000000a613100000,0x000000a613200000)]
  0x000001c72331e500 JavaThread "Unconstrained build operations Thread 7" [_thread_blocked, id=13624, stack(0x000000a613200000,0x000000a613300000)]
  0x000001c7233201e0 JavaThread "Unconstrained build operations Thread 8" [_thread_blocked, id=14112, stack(0x000000a613300000,0x000000a613400000)]
  0x000001c7233253b0 JavaThread "Unconstrained build operations Thread 9" [_thread_blocked, id=8684, stack(0x000000a613400000,0x000000a613500000)]
  0x000001c723324070 JavaThread "Unconstrained build operations Thread 10" [_thread_blocked, id=16052, stack(0x000000a613500000,0x000000a613600000)]
  0x000001c72331f840 JavaThread "Unconstrained build operations Thread 11" [_thread_blocked, id=15168, stack(0x000000a613600000,0x000000a613700000)]
  0x000001c723322860 JavaThread "Unconstrained build operations Thread 12" [_thread_blocked, id=11056, stack(0x000000a613700000,0x000000a613800000)]
  0x000001c723324540 JavaThread "Unconstrained build operations Thread 13" [_thread_blocked, id=11936, stack(0x000000a613800000,0x000000a613900000)]
  0x000001c7233236d0 JavaThread "Unconstrained build operations Thread 14" [_thread_blocked, id=7744, stack(0x000000a613900000,0x000000a613a00000)]
  0x000001c72331e9d0 JavaThread "Unconstrained build operations Thread 15" [_thread_blocked, id=6012, stack(0x000000a613a00000,0x000000a613b00000)]
  0x000001c723325d50 JavaThread "Unconstrained build operations Thread 16" [_thread_blocked, id=4440, stack(0x000000a613b00000,0x000000a613c00000)]
  0x000001c7233219f0 JavaThread "Unconstrained build operations Thread 17" [_thread_blocked, id=15852, stack(0x000000a613c00000,0x000000a613d00000)]
  0x000001c723323ba0 JavaThread "Unconstrained build operations Thread 18" [_thread_blocked, id=15264, stack(0x000000a613d00000,0x000000a613e00000)]
  0x000001c723324ee0 JavaThread "Unconstrained build operations Thread 19" [_thread_blocked, id=7456, stack(0x000000a613e00000,0x000000a613f00000)]
  0x000001c723325880 JavaThread "Unconstrained build operations Thread 20" [_thread_blocked, id=5672, stack(0x000000a613f00000,0x000000a614000000)]
  0x000001c723323200 JavaThread "Unconstrained build operations Thread 21" [_thread_blocked, id=5696, stack(0x000000a614000000,0x000000a614100000)]
  0x000001c723322d30 JavaThread "Unconstrained build operations Thread 22" [_thread_blocked, id=1976, stack(0x000000a614100000,0x000000a614200000)]
  0x000001c72331eea0 JavaThread "Unconstrained build operations Thread 23" [_thread_blocked, id=8076, stack(0x000000a614200000,0x000000a614300000)]
  0x000001c723320b80 JavaThread "Unconstrained build operations Thread 24" [_thread_blocked, id=3124, stack(0x000000a614300000,0x000000a614400000)]
  0x000001c72331f370 JavaThread "Unconstrained build operations Thread 25" [_thread_blocked, id=1756, stack(0x000000a614400000,0x000000a614500000)]
  0x000001c723321050 JavaThread "Unconstrained build operations Thread 26" [_thread_blocked, id=1144, stack(0x000000a614500000,0x000000a614600000)]
  0x000001c723321ec0 JavaThread "Unconstrained build operations Thread 27" [_thread_blocked, id=8472, stack(0x000000a614600000,0x000000a614700000)]
  0x000001c72331fd10 JavaThread "Unconstrained build operations Thread 28" [_thread_blocked, id=13952, stack(0x000000a614700000,0x000000a614800000)]
  0x000001c7233206b0 JavaThread "Unconstrained build operations Thread 29" [_thread_blocked, id=7372, stack(0x000000a614800000,0x000000a614900000)]
  0x000001c72256bab0 JavaThread "Unconstrained build operations Thread 30" [_thread_blocked, id=13140, stack(0x000000a614900000,0x000000a614a00000)]
  0x000001c7225668e0 JavaThread "Unconstrained build operations Thread 31" [_thread_blocked, id=14796, stack(0x000000a614a00000,0x000000a614b00000)]
  0x000001c722567280 JavaThread "Unconstrained build operations Thread 32" [_thread_blocked, id=13976, stack(0x000000a614b00000,0x000000a614c00000)]
  0x000001c722566db0 JavaThread "Unconstrained build operations Thread 33" [_thread_blocked, id=6460, stack(0x000000a614c00000,0x000000a614d00000)]
  0x000001c722566410 JavaThread "Unconstrained build operations Thread 34" [_thread_blocked, id=15216, stack(0x000000a614d00000,0x000000a614e00000)]
  0x000001c72256c450 JavaThread "Unconstrained build operations Thread 35" [_thread_blocked, id=12168, stack(0x000000a614e00000,0x000000a614f00000)]
  0x000001c7225655a0 JavaThread "Unconstrained build operations Thread 36" [_thread_blocked, id=12600, stack(0x000000a614f00000,0x000000a615000000)]
  0x000001c7225650d0 JavaThread "Unconstrained build operations Thread 37" [_thread_blocked, id=12728, stack(0x000000a615000000,0x000000a615100000)]
  0x000001c72256bf80 JavaThread "Unconstrained build operations Thread 38" [_thread_blocked, id=13964, stack(0x000000a615100000,0x000000a615200000)]
  0x000001c72256ac40 JavaThread "Unconstrained build operations Thread 39" [_thread_blocked, id=14092, stack(0x000000a615200000,0x000000a615300000)]
  0x000001c72256b110 JavaThread "Unconstrained build operations Thread 40" [_thread_blocked, id=13984, stack(0x000000a615300000,0x000000a615400000)]
  0x000001c722567c20 JavaThread "Unconstrained build operations Thread 41" [_thread_blocked, id=6360, stack(0x000000a615400000,0x000000a615500000)]
  0x000001c72256b5e0 JavaThread "Unconstrained build operations Thread 42" [_thread_blocked, id=2772, stack(0x000000a615500000,0x000000a615600000)]
  0x000001c722565a70 JavaThread "Unconstrained build operations Thread 43" [_thread_blocked, id=15512, stack(0x000000a615600000,0x000000a615700000)]
  0x000001c722567750 JavaThread "Unconstrained build operations Thread 44" [_thread_blocked, id=16108, stack(0x000000a615700000,0x000000a615800000)]
  0x000001c722569430 JavaThread "Unconstrained build operations Thread 45" [_thread_blocked, id=11260, stack(0x000000a615800000,0x000000a615900000)]
  0x000001c7225680f0 JavaThread "Unconstrained build operations Thread 46" [_thread_blocked, id=15444, stack(0x000000a615900000,0x000000a615a00000)]
  0x000001c72256c920 JavaThread "Unconstrained build operations Thread 47" [_thread_blocked, id=4208, stack(0x000000a615a00000,0x000000a615b00000)]
  0x000001c722565f40 JavaThread "Unconstrained build operations Thread 48" [_thread_blocked, id=1280, stack(0x000000a615b00000,0x000000a615c00000)]
  0x000001c7225685c0 JavaThread "Unconstrained build operations Thread 49" [_thread_blocked, id=1584, stack(0x000000a615c00000,0x000000a615d00000)]
  0x000001c722568a90 JavaThread "Unconstrained build operations Thread 50" [_thread_blocked, id=14520, stack(0x000000a615d00000,0x000000a615e00000)]
  0x000001c722568f60 JavaThread "Unconstrained build operations Thread 51" [_thread_blocked, id=2940, stack(0x000000a615e00000,0x000000a615f00000)]
  0x000001c722569900 JavaThread "Unconstrained build operations Thread 52" [_thread_blocked, id=14476, stack(0x000000a615f00000,0x000000a616000000)]
  0x000001c722569dd0 JavaThread "Unconstrained build operations Thread 53" [_thread_blocked, id=15756, stack(0x000000a616000000,0x000000a616100000)]
  0x000001c72256a2a0 JavaThread "Unconstrained build operations Thread 54" [_thread_blocked, id=13736, stack(0x000000a616100000,0x000000a616200000)]
  0x000001c72256a770 JavaThread "Unconstrained build operations Thread 55" [_thread_blocked, id=9124, stack(0x000000a616200000,0x000000a616300000)]
  0x000001c72349d2b0 JavaThread "Unconstrained build operations Thread 56" [_thread_blocked, id=11564, stack(0x000000a616300000,0x000000a616400000)]
  0x000001c7234998f0 JavaThread "Unconstrained build operations Thread 57" [_thread_blocked, id=9824, stack(0x000000a616400000,0x000000a616500000)]
  0x000001c72349bf70 JavaThread "Unconstrained build operations Thread 58" [_thread_blocked, id=13920, stack(0x000000a616500000,0x000000a616600000)]
  0x000001c72349a290 JavaThread "Unconstrained build operations Thread 59" [_thread_blocked, id=14236, stack(0x000000a616600000,0x000000a616700000)]
  0x000001c72349c440 JavaThread "Unconstrained build operations Thread 60" [_thread_blocked, id=13244, stack(0x000000a616700000,0x000000a616800000)]
  0x000001c72349b100 JavaThread "Unconstrained build operations Thread 61" [_thread_blocked, id=13988, stack(0x000000a616800000,0x000000a616900000)]
  0x000001c7234985b0 JavaThread "Unconstrained build operations Thread 62" [_thread_blocked, id=10528, stack(0x000000a616900000,0x000000a616a00000)]
  0x000001c72349f930 JavaThread "Unconstrained build operations Thread 63" [_thread_blocked, id=12688, stack(0x000000a616a00000,0x000000a616b00000)]
  0x000001c72349cde0 JavaThread "Unconstrained build operations Thread 64" [_thread_blocked, id=10320, stack(0x000000a616b00000,0x000000a616c00000)]
  0x000001c72349a760 JavaThread "Unconstrained build operations Thread 65" [_thread_blocked, id=9312, stack(0x000000a616c00000,0x000000a616d00000)]
  0x000001c72349b5d0 JavaThread "Unconstrained build operations Thread 66" [_thread_blocked, id=6824, stack(0x000000a616d00000,0x000000a616e00000)]
  0x000001c72349ef90 JavaThread "Unconstrained build operations Thread 67" [_thread_blocked, id=4156, stack(0x000000a616e00000,0x000000a616f00000)]
  0x000001c72349eac0 JavaThread "Unconstrained build operations Thread 68" [_thread_blocked, id=14580, stack(0x000000a616f00000,0x000000a617000000)]
  0x000001c723498f50 JavaThread "Unconstrained build operations Thread 69" [_thread_blocked, id=9644, stack(0x000000a617000000,0x000000a617100000)]
  0x000001c723499dc0 JavaThread "Unconstrained build operations Thread 70" [_thread_blocked, id=7924, stack(0x000000a617100000,0x000000a617200000)]
  0x000001c72349ac30 JavaThread "Unconstrained build operations Thread 71" [_thread_blocked, id=6228, stack(0x000000a617200000,0x000000a617300000)]
  0x000001c72349baa0 JavaThread "Unconstrained build operations Thread 72" [_thread_blocked, id=7592, stack(0x000000a617300000,0x000000a617400000)]
  0x000001c72349fe00 JavaThread "Unconstrained build operations Thread 73" [_thread_blocked, id=15088, stack(0x000000a617400000,0x000000a617500000)]
  0x000001c72349d780 JavaThread "Unconstrained build operations Thread 74" [_thread_blocked, id=16172, stack(0x000000a617500000,0x000000a617600000)]
  0x000001c72349c910 JavaThread "Unconstrained build operations Thread 75" [_thread_blocked, id=15128, stack(0x000000a617600000,0x000000a617700000)]
  0x000001c72349f460 JavaThread "Unconstrained build operations Thread 76" [_thread_blocked, id=4964, stack(0x000000a617700000,0x000000a617800000)]
  0x000001c72349dc50 JavaThread "Unconstrained build operations Thread 77" [_thread_blocked, id=13696, stack(0x000000a617800000,0x000000a617900000)]
  0x000001c72349e120 JavaThread "Unconstrained build operations Thread 78" [_thread_blocked, id=12412, stack(0x000000a617900000,0x000000a617a00000)]
  0x000001c72349e5f0 JavaThread "Unconstrained build operations Thread 79" [_thread_blocked, id=1852, stack(0x000000a617a00000,0x000000a617b00000)]
  0x000001c723498a80 JavaThread "Unconstrained build operations Thread 80" [_thread_blocked, id=16048, stack(0x000000a617b00000,0x000000a617c00000)]
  0x000001c723499420 JavaThread "Memory manager" [_thread_blocked, id=9804, stack(0x000000a610200000,0x000000a610300000)]

Other Threads:
=>0x000001c71be3b180 VMThread "VM Thread" [stack: 0x000000a60f400000,0x000000a60f500000] [id=16324]
  0x000001c7020696b0 WatcherThread [stack: 0x000000a610000000,0x000000a610100000] [id=12872]
  0x000001c702042c50 GCTaskThread "GC Thread#0" [stack: 0x000000a60ef00000,0x000000a60f000000] [id=5340]
  0x000001c71d8ee830 GCTaskThread "GC Thread#1" [stack: 0x000000a610300000,0x000000a610400000] [id=15428]
  0x000001c71d8eeae0 GCTaskThread "GC Thread#2" [stack: 0x000000a610400000,0x000000a610500000] [id=12120]
  0x000001c71d7ed850 GCTaskThread "GC Thread#3" [stack: 0x000000a610500000,0x000000a610600000] [id=14376]
  0x000001c71dcfcce0 GCTaskThread "GC Thread#4" [stack: 0x000000a610600000,0x000000a610700000] [id=3644]
  0x000001c71fa92530 GCTaskThread "GC Thread#5" [stack: 0x000000a611100000,0x000000a611200000] [id=7600]
  0x000001c71fc77880 GCTaskThread "GC Thread#6" [stack: 0x000000a611200000,0x000000a611300000] [id=14808]
  0x000001c71fc5b8f0 GCTaskThread "GC Thread#7" [stack: 0x000000a611300000,0x000000a611400000] [id=15152]
  0x000001c702053da0 ConcurrentGCThread "G1 Main Marker" [stack: 0x000000a60f000000,0x000000a60f100000] [id=16236]
  0x000001c702054f50 ConcurrentGCThread "G1 Conc#0" [stack: 0x000000a60f100000,0x000000a60f200000] [id=6396]
  0x000001c71ed28030 ConcurrentGCThread "G1 Conc#1" [stack: 0x000000a611400000,0x000000a611500000] [id=13572]
  0x000001c71bc924d0 ConcurrentGCThread "G1 Refine#0" [stack: 0x000000a60f200000,0x000000a60f300000] [id=13680]
  0x000001c720197140 ConcurrentGCThread "G1 Refine#1" [stack: 0x000000a612200000,0x000000a612300000] [id=14572]
  0x000001c71bc92ef0 ConcurrentGCThread "G1 Service" [stack: 0x000000a60f300000,0x000000a60f400000] [id=296]

Threads with active compile tasks:
C2 CompilerThread0     6142 7919       4       org.gradle.cache.internal.btree.FreeListBlockStore::read (12 bytes)
C2 CompilerThread1     6142 7918       4       org.gradle.cache.internal.btree.CachingBlockStore::read (56 bytes)

VM state: at safepoint (normal execution)

VM Mutex/Monitor currently owned by a thread:  ([mutex/lock_event])
[0x000001c701fdccb0] Threads_lock - owner thread: 0x000001c71be3b180
[0x000001c701fdcd40] Heap_lock - owner thread: 0x000001c71d337410

Heap address: 0x0000000080000000, size: 2048 MB, Compressed Oops mode: 32-bit

CDS archive(s) not mapped
Compressed class space mapped at: 0x0000000100000000-0x0000000140000000, reserved size: 1073741824
Narrow klass base: 0x0000000000000000, Narrow klass shift: 3, Narrow klass range: 0x140000000

GC Precious Log:
 CPUs: 8 total, 8 available
 Memory: 7991M
 Large Page Support: Disabled
 NUMA Support: Disabled
 Compressed Oops: Enabled (32-bit)
 Heap Region Size: 1M
 Heap Min Capacity: 8M
 Heap Initial Capacity: 126M
 Heap Max Capacity: 2G
 Pre-touch: Disabled
 Parallel Workers: 8
 Concurrent Workers: 2
 Concurrent Refinement Workers: 8
 Periodic GC: Disabled

Heap:
 garbage-first heap   total 174080K, used 106144K [0x0000000080000000, 0x0000000100000000)
  region size 1024K, 5 young (5120K), 5 survivors (5120K)
 Metaspace       used 78999K, committed 79680K, reserved 1122304K
  class space    used 10509K, committed 10816K, reserved 1048576K

Heap Regions: E=young(eden), S=young(survivor), O=old, HS=humongous(starts), HC=humongous(continues), CS=collection set, F=free, OA=open archive, CA=closed archive, TAMS=top-at-mark-start (previous, next)
|   0|0x0000000080000000, 0x0000000080100000, 0x0000000080100000|100%|HS|  |TAMS 0x0000000080100000, 0x0000000080100000| Complete 
|   1|0x0000000080100000, 0x0000000080200000, 0x0000000080200000|100%|HC|  |TAMS 0x0000000080200000, 0x0000000080200000| Complete 
|   2|0x0000000080200000, 0x0000000080300000, 0x0000000080300000|100%|HC|  |TAMS 0x0000000080300000, 0x0000000080300000| Complete 
|   3|0x0000000080300000, 0x0000000080400000, 0x0000000080400000|100%|HC|  |TAMS 0x0000000080400000, 0x0000000080400000| Complete 
|   4|0x0000000080400000, 0x0000000080500000, 0x0000000080500000|100%| O|  |TAMS 0x0000000080500000, 0x0000000080500000| Untracked 
|   5|0x0000000080500000, 0x0000000080600000, 0x0000000080600000|100%| O|  |TAMS 0x0000000080600000, 0x0000000080600000| Untracked 
|   6|0x0000000080600000, 0x0000000080700000, 0x0000000080700000|100%| O|  |TAMS 0x0000000080700000, 0x0000000080700000| Untracked 
|   7|0x0000000080700000, 0x0000000080800000, 0x0000000080800000|100%| O|  |TAMS 0x0000000080800000, 0x0000000080800000| Untracked 
|   8|0x0000000080800000, 0x0000000080900000, 0x0000000080900000|100%| O|  |TAMS 0x0000000080900000, 0x0000000080900000| Untracked 
|   9|0x0000000080900000, 0x0000000080a00000, 0x0000000080a00000|100%| O|  |TAMS 0x0000000080a00000, 0x0000000080a00000| Untracked 
|  10|0x0000000080a00000, 0x0000000080b00000, 0x0000000080b00000|100%| O|  |TAMS 0x0000000080b00000, 0x0000000080b00000| Untracked 
|  11|0x0000000080b00000, 0x0000000080c00000, 0x0000000080c00000|100%| O|  |TAMS 0x0000000080b00000, 0x0000000080c00000| Untracked 
|  12|0x0000000080c00000, 0x0000000080d00000, 0x0000000080d00000|100%| O|  |TAMS 0x0000000080d00000, 0x0000000080d00000| Untracked 
|  13|0x0000000080d00000, 0x0000000080e00000, 0x0000000080e00000|100%| O|  |TAMS 0x0000000080e00000, 0x0000000080e00000| Untracked 
|  14|0x0000000080e00000, 0x0000000080f00000, 0x0000000080f00000|100%| O|  |TAMS 0x0000000080f00000, 0x0000000080f00000| Untracked 
|  15|0x0000000080f00000, 0x0000000081000000, 0x0000000081000000|100%| O|  |TAMS 0x0000000081000000, 0x0000000081000000| Untracked 
|  16|0x0000000081000000, 0x0000000081100000, 0x0000000081100000|100%| O|  |TAMS 0x0000000081100000, 0x0000000081100000| Untracked 
|  17|0x0000000081100000, 0x0000000081200000, 0x0000000081200000|100%| O|  |TAMS 0x0000000081200000, 0x0000000081200000| Untracked 
|  18|0x0000000081200000, 0x0000000081300000, 0x0000000081300000|100%| O|  |TAMS 0x0000000081300000, 0x0000000081300000| Untracked 
|  19|0x0000000081300000, 0x0000000081400000, 0x0000000081400000|100%|HS|  |TAMS 0x0000000081400000, 0x0000000081400000| Complete 
|  20|0x0000000081400000, 0x0000000081500000, 0x0000000081500000|100%|HC|  |TAMS 0x0000000081500000, 0x0000000081500000| Complete 
|  21|0x0000000081500000, 0x0000000081600000, 0x0000000081600000|100%|HS|  |TAMS 0x0000000081600000, 0x0000000081600000| Complete 
|  22|0x0000000081600000, 0x0000000081700000, 0x0000000081700000|100%|HC|  |TAMS 0x0000000081700000, 0x0000000081700000| Complete 
|  23|0x0000000081700000, 0x0000000081800000, 0x0000000081800000|100%|HC|  |TAMS 0x0000000081800000, 0x0000000081800000| Complete 
|  24|0x0000000081800000, 0x0000000081900000, 0x0000000081900000|100%| O|  |TAMS 0x0000000081900000, 0x0000000081900000| Untracked 
|  25|0x0000000081900000, 0x0000000081a00000, 0x0000000081a00000|100%| O|  |TAMS 0x0000000081a00000, 0x0000000081a00000| Untracked 
|  26|0x0000000081a00000, 0x0000000081b00000, 0x0000000081b00000|100%| O|  |TAMS 0x0000000081b00000, 0x0000000081b00000| Untracked 
|  27|0x0000000081b00000, 0x0000000081c00000, 0x0000000081c00000|100%|HS|  |TAMS 0x0000000081c00000, 0x0000000081c00000| Complete 
|  28|0x0000000081c00000, 0x0000000081d00000, 0x0000000081d00000|100%|HC|  |TAMS 0x0000000081d00000, 0x0000000081d00000| Complete 
|  29|0x0000000081d00000, 0x0000000081e00000, 0x0000000081e00000|100%|HC|  |TAMS 0x0000000081e00000, 0x0000000081e00000| Complete 
|  30|0x0000000081e00000, 0x0000000081f00000, 0x0000000081f00000|100%| O|  |TAMS 0x0000000081f00000, 0x0000000081f00000| Untracked 
|  31|0x0000000081f00000, 0x0000000082000000, 0x0000000082000000|100%| O|  |TAMS 0x0000000082000000, 0x0000000082000000| Untracked 
|  32|0x0000000082000000, 0x0000000082100000, 0x0000000082100000|100%| O|  |TAMS 0x0000000082100000, 0x0000000082100000| Untracked 
|  33|0x0000000082100000, 0x0000000082200000, 0x0000000082200000|100%|HS|  |TAMS 0x0000000082200000, 0x0000000082200000| Complete 
|  34|0x0000000082200000, 0x0000000082300000, 0x0000000082300000|100%|HC|  |TAMS 0x0000000082300000, 0x0000000082300000| Complete 
|  35|0x0000000082300000, 0x0000000082400000, 0x0000000082400000|100%| O|  |TAMS 0x0000000082400000, 0x0000000082400000| Untracked 
|  36|0x0000000082400000, 0x0000000082500000, 0x0000000082500000|100%| O|  |TAMS 0x0000000082500000, 0x0000000082500000| Untracked 
|  37|0x0000000082500000, 0x0000000082600000, 0x0000000082600000|100%| O|  |TAMS 0x0000000082600000, 0x0000000082600000| Untracked 
|  38|0x0000000082600000, 0x0000000082600000, 0x0000000082700000|  0%| F|  |TAMS 0x0000000082600000, 0x0000000082600000| Untracked 
|  39|0x0000000082700000, 0x0000000082800000, 0x0000000082800000|100%| O|  |TAMS 0x0000000082800000, 0x0000000082800000| Untracked 
|  40|0x0000000082800000, 0x0000000082900000, 0x0000000082900000|100%| O|  |TAMS 0x0000000082900000, 0x0000000082900000| Untracked 
|  41|0x0000000082900000, 0x0000000082a00000, 0x0000000082a00000|100%| O|  |TAMS 0x0000000082a00000, 0x0000000082a00000| Untracked 
|  42|0x0000000082a00000, 0x0000000082b00000, 0x0000000082b00000|100%| O|  |TAMS 0x0000000082b00000, 0x0000000082b00000| Untracked 
|  43|0x0000000082b00000, 0x0000000082c00000, 0x0000000082c00000|100%| O|  |TAMS 0x0000000082c00000, 0x0000000082c00000| Untracked 
|  44|0x0000000082c00000, 0x0000000082d00000, 0x0000000082d00000|100%| O|  |TAMS 0x0000000082d00000, 0x0000000082d00000| Untracked 
|  45|0x0000000082d00000, 0x0000000082e00000, 0x0000000082e00000|100%| O|  |TAMS 0x0000000082e00000, 0x0000000082e00000| Untracked 
|  46|0x0000000082e00000, 0x0000000082f00000, 0x0000000082f00000|100%|HS|  |TAMS 0x0000000082f00000, 0x0000000082f00000| Complete 
|  47|0x0000000082f00000, 0x0000000083000000, 0x0000000083000000|100%|HC|  |TAMS 0x0000000083000000, 0x0000000083000000| Complete 
|  48|0x0000000083000000, 0x0000000083100000, 0x0000000083100000|100%|HC|  |TAMS 0x0000000083100000, 0x0000000083100000| Complete 
|  49|0x0000000083100000, 0x0000000083200000, 0x0000000083200000|100%|HC|  |TAMS 0x0000000083200000, 0x0000000083200000| Complete 
|  50|0x0000000083200000, 0x0000000083300000, 0x0000000083300000|100%|HC|  |TAMS 0x0000000083300000, 0x0000000083300000| Complete 
|  51|0x0000000083300000, 0x0000000083400000, 0x0000000083400000|100%|HC|  |TAMS 0x0000000083400000, 0x0000000083400000| Complete 
|  52|0x0000000083400000, 0x0000000083500000, 0x0000000083500000|100%|HC|  |TAMS 0x0000000083500000, 0x0000000083500000| Complete 
|  53|0x0000000083500000, 0x0000000083600000, 0x0000000083600000|100%|HC|  |TAMS 0x0000000083600000, 0x0000000083600000| Complete 
|  54|0x0000000083600000, 0x0000000083700000, 0x0000000083700000|100%|HC|  |TAMS 0x0000000083700000, 0x0000000083700000| Complete 
|  55|0x0000000083700000, 0x0000000083800000, 0x0000000083800000|100%|HC|  |TAMS 0x0000000083800000, 0x0000000083800000| Complete 
|  56|0x0000000083800000, 0x0000000083900000, 0x0000000083900000|100%|HC|  |TAMS 0x0000000083900000, 0x0000000083900000| Complete 
|  57|0x0000000083900000, 0x0000000083a00000, 0x0000000083a00000|100%|HC|  |TAMS 0x0000000083a00000, 0x0000000083a00000| Complete 
|  58|0x0000000083a00000, 0x0000000083b00000, 0x0000000083b00000|100%|HS|  |TAMS 0x0000000083b00000, 0x0000000083b00000| Complete 
|  59|0x0000000083b00000, 0x0000000083c00000, 0x0000000083c00000|100%|HC|  |TAMS 0x0000000083c00000, 0x0000000083c00000| Complete 
|  60|0x0000000083c00000, 0x0000000083d00000, 0x0000000083d00000|100%|HC|  |TAMS 0x0000000083d00000, 0x0000000083d00000| Complete 
|  61|0x0000000083d00000, 0x0000000083e00000, 0x0000000083e00000|100%|HS|  |TAMS 0x0000000083e00000, 0x0000000083e00000| Complete 
|  62|0x0000000083e00000, 0x0000000083f00000, 0x0000000083f00000|100%|HC|  |TAMS 0x0000000083f00000, 0x0000000083f00000| Complete 
|  63|0x0000000083f00000, 0x0000000084000000, 0x0000000084000000|100%|HC|  |TAMS 0x0000000084000000, 0x0000000084000000| Complete 
|  64|0x0000000084000000, 0x0000000084100000, 0x0000000084100000|100%| O|  |TAMS 0x0000000084100000, 0x0000000084100000| Untracked 
|  65|0x0000000084100000, 0x0000000084200000, 0x0000000084200000|100%| O|  |TAMS 0x0000000084200000, 0x0000000084200000| Untracked 
|  66|0x0000000084200000, 0x0000000084300000, 0x0000000084300000|100%| O|  |TAMS 0x0000000084300000, 0x0000000084300000| Untracked 
|  67|0x0000000084300000, 0x0000000084400000, 0x0000000084400000|100%| O|  |TAMS 0x0000000084400000, 0x0000000084400000| Untracked 
|  68|0x0000000084400000, 0x0000000084500000, 0x0000000084500000|100%| O|  |TAMS 0x0000000084500000, 0x0000000084500000| Untracked 
|  69|0x0000000084500000, 0x0000000084600000, 0x0000000084600000|100%| O|  |TAMS 0x0000000084600000, 0x0000000084600000| Untracked 
|  70|0x0000000084600000, 0x0000000084700000, 0x0000000084700000|100%| O|  |TAMS 0x0000000084700000, 0x0000000084700000| Untracked 
|  71|0x0000000084700000, 0x0000000084800000, 0x0000000084800000|100%| O|  |TAMS 0x0000000084800000, 0x0000000084800000| Untracked 
|  72|0x0000000084800000, 0x0000000084900000, 0x0000000084900000|100%| O|  |TAMS 0x0000000084900000, 0x0000000084900000| Untracked 
|  73|0x0000000084900000, 0x0000000084a00000, 0x0000000084a00000|100%| O|  |TAMS 0x0000000084a00000, 0x0000000084a00000| Untracked 
|  74|0x0000000084a00000, 0x0000000084b00000, 0x0000000084b00000|100%|HS|  |TAMS 0x0000000084b00000, 0x0000000084b00000| Complete 
|  75|0x0000000084b00000, 0x0000000084c00000, 0x0000000084c00000|100%|HS|  |TAMS 0x0000000084c00000, 0x0000000084c00000| Complete 
|  76|0x0000000084c00000, 0x0000000084d00000, 0x0000000084d00000|100%|HS|  |TAMS 0x0000000084d00000, 0x0000000084d00000| Complete 
|  77|0x0000000084d00000, 0x0000000084e00000, 0x0000000084e00000|100%|HC|  |TAMS 0x0000000084e00000, 0x0000000084e00000| Complete 
|  78|0x0000000084e00000, 0x0000000084f00000, 0x0000000084f00000|100%|HS|  |TAMS 0x0000000084f00000, 0x0000000084f00000| Complete 
|  79|0x0000000084f00000, 0x0000000085000000, 0x0000000085000000|100%|HS|  |TAMS 0x0000000085000000, 0x0000000085000000| Complete 
|  80|0x0000000085000000, 0x0000000085100000, 0x0000000085100000|100%|HC|  |TAMS 0x0000000085100000, 0x0000000085100000| Complete 
|  81|0x0000000085100000, 0x0000000085200000, 0x0000000085200000|100%|HC|  |TAMS 0x0000000085200000, 0x0000000085200000| Complete 
|  82|0x0000000085200000, 0x0000000085300000, 0x0000000085300000|100%|HC|  |TAMS 0x0000000085300000, 0x0000000085300000| Complete 
|  83|0x0000000085300000, 0x0000000085400000, 0x0000000085400000|100%| O|  |TAMS 0x0000000085400000, 0x0000000085400000| Untracked 
|  84|0x0000000085400000, 0x0000000085500000, 0x0000000085500000|100%| O|  |TAMS 0x0000000085500000, 0x0000000085500000| Untracked 
|  85|0x0000000085500000, 0x0000000085600000, 0x0000000085600000|100%| O|  |TAMS 0x0000000085600000, 0x0000000085600000| Untracked 
|  86|0x0000000085600000, 0x0000000085700000, 0x0000000085700000|100%| O|  |TAMS 0x0000000085700000, 0x0000000085700000| Untracked 
|  87|0x0000000085700000, 0x0000000085800000, 0x0000000085800000|100%| O|  |TAMS 0x0000000085800000, 0x0000000085800000| Untracked 
|  88|0x0000000085800000, 0x0000000085900000, 0x0000000085900000|100%| O|  |TAMS 0x0000000085900000, 0x0000000085900000| Untracked 
|  89|0x0000000085900000, 0x0000000085a00000, 0x0000000085a00000|100%| O|  |TAMS 0x0000000085a00000, 0x0000000085a00000| Untracked 
|  90|0x0000000085a00000, 0x0000000085b00000, 0x0000000085b00000|100%| O|  |TAMS 0x0000000085b00000, 0x0000000085b00000| Untracked 
|  91|0x0000000085b00000, 0x0000000085c00000, 0x0000000085c00000|100%| O|  |TAMS 0x0000000085c00000, 0x0000000085c00000| Untracked 
|  92|0x0000000085c00000, 0x0000000085d00000, 0x0000000085d00000|100%| O|  |TAMS 0x0000000085d00000, 0x0000000085d00000| Untracked 
|  93|0x0000000085d00000, 0x0000000085e00000, 0x0000000085e00000|100%| O|  |TAMS 0x0000000085e00000, 0x0000000085e00000| Untracked 
|  94|0x0000000085e00000, 0x0000000085f00000, 0x0000000085f00000|100%| O|  |TAMS 0x0000000085f00000, 0x0000000085f00000| Untracked 
|  95|0x0000000085f00000, 0x0000000086000000, 0x0000000086000000|100%| O|  |TAMS 0x0000000085f8ee00, 0x0000000086000000| Untracked 
|  96|0x0000000086000000, 0x0000000086100000, 0x0000000086100000|100%| O|  |TAMS 0x0000000086000000, 0x0000000086100000| Untracked 
|  97|0x0000000086100000, 0x0000000086200000, 0x0000000086200000|100%| O|  |TAMS 0x0000000086200000, 0x0000000086200000| Untracked 
|  98|0x0000000086200000, 0x0000000086300000, 0x0000000086300000|100%| O|  |TAMS 0x0000000086200000, 0x0000000086300000| Untracked 
|  99|0x0000000086300000, 0x0000000086400000, 0x0000000086400000|100%| O|  |TAMS 0x0000000086300000, 0x0000000086400000| Untracked 
| 100|0x0000000086400000, 0x0000000086416a00, 0x0000000086500000|  8%| O|  |TAMS 0x0000000086400000, 0x0000000086416a00| Untracked 
| 101|0x0000000086500000, 0x0000000086500000, 0x0000000086600000|  0%| F|  |TAMS 0x0000000086500000, 0x0000000086500000| Untracked 
| 102|0x0000000086600000, 0x0000000086600000, 0x0000000086700000|  0%| F|  |TAMS 0x0000000086600000, 0x0000000086600000| Untracked 
| 103|0x0000000086700000, 0x0000000086700000, 0x0000000086800000|  0%| F|  |TAMS 0x0000000086700000, 0x0000000086700000| Untracked 
| 104|0x0000000086800000, 0x0000000086800000, 0x0000000086900000|  0%| F|  |TAMS 0x0000000086800000, 0x0000000086800000| Untracked 
| 105|0x0000000086900000, 0x0000000086900000, 0x0000000086a00000|  0%| F|  |TAMS 0x0000000086900000, 0x0000000086900000| Untracked 
| 106|0x0000000086a00000, 0x0000000086a00000, 0x0000000086b00000|  0%| F|  |TAMS 0x0000000086a00000, 0x0000000086a00000| Untracked 
| 107|0x0000000086b00000, 0x0000000086b00000, 0x0000000086c00000|  0%| F|  |TAMS 0x0000000086b00000, 0x0000000086b00000| Untracked 
| 108|0x0000000086c00000, 0x0000000086c00000, 0x0000000086d00000|  0%| F|  |TAMS 0x0000000086c00000, 0x0000000086c00000| Untracked 
| 109|0x0000000086d00000, 0x0000000086d00000, 0x0000000086e00000|  0%| F|  |TAMS 0x0000000086d00000, 0x0000000086d00000| Untracked 
| 110|0x0000000086e00000, 0x0000000086e00000, 0x0000000086f00000|  0%| F|  |TAMS 0x0000000086e00000, 0x0000000086e00000| Untracked 
| 111|0x0000000086f00000, 0x0000000086f00000, 0x0000000087000000|  0%| F|  |TAMS 0x0000000086f00000, 0x0000000086f00000| Untracked 
| 112|0x0000000087000000, 0x0000000087000000, 0x0000000087100000|  0%| F|  |TAMS 0x0000000087000000, 0x0000000087000000| Untracked 
| 113|0x0000000087100000, 0x0000000087100000, 0x0000000087200000|  0%| F|  |TAMS 0x0000000087100000, 0x0000000087100000| Untracked 
| 114|0x0000000087200000, 0x0000000087200000, 0x0000000087300000|  0%| F|  |TAMS 0x0000000087200000, 0x0000000087200000| Untracked 
| 115|0x0000000087300000, 0x0000000087300000, 0x0000000087400000|  0%| F|  |TAMS 0x0000000087300000, 0x0000000087300000| Untracked 
| 116|0x0000000087400000, 0x0000000087400000, 0x0000000087500000|  0%| F|  |TAMS 0x0000000087400000, 0x0000000087400000| Untracked 
| 117|0x0000000087500000, 0x0000000087500000, 0x0000000087600000|  0%| F|  |TAMS 0x0000000087500000, 0x0000000087500000| Untracked 
| 118|0x0000000087600000, 0x0000000087600000, 0x0000000087700000|  0%| F|  |TAMS 0x0000000087600000, 0x0000000087600000| Untracked 
| 119|0x0000000087700000, 0x0000000087700000, 0x0000000087800000|  0%| F|  |TAMS 0x0000000087700000, 0x0000000087700000| Untracked 
| 120|0x0000000087800000, 0x0000000087800000, 0x0000000087900000|  0%| F|  |TAMS 0x0000000087800000, 0x0000000087800000| Untracked 
| 121|0x0000000087900000, 0x0000000087900000, 0x0000000087a00000|  0%| F|  |TAMS 0x0000000087900000, 0x0000000087900000| Untracked 
| 122|0x0000000087a00000, 0x0000000087a00000, 0x0000000087b00000|  0%| F|  |TAMS 0x0000000087a00000, 0x0000000087a00000| Untracked 
| 123|0x0000000087b00000, 0x0000000087b00000, 0x0000000087c00000|  0%| F|  |TAMS 0x0000000087b00000, 0x0000000087b00000| Untracked 
| 124|0x0000000087c00000, 0x0000000087c00000, 0x0000000087d00000|  0%| F|  |TAMS 0x0000000087c00000, 0x0000000087c00000| Untracked 
| 125|0x0000000087d00000, 0x0000000087d00000, 0x0000000087e00000|  0%| F|  |TAMS 0x0000000087d00000, 0x0000000087d00000| Untracked 
| 126|0x0000000087e00000, 0x0000000087e00000, 0x0000000087f00000|  0%| F|  |TAMS 0x0000000087e00000, 0x0000000087e00000| Untracked 
| 127|0x0000000087f00000, 0x0000000087f91790, 0x0000000088000000| 56%| S|CS|TAMS 0x0000000087f00000, 0x0000000087f00000| Complete 
| 128|0x0000000088000000, 0x0000000088100000, 0x0000000088100000|100%| S|CS|TAMS 0x0000000088000000, 0x0000000088000000| Complete 
| 129|0x0000000088100000, 0x0000000088200000, 0x0000000088200000|100%| S|CS|TAMS 0x0000000088100000, 0x0000000088100000| Complete 
| 130|0x0000000088200000, 0x0000000088300000, 0x0000000088300000|100%| S|CS|TAMS 0x0000000088200000, 0x0000000088200000| Complete 
| 131|0x0000000088300000, 0x0000000088400000, 0x0000000088400000|100%| S|CS|TAMS 0x0000000088300000, 0x0000000088300000| Complete 
| 132|0x0000000088400000, 0x0000000088400000, 0x0000000088500000|  0%| F|  |TAMS 0x0000000088400000, 0x0000000088400000| Untracked 
| 133|0x0000000088500000, 0x0000000088500000, 0x0000000088600000|  0%| F|  |TAMS 0x0000000088500000, 0x0000000088500000| Untracked 
| 134|0x0000000088600000, 0x0000000088600000, 0x0000000088700000|  0%| F|  |TAMS 0x0000000088600000, 0x0000000088600000| Untracked 
| 135|0x0000000088700000, 0x0000000088700000, 0x0000000088800000|  0%| F|  |TAMS 0x0000000088700000, 0x0000000088700000| Untracked 
| 136|0x0000000088800000, 0x0000000088800000, 0x0000000088900000|  0%| F|  |TAMS 0x0000000088800000, 0x0000000088800000| Untracked 
| 137|0x0000000088900000, 0x0000000088900000, 0x0000000088a00000|  0%| F|  |TAMS 0x0000000088900000, 0x0000000088900000| Untracked 
| 138|0x0000000088a00000, 0x0000000088a00000, 0x0000000088b00000|  0%| F|  |TAMS 0x0000000088a00000, 0x0000000088a00000| Untracked 
| 139|0x0000000088b00000, 0x0000000088b00000, 0x0000000088c00000|  0%| F|  |TAMS 0x0000000088b00000, 0x0000000088b00000| Untracked 
| 140|0x0000000088c00000, 0x0000000088c00000, 0x0000000088d00000|  0%| F|  |TAMS 0x0000000088c00000, 0x0000000088c00000| Untracked 
| 141|0x0000000088d00000, 0x0000000088d00000, 0x0000000088e00000|  0%| F|  |TAMS 0x0000000088d00000, 0x0000000088d00000| Untracked 
| 142|0x0000000088e00000, 0x0000000088e00000, 0x0000000088f00000|  0%| F|  |TAMS 0x0000000088e00000, 0x0000000088e00000| Untracked 
| 143|0x0000000088f00000, 0x0000000088f00000, 0x0000000089000000|  0%| F|  |TAMS 0x0000000088f00000, 0x0000000088f00000| Untracked 
| 144|0x0000000089000000, 0x0000000089000000, 0x0000000089100000|  0%| F|  |TAMS 0x0000000089000000, 0x0000000089000000| Untracked 
| 145|0x0000000089100000, 0x0000000089100000, 0x0000000089200000|  0%| F|  |TAMS 0x0000000089100000, 0x0000000089100000| Untracked 
| 146|0x0000000089200000, 0x0000000089200000, 0x0000000089300000|  0%| F|  |TAMS 0x0000000089200000, 0x0000000089200000| Untracked 
| 147|0x0000000089300000, 0x0000000089300000, 0x0000000089400000|  0%| F|  |TAMS 0x0000000089300000, 0x0000000089300000| Untracked 
| 148|0x0000000089400000, 0x0000000089400000, 0x0000000089500000|  0%| F|  |TAMS 0x0000000089400000, 0x0000000089400000| Untracked 
| 149|0x0000000089500000, 0x0000000089500000, 0x0000000089600000|  0%| F|  |TAMS 0x0000000089500000, 0x0000000089500000| Untracked 
| 150|0x0000000089600000, 0x0000000089600000, 0x0000000089700000|  0%| F|  |TAMS 0x0000000089600000, 0x0000000089600000| Untracked 
| 151|0x0000000089700000, 0x0000000089700000, 0x0000000089800000|  0%| F|  |TAMS 0x0000000089700000, 0x0000000089700000| Untracked 
| 152|0x0000000089800000, 0x0000000089800000, 0x0000000089900000|  0%| F|  |TAMS 0x0000000089800000, 0x0000000089800000| Untracked 
| 153|0x0000000089900000, 0x0000000089900000, 0x0000000089a00000|  0%| F|  |TAMS 0x0000000089900000, 0x0000000089900000| Untracked 
| 154|0x0000000089a00000, 0x0000000089a00000, 0x0000000089b00000|  0%| F|  |TAMS 0x0000000089a00000, 0x0000000089a00000| Untracked 
| 155|0x0000000089b00000, 0x0000000089b00000, 0x0000000089c00000|  0%| F|  |TAMS 0x0000000089b00000, 0x0000000089b00000| Untracked 
| 156|0x0000000089c00000, 0x0000000089c00000, 0x0000000089d00000|  0%| F|  |TAMS 0x0000000089c00000, 0x0000000089c00000| Untracked 
| 157|0x0000000089d00000, 0x0000000089d00000, 0x0000000089e00000|  0%| F|  |TAMS 0x0000000089d00000, 0x0000000089d00000| Untracked 
| 158|0x0000000089e00000, 0x0000000089e00000, 0x0000000089f00000|  0%| F|  |TAMS 0x0000000089e00000, 0x0000000089e00000| Untracked 
| 159|0x0000000089f00000, 0x0000000089f00000, 0x000000008a000000|  0%| F|  |TAMS 0x0000000089f00000, 0x0000000089f00000| Untracked 
| 160|0x000000008a000000, 0x000000008a000000, 0x000000008a100000|  0%| F|  |TAMS 0x000000008a000000, 0x000000008a000000| Untracked 
| 161|0x000000008a100000, 0x000000008a100000, 0x000000008a200000|  0%| F|  |TAMS 0x000000008a100000, 0x000000008a100000| Untracked 
| 162|0x000000008a200000, 0x000000008a200000, 0x000000008a300000|  0%| F|  |TAMS 0x000000008a200000, 0x000000008a200000| Untracked 
| 163|0x000000008a300000, 0x000000008a300000, 0x000000008a400000|  0%| F|  |TAMS 0x000000008a300000, 0x000000008a300000| Untracked 
| 164|0x000000008a400000, 0x000000008a400000, 0x000000008a500000|  0%| F|  |TAMS 0x000000008a400000, 0x000000008a400000| Untracked 
| 165|0x000000008a500000, 0x000000008a500000, 0x000000008a600000|  0%| F|  |TAMS 0x000000008a500000, 0x000000008a500000| Untracked 
| 166|0x000000008a600000, 0x000000008a600000, 0x000000008a700000|  0%| F|  |TAMS 0x000000008a600000, 0x000000008a600000| Untracked 
| 167|0x000000008a700000, 0x000000008a700000, 0x000000008a800000|  0%| F|  |TAMS 0x000000008a700000, 0x000000008a700000| Untracked 
| 168|0x000000008a800000, 0x000000008a800000, 0x000000008a900000|  0%| F|  |TAMS 0x000000008a800000, 0x000000008a800000| Untracked 
| 169|0x000000008a900000, 0x000000008a900000, 0x000000008aa00000|  0%| F|  |TAMS 0x000000008a900000, 0x000000008a900000| Untracked 

Card table byte_map: [0x000001c714bd0000,0x000001c714fd0000] _byte_map_base: 0x000001c7147d0000

Marking Bits (Prev, Next): (CMBitMap*) 0x000001c702043260, (CMBitMap*) 0x000001c7020432a0
 Prev Bits: [0x000001c7153d0000, 0x000001c7173d0000)
 Next Bits: [0x000001c7173d0000, 0x000001c7193d0000)

Polling page: 0x000001c7017a0000

Metaspace:

Usage:
  Non-class:     66.88 MB used.
      Class:     10.26 MB used.
       Both:     77.15 MB used.

Virtual space:
  Non-class space:       72.00 MB reserved,      67.25 MB ( 93%) committed,  9 nodes.
      Class space:        1.00 GB reserved,      10.56 MB (  1%) committed,  1 nodes.
             Both:        1.07 GB reserved,      77.81 MB (  7%) committed. 

Chunk freelists:
   Non-Class:  336.00 KB
       Class:  1.26 MB
        Both:  1.59 MB

MaxMetaspaceSize: unlimited
CompressedClassSpaceSize: 1.00 GB
Initial GC threshold: 21.00 MB
Current GC threshold: 119.31 MB
CDS: off
MetaspaceReclaimPolicy: balanced
 - commit_granule_bytes: 65536.
 - commit_granule_words: 8192.
 - virtual_space_node_default_size: 1048576.
 - enlarge_chunks_in_place: 1.
 - new_chunks_are_fully_committed: 0.
 - uncommit_free_chunks: 1.
 - use_allocation_guard: 0.
 - handle_deallocations: 1.


Internal statistics:

num_allocs_failed_limit: 3.
num_arena_births: 836.
num_arena_deaths: 0.
num_vsnodes_births: 10.
num_vsnodes_deaths: 0.
num_space_committed: 1245.
num_space_uncommitted: 0.
num_chunks_returned_to_freelist: 3.
num_chunks_taken_from_freelist: 3609.
num_chunk_merges: 3.
num_chunk_splits: 2414.
num_chunks_enlarged: 1641.
num_purges: 0.
num_inconsistent_stats: 0.

CodeHeap 'non-profiled nmethods': size=120000Kb used=4085Kb max_used=4085Kb free=115914Kb
 bounds [0x000001c70cf70000, 0x000001c70d370000, 0x000001c7144a0000]
CodeHeap 'profiled nmethods': size=120000Kb used=13791Kb max_used=13791Kb free=106208Kb
 bounds [0x000001c7054a0000, 0x000001c706220000, 0x000001c70c9d0000]
CodeHeap 'non-nmethods': size=5760Kb used=2386Kb max_used=2433Kb free=3373Kb
 bounds [0x000001c70c9d0000, 0x000001c70cc40000, 0x000001c70cf70000]
 total_blobs=8067 nmethods=7163 adapters=815
 compilation: enabled
              stopped_count=0, restarted_count=0
 full_count=0

Compilation events (20 events):
Event: 6.093 Thread 0x000001c71c84b310 7909       3       com.google.common.collect.AbstractSequentialIterator::hasNext (13 bytes)
Event: 6.093 Thread 0x000001c71c84b310 nmethod 7909 0x000001c706210a90 code [0x000001c706210c20, 0x000001c706210d98]
Event: 6.093 Thread 0x000001c71c84b310 7910       3       com.google.common.collect.AbstractSequentialIterator::next (31 bytes)
Event: 6.093 Thread 0x000001c71cbf7040 nmethod 7905 0x000001c70d36be90 code [0x000001c70d36c000, 0x000001c70d36c118]
Event: 6.093 Thread 0x000001c71cbf7040 7913       4       com.google.common.collect.MapMakerInternalMap$Segment::getFirst (21 bytes)
Event: 6.093 Thread 0x000001c71c84b310 nmethod 7910 0x000001c706210e10 code [0x000001c706211000, 0x000001c706211598]
Event: 6.093 Thread 0x000001c71c84b310 7911       3       com.google.common.cache.LocalCache$AccessQueue$2::computeNext (9 bytes)
Event: 6.093 Thread 0x000001c71c84b310 nmethod 7911 0x000001c706211790 code [0x000001c706211940, 0x000001c706211ce8]
Event: 6.094 Thread 0x000001c71cbf7040 nmethod 7913 0x000001c70d36c190 code [0x000001c70d36c320, 0x000001c70d36c438]
Event: 6.095 Thread 0x000001c71c84b310 7914   !   3       org.gradle.internal.snapshot.impl.DirectorySnapshotter$PathVisitor::doVisitFile (195 bytes)
Event: 6.096 Thread 0x000001c71c84b310 nmethod 7914 0x000001c706211e10 code [0x000001c706212260, 0x000001c7062145a8]
Event: 6.096 Thread 0x000001c71c84b310 7915       3       org.gradle.internal.snapshot.impl.DirectorySnapshotter$PathVisitor::snapshotFile (142 bytes)
Event: 6.096 Thread 0x000001c71c847510 nmethod 7912 0x000001c70d36c610 code [0x000001c70d36c7e0, 0x000001c70d36cb48]
Event: 6.097 Thread 0x000001c71c84b310 nmethod 7915 0x000001c706215690 code [0x000001c706215a20, 0x000001c706217398]
Event: 6.098 Thread 0x000001c71c847510 7916       4       jdk.internal.misc.Unsafe::putIntRelease (9 bytes)
Event: 6.098 Thread 0x000001c71c847510 nmethod 7916 0x000001c70d36cf90 code [0x000001c70d36d100, 0x000001c70d36d198]
Event: 6.100 Thread 0x000001c71cbf7040 7917       4       com.google.common.cache.LocalCache$Segment::scheduleRefresh (66 bytes)
Event: 6.101 Thread 0x000001c71cbf7040 nmethod 7917 0x000001c70d36d290 code [0x000001c70d36d400, 0x000001c70d36d4d8]
Event: 6.101 Thread 0x000001c71cbf7040 7918       4       org.gradle.cache.internal.btree.CachingBlockStore::read (56 bytes)
Event: 6.101 Thread 0x000001c71c847510 7919       4       org.gradle.cache.internal.btree.FreeListBlockStore::read (12 bytes)

GC Heap History (20 events):
Event: 4.249 GC heap after
{Heap after GC invocations=26 (full 0):
 garbage-first heap   total 123904K, used 75963K [0x0000000080000000, 0x0000000100000000)
  region size 1024K, 4 young (4096K), 4 survivors (4096K)
 Metaspace       used 56157K, committed 56832K, reserved 1105920K
  class space    used 7569K, committed 7872K, reserved 1048576K
}
Event: 4.349 GC heap before
{Heap before GC invocations=27 (full 0):
 garbage-first heap   total 133120K, used 89275K [0x0000000080000000, 0x0000000100000000)
  region size 1024K, 19 young (19456K), 4 survivors (4096K)
 Metaspace       used 56410K, committed 57024K, reserved 1105920K
  class space    used 7593K, committed 7872K, reserved 1048576K
}
Event: 4.352 GC heap after
{Heap after GC invocations=28 (full 0):
 garbage-first heap   total 133120K, used 77672K [0x0000000080000000, 0x0000000100000000)
  region size 1024K, 3 young (3072K), 3 survivors (3072K)
 Metaspace       used 56410K, committed 57024K, reserved 1105920K
  class space    used 7593K, committed 7872K, reserved 1048576K
}
Event: 4.626 GC heap before
{Heap before GC invocations=29 (full 0):
 garbage-first heap   total 137216K, used 115560K [0x0000000080000000, 0x0000000100000000)
  region size 1024K, 31 young (31744K), 3 survivors (3072K)
 Metaspace       used 59118K, committed 59776K, reserved 1105920K
  class space    used 7976K, committed 8256K, reserved 1048576K
}
Event: 4.629 GC heap after
{Heap after GC invocations=30 (full 0):
 garbage-first heap   total 137216K, used 93148K [0x0000000080000000, 0x0000000100000000)
  region size 1024K, 4 young (4096K), 4 survivors (4096K)
 Metaspace       used 59118K, committed 59776K, reserved 1105920K
  class space    used 7976K, committed 8256K, reserved 1048576K
}
Event: 4.644 GC heap before
{Heap before GC invocations=30 (full 0):
 garbage-first heap   total 137216K, used 95196K [0x0000000080000000, 0x0000000100000000)
  region size 1024K, 6 young (6144K), 4 survivors (4096K)
 Metaspace       used 59347K, committed 60032K, reserved 1105920K
  class space    used 8006K, committed 8320K, reserved 1048576K
}
Event: 4.646 GC heap after
{Heap after GC invocations=31 (full 0):
 garbage-first heap   total 164864K, used 92903K [0x0000000080000000, 0x0000000100000000)
  region size 1024K, 1 young (1024K), 1 survivors (1024K)
 Metaspace       used 59347K, committed 60032K, reserved 1105920K
  class space    used 8006K, committed 8320K, reserved 1048576K
}
Event: 4.965 GC heap before
{Heap before GC invocations=31 (full 0):
 garbage-first heap   total 164864K, used 125671K [0x0000000080000000, 0x0000000100000000)
  region size 1024K, 33 young (33792K), 1 survivors (1024K)
 Metaspace       used 64618K, committed 65344K, reserved 1105920K
  class space    used 8628K, committed 8960K, reserved 1048576K
}
Event: 4.967 GC heap after
{Heap after GC invocations=32 (full 0):
 garbage-first heap   total 164864K, used 94072K [0x0000000080000000, 0x0000000100000000)
  region size 1024K, 2 young (2048K), 2 survivors (2048K)
 Metaspace       used 64618K, committed 65344K, reserved 1105920K
  class space    used 8628K, committed 8960K, reserved 1048576K
}
Event: 5.277 GC heap before
{Heap before GC invocations=33 (full 0):
 garbage-first heap   total 164864K, used 134008K [0x0000000080000000, 0x0000000100000000)
  region size 1024K, 35 young (35840K), 2 survivors (2048K)
 Metaspace       used 68852K, committed 69504K, reserved 1114112K
  class space    used 9170K, committed 9472K, reserved 1048576K
}
Event: 5.280 GC heap after
{Heap after GC invocations=34 (full 0):
 garbage-first heap   total 164864K, used 97931K [0x0000000080000000, 0x0000000100000000)
  region size 1024K, 5 young (5120K), 5 survivors (5120K)
 Metaspace       used 68852K, committed 69504K, reserved 1114112K
  class space    used 9170K, committed 9472K, reserved 1048576K
}
Event: 5.307 GC heap before
{Heap before GC invocations=34 (full 0):
 garbage-first heap   total 164864K, used 101003K [0x0000000080000000, 0x0000000100000000)
  region size 1024K, 8 young (8192K), 5 survivors (5120K)
 Metaspace       used 69156K, committed 69824K, reserved 1114112K
  class space    used 9207K, committed 9536K, reserved 1048576K
}
Event: 5.310 GC heap after
{Heap after GC invocations=35 (full 0):
 garbage-first heap   total 164864K, used 98750K [0x0000000080000000, 0x0000000100000000)
  region size 1024K, 1 young (1024K), 1 survivors (1024K)
 Metaspace       used 69156K, committed 69824K, reserved 1114112K
  class space    used 9207K, committed 9536K, reserved 1048576K
}
Event: 5.554 GC heap before
{Heap before GC invocations=35 (full 0):
 garbage-first heap   total 164864K, used 130494K [0x0000000080000000, 0x0000000100000000)
  region size 1024K, 32 young (32768K), 1 survivors (1024K)
 Metaspace       used 72245K, committed 72960K, reserved 1114112K
  class space    used 9608K, committed 9920K, reserved 1048576K
}
Event: 5.556 GC heap after
{Heap after GC invocations=36 (full 0):
 garbage-first heap   total 164864K, used 100171K [0x0000000080000000, 0x0000000100000000)
  region size 1024K, 3 young (3072K), 3 survivors (3072K)
 Metaspace       used 72245K, committed 72960K, reserved 1114112K
  class space    used 9608K, committed 9920K, reserved 1048576K
}
Event: 5.836 GC heap before
{Heap before GC invocations=37 (full 0):
 garbage-first heap   total 174080K, used 132939K [0x0000000080000000, 0x0000000100000000)
  region size 1024K, 35 young (35840K), 3 survivors (3072K)
 Metaspace       used 75744K, committed 76416K, reserved 1122304K
  class space    used 10097K, committed 10432K, reserved 1048576K
}
Event: 5.839 GC heap after
{Heap after GC invocations=38 (full 0):
 garbage-first heap   total 174080K, used 102043K [0x0000000080000000, 0x0000000100000000)
  region size 1024K, 5 young (5120K), 5 survivors (5120K)
 Metaspace       used 75744K, committed 76416K, reserved 1122304K
  class space    used 10097K, committed 10432K, reserved 1048576K
}
Event: 5.860 GC heap before
{Heap before GC invocations=38 (full 0):
 garbage-first heap   total 174080K, used 105115K [0x0000000080000000, 0x0000000100000000)
  region size 1024K, 8 young (8192K), 5 survivors (5120K)
 Metaspace       used 76200K, committed 76864K, reserved 1122304K
  class space    used 10166K, committed 10496K, reserved 1048576K
}
Event: 5.863 GC heap after
{Heap after GC invocations=39 (full 0):
 garbage-first heap   total 174080K, used 102165K [0x0000000080000000, 0x0000000100000000)
  region size 1024K, 1 young (1024K), 1 survivors (1024K)
 Metaspace       used 76200K, committed 76864K, reserved 1122304K
  class space    used 10166K, committed 10496K, reserved 1048576K
}
Event: 6.105 GC heap before
{Heap before GC invocations=39 (full 0):
 garbage-first heap   total 174080K, used 140053K [0x0000000080000000, 0x0000000100000000)
  region size 1024K, 38 young (38912K), 1 survivors (1024K)
 Metaspace       used 78999K, committed 79680K, reserved 1122304K
  class space    used 10509K, committed 10816K, reserved 1048576K
}

Dll operation events (2 events):
Event: 0.004 Loaded shared library C:\Program Files\Android\Android Studio\jbr\bin\java.dll
Event: 0.243 Loaded shared library C:\Program Files\Android\Android Studio\jbr\bin\verify.dll

Deoptimization events (20 events):
Event: 6.047 Thread 0x000001c7228b56e0 DEOPT PACKING pc=0x000001c70d0df694 sp=0x000000a6129fdf10
Event: 6.047 Thread 0x000001c7228b56e0 DEOPT UNPACKING pc=0x000001c70ca2a1a3 sp=0x000000a6129fddc8 mode 2
Event: 6.047 Thread 0x000001c7228b56e0 Uncommon trap: trap_request=0xffffff45 fr.pc=0x000001c70cf95560 relative=0x0000000000000220
Event: 6.047 Thread 0x000001c7228b56e0 Uncommon trap: reason=unstable_if action=reinterpret pc=0x000001c70cf95560 method=com.esotericsoftware.kryo.io.Input.readVarInt(Z)I @ 42 c2
Event: 6.047 Thread 0x000001c7228b56e0 DEOPT PACKING pc=0x000001c70cf95560 sp=0x000000a6129fe0d0
Event: 6.047 Thread 0x000001c7228b56e0 DEOPT UNPACKING pc=0x000001c70ca2a1a3 sp=0x000000a6129fdfc0 mode 2
Event: 6.057 Thread 0x000001c71d337410 DEOPT PACKING pc=0x000001c705e2e3a0 sp=0x000000a6117fe3e0
Event: 6.057 Thread 0x000001c71d337410 DEOPT UNPACKING pc=0x000001c70ca2ace3 sp=0x000000a6117fd8a0 mode 0
Event: 6.061 Thread 0x000001c71d337410 DEOPT PACKING pc=0x000001c705e2e3a0 sp=0x000000a6117fe3e0
Event: 6.061 Thread 0x000001c71d337410 DEOPT UNPACKING pc=0x000001c70ca2ace3 sp=0x000000a6117fd8a0 mode 0
Event: 6.064 Thread 0x000001c71d337410 DEOPT PACKING pc=0x000001c705e2e3a0 sp=0x000000a6117fe3e0
Event: 6.064 Thread 0x000001c71d337410 DEOPT UNPACKING pc=0x000001c70ca2ace3 sp=0x000000a6117fd8a0 mode 0
Event: 6.068 Thread 0x000001c71d337410 DEOPT PACKING pc=0x000001c705e2e3a0 sp=0x000000a6117fe3e0
Event: 6.068 Thread 0x000001c71d337410 DEOPT UNPACKING pc=0x000001c70ca2ace3 sp=0x000000a6117fd8a0 mode 0
Event: 6.071 Thread 0x000001c71d337410 DEOPT PACKING pc=0x000001c705e2e3a0 sp=0x000000a6117fe3e0
Event: 6.071 Thread 0x000001c71d337410 DEOPT UNPACKING pc=0x000001c70ca2ace3 sp=0x000000a6117fd8a0 mode 0
Event: 6.076 Thread 0x000001c71d337410 DEOPT PACKING pc=0x000001c705e2e3a0 sp=0x000000a6117fe3e0
Event: 6.076 Thread 0x000001c71d337410 DEOPT UNPACKING pc=0x000001c70ca2ace3 sp=0x000000a6117fd8a0 mode 0
Event: 6.080 Thread 0x000001c71d337410 DEOPT PACKING pc=0x000001c705e2e3a0 sp=0x000000a6117fe3e0
Event: 6.080 Thread 0x000001c71d337410 DEOPT UNPACKING pc=0x000001c70ca2ace3 sp=0x000000a6117fd8a0 mode 0

Classes unloaded (0 events):
No events

Classes redefined (0 events):
No events

Internal exceptions (20 events):
Event: 5.634 Thread 0x000001c71fdeb6f0 Exception <a 'java/lang/ClassNotFoundException'{0x000000008a6ab6e8}: org/gradle/api/plugins/internal/DefaultBasePluginConventionCustomizer> (0x000000008a6ab6e8) 
thrown [s\src\hotspot\share\classfile\systemDictionary.cpp, line 256]
Event: 5.635 Thread 0x000001c71fdeb6f0 Exception <a 'java/lang/ClassNotFoundException'{0x000000008a6d6f88}: org/gradle/api/plugins/internal/DefaultBasePluginConvention_DecoratedCustomizer> (0x000000008a6d6f88) 
thrown [s\src\hotspot\share\classfile\systemDictionary.cpp, line 256]
Event: 5.637 Thread 0x000001c71fdeb6f0 Exception <a 'java/lang/ClassNotFoundException'{0x000000008a54a0c8}: org/gradle/api/plugins/internal/DefaultJavaPluginConvention_DecoratedBeanInfo> (0x000000008a54a0c8) 
thrown [s\src\hotspot\share\classfile\systemDictionary.cpp, line 256]
Event: 5.638 Thread 0x000001c71fdeb6f0 Exception <a 'java/lang/ClassNotFoundException'{0x000000008a564140}: org/gradle/api/plugins/internal/DefaultJavaPluginConventionBeanInfo> (0x000000008a564140) 
thrown [s\src\hotspot\share\classfile\systemDictionary.cpp, line 256]
Event: 5.638 Thread 0x000001c71fdeb6f0 Exception <a 'java/lang/ClassNotFoundException'{0x000000008a57dfe8}: org/gradle/api/plugins/JavaPluginConventionBeanInfo> (0x000000008a57dfe8) 
thrown [s\src\hotspot\share\classfile\systemDictionary.cpp, line 256]
Event: 5.639 Thread 0x000001c71fdeb6f0 Exception <a 'java/lang/ClassNotFoundException'{0x000000008a5978d0}: org/gradle/api/plugins/JavaPluginConventionCustomizer> (0x000000008a5978d0) 
thrown [s\src\hotspot\share\classfile\systemDictionary.cpp, line 256]
Event: 5.640 Thread 0x000001c71fdeb6f0 Exception <a 'java/lang/ClassNotFoundException'{0x000000008a5c5178}: org/gradle/api/plugins/internal/DefaultJavaPluginConventionCustomizer> (0x000000008a5c5178) 
thrown [s\src\hotspot\share\classfile\systemDictionary.cpp, line 256]
Event: 5.641 Thread 0x000001c71fdeb6f0 Exception <a 'java/lang/ClassNotFoundException'{0x000000008a405140}: org/gradle/api/plugins/internal/DefaultJavaPluginConvention_DecoratedCustomizer> (0x000000008a405140) 
thrown [s\src\hotspot\share\classfile\systemDictionary.cpp, line 256]
Event: 5.761 Thread 0x000001c71fdeb6f0 Exception <a 'java/lang/ClassNotFoundException'{0x000000008940f940}: org/jetbrains/kotlin/gradle/targets/js/npm/DefaultNpmDependencyExtensionBeanInfo> (0x000000008940f940) 
thrown [s\src\hotspot\share\classfile\systemDictionary.cpp, line 256]
Event: 5.761 Thread 0x000001c71fdeb6f0 Exception <a 'java/lang/ClassNotFoundException'{0x000000008941afb0}: org/jetbrains/kotlin/gradle/targets/js/npm/DefaultNpmDependencyExtensionCustomizer> (0x000000008941afb0) 
thrown [s\src\hotspot\share\classfile\systemDictionary.cpp, line 256]
Event: 5.764 Thread 0x000001c71fdeb6f0 Exception <a 'java/lang/ClassNotFoundException'{0x0000000089486f58}: org/jetbrains/kotlin/gradle/targets/js/npm/NpmDependencyExtensionKt$defaultNpmDependencyDelegate$1BeanInfo> (0x0000000089486f58) 
thrown [s\src\hotspot\share\classfile\systemDictionary.cpp, line 256]
Event: 5.764 Thread 0x000001c71fdeb6f0 Exception <a 'java/lang/ClassNotFoundException'{0x0000000089492610}: org/jetbrains/kotlin/gradle/targets/js/npm/NpmDependencyExtensionDelegateBeanInfo> (0x0000000089492610) 
thrown [s\src\hotspot\share\classfile\systemDictionary.cpp, line 256]
Event: 5.764 Thread 0x000001c71fdeb6f0 Exception <a 'java/lang/ClassNotFoundException'{0x000000008949dc90}: org/jetbrains/kotlin/gradle/targets/js/npm/NpmDependencyExtensionDelegateCustomizer> (0x000000008949dc90) 
thrown [s\src\hotspot\share\classfile\systemDictionary.cpp, line 256]
Event: 5.765 Thread 0x000001c71fdeb6f0 Exception <a 'java/lang/ClassNotFoundException'{0x00000000894c1028}: org/jetbrains/kotlin/gradle/targets/js/npm/NpmDependencyExtensionKt$defaultNpmDependencyDelegate$1Customizer> (0x00000000894c1028) 
thrown [s\src\hotspot\share\classfile\systemDictionary.cpp, line 256]
Event: 5.766 Thread 0x000001c71fdeb6f0 Exception <a 'java/lang/ClassNotFoundException'{0x00000000894f63d0}: org/jetbrains/kotlin/gradle/targets/js/npm/DefaultDevNpmDependencyExtensionBeanInfo> (0x00000000894f63d0) 
thrown [s\src\hotspot\share\classfile\systemDictionary.cpp, line 256]
Event: 5.766 Thread 0x000001c71fdeb6f0 Exception <a 'java/lang/ClassNotFoundException'{0x0000000089301f58}: org/jetbrains/kotlin/gradle/targets/js/npm/DefaultDevNpmDependencyExtensionCustomizer> (0x0000000089301f58) 
thrown [s\src\hotspot\share\classfile\systemDictionary.cpp, line 256]
Event: 5.768 Thread 0x000001c71fdeb6f0 Exception <a 'java/lang/ClassNotFoundException'{0x000000008933be00}: org/jetbrains/kotlin/gradle/targets/js/npm/DefaultPeerNpmDependencyExtensionBeanInfo> (0x000000008933be00) 
thrown [s\src\hotspot\share\classfile\systemDictionary.cpp, line 256]
Event: 5.768 Thread 0x000001c71fdeb6f0 Exception <a 'java/lang/ClassNotFoundException'{0x00000000893474b8}: org/jetbrains/kotlin/gradle/targets/js/npm/DefaultPeerNpmDependencyExtensionCustomizer> (0x00000000893474b8) 
thrown [s\src\hotspot\share\classfile\systemDictionary.cpp, line 256]
Event: 5.769 Thread 0x000001c71fdeb6f0 Exception <a 'java/lang/ClassNotFoundException'{0x0000000089388678}: org/jetbrains/kotlin/gradle/targets/js/npm/DefaultPeerNpmDependencyExtension$delegate$1BeanInfo> (0x0000000089388678) 
thrown [s\src\hotspot\share\classfile\systemDictionary.cpp, line 256]
Event: 5.770 Thread 0x000001c71fdeb6f0 Exception <a 'java/lang/ClassNotFoundException'{0x0000000089393ef8}: org/jetbrains/kotlin/gradle/targets/js/npm/DefaultPeerNpmDependencyExtension$delegate$1Customizer> (0x0000000089393ef8) 
thrown [s\src\hotspot\share\classfile\systemDictionary.cpp, line 256]

VM Operations (20 events):
Event: 5.310 Executing VM operation: G1CollectForAllocation done
Event: 5.504 Executing VM operation: HandshakeAllThreads
Event: 5.504 Executing VM operation: HandshakeAllThreads done
Event: 5.509 Executing VM operation: ICBufferFull
Event: 5.509 Executing VM operation: ICBufferFull done
Event: 5.554 Executing VM operation: G1CollectForAllocation
Event: 5.556 Executing VM operation: G1CollectForAllocation done
Event: 5.589 Executing VM operation: G1Concurrent
Event: 5.591 Executing VM operation: G1Concurrent done
Event: 5.606 Executing VM operation: G1Concurrent
Event: 5.606 Executing VM operation: G1Concurrent done
Event: 5.628 Executing VM operation: HandshakeAllThreads
Event: 5.629 Executing VM operation: HandshakeAllThreads done
Event: 5.836 Executing VM operation: G1CollectForAllocation
Event: 5.839 Executing VM operation: G1CollectForAllocation done
Event: 5.860 Executing VM operation: G1CollectForAllocation
Event: 5.863 Executing VM operation: G1CollectForAllocation done
Event: 6.047 Executing VM operation: HandshakeAllThreads
Event: 6.047 Executing VM operation: HandshakeAllThreads done
Event: 6.105 Executing VM operation: G1CollectForAllocation

Events (20 events):
Event: 5.525 loading class java/util/Spliterators$IntArraySpliterator done
Event: 5.527 loading class java/text/ParsePosition
Event: 5.527 loading class java/text/ParsePosition done
Event: 5.532 loading class java/text/CharacterIterator
Event: 5.532 loading class java/text/CharacterIterator done
Event: 5.565 loading class java/time/format/DateTimeFormatterBuilder$WeekBasedFieldPrinterParser
Event: 5.565 loading class java/time/format/DateTimeFormatterBuilder$WeekBasedFieldPrinterParser done
Event: 5.573 loading class com/sun/jmx/mbeanserver/StandardMBeanSupport
Event: 5.573 loading class com/sun/jmx/mbeanserver/StandardMBeanSupport done
Event: 5.574 loading class com/sun/jmx/mbeanserver/StandardMBeanIntrospector
Event: 5.574 loading class com/sun/jmx/mbeanserver/StandardMBeanIntrospector done
Event: 5.985 loading class java/util/ArrayList$SubList$1
Event: 5.985 loading class java/util/ArrayList$SubList$1 done
Event: 6.048 Thread 0x000001c71c84bc10 flushing nmethod 0x000001c70d1de390
Event: 6.048 Thread 0x000001c71c84bc10 flushing nmethod 0x000001c705516510
Event: 6.050 Thread 0x000001c71c84bc10 flushing nmethod 0x000001c70587d790
Event: 6.050 Thread 0x000001c71c84bc10 flushing nmethod 0x000001c705924c90
Event: 6.051 Thread 0x000001c71c84bc10 flushing nmethod 0x000001c70596bb90
Event: 6.051 Thread 0x000001c71c84bc10 flushing nmethod 0x000001c705a34410
Event: 6.052 Thread 0x000001c71c84bc10 flushing nmethod 0x000001c705cb5610


Dynamic libraries:
0x00007ff69eb80000 - 0x00007ff69eb8a000 	C:\Program Files\Android\Android Studio\jbr\bin\java.exe
0x00007ff9dfd70000 - 0x00007ff9dff87000 	C:\WINDOWS\SYSTEM32\ntdll.dll
0x00007ff9dee90000 - 0x00007ff9def54000 	C:\WINDOWS\System32\KERNEL32.DLL
0x00007ff9dd0e0000 - 0x00007ff9dd485000 	C:\WINDOWS\System32\KERNELBASE.dll
0x00007ff9dd5e0000 - 0x00007ff9dd6f1000 	C:\WINDOWS\System32\ucrtbase.dll
0x00007ff9af380000 - 0x00007ff9af397000 	C:\Program Files\Android\Android Studio\jbr\bin\jli.dll
0x00007ff9ba090000 - 0x00007ff9ba0ab000 	C:\Program Files\Android\Android Studio\jbr\bin\VCRUNTIME140.dll
0x00007ff9de860000 - 0x00007ff9dea0e000 	C:\WINDOWS\System32\USER32.dll
0x00007ff9dd5b0000 - 0x00007ff9dd5d6000 	C:\WINDOWS\System32\win32u.dll
0x00007ff9c0720000 - 0x00007ff9c09b3000 	C:\WINDOWS\WinSxS\amd64_microsoft.windows.common-controls_6595b64144ccf1df_6.0.22621.2506_none_270c5ae97388e100\COMCTL32.dll
0x00007ff9df360000 - 0x00007ff9df389000 	C:\WINDOWS\System32\GDI32.dll
0x00007ff9dd490000 - 0x00007ff9dd5a9000 	C:\WINDOWS\System32\gdi32full.dll
0x00007ff9df120000 - 0x00007ff9df1c7000 	C:\WINDOWS\System32\msvcrt.dll
0x00007ff9dd9b0000 - 0x00007ff9dda4a000 	C:\WINDOWS\System32\msvcp_win.dll
0x00007ff9de720000 - 0x00007ff9de751000 	C:\WINDOWS\System32\IMM32.DLL
0x00007ff9c8b40000 - 0x00007ff9c8b4c000 	C:\Program Files\Android\Android Studio\jbr\bin\vcruntime140_1.dll
0x00007ff9b86b0000 - 0x00007ff9b873d000 	C:\Program Files\Android\Android Studio\jbr\bin\msvcp140.dll
0x00007ff997f00000 - 0x00007ff998b6e000 	C:\Program Files\Android\Android Studio\jbr\bin\server\jvm.dll
0x00007ff9ddb20000 - 0x00007ff9ddbd1000 	C:\WINDOWS\System32\ADVAPI32.dll
0x00007ff9df390000 - 0x00007ff9df436000 	C:\WINDOWS\System32\sechost.dll
0x00007ff9dfc10000 - 0x00007ff9dfd27000 	C:\WINDOWS\System32\RPCRT4.dll
0x00007ff9d7f20000 - 0x00007ff9d7f29000 	C:\WINDOWS\SYSTEM32\WSOCK32.dll
0x00007ff9d59c0000 - 0x00007ff9d59f4000 	C:\WINDOWS\SYSTEM32\WINMM.dll
0x00007ff9d3c70000 - 0x00007ff9d3c7a000 	C:\WINDOWS\SYSTEM32\VERSION.dll
0x00007ff9df2b0000 - 0x00007ff9df321000 	C:\WINDOWS\System32\WS2_32.dll
0x00007ff9dc080000 - 0x00007ff9dc098000 	C:\WINDOWS\SYSTEM32\kernel.appcore.dll
0x00007ff9d5b30000 - 0x00007ff9d5b3a000 	C:\Program Files\Android\Android Studio\jbr\bin\jimage.dll
0x00007ff9da910000 - 0x00007ff9dab43000 	C:\WINDOWS\SYSTEM32\DBGHELP.DLL
0x00007ff9dea10000 - 0x00007ff9ded99000 	C:\WINDOWS\System32\combase.dll
0x00007ff9df1d0000 - 0x00007ff9df2a7000 	C:\WINDOWS\System32\OLEAUT32.dll
0x00007ff9cb1a0000 - 0x00007ff9cb1d2000 	C:\WINDOWS\SYSTEM32\dbgcore.DLL
0x00007ff9dd930000 - 0x00007ff9dd9aa000 	C:\WINDOWS\System32\bcryptPrimitives.dll
0x00007ff9ba040000 - 0x00007ff9ba065000 	C:\Program Files\Android\Android Studio\jbr\bin\java.dll
0x00007ff9b9490000 - 0x00007ff9b94a8000 	C:\Program Files\Android\Android Studio\jbr\bin\zip.dll
0x00007ff9ddda0000 - 0x00007ff9de5f9000 	C:\WINDOWS\System32\SHELL32.dll
0x00007ff9db100000 - 0x00007ff9db9f4000 	C:\WINDOWS\SYSTEM32\windows.storage.dll
0x00007ff9dafc0000 - 0x00007ff9db0fe000 	C:\WINDOWS\SYSTEM32\wintypes.dll
0x00007ff9de760000 - 0x00007ff9de853000 	C:\WINDOWS\System32\SHCORE.dll
0x00007ff9de6c0000 - 0x00007ff9de71e000 	C:\WINDOWS\System32\shlwapi.dll
0x00007ff9dd010000 - 0x00007ff9dd036000 	C:\WINDOWS\SYSTEM32\profapi.dll
0x00007ff9af7c0000 - 0x00007ff9af7d9000 	C:\Program Files\Android\Android Studio\jbr\bin\net.dll
0x00007ff9d7350000 - 0x00007ff9d7487000 	C:\WINDOWS\SYSTEM32\WINHTTP.dll
0x00007ff9dc560000 - 0x00007ff9dc5c9000 	C:\WINDOWS\system32\mswsock.dll
0x00007ff9af540000 - 0x00007ff9af556000 	C:\Program Files\Android\Android Studio\jbr\bin\nio.dll
0x00007ff9c0c00000 - 0x00007ff9c0c10000 	C:\Program Files\Android\Android Studio\jbr\bin\verify.dll
0x00007ff9ba140000 - 0x00007ff9ba167000 	C:\Users\User\.gradle\native\68d5fa5c4cc2d200863cafc0d521ce42e7d3e7ee720ec0a83991735586a16f82\windows-amd64\native-platform.dll
0x00007ff9af230000 - 0x00007ff9af374000 	C:\Users\User\.gradle\native\e376f236ea51e6404a007f0833ffe2c6e607c4080706a723a18a27aeea778392\windows-amd64\native-platform-file-events.dll
0x00007ff9bf220000 - 0x00007ff9bf229000 	C:\Program Files\Android\Android Studio\jbr\bin\management.dll
0x00007ff9b8420000 - 0x00007ff9b842b000 	C:\Program Files\Android\Android Studio\jbr\bin\management_ext.dll
0x00007ff9df8c0000 - 0x00007ff9df8c8000 	C:\WINDOWS\System32\PSAPI.DLL
0x00007ff9dc830000 - 0x00007ff9dc84b000 	C:\WINDOWS\SYSTEM32\CRYPTSP.dll
0x00007ff9dc040000 - 0x00007ff9dc075000 	C:\WINDOWS\system32\rsaenh.dll
0x00007ff9dc650000 - 0x00007ff9dc67c000 	C:\WINDOWS\SYSTEM32\USERENV.dll
0x00007ff9dca80000 - 0x00007ff9dcaa8000 	C:\WINDOWS\SYSTEM32\bcrypt.dll
0x00007ff9dc7b0000 - 0x00007ff9dc7bc000 	C:\WINDOWS\SYSTEM32\CRYPTBASE.dll
0x00007ff9dbb50000 - 0x00007ff9dbb7d000 	C:\WINDOWS\SYSTEM32\IPHLPAPI.DLL
0x00007ff9ddc00000 - 0x00007ff9ddc09000 	C:\WINDOWS\System32\NSI.dll
0x00007ff9d54b0000 - 0x00007ff9d54c9000 	C:\WINDOWS\SYSTEM32\dhcpcsvc6.DLL
0x00007ff9d5490000 - 0x00007ff9d54af000 	C:\WINDOWS\SYSTEM32\dhcpcsvc.DLL
0x00007ff9dbb80000 - 0x00007ff9dbc79000 	C:\WINDOWS\SYSTEM32\DNSAPI.dll
0x00007ff9af630000 - 0x00007ff9af638000 	C:\WINDOWS\system32\wshunix.dll

dbghelp: loaded successfully - version: 4.0.5 - missing functions: none
symbol engine: initialized successfully - sym options: 0x614 - pdb path: .;C:\Program Files\Android\Android Studio\jbr\bin;C:\WINDOWS\SYSTEM32;C:\WINDOWS\WinSxS\amd64_microsoft.windows.common-controls_6595b64144ccf1df_6.0.22621.2506_none_270c5ae97388e100;C:\Program Files\Android\Android Studio\jbr\bin\server;C:\Users\User\.gradle\native\68d5fa5c4cc2d200863cafc0d521ce42e7d3e7ee720ec0a83991735586a16f82\windows-amd64;C:\Users\User\.gradle\native\e376f236ea51e6404a007f0833ffe2c6e607c4080706a723a18a27aeea778392\windows-amd64

VM Arguments:
jvm_args: --add-opens=java.base/java.util=ALL-UNNAMED --add-opens=java.base/java.lang=ALL-UNNAMED --add-opens=java.base/java.lang.invoke=ALL-UNNAMED --add-opens=java.prefs/java.util.prefs=ALL-UNNAMED --add-opens=java.base/java.nio.charset=ALL-UNNAMED --add-opens=java.base/java.net=ALL-UNNAMED --add-opens=java.base/java.util.concurrent.atomic=ALL-UNNAMED -Xmx2048m -Dfile.encoding=UTF-8 -Duser.country=US -Duser.language=en -Duser.variant 
java_command: org.gradle.launcher.daemon.bootstrap.GradleDaemon 8.0
java_class_path (initial): C:\Users\User\.gradle\wrapper\dists\gradle-8.0-bin\ca5e32bp14vu59qr306oxotwh\gradle-8.0\lib\gradle-launcher-8.0.jar
Launcher Type: SUN_STANDARD

[Global flags]
     intx CICompilerCount                          = 4                                         {product} {ergonomic}
     uint ConcGCThreads                            = 2                                         {product} {ergonomic}
     uint G1ConcRefinementThreads                  = 8                                         {product} {ergonomic}
   size_t G1HeapRegionSize                         = 1048576                                   {product} {ergonomic}
    uintx GCDrainStackTargetSize                   = 64                                        {product} {ergonomic}
   size_t InitialHeapSize                          = 132120576                                 {product} {ergonomic}
   size_t MarkStackSize                            = 4194304                                   {product} {ergonomic}
   size_t MaxHeapSize                              = 2147483648                                {product} {command line}
   size_t MaxNewSize                               = 1287651328                                {product} {ergonomic}
   size_t MinHeapDeltaBytes                        = 1048576                                   {product} {ergonomic}
   size_t MinHeapSize                              = 8388608                                   {product} {ergonomic}
    uintx NonNMethodCodeHeapSize                   = 5839372                                {pd product} {ergonomic}
    uintx NonProfiledCodeHeapSize                  = 122909434                              {pd product} {ergonomic}
    uintx ProfiledCodeHeapSize                     = 122909434                              {pd product} {ergonomic}
    uintx ReservedCodeCacheSize                    = 251658240                              {pd product} {ergonomic}
     bool SegmentedCodeCache                       = true                                      {product} {ergonomic}
   size_t SoftMaxHeapSize                          = 2147483648                             {manageable} {ergonomic}
     bool UseCompressedClassPointers               = true                           {product lp64_product} {ergonomic}
     bool UseCompressedOops                        = true                           {product lp64_product} {ergonomic}
     bool UseG1GC                                  = true                                      {product} {ergonomic}
     bool UseLargePagesIndividualAllocation        = false                                  {pd product} {ergonomic}

Logging:
Log output configuration:
 #0: stdout all=warning uptime,level,tags
 #1: stderr all=off uptime,level,tags

Environment Variables:
JAVA_HOME=C:\Program Files\Java\jdk-20.0.1
PATH=C:\Program Files (x86)\Common Files\Oracle\Java\javapath;C:\Python311\Scripts\;C:\Python311\;C:\Program Files (x86)\Falcon\MinGW\bin;C:\WINDOWS\system32;C:\WINDOWS;C:\WINDOWS\System32\Wbem;C:\WINDOWS\System32\WindowsPowerShell\v1.0\;C:\WINDOWS\System32\OpenSSH\;C:\Program Files\Microsoft SQL Server\130\Tools\Binn\;C:\sqlite3;C:\Program Files (x86)\Microsoft SQL Server\150\DTS\Binn\;C:\Program Files\Azure Data Studio\bin;C:\Program Files\Microsoft SQL Server\Client SDK\ODBC\170\Tools\Binn\;C:\Program Files (x86)\Microsoft SQL Server\150\Tools\Binn\;C:\Program Files\Microsoft SQL Server\150\Tools\Binn\;C:\Program Files\Microsoft SQL Server\150\DTS\Binn\;C:\xampp\php;C:\ProgramData\ComposerSetup\bin;C:\Program Files\dotnet\;C:\Users\User\AppData\Local\Android\Sdk\cmdline-tools\bin;C:\Program Files\Java\;C:\Program Files\Git\cmd;C:\Program Files\nodejs\;C:\ProgramData\chocolatey\bin;C:\Program Files (x86)\GTK2-Runtime\lib;C:\Program Files (x86)\Common Files\Oracle\Java\javapath;C:\Python311\Scripts\;C:\Python311\;C:\Program Files (x86)\Falcon\MinGW\bin;C:\WINDOWS\system32;C:\WINDOWS;C:\WINDOWS\System32\Wbem;C:\WINDOWS\System32\WindowsPowerShell\v1.0\;C:\WINDOWS\System32\OpenSSH\;C:\Program Files\Microsoft SQL Server\130\Tools\Binn\;C:\sqlite3;C:\Program Files (x86)\Microsoft SQL Server\150\DTS\Binn\;C:\Program Files\Azure Data Studio\bin;C:\Program Files\Microsoft SQL Server\Client SDK\ODBC\170\Tools\Binn\;C:\Program Files (x86)\Microsoft SQL Server\150\Tools\Binn\;C:\Program Files\Microsoft SQL Server\150\Tools\Binn\;C:\Program Files\Microsoft SQL Server\150\DTS\Binn\;C:\xampp\php;C:\ProgramData\ComposerSetup\bin;C:\Program Files\dotnet\;C:\Users\User\AppData\Local\Android\Sdk\cmdline-tools\bin;C:\Program Files\Java\;C:\Program Files\Git\cmd;C:\Program Files\nodejs\;C:\ProgramData\chocolatey\bin;C:\Program Files (x86)\GTK2-Runtime\lib;C:\Program Files\nodejs\node_modules\npm\bin;C:\Program Files\MySQL\MySQL Shell 8.0\bin\;C:\Users\User\AppData\Local\Microsoft\Windows
USERNAME=User
OS=Windows_NT
PROCESSOR_IDENTIFIER=Intel64 Family 6 Model 140 Stepping 1, GenuineIntel
TMP=C:\Users\User\AppData\Local\Temp
TEMP=C:\Users\User\AppData\Local\Temp


JNI global refs:
JNI global refs: 26, weak refs: 0

JNI global refs memory usage: 843, weak refs: 841


---------------  S Y S T E M  ---------------

OS:
 Windows 11 , 64 bit Build 22621 (10.0.22621.2506)
OS uptime: 0 days 16:26 hours

CPU: total 8 (initial active 8) (4 cores per cpu, 2 threads per core) family 6 model 140 stepping 1 microcode 0x78, cx8, cmov, fxsr, ht, mmx, 3dnowpref, sse, sse2, sse3, ssse3, sse4.1, sse4.2, popcnt, lzcnt, tsc, tscinvbit, avx, avx2, aes, erms, clmul, bmi1, bmi2, adx, avx512f, avx512dq, avx512cd, avx512bw, avx512vl, sha, fma, vzeroupper, avx512_vpopcntdq, avx512_vpclmulqdq, avx512_vaes, avx512_vnni, clflush, clflushopt, clwb, avx512_vbmi2, avx512_vbmi

Memory: 4k page, system-wide physical 7991M (566M free)
TotalPageFile size 10039M (AvailPageFile size 127M)
current process WorkingSet (physical memory assigned to process): 393M, peak: 393M
current process commit charge ("private bytes"): 429M, peak: 599M

vm_info: OpenJDK 64-Bit Server VM (17.0.6+0-b2043.56-10027231) for windows-amd64 JRE (17.0.6+0-b2043.56-10027231), built on Apr 28 2023 00:43:19 by "androidbuild" with MS VC++ 16.10 / 16.11 (VS2019)

END.
