#
# There is insufficient memory for the Java Runtime Environment to continue.
# Native memory allocation (malloc) failed to allocate 1052176 bytes for Chunk::new
# Possible reasons:
#   The system is out of physical RAM or swap space
#   The process is running with CompressedOops enabled, and the Java Heap may be blocking the growth of the native heap
# Possible solutions:
#   Reduce memory load on the system
#   Increase physical memory or swap space
#   Check if swap backing store is full
#   Decrease Java heap size (-Xmx/-Xms)
#   Decrease number of Java threads
#   Decrease Java thread stack sizes (-Xss)
#   Set larger code cache with -XX:ReservedCodeCacheSize=
#   JVM is running with Unscaled Compressed Oops mode in which the Java heap is
#     placed in the first 4GB address space. The Java Heap base address is the
#     maximum limit for the native heap growth. Please use -XX:HeapBaseMinAddress
#     to set the Java Heap base and to place the Java Heap above 4GB virtual address.
# This output file may be truncated or incomplete.
#
#  Out of Memory Error (arena.cpp:189), pid=12768, tid=9556
#
# JRE version: OpenJDK Runtime Environment (17.0.6) (build 17.0.6+0-b2043.56-10027231)
# Java VM: OpenJDK 64-Bit Server VM (17.0.6+0-b2043.56-10027231, mixed mode, tiered, compressed oops, compressed class ptrs, g1 gc, windows-amd64)
# No core dump will be written. Minidumps are not enabled by default on client versions of Windows
#

---------------  S U M M A R Y ------------

Command Line: --add-opens=java.base/java.util=ALL-UNNAMED --add-opens=java.base/java.lang=ALL-UNNAMED --add-opens=java.base/java.lang.invoke=ALL-UNNAMED --add-opens=java.prefs/java.util.prefs=ALL-UNNAMED --add-opens=java.base/java.nio.charset=ALL-UNNAMED --add-opens=java.base/java.net=ALL-UNNAMED --add-opens=java.base/java.util.concurrent.atomic=ALL-UNNAMED -Xmx2048m -Dfile.encoding=UTF-8 -Duser.country=US -Duser.language=en -Duser.variant org.gradle.launcher.daemon.bootstrap.GradleDaemon 8.0

Host: 11th Gen Intel(R) Core(TM) i5-1135G7 @ 2.40GHz, 8 cores, 7G,  Windows 11 , 64 bit Build 22621 (10.0.22621.2506)
Time: Mon Nov 27 13:03:23 2023 E. Africa Standard Time elapsed time: 12.352812 seconds (0d 0h 0m 12s)

---------------  T H R E A D  ---------------

Current thread (0x0000026e91c80f10):  JavaThread "C2 CompilerThread0" daemon [_thread_in_native, id=9556, stack(0x000000a632c00000,0x000000a632d00000)]


Current CompileTask:
C2:  12352 10180       4       java.util.regex.Pattern::split (288 bytes)

Stack: [0x000000a632c00000,0x000000a632d00000]
Native frames: (J=compiled Java code, j=interpreted, Vv=VM code, C=native code)
V  [jvm.dll+0x683c9a]
V  [jvm.dll+0x8427a4]
V  [jvm.dll+0x843f9e]
V  [jvm.dll+0x844603]
V  [jvm.dll+0x249b75]
V  [jvm.dll+0xabcac]
V  [jvm.dll+0xac27c]
V  [jvm.dll+0x368802]
V  [jvm.dll+0x332f31]
V  [jvm.dll+0x3323da]
V  [jvm.dll+0x21c201]
V  [jvm.dll+0x21b621]
V  [jvm.dll+0x1a4fdd]
V  [jvm.dll+0x22b098]
V  [jvm.dll+0x229159]
V  [jvm.dll+0x7f81ec]
V  [jvm.dll+0x7f274a]
V  [jvm.dll+0x682ad5]
C  [ucrtbase.dll+0x29363]
C  [KERNEL32.DLL+0x1257d]
C  [ntdll.dll+0x5aa58]


---------------  P R O C E S S  ---------------

Threads class SMR info:
_java_thread_list=0x0000026e99455620, length=127, elements={
0x0000026ef537f3a0, 0x0000026e91c1f8d0, 0x0000026e91c20480, 0x0000026e91c793c0,
0x0000026e91c79f70, 0x0000026e91c7ca30, 0x0000026e91c7f600, 0x0000026e91c80f10,
0x0000026e91c81900, 0x0000026e91c857f0, 0x0000026e91e04c90, 0x0000026e91e05160,
0x0000026e9495f080, 0x0000026e941f9270, 0x0000026e941e2e00, 0x0000026e931df180,
0x0000026e92c7fea0, 0x0000026e932b8860, 0x0000026e92f23870, 0x0000026e94157d40,
0x0000026e941573a0, 0x0000026e941551f0, 0x0000026e94155b90, 0x0000026e94158210,
0x0000026e94154850, 0x0000026e94157870, 0x0000026e94154d20, 0x0000026e94156060,
0x0000026e94156530, 0x0000026e941556c0, 0x0000026e971e9360, 0x0000026e971e59a0,
0x0000026e971e5e70, 0x0000026e971e7b50, 0x0000026e971e8020, 0x0000026e971ed1f0,
0x0000026e971e9830, 0x0000026e971e8e90, 0x0000026e971e71b0, 0x0000026e971ebeb0,
0x0000026e971ec380, 0x0000026e971e6810, 0x0000026e971e84f0, 0x0000026e971ea1d0,
0x0000026e971e7680, 0x0000026e971e89c0, 0x0000026e971ea6a0, 0x0000026e971eb040,
0x0000026e971eb510, 0x0000026e971eb9e0, 0x0000026e96ebdf60, 0x0000026e96ec0f80,
0x0000026e96ec57b0, 0x0000026e96ec4e10, 0x0000026e96ec3fa0, 0x0000026e96ec1450,
0x0000026e96ec05e0, 0x0000026e96ec3ad0, 0x0000026e96ebf2a0, 0x0000026e96ec1920,
0x0000026e96ec1df0, 0x0000026e96ec22c0, 0x0000026e96ec4940, 0x0000026e96ec4470,
0x0000026e96ec52e0, 0x0000026e96ebe430, 0x0000026e96ec0110, 0x0000026e96ebe900,
0x0000026e96ebedd0, 0x0000026e96ebf770, 0x0000026e96ebfc40, 0x0000026e96ec0ab0,
0x0000026e96ec2790, 0x0000026e96ec2c60, 0x0000026e96ec3130, 0x0000026e96ec3600,
0x0000026e9946e0c0, 0x0000026e994715b0, 0x0000026e9946e590, 0x0000026e994728f0,
0x0000026e9946ea60, 0x0000026e99470c10, 0x0000026e9946ef30, 0x0000026e9946f400,
0x0000026e9946f8d0, 0x0000026e994710e0, 0x0000026e99473290, 0x0000026e9946dbf0,
0x0000026e9946fda0, 0x0000026e99471f50, 0x0000026e99474100, 0x0000026e99472420,
0x0000026e99472dc0, 0x0000026e99473760, 0x0000026e994745d0, 0x0000026e99474aa0,
0x0000026e99473c30, 0x0000026e99474f70, 0x0000026e9946d720, 0x0000026e99470270,
0x0000026e99470740, 0x0000026e99471a80, 0x0000026e97d548b0, 0x0000026e97d53570,
0x0000026e97d54d80, 0x0000026e97d578d0, 0x0000026e97d57da0, 0x0000026e97d595b0,
0x0000026e97d530a0, 0x0000026e97d5a8f0, 0x0000026e97d53a40, 0x0000026e97d58270,
0x0000026e97d55250, 0x0000026e97d55720, 0x0000026e97d590e0, 0x0000026e97d59f50,
0x0000026e97d56590, 0x0000026e97d53f10, 0x0000026e97d57400, 0x0000026e97d58740,
0x0000026e97d55bf0, 0x0000026e97d560c0, 0x0000026e97d56a60, 0x0000026e97d58c10,
0x0000026e97d5a420, 0x0000026e97d56f30, 0x0000026e9405f920
}

Java Threads: ( => current thread )
  0x0000026ef537f3a0 JavaThread "main" [_thread_blocked, id=11416, stack(0x000000a631f00000,0x000000a632000000)]
  0x0000026e91c1f8d0 JavaThread "Reference Handler" daemon [_thread_blocked, id=13116, stack(0x000000a632600000,0x000000a632700000)]
  0x0000026e91c20480 JavaThread "Finalizer" daemon [_thread_blocked, id=15888, stack(0x000000a632700000,0x000000a632800000)]
  0x0000026e91c793c0 JavaThread "Signal Dispatcher" daemon [_thread_blocked, id=14528, stack(0x000000a632800000,0x000000a632900000)]
  0x0000026e91c79f70 JavaThread "Attach Listener" daemon [_thread_blocked, id=11760, stack(0x000000a632900000,0x000000a632a00000)]
  0x0000026e91c7ca30 JavaThread "Service Thread" daemon [_thread_blocked, id=12492, stack(0x000000a632a00000,0x000000a632b00000)]
  0x0000026e91c7f600 JavaThread "Monitor Deflation Thread" daemon [_thread_blocked, id=14420, stack(0x000000a632b00000,0x000000a632c00000)]
=>0x0000026e91c80f10 JavaThread "C2 CompilerThread0" daemon [_thread_in_native, id=9556, stack(0x000000a632c00000,0x000000a632d00000)]
  0x0000026e91c81900 JavaThread "C1 CompilerThread0" daemon [_thread_in_native, id=9348, stack(0x000000a632d00000,0x000000a632e00000)]
  0x0000026e91c857f0 JavaThread "Sweeper thread" daemon [_thread_blocked, id=14364, stack(0x000000a632e00000,0x000000a632f00000)]
  0x0000026e91e04c90 JavaThread "Common-Cleaner" daemon [_thread_blocked, id=14452, stack(0x000000a632f00000,0x000000a633000000)]
  0x0000026e91e05160 JavaThread "Notification Thread" daemon [_thread_blocked, id=14744, stack(0x000000a633000000,0x000000a633100000)]
  0x0000026e9495f080 JavaThread "Daemon health stats" [_thread_blocked, id=11472, stack(0x000000a633800000,0x000000a633900000)]
  0x0000026e941f9270 JavaThread "Incoming local TCP Connector on port 55381" [_thread_in_native, id=12968, stack(0x000000a633900000,0x000000a633a00000)]
  0x0000026e941e2e00 JavaThread "Daemon periodic checks" [_thread_blocked, id=16200, stack(0x000000a633a00000,0x000000a633b00000)]
  0x0000026e931df180 JavaThread "Daemon" [_thread_blocked, id=11568, stack(0x000000a633b00000,0x000000a633c00000)]
  0x0000026e92c7fea0 JavaThread "Handler for socket connection from /127.0.0.1:55381 to /127.0.0.1:55382" [_thread_in_native, id=13220, stack(0x000000a633c00000,0x000000a633d00000)]
  0x0000026e932b8860 JavaThread "Cancel handler" [_thread_blocked, id=13128, stack(0x000000a633d00000,0x000000a633e00000)]
  0x0000026e92f23870 JavaThread "Daemon worker" [_thread_in_Java, id=14780, stack(0x000000a633e00000,0x000000a633f00000)]
  0x0000026e94157d40 JavaThread "Asynchronous log dispatcher for DefaultDaemonConnection: socket connection from /127.0.0.1:55381 to /127.0.0.1:55382" [_thread_blocked, id=540, stack(0x000000a633f00000,0x000000a634000000)]
  0x0000026e941573a0 JavaThread "Stdin handler" [_thread_blocked, id=8896, stack(0x000000a634000000,0x000000a634100000)]
  0x0000026e941551f0 JavaThread "Daemon client event forwarder" [_thread_blocked, id=13484, stack(0x000000a634100000,0x000000a634200000)]
  0x0000026e94155b90 JavaThread "Cache worker for journal cache (C:\Users\User\.gradle\caches\journal-1)" [_thread_blocked, id=10904, stack(0x000000a634600000,0x000000a634700000)]
  0x0000026e94158210 JavaThread "File lock request listener" [_thread_in_native, id=13520, stack(0x000000a634700000,0x000000a634800000)]
  0x0000026e94154850 JavaThread "Cache worker for file hash cache (C:\Users\User\.gradle\caches\8.0\fileHashes)" [_thread_blocked, id=9008, stack(0x000000a634800000,0x000000a634900000)]
  0x0000026e94157870 JavaThread "File watcher server" daemon [_thread_in_native, id=2828, stack(0x000000a634c00000,0x000000a634d00000)]
  0x0000026e94154d20 JavaThread "File watcher consumer" daemon [_thread_blocked, id=15344, stack(0x000000a634d00000,0x000000a634e00000)]
  0x0000026e94156060 JavaThread "Cache worker for checksums cache (C:\Users\User\AndroidStudioProjects\RepairPal\.gradle\8.0\checksums)" [_thread_blocked, id=10148, stack(0x000000a634e00000,0x000000a634f00000)]
  0x0000026e94156530 JavaThread "Cache worker for cache directory md-rule (C:\Users\User\.gradle\caches\8.0\md-rule)" [_thread_blocked, id=8736, stack(0x000000a634f00000,0x000000a635000000)]
  0x0000026e941556c0 JavaThread "Cache worker for file content cache (C:\Users\User\.gradle\caches\8.0\fileContent)" [_thread_blocked, id=11364, stack(0x000000a635000000,0x000000a635100000)]
  0x0000026e971e9360 JavaThread "Cache worker for file hash cache (C:\Users\User\AndroidStudioProjects\RepairPal\.gradle\8.0\fileHashes)" [_thread_blocked, id=13024, stack(0x000000a635100000,0x000000a635200000)]
  0x0000026e971e59a0 JavaThread "Cache worker for cache directory md-supplier (C:\Users\User\.gradle\caches\8.0\md-supplier)" [_thread_blocked, id=14488, stack(0x000000a635200000,0x000000a635300000)]
  0x0000026e971e5e70 JavaThread "Cache worker for execution history cache (C:\Users\User\.gradle\caches\8.0\executionHistory)" [_thread_blocked, id=14284, stack(0x000000a635300000,0x000000a635400000)]
  0x0000026e971e7b50 JavaThread "jar transforms" [_thread_blocked, id=3584, stack(0x000000a635400000,0x000000a635500000)]
  0x0000026e971e8020 JavaThread "jar transforms Thread 2" [_thread_blocked, id=8608, stack(0x000000a635500000,0x000000a635600000)]
  0x0000026e971ed1f0 JavaThread "Cache worker for kotlin-dsl (C:\Users\User\.gradle\caches\8.0\kotlin-dsl)" [_thread_blocked, id=14140, stack(0x000000a635600000,0x000000a635700000)]
  0x0000026e971e9830 JavaThread "jar transforms Thread 3" [_thread_blocked, id=5060, stack(0x000000a635700000,0x000000a635800000)]
  0x0000026e971e8e90 JavaThread "jar transforms Thread 4" [_thread_blocked, id=9336, stack(0x000000a635800000,0x000000a635900000)]
  0x0000026e971e71b0 JavaThread "Cache worker for dependencies-accessors (C:\Users\User\AndroidStudioProjects\RepairPal\.gradle\8.0\dependencies-accessors)" [_thread_blocked, id=16232, stack(0x000000a635900000,0x000000a635a00000)]
  0x0000026e971ebeb0 JavaThread "Cache worker for Build Output Cleanup Cache (C:\Users\User\AndroidStudioProjects\RepairPal\.gradle\buildOutputCleanup)" [_thread_blocked, id=6488, stack(0x000000a635a00000,0x000000a635b00000)]
  0x0000026e971ec380 JavaThread "jar transforms Thread 5" [_thread_blocked, id=15632, stack(0x000000a635b00000,0x000000a635c00000)]
  0x0000026e971e6810 JavaThread "Unconstrained build operations" [_thread_blocked, id=13204, stack(0x000000a635c00000,0x000000a635d00000)]
  0x0000026e971e84f0 JavaThread "Unconstrained build operations Thread 2" [_thread_blocked, id=10384, stack(0x000000a635d00000,0x000000a635e00000)]
  0x0000026e971ea1d0 JavaThread "Unconstrained build operations Thread 3" [_thread_blocked, id=2560, stack(0x000000a635e00000,0x000000a635f00000)]
  0x0000026e971e7680 JavaThread "Unconstrained build operations Thread 4" [_thread_blocked, id=9448, stack(0x000000a635f00000,0x000000a636000000)]
  0x0000026e971e89c0 JavaThread "Unconstrained build operations Thread 5" [_thread_blocked, id=13056, stack(0x000000a636000000,0x000000a636100000)]
  0x0000026e971ea6a0 JavaThread "Unconstrained build operations Thread 6" [_thread_blocked, id=11664, stack(0x000000a636100000,0x000000a636200000)]
  0x0000026e971eb040 JavaThread "Unconstrained build operations Thread 7" [_thread_blocked, id=15720, stack(0x000000a636200000,0x000000a636300000)]
  0x0000026e971eb510 JavaThread "Unconstrained build operations Thread 8" [_thread_blocked, id=6712, stack(0x000000a636300000,0x000000a636400000)]
  0x0000026e971eb9e0 JavaThread "Unconstrained build operations Thread 9" [_thread_blocked, id=13352, stack(0x000000a636400000,0x000000a636500000)]
  0x0000026e96ebdf60 JavaThread "Unconstrained build operations Thread 10" [_thread_blocked, id=13444, stack(0x000000a636500000,0x000000a636600000)]
  0x0000026e96ec0f80 JavaThread "Unconstrained build operations Thread 11" [_thread_blocked, id=14756, stack(0x000000a636600000,0x000000a636700000)]
  0x0000026e96ec57b0 JavaThread "Unconstrained build operations Thread 12" [_thread_blocked, id=14428, stack(0x000000a636700000,0x000000a636800000)]
  0x0000026e96ec4e10 JavaThread "Unconstrained build operations Thread 13" [_thread_blocked, id=12516, stack(0x000000a636800000,0x000000a636900000)]
  0x0000026e96ec3fa0 JavaThread "Unconstrained build operations Thread 14" [_thread_blocked, id=12588, stack(0x000000a636900000,0x000000a636a00000)]
  0x0000026e96ec1450 JavaThread "Unconstrained build operations Thread 15" [_thread_blocked, id=14908, stack(0x000000a636a00000,0x000000a636b00000)]
  0x0000026e96ec05e0 JavaThread "Unconstrained build operations Thread 16" [_thread_blocked, id=14444, stack(0x000000a636b00000,0x000000a636c00000)]
  0x0000026e96ec3ad0 JavaThread "Unconstrained build operations Thread 17" [_thread_blocked, id=15656, stack(0x000000a636c00000,0x000000a636d00000)]
  0x0000026e96ebf2a0 JavaThread "Unconstrained build operations Thread 18" [_thread_blocked, id=3560, stack(0x000000a636d00000,0x000000a636e00000)]
  0x0000026e96ec1920 JavaThread "Unconstrained build operations Thread 19" [_thread_blocked, id=15472, stack(0x000000a636e00000,0x000000a636f00000)]
  0x0000026e96ec1df0 JavaThread "Unconstrained build operations Thread 20" [_thread_blocked, id=8744, stack(0x000000a636f00000,0x000000a637000000)]
  0x0000026e96ec22c0 JavaThread "Unconstrained build operations Thread 21" [_thread_blocked, id=13684, stack(0x000000a637000000,0x000000a637100000)]
  0x0000026e96ec4940 JavaThread "Unconstrained build operations Thread 22" [_thread_blocked, id=9928, stack(0x000000a637100000,0x000000a637200000)]
  0x0000026e96ec4470 JavaThread "Unconstrained build operations Thread 23" [_thread_blocked, id=11100, stack(0x000000a637200000,0x000000a637300000)]
  0x0000026e96ec52e0 JavaThread "Unconstrained build operations Thread 24" [_thread_blocked, id=3324, stack(0x000000a637300000,0x000000a637400000)]
  0x0000026e96ebe430 JavaThread "Unconstrained build operations Thread 25" [_thread_blocked, id=7692, stack(0x000000a637400000,0x000000a637500000)]
  0x0000026e96ec0110 JavaThread "Unconstrained build operations Thread 26" [_thread_blocked, id=8324, stack(0x000000a637500000,0x000000a637600000)]
  0x0000026e96ebe900 JavaThread "Unconstrained build operations Thread 27" [_thread_blocked, id=7796, stack(0x000000a637600000,0x000000a637700000)]
  0x0000026e96ebedd0 JavaThread "Unconstrained build operations Thread 28" [_thread_blocked, id=13532, stack(0x000000a637700000,0x000000a637800000)]
  0x0000026e96ebf770 JavaThread "Unconstrained build operations Thread 29" [_thread_blocked, id=11988, stack(0x000000a637800000,0x000000a637900000)]
  0x0000026e96ebfc40 JavaThread "Unconstrained build operations Thread 30" [_thread_blocked, id=15132, stack(0x000000a637900000,0x000000a637a00000)]
  0x0000026e96ec0ab0 JavaThread "Unconstrained build operations Thread 31" [_thread_blocked, id=6388, stack(0x000000a637a00000,0x000000a637b00000)]
  0x0000026e96ec2790 JavaThread "Unconstrained build operations Thread 32" [_thread_blocked, id=8, stack(0x000000a637b00000,0x000000a637c00000)]
  0x0000026e96ec2c60 JavaThread "Unconstrained build operations Thread 33" [_thread_blocked, id=9580, stack(0x000000a637c00000,0x000000a637d00000)]
  0x0000026e96ec3130 JavaThread "Unconstrained build operations Thread 34" [_thread_blocked, id=6612, stack(0x000000a637d00000,0x000000a637e00000)]
  0x0000026e96ec3600 JavaThread "Unconstrained build operations Thread 35" [_thread_blocked, id=16164, stack(0x000000a637e00000,0x000000a637f00000)]
  0x0000026e9946e0c0 JavaThread "Unconstrained build operations Thread 36" [_thread_blocked, id=12080, stack(0x000000a637f00000,0x000000a638000000)]
  0x0000026e994715b0 JavaThread "Unconstrained build operations Thread 37" [_thread_blocked, id=8320, stack(0x000000a638000000,0x000000a638100000)]
  0x0000026e9946e590 JavaThread "Unconstrained build operations Thread 38" [_thread_blocked, id=16028, stack(0x000000a638100000,0x000000a638200000)]
  0x0000026e994728f0 JavaThread "Unconstrained build operations Thread 39" [_thread_blocked, id=15196, stack(0x000000a638200000,0x000000a638300000)]
  0x0000026e9946ea60 JavaThread "Unconstrained build operations Thread 40" [_thread_blocked, id=13688, stack(0x000000a638300000,0x000000a638400000)]
  0x0000026e99470c10 JavaThread "Unconstrained build operations Thread 41" [_thread_blocked, id=14328, stack(0x000000a638400000,0x000000a638500000)]
  0x0000026e9946ef30 JavaThread "Unconstrained build operations Thread 42" [_thread_blocked, id=10776, stack(0x000000a638500000,0x000000a638600000)]
  0x0000026e9946f400 JavaThread "Unconstrained build operations Thread 43" [_thread_blocked, id=4692, stack(0x000000a638600000,0x000000a638700000)]
  0x0000026e9946f8d0 JavaThread "Unconstrained build operations Thread 44" [_thread_blocked, id=16296, stack(0x000000a638700000,0x000000a638800000)]
  0x0000026e994710e0 JavaThread "Unconstrained build operations Thread 45" [_thread_blocked, id=15704, stack(0x000000a638800000,0x000000a638900000)]
  0x0000026e99473290 JavaThread "Unconstrained build operations Thread 46" [_thread_blocked, id=11640, stack(0x000000a638900000,0x000000a638a00000)]
  0x0000026e9946dbf0 JavaThread "Unconstrained build operations Thread 47" [_thread_blocked, id=15708, stack(0x000000a638a00000,0x000000a638b00000)]
  0x0000026e9946fda0 JavaThread "Unconstrained build operations Thread 48" [_thread_blocked, id=7448, stack(0x000000a638b00000,0x000000a638c00000)]
  0x0000026e99471f50 JavaThread "Unconstrained build operations Thread 49" [_thread_blocked, id=1524, stack(0x000000a638c00000,0x000000a638d00000)]
  0x0000026e99474100 JavaThread "Unconstrained build operations Thread 50" [_thread_blocked, id=15804, stack(0x000000a638d00000,0x000000a638e00000)]
  0x0000026e99472420 JavaThread "Unconstrained build operations Thread 51" [_thread_blocked, id=11276, stack(0x000000a638e00000,0x000000a638f00000)]
  0x0000026e99472dc0 JavaThread "Unconstrained build operations Thread 52" [_thread_blocked, id=14120, stack(0x000000a638f00000,0x000000a639000000)]
  0x0000026e99473760 JavaThread "Unconstrained build operations Thread 53" [_thread_blocked, id=15012, stack(0x000000a639000000,0x000000a639100000)]
  0x0000026e994745d0 JavaThread "Unconstrained build operations Thread 54" [_thread_blocked, id=7868, stack(0x000000a639100000,0x000000a639200000)]
  0x0000026e99474aa0 JavaThread "Unconstrained build operations Thread 55" [_thread_blocked, id=15144, stack(0x000000a639200000,0x000000a639300000)]
  0x0000026e99473c30 JavaThread "Unconstrained build operations Thread 56" [_thread_blocked, id=4268, stack(0x000000a639300000,0x000000a639400000)]
  0x0000026e99474f70 JavaThread "Unconstrained build operations Thread 57" [_thread_blocked, id=13008, stack(0x000000a639400000,0x000000a639500000)]
  0x0000026e9946d720 JavaThread "Unconstrained build operations Thread 58" [_thread_blocked, id=6884, stack(0x000000a639500000,0x000000a639600000)]
  0x0000026e99470270 JavaThread "Unconstrained build operations Thread 59" [_thread_blocked, id=14432, stack(0x000000a639600000,0x000000a639700000)]
  0x0000026e99470740 JavaThread "Unconstrained build operations Thread 60" [_thread_blocked, id=11672, stack(0x000000a639700000,0x000000a639800000)]
  0x0000026e99471a80 JavaThread "Unconstrained build operations Thread 61" [_thread_blocked, id=7128, stack(0x000000a639800000,0x000000a639900000)]
  0x0000026e97d548b0 JavaThread "Unconstrained build operations Thread 62" [_thread_blocked, id=13972, stack(0x000000a639900000,0x000000a639a00000)]
  0x0000026e97d53570 JavaThread "Unconstrained build operations Thread 63" [_thread_blocked, id=15428, stack(0x000000a639a00000,0x000000a639b00000)]
  0x0000026e97d54d80 JavaThread "Unconstrained build operations Thread 64" [_thread_blocked, id=14696, stack(0x000000a639b00000,0x000000a639c00000)]
  0x0000026e97d578d0 JavaThread "Unconstrained build operations Thread 65" [_thread_blocked, id=12872, stack(0x000000a639c00000,0x000000a639d00000)]
  0x0000026e97d57da0 JavaThread "Unconstrained build operations Thread 66" [_thread_blocked, id=15064, stack(0x000000a639d00000,0x000000a639e00000)]
  0x0000026e97d595b0 JavaThread "Unconstrained build operations Thread 67" [_thread_blocked, id=12120, stack(0x000000a639e00000,0x000000a639f00000)]
  0x0000026e97d530a0 JavaThread "Unconstrained build operations Thread 68" [_thread_blocked, id=9392, stack(0x000000a639f00000,0x000000a63a000000)]
  0x0000026e97d5a8f0 JavaThread "Unconstrained build operations Thread 69" [_thread_blocked, id=14300, stack(0x000000a63a000000,0x000000a63a100000)]
  0x0000026e97d53a40 JavaThread "Unconstrained build operations Thread 70" [_thread_blocked, id=4164, stack(0x000000a63a100000,0x000000a63a200000)]
  0x0000026e97d58270 JavaThread "Unconstrained build operations Thread 71" [_thread_blocked, id=14920, stack(0x000000a63a200000,0x000000a63a300000)]
  0x0000026e97d55250 JavaThread "Unconstrained build operations Thread 72" [_thread_blocked, id=15244, stack(0x000000a63a300000,0x000000a63a400000)]
  0x0000026e97d55720 JavaThread "Unconstrained build operations Thread 73" [_thread_blocked, id=5116, stack(0x000000a63a400000,0x000000a63a500000)]
  0x0000026e97d590e0 JavaThread "Unconstrained build operations Thread 74" [_thread_blocked, id=9468, stack(0x000000a63a500000,0x000000a63a600000)]
  0x0000026e97d59f50 JavaThread "Unconstrained build operations Thread 75" [_thread_blocked, id=13232, stack(0x000000a63a600000,0x000000a63a700000)]
  0x0000026e97d56590 JavaThread "Unconstrained build operations Thread 76" [_thread_blocked, id=14572, stack(0x000000a63a700000,0x000000a63a800000)]
  0x0000026e97d53f10 JavaThread "Unconstrained build operations Thread 77" [_thread_blocked, id=16040, stack(0x000000a63a800000,0x000000a63a900000)]
  0x0000026e97d57400 JavaThread "Unconstrained build operations Thread 78" [_thread_blocked, id=2524, stack(0x000000a63a900000,0x000000a63aa00000)]
  0x0000026e97d58740 JavaThread "Unconstrained build operations Thread 79" [_thread_blocked, id=12964, stack(0x000000a63aa00000,0x000000a63ab00000)]
  0x0000026e97d55bf0 JavaThread "Unconstrained build operations Thread 80" [_thread_blocked, id=1160, stack(0x000000a63ab00000,0x000000a63ac00000)]
  0x0000026e97d560c0 JavaThread "jar transforms Thread 6" [_thread_blocked, id=1148, stack(0x000000a63ac00000,0x000000a63ad00000)]
  0x0000026e97d56a60 JavaThread "jar transforms Thread 7" [_thread_blocked, id=15152, stack(0x000000a63ad00000,0x000000a63ae00000)]
  0x0000026e97d58c10 JavaThread "jar transforms Thread 8" [_thread_blocked, id=16356, stack(0x000000a63ae00000,0x000000a63af00000)]
  0x0000026e97d5a420 JavaThread "build event listener" [_thread_blocked, id=14164, stack(0x000000a63af00000,0x000000a63b000000)]
  0x0000026e97d56f30 JavaThread "Memory manager" [_thread_blocked, id=9520, stack(0x000000a63b000000,0x000000a63b100000)]
  0x0000026e9405f920 JavaThread "C2 CompilerThread1" daemon [_thread_in_native, id=14096, stack(0x000000a633200000,0x000000a633300000)]

Other Threads:
  0x0000026e91c1d030 VMThread "VM Thread" [stack: 0x000000a632500000,0x000000a632600000] [id=3224]
  0x0000026e91e07640 WatcherThread [stack: 0x000000a633100000,0x000000a633200000] [id=12948]
  0x0000026ef53d9ed0 GCTaskThread "GC Thread#0" [stack: 0x000000a632000000,0x000000a632100000] [id=15204]
  0x0000026e929fe030 GCTaskThread "GC Thread#1" [stack: 0x000000a633400000,0x000000a633500000] [id=1772]
  0x0000026e922218f0 GCTaskThread "GC Thread#2" [stack: 0x000000a633500000,0x000000a633600000] [id=13304]
  0x0000026e92aaebf0 GCTaskThread "GC Thread#3" [stack: 0x000000a633600000,0x000000a633700000] [id=9696]
  0x0000026e9309c930 GCTaskThread "GC Thread#4" [stack: 0x000000a633700000,0x000000a633800000] [id=5044]
  0x0000026e92e8f350 GCTaskThread "GC Thread#5" [stack: 0x000000a634200000,0x000000a634300000] [id=10900]
  0x0000026e92e8e330 GCTaskThread "GC Thread#6" [stack: 0x000000a634300000,0x000000a634400000] [id=15376]
  0x0000026e92e8f8b0 GCTaskThread "GC Thread#7" [stack: 0x000000a634400000,0x000000a634500000] [id=15424]
  0x0000026ef53eae10 ConcurrentGCThread "G1 Main Marker" [stack: 0x000000a632100000,0x000000a632200000] [id=2400]
  0x0000026ef53eb820 ConcurrentGCThread "G1 Conc#0" [stack: 0x000000a632200000,0x000000a632300000] [id=12244]
  0x0000026e92e8edf0 ConcurrentGCThread "G1 Conc#1" [stack: 0x000000a634500000,0x000000a634600000] [id=13540]
  0x0000026ef5437bc0 ConcurrentGCThread "G1 Refine#0" [stack: 0x000000a632300000,0x000000a632400000] [id=11540]
  0x0000026e94e440c0 ConcurrentGCThread "G1 Refine#1" [stack: 0x000000a634900000,0x000000a634a00000] [id=15816]
  0x0000026e94e45d80 ConcurrentGCThread "G1 Refine#2" [stack: 0x000000a634a00000,0x000000a634b00000] [id=5212]
  0x0000026e94e45200 ConcurrentGCThread "G1 Refine#3" [stack: 0x000000a634b00000,0x000000a634c00000] [id=9756]
  0x0000026e993c7b60 ConcurrentGCThread "G1 Refine#4" [stack: 0x000000a633300000,0x000000a633400000] [id=4440]
  0x0000026e993c8ca0 ConcurrentGCThread "G1 Refine#5" [stack: 0x000000a63b100000,0x000000a63b200000] [id=6012]
  0x0000026e993c58e0 ConcurrentGCThread "G1 Refine#6" [stack: 0x000000a63b200000,0x000000a63b300000] [id=16052]
  0x0000026e993c5ea0 ConcurrentGCThread "G1 Refine#7" [stack: 0x000000a63b300000,0x000000a63b400000] [id=15896]
  0x0000026e910762d0 ConcurrentGCThread "G1 Service" [stack: 0x000000a632400000,0x000000a632500000] [id=5416]

Threads with active compile tasks:
C2 CompilerThread0    12366 10180       4       java.util.regex.Pattern::split (288 bytes)
C1 CompilerThread0    12366 10311       2       org.jetbrains.kotlin.metadata.ProtoBuf$Annotation$Argument$Value::writeTo (272 bytes)
C2 CompilerThread1    12366 10232   !   4       org.jetbrains.kotlin.metadata.ProtoBuf$Type::<init> (875 bytes)

VM state: not at safepoint (normal execution)

VM Mutex/Monitor currently owned by a thread: None

Heap address: 0x0000000080000000, size: 2048 MB, Compressed Oops mode: 32-bit

CDS archive(s) not mapped
Compressed class space mapped at: 0x0000000100000000-0x0000000140000000, reserved size: 1073741824
Narrow klass base: 0x0000000000000000, Narrow klass shift: 3, Narrow klass range: 0x140000000

GC Precious Log:
 CPUs: 8 total, 8 available
 Memory: 7991M
 Large Page Support: Disabled
 NUMA Support: Disabled
 Compressed Oops: Enabled (32-bit)
 Heap Region Size: 1M
 Heap Min Capacity: 8M
 Heap Initial Capacity: 126M
 Heap Max Capacity: 2G
 Pre-touch: Disabled
 Parallel Workers: 8
 Concurrent Workers: 2
 Concurrent Refinement Workers: 8
 Periodic GC: Disabled

Heap:
 garbage-first heap   total 237568K, used 144707K [0x0000000080000000, 0x0000000100000000)
  region size 1024K, 20 young (20480K), 4 survivors (4096K)
 Metaspace       used 118123K, committed 118784K, reserved 1155072K
  class space    used 15860K, committed 16192K, reserved 1048576K

Heap Regions: E=young(eden), S=young(survivor), O=old, HS=humongous(starts), HC=humongous(continues), CS=collection set, F=free, OA=open archive, CA=closed archive, TAMS=top-at-mark-start (previous, next)
|   0|0x0000000080000000, 0x0000000080100000, 0x0000000080100000|100%|HS|  |TAMS 0x0000000080100000, 0x0000000080000000| Complete 
|   1|0x0000000080100000, 0x0000000080200000, 0x0000000080200000|100%|HC|  |TAMS 0x0000000080200000, 0x0000000080100000| Complete 
|   2|0x0000000080200000, 0x0000000080300000, 0x0000000080300000|100%|HC|  |TAMS 0x0000000080300000, 0x0000000080200000| Complete 
|   3|0x0000000080300000, 0x0000000080400000, 0x0000000080400000|100%|HC|  |TAMS 0x0000000080400000, 0x0000000080300000| Complete 
|   4|0x0000000080400000, 0x0000000080500000, 0x0000000080500000|100%| O|  |TAMS 0x0000000080500000, 0x0000000080400000| Untracked 
|   5|0x0000000080500000, 0x0000000080600000, 0x0000000080600000|100%| O|  |TAMS 0x0000000080600000, 0x0000000080500000| Untracked 
|   6|0x0000000080600000, 0x0000000080700000, 0x0000000080700000|100%| O|  |TAMS 0x0000000080700000, 0x0000000080600000| Untracked 
|   7|0x0000000080700000, 0x0000000080800000, 0x0000000080800000|100%| O|  |TAMS 0x0000000080800000, 0x0000000080700000| Untracked 
|   8|0x0000000080800000, 0x0000000080900000, 0x0000000080900000|100%| O|  |TAMS 0x0000000080900000, 0x0000000080800000| Untracked 
|   9|0x0000000080900000, 0x0000000080a00000, 0x0000000080a00000|100%| O|  |TAMS 0x0000000080a00000, 0x0000000080900000| Untracked 
|  10|0x0000000080a00000, 0x0000000080b00000, 0x0000000080b00000|100%| O|  |TAMS 0x0000000080b00000, 0x0000000080a00000| Untracked 
|  11|0x0000000080b00000, 0x0000000080c00000, 0x0000000080c00000|100%| O|  |TAMS 0x0000000080c00000, 0x0000000080b00000| Untracked 
|  12|0x0000000080c00000, 0x0000000080d00000, 0x0000000080d00000|100%| O|  |TAMS 0x0000000080d00000, 0x0000000080c00000| Untracked 
|  13|0x0000000080d00000, 0x0000000080e00000, 0x0000000080e00000|100%| O|  |TAMS 0x0000000080e00000, 0x0000000080d00000| Untracked 
|  14|0x0000000080e00000, 0x0000000080f00000, 0x0000000080f00000|100%| O|  |TAMS 0x0000000080f00000, 0x0000000080e00000| Untracked 
|  15|0x0000000080f00000, 0x0000000081000000, 0x0000000081000000|100%| O|  |TAMS 0x0000000081000000, 0x0000000080f00000| Untracked 
|  16|0x0000000081000000, 0x0000000081100000, 0x0000000081100000|100%| O|  |TAMS 0x0000000081100000, 0x0000000081000000| Untracked 
|  17|0x0000000081100000, 0x0000000081200000, 0x0000000081200000|100%| O|  |TAMS 0x0000000081200000, 0x0000000081100000| Untracked 
|  18|0x0000000081200000, 0x0000000081300000, 0x0000000081300000|100%| O|  |TAMS 0x0000000081300000, 0x0000000081200000| Untracked 
|  19|0x0000000081300000, 0x0000000081400000, 0x0000000081400000|100%| O|  |TAMS 0x0000000081400000, 0x0000000081300000| Untracked 
|  20|0x0000000081400000, 0x0000000081500000, 0x0000000081500000|100%| O|  |TAMS 0x0000000081400000, 0x0000000081400000| Untracked 
|  21|0x0000000081500000, 0x0000000081600000, 0x0000000081600000|100%| O|  |TAMS 0x0000000081600000, 0x0000000081500000| Untracked 
|  22|0x0000000081600000, 0x0000000081700000, 0x0000000081700000|100%| O|  |TAMS 0x0000000081700000, 0x0000000081600000| Untracked 
|  23|0x0000000081700000, 0x0000000081800000, 0x0000000081800000|100%| O|  |TAMS 0x0000000081800000, 0x0000000081700000| Untracked 
|  24|0x0000000081800000, 0x0000000081900000, 0x0000000081900000|100%| O|  |TAMS 0x0000000081900000, 0x0000000081800000| Untracked 
|  25|0x0000000081900000, 0x0000000081a00000, 0x0000000081a00000|100%| O|  |TAMS 0x0000000081a00000, 0x0000000081900000| Untracked 
|  26|0x0000000081a00000, 0x0000000081b00000, 0x0000000081b00000|100%| O|  |TAMS 0x0000000081b00000, 0x0000000081a00000| Untracked 
|  27|0x0000000081b00000, 0x0000000081c00000, 0x0000000081c00000|100%| O|  |TAMS 0x0000000081c00000, 0x0000000081b00000| Untracked 
|  28|0x0000000081c00000, 0x0000000081d00000, 0x0000000081d00000|100%| O|  |TAMS 0x0000000081d00000, 0x0000000081c00000| Untracked 
|  29|0x0000000081d00000, 0x0000000081e00000, 0x0000000081e00000|100%|HS|  |TAMS 0x0000000081e00000, 0x0000000081d00000| Complete 
|  30|0x0000000081e00000, 0x0000000081f00000, 0x0000000081f00000|100%|HS|  |TAMS 0x0000000081f00000, 0x0000000081e00000| Complete 
|  31|0x0000000081f00000, 0x0000000082000000, 0x0000000082000000|100%|HS|  |TAMS 0x0000000082000000, 0x0000000081f00000| Complete 
|  32|0x0000000082000000, 0x0000000082100000, 0x0000000082100000|100%|HC|  |TAMS 0x0000000082100000, 0x0000000082000000| Complete 
|  33|0x0000000082100000, 0x0000000082200000, 0x0000000082200000|100%|HS|  |TAMS 0x0000000082200000, 0x0000000082100000| Complete 
|  34|0x0000000082200000, 0x0000000082300000, 0x0000000082300000|100%| O|  |TAMS 0x0000000082300000, 0x0000000082200000| Untracked 
|  35|0x0000000082300000, 0x0000000082400000, 0x0000000082400000|100%| O|  |TAMS 0x0000000082400000, 0x0000000082300000| Untracked 
|  36|0x0000000082400000, 0x0000000082500000, 0x0000000082500000|100%| O|  |TAMS 0x0000000082500000, 0x0000000082400000| Untracked 
|  37|0x0000000082500000, 0x0000000082600000, 0x0000000082600000|100%| O|  |TAMS 0x0000000082600000, 0x0000000082500000| Untracked 
|  38|0x0000000082600000, 0x0000000082700000, 0x0000000082700000|100%| O|  |TAMS 0x0000000082700000, 0x0000000082600000| Untracked 
|  39|0x0000000082700000, 0x0000000082800000, 0x0000000082800000|100%| O|  |TAMS 0x0000000082800000, 0x0000000082700000| Untracked 
|  40|0x0000000082800000, 0x0000000082900000, 0x0000000082900000|100%| O|  |TAMS 0x0000000082900000, 0x0000000082800000| Untracked 
|  41|0x0000000082900000, 0x0000000082a00000, 0x0000000082a00000|100%|HS|  |TAMS 0x0000000082a00000, 0x0000000082900000| Complete 
|  42|0x0000000082a00000, 0x0000000082b00000, 0x0000000082b00000|100%|HC|  |TAMS 0x0000000082b00000, 0x0000000082a00000| Complete 
|  43|0x0000000082b00000, 0x0000000082c00000, 0x0000000082c00000|100%|HC|  |TAMS 0x0000000082c00000, 0x0000000082b00000| Complete 
|  44|0x0000000082c00000, 0x0000000082d00000, 0x0000000082d00000|100%|HC|  |TAMS 0x0000000082d00000, 0x0000000082c00000| Complete 
|  45|0x0000000082d00000, 0x0000000082e00000, 0x0000000082e00000|100%| O|  |TAMS 0x0000000082e00000, 0x0000000082d00000| Untracked 
|  46|0x0000000082e00000, 0x0000000082f00000, 0x0000000082f00000|100%| O|  |TAMS 0x0000000082f00000, 0x0000000082e00000| Untracked 
|  47|0x0000000082f00000, 0x0000000083000000, 0x0000000083000000|100%| O|  |TAMS 0x0000000083000000, 0x0000000082f00000| Untracked 
|  48|0x0000000083000000, 0x0000000083100000, 0x0000000083100000|100%| O|  |TAMS 0x0000000083100000, 0x0000000083000000| Untracked 
|  49|0x0000000083100000, 0x0000000083200000, 0x0000000083200000|100%| O|  |TAMS 0x0000000083200000, 0x0000000083100000| Untracked 
|  50|0x0000000083200000, 0x0000000083300000, 0x0000000083300000|100%| O|  |TAMS 0x0000000083200000, 0x0000000083200000| Untracked 
|  51|0x0000000083300000, 0x0000000083400000, 0x0000000083400000|100%| O|  |TAMS 0x0000000083400000, 0x0000000083300000| Untracked 
|  52|0x0000000083400000, 0x0000000083500000, 0x0000000083500000|100%| O|  |TAMS 0x0000000083500000, 0x0000000083400000| Untracked 
|  53|0x0000000083500000, 0x0000000083600000, 0x0000000083600000|100%| O|  |TAMS 0x0000000083600000, 0x0000000083500000| Untracked 
|  54|0x0000000083600000, 0x0000000083700000, 0x0000000083700000|100%| O|  |TAMS 0x0000000083700000, 0x0000000083600000| Untracked 
|  55|0x0000000083700000, 0x0000000083800000, 0x0000000083800000|100%| O|  |TAMS 0x0000000083800000, 0x0000000083700000| Untracked 
|  56|0x0000000083800000, 0x0000000083900000, 0x0000000083900000|100%| O|  |TAMS 0x0000000083900000, 0x0000000083800000| Untracked 
|  57|0x0000000083900000, 0x0000000083a00000, 0x0000000083a00000|100%| O|  |TAMS 0x0000000083a00000, 0x0000000083900000| Untracked 
|  58|0x0000000083a00000, 0x0000000083b00000, 0x0000000083b00000|100%| O|  |TAMS 0x0000000083b00000, 0x0000000083a00000| Untracked 
|  59|0x0000000083b00000, 0x0000000083c00000, 0x0000000083c00000|100%| O|  |TAMS 0x0000000083c00000, 0x0000000083b00000| Untracked 
|  60|0x0000000083c00000, 0x0000000083d00000, 0x0000000083d00000|100%| O|  |TAMS 0x0000000083d00000, 0x0000000083c00000| Untracked 
|  61|0x0000000083d00000, 0x0000000083e00000, 0x0000000083e00000|100%| O|  |TAMS 0x0000000083e00000, 0x0000000083d00000| Untracked 
|  62|0x0000000083e00000, 0x0000000083f00000, 0x0000000083f00000|100%| O|  |TAMS 0x0000000083f00000, 0x0000000083e00000| Untracked 
|  63|0x0000000083f00000, 0x0000000084000000, 0x0000000084000000|100%| O|  |TAMS 0x0000000083fc2e00, 0x0000000083f00000| Untracked 
|  64|0x0000000084000000, 0x0000000084100000, 0x0000000084100000|100%| O|  |TAMS 0x0000000084000000, 0x0000000084000000| Untracked 
|  65|0x0000000084100000, 0x0000000084200000, 0x0000000084200000|100%| O|  |TAMS 0x0000000084100000, 0x0000000084100000| Untracked 
|  66|0x0000000084200000, 0x0000000084300000, 0x0000000084300000|100%| O|  |TAMS 0x0000000084200000, 0x0000000084200000| Untracked 
|  67|0x0000000084300000, 0x0000000084400000, 0x0000000084400000|100%| O|  |TAMS 0x0000000084300000, 0x0000000084300000| Untracked 
|  68|0x0000000084400000, 0x0000000084500000, 0x0000000084500000|100%| O|  |TAMS 0x0000000084400000, 0x0000000084400000| Untracked 
|  69|0x0000000084500000, 0x0000000084600000, 0x0000000084600000|100%| O|  |TAMS 0x0000000084500000, 0x0000000084500000| Untracked 
|  70|0x0000000084600000, 0x0000000084700000, 0x0000000084700000|100%| O|  |TAMS 0x0000000084600000, 0x0000000084600000| Untracked 
|  71|0x0000000084700000, 0x0000000084800000, 0x0000000084800000|100%| O|  |TAMS 0x0000000084700000, 0x0000000084700000| Untracked 
|  72|0x0000000084800000, 0x0000000084900000, 0x0000000084900000|100%| O|  |TAMS 0x0000000084800000, 0x0000000084800000| Untracked 
|  73|0x0000000084900000, 0x0000000084a00000, 0x0000000084a00000|100%|HS|  |TAMS 0x0000000084900000, 0x0000000084900000| Complete 
|  74|0x0000000084a00000, 0x0000000084b00000, 0x0000000084b00000|100%|HC|  |TAMS 0x0000000084a00000, 0x0000000084a00000| Complete 
|  75|0x0000000084b00000, 0x0000000084c00000, 0x0000000084c00000|100%|HC|  |TAMS 0x0000000084b00000, 0x0000000084b00000| Complete 
|  76|0x0000000084c00000, 0x0000000084d00000, 0x0000000084d00000|100%|HC|  |TAMS 0x0000000084c00000, 0x0000000084c00000| Complete 
|  77|0x0000000084d00000, 0x0000000084e00000, 0x0000000084e00000|100%|HS|  |TAMS 0x0000000084d00000, 0x0000000084d00000| Complete 
|  78|0x0000000084e00000, 0x0000000084f00000, 0x0000000084f00000|100%|HC|  |TAMS 0x0000000084e00000, 0x0000000084e00000| Complete 
|  79|0x0000000084f00000, 0x0000000085000000, 0x0000000085000000|100%|HC|  |TAMS 0x0000000084f00000, 0x0000000084f00000| Complete 
|  80|0x0000000085000000, 0x0000000085100000, 0x0000000085100000|100%|HC|  |TAMS 0x0000000085000000, 0x0000000085000000| Complete 
|  81|0x0000000085100000, 0x0000000085200000, 0x0000000085200000|100%|HC|  |TAMS 0x0000000085100000, 0x0000000085100000| Complete 
|  82|0x0000000085200000, 0x0000000085300000, 0x0000000085300000|100%|HC|  |TAMS 0x0000000085200000, 0x0000000085200000| Complete 
|  83|0x0000000085300000, 0x0000000085400000, 0x0000000085400000|100%| O|  |TAMS 0x0000000085300000, 0x0000000085300000| Untracked 
|  84|0x0000000085400000, 0x0000000085500000, 0x0000000085500000|100%| O|  |TAMS 0x0000000085400000, 0x0000000085400000| Untracked 
|  85|0x0000000085500000, 0x0000000085600000, 0x0000000085600000|100%| O|  |TAMS 0x0000000085500000, 0x0000000085500000| Untracked 
|  86|0x0000000085600000, 0x0000000085700000, 0x0000000085700000|100%| O|  |TAMS 0x0000000085600000, 0x0000000085600000| Untracked 
|  87|0x0000000085700000, 0x0000000085800000, 0x0000000085800000|100%| O|  |TAMS 0x0000000085700000, 0x0000000085700000| Untracked 
|  88|0x0000000085800000, 0x0000000085900000, 0x0000000085900000|100%| O|  |TAMS 0x0000000085800000, 0x0000000085800000| Untracked 
|  89|0x0000000085900000, 0x0000000085a00000, 0x0000000085a00000|100%| O|  |TAMS 0x0000000085900000, 0x0000000085900000| Untracked 
|  90|0x0000000085a00000, 0x0000000085b00000, 0x0000000085b00000|100%| O|  |TAMS 0x0000000085a00000, 0x0000000085a00000| Untracked 
|  91|0x0000000085b00000, 0x0000000085c00000, 0x0000000085c00000|100%| O|  |TAMS 0x0000000085b00000, 0x0000000085b00000| Untracked 
|  92|0x0000000085c00000, 0x0000000085d00000, 0x0000000085d00000|100%| O|  |TAMS 0x0000000085c00000, 0x0000000085c00000| Untracked 
|  93|0x0000000085d00000, 0x0000000085e00000, 0x0000000085e00000|100%| O|  |TAMS 0x0000000085d00000, 0x0000000085d00000| Untracked 
|  94|0x0000000085e00000, 0x0000000085f00000, 0x0000000085f00000|100%| O|  |TAMS 0x0000000085e00000, 0x0000000085e00000| Untracked 
|  95|0x0000000085f00000, 0x0000000086000000, 0x0000000086000000|100%| O|  |TAMS 0x0000000085f00000, 0x0000000085f00000| Untracked 
|  96|0x0000000086000000, 0x0000000086100000, 0x0000000086100000|100%| O|  |TAMS 0x0000000086000000, 0x0000000086000000| Untracked 
|  97|0x0000000086100000, 0x0000000086200000, 0x0000000086200000|100%| O|  |TAMS 0x0000000086100000, 0x0000000086100000| Untracked 
|  98|0x0000000086200000, 0x0000000086300000, 0x0000000086300000|100%| O|  |TAMS 0x0000000086200000, 0x0000000086200000| Untracked 
|  99|0x0000000086300000, 0x0000000086400000, 0x0000000086400000|100%| O|  |TAMS 0x0000000086300000, 0x0000000086300000| Untracked 
| 100|0x0000000086400000, 0x0000000086500000, 0x0000000086500000|100%| O|  |TAMS 0x0000000086400000, 0x0000000086400000| Untracked 
| 101|0x0000000086500000, 0x0000000086600000, 0x0000000086600000|100%| O|  |TAMS 0x0000000086500000, 0x0000000086500000| Untracked 
| 102|0x0000000086600000, 0x0000000086700000, 0x0000000086700000|100%| O|  |TAMS 0x0000000086600000, 0x0000000086600000| Untracked 
| 103|0x0000000086700000, 0x0000000086800000, 0x0000000086800000|100%| O|  |TAMS 0x0000000086700000, 0x0000000086700000| Untracked 
| 104|0x0000000086800000, 0x0000000086900000, 0x0000000086900000|100%| O|  |TAMS 0x0000000086800000, 0x0000000086800000| Untracked 
| 105|0x0000000086900000, 0x0000000086a00000, 0x0000000086a00000|100%| O|  |TAMS 0x0000000086900000, 0x0000000086900000| Untracked 
| 106|0x0000000086a00000, 0x0000000086b00000, 0x0000000086b00000|100%| O|  |TAMS 0x0000000086a00000, 0x0000000086a00000| Untracked 
| 107|0x0000000086b00000, 0x0000000086c00000, 0x0000000086c00000|100%| O|  |TAMS 0x0000000086b00000, 0x0000000086b00000| Untracked 
| 108|0x0000000086c00000, 0x0000000086d00000, 0x0000000086d00000|100%| O|  |TAMS 0x0000000086c00000, 0x0000000086c00000| Untracked 
| 109|0x0000000086d00000, 0x0000000086e00000, 0x0000000086e00000|100%| O|  |TAMS 0x0000000086d00000, 0x0000000086d00000| Untracked 
| 110|0x0000000086e00000, 0x0000000086f00000, 0x0000000086f00000|100%| O|  |TAMS 0x0000000086e00000, 0x0000000086e00000| Untracked 
| 111|0x0000000086f00000, 0x0000000087000000, 0x0000000087000000|100%| O|  |TAMS 0x0000000086f00000, 0x0000000086f00000| Untracked 
| 112|0x0000000087000000, 0x0000000087100000, 0x0000000087100000|100%| O|  |TAMS 0x0000000087000000, 0x0000000087000000| Untracked 
| 113|0x0000000087100000, 0x0000000087200000, 0x0000000087200000|100%| O|  |TAMS 0x0000000087100000, 0x0000000087100000| Untracked 
| 114|0x0000000087200000, 0x0000000087300000, 0x0000000087300000|100%| O|  |TAMS 0x0000000087200000, 0x0000000087200000| Untracked 
| 115|0x0000000087300000, 0x0000000087400000, 0x0000000087400000|100%| O|  |TAMS 0x0000000087300000, 0x0000000087300000| Untracked 
| 116|0x0000000087400000, 0x0000000087500000, 0x0000000087500000|100%| O|  |TAMS 0x0000000087400000, 0x0000000087400000| Untracked 
| 117|0x0000000087500000, 0x0000000087600000, 0x0000000087600000|100%| O|  |TAMS 0x0000000087500000, 0x0000000087500000| Untracked 
| 118|0x0000000087600000, 0x0000000087700000, 0x0000000087700000|100%| O|  |TAMS 0x0000000087600000, 0x0000000087600000| Untracked 
| 119|0x0000000087700000, 0x0000000087800000, 0x0000000087800000|100%| O|  |TAMS 0x0000000087700000, 0x0000000087700000| Untracked 
| 120|0x0000000087800000, 0x0000000087900000, 0x0000000087900000|100%| O|  |TAMS 0x0000000087800000, 0x0000000087800000| Untracked 
| 121|0x0000000087900000, 0x0000000087950e00, 0x0000000087a00000| 31%| O|  |TAMS 0x0000000087900000, 0x0000000087900000| Untracked 
| 122|0x0000000087a00000, 0x0000000087b00000, 0x0000000087b00000|100%|HS|  |TAMS 0x0000000087a00000, 0x0000000087a00000| Complete 
| 123|0x0000000087b00000, 0x0000000087b00000, 0x0000000087c00000|  0%| F|  |TAMS 0x0000000087b00000, 0x0000000087b00000| Untracked 
| 124|0x0000000087c00000, 0x0000000087c00000, 0x0000000087d00000|  0%| F|  |TAMS 0x0000000087c00000, 0x0000000087c00000| Untracked 
| 125|0x0000000087d00000, 0x0000000087d00000, 0x0000000087e00000|  0%| F|  |TAMS 0x0000000087d00000, 0x0000000087d00000| Untracked 
| 126|0x0000000087e00000, 0x0000000087e00000, 0x0000000087f00000|  0%| F|  |TAMS 0x0000000087e00000, 0x0000000087e00000| Untracked 
| 127|0x0000000087f00000, 0x0000000087f00000, 0x0000000088000000|  0%| F|  |TAMS 0x0000000087f00000, 0x0000000087f00000| Untracked 
| 128|0x0000000088000000, 0x0000000088000000, 0x0000000088100000|  0%| F|  |TAMS 0x0000000088000000, 0x0000000088000000| Untracked 
| 129|0x0000000088100000, 0x0000000088100000, 0x0000000088200000|  0%| F|  |TAMS 0x0000000088100000, 0x0000000088100000| Untracked 
| 130|0x0000000088200000, 0x0000000088200000, 0x0000000088300000|  0%| F|  |TAMS 0x0000000088200000, 0x0000000088200000| Untracked 
| 131|0x0000000088300000, 0x0000000088300000, 0x0000000088400000|  0%| F|  |TAMS 0x0000000088300000, 0x0000000088300000| Untracked 
| 132|0x0000000088400000, 0x0000000088400000, 0x0000000088500000|  0%| F|  |TAMS 0x0000000088400000, 0x0000000088400000| Untracked 
| 133|0x0000000088500000, 0x0000000088500000, 0x0000000088600000|  0%| F|  |TAMS 0x0000000088500000, 0x0000000088500000| Untracked 
| 134|0x0000000088600000, 0x0000000088600000, 0x0000000088700000|  0%| F|  |TAMS 0x0000000088600000, 0x0000000088600000| Untracked 
| 135|0x0000000088700000, 0x0000000088700000, 0x0000000088800000|  0%| F|  |TAMS 0x0000000088700000, 0x0000000088700000| Untracked 
| 136|0x0000000088800000, 0x0000000088800000, 0x0000000088900000|  0%| F|  |TAMS 0x0000000088800000, 0x0000000088800000| Untracked 
| 137|0x0000000088900000, 0x0000000088900000, 0x0000000088a00000|  0%| F|  |TAMS 0x0000000088900000, 0x0000000088900000| Untracked 
| 138|0x0000000088a00000, 0x0000000088a00000, 0x0000000088b00000|  0%| F|  |TAMS 0x0000000088a00000, 0x0000000088a00000| Untracked 
| 139|0x0000000088b00000, 0x0000000088b00000, 0x0000000088c00000|  0%| F|  |TAMS 0x0000000088b00000, 0x0000000088b00000| Untracked 
| 140|0x0000000088c00000, 0x0000000088c00000, 0x0000000088d00000|  0%| F|  |TAMS 0x0000000088c00000, 0x0000000088c00000| Untracked 
| 141|0x0000000088d00000, 0x0000000088d00000, 0x0000000088e00000|  0%| F|  |TAMS 0x0000000088d00000, 0x0000000088d00000| Untracked 
| 142|0x0000000088e00000, 0x0000000088e00000, 0x0000000088f00000|  0%| F|  |TAMS 0x0000000088e00000, 0x0000000088e00000| Untracked 
| 143|0x0000000088f00000, 0x0000000088f00000, 0x0000000089000000|  0%| F|  |TAMS 0x0000000088f00000, 0x0000000088f00000| Untracked 
| 144|0x0000000089000000, 0x0000000089000000, 0x0000000089100000|  0%| F|  |TAMS 0x0000000089000000, 0x0000000089000000| Untracked 
| 145|0x0000000089100000, 0x0000000089100000, 0x0000000089200000|  0%| F|  |TAMS 0x0000000089100000, 0x0000000089100000| Untracked 
| 146|0x0000000089200000, 0x0000000089200000, 0x0000000089300000|  0%| F|  |TAMS 0x0000000089200000, 0x0000000089200000| Untracked 
| 147|0x0000000089300000, 0x0000000089300000, 0x0000000089400000|  0%| F|  |TAMS 0x0000000089300000, 0x0000000089300000| Untracked 
| 148|0x0000000089400000, 0x0000000089400000, 0x0000000089500000|  0%| F|  |TAMS 0x0000000089400000, 0x0000000089400000| Untracked 
| 149|0x0000000089500000, 0x0000000089500000, 0x0000000089600000|  0%| F|  |TAMS 0x0000000089500000, 0x0000000089500000| Untracked 
| 150|0x0000000089600000, 0x0000000089600000, 0x0000000089700000|  0%| F|  |TAMS 0x0000000089600000, 0x0000000089600000| Untracked 
| 151|0x0000000089700000, 0x0000000089700000, 0x0000000089800000|  0%| F|  |TAMS 0x0000000089700000, 0x0000000089700000| Untracked 
| 152|0x0000000089800000, 0x0000000089800000, 0x0000000089900000|  0%| F|  |TAMS 0x0000000089800000, 0x0000000089800000| Untracked 
| 153|0x0000000089900000, 0x0000000089900000, 0x0000000089a00000|  0%| F|  |TAMS 0x0000000089900000, 0x0000000089900000| Untracked 
| 154|0x0000000089a00000, 0x0000000089a00000, 0x0000000089b00000|  0%| F|  |TAMS 0x0000000089a00000, 0x0000000089a00000| Untracked 
| 155|0x0000000089b00000, 0x0000000089b00000, 0x0000000089c00000|  0%| F|  |TAMS 0x0000000089b00000, 0x0000000089b00000| Untracked 
| 156|0x0000000089c00000, 0x0000000089c00000, 0x0000000089d00000|  0%| F|  |TAMS 0x0000000089c00000, 0x0000000089c00000| Untracked 
| 157|0x0000000089d00000, 0x0000000089d00000, 0x0000000089e00000|  0%| F|  |TAMS 0x0000000089d00000, 0x0000000089d00000| Untracked 
| 158|0x0000000089e00000, 0x0000000089e00000, 0x0000000089f00000|  0%| F|  |TAMS 0x0000000089e00000, 0x0000000089e00000| Untracked 
| 159|0x0000000089f00000, 0x0000000089f00000, 0x000000008a000000|  0%| F|  |TAMS 0x0000000089f00000, 0x0000000089f00000| Untracked 
| 160|0x000000008a000000, 0x000000008a000000, 0x000000008a100000|  0%| F|  |TAMS 0x000000008a000000, 0x000000008a000000| Untracked 
| 161|0x000000008a100000, 0x000000008a100000, 0x000000008a200000|  0%| F|  |TAMS 0x000000008a100000, 0x000000008a100000| Untracked 
| 162|0x000000008a200000, 0x000000008a200000, 0x000000008a300000|  0%| F|  |TAMS 0x000000008a200000, 0x000000008a200000| Untracked 
| 163|0x000000008a300000, 0x000000008a300000, 0x000000008a400000|  0%| F|  |TAMS 0x000000008a300000, 0x000000008a300000| Untracked 
| 164|0x000000008a400000, 0x000000008a400000, 0x000000008a500000|  0%| F|  |TAMS 0x000000008a400000, 0x000000008a400000| Untracked 
| 165|0x000000008a500000, 0x000000008a500000, 0x000000008a600000|  0%| F|  |TAMS 0x000000008a500000, 0x000000008a500000| Untracked 
| 166|0x000000008a600000, 0x000000008a600000, 0x000000008a700000|  0%| F|  |TAMS 0x000000008a600000, 0x000000008a600000| Untracked 
| 167|0x000000008a700000, 0x000000008a800000, 0x000000008a800000|100%| S|CS|TAMS 0x000000008a700000, 0x000000008a700000| Complete 
| 168|0x000000008a800000, 0x000000008a900000, 0x000000008a900000|100%| S|CS|TAMS 0x000000008a800000, 0x000000008a800000| Complete 
| 169|0x000000008a900000, 0x000000008aa00000, 0x000000008aa00000|100%| S|CS|TAMS 0x000000008a900000, 0x000000008a900000| Complete 
| 170|0x000000008aa00000, 0x000000008ab00000, 0x000000008ab00000|100%| S|CS|TAMS 0x000000008aa00000, 0x000000008aa00000| Complete 
| 171|0x000000008ab00000, 0x000000008ab00000, 0x000000008ac00000|  0%| F|  |TAMS 0x000000008ab00000, 0x000000008ab00000| Untracked 
| 172|0x000000008ac00000, 0x000000008ac00000, 0x000000008ad00000|  0%| F|  |TAMS 0x000000008ac00000, 0x000000008ac00000| Untracked 
| 173|0x000000008ad00000, 0x000000008ad00000, 0x000000008ae00000|  0%| F|  |TAMS 0x000000008ad00000, 0x000000008ad00000| Untracked 
| 174|0x000000008ae00000, 0x000000008ae00000, 0x000000008af00000|  0%| F|  |TAMS 0x000000008ae00000, 0x000000008ae00000| Untracked 
| 175|0x000000008af00000, 0x000000008af00000, 0x000000008b000000|  0%| F|  |TAMS 0x000000008af00000, 0x000000008af00000| Untracked 
| 176|0x000000008b000000, 0x000000008b000000, 0x000000008b100000|  0%| F|  |TAMS 0x000000008b000000, 0x000000008b000000| Untracked 
| 177|0x000000008b100000, 0x000000008b100000, 0x000000008b200000|  0%| F|  |TAMS 0x000000008b100000, 0x000000008b100000| Untracked 
| 178|0x000000008b200000, 0x000000008b200000, 0x000000008b300000|  0%| F|  |TAMS 0x000000008b200000, 0x000000008b200000| Untracked 
| 179|0x000000008b300000, 0x000000008b300000, 0x000000008b400000|  0%| F|  |TAMS 0x000000008b300000, 0x000000008b300000| Untracked 
| 180|0x000000008b400000, 0x000000008b400000, 0x000000008b500000|  0%| F|  |TAMS 0x000000008b400000, 0x000000008b400000| Untracked 
| 181|0x000000008b500000, 0x000000008b500000, 0x000000008b600000|  0%| F|  |TAMS 0x000000008b500000, 0x000000008b500000| Untracked 
| 182|0x000000008b600000, 0x000000008b600000, 0x000000008b700000|  0%| F|  |TAMS 0x000000008b600000, 0x000000008b600000| Untracked 
| 183|0x000000008b700000, 0x000000008b700000, 0x000000008b800000|  0%| F|  |TAMS 0x000000008b700000, 0x000000008b700000| Untracked 
| 184|0x000000008b800000, 0x000000008b800000, 0x000000008b900000|  0%| F|  |TAMS 0x000000008b800000, 0x000000008b800000| Untracked 
| 185|0x000000008b900000, 0x000000008b900000, 0x000000008ba00000|  0%| F|  |TAMS 0x000000008b900000, 0x000000008b900000| Untracked 
| 186|0x000000008ba00000, 0x000000008ba00000, 0x000000008bb00000|  0%| F|  |TAMS 0x000000008ba00000, 0x000000008ba00000| Untracked 
| 187|0x000000008bb00000, 0x000000008bb00000, 0x000000008bc00000|  0%| F|  |TAMS 0x000000008bb00000, 0x000000008bb00000| Untracked 
| 188|0x000000008bc00000, 0x000000008bc00000, 0x000000008bd00000|  0%| F|  |TAMS 0x000000008bc00000, 0x000000008bc00000| Untracked 
| 189|0x000000008bd00000, 0x000000008bd00000, 0x000000008be00000|  0%| F|  |TAMS 0x000000008bd00000, 0x000000008bd00000| Untracked 
| 190|0x000000008be00000, 0x000000008be00000, 0x000000008bf00000|  0%| F|  |TAMS 0x000000008be00000, 0x000000008be00000| Untracked 
| 191|0x000000008bf00000, 0x000000008bf00000, 0x000000008c000000|  0%| F|  |TAMS 0x000000008bf00000, 0x000000008bf00000| Untracked 
| 192|0x000000008c000000, 0x000000008c000000, 0x000000008c100000|  0%| F|  |TAMS 0x000000008c000000, 0x000000008c000000| Untracked 
| 193|0x000000008c100000, 0x000000008c100000, 0x000000008c200000|  0%| F|  |TAMS 0x000000008c100000, 0x000000008c100000| Untracked 
| 194|0x000000008c200000, 0x000000008c200000, 0x000000008c300000|  0%| F|  |TAMS 0x000000008c200000, 0x000000008c200000| Untracked 
| 195|0x000000008c300000, 0x000000008c300000, 0x000000008c400000|  0%| F|  |TAMS 0x000000008c300000, 0x000000008c300000| Untracked 
| 196|0x000000008c400000, 0x000000008c400000, 0x000000008c500000|  0%| F|  |TAMS 0x000000008c400000, 0x000000008c400000| Untracked 
| 197|0x000000008c500000, 0x000000008c500000, 0x000000008c600000|  0%| F|  |TAMS 0x000000008c500000, 0x000000008c500000| Untracked 
| 198|0x000000008c600000, 0x000000008c600000, 0x000000008c700000|  0%| F|  |TAMS 0x000000008c600000, 0x000000008c600000| Untracked 
| 199|0x000000008c700000, 0x000000008c700000, 0x000000008c800000|  0%| F|  |TAMS 0x000000008c700000, 0x000000008c700000| Untracked 
| 200|0x000000008c800000, 0x000000008c800000, 0x000000008c900000|  0%| F|  |TAMS 0x000000008c800000, 0x000000008c800000| Untracked 
| 201|0x000000008c900000, 0x000000008c900000, 0x000000008ca00000|  0%| F|  |TAMS 0x000000008c900000, 0x000000008c900000| Untracked 
| 202|0x000000008ca00000, 0x000000008ca00000, 0x000000008cb00000|  0%| F|  |TAMS 0x000000008ca00000, 0x000000008ca00000| Untracked 
| 203|0x000000008cb00000, 0x000000008cb00000, 0x000000008cc00000|  0%| F|  |TAMS 0x000000008cb00000, 0x000000008cb00000| Untracked 
| 204|0x000000008cc00000, 0x000000008cc00000, 0x000000008cd00000|  0%| F|  |TAMS 0x000000008cc00000, 0x000000008cc00000| Untracked 
| 205|0x000000008cd00000, 0x000000008cd00000, 0x000000008ce00000|  0%| F|  |TAMS 0x000000008cd00000, 0x000000008cd00000| Untracked 
| 206|0x000000008ce00000, 0x000000008ce00000, 0x000000008cf00000|  0%| F|  |TAMS 0x000000008ce00000, 0x000000008ce00000| Untracked 
| 207|0x000000008cf00000, 0x000000008cf00000, 0x000000008d000000|  0%| F|  |TAMS 0x000000008cf00000, 0x000000008cf00000| Untracked 
| 208|0x000000008d000000, 0x000000008d000000, 0x000000008d100000|  0%| F|  |TAMS 0x000000008d000000, 0x000000008d000000| Untracked 
| 209|0x000000008d100000, 0x000000008d100000, 0x000000008d200000|  0%| F|  |TAMS 0x000000008d100000, 0x000000008d100000| Untracked 
| 210|0x000000008d200000, 0x000000008d200000, 0x000000008d300000|  0%| F|  |TAMS 0x000000008d200000, 0x000000008d200000| Untracked 
| 211|0x000000008d300000, 0x000000008d300000, 0x000000008d400000|  0%| F|  |TAMS 0x000000008d300000, 0x000000008d300000| Untracked 
| 212|0x000000008d400000, 0x000000008d400000, 0x000000008d500000|  0%| F|  |TAMS 0x000000008d400000, 0x000000008d400000| Untracked 
| 213|0x000000008d500000, 0x000000008d500000, 0x000000008d600000|  0%| F|  |TAMS 0x000000008d500000, 0x000000008d500000| Untracked 
| 214|0x000000008d600000, 0x000000008d700000, 0x000000008d700000|100%| E|  |TAMS 0x000000008d600000, 0x000000008d600000| Complete 
| 215|0x000000008d700000, 0x000000008d800000, 0x000000008d800000|100%| E|CS|TAMS 0x000000008d700000, 0x000000008d700000| Complete 
| 216|0x000000008d800000, 0x000000008d900000, 0x000000008d900000|100%| E|CS|TAMS 0x000000008d800000, 0x000000008d800000| Complete 
| 217|0x000000008d900000, 0x000000008da00000, 0x000000008da00000|100%| E|CS|TAMS 0x000000008d900000, 0x000000008d900000| Complete 
| 218|0x000000008da00000, 0x000000008db00000, 0x000000008db00000|100%| E|CS|TAMS 0x000000008da00000, 0x000000008da00000| Complete 
| 219|0x000000008db00000, 0x000000008dc00000, 0x000000008dc00000|100%| E|CS|TAMS 0x000000008db00000, 0x000000008db00000| Complete 
| 220|0x000000008dc00000, 0x000000008dd00000, 0x000000008dd00000|100%| E|CS|TAMS 0x000000008dc00000, 0x000000008dc00000| Complete 
| 221|0x000000008dd00000, 0x000000008de00000, 0x000000008de00000|100%| E|CS|TAMS 0x000000008dd00000, 0x000000008dd00000| Complete 
| 222|0x000000008de00000, 0x000000008df00000, 0x000000008df00000|100%| E|CS|TAMS 0x000000008de00000, 0x000000008de00000| Complete 
| 223|0x000000008df00000, 0x000000008e000000, 0x000000008e000000|100%| E|CS|TAMS 0x000000008df00000, 0x000000008df00000| Complete 
| 224|0x000000008e000000, 0x000000008e100000, 0x000000008e100000|100%| E|CS|TAMS 0x000000008e000000, 0x000000008e000000| Complete 
| 225|0x000000008e100000, 0x000000008e200000, 0x000000008e200000|100%| E|CS|TAMS 0x000000008e100000, 0x000000008e100000| Complete 
| 226|0x000000008e200000, 0x000000008e300000, 0x000000008e300000|100%| E|CS|TAMS 0x000000008e200000, 0x000000008e200000| Complete 
| 227|0x000000008e300000, 0x000000008e400000, 0x000000008e400000|100%| E|CS|TAMS 0x000000008e300000, 0x000000008e300000| Complete 
| 228|0x000000008e400000, 0x000000008e500000, 0x000000008e500000|100%| E|CS|TAMS 0x000000008e400000, 0x000000008e400000| Complete 
| 229|0x000000008e500000, 0x000000008e600000, 0x000000008e600000|100%| E|CS|TAMS 0x000000008e500000, 0x000000008e500000| Complete 
| 230|0x000000008e600000, 0x000000008e700000, 0x000000008e700000|100%| E|CS|TAMS 0x000000008e600000, 0x000000008e600000| Complete 
| 231|0x000000008e700000, 0x000000008e800000, 0x000000008e800000|100%| E|CS|TAMS 0x000000008e700000, 0x000000008e700000| Complete 

Card table byte_map: [0x0000026efae80000,0x0000026efb280000] _byte_map_base: 0x0000026efaa80000

Marking Bits (Prev, Next): (CMBitMap*) 0x0000026ef53da520, (CMBitMap*) 0x0000026ef53da4e0
 Prev Bits: [0x0000026efd680000, 0x0000026eff680000)
 Next Bits: [0x0000026efb680000, 0x0000026efd680000)

Polling page: 0x0000026ef5440000

Metaspace:

Usage:
  Non-class:     99.87 MB used.
      Class:     15.49 MB used.
       Both:    115.36 MB used.

Virtual space:
  Non-class space:      104.00 MB reserved,     100.19 MB ( 96%) committed,  13 nodes.
      Class space:        1.00 GB reserved,      15.81 MB (  2%) committed,  1 nodes.
             Both:        1.10 GB reserved,     116.00 MB ( 10%) committed. 

Chunk freelists:
   Non-Class:  3.62 MB
       Class:  112.00 KB
        Both:  3.73 MB

MaxMetaspaceSize: unlimited
CompressedClassSpaceSize: 1.00 GB
Initial GC threshold: 21.00 MB
Current GC threshold: 125.25 MB
CDS: off
MetaspaceReclaimPolicy: balanced
 - commit_granule_bytes: 65536.
 - commit_granule_words: 8192.
 - virtual_space_node_default_size: 1048576.
 - enlarge_chunks_in_place: 1.
 - new_chunks_are_fully_committed: 0.
 - uncommit_free_chunks: 1.
 - use_allocation_guard: 0.
 - handle_deallocations: 1.


Internal statistics:

num_allocs_failed_limit: 6.
num_arena_births: 894.
num_arena_deaths: 0.
num_vsnodes_births: 14.
num_vsnodes_deaths: 0.
num_space_committed: 1854.
num_space_uncommitted: 0.
num_chunks_returned_to_freelist: 6.
num_chunks_taken_from_freelist: 4960.
num_chunk_merges: 6.
num_chunk_splits: 3641.
num_chunks_enlarged: 2827.
num_purges: 0.
num_inconsistent_stats: 0.

CodeHeap 'non-profiled nmethods': size=120000Kb used=5557Kb max_used=5557Kb free=114442Kb
 bounds [0x0000026e87ad0000, 0x0000026e88040000, 0x0000026e8f000000]
CodeHeap 'profiled nmethods': size=120000Kb used=16545Kb max_used=16545Kb free=103454Kb
 bounds [0x0000026e80000000, 0x0000026e81030000, 0x0000026e87530000]
CodeHeap 'non-nmethods': size=5760Kb used=2441Kb max_used=2461Kb free=3318Kb
 bounds [0x0000026e87530000, 0x0000026e877a0000, 0x0000026e87ad0000]
 total_blobs=9763 nmethods=8786 adapters=889
 compilation: enabled
              stopped_count=0, restarted_count=0
 full_count=0

Compilation events (20 events):
Event: 12.346 Thread 0x0000026e91c81900 nmethod 10224 0x0000026e80fe3c90 code [0x0000026e80fe3f40, 0x0000026e80fe4a88]
Event: 12.346 Thread 0x0000026e91c81900 10227       3       org.jetbrains.kotlin.metadata.ProtoBuf$Function::writeTo (448 bytes)
Event: 12.348 Thread 0x0000026e91c81900 nmethod 10227 0x0000026e80fe4e90 code [0x0000026e80fe56e0, 0x0000026e80fe9a38]
Event: 12.348 Thread 0x0000026e91c81900 10221       3       org.jetbrains.kotlin.metadata.ProtoBuf$Package::getFunctionCount (10 bytes)
Event: 12.348 Thread 0x0000026e91c81900 nmethod 10221 0x0000026e80feb310 code [0x0000026e80feb4c0, 0x0000026e80feb688]
Event: 12.348 Thread 0x0000026e91c81900 10223       3       org.jetbrains.kotlin.metadata.ProtoBuf$Package::getFunction (14 bytes)
Event: 12.348 Thread 0x0000026e91c81900 nmethod 10223 0x0000026e80feb790 code [0x0000026e80feb940, 0x0000026e80febbe8]
Event: 12.348 Thread 0x0000026e91c81900 10217       1       org.jetbrains.kotlin.metadata.jvm.JvmProtoBuf$JvmMethodSignature::access$2300 (5 bytes)
Event: 12.348 Thread 0x0000026e91c81900 nmethod 10217 0x0000026e88039110 code [0x0000026e880392a0, 0x0000026e88039358]
Event: 12.348 Thread 0x0000026e91c81900 10222       3       org.jetbrains.kotlin.metadata.jvm.JvmProtoBuf$JvmMethodSignature::isInitialized (25 bytes)
Event: 12.348 Thread 0x0000026e91c81900 nmethod 10222 0x0000026e80febd10 code [0x0000026e80febec0, 0x0000026e80fec0b8]
Event: 12.348 Thread 0x0000026e91c81900 10219       3       org.jetbrains.kotlin.protobuf.CodedInputStream::readRawVarint64 (305 bytes)
Event: 12.348 Thread 0x0000026e91c81900 nmethod 10219 0x0000026e80fec190 code [0x0000026e80fec380, 0x0000026e80fecb88]
Event: 12.348 Thread 0x0000026e91c81900 10228 %     3       org.jetbrains.kotlin.metadata.jvm.deserialization.UtfEncodingKt::stringsToBytes @ 97 (173 bytes)
Event: 12.349 Thread 0x0000026e91c81900 nmethod 10228% 0x0000026e80fecd90 code [0x0000026e80fed080, 0x0000026e80fee278]
Event: 12.349 Thread 0x0000026e91c81900 10229       3       org.jetbrains.kotlin.metadata.ProtoBuf$TypeParameter::initFields (37 bytes)
Event: 12.349 Thread 0x0000026e91c81900 nmethod 10229 0x0000026e80feeb10 code [0x0000026e80feecc0, 0x0000026e80feefd8]
Event: 12.349 Thread 0x0000026e91c81900 10230       3       org.jetbrains.kotlin.metadata.ProtoBuf$TypeParameter$1::parsePartialFrom (7 bytes)
Event: 12.349 Thread 0x0000026e91c81900 nmethod 10230 0x0000026e80fef090 code [0x0000026e80fef220, 0x0000026e80fef368]
Event: 12.349 Thread 0x0000026e91c81900 10235   !   3       org.jetbrains.kotlin.metadata.ProtoBuf$TypeParameter::<init> (662 bytes)

GC Heap History (20 events):
Event: 5.488 GC heap before
{Heap before GC invocations=23 (full 0):
 garbage-first heap   total 124928K, used 93831K [0x0000000080000000, 0x0000000100000000)
  region size 1024K, 33 young (33792K), 1 survivors (1024K)
 Metaspace       used 70312K, committed 70912K, reserved 1114112K
  class space    used 9299K, committed 9600K, reserved 1048576K
}
Event: 5.491 GC heap after
{Heap after GC invocations=24 (full 0):
 garbage-first heap   total 124928K, used 62866K [0x0000000080000000, 0x0000000100000000)
  region size 1024K, 3 young (3072K), 3 survivors (3072K)
 Metaspace       used 70312K, committed 70912K, reserved 1114112K
  class space    used 9299K, committed 9600K, reserved 1048576K
}
Event: 5.792 GC heap before
{Heap before GC invocations=25 (full 0):
 garbage-first heap   total 124928K, used 95634K [0x0000000080000000, 0x0000000100000000)
  region size 1024K, 35 young (35840K), 3 survivors (3072K)
 Metaspace       used 74215K, committed 74816K, reserved 1114112K
  class space    used 9823K, committed 10112K, reserved 1048576K
}
Event: 5.795 GC heap after
{Heap after GC invocations=26 (full 0):
 garbage-first heap   total 124928K, used 64813K [0x0000000080000000, 0x0000000100000000)
  region size 1024K, 5 young (5120K), 5 survivors (5120K)
 Metaspace       used 74215K, committed 74816K, reserved 1114112K
  class space    used 9823K, committed 10112K, reserved 1048576K
}
Event: 5.808 GC heap before
{Heap before GC invocations=26 (full 0):
 garbage-first heap   total 124928K, used 65837K [0x0000000080000000, 0x0000000100000000)
  region size 1024K, 6 young (6144K), 5 survivors (5120K)
 Metaspace       used 74400K, committed 75008K, reserved 1114112K
  class space    used 9844K, committed 10112K, reserved 1048576K
}
Event: 5.811 GC heap after
{Heap after GC invocations=27 (full 0):
 garbage-first heap   total 124928K, used 65002K [0x0000000080000000, 0x0000000100000000)
  region size 1024K, 1 young (1024K), 1 survivors (1024K)
 Metaspace       used 74400K, committed 75008K, reserved 1114112K
  class space    used 9844K, committed 10112K, reserved 1048576K
}
Event: 6.009 GC heap before
{Heap before GC invocations=27 (full 0):
 garbage-first heap   total 124928K, used 96746K [0x0000000080000000, 0x0000000100000000)
  region size 1024K, 33 young (33792K), 1 survivors (1024K)
 Metaspace       used 76372K, committed 76928K, reserved 1122304K
  class space    used 10087K, committed 10368K, reserved 1048576K
}
Event: 6.013 GC heap after
{Heap after GC invocations=28 (full 0):
 garbage-first heap   total 237568K, used 68751K [0x0000000080000000, 0x0000000100000000)
  region size 1024K, 5 young (5120K), 5 survivors (5120K)
 Metaspace       used 76372K, committed 76928K, reserved 1122304K
  class space    used 10087K, committed 10368K, reserved 1048576K
}
Event: 7.180 GC heap before
{Heap before GC invocations=29 (full 0):
 garbage-first heap   total 237568K, used 161935K [0x0000000080000000, 0x0000000100000000)
  region size 1024K, 96 young (98304K), 5 survivors (5120K)
 Metaspace       used 86735K, committed 87424K, reserved 1130496K
  class space    used 11783K, committed 12096K, reserved 1048576K
}
Event: 7.186 GC heap after
{Heap after GC invocations=30 (full 0):
 garbage-first heap   total 237568K, used 73920K [0x0000000080000000, 0x0000000100000000)
  region size 1024K, 10 young (10240K), 10 survivors (10240K)
 Metaspace       used 86735K, committed 87424K, reserved 1130496K
  class space    used 11783K, committed 12096K, reserved 1048576K
}
Event: 7.203 GC heap before
{Heap before GC invocations=30 (full 0):
 garbage-first heap   total 237568K, used 74944K [0x0000000080000000, 0x0000000100000000)
  region size 1024K, 11 young (11264K), 10 survivors (10240K)
 Metaspace       used 87051K, committed 87744K, reserved 1130496K
  class space    used 11901K, committed 12224K, reserved 1048576K
}
Event: 7.208 GC heap after
{Heap after GC invocations=31 (full 0):
 garbage-first heap   total 237568K, used 74285K [0x0000000080000000, 0x0000000100000000)
  region size 1024K, 2 young (2048K), 2 survivors (2048K)
 Metaspace       used 87051K, committed 87744K, reserved 1130496K
  class space    used 11901K, committed 12224K, reserved 1048576K
}
Event: 9.034 GC heap before
{Heap before GC invocations=31 (full 0):
 garbage-first heap   total 237568K, used 174637K [0x0000000080000000, 0x0000000100000000)
  region size 1024K, 97 young (99328K), 2 survivors (2048K)
 Metaspace       used 99422K, committed 100032K, reserved 1138688K
  class space    used 13791K, committed 14080K, reserved 1048576K
}
Event: 9.038 GC heap after
{Heap after GC invocations=32 (full 0):
 garbage-first heap   total 237568K, used 82630K [0x0000000080000000, 0x0000000100000000)
  region size 1024K, 6 young (6144K), 6 survivors (6144K)
 Metaspace       used 99422K, committed 100032K, reserved 1138688K
  class space    used 13791K, committed 14080K, reserved 1048576K
}
Event: 9.852 GC heap before
{Heap before GC invocations=32 (full 0):
 garbage-first heap   total 237568K, used 187078K [0x0000000080000000, 0x0000000100000000)
  region size 1024K, 103 young (105472K), 6 survivors (6144K)
 Metaspace       used 100858K, committed 101568K, reserved 1138688K
  class space    used 13954K, committed 14272K, reserved 1048576K
}
Event: 9.869 GC heap after
{Heap after GC invocations=33 (full 0):
 garbage-first heap   total 237568K, used 108401K [0x0000000080000000, 0x0000000100000000)
  region size 1024K, 13 young (13312K), 13 survivors (13312K)
 Metaspace       used 100858K, committed 101568K, reserved 1138688K
  class space    used 13954K, committed 14272K, reserved 1048576K
}
Event: 11.508 GC heap before
{Heap before GC invocations=33 (full 0):
 garbage-first heap   total 237568K, used 187249K [0x0000000080000000, 0x0000000100000000)
  region size 1024K, 84 young (86016K), 13 survivors (13312K)
 Metaspace       used 109409K, committed 110080K, reserved 1146880K
  class space    used 14785K, committed 15104K, reserved 1048576K
}
Event: 11.518 GC heap after
{Heap after GC invocations=34 (full 0):
 garbage-first heap   total 237568K, used 124585K [0x0000000080000000, 0x0000000100000000)
  region size 1024K, 9 young (9216K), 9 survivors (9216K)
 Metaspace       used 109409K, committed 110080K, reserved 1146880K
  class space    used 14785K, committed 15104K, reserved 1048576K
}
Event: 12.311 GC heap before
{Heap before GC invocations=34 (full 0):
 garbage-first heap   total 237568K, used 187049K [0x0000000080000000, 0x0000000100000000)
  region size 1024K, 70 young (71680K), 9 survivors (9216K)
 Metaspace       used 117816K, committed 118464K, reserved 1155072K
  class space    used 15843K, committed 16128K, reserved 1048576K
}
Event: 12.317 GC heap after
{Heap after GC invocations=35 (full 0):
 garbage-first heap   total 237568K, used 128323K [0x0000000080000000, 0x0000000100000000)
  region size 1024K, 4 young (4096K), 4 survivors (4096K)
 Metaspace       used 117816K, committed 118464K, reserved 1155072K
  class space    used 15843K, committed 16128K, reserved 1048576K
}

Dll operation events (2 events):
Event: 0.005 Loaded shared library C:\Program Files\Android\Android Studio\jbr\bin\java.dll
Event: 0.358 Loaded shared library C:\Program Files\Android\Android Studio\jbr\bin\verify.dll

Deoptimization events (20 events):
Event: 11.845 Thread 0x0000026e92f23870 Uncommon trap: trap_request=0xffffffc6 fr.pc=0x0000026e87ea5a48 relative=0x00000000000005e8
Event: 11.846 Thread 0x0000026e92f23870 Uncommon trap: reason=bimorphic_or_optimized_type_check action=maybe_recompile pc=0x0000026e87ea5a48 method=org.jetbrains.kotlin.protobuf.CodedInputStream.tryRefillBuffer(I)Z @ 177 c2
Event: 11.846 Thread 0x0000026e92f23870 DEOPT PACKING pc=0x0000026e87ea5a48 sp=0x000000a633ef4500
Event: 11.846 Thread 0x0000026e92f23870 DEOPT UNPACKING pc=0x0000026e8758a1a3 sp=0x000000a633ef4448 mode 2
Event: 11.846 Thread 0x0000026e92f23870 Uncommon trap: trap_request=0xffffffde fr.pc=0x0000026e87fec8d8 relative=0x0000000000000678
Event: 11.846 Thread 0x0000026e92f23870 Uncommon trap: reason=class_check action=maybe_recompile pc=0x0000026e87fec8d8 method=org.jetbrains.kotlin.protobuf.FieldSet.isInitialized(Ljava/util/Map$Entry;)Z @ 92 c2
Event: 11.846 Thread 0x0000026e92f23870 DEOPT PACKING pc=0x0000026e87fec8d8 sp=0x000000a633ef4790
Event: 11.846 Thread 0x0000026e92f23870 DEOPT UNPACKING pc=0x0000026e8758a1a3 sp=0x000000a633ef46b8 mode 2
Event: 12.215 Thread 0x0000026e92f23870 Uncommon trap: trap_request=0xffffffcc fr.pc=0x0000026e88025c1c relative=0x00000000000032dc
Event: 12.215 Thread 0x0000026e92f23870 Uncommon trap: reason=intrinsic_or_type_checked_inlining action=make_not_entrant pc=0x0000026e88025c1c method=java.util.ArrayList$SubList.toArray([Ljava/lang/Object;)[Ljava/lang/Object; @ 58 c2
Event: 12.215 Thread 0x0000026e92f23870 DEOPT PACKING pc=0x0000026e88025c1c sp=0x000000a633ef2090
Event: 12.215 Thread 0x0000026e92f23870 DEOPT UNPACKING pc=0x0000026e8758a1a3 sp=0x000000a633ef2028 mode 2
Event: 12.252 Thread 0x0000026e92f23870 Uncommon trap: trap_request=0xffffff45 fr.pc=0x0000026e880110d4 relative=0x00000000000000b4
Event: 12.252 Thread 0x0000026e92f23870 Uncommon trap: reason=unstable_if action=reinterpret pc=0x0000026e880110d4 method=java.text.StringCharacterIterator.current()C @ 19 c2
Event: 12.252 Thread 0x0000026e92f23870 DEOPT PACKING pc=0x0000026e880110d4 sp=0x000000a633ef25b0
Event: 12.252 Thread 0x0000026e92f23870 DEOPT UNPACKING pc=0x0000026e8758a1a3 sp=0x000000a633ef2548 mode 2
Event: 12.278 Thread 0x0000026e92f23870 Uncommon trap: trap_request=0xffffff45 fr.pc=0x0000026e87e29bd0 relative=0x00000000000001d0
Event: 12.278 Thread 0x0000026e92f23870 Uncommon trap: reason=unstable_if action=reinterpret pc=0x0000026e87e29bd0 method=java.io.ByteArrayInputStream.read()I @ 8 c2
Event: 12.278 Thread 0x0000026e92f23870 DEOPT PACKING pc=0x0000026e87e29bd0 sp=0x000000a633ef4bb0
Event: 12.278 Thread 0x0000026e92f23870 DEOPT UNPACKING pc=0x0000026e8758a1a3 sp=0x000000a633ef4b68 mode 2

Classes unloaded (0 events):
No events

Classes redefined (0 events):
No events

Internal exceptions (20 events):
Event: 6.772 Thread 0x0000026e92f23870 Exception <a 'java/lang/NoSuchMethodError'{0x00000000896fb960}: 'void java.lang.invoke.DirectMethodHandle$Holder.invokeVirtual(java.lang.Object, java.lang.Object)'> (0x00000000896fb960) 
thrown [s\src\hotspot\share\interpreter\linkResolver.cpp, line 771]
Event: 6.923 Thread 0x0000026e92f23870 Exception <a 'java/lang/NoSuchMethodError'{0x00000000894dcc58}: 'java.lang.Object java.lang.invoke.DirectMethodHandle$Holder.invokeStaticInit(java.lang.Object, int)'> (0x00000000894dcc58) 
thrown [s\src\hotspot\share\interpreter\linkResolver.cpp, line 771]
Event: 6.957 Thread 0x0000026e92f23870 Exception <a 'java/lang/NoSuchMethodError'{0x0000000089203c38}: 'int java.lang.invoke.DelegatingMethodHandle$Holder.reinvoke_L(java.lang.Object, java.lang.Object, java.lang.Object, long, int, int)'> (0x0000000089203c38) 
thrown [s\src\hotspot\share\interpreter\linkResolver.cpp, line 771]
Event: 6.957 Thread 0x0000026e92f23870 Exception <a 'java/lang/NoSuchMethodError'{0x0000000089213738}: 'int java.lang.invoke.DelegatingMethodHandle$Holder.reinvoke_L(java.lang.Object, java.lang.Object, java.lang.Object, long, long, long)'> (0x0000000089213738) 
thrown [s\src\hotspot\share\interpreter\linkResolver.cpp, line 771]
Event: 6.958 Thread 0x0000026e92f23870 Exception <a 'java/lang/NoSuchMethodError'{0x0000000089223540}: 'int java.lang.invoke.DelegatingMethodHandle$Holder.reinvoke_L(java.lang.Object, java.lang.Object, java.lang.Object, long, java.lang.Object, java.lang.Object)'> (0x0000000089223540) 
thrown [s\src\hotspot\share\interpreter\linkResolver.cpp, line 771]
Event: 6.959 Thread 0x0000026e92f23870 Exception <a 'java/lang/NoSuchMethodError'{0x0000000089233190}: 'void java.lang.invoke.DelegatingMethodHandle$Holder.reinvoke_L(java.lang.Object, java.lang.Object, java.lang.Object, long, java.lang.Object)'> (0x0000000089233190) 
thrown [s\src\hotspot\share\interpreter\linkResolver.cpp, line 771]
Event: 6.959 Thread 0x0000026e92f23870 Exception <a 'java/lang/NoSuchMethodError'{0x000000008923b7d8}: 'java.lang.Object java.lang.invoke.DirectMethodHandle$Holder.invokeSpecial(java.lang.Object, java.lang.Object, java.lang.Object, java.lang.Object, long)'> (0x000000008923b7d8) 
thrown [s\src\hotspot\share\interpreter\linkResolver.cpp, line 771]
Event: 6.960 Thread 0x0000026e92f23870 Exception <a 'java/lang/NoSuchMethodError'{0x000000008925fdf0}: 'long java.lang.invoke.Invokers$Holder.invoke_MT(java.lang.Object, java.lang.Object, java.lang.Object, java.lang.Object)'> (0x000000008925fdf0) 
thrown [s\src\hotspot\share\interpreter\linkResolver.cpp, line 771]
Event: 6.961 Thread 0x0000026e92f23870 Exception <a 'java/lang/NoSuchMethodError'{0x0000000089268eb8}: 'int java.lang.invoke.Invokers$Holder.invoke_MT(java.lang.Object, java.lang.Object, java.lang.Object, java.lang.Object)'> (0x0000000089268eb8) 
thrown [s\src\hotspot\share\interpreter\linkResolver.cpp, line 771]
Event: 6.962 Thread 0x0000026e92f23870 Exception <a 'java/lang/NoSuchMethodError'{0x000000008927a218}: 'int java.lang.invoke.DelegatingMethodHandle$Holder.reinvoke_L(java.lang.Object, java.lang.Object, java.lang.Object, long, int)'> (0x000000008927a218) 
thrown [s\src\hotspot\share\interpreter\linkResolver.cpp, line 771]
Event: 6.963 Thread 0x0000026e92f23870 Exception <a 'java/lang/NoSuchMethodError'{0x000000008928d748}: 'java.lang.Object java.lang.invoke.Invokers$Holder.invokeExact_MT(java.lang.Object, java.lang.Object, long, java.lang.Object)'> (0x000000008928d748) 
thrown [s\src\hotspot\share\interpreter\linkResolver.cpp, line 771]
Event: 7.168 Thread 0x0000026e92f23870 Implicit null exception at 0x0000026e87eda913 to 0x0000026e87edaa68
Event: 7.299 Thread 0x0000026e971e8020 Exception <a 'sun/nio/fs/WindowsException'{0x000000008dee51c8}> (0x000000008dee51c8) 
thrown [s\src\hotspot\share\prims\jni.cpp, line 517]
Event: 7.319 Thread 0x0000026e971e8020 Exception <a 'sun/nio/fs/WindowsException'{0x000000008dc29710}> (0x000000008dc29710) 
thrown [s\src\hotspot\share\prims\jni.cpp, line 517]
Event: 7.319 Thread 0x0000026e971e8020 Exception <a 'sun/nio/fs/WindowsException'{0x000000008dc29918}> (0x000000008dc29918) 
thrown [s\src\hotspot\share\prims\jni.cpp, line 517]
Event: 8.111 Thread 0x0000026e92f23870 Exception <a 'java/lang/NoSuchMethodError'{0x000000008b403f48}: 'long java.lang.invoke.DirectMethodHandle$Holder.invokeStatic(java.lang.Object)'> (0x000000008b403f48) 
thrown [s\src\hotspot\share\interpreter\linkResolver.cpp, line 771]
Event: 8.111 Thread 0x0000026e92f23870 Exception <a 'java/lang/NoSuchMethodError'{0x000000008b408ae8}: 'long java.lang.invoke.DirectMethodHandle$Holder.invokeStaticInit(java.lang.Object)'> (0x000000008b408ae8) 
thrown [s\src\hotspot\share\interpreter\linkResolver.cpp, line 771]
Event: 9.019 Thread 0x0000026e92f23870 Exception <a 'java/lang/NoSuchMethodError'{0x00000000888ce498}: 'java.lang.Object java.lang.invoke.Invokers$Holder.invoke_MT(java.lang.Object, java.lang.Object, java.lang.Object)'> (0x00000000888ce498) 
thrown [s\src\hotspot\share\interpreter\linkResolver.cpp, line 771]
Event: 9.386 Thread 0x0000026e92f23870 Implicit null exception at 0x0000026e87b6d1d0 to 0x0000026e87b6f19c
Event: 12.199 Thread 0x0000026e92f23870 Exception <a 'java/lang/NoSuchMethodError'{0x000000008b485840}: 'java.lang.Object java.lang.invoke.DirectMethodHandle$Holder.invokeStatic(java.lang.Object, java.lang.Object, java.lang.Object, java.lang.Object, int)'> (0x000000008b485840) 
thrown [s\src\hotspot\share\interpreter\linkResolver.cpp, line 771]

VM Operations (20 events):
Event: 11.315 Executing VM operation: HandshakeAllThreads
Event: 11.316 Executing VM operation: HandshakeAllThreads done
Event: 11.508 Executing VM operation: G1CollectForAllocation
Event: 11.518 Executing VM operation: G1CollectForAllocation done
Event: 11.751 Executing VM operation: HandshakeAllThreads
Event: 11.751 Executing VM operation: HandshakeAllThreads done
Event: 11.788 Executing VM operation: HandshakeAllThreads
Event: 11.788 Executing VM operation: HandshakeAllThreads done
Event: 11.838 Executing VM operation: HandshakeAllThreads
Event: 11.838 Executing VM operation: HandshakeAllThreads done
Event: 12.184 Executing VM operation: HandshakeAllThreads
Event: 12.184 Executing VM operation: HandshakeAllThreads done
Event: 12.186 Executing VM operation: HandshakeAllThreads
Event: 12.186 Executing VM operation: HandshakeAllThreads done
Event: 12.232 Executing VM operation: ICBufferFull
Event: 12.232 Executing VM operation: ICBufferFull done
Event: 12.242 Executing VM operation: HandshakeAllThreads
Event: 12.242 Executing VM operation: HandshakeAllThreads done
Event: 12.311 Executing VM operation: G1CollectForAllocation
Event: 12.317 Executing VM operation: G1CollectForAllocation done

Events (20 events):
Event: 10.364 Thread 0x0000026e9405d0a0 Thread exited: 0x0000026e9405d0a0
Event: 10.933 Thread 0x0000026e940598f0 Thread added: 0x0000026e940598f0
Event: 11.107 Thread 0x0000026e940598f0 Thread exited: 0x0000026e940598f0
Event: 11.310 loading class java/util/concurrent/LinkedBlockingDeque$Itr
Event: 11.310 loading class java/util/concurrent/LinkedBlockingDeque$AbstractItr
Event: 11.310 loading class java/util/concurrent/LinkedBlockingDeque$AbstractItr done
Event: 11.310 loading class java/util/concurrent/LinkedBlockingDeque$Itr done
Event: 11.658 Thread 0x0000026e9405f920 Thread added: 0x0000026e9405f920
Event: 11.884 loading class java/text/StringCharacterIterator
Event: 11.884 loading class java/text/StringCharacterIterator done
Event: 11.959 loading class java/io/NotSerializableException
Event: 11.959 loading class java/io/NotSerializableException done
Event: 12.162 loading class java/util/function/IntUnaryOperator
Event: 12.162 loading class java/util/function/IntUnaryOperator done
Event: 12.185 loading class java/util/AbstractList$SubList
Event: 12.185 loading class java/util/AbstractList$SubList done
Event: 12.185 loading class java/util/AbstractList$SubList$1
Event: 12.185 loading class java/util/AbstractList$SubList$1 done
Event: 12.185 loading class java/util/AbstractList$ListItr
Event: 12.185 loading class java/util/AbstractList$ListItr done


Dynamic libraries:
0x00007ff69eb80000 - 0x00007ff69eb8a000 	C:\Program Files\Android\Android Studio\jbr\bin\java.exe
0x00007ff9dfd70000 - 0x00007ff9dff87000 	C:\WINDOWS\SYSTEM32\ntdll.dll
0x00007ff9dee90000 - 0x00007ff9def54000 	C:\WINDOWS\System32\KERNEL32.DLL
0x00007ff9dd0e0000 - 0x00007ff9dd485000 	C:\WINDOWS\System32\KERNELBASE.dll
0x00007ff9dd5e0000 - 0x00007ff9dd6f1000 	C:\WINDOWS\System32\ucrtbase.dll
0x00007ff9af380000 - 0x00007ff9af397000 	C:\Program Files\Android\Android Studio\jbr\bin\jli.dll
0x00007ff9b86b0000 - 0x00007ff9b86cb000 	C:\Program Files\Android\Android Studio\jbr\bin\VCRUNTIME140.dll
0x00007ff9de860000 - 0x00007ff9dea0e000 	C:\WINDOWS\System32\USER32.dll
0x00007ff9dd5b0000 - 0x00007ff9dd5d6000 	C:\WINDOWS\System32\win32u.dll
0x00007ff9c0720000 - 0x00007ff9c09b3000 	C:\WINDOWS\WinSxS\amd64_microsoft.windows.common-controls_6595b64144ccf1df_6.0.22621.2506_none_270c5ae97388e100\COMCTL32.dll
0x00007ff9df360000 - 0x00007ff9df389000 	C:\WINDOWS\System32\GDI32.dll
0x00007ff9df120000 - 0x00007ff9df1c7000 	C:\WINDOWS\System32\msvcrt.dll
0x00007ff9dd490000 - 0x00007ff9dd5a9000 	C:\WINDOWS\System32\gdi32full.dll
0x00007ff9dd9b0000 - 0x00007ff9dda4a000 	C:\WINDOWS\System32\msvcp_win.dll
0x00007ff9de720000 - 0x00007ff9de751000 	C:\WINDOWS\System32\IMM32.DLL
0x00007ff9c8200000 - 0x00007ff9c820c000 	C:\Program Files\Android\Android Studio\jbr\bin\vcruntime140_1.dll
0x00007ff9aa730000 - 0x00007ff9aa7bd000 	C:\Program Files\Android\Android Studio\jbr\bin\msvcp140.dll
0x00007ff997f00000 - 0x00007ff998b6e000 	C:\Program Files\Android\Android Studio\jbr\bin\server\jvm.dll
0x00007ff9ddb20000 - 0x00007ff9ddbd1000 	C:\WINDOWS\System32\ADVAPI32.dll
0x00007ff9df390000 - 0x00007ff9df436000 	C:\WINDOWS\System32\sechost.dll
0x00007ff9dfc10000 - 0x00007ff9dfd27000 	C:\WINDOWS\System32\RPCRT4.dll
0x00007ff9d59c0000 - 0x00007ff9d59f4000 	C:\WINDOWS\SYSTEM32\WINMM.dll
0x00007ff9d7f20000 - 0x00007ff9d7f29000 	C:\WINDOWS\SYSTEM32\WSOCK32.dll
0x00007ff9d3c70000 - 0x00007ff9d3c7a000 	C:\WINDOWS\SYSTEM32\VERSION.dll
0x00007ff9df2b0000 - 0x00007ff9df321000 	C:\WINDOWS\System32\WS2_32.dll
0x00007ff9dc080000 - 0x00007ff9dc098000 	C:\WINDOWS\SYSTEM32\kernel.appcore.dll
0x00007ff9d5b30000 - 0x00007ff9d5b3a000 	C:\Program Files\Android\Android Studio\jbr\bin\jimage.dll
0x00007ff9da910000 - 0x00007ff9dab43000 	C:\WINDOWS\SYSTEM32\DBGHELP.DLL
0x00007ff9dea10000 - 0x00007ff9ded99000 	C:\WINDOWS\System32\combase.dll
0x00007ff9df1d0000 - 0x00007ff9df2a7000 	C:\WINDOWS\System32\OLEAUT32.dll
0x00007ff9cb1a0000 - 0x00007ff9cb1d2000 	C:\WINDOWS\SYSTEM32\dbgcore.DLL
0x00007ff9dd930000 - 0x00007ff9dd9aa000 	C:\WINDOWS\System32\bcryptPrimitives.dll
0x00007ff9ba040000 - 0x00007ff9ba065000 	C:\Program Files\Android\Android Studio\jbr\bin\java.dll
0x00007ff9b9490000 - 0x00007ff9b94a8000 	C:\Program Files\Android\Android Studio\jbr\bin\zip.dll
0x00007ff9ddda0000 - 0x00007ff9de5f9000 	C:\WINDOWS\System32\SHELL32.dll
0x00007ff9db100000 - 0x00007ff9db9f4000 	C:\WINDOWS\SYSTEM32\windows.storage.dll
0x00007ff9dafc0000 - 0x00007ff9db0fe000 	C:\WINDOWS\SYSTEM32\wintypes.dll
0x00007ff9de760000 - 0x00007ff9de853000 	C:\WINDOWS\System32\SHCORE.dll
0x00007ff9de6c0000 - 0x00007ff9de71e000 	C:\WINDOWS\System32\shlwapi.dll
0x00007ff9dd010000 - 0x00007ff9dd036000 	C:\WINDOWS\SYSTEM32\profapi.dll
0x00007ff9af7c0000 - 0x00007ff9af7d9000 	C:\Program Files\Android\Android Studio\jbr\bin\net.dll
0x00007ff9d7350000 - 0x00007ff9d7487000 	C:\WINDOWS\SYSTEM32\WINHTTP.dll
0x00007ff9dc560000 - 0x00007ff9dc5c9000 	C:\WINDOWS\system32\mswsock.dll
0x00007ff9af540000 - 0x00007ff9af556000 	C:\Program Files\Android\Android Studio\jbr\bin\nio.dll
0x00007ff9c0c00000 - 0x00007ff9c0c10000 	C:\Program Files\Android\Android Studio\jbr\bin\verify.dll
0x00007ff9ba140000 - 0x00007ff9ba167000 	C:\Users\User\.gradle\native\68d5fa5c4cc2d200863cafc0d521ce42e7d3e7ee720ec0a83991735586a16f82\windows-amd64\native-platform.dll
0x00007ff99ddd0000 - 0x00007ff99df14000 	C:\Users\User\.gradle\native\e376f236ea51e6404a007f0833ffe2c6e607c4080706a723a18a27aeea778392\windows-amd64\native-platform-file-events.dll
0x00007ff9bf220000 - 0x00007ff9bf229000 	C:\Program Files\Android\Android Studio\jbr\bin\management.dll
0x00007ff9b8420000 - 0x00007ff9b842b000 	C:\Program Files\Android\Android Studio\jbr\bin\management_ext.dll
0x00007ff9df8c0000 - 0x00007ff9df8c8000 	C:\WINDOWS\System32\PSAPI.DLL
0x00007ff9dc830000 - 0x00007ff9dc84b000 	C:\WINDOWS\SYSTEM32\CRYPTSP.dll
0x00007ff9dc040000 - 0x00007ff9dc075000 	C:\WINDOWS\system32\rsaenh.dll
0x00007ff9dc650000 - 0x00007ff9dc67c000 	C:\WINDOWS\SYSTEM32\USERENV.dll
0x00007ff9dca80000 - 0x00007ff9dcaa8000 	C:\WINDOWS\SYSTEM32\bcrypt.dll
0x00007ff9dc7b0000 - 0x00007ff9dc7bc000 	C:\WINDOWS\SYSTEM32\CRYPTBASE.dll
0x00007ff9dbb50000 - 0x00007ff9dbb7d000 	C:\WINDOWS\SYSTEM32\IPHLPAPI.DLL
0x00007ff9ddc00000 - 0x00007ff9ddc09000 	C:\WINDOWS\System32\NSI.dll
0x00007ff9d54b0000 - 0x00007ff9d54c9000 	C:\WINDOWS\SYSTEM32\dhcpcsvc6.DLL
0x00007ff9d5490000 - 0x00007ff9d54af000 	C:\WINDOWS\SYSTEM32\dhcpcsvc.DLL
0x00007ff9dbb80000 - 0x00007ff9dbc79000 	C:\WINDOWS\SYSTEM32\DNSAPI.dll
0x00007ff9af630000 - 0x00007ff9af638000 	C:\WINDOWS\system32\wshunix.dll

dbghelp: loaded successfully - version: 4.0.5 - missing functions: none
symbol engine: initialized successfully - sym options: 0x614 - pdb path: .;C:\Program Files\Android\Android Studio\jbr\bin;C:\WINDOWS\SYSTEM32;C:\WINDOWS\WinSxS\amd64_microsoft.windows.common-controls_6595b64144ccf1df_6.0.22621.2506_none_270c5ae97388e100;C:\Program Files\Android\Android Studio\jbr\bin\server;C:\Users\User\.gradle\native\68d5fa5c4cc2d200863cafc0d521ce42e7d3e7ee720ec0a83991735586a16f82\windows-amd64;C:\Users\User\.gradle\native\e376f236ea51e6404a007f0833ffe2c6e607c4080706a723a18a27aeea778392\windows-amd64

VM Arguments:
jvm_args: --add-opens=java.base/java.util=ALL-UNNAMED --add-opens=java.base/java.lang=ALL-UNNAMED --add-opens=java.base/java.lang.invoke=ALL-UNNAMED --add-opens=java.prefs/java.util.prefs=ALL-UNNAMED --add-opens=java.base/java.nio.charset=ALL-UNNAMED --add-opens=java.base/java.net=ALL-UNNAMED --add-opens=java.base/java.util.concurrent.atomic=ALL-UNNAMED -Xmx2048m -Dfile.encoding=UTF-8 -Duser.country=US -Duser.language=en -Duser.variant 
java_command: org.gradle.launcher.daemon.bootstrap.GradleDaemon 8.0
java_class_path (initial): C:\Users\User\.gradle\wrapper\dists\gradle-8.0-bin\ca5e32bp14vu59qr306oxotwh\gradle-8.0\lib\gradle-launcher-8.0.jar
Launcher Type: SUN_STANDARD

[Global flags]
     intx CICompilerCount                          = 4                                         {product} {ergonomic}
     uint ConcGCThreads                            = 2                                         {product} {ergonomic}
     uint G1ConcRefinementThreads                  = 8                                         {product} {ergonomic}
   size_t G1HeapRegionSize                         = 1048576                                   {product} {ergonomic}
    uintx GCDrainStackTargetSize                   = 64                                        {product} {ergonomic}
   size_t InitialHeapSize                          = 132120576                                 {product} {ergonomic}
   size_t MarkStackSize                            = 4194304                                   {product} {ergonomic}
   size_t MaxHeapSize                              = 2147483648                                {product} {command line}
   size_t MaxNewSize                               = 1287651328                                {product} {ergonomic}
   size_t MinHeapDeltaBytes                        = 1048576                                   {product} {ergonomic}
   size_t MinHeapSize                              = 8388608                                   {product} {ergonomic}
    uintx NonNMethodCodeHeapSize                   = 5839372                                {pd product} {ergonomic}
    uintx NonProfiledCodeHeapSize                  = 122909434                              {pd product} {ergonomic}
    uintx ProfiledCodeHeapSize                     = 122909434                              {pd product} {ergonomic}
    uintx ReservedCodeCacheSize                    = 251658240                              {pd product} {ergonomic}
     bool SegmentedCodeCache                       = true                                      {product} {ergonomic}
   size_t SoftMaxHeapSize                          = 2147483648                             {manageable} {ergonomic}
     bool UseCompressedClassPointers               = true                           {product lp64_product} {ergonomic}
     bool UseCompressedOops                        = true                           {product lp64_product} {ergonomic}
     bool UseG1GC                                  = true                                      {product} {ergonomic}
     bool UseLargePagesIndividualAllocation        = false                                  {pd product} {ergonomic}

Logging:
Log output configuration:
 #0: stdout all=warning uptime,level,tags
 #1: stderr all=off uptime,level,tags

Environment Variables:
JAVA_HOME=C:\Program Files\Java\jdk-20.0.1
PATH=C:\Program Files (x86)\Common Files\Oracle\Java\javapath;C:\Python311\Scripts\;C:\Python311\;C:\Program Files (x86)\Falcon\MinGW\bin;C:\WINDOWS\system32;C:\WINDOWS;C:\WINDOWS\System32\Wbem;C:\WINDOWS\System32\WindowsPowerShell\v1.0\;C:\WINDOWS\System32\OpenSSH\;C:\Program Files\Microsoft SQL Server\130\Tools\Binn\;C:\sqlite3;C:\Program Files (x86)\Microsoft SQL Server\150\DTS\Binn\;C:\Program Files\Azure Data Studio\bin;C:\Program Files\Microsoft SQL Server\Client SDK\ODBC\170\Tools\Binn\;C:\Program Files (x86)\Microsoft SQL Server\150\Tools\Binn\;C:\Program Files\Microsoft SQL Server\150\Tools\Binn\;C:\Program Files\Microsoft SQL Server\150\DTS\Binn\;C:\xampp\php;C:\ProgramData\ComposerSetup\bin;C:\Program Files\dotnet\;C:\Users\User\AppData\Local\Android\Sdk\cmdline-tools\bin;C:\Program Files\Java\;C:\Program Files\Git\cmd;C:\Program Files\nodejs\;C:\ProgramData\chocolatey\bin;C:\Program Files (x86)\GTK2-Runtime\lib;C:\Program Files (x86)\Common Files\Oracle\Java\javapath;C:\Python311\Scripts\;C:\Python311\;C:\Program Files (x86)\Falcon\MinGW\bin;C:\WINDOWS\system32;C:\WINDOWS;C:\WINDOWS\System32\Wbem;C:\WINDOWS\System32\WindowsPowerShell\v1.0\;C:\WINDOWS\System32\OpenSSH\;C:\Program Files\Microsoft SQL Server\130\Tools\Binn\;C:\sqlite3;C:\Program Files (x86)\Microsoft SQL Server\150\DTS\Binn\;C:\Program Files\Azure Data Studio\bin;C:\Program Files\Microsoft SQL Server\Client SDK\ODBC\170\Tools\Binn\;C:\Program Files (x86)\Microsoft SQL Server\150\Tools\Binn\;C:\Program Files\Microsoft SQL Server\150\Tools\Binn\;C:\Program Files\Microsoft SQL Server\150\DTS\Binn\;C:\xampp\php;C:\ProgramData\ComposerSetup\bin;C:\Program Files\dotnet\;C:\Users\User\AppData\Local\Android\Sdk\cmdline-tools\bin;C:\Program Files\Java\;C:\Program Files\Git\cmd;C:\Program Files\nodejs\;C:\ProgramData\chocolatey\bin;C:\Program Files (x86)\GTK2-Runtime\lib;C:\Program Files\nodejs\node_modules\npm\bin;C:\Program Files\MySQL\MySQL Shell 8.0\bin\;C:\Users\User\AppData\Local\Microsoft\Windows
USERNAME=User
OS=Windows_NT
PROCESSOR_IDENTIFIER=Intel64 Family 6 Model 140 Stepping 1, GenuineIntel
TMP=C:\Users\User\AppData\Local\Temp
TEMP=C:\Users\User\AppData\Local\Temp


JNI global refs:
JNI global refs: 26, weak refs: 26

JNI global refs memory usage: 843, weak refs: 841


---------------  S Y S T E M  ---------------

OS:
 Windows 11 , 64 bit Build 22621 (10.0.22621.2506)
OS uptime: 0 days 16:33 hours

CPU: total 8 (initial active 8) (4 cores per cpu, 2 threads per core) family 6 model 140 stepping 1 microcode 0x78, cx8, cmov, fxsr, ht, mmx, 3dnowpref, sse, sse2, sse3, ssse3, sse4.1, sse4.2, popcnt, lzcnt, tsc, tscinvbit, avx, avx2, aes, erms, clmul, bmi1, bmi2, adx, avx512f, avx512dq, avx512cd, avx512bw, avx512vl, sha, fma, vzeroupper, avx512_vpopcntdq, avx512_vpclmulqdq, avx512_vaes, avx512_vnni, clflush, clflushopt, clwb, avx512_vbmi2, avx512_vbmi

Memory: 4k page, system-wide physical 7991M (504M free)
TotalPageFile size 10039M (AvailPageFile size 5M)
current process WorkingSet (physical memory assigned to process): 517M, peak: 517M
current process commit charge ("private bytes"): 553M, peak: 554M

vm_info: OpenJDK 64-Bit Server VM (17.0.6+0-b2043.56-10027231) for windows-amd64 JRE (17.0.6+0-b2043.56-10027231), built on Apr 28 2023 00:43:19 by "androidbuild" with MS VC++ 16.10 / 16.11 (VS2019)

END.
