#
# There is insufficient memory for the Java Runtime Environment to continue.
# Native memory allocation (mmap) failed to map 196083712 bytes for G1 virtual space
# Possible reasons:
#   The system is out of physical RAM or swap space
#   The process is running with CompressedOops enabled, and the Java Heap may be blocking the growth of the native heap
# Possible solutions:
#   Reduce memory load on the system
#   Increase physical memory or swap space
#   Check if swap backing store is full
#   Decrease Java heap size (-Xmx/-Xms)
#   Decrease number of Java threads
#   Decrease Java thread stack sizes (-Xss)
#   Set larger code cache with -XX:ReservedCodeCacheSize=
#   JVM is running with Unscaled Compressed Oops mode in which the Java heap is
#     placed in the first 4GB address space. The Java Heap base address is the
#     maximum limit for the native heap growth. Please use -XX:HeapBaseMinAddress
#     to set the Java Heap base and to place the Java Heap above 4GB virtual address.
# This output file may be truncated or incomplete.
#
#  Out of Memory Error (os_windows.cpp:3769), pid=11932, tid=13444
#
# JRE version: OpenJDK Runtime Environment (17.0.6) (build 17.0.6+0-b2043.56-10027231)
# Java VM: OpenJDK 64-Bit Server VM (17.0.6+0-b2043.56-10027231, mixed mode, tiered, compressed oops, compressed class ptrs, g1 gc, windows-amd64)
# No core dump will be written. Minidumps are not enabled by default on client versions of Windows
#

---------------  S U M M A R Y ------------

Command Line: --add-opens=java.base/java.util=ALL-UNNAMED --add-opens=java.base/java.lang=ALL-UNNAMED --add-opens=java.base/java.lang.invoke=ALL-UNNAMED --add-opens=java.prefs/java.util.prefs=ALL-UNNAMED --add-opens=java.base/java.nio.charset=ALL-UNNAMED --add-opens=java.base/java.net=ALL-UNNAMED --add-opens=java.base/java.util.concurrent.atomic=ALL-UNNAMED -Xmx2048m -Dfile.encoding=UTF-8 -Duser.country=US -Duser.language=en -Duser.variant org.gradle.launcher.daemon.bootstrap.GradleDaemon 8.0

Host: 11th Gen Intel(R) Core(TM) i5-1135G7 @ 2.40GHz, 8 cores, 7G,  Windows 11 , 64 bit Build 22621 (10.0.22621.2506)
Time: Tue Nov 28 07:31:29 2023 E. Africa Standard Time elapsed time: 7.477413 seconds (0d 0h 0m 7s)

---------------  T H R E A D  ---------------

Current thread (0x00000243ba411170):  VMThread "VM Thread" [stack: 0x000000b8da200000,0x000000b8da300000] [id=13444]

Stack: [0x000000b8da200000,0x000000b8da300000]
Native frames: (J=compiled Java code, j=interpreted, Vv=VM code, C=native code)
V  [jvm.dll+0x683c9a]
V  [jvm.dll+0x8427a4]
V  [jvm.dll+0x843f9e]
V  [jvm.dll+0x844603]
V  [jvm.dll+0x249b75]
V  [jvm.dll+0x680b69]
V  [jvm.dll+0x67505a]
V  [jvm.dll+0x309acb]
V  [jvm.dll+0x310f86]
V  [jvm.dll+0x3608ee]
V  [jvm.dll+0x360b1f]
V  [jvm.dll+0x2dfbf8]
V  [jvm.dll+0x2ddec4]
V  [jvm.dll+0x2dd4cc]
V  [jvm.dll+0x321f3b]
V  [jvm.dll+0x848ccb]
V  [jvm.dll+0x849a04]
V  [jvm.dll+0x849f1d]
V  [jvm.dll+0x84a2f4]
V  [jvm.dll+0x84a3c0]
V  [jvm.dll+0x7f274a]
V  [jvm.dll+0x682ad5]
C  [ucrtbase.dll+0x29363]
C  [KERNEL32.DLL+0x1257d]
C  [ntdll.dll+0x5aa58]

VM_Operation (0x000000b8dbbf6b00): G1CollectForAllocation, mode: safepoint, requested by thread 0x00000243bd7ef920


---------------  P R O C E S S  ---------------

Threads class SMR info:
_java_thread_list=0x00000243bbe94ff0, length=128, elements={
0x00000243a058c430, 0x00000243bb012250, 0x00000243bb012e00, 0x00000243bb02e840,
0x00000243bb02f100, 0x00000243bb031dd0, 0x00000243bb032780, 0x00000243bb035680,
0x00000243bb03bd00, 0x00000243bb03f8a0, 0x00000243bb1a5b60, 0x00000243bb1c5a10,
0x00000243bb03c210, 0x00000243bd589ab0, 0x00000243bc8755c0, 0x00000243bbfa4d20,
0x00000243be246010, 0x00000243bc7a78b0, 0x00000243bd6121a0, 0x00000243bd7ef920,
0x00000243bd7f26e0, 0x00000243be226bd0, 0x00000243be226700, 0x00000243be225890,
0x00000243be2270a0, 0x00000243be227a40, 0x00000243be228d80, 0x00000243be2288b0,
0x00000243be227570, 0x00000243be225d60, 0x00000243be227f10, 0x00000243be2253c0,
0x00000243be226230, 0x00000243be2283e0, 0x00000243be9b0ce0, 0x00000243be9b2e90,
0x00000243be9b41d0, 0x00000243be9b6850, 0x00000243be9b5510, 0x00000243be9b5eb0,
0x00000243be9b1b50, 0x00000243be9af000, 0x00000243bb03e070, 0x00000243be9af4d0,
0x00000243be9b5040, 0x00000243be9af9a0, 0x00000243be9b3360, 0x00000243be9b0340,
0x00000243be9b29c0, 0x00000243be9b3830, 0x00000243be9b59e0, 0x00000243be9b3d00,
0x00000243be9b1680, 0x00000243be9b46a0, 0x00000243be423f50, 0x00000243be4230e0,
0x00000243be41d0a0, 0x00000243be4235b0, 0x00000243be41f250, 0x00000243be420590,
0x00000243be41e3e0, 0x00000243be41d570, 0x00000243be424420, 0x00000243be423a80,
0x00000243be4248f0, 0x00000243be41da40, 0x00000243be41df10, 0x00000243be41e8b0,
0x00000243be41ed80, 0x00000243be422270, 0x00000243be41f720, 0x00000243be4200c0,
0x00000243be420a60, 0x00000243be422c10, 0x00000243be420f30, 0x00000243be41fbf0,
0x00000243be421400, 0x00000243be4218d0, 0x00000243be421da0, 0x00000243be422740,
0x00000243c23a2240, 0x00000243c23a43f0, 0x00000243c23a2710, 0x00000243c23a65a0,
0x00000243c23a48c0, 0x00000243c23a2be0, 0x00000243c23a30b0, 0x00000243c23a3580,
0x00000243c23a5260, 0x00000243c23a7410, 0x00000243c23a0f00, 0x00000243c23a3a50,
0x00000243c23a78e0, 0x00000243c23a5730, 0x00000243c23a5c00, 0x00000243c23a3f20,
0x00000243c23a13d0, 0x00000243c23a18a0, 0x00000243c23a60d0, 0x00000243c23a4d90,
0x00000243c23a6a70, 0x00000243c23a0560, 0x00000243c23a6f40, 0x00000243c23a1d70,
0x00000243c23a0090, 0x00000243c23a0a30, 0x00000243c1dbebd0, 0x00000243c1dbe700,
0x00000243c1dc4740, 0x00000243c1dc3da0, 0x00000243c1dc4270, 0x00000243c1dbf0a0,
0x00000243c1dbd890, 0x00000243c1dbf570, 0x00000243c1dc4c10, 0x00000243c1dc50e0,
0x00000243c1dbdd60, 0x00000243c1dbfa40, 0x00000243c1dbff10, 0x00000243c1dc3400,
0x00000243c1dc1bf0, 0x00000243c1dc03e0, 0x00000243c1dc08b0, 0x00000243c1dc0d80,
0x00000243c1dc1250, 0x00000243c1dc38d0, 0x00000243c1dc1720, 0x00000243c1dc2590
}

Java Threads: ( => current thread )
  0x00000243a058c430 JavaThread "main" [_thread_blocked, id=10008, stack(0x000000b8d9c00000,0x000000b8d9d00000)]
  0x00000243bb012250 JavaThread "Reference Handler" daemon [_thread_blocked, id=14132, stack(0x000000b8da300000,0x000000b8da400000)]
  0x00000243bb012e00 JavaThread "Finalizer" daemon [_thread_blocked, id=15968, stack(0x000000b8da400000,0x000000b8da500000)]
  0x00000243bb02e840 JavaThread "Signal Dispatcher" daemon [_thread_blocked, id=15088, stack(0x000000b8da500000,0x000000b8da600000)]
  0x00000243bb02f100 JavaThread "Attach Listener" daemon [_thread_blocked, id=14228, stack(0x000000b8da600000,0x000000b8da700000)]
  0x00000243bb031dd0 JavaThread "Service Thread" daemon [_thread_blocked, id=9252, stack(0x000000b8da700000,0x000000b8da800000)]
  0x00000243bb032780 JavaThread "Monitor Deflation Thread" daemon [_thread_blocked, id=12052, stack(0x000000b8da800000,0x000000b8da900000)]
  0x00000243bb035680 JavaThread "C2 CompilerThread0" daemon [_thread_blocked, id=13044, stack(0x000000b8da900000,0x000000b8daa00000)]
  0x00000243bb03bd00 JavaThread "C1 CompilerThread0" daemon [_thread_blocked, id=14700, stack(0x000000b8daa00000,0x000000b8dab00000)]
  0x00000243bb03f8a0 JavaThread "Sweeper thread" daemon [_thread_blocked, id=1672, stack(0x000000b8dab00000,0x000000b8dac00000)]
  0x00000243bb1a5b60 JavaThread "Common-Cleaner" daemon [_thread_blocked, id=11268, stack(0x000000b8dac00000,0x000000b8dad00000)]
  0x00000243bb1c5a10 JavaThread "Notification Thread" daemon [_thread_blocked, id=1740, stack(0x000000b8dad00000,0x000000b8dae00000)]
  0x00000243bb03c210 JavaThread "C2 CompilerThread1" daemon [_thread_blocked, id=10156, stack(0x000000b8daf00000,0x000000b8db000000)]
  0x00000243bd589ab0 JavaThread "Daemon health stats" [_thread_blocked, id=15344, stack(0x000000b8db500000,0x000000b8db600000)]
  0x00000243bc8755c0 JavaThread "Incoming local TCP Connector on port 51773" [_thread_in_native, id=9308, stack(0x000000b8db600000,0x000000b8db700000)]
  0x00000243bbfa4d20 JavaThread "Daemon periodic checks" [_thread_blocked, id=14148, stack(0x000000b8db700000,0x000000b8db800000)]
  0x00000243be246010 JavaThread "Daemon" [_thread_blocked, id=13608, stack(0x000000b8db800000,0x000000b8db900000)]
  0x00000243bc7a78b0 JavaThread "Handler for socket connection from /127.0.0.1:51773 to /127.0.0.1:51774" [_thread_in_native, id=4672, stack(0x000000b8db900000,0x000000b8dba00000)]
  0x00000243bd6121a0 JavaThread "Cancel handler" [_thread_blocked, id=3616, stack(0x000000b8dba00000,0x000000b8dbb00000)]
  0x00000243bd7ef920 JavaThread "Daemon worker" [_thread_blocked, id=4628, stack(0x000000b8dbb00000,0x000000b8dbc00000)]
  0x00000243bd7f26e0 JavaThread "Asynchronous log dispatcher for DefaultDaemonConnection: socket connection from /127.0.0.1:51773 to /127.0.0.1:51774" [_thread_blocked, id=2740, stack(0x000000b8dbc00000,0x000000b8dbd00000)]
  0x00000243be226bd0 JavaThread "Stdin handler" [_thread_blocked, id=5664, stack(0x000000b8dbd00000,0x000000b8dbe00000)]
  0x00000243be226700 JavaThread "Daemon client event forwarder" [_thread_blocked, id=12592, stack(0x000000b8dbe00000,0x000000b8dbf00000)]
  0x00000243be225890 JavaThread "Cache worker for journal cache (C:\Users\User\.gradle\caches\journal-1)" [_thread_blocked, id=10016, stack(0x000000b8dc300000,0x000000b8dc400000)]
  0x00000243be2270a0 JavaThread "File lock request listener" [_thread_in_native, id=11884, stack(0x000000b8dc400000,0x000000b8dc500000)]
  0x00000243be227a40 JavaThread "Cache worker for file hash cache (C:\Users\User\.gradle\caches\8.0\fileHashes)" [_thread_blocked, id=6472, stack(0x000000b8dc500000,0x000000b8dc600000)]
  0x00000243be228d80 JavaThread "File watcher server" daemon [_thread_in_native, id=5340, stack(0x000000b8dc600000,0x000000b8dc700000)]
  0x00000243be2288b0 JavaThread "File watcher consumer" daemon [_thread_blocked, id=1228, stack(0x000000b8dc700000,0x000000b8dc800000)]
  0x00000243be227570 JavaThread "Cache worker for checksums cache (C:\Users\User\AndroidStudioProjects\RepairPal\.gradle\8.0\checksums)" [_thread_blocked, id=9952, stack(0x000000b8dc800000,0x000000b8dc900000)]
  0x00000243be225d60 JavaThread "Cache worker for cache directory md-rule (C:\Users\User\.gradle\caches\8.0\md-rule)" [_thread_blocked, id=13032, stack(0x000000b8dc900000,0x000000b8dca00000)]
  0x00000243be227f10 JavaThread "Cache worker for file content cache (C:\Users\User\.gradle\caches\8.0\fileContent)" [_thread_blocked, id=7196, stack(0x000000b8dca00000,0x000000b8dcb00000)]
  0x00000243be2253c0 JavaThread "Cache worker for file hash cache (C:\Users\User\AndroidStudioProjects\RepairPal\.gradle\8.0\fileHashes)" [_thread_blocked, id=14096, stack(0x000000b8dcb00000,0x000000b8dcc00000)]
  0x00000243be226230 JavaThread "Cache worker for cache directory md-supplier (C:\Users\User\.gradle\caches\8.0\md-supplier)" [_thread_blocked, id=12520, stack(0x000000b8dcc00000,0x000000b8dcd00000)]
  0x00000243be2283e0 JavaThread "Cache worker for execution history cache (C:\Users\User\.gradle\caches\8.0\executionHistory)" [_thread_blocked, id=10748, stack(0x000000b8dcd00000,0x000000b8dce00000)]
  0x00000243be9b0ce0 JavaThread "jar transforms" [_thread_blocked, id=8392, stack(0x000000b8dce00000,0x000000b8dcf00000)]
  0x00000243be9b2e90 JavaThread "jar transforms Thread 2" [_thread_blocked, id=14576, stack(0x000000b8dcf00000,0x000000b8dd000000)]
  0x00000243be9b41d0 JavaThread "Cache worker for kotlin-dsl (C:\Users\User\.gradle\caches\8.0\kotlin-dsl)" [_thread_blocked, id=13972, stack(0x000000b8dd100000,0x000000b8dd200000)]
  0x00000243be9b6850 JavaThread "jar transforms Thread 3" [_thread_blocked, id=12996, stack(0x000000b8dd200000,0x000000b8dd300000)]
  0x00000243be9b5510 JavaThread "jar transforms Thread 4" [_thread_blocked, id=12844, stack(0x000000b8dd300000,0x000000b8dd400000)]
  0x00000243be9b5eb0 JavaThread "Cache worker for dependencies-accessors (C:\Users\User\AndroidStudioProjects\RepairPal\.gradle\8.0\dependencies-accessors)" [_thread_blocked, id=12424, stack(0x000000b8dd400000,0x000000b8dd500000)]
  0x00000243be9b1b50 JavaThread "Cache worker for Build Output Cleanup Cache (C:\Users\User\AndroidStudioProjects\RepairPal\.gradle\buildOutputCleanup)" [_thread_blocked, id=12988, stack(0x000000b8dd500000,0x000000b8dd600000)]
  0x00000243be9af000 JavaThread "jar transforms Thread 5" [_thread_blocked, id=14688, stack(0x000000b8dd600000,0x000000b8dd700000)]
  0x00000243bb03e070 JavaThread "C2 CompilerThread2" daemon [_thread_blocked, id=13388, stack(0x000000b8db000000,0x000000b8db100000)]
  0x00000243be9af4d0 JavaThread "Unconstrained build operations" [_thread_blocked, id=13612, stack(0x000000b8dd700000,0x000000b8dd800000)]
  0x00000243be9b5040 JavaThread "Unconstrained build operations Thread 2" [_thread_blocked, id=14764, stack(0x000000b8dd800000,0x000000b8dd900000)]
  0x00000243be9af9a0 JavaThread "Unconstrained build operations Thread 3" [_thread_blocked, id=4656, stack(0x000000b8dd900000,0x000000b8dda00000)]
  0x00000243be9b3360 JavaThread "Unconstrained build operations Thread 4" [_thread_blocked, id=13036, stack(0x000000b8dda00000,0x000000b8ddb00000)]
  0x00000243be9b0340 JavaThread "Unconstrained build operations Thread 5" [_thread_blocked, id=12500, stack(0x000000b8ddb00000,0x000000b8ddc00000)]
  0x00000243be9b29c0 JavaThread "Unconstrained build operations Thread 6" [_thread_blocked, id=10080, stack(0x000000b8ddc00000,0x000000b8ddd00000)]
  0x00000243be9b3830 JavaThread "Unconstrained build operations Thread 7" [_thread_blocked, id=1656, stack(0x000000b8ddd00000,0x000000b8dde00000)]
  0x00000243be9b59e0 JavaThread "Unconstrained build operations Thread 8" [_thread_blocked, id=14980, stack(0x000000b8dde00000,0x000000b8ddf00000)]
  0x00000243be9b3d00 JavaThread "Unconstrained build operations Thread 9" [_thread_blocked, id=11472, stack(0x000000b8ddf00000,0x000000b8de000000)]
  0x00000243be9b1680 JavaThread "Unconstrained build operations Thread 10" [_thread_blocked, id=3600, stack(0x000000b8de000000,0x000000b8de100000)]
  0x00000243be9b46a0 JavaThread "Unconstrained build operations Thread 11" [_thread_blocked, id=15492, stack(0x000000b8de100000,0x000000b8de200000)]
  0x00000243be423f50 JavaThread "Unconstrained build operations Thread 12" [_thread_blocked, id=12116, stack(0x000000b8de200000,0x000000b8de300000)]
  0x00000243be4230e0 JavaThread "Unconstrained build operations Thread 13" [_thread_blocked, id=15752, stack(0x000000b8de300000,0x000000b8de400000)]
  0x00000243be41d0a0 JavaThread "Unconstrained build operations Thread 14" [_thread_blocked, id=15316, stack(0x000000b8de400000,0x000000b8de500000)]
  0x00000243be4235b0 JavaThread "Unconstrained build operations Thread 15" [_thread_blocked, id=13912, stack(0x000000b8de500000,0x000000b8de600000)]
  0x00000243be41f250 JavaThread "Unconstrained build operations Thread 16" [_thread_blocked, id=4936, stack(0x000000b8de600000,0x000000b8de700000)]
  0x00000243be420590 JavaThread "Unconstrained build operations Thread 17" [_thread_blocked, id=13600, stack(0x000000b8de700000,0x000000b8de800000)]
  0x00000243be41e3e0 JavaThread "Unconstrained build operations Thread 18" [_thread_blocked, id=13924, stack(0x000000b8de800000,0x000000b8de900000)]
  0x00000243be41d570 JavaThread "Unconstrained build operations Thread 19" [_thread_blocked, id=10872, stack(0x000000b8de900000,0x000000b8dea00000)]
  0x00000243be424420 JavaThread "Unconstrained build operations Thread 20" [_thread_blocked, id=15828, stack(0x000000b8dea00000,0x000000b8deb00000)]
  0x00000243be423a80 JavaThread "Unconstrained build operations Thread 21" [_thread_blocked, id=9048, stack(0x000000b8deb00000,0x000000b8dec00000)]
  0x00000243be4248f0 JavaThread "Unconstrained build operations Thread 22" [_thread_blocked, id=11676, stack(0x000000b8dec00000,0x000000b8ded00000)]
  0x00000243be41da40 JavaThread "Unconstrained build operations Thread 23" [_thread_blocked, id=12436, stack(0x000000b8ded00000,0x000000b8dee00000)]
  0x00000243be41df10 JavaThread "Unconstrained build operations Thread 24" [_thread_blocked, id=10340, stack(0x000000b8dee00000,0x000000b8def00000)]
  0x00000243be41e8b0 JavaThread "Unconstrained build operations Thread 25" [_thread_blocked, id=11804, stack(0x000000b8def00000,0x000000b8df000000)]
  0x00000243be41ed80 JavaThread "Unconstrained build operations Thread 26" [_thread_blocked, id=3708, stack(0x000000b8df000000,0x000000b8df100000)]
  0x00000243be422270 JavaThread "Unconstrained build operations Thread 27" [_thread_blocked, id=12232, stack(0x000000b8df100000,0x000000b8df200000)]
  0x00000243be41f720 JavaThread "Unconstrained build operations Thread 28" [_thread_blocked, id=9272, stack(0x000000b8df200000,0x000000b8df300000)]
  0x00000243be4200c0 JavaThread "Unconstrained build operations Thread 29" [_thread_blocked, id=4700, stack(0x000000b8df300000,0x000000b8df400000)]
  0x00000243be420a60 JavaThread "Unconstrained build operations Thread 30" [_thread_blocked, id=10924, stack(0x000000b8df400000,0x000000b8df500000)]
  0x00000243be422c10 JavaThread "Unconstrained build operations Thread 31" [_thread_blocked, id=13236, stack(0x000000b8df500000,0x000000b8df600000)]
  0x00000243be420f30 JavaThread "Unconstrained build operations Thread 32" [_thread_blocked, id=13156, stack(0x000000b8df600000,0x000000b8df700000)]
  0x00000243be41fbf0 JavaThread "Unconstrained build operations Thread 33" [_thread_blocked, id=10964, stack(0x000000b8df700000,0x000000b8df800000)]
  0x00000243be421400 JavaThread "Unconstrained build operations Thread 34" [_thread_blocked, id=14696, stack(0x000000b8df800000,0x000000b8df900000)]
  0x00000243be4218d0 JavaThread "Unconstrained build operations Thread 35" [_thread_blocked, id=13512, stack(0x000000b8df900000,0x000000b8dfa00000)]
  0x00000243be421da0 JavaThread "Unconstrained build operations Thread 36" [_thread_blocked, id=10292, stack(0x000000b8dfa00000,0x000000b8dfb00000)]
  0x00000243be422740 JavaThread "Unconstrained build operations Thread 37" [_thread_blocked, id=15040, stack(0x000000b8dfb00000,0x000000b8dfc00000)]
  0x00000243c23a2240 JavaThread "Unconstrained build operations Thread 38" [_thread_blocked, id=9980, stack(0x000000b8dfc00000,0x000000b8dfd00000)]
  0x00000243c23a43f0 JavaThread "Unconstrained build operations Thread 39" [_thread_blocked, id=14620, stack(0x000000b8dfd00000,0x000000b8dfe00000)]
  0x00000243c23a2710 JavaThread "Unconstrained build operations Thread 40" [_thread_blocked, id=12884, stack(0x000000b8dfe00000,0x000000b8dff00000)]
  0x00000243c23a65a0 JavaThread "Unconstrained build operations Thread 41" [_thread_blocked, id=15468, stack(0x000000b8dff00000,0x000000b8e0000000)]
  0x00000243c23a48c0 JavaThread "Unconstrained build operations Thread 42" [_thread_blocked, id=13284, stack(0x000000b8e0000000,0x000000b8e0100000)]
  0x00000243c23a2be0 JavaThread "Unconstrained build operations Thread 43" [_thread_blocked, id=5616, stack(0x000000b8e0100000,0x000000b8e0200000)]
  0x00000243c23a30b0 JavaThread "Unconstrained build operations Thread 44" [_thread_blocked, id=14544, stack(0x000000b8e0200000,0x000000b8e0300000)]
  0x00000243c23a3580 JavaThread "Unconstrained build operations Thread 45" [_thread_blocked, id=13632, stack(0x000000b8e0300000,0x000000b8e0400000)]
  0x00000243c23a5260 JavaThread "Unconstrained build operations Thread 46" [_thread_blocked, id=13052, stack(0x000000b8e0400000,0x000000b8e0500000)]
  0x00000243c23a7410 JavaThread "Unconstrained build operations Thread 47" [_thread_blocked, id=7944, stack(0x000000b8e0500000,0x000000b8e0600000)]
  0x00000243c23a0f00 JavaThread "Unconstrained build operations Thread 48" [_thread_blocked, id=1820, stack(0x000000b8e0600000,0x000000b8e0700000)]
  0x00000243c23a3a50 JavaThread "Unconstrained build operations Thread 49" [_thread_blocked, id=11684, stack(0x000000b8e0700000,0x000000b8e0800000)]
  0x00000243c23a78e0 JavaThread "Unconstrained build operations Thread 50" [_thread_blocked, id=3544, stack(0x000000b8e0800000,0x000000b8e0900000)]
  0x00000243c23a5730 JavaThread "Unconstrained build operations Thread 51" [_thread_blocked, id=8744, stack(0x000000b8e0900000,0x000000b8e0a00000)]
  0x00000243c23a5c00 JavaThread "Unconstrained build operations Thread 52" [_thread_blocked, id=11540, stack(0x000000b8e0a00000,0x000000b8e0b00000)]
  0x00000243c23a3f20 JavaThread "Unconstrained build operations Thread 53" [_thread_blocked, id=6148, stack(0x000000b8e0b00000,0x000000b8e0c00000)]
  0x00000243c23a13d0 JavaThread "Unconstrained build operations Thread 54" [_thread_blocked, id=6624, stack(0x000000b8e0c00000,0x000000b8e0d00000)]
  0x00000243c23a18a0 JavaThread "Unconstrained build operations Thread 55" [_thread_blocked, id=14232, stack(0x000000b8e0d00000,0x000000b8e0e00000)]
  0x00000243c23a60d0 JavaThread "Unconstrained build operations Thread 56" [_thread_blocked, id=14708, stack(0x000000b8e0e00000,0x000000b8e0f00000)]
  0x00000243c23a4d90 JavaThread "Unconstrained build operations Thread 57" [_thread_blocked, id=13988, stack(0x000000b8e0f00000,0x000000b8e1000000)]
  0x00000243c23a6a70 JavaThread "Unconstrained build operations Thread 58" [_thread_blocked, id=14076, stack(0x000000b8e1000000,0x000000b8e1100000)]
  0x00000243c23a0560 JavaThread "Unconstrained build operations Thread 59" [_thread_blocked, id=7496, stack(0x000000b8e1100000,0x000000b8e1200000)]
  0x00000243c23a6f40 JavaThread "Unconstrained build operations Thread 60" [_thread_blocked, id=14588, stack(0x000000b8e1200000,0x000000b8e1300000)]
  0x00000243c23a1d70 JavaThread "Unconstrained build operations Thread 61" [_thread_blocked, id=11432, stack(0x000000b8e1300000,0x000000b8e1400000)]
  0x00000243c23a0090 JavaThread "Unconstrained build operations Thread 62" [_thread_blocked, id=15548, stack(0x000000b8e1400000,0x000000b8e1500000)]
  0x00000243c23a0a30 JavaThread "Unconstrained build operations Thread 63" [_thread_blocked, id=13400, stack(0x000000b8e1500000,0x000000b8e1600000)]
  0x00000243c1dbebd0 JavaThread "Unconstrained build operations Thread 64" [_thread_blocked, id=5908, stack(0x000000b8e1600000,0x000000b8e1700000)]
  0x00000243c1dbe700 JavaThread "Unconstrained build operations Thread 65" [_thread_blocked, id=7992, stack(0x000000b8e1700000,0x000000b8e1800000)]
  0x00000243c1dc4740 JavaThread "Unconstrained build operations Thread 66" [_thread_blocked, id=8956, stack(0x000000b8e1800000,0x000000b8e1900000)]
  0x00000243c1dc3da0 JavaThread "Unconstrained build operations Thread 67" [_thread_blocked, id=15852, stack(0x000000b8e1900000,0x000000b8e1a00000)]
  0x00000243c1dc4270 JavaThread "Unconstrained build operations Thread 68" [_thread_blocked, id=16200, stack(0x000000b8e1a00000,0x000000b8e1b00000)]
  0x00000243c1dbf0a0 JavaThread "Unconstrained build operations Thread 69" [_thread_blocked, id=12876, stack(0x000000b8e1b00000,0x000000b8e1c00000)]
  0x00000243c1dbd890 JavaThread "Unconstrained build operations Thread 70" [_thread_blocked, id=13168, stack(0x000000b8e1c00000,0x000000b8e1d00000)]
  0x00000243c1dbf570 JavaThread "Unconstrained build operations Thread 71" [_thread_blocked, id=13672, stack(0x000000b8e1d00000,0x000000b8e1e00000)]
  0x00000243c1dc4c10 JavaThread "Unconstrained build operations Thread 72" [_thread_blocked, id=16056, stack(0x000000b8e1e00000,0x000000b8e1f00000)]
  0x00000243c1dc50e0 JavaThread "Unconstrained build operations Thread 73" [_thread_blocked, id=13824, stack(0x000000b8e1f00000,0x000000b8e2000000)]
  0x00000243c1dbdd60 JavaThread "Unconstrained build operations Thread 74" [_thread_blocked, id=10804, stack(0x000000b8e2000000,0x000000b8e2100000)]
  0x00000243c1dbfa40 JavaThread "Unconstrained build operations Thread 75" [_thread_blocked, id=14040, stack(0x000000b8e2100000,0x000000b8e2200000)]
  0x00000243c1dbff10 JavaThread "Unconstrained build operations Thread 76" [_thread_blocked, id=9416, stack(0x000000b8e2200000,0x000000b8e2300000)]
  0x00000243c1dc3400 JavaThread "Unconstrained build operations Thread 77" [_thread_blocked, id=12416, stack(0x000000b8e2300000,0x000000b8e2400000)]
  0x00000243c1dc1bf0 JavaThread "Unconstrained build operations Thread 78" [_thread_blocked, id=1240, stack(0x000000b8e2400000,0x000000b8e2500000)]
  0x00000243c1dc03e0 JavaThread "Unconstrained build operations Thread 79" [_thread_blocked, id=8348, stack(0x000000b8e2500000,0x000000b8e2600000)]
  0x00000243c1dc08b0 JavaThread "Unconstrained build operations Thread 80" [_thread_blocked, id=12432, stack(0x000000b8e2600000,0x000000b8e2700000)]
  0x00000243c1dc0d80 JavaThread "jar transforms Thread 6" [_thread_blocked, id=14208, stack(0x000000b8e2700000,0x000000b8e2800000)]
  0x00000243c1dc1250 JavaThread "jar transforms Thread 7" [_thread_blocked, id=10312, stack(0x000000b8e2800000,0x000000b8e2900000)]
  0x00000243c1dc38d0 JavaThread "jar transforms Thread 8" [_thread_blocked, id=9284, stack(0x000000b8e2900000,0x000000b8e2a00000)]
  0x00000243c1dc1720 JavaThread "build event listener" [_thread_blocked, id=7548, stack(0x000000b8e2a00000,0x000000b8e2b00000)]
  0x00000243c1dc2590 JavaThread "Memory manager" [_thread_blocked, id=15312, stack(0x000000b8e2b00000,0x000000b8e2c00000)]

Other Threads:
=>0x00000243ba411170 VMThread "VM Thread" [stack: 0x000000b8da200000,0x000000b8da300000] [id=13444]
  0x00000243a06048c0 WatcherThread [stack: 0x000000b8dae00000,0x000000b8daf00000] [id=15364]
  0x00000243a05e8440 GCTaskThread "GC Thread#0" [stack: 0x000000b8d9d00000,0x000000b8d9e00000] [id=11376]
  0x00000243bc26acf0 GCTaskThread "GC Thread#1" [stack: 0x000000b8db100000,0x000000b8db200000] [id=15248]
  0x00000243bb99e120 GCTaskThread "GC Thread#2" [stack: 0x000000b8db200000,0x000000b8db300000] [id=6808]
  0x00000243bc0bdb10 GCTaskThread "GC Thread#3" [stack: 0x000000b8db300000,0x000000b8db400000] [id=6560]
  0x00000243bc9b8040 GCTaskThread "GC Thread#4" [stack: 0x000000b8db400000,0x000000b8db500000] [id=4244]
  0x00000243bcb180d0 GCTaskThread "GC Thread#5" [stack: 0x000000b8dbf00000,0x000000b8dc000000] [id=14616]
  0x00000243bd992c90 GCTaskThread "GC Thread#6" [stack: 0x000000b8dc000000,0x000000b8dc100000] [id=3148]
  0x00000243bc874a10 GCTaskThread "GC Thread#7" [stack: 0x000000b8dc100000,0x000000b8dc200000] [id=8896]
  0x00000243a05f9380 ConcurrentGCThread "G1 Main Marker" [stack: 0x000000b8d9e00000,0x000000b8d9f00000] [id=7184]
  0x00000243a05f9d90 ConcurrentGCThread "G1 Conc#0" [stack: 0x000000b8d9f00000,0x000000b8da000000] [id=11832]
  0x00000243bd649e70 ConcurrentGCThread "G1 Conc#1" [stack: 0x000000b8dc200000,0x000000b8dc300000] [id=4836]
  0x00000243a064ecd0 ConcurrentGCThread "G1 Refine#0" [stack: 0x000000b8da000000,0x000000b8da100000] [id=1860]
  0x00000243c07443e0 ConcurrentGCThread "G1 Refine#1" [stack: 0x000000b8dd000000,0x000000b8dd100000] [id=6336]
  0x00000243ba267440 ConcurrentGCThread "G1 Service" [stack: 0x000000b8da100000,0x000000b8da200000] [id=7572]

Threads with active compile tasks:
C2 CompilerThread1     7490 8674       4       org.gradle.internal.snapshot.RelativePathTracker::toRelativePath (163 bytes)

VM state: at safepoint (normal execution)

VM Mutex/Monitor currently owned by a thread:  ([mutex/lock_event])
[0x00000243a0588b80] Threads_lock - owner thread: 0x00000243ba411170
[0x00000243a0588dc0] Heap_lock - owner thread: 0x00000243bd7ef920

Heap address: 0x0000000080000000, size: 2048 MB, Compressed Oops mode: 32-bit

CDS archive(s) not mapped
Compressed class space mapped at: 0x0000000100000000-0x0000000140000000, reserved size: 1073741824
Narrow klass base: 0x0000000000000000, Narrow klass shift: 3, Narrow klass range: 0x140000000

GC Precious Log:
 CPUs: 8 total, 8 available
 Memory: 7991M
 Large Page Support: Disabled
 NUMA Support: Disabled
 Compressed Oops: Enabled (32-bit)
 Heap Region Size: 1M
 Heap Min Capacity: 8M
 Heap Initial Capacity: 126M
 Heap Max Capacity: 2G
 Pre-touch: Disabled
 Parallel Workers: 8
 Concurrent Workers: 2
 Concurrent Refinement Workers: 8
 Periodic GC: Disabled

Heap:
 garbage-first heap   total 151552K, used 78082K [0x0000000080000000, 0x0000000100000000)
  region size 1024K, 6 young (6144K), 6 survivors (6144K)
 Metaspace       used 85370K, committed 86016K, reserved 1130496K
  class space    used 11517K, committed 11840K, reserved 1048576K

Heap Regions: E=young(eden), S=young(survivor), O=old, HS=humongous(starts), HC=humongous(continues), CS=collection set, F=free, OA=open archive, CA=closed archive, TAMS=top-at-mark-start (previous, next)
|   0|0x0000000080000000, 0x0000000080100000, 0x0000000080100000|100%|HS|  |TAMS 0x0000000080100000, 0x0000000080100000| Complete 
|   1|0x0000000080100000, 0x0000000080200000, 0x0000000080200000|100%|HC|  |TAMS 0x0000000080200000, 0x0000000080200000| Complete 
|   2|0x0000000080200000, 0x0000000080300000, 0x0000000080300000|100%|HC|  |TAMS 0x0000000080300000, 0x0000000080300000| Complete 
|   3|0x0000000080300000, 0x0000000080400000, 0x0000000080400000|100%|HC|  |TAMS 0x0000000080400000, 0x0000000080400000| Complete 
|   4|0x0000000080400000, 0x0000000080500000, 0x0000000080500000|100%| O|  |TAMS 0x0000000080500000, 0x0000000080500000| Untracked 
|   5|0x0000000080500000, 0x0000000080600000, 0x0000000080600000|100%| O|  |TAMS 0x0000000080600000, 0x0000000080600000| Untracked 
|   6|0x0000000080600000, 0x0000000080700000, 0x0000000080700000|100%| O|  |TAMS 0x0000000080700000, 0x0000000080700000| Untracked 
|   7|0x0000000080700000, 0x0000000080800000, 0x0000000080800000|100%| O|  |TAMS 0x0000000080800000, 0x0000000080800000| Untracked 
|   8|0x0000000080800000, 0x0000000080900000, 0x0000000080900000|100%| O|  |TAMS 0x0000000080900000, 0x0000000080900000| Untracked 
|   9|0x0000000080900000, 0x0000000080a00000, 0x0000000080a00000|100%| O|  |TAMS 0x0000000080a00000, 0x0000000080a00000| Untracked 
|  10|0x0000000080a00000, 0x0000000080b00000, 0x0000000080b00000|100%| O|  |TAMS 0x0000000080b00000, 0x0000000080b00000| Untracked 
|  11|0x0000000080b00000, 0x0000000080c00000, 0x0000000080c00000|100%| O|  |TAMS 0x0000000080b00000, 0x0000000080c00000| Untracked 
|  12|0x0000000080c00000, 0x0000000080d00000, 0x0000000080d00000|100%| O|  |TAMS 0x0000000080d00000, 0x0000000080d00000| Untracked 
|  13|0x0000000080d00000, 0x0000000080e00000, 0x0000000080e00000|100%| O|  |TAMS 0x0000000080e00000, 0x0000000080e00000| Untracked 
|  14|0x0000000080e00000, 0x0000000080f00000, 0x0000000080f00000|100%| O|  |TAMS 0x0000000080f00000, 0x0000000080f00000| Untracked 
|  15|0x0000000080f00000, 0x0000000081000000, 0x0000000081000000|100%| O|  |TAMS 0x0000000081000000, 0x0000000081000000| Untracked 
|  16|0x0000000081000000, 0x0000000081100000, 0x0000000081100000|100%| O|  |TAMS 0x0000000081100000, 0x0000000081100000| Untracked 
|  17|0x0000000081100000, 0x0000000081200000, 0x0000000081200000|100%| O|  |TAMS 0x0000000081200000, 0x0000000081200000| Untracked 
|  18|0x0000000081200000, 0x0000000081300000, 0x0000000081300000|100%| O|  |TAMS 0x0000000081300000, 0x0000000081300000| Untracked 
|  19|0x0000000081300000, 0x0000000081400000, 0x0000000081400000|100%| O|  |TAMS 0x0000000081400000, 0x0000000081400000| Untracked 
|  20|0x0000000081400000, 0x0000000081500000, 0x0000000081500000|100%| O|  |TAMS 0x0000000081500000, 0x0000000081500000| Untracked 
|  21|0x0000000081500000, 0x0000000081600000, 0x0000000081600000|100%| O|  |TAMS 0x0000000081600000, 0x0000000081600000| Untracked 
|  22|0x0000000081600000, 0x0000000081700000, 0x0000000081700000|100%| O|  |TAMS 0x0000000081700000, 0x0000000081700000| Untracked 
|  23|0x0000000081700000, 0x0000000081800000, 0x0000000081800000|100%| O|  |TAMS 0x0000000081800000, 0x0000000081800000| Untracked 
|  24|0x0000000081800000, 0x0000000081900000, 0x0000000081900000|100%| O|  |TAMS 0x0000000081900000, 0x0000000081900000| Untracked 
|  25|0x0000000081900000, 0x0000000081a00000, 0x0000000081a00000|100%| O|  |TAMS 0x0000000081a00000, 0x0000000081a00000| Untracked 
|  26|0x0000000081a00000, 0x0000000081b00000, 0x0000000081b00000|100%| O|  |TAMS 0x0000000081b00000, 0x0000000081b00000| Untracked 
|  27|0x0000000081b00000, 0x0000000081c00000, 0x0000000081c00000|100%| O|  |TAMS 0x0000000081c00000, 0x0000000081c00000| Untracked 
|  28|0x0000000081c00000, 0x0000000081d00000, 0x0000000081d00000|100%| O|  |TAMS 0x0000000081d00000, 0x0000000081d00000| Untracked 
|  29|0x0000000081d00000, 0x0000000081e00000, 0x0000000081e00000|100%| O|  |TAMS 0x0000000081e00000, 0x0000000081e00000| Untracked 
|  30|0x0000000081e00000, 0x0000000081f00000, 0x0000000081f00000|100%| O|  |TAMS 0x0000000081f00000, 0x0000000081f00000| Untracked 
|  31|0x0000000081f00000, 0x0000000082000000, 0x0000000082000000|100%| O|  |TAMS 0x0000000082000000, 0x0000000082000000| Untracked 
|  32|0x0000000082000000, 0x0000000082100000, 0x0000000082100000|100%| O|  |TAMS 0x0000000082100000, 0x0000000082100000| Untracked 
|  33|0x0000000082100000, 0x0000000082200000, 0x0000000082200000|100%| O|  |TAMS 0x0000000082200000, 0x0000000082200000| Untracked 
|  34|0x0000000082200000, 0x0000000082300000, 0x0000000082300000|100%|HS|  |TAMS 0x0000000082300000, 0x0000000082300000| Complete 
|  35|0x0000000082300000, 0x0000000082400000, 0x0000000082400000|100%|HS|  |TAMS 0x0000000082400000, 0x0000000082400000| Complete 
|  36|0x0000000082400000, 0x0000000082500000, 0x0000000082500000|100%| O|  |TAMS 0x0000000082500000, 0x0000000082500000| Untracked 
|  37|0x0000000082500000, 0x0000000082600000, 0x0000000082600000|100%| O|  |TAMS 0x0000000082600000, 0x0000000082600000| Untracked 
|  38|0x0000000082600000, 0x0000000082700000, 0x0000000082700000|100%| O|  |TAMS 0x0000000082700000, 0x0000000082700000| Untracked 
|  39|0x0000000082700000, 0x0000000082800000, 0x0000000082800000|100%|HS|  |TAMS 0x0000000082800000, 0x0000000082800000| Complete 
|  40|0x0000000082800000, 0x0000000082900000, 0x0000000082900000|100%|HC|  |TAMS 0x0000000082900000, 0x0000000082900000| Complete 
|  41|0x0000000082900000, 0x0000000082a00000, 0x0000000082a00000|100%|HS|  |TAMS 0x0000000082a00000, 0x0000000082a00000| Complete 
|  42|0x0000000082a00000, 0x0000000082a00000, 0x0000000082b00000|  0%| F|  |TAMS 0x0000000082a00000, 0x0000000082a00000| Untracked 
|  43|0x0000000082b00000, 0x0000000082b00000, 0x0000000082c00000|  0%| F|  |TAMS 0x0000000082b00000, 0x0000000082b00000| Untracked 
|  44|0x0000000082c00000, 0x0000000082d00000, 0x0000000082d00000|100%| O|  |TAMS 0x0000000082d00000, 0x0000000082d00000| Untracked 
|  45|0x0000000082d00000, 0x0000000082e00000, 0x0000000082e00000|100%| O|  |TAMS 0x0000000082e00000, 0x0000000082e00000| Untracked 
|  46|0x0000000082e00000, 0x0000000082f00000, 0x0000000082f00000|100%|HS|  |TAMS 0x0000000082f00000, 0x0000000082f00000| Complete 
|  47|0x0000000082f00000, 0x0000000083000000, 0x0000000083000000|100%|HC|  |TAMS 0x0000000083000000, 0x0000000083000000| Complete 
|  48|0x0000000083000000, 0x0000000083100000, 0x0000000083100000|100%|HC|  |TAMS 0x0000000083100000, 0x0000000083100000| Complete 
|  49|0x0000000083100000, 0x0000000083200000, 0x0000000083200000|100%|HC|  |TAMS 0x0000000083200000, 0x0000000083200000| Complete 
|  50|0x0000000083200000, 0x0000000083300000, 0x0000000083300000|100%| O|  |TAMS 0x0000000083300000, 0x0000000083300000| Untracked 
|  51|0x0000000083300000, 0x0000000083400000, 0x0000000083400000|100%| O|  |TAMS 0x0000000083400000, 0x0000000083400000| Untracked 
|  52|0x0000000083400000, 0x0000000083500000, 0x0000000083500000|100%| O|  |TAMS 0x0000000083500000, 0x0000000083500000| Untracked 
|  53|0x0000000083500000, 0x0000000083600000, 0x0000000083600000|100%| O|  |TAMS 0x0000000083600000, 0x0000000083600000| Untracked 
|  54|0x0000000083600000, 0x0000000083700000, 0x0000000083700000|100%| O|  |TAMS 0x0000000083700000, 0x0000000083700000| Untracked 
|  55|0x0000000083700000, 0x0000000083800000, 0x0000000083800000|100%| O|  |TAMS 0x0000000083800000, 0x0000000083800000| Untracked 
|  56|0x0000000083800000, 0x0000000083900000, 0x0000000083900000|100%| O|  |TAMS 0x0000000083800000, 0x0000000083900000| Untracked 
|  57|0x0000000083900000, 0x0000000083a00000, 0x0000000083a00000|100%| O|  |TAMS 0x0000000083900000, 0x0000000083a00000| Untracked 
|  58|0x0000000083a00000, 0x0000000083b00000, 0x0000000083b00000|100%| O|  |TAMS 0x0000000083b00000, 0x0000000083b00000| Untracked 
|  59|0x0000000083b00000, 0x0000000083c00000, 0x0000000083c00000|100%| O|  |TAMS 0x0000000083c00000, 0x0000000083c00000| Untracked 
|  60|0x0000000083c00000, 0x0000000083d00000, 0x0000000083d00000|100%| O|  |TAMS 0x0000000083d00000, 0x0000000083d00000| Untracked 
|  61|0x0000000083d00000, 0x0000000083e00000, 0x0000000083e00000|100%| O|  |TAMS 0x0000000083e00000, 0x0000000083e00000| Untracked 
|  62|0x0000000083e00000, 0x0000000083f00000, 0x0000000083f00000|100%| O|  |TAMS 0x0000000083e00000, 0x0000000083f00000| Untracked 
|  63|0x0000000083f00000, 0x0000000084000000, 0x0000000084000000|100%| O|  |TAMS 0x0000000084000000, 0x0000000084000000| Untracked 
|  64|0x0000000084000000, 0x0000000084100000, 0x0000000084100000|100%| O|  |TAMS 0x0000000084100000, 0x0000000084100000| Untracked 
|  65|0x0000000084100000, 0x0000000084200000, 0x0000000084200000|100%| O|  |TAMS 0x0000000084200000, 0x0000000084200000| Untracked 
|  66|0x0000000084200000, 0x0000000084300000, 0x0000000084300000|100%| O|  |TAMS 0x000000008423bc08, 0x0000000084300000| Untracked 
|  67|0x0000000084300000, 0x0000000084400000, 0x0000000084400000|100%| O|  |TAMS 0x0000000084300000, 0x0000000084400000| Untracked 
|  68|0x0000000084400000, 0x0000000084500000, 0x0000000084500000|100%| O|  |TAMS 0x0000000084400000, 0x0000000084500000| Untracked 
|  69|0x0000000084500000, 0x0000000084600000, 0x0000000084600000|100%| O|  |TAMS 0x0000000084500000, 0x0000000084600000| Untracked 
|  70|0x0000000084600000, 0x0000000084700000, 0x0000000084700000|100%| O|  |TAMS 0x0000000084600000, 0x0000000084700000| Untracked 
|  71|0x0000000084700000, 0x0000000084800000, 0x0000000084800000|100%| O|  |TAMS 0x0000000084700000, 0x0000000084800000| Untracked 
|  72|0x0000000084800000, 0x00000000848f0000, 0x0000000084900000| 93%| O|  |TAMS 0x0000000084800000, 0x00000000848f0000| Untracked 
|  73|0x0000000084900000, 0x0000000084900000, 0x0000000084a00000|  0%| F|  |TAMS 0x0000000084900000, 0x0000000084900000| Untracked 
|  74|0x0000000084a00000, 0x0000000084a00000, 0x0000000084b00000|  0%| F|  |TAMS 0x0000000084a00000, 0x0000000084a00000| Untracked 
|  75|0x0000000084b00000, 0x0000000084b00000, 0x0000000084c00000|  0%| F|  |TAMS 0x0000000084b00000, 0x0000000084b00000| Untracked 
|  76|0x0000000084c00000, 0x0000000084c00000, 0x0000000084d00000|  0%| F|  |TAMS 0x0000000084c00000, 0x0000000084c00000| Untracked 
|  77|0x0000000084d00000, 0x0000000084d00000, 0x0000000084e00000|  0%| F|  |TAMS 0x0000000084d00000, 0x0000000084d00000| Untracked 
|  78|0x0000000084e00000, 0x0000000084e00000, 0x0000000084f00000|  0%| F|  |TAMS 0x0000000084e00000, 0x0000000084e00000| Untracked 
|  79|0x0000000084f00000, 0x0000000084f00000, 0x0000000085000000|  0%| F|  |TAMS 0x0000000084f00000, 0x0000000084f00000| Untracked 
|  80|0x0000000085000000, 0x0000000085000000, 0x0000000085100000|  0%| F|  |TAMS 0x0000000085000000, 0x0000000085000000| Untracked 
|  81|0x0000000085100000, 0x0000000085100000, 0x0000000085200000|  0%| F|  |TAMS 0x0000000085100000, 0x0000000085100000| Untracked 
|  82|0x0000000085200000, 0x0000000085200000, 0x0000000085300000|  0%| F|  |TAMS 0x0000000085200000, 0x0000000085200000| Untracked 
|  83|0x0000000085300000, 0x0000000085300000, 0x0000000085400000|  0%| F|  |TAMS 0x0000000085300000, 0x0000000085300000| Untracked 
|  84|0x0000000085400000, 0x0000000085400000, 0x0000000085500000|  0%| F|  |TAMS 0x0000000085400000, 0x0000000085400000| Untracked 
|  85|0x0000000085500000, 0x0000000085500000, 0x0000000085600000|  0%| F|  |TAMS 0x0000000085500000, 0x0000000085500000| Untracked 
|  86|0x0000000085600000, 0x0000000085600000, 0x0000000085700000|  0%| F|  |TAMS 0x0000000085600000, 0x0000000085600000| Untracked 
|  87|0x0000000085700000, 0x0000000085700000, 0x0000000085800000|  0%| F|  |TAMS 0x0000000085700000, 0x0000000085700000| Untracked 
|  88|0x0000000085800000, 0x0000000085800000, 0x0000000085900000|  0%| F|  |TAMS 0x0000000085800000, 0x0000000085800000| Untracked 
|  89|0x0000000085900000, 0x0000000085900000, 0x0000000085a00000|  0%| F|  |TAMS 0x0000000085900000, 0x0000000085900000| Untracked 
|  90|0x0000000085a00000, 0x0000000085a00000, 0x0000000085b00000|  0%| F|  |TAMS 0x0000000085a00000, 0x0000000085a00000| Untracked 
|  91|0x0000000085b00000, 0x0000000085b00000, 0x0000000085c00000|  0%| F|  |TAMS 0x0000000085b00000, 0x0000000085b00000| Untracked 
|  92|0x0000000085c00000, 0x0000000085c00000, 0x0000000085d00000|  0%| F|  |TAMS 0x0000000085c00000, 0x0000000085c00000| Untracked 
|  93|0x0000000085d00000, 0x0000000085d00000, 0x0000000085e00000|  0%| F|  |TAMS 0x0000000085d00000, 0x0000000085d00000| Untracked 
|  94|0x0000000085e00000, 0x0000000085e50aa8, 0x0000000085f00000| 31%| S|CS|TAMS 0x0000000085e00000, 0x0000000085e00000| Complete 
|  95|0x0000000085f00000, 0x0000000086000000, 0x0000000086000000|100%| S|CS|TAMS 0x0000000085f00000, 0x0000000085f00000| Complete 
|  96|0x0000000086000000, 0x0000000086100000, 0x0000000086100000|100%| S|CS|TAMS 0x0000000086000000, 0x0000000086000000| Complete 
|  97|0x0000000086100000, 0x0000000086200000, 0x0000000086200000|100%| S|CS|TAMS 0x0000000086100000, 0x0000000086100000| Complete 
|  98|0x0000000086200000, 0x0000000086300000, 0x0000000086300000|100%| S|CS|TAMS 0x0000000086200000, 0x0000000086200000| Complete 
|  99|0x0000000086300000, 0x0000000086400000, 0x0000000086400000|100%| S|CS|TAMS 0x0000000086300000, 0x0000000086300000| Complete 
| 100|0x0000000086400000, 0x0000000086400000, 0x0000000086500000|  0%| F|  |TAMS 0x0000000086400000, 0x0000000086400000| Untracked 
| 101|0x0000000086500000, 0x0000000086500000, 0x0000000086600000|  0%| F|  |TAMS 0x0000000086500000, 0x0000000086500000| Untracked 
| 102|0x0000000086600000, 0x0000000086600000, 0x0000000086700000|  0%| F|  |TAMS 0x0000000086600000, 0x0000000086600000| Untracked 
| 103|0x0000000086700000, 0x0000000086700000, 0x0000000086800000|  0%| F|  |TAMS 0x0000000086700000, 0x0000000086700000| Untracked 
| 104|0x0000000086800000, 0x0000000086800000, 0x0000000086900000|  0%| F|  |TAMS 0x0000000086800000, 0x0000000086800000| Untracked 
| 105|0x0000000086900000, 0x0000000086900000, 0x0000000086a00000|  0%| F|  |TAMS 0x0000000086900000, 0x0000000086900000| Untracked 
| 106|0x0000000086a00000, 0x0000000086a00000, 0x0000000086b00000|  0%| F|  |TAMS 0x0000000086a00000, 0x0000000086a00000| Untracked 
| 107|0x0000000086b00000, 0x0000000086b00000, 0x0000000086c00000|  0%| F|  |TAMS 0x0000000086b00000, 0x0000000086b00000| Untracked 
| 108|0x0000000086c00000, 0x0000000086c00000, 0x0000000086d00000|  0%| F|  |TAMS 0x0000000086c00000, 0x0000000086c00000| Untracked 
| 109|0x0000000086d00000, 0x0000000086d00000, 0x0000000086e00000|  0%| F|  |TAMS 0x0000000086d00000, 0x0000000086d00000| Untracked 
| 110|0x0000000086e00000, 0x0000000086e00000, 0x0000000086f00000|  0%| F|  |TAMS 0x0000000086e00000, 0x0000000086e00000| Untracked 
| 111|0x0000000086f00000, 0x0000000086f00000, 0x0000000087000000|  0%| F|  |TAMS 0x0000000086f00000, 0x0000000086f00000| Untracked 
| 112|0x0000000087000000, 0x0000000087000000, 0x0000000087100000|  0%| F|  |TAMS 0x0000000087000000, 0x0000000087000000| Untracked 
| 113|0x0000000087100000, 0x0000000087100000, 0x0000000087200000|  0%| F|  |TAMS 0x0000000087100000, 0x0000000087100000| Untracked 
| 114|0x0000000087200000, 0x0000000087200000, 0x0000000087300000|  0%| F|  |TAMS 0x0000000087200000, 0x0000000087200000| Untracked 
| 115|0x0000000087300000, 0x0000000087300000, 0x0000000087400000|  0%| F|  |TAMS 0x0000000087300000, 0x0000000087300000| Untracked 
| 116|0x0000000087400000, 0x0000000087400000, 0x0000000087500000|  0%| F|  |TAMS 0x0000000087400000, 0x0000000087400000| Untracked 
| 117|0x0000000087500000, 0x0000000087500000, 0x0000000087600000|  0%| F|  |TAMS 0x0000000087500000, 0x0000000087500000| Untracked 
| 118|0x0000000087600000, 0x0000000087600000, 0x0000000087700000|  0%| F|  |TAMS 0x0000000087600000, 0x0000000087600000| Untracked 
| 119|0x0000000087700000, 0x0000000087700000, 0x0000000087800000|  0%| F|  |TAMS 0x0000000087700000, 0x0000000087700000| Untracked 
| 120|0x0000000087800000, 0x0000000087800000, 0x0000000087900000|  0%| F|  |TAMS 0x0000000087800000, 0x0000000087800000| Untracked 
| 121|0x0000000087900000, 0x0000000087900000, 0x0000000087a00000|  0%| F|  |TAMS 0x0000000087900000, 0x0000000087900000| Untracked 
| 122|0x0000000087a00000, 0x0000000087a00000, 0x0000000087b00000|  0%| F|  |TAMS 0x0000000087a00000, 0x0000000087a00000| Untracked 
| 123|0x0000000087b00000, 0x0000000087b00000, 0x0000000087c00000|  0%| F|  |TAMS 0x0000000087b00000, 0x0000000087b00000| Untracked 
| 124|0x0000000087c00000, 0x0000000087c00000, 0x0000000087d00000|  0%| F|  |TAMS 0x0000000087c00000, 0x0000000087c00000| Untracked 
| 125|0x0000000087d00000, 0x0000000087d00000, 0x0000000087e00000|  0%| F|  |TAMS 0x0000000087d00000, 0x0000000087d00000| Untracked 
| 126|0x0000000087e00000, 0x0000000087e00000, 0x0000000087f00000|  0%| F|  |TAMS 0x0000000087e00000, 0x0000000087e00000| Untracked 
| 127|0x0000000087f00000, 0x0000000087f00000, 0x0000000088000000|  0%| F|  |TAMS 0x0000000087f00000, 0x0000000087f00000| Untracked 
| 128|0x0000000088000000, 0x0000000088000000, 0x0000000088100000|  0%| F|  |TAMS 0x0000000088000000, 0x0000000088000000| Untracked 
| 129|0x0000000088100000, 0x0000000088100000, 0x0000000088200000|  0%| F|  |TAMS 0x0000000088100000, 0x0000000088100000| Untracked 
| 130|0x0000000088200000, 0x0000000088200000, 0x0000000088300000|  0%| F|  |TAMS 0x0000000088200000, 0x0000000088200000| Untracked 
| 131|0x0000000088300000, 0x0000000088300000, 0x0000000088400000|  0%| F|  |TAMS 0x0000000088300000, 0x0000000088300000| Untracked 
| 132|0x0000000088400000, 0x0000000088400000, 0x0000000088500000|  0%| F|  |TAMS 0x0000000088400000, 0x0000000088400000| Untracked 
| 133|0x0000000088500000, 0x0000000088500000, 0x0000000088600000|  0%| F|  |TAMS 0x0000000088500000, 0x0000000088500000| Untracked 
| 134|0x0000000088600000, 0x0000000088600000, 0x0000000088700000|  0%| F|  |TAMS 0x0000000088600000, 0x0000000088600000| Untracked 
| 135|0x0000000088700000, 0x0000000088700000, 0x0000000088800000|  0%| F|  |TAMS 0x0000000088700000, 0x0000000088700000| Untracked 
| 136|0x0000000088800000, 0x0000000088800000, 0x0000000088900000|  0%| F|  |TAMS 0x0000000088800000, 0x0000000088800000| Untracked 
| 137|0x0000000088900000, 0x0000000088900000, 0x0000000088a00000|  0%| F|  |TAMS 0x0000000088900000, 0x0000000088900000| Untracked 
| 138|0x0000000088a00000, 0x0000000088a00000, 0x0000000088b00000|  0%| F|  |TAMS 0x0000000088a00000, 0x0000000088a00000| Untracked 
| 139|0x0000000088b00000, 0x0000000088b00000, 0x0000000088c00000|  0%| F|  |TAMS 0x0000000088b00000, 0x0000000088b00000| Untracked 
| 140|0x0000000088c00000, 0x0000000088c00000, 0x0000000088d00000|  0%| F|  |TAMS 0x0000000088c00000, 0x0000000088c00000| Untracked 
| 141|0x0000000088d00000, 0x0000000088d00000, 0x0000000088e00000|  0%| F|  |TAMS 0x0000000088d00000, 0x0000000088d00000| Untracked 
| 142|0x0000000088e00000, 0x0000000088e00000, 0x0000000088f00000|  0%| F|  |TAMS 0x0000000088e00000, 0x0000000088e00000| Untracked 
| 143|0x0000000088f00000, 0x0000000088f00000, 0x0000000089000000|  0%| F|  |TAMS 0x0000000088f00000, 0x0000000088f00000| Untracked 
| 144|0x0000000089000000, 0x0000000089000000, 0x0000000089100000|  0%| F|  |TAMS 0x0000000089000000, 0x0000000089000000| Untracked 
| 145|0x0000000089100000, 0x0000000089100000, 0x0000000089200000|  0%| F|  |TAMS 0x0000000089100000, 0x0000000089100000| Untracked 
| 146|0x0000000089200000, 0x0000000089200000, 0x0000000089300000|  0%| F|  |TAMS 0x0000000089200000, 0x0000000089200000| Untracked 
| 147|0x0000000089300000, 0x0000000089300000, 0x0000000089400000|  0%| F|  |TAMS 0x0000000089300000, 0x0000000089300000| Untracked 

Card table byte_map: [0x00000243b3190000,0x00000243b3590000] _byte_map_base: 0x00000243b2d90000

Marking Bits (Prev, Next): (CMBitMap*) 0x00000243a05e8a90, (CMBitMap*) 0x00000243a05e8a50
 Prev Bits: [0x00000243b5990000, 0x00000243b7990000)
 Next Bits: [0x00000243b3990000, 0x00000243b5990000)

Polling page: 0x000002439fd50000

Metaspace:

Usage:
  Non-class:     72.12 MB used.
      Class:     11.25 MB used.
       Both:     83.37 MB used.

Virtual space:
  Non-class space:       80.00 MB reserved,      72.44 MB ( 91%) committed,  10 nodes.
      Class space:        1.00 GB reserved,      11.56 MB (  1%) committed,  1 nodes.
             Both:        1.08 GB reserved,      84.00 MB (  8%) committed. 

Chunk freelists:
   Non-Class:  3.39 MB
       Class:  305.00 KB
        Both:  3.69 MB

MaxMetaspaceSize: unlimited
CompressedClassSpaceSize: 1.00 GB
Initial GC threshold: 21.00 MB
Current GC threshold: 127.75 MB
CDS: off
MetaspaceReclaimPolicy: balanced
 - commit_granule_bytes: 65536.
 - commit_granule_words: 8192.
 - virtual_space_node_default_size: 1048576.
 - enlarge_chunks_in_place: 1.
 - new_chunks_are_fully_committed: 0.
 - uncommit_free_chunks: 1.
 - use_allocation_guard: 0.
 - handle_deallocations: 1.


Internal statistics:

num_allocs_failed_limit: 6.
num_arena_births: 810.
num_arena_deaths: 0.
num_vsnodes_births: 11.
num_vsnodes_deaths: 0.
num_space_committed: 1344.
num_space_uncommitted: 0.
num_chunks_returned_to_freelist: 6.
num_chunks_taken_from_freelist: 3799.
num_chunk_merges: 6.
num_chunk_splits: 2604.
num_chunks_enlarged: 1838.
num_purges: 0.
num_inconsistent_stats: 0.

CodeHeap 'non-profiled nmethods': size=120000Kb used=5109Kb max_used=5109Kb free=114890Kb
 bounds [0x00000243ab520000, 0x00000243aba20000, 0x00000243b2a50000]
CodeHeap 'profiled nmethods': size=120000Kb used=15109Kb max_used=15109Kb free=104890Kb
 bounds [0x00000243a3a50000, 0x00000243a4920000, 0x00000243aaf80000]
CodeHeap 'non-nmethods': size=5760Kb used=2389Kb max_used=2447Kb free=3370Kb
 bounds [0x00000243aaf80000, 0x00000243ab1f0000, 0x00000243ab520000]
 total_blobs=8804 nmethods=7895 adapters=821
 compilation: enabled
              stopped_count=0, restarted_count=0
 full_count=0

Compilation events (20 events):
Event: 7.466 Thread 0x00000243bb03bd00 8707       3       org.gradle.internal.event.DefaultListenerManager::createAnonymousBroadcaster (23 bytes)
Event: 7.466 Thread 0x00000243bb03bd00 nmethod 8707 0x00000243a490f490 code [0x00000243a490f6c0, 0x00000243a49100c8]
Event: 7.466 Thread 0x00000243bb03bd00 8703       3       org.gradle.api.internal.artifacts.configurations.DefaultConfiguration$$Lambda$536/0x00000001005f7380::<init> (10 bytes)
Event: 7.466 Thread 0x00000243bb03bd00 nmethod 8703 0x00000243a4910490 code [0x00000243a4910620, 0x00000243a49107d8]
Event: 7.466 Thread 0x00000243bb03bd00 8704       3       org.gradle.internal.lazy.Lazy::unsafe (6 bytes)
Event: 7.466 Thread 0x00000243bb03e070 nmethod 8661 0x00000243aba1a610 code [0x00000243aba1a780, 0x00000243aba1a898]
Event: 7.466 Thread 0x00000243bb03bd00 nmethod 8704 0x00000243a4910890 code [0x00000243a4910a40, 0x00000243a4910c78]
Event: 7.466 Thread 0x00000243bb03e070 8659   !   4       sun.security.provider.DigestBase::engineDigest (39 bytes)
Event: 7.466 Thread 0x00000243bb03bd00 8705       3       org.gradle.api.internal.artifacts.configurations.DefaultConfiguration$$Lambda$538/0x00000001005f75c8::<init> (10 bytes)
Event: 7.466 Thread 0x00000243bb035680 nmethod 8675% 0x00000243aba1a990 code [0x00000243aba1ab60, 0x00000243aba1b918]
Event: 7.466 Thread 0x00000243bb03bd00 nmethod 8705 0x00000243a4910d90 code [0x00000243a4910f20, 0x00000243a49110d8]
Event: 7.466 Thread 0x00000243bb03bd00 8706       3       org.gradle.api.internal.artifacts.configurations.DefaultConfiguration$AllArtifactsProvider::<init> (6 bytes)
Event: 7.466 Thread 0x00000243bb035680 8648       4       com.google.common.cache.LocalCache$AccessQueue::offer (38 bytes)
Event: 7.467 Thread 0x00000243bb03bd00 nmethod 8706 0x00000243a4911190 code [0x00000243a4911340, 0x00000243a4911558]
Event: 7.467 Thread 0x00000243bb03e070 nmethod 8659 0x00000243aba1bf10 code [0x00000243aba1c0a0, 0x00000243aba1c288]
Event: 7.467 Thread 0x00000243bb03e070 8649       4       com.google.common.cache.LocalCache$AccessQueue::offer (9 bytes)
Event: 7.469 Thread 0x00000243bb035680 nmethod 8648 0x00000243aba1c410 code [0x00000243aba1c5a0, 0x00000243aba1c8d8]
Event: 7.469 Thread 0x00000243bb035680 8682       4       org.gradle.internal.ImmutableActionSet$EmptySet::execute (1 bytes)
Event: 7.469 Thread 0x00000243bb035680 nmethod 8682 0x00000243aba1cb10 code [0x00000243aba1cc80, 0x00000243aba1ccf8]
Event: 7.469 Thread 0x00000243bb03e070 nmethod 8649 0x00000243aba1ce10 code [0x00000243aba1cfa0, 0x00000243aba1d2d8]

GC Heap History (20 events):
Event: 4.734 GC heap after
{Heap after GC invocations=18 (full 0):
 garbage-first heap   total 100352K, used 55449K [0x0000000080000000, 0x0000000100000000)
  region size 1024K, 4 young (4096K), 4 survivors (4096K)
 Metaspace       used 56822K, committed 57280K, reserved 1105920K
  class space    used 7610K, committed 7808K, reserved 1048576K
}
Event: 4.747 GC heap before
{Heap before GC invocations=18 (full 0):
 garbage-first heap   total 100352K, used 55449K [0x0000000080000000, 0x0000000100000000)
  region size 1024K, 5 young (5120K), 4 survivors (4096K)
 Metaspace       used 56949K, committed 57408K, reserved 1105920K
  class space    used 7625K, committed 7808K, reserved 1048576K
}
Event: 4.749 GC heap after
{Heap after GC invocations=19 (full 0):
 garbage-first heap   total 100352K, used 55327K [0x0000000080000000, 0x0000000100000000)
  region size 1024K, 1 young (1024K), 1 survivors (1024K)
 Metaspace       used 56949K, committed 57408K, reserved 1105920K
  class space    used 7625K, committed 7808K, reserved 1048576K
}
Event: 5.001 GC heap before
{Heap before GC invocations=19 (full 0):
 garbage-first heap   total 100352K, used 78879K [0x0000000080000000, 0x0000000100000000)
  region size 1024K, 24 young (24576K), 1 survivors (1024K)
 Metaspace       used 60954K, committed 61440K, reserved 1105920K
  class space    used 8041K, committed 8256K, reserved 1048576K
}
Event: 5.003 GC heap after
{Heap after GC invocations=20 (full 0):
 garbage-first heap   total 100352K, used 56180K [0x0000000080000000, 0x0000000100000000)
  region size 1024K, 1 young (1024K), 1 survivors (1024K)
 Metaspace       used 60954K, committed 61440K, reserved 1105920K
  class space    used 8041K, committed 8256K, reserved 1048576K
}
Event: 5.290 GC heap before
{Heap before GC invocations=21 (full 0):
 garbage-first heap   total 100352K, used 83828K [0x0000000080000000, 0x0000000100000000)
  region size 1024K, 25 young (25600K), 1 survivors (1024K)
 Metaspace       used 65190K, committed 65728K, reserved 1105920K
  class space    used 8617K, committed 8832K, reserved 1048576K
}
Event: 5.294 GC heap after
{Heap after GC invocations=22 (full 0):
 garbage-first heap   total 100352K, used 62832K [0x0000000080000000, 0x0000000100000000)
  region size 1024K, 4 young (4096K), 4 survivors (4096K)
 Metaspace       used 65190K, committed 65728K, reserved 1105920K
  class space    used 8617K, committed 8832K, reserved 1048576K
}
Event: 5.297 GC heap before
{Heap before GC invocations=22 (full 0):
 garbage-first heap   total 100352K, used 63856K [0x0000000080000000, 0x0000000100000000)
  region size 1024K, 5 young (5120K), 4 survivors (4096K)
 Metaspace       used 65190K, committed 65728K, reserved 1105920K
  class space    used 8617K, committed 8832K, reserved 1048576K
}
Event: 5.301 GC heap after
{Heap after GC invocations=23 (full 0):
 garbage-first heap   total 151552K, used 63262K [0x0000000080000000, 0x0000000100000000)
  region size 1024K, 1 young (1024K), 1 survivors (1024K)
 Metaspace       used 65190K, committed 65728K, reserved 1105920K
  class space    used 8617K, committed 8832K, reserved 1048576K
}
Event: 5.740 GC heap before
{Heap before GC invocations=23 (full 0):
 garbage-first heap   total 151552K, used 113438K [0x0000000080000000, 0x0000000100000000)
  region size 1024K, 48 young (49152K), 1 survivors (1024K)
 Metaspace       used 69444K, committed 70080K, reserved 1114112K
  class space    used 9163K, committed 9472K, reserved 1048576K
}
Event: 5.744 GC heap after
{Heap after GC invocations=24 (full 0):
 garbage-first heap   total 151552K, used 67923K [0x0000000080000000, 0x0000000100000000)
  region size 1024K, 5 young (5120K), 5 survivors (5120K)
 Metaspace       used 69444K, committed 70080K, reserved 1114112K
  class space    used 9163K, committed 9472K, reserved 1048576K
}
Event: 6.218 GC heap before
{Heap before GC invocations=24 (full 0):
 garbage-first heap   total 151552K, used 115027K [0x0000000080000000, 0x0000000100000000)
  region size 1024K, 51 young (52224K), 5 survivors (5120K)
 Metaspace       used 74815K, committed 75456K, reserved 1122304K
  class space    used 9875K, committed 10176K, reserved 1048576K
}
Event: 6.223 GC heap after
{Heap after GC invocations=25 (full 0):
 garbage-first heap   total 151552K, used 71331K [0x0000000080000000, 0x0000000100000000)
  region size 1024K, 4 young (4096K), 4 survivors (4096K)
 Metaspace       used 74815K, committed 75456K, reserved 1122304K
  class space    used 9875K, committed 10176K, reserved 1048576K
}
Event: 6.553 GC heap before
{Heap before GC invocations=25 (full 0):
 garbage-first heap   total 151552K, used 116387K [0x0000000080000000, 0x0000000100000000)
  region size 1024K, 49 young (50176K), 4 survivors (4096K)
 Metaspace       used 77533K, committed 78080K, reserved 1122304K
  class space    used 10225K, committed 10496K, reserved 1048576K
}
Event: 6.559 GC heap after
{Heap after GC invocations=26 (full 0):
 garbage-first heap   total 151552K, used 75244K [0x0000000080000000, 0x0000000100000000)
  region size 1024K, 7 young (7168K), 7 survivors (7168K)
 Metaspace       used 77533K, committed 78080K, reserved 1122304K
  class space    used 10225K, committed 10496K, reserved 1048576K
}
Event: 7.054 GC heap before
{Heap before GC invocations=27 (full 0):
 garbage-first heap   total 151552K, used 117228K [0x0000000080000000, 0x0000000100000000)
  region size 1024K, 51 young (52224K), 7 survivors (7168K)
 Metaspace       used 82820K, committed 83392K, reserved 1122304K
  class space    used 11162K, committed 11456K, reserved 1048576K
}
Event: 7.060 GC heap after
{Heap after GC invocations=28 (full 0):
 garbage-first heap   total 151552K, used 73823K [0x0000000080000000, 0x0000000100000000)
  region size 1024K, 3 young (3072K), 3 survivors (3072K)
 Metaspace       used 82820K, committed 83392K, reserved 1122304K
  class space    used 11162K, committed 11456K, reserved 1048576K
}
Event: 7.104 GC heap before
{Heap before GC invocations=28 (full 0):
 garbage-first heap   total 151552K, used 77919K [0x0000000080000000, 0x0000000100000000)
  region size 1024K, 7 young (7168K), 3 survivors (3072K)
 Metaspace       used 83212K, committed 83840K, reserved 1122304K
  class space    used 11212K, committed 11520K, reserved 1048576K
}
Event: 7.107 GC heap after
{Heap after GC invocations=29 (full 0):
 garbage-first heap   total 151552K, used 73375K [0x0000000080000000, 0x0000000100000000)
  region size 1024K, 1 young (1024K), 1 survivors (1024K)
 Metaspace       used 83212K, committed 83840K, reserved 1122304K
  class space    used 11212K, committed 11520K, reserved 1048576K
}
Event: 7.472 GC heap before
{Heap before GC invocations=29 (full 0):
 garbage-first heap   total 151552K, used 120479K [0x0000000080000000, 0x0000000100000000)
  region size 1024K, 48 young (49152K), 1 survivors (1024K)
 Metaspace       used 85370K, committed 86016K, reserved 1130496K
  class space    used 11517K, committed 11840K, reserved 1048576K
}

Dll operation events (2 events):
Event: 0.004 Loaded shared library C:\Program Files\Android\Android Studio\jbr\bin\java.dll
Event: 0.282 Loaded shared library C:\Program Files\Android\Android Studio\jbr\bin\verify.dll

Deoptimization events (20 events):
Event: 7.272 Thread 0x00000243bd7ef920 Uncommon trap: trap_request=0xffffff45 fr.pc=0x00000243ab9aa8a4 relative=0x0000000000000084
Event: 7.272 Thread 0x00000243bd7ef920 Uncommon trap: reason=unstable_if action=reinterpret pc=0x00000243ab9aa8a4 method=org.gradle.tooling.internal.provider.runner.ClientBuildEventGenerator$Disabled.accept(Lorg/gradle/internal/operations/BuildOperationDescriptor;)Lorg/gradle/tooling/internal/
Event: 7.272 Thread 0x00000243bd7ef920 DEOPT PACKING pc=0x00000243ab9aa8a4 sp=0x000000b8dbbfaf50
Event: 7.272 Thread 0x00000243bd7ef920 DEOPT UNPACKING pc=0x00000243aafda1a3 sp=0x000000b8dbbfaef0 mode 2
Event: 7.279 Thread 0x00000243be9b41d0 Uncommon trap: trap_request=0xffffff45 fr.pc=0x00000243ab97e4f0 relative=0x00000000000021d0
Event: 7.279 Thread 0x00000243be9b41d0 Uncommon trap: reason=unstable_if action=reinterpret pc=0x00000243ab97e4f0 method=com.google.common.collect.MapMakerInternalMap$Segment.drainKeyReferenceQueue(Ljava/lang/ref/ReferenceQueue;)V @ 8 c2
Event: 7.279 Thread 0x00000243be9b41d0 DEOPT PACKING pc=0x00000243ab97e4f0 sp=0x000000b8dd1fe720
Event: 7.279 Thread 0x00000243be9b41d0 DEOPT UNPACKING pc=0x00000243aafda1a3 sp=0x000000b8dd1fe4c0 mode 2
Event: 7.313 Thread 0x00000243bd7ef920 DEOPT PACKING pc=0x00000243a405e7ce sp=0x000000b8dbbf69a0
Event: 7.313 Thread 0x00000243bd7ef920 DEOPT UNPACKING pc=0x00000243aafdace3 sp=0x000000b8dbbf5e68 mode 0
Event: 7.317 Thread 0x00000243bd7ef920 DEOPT PACKING pc=0x00000243a46079ac sp=0x000000b8dbbf6ee0
Event: 7.317 Thread 0x00000243bd7ef920 DEOPT UNPACKING pc=0x00000243aafdace3 sp=0x000000b8dbbf6410 mode 0
Event: 7.320 Thread 0x00000243bd7ef920 DEOPT PACKING pc=0x00000243a46079ac sp=0x000000b8dbbf7010
Event: 7.320 Thread 0x00000243bd7ef920 DEOPT UNPACKING pc=0x00000243aafdace3 sp=0x000000b8dbbf6540 mode 0
Event: 7.455 Thread 0x00000243bd7ef920 DEOPT PACKING pc=0x00000243a47289f5 sp=0x000000b8dbbf8810
Event: 7.455 Thread 0x00000243bd7ef920 DEOPT UNPACKING pc=0x00000243aafdace3 sp=0x000000b8dbbf7d50 mode 0
Event: 7.456 Thread 0x00000243bd7ef920 DEOPT PACKING pc=0x00000243a47289f5 sp=0x000000b8dbbf85a0
Event: 7.456 Thread 0x00000243bd7ef920 DEOPT UNPACKING pc=0x00000243aafdace3 sp=0x000000b8dbbf7ae0 mode 0
Event: 7.457 Thread 0x00000243bd7ef920 DEOPT PACKING pc=0x00000243a47289f5 sp=0x000000b8dbbf8810
Event: 7.457 Thread 0x00000243bd7ef920 DEOPT UNPACKING pc=0x00000243aafdace3 sp=0x000000b8dbbf7d50 mode 0

Classes unloaded (0 events):
No events

Classes redefined (0 events):
No events

Internal exceptions (20 events):
Event: 6.016 Thread 0x00000243bd7ef920 Exception <a 'java/lang/ClassNotFoundException'{0x0000000087bc0c18}: org/jetbrains/kotlin/gradle/targets/js/npm/NpmDependencyExtensionDelegateBeanInfo> (0x0000000087bc0c18) 
thrown [s\src\hotspot\share\classfile\systemDictionary.cpp, line 256]
Event: 6.017 Thread 0x00000243bd7ef920 Exception <a 'java/lang/ClassNotFoundException'{0x0000000087bcc298}: org/jetbrains/kotlin/gradle/targets/js/npm/NpmDependencyExtensionDelegateCustomizer> (0x0000000087bcc298) 
thrown [s\src\hotspot\share\classfile\systemDictionary.cpp, line 256]
Event: 6.017 Thread 0x00000243bd7ef920 Exception <a 'java/lang/ClassNotFoundException'{0x0000000087bef630}: org/jetbrains/kotlin/gradle/targets/js/npm/NpmDependencyExtensionKt$defaultNpmDependencyDelegate$1Customizer> (0x0000000087bef630) 
thrown [s\src\hotspot\share\classfile\systemDictionary.cpp, line 256]
Event: 6.020 Thread 0x00000243bd7ef920 Exception <a 'java/lang/ClassNotFoundException'{0x0000000087a2a3b0}: org/jetbrains/kotlin/gradle/targets/js/npm/DefaultDevNpmDependencyExtensionBeanInfo> (0x0000000087a2a3b0) 
thrown [s\src\hotspot\share\classfile\systemDictionary.cpp, line 256]
Event: 6.020 Thread 0x00000243bd7ef920 Exception <a 'java/lang/ClassNotFoundException'{0x0000000087a35a38}: org/jetbrains/kotlin/gradle/targets/js/npm/DefaultDevNpmDependencyExtensionCustomizer> (0x0000000087a35a38) 
thrown [s\src\hotspot\share\classfile\systemDictionary.cpp, line 256]
Event: 6.024 Thread 0x00000243bd7ef920 Exception <a 'java/lang/ClassNotFoundException'{0x0000000087a744d0}: org/jetbrains/kotlin/gradle/targets/js/npm/DefaultPeerNpmDependencyExtensionBeanInfo> (0x0000000087a744d0) 
thrown [s\src\hotspot\share\classfile\systemDictionary.cpp, line 256]
Event: 6.024 Thread 0x00000243bd7ef920 Exception <a 'java/lang/ClassNotFoundException'{0x0000000087a7fb88}: org/jetbrains/kotlin/gradle/targets/js/npm/DefaultPeerNpmDependencyExtensionCustomizer> (0x0000000087a7fb88) 
thrown [s\src\hotspot\share\classfile\systemDictionary.cpp, line 256]
Event: 6.026 Thread 0x00000243bd7ef920 Exception <a 'java/lang/ClassNotFoundException'{0x0000000087aca8d0}: org/jetbrains/kotlin/gradle/targets/js/npm/DefaultPeerNpmDependencyExtension$delegate$1BeanInfo> (0x0000000087aca8d0) 
thrown [s\src\hotspot\share\classfile\systemDictionary.cpp, line 256]
Event: 6.026 Thread 0x00000243bd7ef920 Exception <a 'java/lang/ClassNotFoundException'{0x0000000087ad6150}: org/jetbrains/kotlin/gradle/targets/js/npm/DefaultPeerNpmDependencyExtension$delegate$1Customizer> (0x0000000087ad6150) 
thrown [s\src\hotspot\share\classfile\systemDictionary.cpp, line 256]
Event: 7.003 Thread 0x00000243bd7ef920 Exception <a 'java/lang/NoSuchMethodError'{0x0000000086c262d0}: 'int java.lang.invoke.DirectMethodHandle$Holder.invokeSpecialIFC(java.lang.Object, java.lang.Object, java.lang.Object, java.lang.Object, java.lang.Object)'> (0x0000000086c262d0) 
thrown [s\src\hotspot\share\interpreter\linkResolver.cpp, line 771]
Event: 7.147 Thread 0x00000243bd7ef920 Exception <a 'java/lang/ClassNotFoundException'{0x0000000088e7df10}: com/android/build/gradle/internal/api/ApkVariantOutputImpl_DecoratedBeanInfo> (0x0000000088e7df10) 
thrown [s\src\hotspot\share\classfile\systemDictionary.cpp, line 256]
Event: 7.148 Thread 0x00000243bd7ef920 Exception <a 'java/lang/ClassNotFoundException'{0x0000000088e8b8c8}: com/android/build/gradle/internal/api/ApkVariantOutputImplBeanInfo> (0x0000000088e8b8c8) 
thrown [s\src\hotspot\share\classfile\systemDictionary.cpp, line 256]
Event: 7.148 Thread 0x00000243bd7ef920 Exception <a 'java/lang/ClassNotFoundException'{0x0000000088e99288}: com/android/build/gradle/internal/api/BaseVariantOutputImplBeanInfo> (0x0000000088e99288) 
thrown [s\src\hotspot\share\classfile\systemDictionary.cpp, line 256]
Event: 7.148 Thread 0x00000243bd7ef920 Exception <a 'java/lang/ClassNotFoundException'{0x0000000088ea6c20}: com/android/build/gradle/internal/api/BaseVariantOutputImplCustomizer> (0x0000000088ea6c20) 
thrown [s\src\hotspot\share\classfile\systemDictionary.cpp, line 256]
Event: 7.149 Thread 0x00000243bd7ef920 Exception <a 'java/lang/ClassNotFoundException'{0x0000000088ec74b8}: com/android/build/gradle/internal/api/ApkVariantOutputImplCustomizer> (0x0000000088ec74b8) 
thrown [s\src\hotspot\share\classfile\systemDictionary.cpp, line 256]
Event: 7.149 Thread 0x00000243bd7ef920 Exception <a 'java/lang/ClassNotFoundException'{0x0000000088ee25a0}: com/android/build/gradle/internal/api/ApkVariantOutputImpl_DecoratedCustomizer> (0x0000000088ee25a0) 
thrown [s\src\hotspot\share\classfile\systemDictionary.cpp, line 256]
Event: 7.186 Thread 0x00000243bd7ef920 Exception <a 'java/lang/ClassNotFoundException'{0x000000008894d3b0}: com/android/build/gradle/internal/api/ReadOnlyBuildTypeBeanInfo> (0x000000008894d3b0) 
thrown [s\src\hotspot\share\classfile\systemDictionary.cpp, line 256]
Event: 7.186 Thread 0x00000243bd7ef920 Exception <a 'java/lang/ClassNotFoundException'{0x000000008895ad08}: com/android/build/gradle/internal/api/ReadOnlyBaseConfigBeanInfo> (0x000000008895ad08) 
thrown [s\src\hotspot\share\classfile\systemDictionary.cpp, line 256]
Event: 7.186 Thread 0x00000243bd7ef920 Exception <a 'java/lang/ClassNotFoundException'{0x0000000088968680}: com/android/build/gradle/internal/api/ReadOnlyBaseConfigCustomizer> (0x0000000088968680) 
thrown [s\src\hotspot\share\classfile\systemDictionary.cpp, line 256]
Event: 7.187 Thread 0x00000243bd7ef920 Exception <a 'java/lang/ClassNotFoundException'{0x0000000088986df8}: com/android/build/gradle/internal/api/ReadOnlyBuildTypeCustomizer> (0x0000000088986df8) 
thrown [s\src\hotspot\share\classfile\systemDictionary.cpp, line 256]

VM Operations (20 events):
Event: 6.223 Executing VM operation: G1CollectForAllocation done
Event: 6.450 Executing VM operation: ICBufferFull
Event: 6.450 Executing VM operation: ICBufferFull done
Event: 6.470 Executing VM operation: HandshakeAllThreads
Event: 6.470 Executing VM operation: HandshakeAllThreads done
Event: 6.502 Executing VM operation: HandshakeAllThreads
Event: 6.502 Executing VM operation: HandshakeAllThreads done
Event: 6.553 Executing VM operation: G1CollectForAllocation
Event: 6.563 Executing VM operation: G1CollectForAllocation done
Event: 6.597 Executing VM operation: G1Concurrent
Event: 6.600 Executing VM operation: G1Concurrent done
Event: 6.614 Executing VM operation: G1Concurrent
Event: 6.614 Executing VM operation: G1Concurrent done
Event: 7.054 Executing VM operation: G1CollectForAllocation
Event: 7.060 Executing VM operation: G1CollectForAllocation done
Event: 7.104 Executing VM operation: G1CollectForAllocation
Event: 7.107 Executing VM operation: G1CollectForAllocation done
Event: 7.299 Executing VM operation: ICBufferFull
Event: 7.300 Executing VM operation: ICBufferFull done
Event: 7.472 Executing VM operation: G1CollectForAllocation

Events (20 events):
Event: 6.274 loading class java/util/ArrayList$SubList$1
Event: 6.274 loading class java/util/ArrayList$SubList$1 done
Event: 6.457 loading class jdk/internal/loader/URLClassPath$FileLoader
Event: 6.457 loading class jdk/internal/loader/URLClassPath$FileLoader done
Event: 6.458 loading class jdk/internal/loader/URLClassPath$FileLoader$1
Event: 6.458 loading class jdk/internal/loader/URLClassPath$FileLoader$1 done
Event: 6.473 Thread 0x00000243bb03f8a0 flushing nmethod 0x00000243a3d66010
Event: 6.473 Thread 0x00000243bb03f8a0 flushing nmethod 0x00000243a3e99b90
Event: 6.473 Thread 0x00000243bb03f8a0 flushing nmethod 0x00000243a3e9aa10
Event: 6.474 Thread 0x00000243bb03f8a0 flushing nmethod 0x00000243a3ee3e10
Event: 6.474 Thread 0x00000243bb03f8a0 flushing nmethod 0x00000243a3f68190
Event: 6.476 Thread 0x00000243bb03f8a0 flushing nmethod 0x00000243a436cf90
Event: 6.696 loading class sun/reflect/generics/repository/FieldRepository
Event: 6.697 loading class sun/reflect/generics/repository/FieldRepository done
Event: 6.706 loading class jdk/internal/vm/annotation/ForceInline
Event: 6.706 loading class jdk/internal/vm/annotation/ForceInline done
Event: 6.745 loading class java/util/regex/Pattern$Caret
Event: 6.745 loading class java/util/regex/Pattern$Caret done
Event: 7.343 loading class java/util/regex/Pattern$Neg
Event: 7.344 loading class java/util/regex/Pattern$Neg done


Dynamic libraries:
0x00007ff627000000 - 0x00007ff62700a000 	C:\Program Files\Android\Android Studio\jbr\bin\java.exe
0x00007ff910db0000 - 0x00007ff910fc7000 	C:\WINDOWS\SYSTEM32\ntdll.dll
0x00007ff910000000 - 0x00007ff9100c4000 	C:\WINDOWS\System32\KERNEL32.DLL
0x00007ff90e450000 - 0x00007ff90e7f5000 	C:\WINDOWS\System32\KERNELBASE.dll
0x00007ff90e9e0000 - 0x00007ff90eaf1000 	C:\WINDOWS\System32\ucrtbase.dll
0x00007ff8e2630000 - 0x00007ff8e2647000 	C:\Program Files\Android\Android Studio\jbr\bin\jli.dll
0x00007ff9049d0000 - 0x00007ff9049eb000 	C:\Program Files\Android\Android Studio\jbr\bin\VCRUNTIME140.dll
0x00007ff9100d0000 - 0x00007ff91027e000 	C:\WINDOWS\System32\USER32.dll
0x00007ff90e120000 - 0x00007ff90e146000 	C:\WINDOWS\System32\win32u.dll
0x00007ff90d1a0000 - 0x00007ff90d433000 	C:\WINDOWS\WinSxS\amd64_microsoft.windows.common-controls_6595b64144ccf1df_6.0.22621.2506_none_270c5ae97388e100\COMCTL32.dll
0x00007ff9102e0000 - 0x00007ff910309000 	C:\WINDOWS\System32\GDI32.dll
0x00007ff90e800000 - 0x00007ff90e919000 	C:\WINDOWS\System32\gdi32full.dll
0x00007ff910c10000 - 0x00007ff910cb7000 	C:\WINDOWS\System32\msvcrt.dll
0x00007ff90e150000 - 0x00007ff90e1ea000 	C:\WINDOWS\System32\msvcp_win.dll
0x00007ff90ffb0000 - 0x00007ff90ffe1000 	C:\WINDOWS\System32\IMM32.DLL
0x00007ff90ac80000 - 0x00007ff90ac8c000 	C:\Program Files\Android\Android Studio\jbr\bin\vcruntime140_1.dll
0x00007ff8f7210000 - 0x00007ff8f729d000 	C:\Program Files\Android\Android Studio\jbr\bin\msvcp140.dll
0x00007ff8842c0000 - 0x00007ff884f2e000 	C:\Program Files\Android\Android Studio\jbr\bin\server\jvm.dll
0x00007ff90f600000 - 0x00007ff90f6b1000 	C:\WINDOWS\System32\ADVAPI32.dll
0x00007ff90ef80000 - 0x00007ff90f026000 	C:\WINDOWS\System32\sechost.dll
0x00007ff90ee60000 - 0x00007ff90ef77000 	C:\WINDOWS\System32\RPCRT4.dll
0x00007ff8f6ec0000 - 0x00007ff8f6ec9000 	C:\WINDOWS\SYSTEM32\WSOCK32.dll
0x00007ff90ede0000 - 0x00007ff90ee51000 	C:\WINDOWS\System32\WS2_32.dll
0x00007ff9046e0000 - 0x00007ff9046ea000 	C:\WINDOWS\SYSTEM32\VERSION.dll
0x00007ff906890000 - 0x00007ff9068c4000 	C:\WINDOWS\SYSTEM32\WINMM.dll
0x00007ff90c9e0000 - 0x00007ff90c9f8000 	C:\WINDOWS\SYSTEM32\kernel.appcore.dll
0x00007ff8f5c60000 - 0x00007ff8f5c6a000 	C:\Program Files\Android\Android Studio\jbr\bin\jimage.dll
0x00007ff90d910000 - 0x00007ff90db43000 	C:\WINDOWS\SYSTEM32\DBGHELP.DLL
0x00007ff90f030000 - 0x00007ff90f3b9000 	C:\WINDOWS\System32\combase.dll
0x00007ff910380000 - 0x00007ff910457000 	C:\WINDOWS\System32\OLEAUT32.dll
0x00007ff90d490000 - 0x00007ff90d4c2000 	C:\WINDOWS\SYSTEM32\dbgcore.DLL
0x00007ff90e3d0000 - 0x00007ff90e44a000 	C:\WINDOWS\System32\bcryptPrimitives.dll
0x00007ff8e1670000 - 0x00007ff8e1695000 	C:\Program Files\Android\Android Studio\jbr\bin\java.dll
0x00007ff8f26b0000 - 0x00007ff8f26c8000 	C:\Program Files\Android\Android Studio\jbr\bin\zip.dll
0x00007ff90f6c0000 - 0x00007ff90ff19000 	C:\WINDOWS\System32\SHELL32.dll
0x00007ff90b960000 - 0x00007ff90c254000 	C:\WINDOWS\SYSTEM32\windows.storage.dll
0x00007ff90b820000 - 0x00007ff90b95e000 	C:\WINDOWS\SYSTEM32\wintypes.dll
0x00007ff910af0000 - 0x00007ff910be3000 	C:\WINDOWS\System32\SHCORE.dll
0x00007ff910280000 - 0x00007ff9102de000 	C:\WINDOWS\System32\shlwapi.dll
0x00007ff90e050000 - 0x00007ff90e076000 	C:\WINDOWS\SYSTEM32\profapi.dll
0x00007ff8e1ff0000 - 0x00007ff8e2009000 	C:\Program Files\Android\Android Studio\jbr\bin\net.dll
0x00007ff907bd0000 - 0x00007ff907d07000 	C:\WINDOWS\SYSTEM32\WINHTTP.dll
0x00007ff90ce80000 - 0x00007ff90cee9000 	C:\WINDOWS\system32\mswsock.dll
0x00007ff8e0480000 - 0x00007ff8e0496000 	C:\Program Files\Android\Android Studio\jbr\bin\nio.dll
0x00007ff904860000 - 0x00007ff904870000 	C:\Program Files\Android\Android Studio\jbr\bin\verify.dll
0x00007ff9049f0000 - 0x00007ff904a17000 	C:\Users\User\.gradle\native\68d5fa5c4cc2d200863cafc0d521ce42e7d3e7ee720ec0a83991735586a16f82\windows-amd64\native-platform.dll
0x00007ff8f4ec0000 - 0x00007ff8f5004000 	C:\Users\User\.gradle\native\e376f236ea51e6404a007f0833ffe2c6e607c4080706a723a18a27aeea778392\windows-amd64\native-platform-file-events.dll
0x00007ff8f9190000 - 0x00007ff8f9199000 	C:\Program Files\Android\Android Studio\jbr\bin\management.dll
0x00007ff8f5b10000 - 0x00007ff8f5b1b000 	C:\Program Files\Android\Android Studio\jbr\bin\management_ext.dll
0x00007ff910a90000 - 0x00007ff910a98000 	C:\WINDOWS\System32\PSAPI.DLL
0x00007ff90dcd0000 - 0x00007ff90dceb000 	C:\WINDOWS\SYSTEM32\CRYPTSP.dll
0x00007ff90c9a0000 - 0x00007ff90c9d5000 	C:\WINDOWS\system32\rsaenh.dll
0x00007ff90cf70000 - 0x00007ff90cf9c000 	C:\WINDOWS\SYSTEM32\USERENV.dll
0x00007ff90db70000 - 0x00007ff90db98000 	C:\WINDOWS\SYSTEM32\bcrypt.dll
0x00007ff90d0d0000 - 0x00007ff90d0dc000 	C:\WINDOWS\SYSTEM32\CRYPTBASE.dll
0x00007ff90c4b0000 - 0x00007ff90c4dd000 	C:\WINDOWS\SYSTEM32\IPHLPAPI.DLL
0x00007ff90ed70000 - 0x00007ff90ed79000 	C:\WINDOWS\System32\NSI.dll
0x00007ff905f60000 - 0x00007ff905f79000 	C:\WINDOWS\SYSTEM32\dhcpcsvc6.DLL
0x00007ff905f40000 - 0x00007ff905f5f000 	C:\WINDOWS\SYSTEM32\dhcpcsvc.DLL
0x00007ff90c4e0000 - 0x00007ff90c5d9000 	C:\WINDOWS\SYSTEM32\DNSAPI.dll
0x00007ff8da800000 - 0x00007ff8da808000 	C:\WINDOWS\system32\wshunix.dll

dbghelp: loaded successfully - version: 4.0.5 - missing functions: none
symbol engine: initialized successfully - sym options: 0x614 - pdb path: .;C:\Program Files\Android\Android Studio\jbr\bin;C:\WINDOWS\SYSTEM32;C:\WINDOWS\WinSxS\amd64_microsoft.windows.common-controls_6595b64144ccf1df_6.0.22621.2506_none_270c5ae97388e100;C:\Program Files\Android\Android Studio\jbr\bin\server;C:\Users\User\.gradle\native\68d5fa5c4cc2d200863cafc0d521ce42e7d3e7ee720ec0a83991735586a16f82\windows-amd64;C:\Users\User\.gradle\native\e376f236ea51e6404a007f0833ffe2c6e607c4080706a723a18a27aeea778392\windows-amd64

VM Arguments:
jvm_args: --add-opens=java.base/java.util=ALL-UNNAMED --add-opens=java.base/java.lang=ALL-UNNAMED --add-opens=java.base/java.lang.invoke=ALL-UNNAMED --add-opens=java.prefs/java.util.prefs=ALL-UNNAMED --add-opens=java.base/java.nio.charset=ALL-UNNAMED --add-opens=java.base/java.net=ALL-UNNAMED --add-opens=java.base/java.util.concurrent.atomic=ALL-UNNAMED -Xmx2048m -Dfile.encoding=UTF-8 -Duser.country=US -Duser.language=en -Duser.variant 
java_command: org.gradle.launcher.daemon.bootstrap.GradleDaemon 8.0
java_class_path (initial): C:\Users\User\.gradle\wrapper\dists\gradle-8.0-bin\ca5e32bp14vu59qr306oxotwh\gradle-8.0\lib\gradle-launcher-8.0.jar
Launcher Type: SUN_STANDARD

[Global flags]
     intx CICompilerCount                          = 4                                         {product} {ergonomic}
     uint ConcGCThreads                            = 2                                         {product} {ergonomic}
     uint G1ConcRefinementThreads                  = 8                                         {product} {ergonomic}
   size_t G1HeapRegionSize                         = 1048576                                   {product} {ergonomic}
    uintx GCDrainStackTargetSize                   = 64                                        {product} {ergonomic}
   size_t InitialHeapSize                          = 132120576                                 {product} {ergonomic}
   size_t MarkStackSize                            = 4194304                                   {product} {ergonomic}
   size_t MaxHeapSize                              = 2147483648                                {product} {command line}
   size_t MaxNewSize                               = 1287651328                                {product} {ergonomic}
   size_t MinHeapDeltaBytes                        = 1048576                                   {product} {ergonomic}
   size_t MinHeapSize                              = 8388608                                   {product} {ergonomic}
    uintx NonNMethodCodeHeapSize                   = 5839372                                {pd product} {ergonomic}
    uintx NonProfiledCodeHeapSize                  = 122909434                              {pd product} {ergonomic}
    uintx ProfiledCodeHeapSize                     = 122909434                              {pd product} {ergonomic}
    uintx ReservedCodeCacheSize                    = 251658240                              {pd product} {ergonomic}
     bool SegmentedCodeCache                       = true                                      {product} {ergonomic}
   size_t SoftMaxHeapSize                          = 2147483648                             {manageable} {ergonomic}
     bool UseCompressedClassPointers               = true                           {product lp64_product} {ergonomic}
     bool UseCompressedOops                        = true                           {product lp64_product} {ergonomic}
     bool UseG1GC                                  = true                                      {product} {ergonomic}
     bool UseLargePagesIndividualAllocation        = false                                  {pd product} {ergonomic}

Logging:
Log output configuration:
 #0: stdout all=warning uptime,level,tags
 #1: stderr all=off uptime,level,tags

Environment Variables:
JAVA_HOME=C:\Program Files\Java\jdk-20.0.1
PATH=C:\Program Files (x86)\Common Files\Oracle\Java\javapath;C:\Python311\Scripts\;C:\Python311\;C:\Program Files (x86)\Falcon\MinGW\bin;C:\WINDOWS\system32;C:\WINDOWS;C:\WINDOWS\System32\Wbem;C:\WINDOWS\System32\WindowsPowerShell\v1.0\;C:\WINDOWS\System32\OpenSSH\;C:\Program Files\Microsoft SQL Server\130\Tools\Binn\;C:\sqlite3;C:\Program Files (x86)\Microsoft SQL Server\150\DTS\Binn\;C:\Program Files\Azure Data Studio\bin;C:\Program Files\Microsoft SQL Server\Client SDK\ODBC\170\Tools\Binn\;C:\Program Files (x86)\Microsoft SQL Server\150\Tools\Binn\;C:\Program Files\Microsoft SQL Server\150\Tools\Binn\;C:\Program Files\Microsoft SQL Server\150\DTS\Binn\;C:\xampp\php;C:\ProgramData\ComposerSetup\bin;C:\Program Files\dotnet\;C:\Users\User\AppData\Local\Android\Sdk\cmdline-tools\bin;C:\Program Files\Java\;C:\Program Files\Git\cmd;C:\Program Files\nodejs\;C:\ProgramData\chocolatey\bin;C:\Program Files (x86)\GTK2-Runtime\lib;C:\Program Files (x86)\Common Files\Oracle\Java\javapath;C:\Python311\Scripts\;C:\Python311\;C:\Program Files (x86)\Falcon\MinGW\bin;C:\WINDOWS\system32;C:\WINDOWS;C:\WINDOWS\System32\Wbem;C:\WINDOWS\System32\WindowsPowerShell\v1.0\;C:\WINDOWS\System32\OpenSSH\;C:\Program Files\Microsoft SQL Server\130\Tools\Binn\;C:\sqlite3;C:\Program Files (x86)\Microsoft SQL Server\150\DTS\Binn\;C:\Program Files\Azure Data Studio\bin;C:\Program Files\Microsoft SQL Server\Client SDK\ODBC\170\Tools\Binn\;C:\Program Files (x86)\Microsoft SQL Server\150\Tools\Binn\;C:\Program Files\Microsoft SQL Server\150\Tools\Binn\;C:\Program Files\Microsoft SQL Server\150\DTS\Binn\;C:\xampp\php;C:\ProgramData\ComposerSetup\bin;C:\Program Files\dotnet\;C:\Users\User\AppData\Local\Android\Sdk\cmdline-tools\bin;C:\Program Files\Java\;C:\Program Files\Git\cmd;C:\Program Files\nodejs\;C:\ProgramData\chocolatey\bin;C:\Program Files (x86)\GTK2-Runtime\lib;C:\Program Files\nodejs\node_modules\npm\bin;C:\Program Files\MySQL\MySQL Shell 8.0\bin\;C:\Users\User\AppData\Local\Microsoft\Windows
USERNAME=User
OS=Windows_NT
PROCESSOR_IDENTIFIER=Intel64 Family 6 Model 140 Stepping 1, GenuineIntel
TMP=C:\Users\User\AppData\Local\Temp
TEMP=C:\Users\User\AppData\Local\Temp


JNI global refs:
JNI global refs: 26, weak refs: 0

JNI global refs memory usage: 843, weak refs: 841


---------------  S Y S T E M  ---------------

OS:
 Windows 11 , 64 bit Build 22621 (10.0.22621.2506)
OS uptime: 0 days 17:36 hours

CPU: total 8 (initial active 8) (4 cores per cpu, 2 threads per core) family 6 model 140 stepping 1 microcode 0x78, cx8, cmov, fxsr, ht, mmx, 3dnowpref, sse, sse2, sse3, ssse3, sse4.1, sse4.2, popcnt, lzcnt, tsc, tscinvbit, avx, avx2, aes, erms, clmul, bmi1, bmi2, adx, avx512f, avx512dq, avx512cd, avx512bw, avx512vl, sha, fma, vzeroupper, avx512_vpopcntdq, avx512_vpclmulqdq, avx512_vaes, avx512_vnni, clflush, clflushopt, clwb, avx512_vbmi2, avx512_vbmi

Memory: 4k page, system-wide physical 7991M (652M free)
TotalPageFile size 10039M (AvailPageFile size 15M)
current process WorkingSet (physical memory assigned to process): 388M, peak: 392M
current process commit charge ("private bytes"): 424M, peak: 611M

vm_info: OpenJDK 64-Bit Server VM (17.0.6+0-b2043.56-10027231) for windows-amd64 JRE (17.0.6+0-b2043.56-10027231), built on Apr 28 2023 00:43:19 by "androidbuild" with MS VC++ 16.10 / 16.11 (VS2019)

END.
