#
# There is insufficient memory for the Java Runtime Environment to continue.
# Native memory allocation (mmap) failed to map 185597952 bytes for G1 virtual space
# Possible reasons:
#   The system is out of physical RAM or swap space
#   The process is running with CompressedOops enabled, and the Java Heap may be blocking the growth of the native heap
# Possible solutions:
#   Reduce memory load on the system
#   Increase physical memory or swap space
#   Check if swap backing store is full
#   Decrease Java heap size (-Xmx/-Xms)
#   Decrease number of Java threads
#   Decrease Java thread stack sizes (-Xss)
#   Set larger code cache with -XX:ReservedCodeCacheSize=
#   JVM is running with Unscaled Compressed Oops mode in which the Java heap is
#     placed in the first 4GB address space. The Java Heap base address is the
#     maximum limit for the native heap growth. Please use -XX:HeapBaseMinAddress
#     to set the Java Heap base and to place the Java Heap above 4GB virtual address.
# This output file may be truncated or incomplete.
#
#  Out of Memory Error (os_windows.cpp:3769), pid=15612, tid=13300
#
# JRE version: OpenJDK Runtime Environment (17.0.6) (build 17.0.6+0-b2043.56-10027231)
# Java VM: OpenJDK 64-Bit Server VM (17.0.6+0-b2043.56-10027231, mixed mode, tiered, compressed oops, compressed class ptrs, g1 gc, windows-amd64)
# No core dump will be written. Minidumps are not enabled by default on client versions of Windows
#

---------------  S U M M A R Y ------------

Command Line: --add-opens=java.base/java.util=ALL-UNNAMED --add-opens=java.base/java.lang=ALL-UNNAMED --add-opens=java.base/java.lang.invoke=ALL-UNNAMED --add-opens=java.prefs/java.util.prefs=ALL-UNNAMED --add-opens=java.base/java.nio.charset=ALL-UNNAMED --add-opens=java.base/java.net=ALL-UNNAMED --add-opens=java.base/java.util.concurrent.atomic=ALL-UNNAMED -Xmx2048m -Dfile.encoding=UTF-8 -Duser.country=US -Duser.language=en -Duser.variant org.gradle.launcher.daemon.bootstrap.GradleDaemon 8.0

Host: 11th Gen Intel(R) Core(TM) i5-1135G7 @ 2.40GHz, 8 cores, 7G,  Windows 11 , 64 bit Build 22621 (10.0.22621.2506)
Time: Tue Nov 28 07:32:07 2023 E. Africa Standard Time elapsed time: 5.911818 seconds (0d 0h 0m 5s)

---------------  T H R E A D  ---------------

Current thread (0x00000223fff50940):  VMThread "VM Thread" [stack: 0x00000035ea600000,0x00000035ea700000] [id=13300]

Stack: [0x00000035ea600000,0x00000035ea700000]
Native frames: (J=compiled Java code, j=interpreted, Vv=VM code, C=native code)
V  [jvm.dll+0x683c9a]
V  [jvm.dll+0x8427a4]
V  [jvm.dll+0x843f9e]
V  [jvm.dll+0x844603]
V  [jvm.dll+0x249b75]
V  [jvm.dll+0x680b69]
V  [jvm.dll+0x67505a]
V  [jvm.dll+0x309acb]
V  [jvm.dll+0x310f86]
V  [jvm.dll+0x3608ee]
V  [jvm.dll+0x360b1f]
V  [jvm.dll+0x2dfbf8]
V  [jvm.dll+0x2ddec4]
V  [jvm.dll+0x2dd4cc]
V  [jvm.dll+0x321f3b]
V  [jvm.dll+0x848ccb]
V  [jvm.dll+0x849a04]
V  [jvm.dll+0x849f1d]
V  [jvm.dll+0x84a2f4]
V  [jvm.dll+0x84a3c0]
V  [jvm.dll+0x7f274a]
V  [jvm.dll+0x682ad5]
C  [ucrtbase.dll+0x29363]
C  [KERNEL32.DLL+0x1257d]
C  [ntdll.dll+0x5aa58]

VM_Operation (0x00000035ebfee3b0): G1CollectForAllocation, mode: safepoint, requested by thread 0x0000022392f278f0


---------------  P R O C E S S  ---------------

Threads class SMR info:
_java_thread_list=0x000002239b40cda0, length=127, elements={
0x00000223f70fcbb0, 0x0000022391812250, 0x0000022391812e00, 0x00000223fff68670,
0x0000022391835310, 0x0000022391837dd0, 0x000002239183a790, 0x0000022391846a30,
0x00000223918474d0, 0x0000022391850690, 0x00000223919ba840, 0x00000223919bad10,
0x00000223919ef5b0, 0x00000223944556b0, 0x000002239421d570, 0x0000022394478550,
0x00000223951d09a0, 0x0000022394616170, 0x00000223934acb70, 0x0000022392f278f0,
0x0000022392e24c30, 0x0000022392e23420, 0x0000022392e25100, 0x0000022392e24760,
0x0000022392e22f50, 0x0000022392e255d0, 0x0000022392e238f0, 0x0000022392e22a80,
0x0000022392e25aa0, 0x0000022392e25f70, 0x0000022392e26440, 0x0000022392e23dc0,
0x0000022392e24290, 0x000002239230bc80, 0x0000022392309ad0, 0x000002239230cfc0,
0x000002239230c150, 0x000002239230a940, 0x000002239230a470, 0x000002239230caf0,
0x000002239230ae10, 0x000002239230b2e0, 0x0000022394fd52a0, 0x0000022394fd3f60,
0x0000022394fd05a0, 0x0000022394fd1db0, 0x0000022394fd7450, 0x0000022394fd4430,
0x0000022394fd4900, 0x0000022394fd6f80, 0x0000022394fd7920, 0x0000022394fd6110,
0x0000022394fd65e0, 0x0000022394fd4dd0, 0x0000022394fd5770, 0x0000022394fd6ab0,
0x0000022394fd0f40, 0x0000022394fd00d0, 0x0000022394fd0a70, 0x0000022394fd1410,
0x0000022394fd5c40, 0x0000022394fd18e0, 0x0000022394fd2750, 0x0000022394fd2c20,
0x0000022394fd30f0, 0x0000022394fd35c0, 0x0000022394fd3a90, 0x000002239826f690,
0x000002239826fb60, 0x000002239826cb40, 0x0000022398270030, 0x0000022398270500,
0x0000022398269180, 0x000002239826ae60, 0x00000223982709d0, 0x000002239826de80,
0x0000022398269650, 0x0000022398269b20, 0x000002239826a4c0, 0x000002239826a990,
0x000002239826e350, 0x000002239826c670, 0x000002239826d4e0, 0x000002239826b800,
0x000002239826f1c0, 0x000002239826d010, 0x000002239826e820, 0x000002239826b330,
0x000002239826d9b0, 0x0000022398269ff0, 0x000002239826bcd0, 0x000002239826c1a0,
0x000002239826ecf0, 0x0000022397628610, 0x0000022397628ae0, 0x0000022397623de0,
0x0000022397628fb0, 0x0000022397629480, 0x00000223976225d0, 0x0000022397622100,
0x0000022397628140, 0x0000022397629950, 0x0000022397626930, 0x0000022397622aa0,
0x0000022397622f70, 0x0000022397625120, 0x00000223976242b0, 0x0000022397626e00,
0x0000022397626460, 0x0000022397623910, 0x0000022397624780, 0x0000022397623440,
0x0000022397624c50, 0x00000223976255f0, 0x00000223976277a0, 0x00000223976272d0,
0x0000022397625ac0, 0x0000022397625f90, 0x0000022397627c70, 0x0000022397f3c670,
0x0000022397f3ae60, 0x0000022397f3bcd0, 0x0000022397f3c1a0, 0x0000022397f3cb40,
0x0000022397f39180, 0x0000022397f3b330, 0x0000022397f39650
}

Java Threads: ( => current thread )
  0x00000223f70fcbb0 JavaThread "main" [_thread_blocked, id=12420, stack(0x00000035ea000000,0x00000035ea100000)]
  0x0000022391812250 JavaThread "Reference Handler" daemon [_thread_blocked, id=14808, stack(0x00000035ea700000,0x00000035ea800000)]
  0x0000022391812e00 JavaThread "Finalizer" daemon [_thread_blocked, id=15332, stack(0x00000035ea800000,0x00000035ea900000)]
  0x00000223fff68670 JavaThread "Signal Dispatcher" daemon [_thread_blocked, id=12460, stack(0x00000035ea900000,0x00000035eaa00000)]
  0x0000022391835310 JavaThread "Attach Listener" daemon [_thread_blocked, id=2036, stack(0x00000035eaa00000,0x00000035eab00000)]
  0x0000022391837dd0 JavaThread "Service Thread" daemon [_thread_blocked, id=8224, stack(0x00000035eab00000,0x00000035eac00000)]
  0x000002239183a790 JavaThread "Monitor Deflation Thread" daemon [_thread_blocked, id=7744, stack(0x00000035eac00000,0x00000035ead00000)]
  0x0000022391846a30 JavaThread "C2 CompilerThread0" daemon [_thread_blocked, id=12584, stack(0x00000035ead00000,0x00000035eae00000)]
  0x00000223918474d0 JavaThread "C1 CompilerThread0" daemon [_thread_blocked, id=904, stack(0x00000035eae00000,0x00000035eaf00000)]
  0x0000022391850690 JavaThread "Sweeper thread" daemon [_thread_blocked, id=3276, stack(0x00000035eaf00000,0x00000035eb000000)]
  0x00000223919ba840 JavaThread "Common-Cleaner" daemon [_thread_blocked, id=13676, stack(0x00000035eb000000,0x00000035eb100000)]
  0x00000223919bad10 JavaThread "Notification Thread" daemon [_thread_blocked, id=12172, stack(0x00000035eb100000,0x00000035eb200000)]
  0x00000223919ef5b0 JavaThread "C2 CompilerThread1" daemon [_thread_blocked, id=9100, stack(0x00000035eb300000,0x00000035eb400000)]
  0x00000223944556b0 JavaThread "Daemon health stats" [_thread_blocked, id=5296, stack(0x00000035eb900000,0x00000035eba00000)]
  0x000002239421d570 JavaThread "Incoming local TCP Connector on port 51778" [_thread_in_native, id=5224, stack(0x00000035eba00000,0x00000035ebb00000)]
  0x0000022394478550 JavaThread "Daemon periodic checks" [_thread_blocked, id=15676, stack(0x00000035ebb00000,0x00000035ebc00000)]
  0x00000223951d09a0 JavaThread "Daemon" [_thread_blocked, id=14724, stack(0x00000035ebc00000,0x00000035ebd00000)]
  0x0000022394616170 JavaThread "Handler for socket connection from /127.0.0.1:51778 to /127.0.0.1:51779" [_thread_in_native, id=13564, stack(0x00000035ebd00000,0x00000035ebe00000)]
  0x00000223934acb70 JavaThread "Cancel handler" [_thread_blocked, id=15132, stack(0x00000035ebe00000,0x00000035ebf00000)]
  0x0000022392f278f0 JavaThread "Daemon worker" [_thread_blocked, id=14204, stack(0x00000035ebf00000,0x00000035ec000000)]
  0x0000022392e24c30 JavaThread "Asynchronous log dispatcher for DefaultDaemonConnection: socket connection from /127.0.0.1:51778 to /127.0.0.1:51779" [_thread_blocked, id=10616, stack(0x00000035ec000000,0x00000035ec100000)]
  0x0000022392e23420 JavaThread "Stdin handler" [_thread_blocked, id=3720, stack(0x00000035ec100000,0x00000035ec200000)]
  0x0000022392e25100 JavaThread "Daemon client event forwarder" [_thread_blocked, id=3680, stack(0x00000035ec200000,0x00000035ec300000)]
  0x0000022392e24760 JavaThread "Cache worker for journal cache (C:\Users\User\.gradle\caches\journal-1)" [_thread_blocked, id=12664, stack(0x00000035ec700000,0x00000035ec800000)]
  0x0000022392e22f50 JavaThread "File lock request listener" [_thread_in_native, id=8332, stack(0x00000035ec800000,0x00000035ec900000)]
  0x0000022392e255d0 JavaThread "Cache worker for file hash cache (C:\Users\User\.gradle\caches\8.0\fileHashes)" [_thread_blocked, id=12572, stack(0x00000035ec900000,0x00000035eca00000)]
  0x0000022392e238f0 JavaThread "File watcher server" daemon [_thread_in_native, id=12912, stack(0x00000035eca00000,0x00000035ecb00000)]
  0x0000022392e22a80 JavaThread "File watcher consumer" daemon [_thread_blocked, id=7792, stack(0x00000035ecb00000,0x00000035ecc00000)]
  0x0000022392e25aa0 JavaThread "Cache worker for checksums cache (C:\Users\User\AndroidStudioProjects\RepairPal\.gradle\8.0\checksums)" [_thread_blocked, id=8248, stack(0x00000035ecc00000,0x00000035ecd00000)]
  0x0000022392e25f70 JavaThread "Cache worker for cache directory md-rule (C:\Users\User\.gradle\caches\8.0\md-rule)" [_thread_blocked, id=5824, stack(0x00000035ecd00000,0x00000035ece00000)]
  0x0000022392e26440 JavaThread "Cache worker for file content cache (C:\Users\User\.gradle\caches\8.0\fileContent)" [_thread_blocked, id=16224, stack(0x00000035ece00000,0x00000035ecf00000)]
  0x0000022392e23dc0 JavaThread "Cache worker for file hash cache (C:\Users\User\AndroidStudioProjects\RepairPal\.gradle\8.0\fileHashes)" [_thread_blocked, id=11808, stack(0x00000035ecf00000,0x00000035ed000000)]
  0x0000022392e24290 JavaThread "Cache worker for cache directory md-supplier (C:\Users\User\.gradle\caches\8.0\md-supplier)" [_thread_blocked, id=15848, stack(0x00000035ed000000,0x00000035ed100000)]
  0x000002239230bc80 JavaThread "Cache worker for execution history cache (C:\Users\User\.gradle\caches\8.0\executionHistory)" [_thread_blocked, id=8496, stack(0x00000035ed100000,0x00000035ed200000)]
  0x0000022392309ad0 JavaThread "jar transforms" [_thread_blocked, id=10884, stack(0x00000035ed200000,0x00000035ed300000)]
  0x000002239230cfc0 JavaThread "jar transforms Thread 2" [_thread_blocked, id=1456, stack(0x00000035ed300000,0x00000035ed400000)]
  0x000002239230c150 JavaThread "Cache worker for kotlin-dsl (C:\Users\User\.gradle\caches\8.0\kotlin-dsl)" [_thread_blocked, id=7952, stack(0x00000035ed500000,0x00000035ed600000)]
  0x000002239230a940 JavaThread "jar transforms Thread 3" [_thread_blocked, id=3700, stack(0x00000035ed600000,0x00000035ed700000)]
  0x000002239230a470 JavaThread "jar transforms Thread 4" [_thread_blocked, id=15880, stack(0x00000035ed700000,0x00000035ed800000)]
  0x000002239230caf0 JavaThread "Cache worker for dependencies-accessors (C:\Users\User\AndroidStudioProjects\RepairPal\.gradle\8.0\dependencies-accessors)" [_thread_blocked, id=7316, stack(0x00000035ed800000,0x00000035ed900000)]
  0x000002239230ae10 JavaThread "Cache worker for Build Output Cleanup Cache (C:\Users\User\AndroidStudioProjects\RepairPal\.gradle\buildOutputCleanup)" [_thread_blocked, id=11188, stack(0x00000035ed900000,0x00000035eda00000)]
  0x000002239230b2e0 JavaThread "jar transforms Thread 5" [_thread_blocked, id=12936, stack(0x00000035eda00000,0x00000035edb00000)]
  0x0000022394fd52a0 JavaThread "Unconstrained build operations" [_thread_blocked, id=12464, stack(0x00000035edb00000,0x00000035edc00000)]
  0x0000022394fd3f60 JavaThread "Unconstrained build operations Thread 2" [_thread_blocked, id=16328, stack(0x00000035edc00000,0x00000035edd00000)]
  0x0000022394fd05a0 JavaThread "Unconstrained build operations Thread 3" [_thread_blocked, id=13364, stack(0x00000035edd00000,0x00000035ede00000)]
  0x0000022394fd1db0 JavaThread "Unconstrained build operations Thread 4" [_thread_blocked, id=14196, stack(0x00000035ede00000,0x00000035edf00000)]
  0x0000022394fd7450 JavaThread "Unconstrained build operations Thread 5" [_thread_blocked, id=13424, stack(0x00000035edf00000,0x00000035ee000000)]
  0x0000022394fd4430 JavaThread "Unconstrained build operations Thread 6" [_thread_blocked, id=156, stack(0x00000035ee000000,0x00000035ee100000)]
  0x0000022394fd4900 JavaThread "Unconstrained build operations Thread 7" [_thread_blocked, id=8904, stack(0x00000035ee100000,0x00000035ee200000)]
  0x0000022394fd6f80 JavaThread "Unconstrained build operations Thread 8" [_thread_blocked, id=10900, stack(0x00000035ee200000,0x00000035ee300000)]
  0x0000022394fd7920 JavaThread "Unconstrained build operations Thread 9" [_thread_blocked, id=15148, stack(0x00000035ee300000,0x00000035ee400000)]
  0x0000022394fd6110 JavaThread "Unconstrained build operations Thread 10" [_thread_blocked, id=15240, stack(0x00000035ee400000,0x00000035ee500000)]
  0x0000022394fd65e0 JavaThread "Unconstrained build operations Thread 11" [_thread_blocked, id=432, stack(0x00000035ee500000,0x00000035ee600000)]
  0x0000022394fd4dd0 JavaThread "Unconstrained build operations Thread 12" [_thread_blocked, id=12740, stack(0x00000035ee600000,0x00000035ee700000)]
  0x0000022394fd5770 JavaThread "Unconstrained build operations Thread 13" [_thread_blocked, id=15188, stack(0x00000035ee700000,0x00000035ee800000)]
  0x0000022394fd6ab0 JavaThread "Unconstrained build operations Thread 14" [_thread_blocked, id=11664, stack(0x00000035ee800000,0x00000035ee900000)]
  0x0000022394fd0f40 JavaThread "Unconstrained build operations Thread 15" [_thread_blocked, id=14116, stack(0x00000035ee900000,0x00000035eea00000)]
  0x0000022394fd00d0 JavaThread "Unconstrained build operations Thread 16" [_thread_blocked, id=10988, stack(0x00000035eea00000,0x00000035eeb00000)]
  0x0000022394fd0a70 JavaThread "Unconstrained build operations Thread 17" [_thread_blocked, id=8164, stack(0x00000035eeb00000,0x00000035eec00000)]
  0x0000022394fd1410 JavaThread "Unconstrained build operations Thread 18" [_thread_blocked, id=13916, stack(0x00000035eec00000,0x00000035eed00000)]
  0x0000022394fd5c40 JavaThread "Unconstrained build operations Thread 19" [_thread_blocked, id=12816, stack(0x00000035eed00000,0x00000035eee00000)]
  0x0000022394fd18e0 JavaThread "Unconstrained build operations Thread 20" [_thread_blocked, id=2544, stack(0x00000035eee00000,0x00000035eef00000)]
  0x0000022394fd2750 JavaThread "Unconstrained build operations Thread 21" [_thread_blocked, id=15108, stack(0x00000035eef00000,0x00000035ef000000)]
  0x0000022394fd2c20 JavaThread "Unconstrained build operations Thread 22" [_thread_blocked, id=1844, stack(0x00000035ef000000,0x00000035ef100000)]
  0x0000022394fd30f0 JavaThread "Unconstrained build operations Thread 23" [_thread_blocked, id=2848, stack(0x00000035ef100000,0x00000035ef200000)]
  0x0000022394fd35c0 JavaThread "Unconstrained build operations Thread 24" [_thread_blocked, id=11780, stack(0x00000035ef200000,0x00000035ef300000)]
  0x0000022394fd3a90 JavaThread "Unconstrained build operations Thread 25" [_thread_blocked, id=14092, stack(0x00000035ef300000,0x00000035ef400000)]
  0x000002239826f690 JavaThread "Unconstrained build operations Thread 26" [_thread_blocked, id=8532, stack(0x00000035ef400000,0x00000035ef500000)]
  0x000002239826fb60 JavaThread "Unconstrained build operations Thread 27" [_thread_blocked, id=11612, stack(0x00000035ef500000,0x00000035ef600000)]
  0x000002239826cb40 JavaThread "Unconstrained build operations Thread 28" [_thread_blocked, id=7188, stack(0x00000035ef600000,0x00000035ef700000)]
  0x0000022398270030 JavaThread "Unconstrained build operations Thread 29" [_thread_blocked, id=15064, stack(0x00000035ef700000,0x00000035ef800000)]
  0x0000022398270500 JavaThread "Unconstrained build operations Thread 30" [_thread_blocked, id=14328, stack(0x00000035ef800000,0x00000035ef900000)]
  0x0000022398269180 JavaThread "Unconstrained build operations Thread 31" [_thread_blocked, id=8364, stack(0x00000035ef900000,0x00000035efa00000)]
  0x000002239826ae60 JavaThread "Unconstrained build operations Thread 32" [_thread_blocked, id=8360, stack(0x00000035efa00000,0x00000035efb00000)]
  0x00000223982709d0 JavaThread "Unconstrained build operations Thread 33" [_thread_blocked, id=7220, stack(0x00000035efb00000,0x00000035efc00000)]
  0x000002239826de80 JavaThread "Unconstrained build operations Thread 34" [_thread_blocked, id=12240, stack(0x00000035efc00000,0x00000035efd00000)]
  0x0000022398269650 JavaThread "Unconstrained build operations Thread 35" [_thread_blocked, id=9244, stack(0x00000035efd00000,0x00000035efe00000)]
  0x0000022398269b20 JavaThread "Unconstrained build operations Thread 36" [_thread_blocked, id=8952, stack(0x00000035efe00000,0x00000035eff00000)]
  0x000002239826a4c0 JavaThread "Unconstrained build operations Thread 37" [_thread_blocked, id=1100, stack(0x00000035eff00000,0x00000035f0000000)]
  0x000002239826a990 JavaThread "Unconstrained build operations Thread 38" [_thread_blocked, id=3224, stack(0x00000035f0000000,0x00000035f0100000)]
  0x000002239826e350 JavaThread "Unconstrained build operations Thread 39" [_thread_blocked, id=11328, stack(0x00000035f0100000,0x00000035f0200000)]
  0x000002239826c670 JavaThread "Unconstrained build operations Thread 40" [_thread_blocked, id=3248, stack(0x00000035f0200000,0x00000035f0300000)]
  0x000002239826d4e0 JavaThread "Unconstrained build operations Thread 41" [_thread_blocked, id=15296, stack(0x00000035f0300000,0x00000035f0400000)]
  0x000002239826b800 JavaThread "Unconstrained build operations Thread 42" [_thread_blocked, id=13240, stack(0x00000035f0400000,0x00000035f0500000)]
  0x000002239826f1c0 JavaThread "Unconstrained build operations Thread 43" [_thread_blocked, id=15748, stack(0x00000035f0500000,0x00000035f0600000)]
  0x000002239826d010 JavaThread "Unconstrained build operations Thread 44" [_thread_blocked, id=15680, stack(0x00000035f0600000,0x00000035f0700000)]
  0x000002239826e820 JavaThread "Unconstrained build operations Thread 45" [_thread_blocked, id=16204, stack(0x00000035f0700000,0x00000035f0800000)]
  0x000002239826b330 JavaThread "Unconstrained build operations Thread 46" [_thread_blocked, id=8056, stack(0x00000035f0800000,0x00000035f0900000)]
  0x000002239826d9b0 JavaThread "Unconstrained build operations Thread 47" [_thread_blocked, id=11964, stack(0x00000035f0900000,0x00000035f0a00000)]
  0x0000022398269ff0 JavaThread "Unconstrained build operations Thread 48" [_thread_blocked, id=14812, stack(0x00000035f0a00000,0x00000035f0b00000)]
  0x000002239826bcd0 JavaThread "Unconstrained build operations Thread 49" [_thread_blocked, id=9684, stack(0x00000035f0b00000,0x00000035f0c00000)]
  0x000002239826c1a0 JavaThread "Unconstrained build operations Thread 50" [_thread_blocked, id=10928, stack(0x00000035f0c00000,0x00000035f0d00000)]
  0x000002239826ecf0 JavaThread "Unconstrained build operations Thread 51" [_thread_blocked, id=5564, stack(0x00000035f0d00000,0x00000035f0e00000)]
  0x0000022397628610 JavaThread "Unconstrained build operations Thread 52" [_thread_blocked, id=14000, stack(0x00000035f0e00000,0x00000035f0f00000)]
  0x0000022397628ae0 JavaThread "Unconstrained build operations Thread 53" [_thread_blocked, id=15620, stack(0x00000035f0f00000,0x00000035f1000000)]
  0x0000022397623de0 JavaThread "Unconstrained build operations Thread 54" [_thread_blocked, id=6532, stack(0x00000035f1000000,0x00000035f1100000)]
  0x0000022397628fb0 JavaThread "Unconstrained build operations Thread 55" [_thread_blocked, id=14532, stack(0x00000035f1100000,0x00000035f1200000)]
  0x0000022397629480 JavaThread "Unconstrained build operations Thread 56" [_thread_blocked, id=15640, stack(0x00000035f1200000,0x00000035f1300000)]
  0x00000223976225d0 JavaThread "Unconstrained build operations Thread 57" [_thread_blocked, id=9472, stack(0x00000035f1300000,0x00000035f1400000)]
  0x0000022397622100 JavaThread "Unconstrained build operations Thread 58" [_thread_blocked, id=14972, stack(0x00000035f1400000,0x00000035f1500000)]
  0x0000022397628140 JavaThread "Unconstrained build operations Thread 59" [_thread_blocked, id=12248, stack(0x00000035f1500000,0x00000035f1600000)]
  0x0000022397629950 JavaThread "Unconstrained build operations Thread 60" [_thread_blocked, id=13360, stack(0x00000035f1600000,0x00000035f1700000)]
  0x0000022397626930 JavaThread "Unconstrained build operations Thread 61" [_thread_blocked, id=8924, stack(0x00000035f1700000,0x00000035f1800000)]
  0x0000022397622aa0 JavaThread "Unconstrained build operations Thread 62" [_thread_blocked, id=7456, stack(0x00000035f1800000,0x00000035f1900000)]
  0x0000022397622f70 JavaThread "Unconstrained build operations Thread 63" [_thread_blocked, id=14292, stack(0x00000035f1900000,0x00000035f1a00000)]
  0x0000022397625120 JavaThread "Unconstrained build operations Thread 64" [_thread_blocked, id=12612, stack(0x00000035f1a00000,0x00000035f1b00000)]
  0x00000223976242b0 JavaThread "Unconstrained build operations Thread 65" [_thread_blocked, id=8052, stack(0x00000035f1b00000,0x00000035f1c00000)]
  0x0000022397626e00 JavaThread "Unconstrained build operations Thread 66" [_thread_blocked, id=14604, stack(0x00000035f1c00000,0x00000035f1d00000)]
  0x0000022397626460 JavaThread "Unconstrained build operations Thread 67" [_thread_blocked, id=16272, stack(0x00000035f1d00000,0x00000035f1e00000)]
  0x0000022397623910 JavaThread "Unconstrained build operations Thread 68" [_thread_blocked, id=8304, stack(0x00000035f1e00000,0x00000035f1f00000)]
  0x0000022397624780 JavaThread "Unconstrained build operations Thread 69" [_thread_blocked, id=4440, stack(0x00000035f1f00000,0x00000035f2000000)]
  0x0000022397623440 JavaThread "Unconstrained build operations Thread 70" [_thread_blocked, id=9148, stack(0x00000035f2000000,0x00000035f2100000)]
  0x0000022397624c50 JavaThread "Unconstrained build operations Thread 71" [_thread_blocked, id=12832, stack(0x00000035f2100000,0x00000035f2200000)]
  0x00000223976255f0 JavaThread "Unconstrained build operations Thread 72" [_thread_blocked, id=12644, stack(0x00000035f2200000,0x00000035f2300000)]
  0x00000223976277a0 JavaThread "Unconstrained build operations Thread 73" [_thread_blocked, id=15104, stack(0x00000035f2300000,0x00000035f2400000)]
  0x00000223976272d0 JavaThread "Unconstrained build operations Thread 74" [_thread_blocked, id=13160, stack(0x00000035f2400000,0x00000035f2500000)]
  0x0000022397625ac0 JavaThread "Unconstrained build operations Thread 75" [_thread_blocked, id=11752, stack(0x00000035f2500000,0x00000035f2600000)]
  0x0000022397625f90 JavaThread "Unconstrained build operations Thread 76" [_thread_blocked, id=16136, stack(0x00000035f2600000,0x00000035f2700000)]
  0x0000022397627c70 JavaThread "Unconstrained build operations Thread 77" [_thread_blocked, id=5500, stack(0x00000035f2700000,0x00000035f2800000)]
  0x0000022397f3c670 JavaThread "Unconstrained build operations Thread 78" [_thread_blocked, id=15396, stack(0x00000035f2800000,0x00000035f2900000)]
  0x0000022397f3ae60 JavaThread "Unconstrained build operations Thread 79" [_thread_blocked, id=8344, stack(0x00000035f2900000,0x00000035f2a00000)]
  0x0000022397f3bcd0 JavaThread "Unconstrained build operations Thread 80" [_thread_blocked, id=2888, stack(0x00000035f2a00000,0x00000035f2b00000)]
  0x0000022397f3c1a0 JavaThread "jar transforms Thread 6" [_thread_blocked, id=14216, stack(0x00000035f2b00000,0x00000035f2c00000)]
  0x0000022397f3cb40 JavaThread "jar transforms Thread 7" [_thread_blocked, id=12196, stack(0x00000035f2c00000,0x00000035f2d00000)]
  0x0000022397f39180 JavaThread "jar transforms Thread 8" [_thread_blocked, id=14400, stack(0x00000035f2d00000,0x00000035f2e00000)]
  0x0000022397f3b330 JavaThread "build event listener" [_thread_blocked, id=12660, stack(0x00000035f2e00000,0x00000035f2f00000)]
  0x0000022397f39650 JavaThread "Memory manager" [_thread_blocked, id=7152, stack(0x00000035f2f00000,0x00000035f3000000)]

Other Threads:
=>0x00000223fff50940 VMThread "VM Thread" [stack: 0x00000035ea600000,0x00000035ea700000] [id=13300]
  0x00000223fff539c0 WatcherThread [stack: 0x00000035eb200000,0x00000035eb300000] [id=7872]
  0x00000223f71587c0 GCTaskThread "GC Thread#0" [stack: 0x00000035ea100000,0x00000035ea200000] [id=284]
  0x000002239225c6f0 GCTaskThread "GC Thread#1" [stack: 0x00000035eb500000,0x00000035eb600000] [id=11680]
  0x000002239225c9a0 GCTaskThread "GC Thread#2" [stack: 0x00000035eb600000,0x00000035eb700000] [id=4564]
  0x0000022391e73cf0 GCTaskThread "GC Thread#3" [stack: 0x00000035eb700000,0x00000035eb800000] [id=8892]
  0x0000022393076110 GCTaskThread "GC Thread#4" [stack: 0x00000035eb800000,0x00000035eb900000] [id=15996]
  0x0000022393459800 GCTaskThread "GC Thread#5" [stack: 0x00000035ec300000,0x00000035ec400000] [id=4412]
  0x0000022394364090 GCTaskThread "GC Thread#6" [stack: 0x00000035ec400000,0x00000035ec500000] [id=15536]
  0x00000223942c3190 GCTaskThread "GC Thread#7" [stack: 0x00000035ec500000,0x00000035ec600000] [id=15180]
  0x00000223f7169700 ConcurrentGCThread "G1 Main Marker" [stack: 0x00000035ea200000,0x00000035ea300000] [id=9920]
  0x00000223f716a110 ConcurrentGCThread "G1 Conc#0" [stack: 0x00000035ea300000,0x00000035ea400000] [id=14612]
  0x00000223930eb990 ConcurrentGCThread "G1 Conc#1" [stack: 0x00000035ec600000,0x00000035ec700000] [id=7408]
  0x00000223f71be4a0 ConcurrentGCThread "G1 Refine#0" [stack: 0x00000035ea400000,0x00000035ea500000] [id=12080]
  0x0000022392c8dc80 ConcurrentGCThread "G1 Refine#1" [stack: 0x00000035ed400000,0x00000035ed500000] [id=16084]
  0x00000223ffda80f0 ConcurrentGCThread "G1 Service" [stack: 0x00000035ea500000,0x00000035ea600000] [id=4688]

Threads with active compile tasks:

VM state: at safepoint (normal execution)

VM Mutex/Monitor currently owned by a thread:  ([mutex/lock_event])
[0x00000223f70f74e0] Threads_lock - owner thread: 0x00000223fff50940
[0x00000223f70f7960] Heap_lock - owner thread: 0x0000022392f278f0

Heap address: 0x0000000080000000, size: 2048 MB, Compressed Oops mode: 32-bit

CDS archive(s) not mapped
Compressed class space mapped at: 0x0000000100000000-0x0000000140000000, reserved size: 1073741824
Narrow klass base: 0x0000000000000000, Narrow klass shift: 3, Narrow klass range: 0x140000000

GC Precious Log:
 CPUs: 8 total, 8 available
 Memory: 7991M
 Large Page Support: Disabled
 NUMA Support: Disabled
 Compressed Oops: Enabled (32-bit)
 Heap Region Size: 1M
 Heap Min Capacity: 8M
 Heap Initial Capacity: 126M
 Heap Max Capacity: 2G
 Pre-touch: Disabled
 Parallel Workers: 8
 Concurrent Workers: 2
 Concurrent Refinement Workers: 8
 Periodic GC: Disabled

Heap:
 garbage-first heap   total 129024K, used 64753K [0x0000000080000000, 0x0000000100000000)
  region size 1024K, 1 young (1024K), 1 survivors (1024K)
 Metaspace       used 74454K, committed 75072K, reserved 1122304K
  class space    used 9853K, committed 10176K, reserved 1048576K

Heap Regions: E=young(eden), S=young(survivor), O=old, HS=humongous(starts), HC=humongous(continues), CS=collection set, F=free, OA=open archive, CA=closed archive, TAMS=top-at-mark-start (previous, next)
|   0|0x0000000080000000, 0x0000000080100000, 0x0000000080100000|100%|HS|  |TAMS 0x0000000080100000, 0x0000000080000000| Complete 
|   1|0x0000000080100000, 0x0000000080200000, 0x0000000080200000|100%|HC|  |TAMS 0x0000000080200000, 0x0000000080100000| Complete 
|   2|0x0000000080200000, 0x0000000080300000, 0x0000000080300000|100%|HC|  |TAMS 0x0000000080300000, 0x0000000080200000| Complete 
|   3|0x0000000080300000, 0x0000000080400000, 0x0000000080400000|100%|HC|  |TAMS 0x0000000080400000, 0x0000000080300000| Complete 
|   4|0x0000000080400000, 0x0000000080500000, 0x0000000080500000|100%| O|  |TAMS 0x0000000080500000, 0x0000000080400000| Untracked 
|   5|0x0000000080500000, 0x0000000080600000, 0x0000000080600000|100%| O|  |TAMS 0x0000000080600000, 0x0000000080500000| Untracked 
|   6|0x0000000080600000, 0x0000000080700000, 0x0000000080700000|100%| O|  |TAMS 0x0000000080700000, 0x0000000080600000| Untracked 
|   7|0x0000000080700000, 0x0000000080800000, 0x0000000080800000|100%| O|  |TAMS 0x0000000080800000, 0x0000000080700000| Untracked 
|   8|0x0000000080800000, 0x0000000080900000, 0x0000000080900000|100%| O|  |TAMS 0x0000000080900000, 0x0000000080800000| Untracked 
|   9|0x0000000080900000, 0x0000000080a00000, 0x0000000080a00000|100%| O|  |TAMS 0x0000000080a00000, 0x0000000080900000| Untracked 
|  10|0x0000000080a00000, 0x0000000080b00000, 0x0000000080b00000|100%| O|  |TAMS 0x0000000080b00000, 0x0000000080a00000| Untracked 
|  11|0x0000000080b00000, 0x0000000080c00000, 0x0000000080c00000|100%| O|  |TAMS 0x0000000080c00000, 0x0000000080b00000| Untracked 
|  12|0x0000000080c00000, 0x0000000080d00000, 0x0000000080d00000|100%| O|  |TAMS 0x0000000080d00000, 0x0000000080c00000| Untracked 
|  13|0x0000000080d00000, 0x0000000080e00000, 0x0000000080e00000|100%| O|  |TAMS 0x0000000080e00000, 0x0000000080d00000| Untracked 
|  14|0x0000000080e00000, 0x0000000080f00000, 0x0000000080f00000|100%| O|  |TAMS 0x0000000080f00000, 0x0000000080e00000| Untracked 
|  15|0x0000000080f00000, 0x0000000081000000, 0x0000000081000000|100%| O|  |TAMS 0x0000000081000000, 0x0000000080f00000| Untracked 
|  16|0x0000000081000000, 0x0000000081100000, 0x0000000081100000|100%| O|  |TAMS 0x0000000081100000, 0x0000000081000000| Untracked 
|  17|0x0000000081100000, 0x0000000081200000, 0x0000000081200000|100%| O|  |TAMS 0x0000000081200000, 0x0000000081100000| Untracked 
|  18|0x0000000081200000, 0x0000000081300000, 0x0000000081300000|100%| O|  |TAMS 0x0000000081300000, 0x0000000081200000| Untracked 
|  19|0x0000000081300000, 0x0000000081400000, 0x0000000081400000|100%| O|  |TAMS 0x0000000081400000, 0x0000000081300000| Untracked 
|  20|0x0000000081400000, 0x0000000081500000, 0x0000000081500000|100%| O|  |TAMS 0x0000000081500000, 0x0000000081400000| Untracked 
|  21|0x0000000081500000, 0x0000000081600000, 0x0000000081600000|100%| O|  |TAMS 0x0000000081600000, 0x0000000081500000| Untracked 
|  22|0x0000000081600000, 0x0000000081700000, 0x0000000081700000|100%| O|  |TAMS 0x0000000081700000, 0x0000000081600000| Untracked 
|  23|0x0000000081700000, 0x0000000081800000, 0x0000000081800000|100%| O|  |TAMS 0x0000000081700000, 0x0000000081700000| Untracked 
|  24|0x0000000081800000, 0x0000000081900000, 0x0000000081900000|100%| O|  |TAMS 0x0000000081900000, 0x0000000081800000| Untracked 
|  25|0x0000000081900000, 0x0000000081a00000, 0x0000000081a00000|100%| O|  |TAMS 0x0000000081a00000, 0x0000000081900000| Untracked 
|  26|0x0000000081a00000, 0x0000000081a00000, 0x0000000081b00000|  0%| F|  |TAMS 0x0000000081a00000, 0x0000000081a00000| Untracked 
|  27|0x0000000081b00000, 0x0000000081c00000, 0x0000000081c00000|100%| O|  |TAMS 0x0000000081c00000, 0x0000000081b00000| Untracked 
|  28|0x0000000081c00000, 0x0000000081d00000, 0x0000000081d00000|100%| O|  |TAMS 0x0000000081d00000, 0x0000000081c00000| Untracked 
|  29|0x0000000081d00000, 0x0000000081e00000, 0x0000000081e00000|100%| O|  |TAMS 0x0000000081e00000, 0x0000000081d00000| Untracked 
|  30|0x0000000081e00000, 0x0000000081f00000, 0x0000000081f00000|100%| O|  |TAMS 0x0000000081f00000, 0x0000000081e00000| Untracked 
|  31|0x0000000081f00000, 0x0000000082000000, 0x0000000082000000|100%| O|  |TAMS 0x0000000082000000, 0x0000000081f00000| Untracked 
|  32|0x0000000082000000, 0x0000000082100000, 0x0000000082100000|100%|HS|  |TAMS 0x0000000082100000, 0x0000000082000000| Complete 
|  33|0x0000000082100000, 0x0000000082200000, 0x0000000082200000|100%|HS|  |TAMS 0x0000000082200000, 0x0000000082100000| Complete 
|  34|0x0000000082200000, 0x0000000082300000, 0x0000000082300000|100%|HS|  |TAMS 0x0000000082300000, 0x0000000082200000| Complete 
|  35|0x0000000082300000, 0x0000000082400000, 0x0000000082400000|100%|HC|  |TAMS 0x0000000082400000, 0x0000000082300000| Complete 
|  36|0x0000000082400000, 0x0000000082500000, 0x0000000082500000|100%|HS|  |TAMS 0x0000000082500000, 0x0000000082400000| Complete 
|  37|0x0000000082500000, 0x0000000082600000, 0x0000000082600000|100%| O|  |TAMS 0x0000000082600000, 0x0000000082500000| Untracked 
|  38|0x0000000082600000, 0x0000000082700000, 0x0000000082700000|100%| O|  |TAMS 0x0000000082700000, 0x0000000082600000| Untracked 
|  39|0x0000000082700000, 0x0000000082800000, 0x0000000082800000|100%| O|  |TAMS 0x0000000082800000, 0x0000000082700000| Untracked 
|  40|0x0000000082800000, 0x0000000082900000, 0x0000000082900000|100%| O|  |TAMS 0x0000000082900000, 0x0000000082800000| Untracked 
|  41|0x0000000082900000, 0x0000000082a00000, 0x0000000082a00000|100%| O|  |TAMS 0x0000000082a00000, 0x0000000082900000| Untracked 
|  42|0x0000000082a00000, 0x0000000082b00000, 0x0000000082b00000|100%|HS|  |TAMS 0x0000000082b00000, 0x0000000082a00000| Complete 
|  43|0x0000000082b00000, 0x0000000082c00000, 0x0000000082c00000|100%|HC|  |TAMS 0x0000000082c00000, 0x0000000082b00000| Complete 
|  44|0x0000000082c00000, 0x0000000082d00000, 0x0000000082d00000|100%|HC|  |TAMS 0x0000000082d00000, 0x0000000082c00000| Complete 
|  45|0x0000000082d00000, 0x0000000082e00000, 0x0000000082e00000|100%|HC|  |TAMS 0x0000000082e00000, 0x0000000082d00000| Complete 
|  46|0x0000000082e00000, 0x0000000082f00000, 0x0000000082f00000|100%| O|  |TAMS 0x0000000082f00000, 0x0000000082e00000| Untracked 
|  47|0x0000000082f00000, 0x0000000083000000, 0x0000000083000000|100%| O|  |TAMS 0x0000000083000000, 0x0000000082f00000| Untracked 
|  48|0x0000000083000000, 0x0000000083100000, 0x0000000083100000|100%| O|  |TAMS 0x0000000083100000, 0x0000000083000000| Untracked 
|  49|0x0000000083100000, 0x0000000083200000, 0x0000000083200000|100%| O|  |TAMS 0x0000000083200000, 0x0000000083100000| Untracked 
|  50|0x0000000083200000, 0x0000000083300000, 0x0000000083300000|100%| O|  |TAMS 0x0000000083300000, 0x0000000083200000| Untracked 
|  51|0x0000000083300000, 0x0000000083400000, 0x0000000083400000|100%| O|  |TAMS 0x0000000083400000, 0x0000000083300000| Untracked 
|  52|0x0000000083400000, 0x0000000083500000, 0x0000000083500000|100%| O|  |TAMS 0x0000000083500000, 0x0000000083400000| Untracked 
|  53|0x0000000083500000, 0x0000000083600000, 0x0000000083600000|100%| O|  |TAMS 0x0000000083600000, 0x0000000083500000| Untracked 
|  54|0x0000000083600000, 0x0000000083700000, 0x0000000083700000|100%| O|  |TAMS 0x0000000083700000, 0x0000000083600000| Untracked 
|  55|0x0000000083700000, 0x0000000083800000, 0x0000000083800000|100%| O|  |TAMS 0x0000000083800000, 0x0000000083700000| Untracked 
|  56|0x0000000083800000, 0x0000000083900000, 0x0000000083900000|100%| O|  |TAMS 0x0000000083900000, 0x0000000083800000| Untracked 
|  57|0x0000000083900000, 0x0000000083a00000, 0x0000000083a00000|100%| O|  |TAMS 0x0000000083a00000, 0x0000000083900000| Untracked 
|  58|0x0000000083a00000, 0x0000000083b00000, 0x0000000083b00000|100%| O|  |TAMS 0x0000000083b00000, 0x0000000083a00000| Untracked 
|  59|0x0000000083b00000, 0x0000000083c00000, 0x0000000083c00000|100%| O|  |TAMS 0x0000000083bdc600, 0x0000000083b00000| Untracked 
|  60|0x0000000083c00000, 0x0000000083d00000, 0x0000000083d00000|100%| O|  |TAMS 0x0000000083c00000, 0x0000000083c00000| Untracked 
|  61|0x0000000083d00000, 0x0000000083e00000, 0x0000000083e00000|100%| O|  |TAMS 0x0000000083d00000, 0x0000000083d00000| Untracked 
|  62|0x0000000083e00000, 0x0000000083f00000, 0x0000000083f00000|100%| O|  |TAMS 0x0000000083e00000, 0x0000000083e00000| Untracked 
|  63|0x0000000083f00000, 0x0000000083f87600, 0x0000000084000000| 52%| O|  |TAMS 0x0000000083f00000, 0x0000000083f00000| Untracked 
|  64|0x0000000084000000, 0x0000000084000000, 0x0000000084100000|  0%| F|  |TAMS 0x0000000084000000, 0x0000000084000000| Untracked 
|  65|0x0000000084100000, 0x0000000084100000, 0x0000000084200000|  0%| F|  |TAMS 0x0000000084100000, 0x0000000084100000| Untracked 
|  66|0x0000000084200000, 0x0000000084200000, 0x0000000084300000|  0%| F|  |TAMS 0x0000000084200000, 0x0000000084200000| Untracked 
|  67|0x0000000084300000, 0x0000000084300000, 0x0000000084400000|  0%| F|  |TAMS 0x0000000084300000, 0x0000000084300000| Untracked 
|  68|0x0000000084400000, 0x0000000084400000, 0x0000000084500000|  0%| F|  |TAMS 0x0000000084400000, 0x0000000084400000| Untracked 
|  69|0x0000000084500000, 0x0000000084500000, 0x0000000084600000|  0%| F|  |TAMS 0x0000000084500000, 0x0000000084500000| Untracked 
|  70|0x0000000084600000, 0x0000000084600000, 0x0000000084700000|  0%| F|  |TAMS 0x0000000084600000, 0x0000000084600000| Untracked 
|  71|0x0000000084700000, 0x0000000084700000, 0x0000000084800000|  0%| F|  |TAMS 0x0000000084700000, 0x0000000084700000| Untracked 
|  72|0x0000000084800000, 0x0000000084800000, 0x0000000084900000|  0%| F|  |TAMS 0x0000000084800000, 0x0000000084800000| Untracked 
|  73|0x0000000084900000, 0x0000000084900000, 0x0000000084a00000|  0%| F|  |TAMS 0x0000000084900000, 0x0000000084900000| Untracked 
|  74|0x0000000084a00000, 0x0000000084a00000, 0x0000000084b00000|  0%| F|  |TAMS 0x0000000084a00000, 0x0000000084a00000| Untracked 
|  75|0x0000000084b00000, 0x0000000084b00000, 0x0000000084c00000|  0%| F|  |TAMS 0x0000000084b00000, 0x0000000084b00000| Untracked 
|  76|0x0000000084c00000, 0x0000000084c00000, 0x0000000084d00000|  0%| F|  |TAMS 0x0000000084c00000, 0x0000000084c00000| Untracked 
|  77|0x0000000084d00000, 0x0000000084d00000, 0x0000000084e00000|  0%| F|  |TAMS 0x0000000084d00000, 0x0000000084d00000| Untracked 
|  78|0x0000000084e00000, 0x0000000084e00000, 0x0000000084f00000|  0%| F|  |TAMS 0x0000000084e00000, 0x0000000084e00000| Untracked 
|  79|0x0000000084f00000, 0x0000000084f00000, 0x0000000085000000|  0%| F|  |TAMS 0x0000000084f00000, 0x0000000084f00000| Untracked 
|  80|0x0000000085000000, 0x0000000085000000, 0x0000000085100000|  0%| F|  |TAMS 0x0000000085000000, 0x0000000085000000| Untracked 
|  81|0x0000000085100000, 0x0000000085100000, 0x0000000085200000|  0%| F|  |TAMS 0x0000000085100000, 0x0000000085100000| Untracked 
|  82|0x0000000085200000, 0x0000000085200000, 0x0000000085300000|  0%| F|  |TAMS 0x0000000085200000, 0x0000000085200000| Untracked 
|  83|0x0000000085300000, 0x0000000085300000, 0x0000000085400000|  0%| F|  |TAMS 0x0000000085300000, 0x0000000085300000| Untracked 
|  84|0x0000000085400000, 0x0000000085400000, 0x0000000085500000|  0%| F|  |TAMS 0x0000000085400000, 0x0000000085400000| Untracked 
|  85|0x0000000085500000, 0x0000000085500000, 0x0000000085600000|  0%| F|  |TAMS 0x0000000085500000, 0x0000000085500000| Untracked 
|  86|0x0000000085600000, 0x0000000085600000, 0x0000000085700000|  0%| F|  |TAMS 0x0000000085600000, 0x0000000085600000| Untracked 
|  87|0x0000000085700000, 0x0000000085700000, 0x0000000085800000|  0%| F|  |TAMS 0x0000000085700000, 0x0000000085700000| Untracked 
|  88|0x0000000085800000, 0x0000000085800000, 0x0000000085900000|  0%| F|  |TAMS 0x0000000085800000, 0x0000000085800000| Untracked 
|  89|0x0000000085900000, 0x0000000085900000, 0x0000000085a00000|  0%| F|  |TAMS 0x0000000085900000, 0x0000000085900000| Untracked 
|  90|0x0000000085a00000, 0x0000000085a00000, 0x0000000085b00000|  0%| F|  |TAMS 0x0000000085a00000, 0x0000000085a00000| Untracked 
|  91|0x0000000085b00000, 0x0000000085b00000, 0x0000000085c00000|  0%| F|  |TAMS 0x0000000085b00000, 0x0000000085b00000| Untracked 
|  92|0x0000000085c00000, 0x0000000085c00000, 0x0000000085d00000|  0%| F|  |TAMS 0x0000000085c00000, 0x0000000085c00000| Untracked 
|  93|0x0000000085d00000, 0x0000000085d00000, 0x0000000085e00000|  0%| F|  |TAMS 0x0000000085d00000, 0x0000000085d00000| Untracked 
|  94|0x0000000085e00000, 0x0000000085e00000, 0x0000000085f00000|  0%| F|  |TAMS 0x0000000085e00000, 0x0000000085e00000| Untracked 
|  95|0x0000000085f00000, 0x0000000085f00000, 0x0000000086000000|  0%| F|  |TAMS 0x0000000085f00000, 0x0000000085f00000| Untracked 
|  96|0x0000000086000000, 0x0000000086000000, 0x0000000086100000|  0%| F|  |TAMS 0x0000000086000000, 0x0000000086000000| Untracked 
|  97|0x0000000086100000, 0x0000000086100000, 0x0000000086200000|  0%| F|  |TAMS 0x0000000086100000, 0x0000000086100000| Untracked 
|  98|0x0000000086200000, 0x0000000086200000, 0x0000000086300000|  0%| F|  |TAMS 0x0000000086200000, 0x0000000086200000| Untracked 
|  99|0x0000000086300000, 0x0000000086300000, 0x0000000086400000|  0%| F|  |TAMS 0x0000000086300000, 0x0000000086300000| Untracked 
| 100|0x0000000086400000, 0x0000000086400000, 0x0000000086500000|  0%| F|  |TAMS 0x0000000086400000, 0x0000000086400000| Untracked 
| 101|0x0000000086500000, 0x0000000086500000, 0x0000000086600000|  0%| F|  |TAMS 0x0000000086500000, 0x0000000086500000| Untracked 
| 102|0x0000000086600000, 0x0000000086600000, 0x0000000086700000|  0%| F|  |TAMS 0x0000000086600000, 0x0000000086600000| Untracked 
| 103|0x0000000086700000, 0x0000000086700000, 0x0000000086800000|  0%| F|  |TAMS 0x0000000086700000, 0x0000000086700000| Untracked 
| 104|0x0000000086800000, 0x0000000086800000, 0x0000000086900000|  0%| F|  |TAMS 0x0000000086800000, 0x0000000086800000| Untracked 
| 105|0x0000000086900000, 0x0000000086900000, 0x0000000086a00000|  0%| F|  |TAMS 0x0000000086900000, 0x0000000086900000| Untracked 
| 106|0x0000000086a00000, 0x0000000086a00000, 0x0000000086b00000|  0%| F|  |TAMS 0x0000000086a00000, 0x0000000086a00000| Untracked 
| 107|0x0000000086b00000, 0x0000000086b00000, 0x0000000086c00000|  0%| F|  |TAMS 0x0000000086b00000, 0x0000000086b00000| Untracked 
| 108|0x0000000086c00000, 0x0000000086c00000, 0x0000000086d00000|  0%| F|  |TAMS 0x0000000086c00000, 0x0000000086c00000| Untracked 
| 109|0x0000000086d00000, 0x0000000086d00000, 0x0000000086e00000|  0%| F|  |TAMS 0x0000000086d00000, 0x0000000086d00000| Untracked 
| 110|0x0000000086e00000, 0x0000000086e00000, 0x0000000086f00000|  0%| F|  |TAMS 0x0000000086e00000, 0x0000000086e00000| Untracked 
| 111|0x0000000086f00000, 0x0000000086f00000, 0x0000000087000000|  0%| F|  |TAMS 0x0000000086f00000, 0x0000000086f00000| Untracked 
| 112|0x0000000087000000, 0x0000000087000000, 0x0000000087100000|  0%| F|  |TAMS 0x0000000087000000, 0x0000000087000000| Untracked 
| 113|0x0000000087100000, 0x0000000087100000, 0x0000000087200000|  0%| F|  |TAMS 0x0000000087100000, 0x0000000087100000| Untracked 
| 114|0x0000000087200000, 0x0000000087200000, 0x0000000087300000|  0%| F|  |TAMS 0x0000000087200000, 0x0000000087200000| Untracked 
| 115|0x0000000087300000, 0x0000000087300000, 0x0000000087400000|  0%| F|  |TAMS 0x0000000087300000, 0x0000000087300000| Untracked 
| 116|0x0000000087400000, 0x0000000087400000, 0x0000000087500000|  0%| F|  |TAMS 0x0000000087400000, 0x0000000087400000| Untracked 
| 117|0x0000000087500000, 0x00000000875b4f00, 0x0000000087600000| 70%| S|CS|TAMS 0x0000000087500000, 0x0000000087500000| Complete 
| 118|0x0000000087600000, 0x0000000087600000, 0x0000000087700000|  0%| F|  |TAMS 0x0000000087600000, 0x0000000087600000| Untracked 
| 119|0x0000000087700000, 0x0000000087700000, 0x0000000087800000|  0%| F|  |TAMS 0x0000000087700000, 0x0000000087700000| Untracked 
| 120|0x0000000087800000, 0x0000000087800000, 0x0000000087900000|  0%| F|  |TAMS 0x0000000087800000, 0x0000000087800000| Untracked 
| 121|0x0000000087900000, 0x0000000087900000, 0x0000000087a00000|  0%| F|  |TAMS 0x0000000087900000, 0x0000000087900000| Untracked 
| 122|0x0000000087a00000, 0x0000000087a00000, 0x0000000087b00000|  0%| F|  |TAMS 0x0000000087a00000, 0x0000000087a00000| Untracked 
| 123|0x0000000087b00000, 0x0000000087b00000, 0x0000000087c00000|  0%| F|  |TAMS 0x0000000087b00000, 0x0000000087b00000| Untracked 
| 124|0x0000000087c00000, 0x0000000087c00000, 0x0000000087d00000|  0%| F|  |TAMS 0x0000000087c00000, 0x0000000087c00000| Untracked 
| 125|0x0000000087d00000, 0x0000000087d00000, 0x0000000087e00000|  0%| F|  |TAMS 0x0000000087d00000, 0x0000000087d00000| Untracked 

Card table byte_map: [0x00000223facf0000,0x00000223fb0f0000] _byte_map_base: 0x00000223fa8f0000

Marking Bits (Prev, Next): (CMBitMap*) 0x00000223f7158dd0, (CMBitMap*) 0x00000223f7158e10
 Prev Bits: [0x00000223fb4f0000, 0x00000223fd4f0000)
 Next Bits: [0x00000223fd4f0000, 0x00000223ff4f0000)

Polling page: 0x00000223f5060000

Metaspace:

Usage:
  Non-class:     63.09 MB used.
      Class:      9.62 MB used.
       Both:     72.71 MB used.

Virtual space:
  Non-class space:       72.00 MB reserved,      63.38 MB ( 88%) committed,  9 nodes.
      Class space:        1.00 GB reserved,       9.94 MB ( <1%) committed,  1 nodes.
             Both:        1.07 GB reserved,      73.31 MB (  7%) committed. 

Chunk freelists:
   Non-Class:  3.80 MB
       Class:  1.92 MB
        Both:  5.72 MB

MaxMetaspaceSize: unlimited
CompressedClassSpaceSize: 1.00 GB
Initial GC threshold: 21.00 MB
Current GC threshold: 115.88 MB
CDS: off
MetaspaceReclaimPolicy: balanced
 - commit_granule_bytes: 65536.
 - commit_granule_words: 8192.
 - virtual_space_node_default_size: 1048576.
 - enlarge_chunks_in_place: 1.
 - new_chunks_are_fully_committed: 0.
 - uncommit_free_chunks: 1.
 - use_allocation_guard: 0.
 - handle_deallocations: 1.


Internal statistics:

num_allocs_failed_limit: 6.
num_arena_births: 744.
num_arena_deaths: 0.
num_vsnodes_births: 10.
num_vsnodes_deaths: 0.
num_space_committed: 1173.
num_space_uncommitted: 0.
num_chunks_returned_to_freelist: 6.
num_chunks_taken_from_freelist: 3242.
num_chunk_merges: 6.
num_chunk_splits: 2204.
num_chunks_enlarged: 1546.
num_purges: 0.
num_inconsistent_stats: 0.

CodeHeap 'non-profiled nmethods': size=120000Kb used=3888Kb max_used=3888Kb free=116112Kb
 bounds [0x0000022387ad0000, 0x0000022387ea0000, 0x000002238f000000]
CodeHeap 'profiled nmethods': size=120000Kb used=12032Kb max_used=12032Kb free=107967Kb
 bounds [0x0000022380000000, 0x0000022380bd0000, 0x0000022387530000]
CodeHeap 'non-nmethods': size=5760Kb used=2377Kb max_used=2417Kb free=3382Kb
 bounds [0x0000022387530000, 0x00000223877a0000, 0x0000022387ad0000]
 total_blobs=7356 nmethods=6464 adapters=803
 compilation: enabled
              stopped_count=0, restarted_count=0
 full_count=0

Compilation events (20 events):
Event: 5.837 Thread 0x00000223918474d0 7315       3       kotlin.reflect.jvm.internal.impl.renderer.DescriptorRendererOptionsImpl$property$$inlined$vetoable$1::<init> (11 bytes)
Event: 5.837 Thread 0x00000223918474d0 nmethod 7315 0x0000022380bbbb10 code [0x0000022380bbbcc0, 0x0000022380bbbf38]
Event: 5.837 Thread 0x00000223918474d0 7316       3       kotlin.properties.ObservableProperty::<init> (10 bytes)
Event: 5.838 Thread 0x00000223918474d0 nmethod 7316 0x0000022380bbc010 code [0x0000022380bbc1a0, 0x0000022380bbc358]
Event: 5.859 Thread 0x00000223918474d0 7317       3       java.lang.String::decodeASCII (64 bytes)
Event: 5.860 Thread 0x00000223918474d0 nmethod 7317 0x0000022380bbc410 code [0x0000022380bbc5e0, 0x0000022380bbc938]
Event: 5.869 Thread 0x00000223919ef5b0 7318       4       java.lang.String::indexOf (18 bytes)
Event: 5.873 Thread 0x00000223919ef5b0 nmethod 7318 0x0000022387e9b590 code [0x0000022387e9b720, 0x0000022387e9bad8]
Event: 5.889 Thread 0x0000022391846a30 7319       4       java.util.zip.InflaterInputStream::ensureOpen (18 bytes)
Event: 5.889 Thread 0x00000223918474d0 7320   !   3       java.util.concurrent.ConcurrentHashMap::putVal (432 bytes)
Event: 5.890 Thread 0x0000022391846a30 nmethod 7319 0x0000022387e9bd10 code [0x0000022387e9be80, 0x0000022387e9bf18]
Event: 5.895 Thread 0x00000223918474d0 nmethod 7320 0x0000022380bbcb10 code [0x0000022380bbce80, 0x0000022380bbe9c8]
Event: 5.903 Thread 0x00000223918474d0 7321       3       kotlin.reflect.jvm.internal.impl.protobuf.CodedInputStream::readRawVarint32 (233 bytes)
Event: 5.903 Thread 0x00000223918474d0 nmethod 7321 0x0000022380bbf390 code [0x0000022380bbf580, 0x0000022380bbfc68]
Event: 5.905 Thread 0x00000223918474d0 7322       3       kotlin.reflect.jvm.internal.impl.protobuf.CodedInputStream::readTag (41 bytes)
Event: 5.905 Thread 0x00000223918474d0 nmethod 7322 0x0000022380bbfe10 code [0x0000022380bbffe0, 0x0000022380bc03a8]
Event: 5.905 Thread 0x00000223918474d0 7323       3       kotlin.reflect.jvm.internal.impl.protobuf.CodedInputStream::isAtEnd (25 bytes)
Event: 5.905 Thread 0x00000223918474d0 nmethod 7323 0x0000022380bc0510 code [0x0000022380bc06c0, 0x0000022380bc08a8]
Event: 5.905 Thread 0x00000223918474d0 7324       3       kotlin.reflect.jvm.internal.impl.protobuf.WireFormat::getTagFieldNumber (4 bytes)
Event: 5.905 Thread 0x00000223918474d0 nmethod 7324 0x0000022380603490 code [0x0000022380603620, 0x0000022380603718]

GC Heap History (20 events):
Event: 4.221 GC heap after
{Heap after GC invocations=14 (full 0):
 garbage-first heap   total 86016K, used 46834K [0x0000000080000000, 0x0000000100000000)
  region size 1024K, 5 young (5120K), 5 survivors (5120K)
 Metaspace       used 53484K, committed 53952K, reserved 1097728K
  class space    used 7143K, committed 7360K, reserved 1048576K
}
Event: 4.380 GC heap before
{Heap before GC invocations=15 (full 0):
 garbage-first heap   total 94208K, used 70386K [0x0000000080000000, 0x0000000100000000)
  region size 1024K, 24 young (24576K), 5 survivors (5120K)
 Metaspace       used 55526K, committed 55936K, reserved 1097728K
  class space    used 7423K, committed 7616K, reserved 1048576K
}
Event: 4.384 GC heap after
{Heap after GC invocations=16 (full 0):
 garbage-first heap   total 94208K, used 54326K [0x0000000080000000, 0x0000000100000000)
  region size 1024K, 3 young (3072K), 3 survivors (3072K)
 Metaspace       used 55526K, committed 55936K, reserved 1097728K
  class space    used 7423K, committed 7616K, reserved 1048576K
}
Event: 4.564 GC heap before
{Heap before GC invocations=16 (full 0):
 garbage-first heap   total 94208K, used 72758K [0x0000000080000000, 0x0000000100000000)
  region size 1024K, 21 young (21504K), 3 survivors (3072K)
 Metaspace       used 58790K, committed 59328K, reserved 1105920K
  class space    used 7812K, committed 8064K, reserved 1048576K
}
Event: 4.567 GC heap after
{Heap after GC invocations=17 (full 0):
 garbage-first heap   total 113664K, used 55623K [0x0000000080000000, 0x0000000100000000)
  region size 1024K, 1 young (1024K), 1 survivors (1024K)
 Metaspace       used 58790K, committed 59328K, reserved 1105920K
  class space    used 7812K, committed 8064K, reserved 1048576K
}
Event: 4.898 GC heap before
{Heap before GC invocations=18 (full 0):
 garbage-first heap   total 113664K, used 82247K [0x0000000080000000, 0x0000000100000000)
  region size 1024K, 28 young (28672K), 1 survivors (1024K)
 Metaspace       used 63361K, committed 63872K, reserved 1105920K
  class space    used 8410K, committed 8640K, reserved 1048576K
}
Event: 4.900 GC heap after
{Heap after GC invocations=19 (full 0):
 garbage-first heap   total 113664K, used 57113K [0x0000000080000000, 0x0000000100000000)
  region size 1024K, 3 young (3072K), 3 survivors (3072K)
 Metaspace       used 63361K, committed 63872K, reserved 1105920K
  class space    used 8410K, committed 8640K, reserved 1048576K
}
Event: 4.918 GC heap before
{Heap before GC invocations=19 (full 0):
 garbage-first heap   total 113664K, used 59161K [0x0000000080000000, 0x0000000100000000)
  region size 1024K, 5 young (5120K), 3 survivors (3072K)
 Metaspace       used 63620K, committed 64192K, reserved 1105920K
  class space    used 8450K, committed 8704K, reserved 1048576K
}
Event: 4.921 GC heap after
{Heap after GC invocations=20 (full 0):
 garbage-first heap   total 113664K, used 57371K [0x0000000080000000, 0x0000000100000000)
  region size 1024K, 1 young (1024K), 1 survivors (1024K)
 Metaspace       used 63620K, committed 64192K, reserved 1105920K
  class space    used 8450K, committed 8704K, reserved 1048576K
}
Event: 4.991 GC heap before
{Heap before GC invocations=20 (full 0):
 garbage-first heap   total 113664K, used 62491K [0x0000000080000000, 0x0000000100000000)
  region size 1024K, 7 young (7168K), 1 survivors (1024K)
 Metaspace       used 65179K, committed 65792K, reserved 1105920K
  class space    used 8627K, committed 8896K, reserved 1048576K
}
Event: 4.993 GC heap after
{Heap after GC invocations=21 (full 0):
 garbage-first heap   total 113664K, used 58425K [0x0000000080000000, 0x0000000100000000)
  region size 1024K, 2 young (2048K), 2 survivors (2048K)
 Metaspace       used 65179K, committed 65792K, reserved 1105920K
  class space    used 8627K, committed 8896K, reserved 1048576K
}
Event: 5.211 GC heap before
{Heap before GC invocations=22 (full 0):
 garbage-first heap   total 121856K, used 94265K [0x0000000080000000, 0x0000000100000000)
  region size 1024K, 31 young (31744K), 2 survivors (2048K)
 Metaspace       used 67021K, committed 67520K, reserved 1114112K
  class space    used 8871K, committed 9088K, reserved 1048576K
}
Event: 5.213 GC heap after
{Heap after GC invocations=23 (full 0):
 garbage-first heap   total 121856K, used 61228K [0x0000000080000000, 0x0000000100000000)
  region size 1024K, 4 young (4096K), 4 survivors (4096K)
 Metaspace       used 67021K, committed 67520K, reserved 1114112K
  class space    used 8871K, committed 9088K, reserved 1048576K
}
Event: 5.221 GC heap before
{Heap before GC invocations=23 (full 0):
 garbage-first heap   total 121856K, used 62252K [0x0000000080000000, 0x0000000100000000)
  region size 1024K, 5 young (5120K), 4 survivors (4096K)
 Metaspace       used 67112K, committed 67584K, reserved 1114112K
  class space    used 8882K, committed 9088K, reserved 1048576K
}
Event: 5.241 GC heap after
{Heap after GC invocations=24 (full 0):
 garbage-first heap   total 121856K, used 60891K [0x0000000080000000, 0x0000000100000000)
  region size 1024K, 1 young (1024K), 1 survivors (1024K)
 Metaspace       used 67112K, committed 67584K, reserved 1114112K
  class space    used 8882K, committed 9088K, reserved 1048576K
}
Event: 5.567 GC heap before
{Heap before GC invocations=24 (full 0):
 garbage-first heap   total 121856K, used 93659K [0x0000000080000000, 0x0000000100000000)
  region size 1024K, 33 young (33792K), 1 survivors (1024K)
 Metaspace       used 70369K, committed 70976K, reserved 1114112K
  class space    used 9308K, committed 9600K, reserved 1048576K
}
Event: 5.569 GC heap after
{Heap after GC invocations=25 (full 0):
 garbage-first heap   total 121856K, used 62748K [0x0000000080000000, 0x0000000100000000)
  region size 1024K, 3 young (3072K), 3 survivors (3072K)
 Metaspace       used 70369K, committed 70976K, reserved 1114112K
  class space    used 9308K, committed 9600K, reserved 1048576K
}
Event: 5.890 GC heap before
{Heap before GC invocations=26 (full 0):
 garbage-first heap   total 121856K, used 95516K [0x0000000080000000, 0x0000000100000000)
  region size 1024K, 35 young (35840K), 3 survivors (3072K)
 Metaspace       used 74264K, committed 74816K, reserved 1122304K
  class space    used 9832K, committed 10112K, reserved 1048576K
}
Event: 5.894 GC heap after
{Heap after GC invocations=27 (full 0):
 garbage-first heap   total 121856K, used 64618K [0x0000000080000000, 0x0000000100000000)
  region size 1024K, 5 young (5120K), 5 survivors (5120K)
 Metaspace       used 74264K, committed 74816K, reserved 1122304K
  class space    used 9832K, committed 10112K, reserved 1048576K
}
Event: 5.907 GC heap before
{Heap before GC invocations=27 (full 0):
 garbage-first heap   total 121856K, used 65642K [0x0000000080000000, 0x0000000100000000)
  region size 1024K, 6 young (6144K), 5 survivors (5120K)
 Metaspace       used 74454K, committed 75072K, reserved 1122304K
  class space    used 9853K, committed 10176K, reserved 1048576K
}

Dll operation events (2 events):
Event: 0.006 Loaded shared library C:\Program Files\Android\Android Studio\jbr\bin\java.dll
Event: 0.261 Loaded shared library C:\Program Files\Android\Android Studio\jbr\bin\verify.dll

Deoptimization events (20 events):
Event: 5.476 Thread 0x0000022392f278f0 DEOPT PACKING pc=0x000002238060bcce sp=0x00000035ebff6fc0
Event: 5.476 Thread 0x0000022392f278f0 DEOPT UNPACKING pc=0x000002238758ace3 sp=0x00000035ebff6488 mode 0
Event: 5.476 Thread 0x0000022392f278f0 DEOPT PACKING pc=0x000002238060bcce sp=0x00000035ebff6fc0
Event: 5.476 Thread 0x0000022392f278f0 DEOPT UNPACKING pc=0x000002238758ace3 sp=0x00000035ebff6488 mode 0
Event: 5.478 Thread 0x0000022392f278f0 Uncommon trap: trap_request=0xffffff45 fr.pc=0x0000022387b8699c relative=0x00000000000005fc
Event: 5.478 Thread 0x0000022392f278f0 Uncommon trap: reason=unstable_if action=reinterpret pc=0x0000022387b8699c method=java.lang.String.replace(CC)Ljava/lang/String; @ 2 c2
Event: 5.478 Thread 0x0000022392f278f0 DEOPT PACKING pc=0x0000022387b8699c sp=0x00000035ebff70a0
Event: 5.478 Thread 0x0000022392f278f0 DEOPT UNPACKING pc=0x000002238758a1a3 sp=0x00000035ebff7050 mode 2
Event: 5.612 Thread 0x0000022392f278f0 Uncommon trap: trap_request=0xffffff45 fr.pc=0x0000022387c48098 relative=0x0000000000004078
Event: 5.612 Thread 0x0000022392f278f0 Uncommon trap: reason=unstable_if action=reinterpret pc=0x0000022387c48098 method=sun.net.www.protocol.jar.Handler.parseURL(Ljava/net/URL;Ljava/lang/String;II)V @ 116 c2
Event: 5.612 Thread 0x0000022392f278f0 DEOPT PACKING pc=0x0000022387c48098 sp=0x00000035ebff7400
Event: 5.612 Thread 0x0000022392f278f0 DEOPT UNPACKING pc=0x000002238758a1a3 sp=0x00000035ebff7308 mode 2
Event: 5.887 Thread 0x0000022392f278f0 Uncommon trap: trap_request=0xffffff45 fr.pc=0x0000022387d2652c relative=0x0000000000000bcc
Event: 5.887 Thread 0x0000022392f278f0 Uncommon trap: reason=unstable_if action=reinterpret pc=0x0000022387d2652c method=java.util.jar.JarFile.getVersionedEntry(Ljava/lang/String;Ljava/util/jar/JarEntry;)Ljava/util/jar/JarEntry; @ 26 c2
Event: 5.887 Thread 0x0000022392f278f0 DEOPT PACKING pc=0x0000022387d2652c sp=0x00000035ebff4e70
Event: 5.887 Thread 0x0000022392f278f0 DEOPT UNPACKING pc=0x000002238758a1a3 sp=0x00000035ebff4e30 mode 2
Event: 5.889 Thread 0x0000022392f278f0 Uncommon trap: trap_request=0xffffff45 fr.pc=0x0000022387b1b40c relative=0x000000000000154c
Event: 5.889 Thread 0x0000022392f278f0 Uncommon trap: reason=unstable_if action=reinterpret pc=0x0000022387b1b40c method=java.util.concurrent.ConcurrentHashMap.putVal(Ljava/lang/Object;Ljava/lang/Object;Z)Ljava/lang/Object; @ 245 c2
Event: 5.889 Thread 0x0000022392f278f0 DEOPT PACKING pc=0x0000022387b1b40c sp=0x00000035ebff45b0
Event: 5.889 Thread 0x0000022392f278f0 DEOPT UNPACKING pc=0x000002238758a1a3 sp=0x00000035ebff4538 mode 2

Classes unloaded (0 events):
No events

Classes redefined (0 events):
No events

Internal exceptions (20 events):
Event: 5.566 Thread 0x0000022392f278f0 Exception <a 'java/lang/ClassNotFoundException'{0x00000000856cf8b8}: org/gradle/api/plugins/internal/DefaultBasePluginConventionCustomizer> (0x00000000856cf8b8) 
thrown [s\src\hotspot\share\classfile\systemDictionary.cpp, line 256]
Event: 5.567 Thread 0x0000022392f278f0 Exception <a 'java/lang/ClassNotFoundException'{0x00000000856f84e8}: org/gradle/api/plugins/internal/DefaultBasePluginConvention_DecoratedCustomizer> (0x00000000856f84e8) 
thrown [s\src\hotspot\share\classfile\systemDictionary.cpp, line 256]
Event: 5.573 Thread 0x0000022392f278f0 Exception <a 'java/lang/ClassNotFoundException'{0x0000000087d70b08}: org/gradle/api/plugins/internal/DefaultJavaPluginConvention_DecoratedBeanInfo> (0x0000000087d70b08) 
thrown [s\src\hotspot\share\classfile\systemDictionary.cpp, line 256]
Event: 5.574 Thread 0x0000022392f278f0 Exception <a 'java/lang/ClassNotFoundException'{0x0000000087d87490}: org/gradle/api/plugins/internal/DefaultJavaPluginConventionBeanInfo> (0x0000000087d87490) 
thrown [s\src\hotspot\share\classfile\systemDictionary.cpp, line 256]
Event: 5.574 Thread 0x0000022392f278f0 Exception <a 'java/lang/ClassNotFoundException'{0x0000000087d9d4c0}: org/gradle/api/plugins/JavaPluginConventionBeanInfo> (0x0000000087d9d4c0) 
thrown [s\src\hotspot\share\classfile\systemDictionary.cpp, line 256]
Event: 5.575 Thread 0x0000022392f278f0 Exception <a 'java/lang/ClassNotFoundException'{0x0000000087db34b8}: org/gradle/api/plugins/JavaPluginConventionCustomizer> (0x0000000087db34b8) 
thrown [s\src\hotspot\share\classfile\systemDictionary.cpp, line 256]
Event: 5.577 Thread 0x0000022392f278f0 Exception <a 'java/lang/ClassNotFoundException'{0x0000000087ddd940}: org/gradle/api/plugins/internal/DefaultJavaPluginConventionCustomizer> (0x0000000087ddd940) 
thrown [s\src\hotspot\share\classfile\systemDictionary.cpp, line 256]
Event: 5.578 Thread 0x0000022392f278f0 Exception <a 'java/lang/ClassNotFoundException'{0x000000008751b200}: org/gradle/api/plugins/internal/DefaultJavaPluginConvention_DecoratedCustomizer> (0x000000008751b200) 
thrown [s\src\hotspot\share\classfile\systemDictionary.cpp, line 256]
Event: 5.722 Thread 0x0000022392f278f0 Exception <a 'java/lang/ClassNotFoundException'{0x00000000868822f8}: org/jetbrains/kotlin/gradle/targets/js/npm/DefaultNpmDependencyExtensionBeanInfo> (0x00000000868822f8) 
thrown [s\src\hotspot\share\classfile\systemDictionary.cpp, line 256]
Event: 5.722 Thread 0x0000022392f278f0 Exception <a 'java/lang/ClassNotFoundException'{0x000000008688d968}: org/jetbrains/kotlin/gradle/targets/js/npm/DefaultNpmDependencyExtensionCustomizer> (0x000000008688d968) 
thrown [s\src\hotspot\share\classfile\systemDictionary.cpp, line 256]
Event: 5.725 Thread 0x0000022392f278f0 Exception <a 'java/lang/ClassNotFoundException'{0x0000000086703508}: org/jetbrains/kotlin/gradle/targets/js/npm/NpmDependencyExtensionKt$defaultNpmDependencyDelegate$1BeanInfo> (0x0000000086703508) 
thrown [s\src\hotspot\share\classfile\systemDictionary.cpp, line 256]
Event: 5.726 Thread 0x0000022392f278f0 Exception <a 'java/lang/ClassNotFoundException'{0x000000008670ebc0}: org/jetbrains/kotlin/gradle/targets/js/npm/NpmDependencyExtensionDelegateBeanInfo> (0x000000008670ebc0) 
thrown [s\src\hotspot\share\classfile\systemDictionary.cpp, line 256]
Event: 5.726 Thread 0x0000022392f278f0 Exception <a 'java/lang/ClassNotFoundException'{0x000000008671a240}: org/jetbrains/kotlin/gradle/targets/js/npm/NpmDependencyExtensionDelegateCustomizer> (0x000000008671a240) 
thrown [s\src\hotspot\share\classfile\systemDictionary.cpp, line 256]
Event: 5.727 Thread 0x0000022392f278f0 Exception <a 'java/lang/ClassNotFoundException'{0x000000008673d5c8}: org/jetbrains/kotlin/gradle/targets/js/npm/NpmDependencyExtensionKt$defaultNpmDependencyDelegate$1Customizer> (0x000000008673d5c8) 
thrown [s\src\hotspot\share\classfile\systemDictionary.cpp, line 256]
Event: 5.728 Thread 0x0000022392f278f0 Exception <a 'java/lang/ClassNotFoundException'{0x0000000086777d48}: org/jetbrains/kotlin/gradle/targets/js/npm/DefaultDevNpmDependencyExtensionBeanInfo> (0x0000000086777d48) 
thrown [s\src\hotspot\share\classfile\systemDictionary.cpp, line 256]
Event: 5.729 Thread 0x0000022392f278f0 Exception <a 'java/lang/ClassNotFoundException'{0x0000000086783698}: org/jetbrains/kotlin/gradle/targets/js/npm/DefaultDevNpmDependencyExtensionCustomizer> (0x0000000086783698) 
thrown [s\src\hotspot\share\classfile\systemDictionary.cpp, line 256]
Event: 5.730 Thread 0x0000022392f278f0 Exception <a 'java/lang/ClassNotFoundException'{0x00000000867c22e0}: org/jetbrains/kotlin/gradle/targets/js/npm/DefaultPeerNpmDependencyExtensionBeanInfo> (0x00000000867c22e0) 
thrown [s\src\hotspot\share\classfile\systemDictionary.cpp, line 256]
Event: 5.730 Thread 0x0000022392f278f0 Exception <a 'java/lang/ClassNotFoundException'{0x00000000867cd998}: org/jetbrains/kotlin/gradle/targets/js/npm/DefaultPeerNpmDependencyExtensionCustomizer> (0x00000000867cd998) 
thrown [s\src\hotspot\share\classfile\systemDictionary.cpp, line 256]
Event: 5.733 Thread 0x0000022392f278f0 Exception <a 'java/lang/ClassNotFoundException'{0x0000000086618880}: org/jetbrains/kotlin/gradle/targets/js/npm/DefaultPeerNpmDependencyExtension$delegate$1BeanInfo> (0x0000000086618880) 
thrown [s\src\hotspot\share\classfile\systemDictionary.cpp, line 256]
Event: 5.733 Thread 0x0000022392f278f0 Exception <a 'java/lang/ClassNotFoundException'{0x0000000086624100}: org/jetbrains/kotlin/gradle/targets/js/npm/DefaultPeerNpmDependencyExtension$delegate$1Customizer> (0x0000000086624100) 
thrown [s\src\hotspot\share\classfile\systemDictionary.cpp, line 256]

VM Operations (20 events):
Event: 5.036 Executing VM operation: G1Concurrent done
Event: 5.210 Executing VM operation: G1CollectForAllocation
Event: 5.213 Executing VM operation: G1CollectForAllocation done
Event: 5.221 Executing VM operation: G1CollectForAllocation
Event: 5.242 Executing VM operation: G1CollectForAllocation done
Event: 5.418 Executing VM operation: HandshakeAllThreads
Event: 5.418 Executing VM operation: HandshakeAllThreads done
Event: 5.479 Executing VM operation: ICBufferFull
Event: 5.479 Executing VM operation: ICBufferFull done
Event: 5.560 Executing VM operation: HandshakeAllThreads
Event: 5.560 Executing VM operation: HandshakeAllThreads done
Event: 5.567 Executing VM operation: G1CollectForAllocation
Event: 5.569 Executing VM operation: G1CollectForAllocation done
Event: 5.601 Executing VM operation: G1Concurrent
Event: 5.603 Executing VM operation: G1Concurrent done
Event: 5.615 Executing VM operation: G1Concurrent
Event: 5.615 Executing VM operation: G1Concurrent done
Event: 5.890 Executing VM operation: G1CollectForAllocation
Event: 5.894 Executing VM operation: G1CollectForAllocation done
Event: 5.907 Executing VM operation: G1CollectForAllocation

Events (20 events):
Event: 5.449 loading class java/util/Stack done
Event: 5.455 loading class org/xml/sax/ContentHandler
Event: 5.455 loading class org/xml/sax/ContentHandler done
Event: 5.455 loading class org/xml/sax/EntityResolver
Event: 5.455 loading class org/xml/sax/EntityResolver done
Event: 5.455 loading class org/xml/sax/DTDHandler
Event: 5.456 loading class org/xml/sax/DTDHandler done
Event: 5.464 loading class java/util/Spliterators$IntArraySpliterator
Event: 5.464 loading class java/util/Spliterators$IntArraySpliterator done
Event: 5.467 loading class java/text/ParsePosition
Event: 5.467 loading class java/text/ParsePosition done
Event: 5.472 loading class java/text/CharacterIterator
Event: 5.472 loading class java/text/CharacterIterator done
Event: 5.502 loading class java/time/format/DateTimeFormatterBuilder$WeekBasedFieldPrinterParser
Event: 5.502 loading class java/time/format/DateTimeFormatterBuilder$WeekBasedFieldPrinterParser done
Event: 5.510 loading class com/sun/jmx/mbeanserver/StandardMBeanSupport
Event: 5.510 loading class com/sun/jmx/mbeanserver/StandardMBeanSupport done
Event: 5.510 loading class com/sun/jmx/mbeanserver/StandardMBeanIntrospector
Event: 5.510 loading class com/sun/jmx/mbeanserver/StandardMBeanIntrospector done
Event: 5.860 Thread 0x0000022392318940 Thread exited: 0x0000022392318940


Dynamic libraries:
0x00007ff627000000 - 0x00007ff62700a000 	C:\Program Files\Android\Android Studio\jbr\bin\java.exe
0x00007ff910db0000 - 0x00007ff910fc7000 	C:\WINDOWS\SYSTEM32\ntdll.dll
0x00007ff910000000 - 0x00007ff9100c4000 	C:\WINDOWS\System32\KERNEL32.DLL
0x00007ff90e450000 - 0x00007ff90e7f5000 	C:\WINDOWS\System32\KERNELBASE.dll
0x00007ff90e9e0000 - 0x00007ff90eaf1000 	C:\WINDOWS\System32\ucrtbase.dll
0x00007ff8e2630000 - 0x00007ff8e2647000 	C:\Program Files\Android\Android Studio\jbr\bin\jli.dll
0x00007ff9049d0000 - 0x00007ff9049eb000 	C:\Program Files\Android\Android Studio\jbr\bin\VCRUNTIME140.dll
0x00007ff9100d0000 - 0x00007ff91027e000 	C:\WINDOWS\System32\USER32.dll
0x00007ff90e120000 - 0x00007ff90e146000 	C:\WINDOWS\System32\win32u.dll
0x00007ff90d1a0000 - 0x00007ff90d433000 	C:\WINDOWS\WinSxS\amd64_microsoft.windows.common-controls_6595b64144ccf1df_6.0.22621.2506_none_270c5ae97388e100\COMCTL32.dll
0x00007ff9102e0000 - 0x00007ff910309000 	C:\WINDOWS\System32\GDI32.dll
0x00007ff90e800000 - 0x00007ff90e919000 	C:\WINDOWS\System32\gdi32full.dll
0x00007ff910c10000 - 0x00007ff910cb7000 	C:\WINDOWS\System32\msvcrt.dll
0x00007ff90e150000 - 0x00007ff90e1ea000 	C:\WINDOWS\System32\msvcp_win.dll
0x00007ff90ffb0000 - 0x00007ff90ffe1000 	C:\WINDOWS\System32\IMM32.DLL
0x00007ff90ac80000 - 0x00007ff90ac8c000 	C:\Program Files\Android\Android Studio\jbr\bin\vcruntime140_1.dll
0x00007ff8f7210000 - 0x00007ff8f729d000 	C:\Program Files\Android\Android Studio\jbr\bin\msvcp140.dll
0x00007ff8842c0000 - 0x00007ff884f2e000 	C:\Program Files\Android\Android Studio\jbr\bin\server\jvm.dll
0x00007ff90f600000 - 0x00007ff90f6b1000 	C:\WINDOWS\System32\ADVAPI32.dll
0x00007ff90ef80000 - 0x00007ff90f026000 	C:\WINDOWS\System32\sechost.dll
0x00007ff90ee60000 - 0x00007ff90ef77000 	C:\WINDOWS\System32\RPCRT4.dll
0x00007ff8f6ec0000 - 0x00007ff8f6ec9000 	C:\WINDOWS\SYSTEM32\WSOCK32.dll
0x00007ff90ede0000 - 0x00007ff90ee51000 	C:\WINDOWS\System32\WS2_32.dll
0x00007ff906890000 - 0x00007ff9068c4000 	C:\WINDOWS\SYSTEM32\WINMM.dll
0x00007ff9046e0000 - 0x00007ff9046ea000 	C:\WINDOWS\SYSTEM32\VERSION.dll
0x00007ff90c9e0000 - 0x00007ff90c9f8000 	C:\WINDOWS\SYSTEM32\kernel.appcore.dll
0x00007ff8f5c60000 - 0x00007ff8f5c6a000 	C:\Program Files\Android\Android Studio\jbr\bin\jimage.dll
0x00007ff90d910000 - 0x00007ff90db43000 	C:\WINDOWS\SYSTEM32\DBGHELP.DLL
0x00007ff90f030000 - 0x00007ff90f3b9000 	C:\WINDOWS\System32\combase.dll
0x00007ff910380000 - 0x00007ff910457000 	C:\WINDOWS\System32\OLEAUT32.dll
0x00007ff90d490000 - 0x00007ff90d4c2000 	C:\WINDOWS\SYSTEM32\dbgcore.DLL
0x00007ff90e3d0000 - 0x00007ff90e44a000 	C:\WINDOWS\System32\bcryptPrimitives.dll
0x00007ff8e1670000 - 0x00007ff8e1695000 	C:\Program Files\Android\Android Studio\jbr\bin\java.dll
0x00007ff8f26b0000 - 0x00007ff8f26c8000 	C:\Program Files\Android\Android Studio\jbr\bin\zip.dll
0x00007ff90f6c0000 - 0x00007ff90ff19000 	C:\WINDOWS\System32\SHELL32.dll
0x00007ff90b960000 - 0x00007ff90c254000 	C:\WINDOWS\SYSTEM32\windows.storage.dll
0x00007ff90b820000 - 0x00007ff90b95e000 	C:\WINDOWS\SYSTEM32\wintypes.dll
0x00007ff910af0000 - 0x00007ff910be3000 	C:\WINDOWS\System32\SHCORE.dll
0x00007ff910280000 - 0x00007ff9102de000 	C:\WINDOWS\System32\shlwapi.dll
0x00007ff90e050000 - 0x00007ff90e076000 	C:\WINDOWS\SYSTEM32\profapi.dll
0x00007ff8e1ff0000 - 0x00007ff8e2009000 	C:\Program Files\Android\Android Studio\jbr\bin\net.dll
0x00007ff907bd0000 - 0x00007ff907d07000 	C:\WINDOWS\SYSTEM32\WINHTTP.dll
0x00007ff90ce80000 - 0x00007ff90cee9000 	C:\WINDOWS\system32\mswsock.dll
0x00007ff8e0480000 - 0x00007ff8e0496000 	C:\Program Files\Android\Android Studio\jbr\bin\nio.dll
0x00007ff904860000 - 0x00007ff904870000 	C:\Program Files\Android\Android Studio\jbr\bin\verify.dll
0x00007ff9049f0000 - 0x00007ff904a17000 	C:\Users\User\.gradle\native\68d5fa5c4cc2d200863cafc0d521ce42e7d3e7ee720ec0a83991735586a16f82\windows-amd64\native-platform.dll
0x00007ff8f4ec0000 - 0x00007ff8f5004000 	C:\Users\User\.gradle\native\e376f236ea51e6404a007f0833ffe2c6e607c4080706a723a18a27aeea778392\windows-amd64\native-platform-file-events.dll
0x00007ff8f9190000 - 0x00007ff8f9199000 	C:\Program Files\Android\Android Studio\jbr\bin\management.dll
0x00007ff8f5b10000 - 0x00007ff8f5b1b000 	C:\Program Files\Android\Android Studio\jbr\bin\management_ext.dll
0x00007ff910a90000 - 0x00007ff910a98000 	C:\WINDOWS\System32\PSAPI.DLL
0x00007ff90dcd0000 - 0x00007ff90dceb000 	C:\WINDOWS\SYSTEM32\CRYPTSP.dll
0x00007ff90c9a0000 - 0x00007ff90c9d5000 	C:\WINDOWS\system32\rsaenh.dll
0x00007ff90cf70000 - 0x00007ff90cf9c000 	C:\WINDOWS\SYSTEM32\USERENV.dll
0x00007ff90db70000 - 0x00007ff90db98000 	C:\WINDOWS\SYSTEM32\bcrypt.dll
0x00007ff90d0d0000 - 0x00007ff90d0dc000 	C:\WINDOWS\SYSTEM32\CRYPTBASE.dll
0x00007ff90c4b0000 - 0x00007ff90c4dd000 	C:\WINDOWS\SYSTEM32\IPHLPAPI.DLL
0x00007ff90ed70000 - 0x00007ff90ed79000 	C:\WINDOWS\System32\NSI.dll
0x00007ff905f60000 - 0x00007ff905f79000 	C:\WINDOWS\SYSTEM32\dhcpcsvc6.DLL
0x00007ff905f40000 - 0x00007ff905f5f000 	C:\WINDOWS\SYSTEM32\dhcpcsvc.DLL
0x00007ff90c4e0000 - 0x00007ff90c5d9000 	C:\WINDOWS\SYSTEM32\DNSAPI.dll
0x00007ff8da800000 - 0x00007ff8da808000 	C:\WINDOWS\system32\wshunix.dll

dbghelp: loaded successfully - version: 4.0.5 - missing functions: none
symbol engine: initialized successfully - sym options: 0x614 - pdb path: .;C:\Program Files\Android\Android Studio\jbr\bin;C:\WINDOWS\SYSTEM32;C:\WINDOWS\WinSxS\amd64_microsoft.windows.common-controls_6595b64144ccf1df_6.0.22621.2506_none_270c5ae97388e100;C:\Program Files\Android\Android Studio\jbr\bin\server;C:\Users\User\.gradle\native\68d5fa5c4cc2d200863cafc0d521ce42e7d3e7ee720ec0a83991735586a16f82\windows-amd64;C:\Users\User\.gradle\native\e376f236ea51e6404a007f0833ffe2c6e607c4080706a723a18a27aeea778392\windows-amd64

VM Arguments:
jvm_args: --add-opens=java.base/java.util=ALL-UNNAMED --add-opens=java.base/java.lang=ALL-UNNAMED --add-opens=java.base/java.lang.invoke=ALL-UNNAMED --add-opens=java.prefs/java.util.prefs=ALL-UNNAMED --add-opens=java.base/java.nio.charset=ALL-UNNAMED --add-opens=java.base/java.net=ALL-UNNAMED --add-opens=java.base/java.util.concurrent.atomic=ALL-UNNAMED -Xmx2048m -Dfile.encoding=UTF-8 -Duser.country=US -Duser.language=en -Duser.variant 
java_command: org.gradle.launcher.daemon.bootstrap.GradleDaemon 8.0
java_class_path (initial): C:\Users\User\.gradle\wrapper\dists\gradle-8.0-bin\ca5e32bp14vu59qr306oxotwh\gradle-8.0\lib\gradle-launcher-8.0.jar
Launcher Type: SUN_STANDARD

[Global flags]
     intx CICompilerCount                          = 4                                         {product} {ergonomic}
     uint ConcGCThreads                            = 2                                         {product} {ergonomic}
     uint G1ConcRefinementThreads                  = 8                                         {product} {ergonomic}
   size_t G1HeapRegionSize                         = 1048576                                   {product} {ergonomic}
    uintx GCDrainStackTargetSize                   = 64                                        {product} {ergonomic}
   size_t InitialHeapSize                          = 132120576                                 {product} {ergonomic}
   size_t MarkStackSize                            = 4194304                                   {product} {ergonomic}
   size_t MaxHeapSize                              = 2147483648                                {product} {command line}
   size_t MaxNewSize                               = 1287651328                                {product} {ergonomic}
   size_t MinHeapDeltaBytes                        = 1048576                                   {product} {ergonomic}
   size_t MinHeapSize                              = 8388608                                   {product} {ergonomic}
    uintx NonNMethodCodeHeapSize                   = 5839372                                {pd product} {ergonomic}
    uintx NonProfiledCodeHeapSize                  = 122909434                              {pd product} {ergonomic}
    uintx ProfiledCodeHeapSize                     = 122909434                              {pd product} {ergonomic}
    uintx ReservedCodeCacheSize                    = 251658240                              {pd product} {ergonomic}
     bool SegmentedCodeCache                       = true                                      {product} {ergonomic}
   size_t SoftMaxHeapSize                          = 2147483648                             {manageable} {ergonomic}
     bool UseCompressedClassPointers               = true                           {product lp64_product} {ergonomic}
     bool UseCompressedOops                        = true                           {product lp64_product} {ergonomic}
     bool UseG1GC                                  = true                                      {product} {ergonomic}
     bool UseLargePagesIndividualAllocation        = false                                  {pd product} {ergonomic}

Logging:
Log output configuration:
 #0: stdout all=warning uptime,level,tags
 #1: stderr all=off uptime,level,tags

Environment Variables:
JAVA_HOME=C:\Program Files\Java\jdk-20.0.1
PATH=C:\Program Files (x86)\Common Files\Oracle\Java\javapath;C:\Python311\Scripts\;C:\Python311\;C:\Program Files (x86)\Falcon\MinGW\bin;C:\WINDOWS\system32;C:\WINDOWS;C:\WINDOWS\System32\Wbem;C:\WINDOWS\System32\WindowsPowerShell\v1.0\;C:\WINDOWS\System32\OpenSSH\;C:\Program Files\Microsoft SQL Server\130\Tools\Binn\;C:\sqlite3;C:\Program Files (x86)\Microsoft SQL Server\150\DTS\Binn\;C:\Program Files\Azure Data Studio\bin;C:\Program Files\Microsoft SQL Server\Client SDK\ODBC\170\Tools\Binn\;C:\Program Files (x86)\Microsoft SQL Server\150\Tools\Binn\;C:\Program Files\Microsoft SQL Server\150\Tools\Binn\;C:\Program Files\Microsoft SQL Server\150\DTS\Binn\;C:\xampp\php;C:\ProgramData\ComposerSetup\bin;C:\Program Files\dotnet\;C:\Users\User\AppData\Local\Android\Sdk\cmdline-tools\bin;C:\Program Files\Java\;C:\Program Files\Git\cmd;C:\Program Files\nodejs\;C:\ProgramData\chocolatey\bin;C:\Program Files (x86)\GTK2-Runtime\lib;C:\Program Files (x86)\Common Files\Oracle\Java\javapath;C:\Python311\Scripts\;C:\Python311\;C:\Program Files (x86)\Falcon\MinGW\bin;C:\WINDOWS\system32;C:\WINDOWS;C:\WINDOWS\System32\Wbem;C:\WINDOWS\System32\WindowsPowerShell\v1.0\;C:\WINDOWS\System32\OpenSSH\;C:\Program Files\Microsoft SQL Server\130\Tools\Binn\;C:\sqlite3;C:\Program Files (x86)\Microsoft SQL Server\150\DTS\Binn\;C:\Program Files\Azure Data Studio\bin;C:\Program Files\Microsoft SQL Server\Client SDK\ODBC\170\Tools\Binn\;C:\Program Files (x86)\Microsoft SQL Server\150\Tools\Binn\;C:\Program Files\Microsoft SQL Server\150\Tools\Binn\;C:\Program Files\Microsoft SQL Server\150\DTS\Binn\;C:\xampp\php;C:\ProgramData\ComposerSetup\bin;C:\Program Files\dotnet\;C:\Users\User\AppData\Local\Android\Sdk\cmdline-tools\bin;C:\Program Files\Java\;C:\Program Files\Git\cmd;C:\Program Files\nodejs\;C:\ProgramData\chocolatey\bin;C:\Program Files (x86)\GTK2-Runtime\lib;C:\Program Files\nodejs\node_modules\npm\bin;C:\Program Files\MySQL\MySQL Shell 8.0\bin\;C:\Users\User\AppData\Local\Microsoft\Windows
USERNAME=User
OS=Windows_NT
PROCESSOR_IDENTIFIER=Intel64 Family 6 Model 140 Stepping 1, GenuineIntel
TMP=C:\Users\User\AppData\Local\Temp
TEMP=C:\Users\User\AppData\Local\Temp


JNI global refs:
JNI global refs: 24, weak refs: 0

JNI global refs memory usage: 843, weak refs: 841


---------------  S Y S T E M  ---------------

OS:
 Windows 11 , 64 bit Build 22621 (10.0.22621.2506)
OS uptime: 0 days 17:37 hours

CPU: total 8 (initial active 8) (4 cores per cpu, 2 threads per core) family 6 model 140 stepping 1 microcode 0x78, cx8, cmov, fxsr, ht, mmx, 3dnowpref, sse, sse2, sse3, ssse3, sse4.1, sse4.2, popcnt, lzcnt, tsc, tscinvbit, avx, avx2, aes, erms, clmul, bmi1, bmi2, adx, avx512f, avx512dq, avx512cd, avx512bw, avx512vl, sha, fma, vzeroupper, avx512_vpopcntdq, avx512_vpclmulqdq, avx512_vaes, avx512_vnni, clflush, clflushopt, clwb, avx512_vbmi2, avx512_vbmi

Memory: 4k page, system-wide physical 7991M (702M free)
TotalPageFile size 10039M (AvailPageFile size 89M)
current process WorkingSet (physical memory assigned to process): 331M, peak: 344M
current process commit charge ("private bytes"): 372M, peak: 549M

vm_info: OpenJDK 64-Bit Server VM (17.0.6+0-b2043.56-10027231) for windows-amd64 JRE (17.0.6+0-b2043.56-10027231), built on Apr 28 2023 00:43:19 by "androidbuild" with MS VC++ 16.10 / 16.11 (VS2019)

END.
