#
# There is insufficient memory for the Java Runtime Environment to continue.
# Native memory allocation (malloc) failed to allocate 1029696 bytes for Chunk::new
# Possible reasons:
#   The system is out of physical RAM or swap space
#   The process is running with CompressedOops enabled, and the Java Heap may be blocking the growth of the native heap
# Possible solutions:
#   Reduce memory load on the system
#   Increase physical memory or swap space
#   Check if swap backing store is full
#   Decrease Java heap size (-Xmx/-Xms)
#   Decrease number of Java threads
#   Decrease Java thread stack sizes (-Xss)
#   Set larger code cache with -XX:ReservedCodeCacheSize=
#   JVM is running with Unscaled Compressed Oops mode in which the Java heap is
#     placed in the first 4GB address space. The Java Heap base address is the
#     maximum limit for the native heap growth. Please use -XX:HeapBaseMinAddress
#     to set the Java Heap base and to place the Java Heap above 4GB virtual address.
# This output file may be truncated or incomplete.
#
#  Out of Memory Error (arena.cpp:189), pid=7452, tid=10020
#
# JRE version: OpenJDK Runtime Environment (17.0.6) (build 17.0.6+0-b2043.56-10027231)
# Java VM: OpenJDK 64-Bit Server VM (17.0.6+0-b2043.56-10027231, mixed mode, tiered, compressed oops, compressed class ptrs, g1 gc, windows-amd64)
# No core dump will be written. Minidumps are not enabled by default on client versions of Windows
#

---------------  S U M M A R Y ------------

Command Line: --add-opens=java.base/java.util=ALL-UNNAMED --add-opens=java.base/java.lang=ALL-UNNAMED --add-opens=java.base/java.lang.invoke=ALL-UNNAMED --add-opens=java.prefs/java.util.prefs=ALL-UNNAMED --add-opens=java.base/java.nio.charset=ALL-UNNAMED --add-opens=java.base/java.net=ALL-UNNAMED --add-opens=java.base/java.util.concurrent.atomic=ALL-UNNAMED -Xmx2048m -Dfile.encoding=UTF-8 -Duser.country=US -Duser.language=en -Duser.variant org.gradle.launcher.daemon.bootstrap.GradleDaemon 8.0

Host: 11th Gen Intel(R) Core(TM) i5-1135G7 @ 2.40GHz, 8 cores, 7G,  Windows 11 , 64 bit Build 22621 (10.0.22621.2428)
Time: Sat Nov 11 16:04:53 2023 E. Africa Standard Time elapsed time: 99.670154 seconds (0d 0h 1m 39s)

---------------  T H R E A D  ---------------

Current thread (0x0000021453838b60):  JavaThread "C2 CompilerThread0" daemon [_thread_in_native, id=10020, stack(0x0000002ffcc00000,0x0000002ffcd00000)]


Current CompileTask:
C2:  99670 8836       4       groovy.lang.MetaClassImpl$1MOPIter::methodNameAction (325 bytes)

Stack: [0x0000002ffcc00000,0x0000002ffcd00000]
Native frames: (J=compiled Java code, j=interpreted, Vv=VM code, C=native code)
V  [jvm.dll+0x683c9a]
V  [jvm.dll+0x8427a4]
V  [jvm.dll+0x843f9e]
V  [jvm.dll+0x844603]
V  [jvm.dll+0x249b75]
V  [jvm.dll+0xabcac]
V  [jvm.dll+0xac27c]
V  [jvm.dll+0x2b0eef]
V  [jvm.dll+0x58a267]
V  [jvm.dll+0x2243b2]
V  [jvm.dll+0x22478f]
V  [jvm.dll+0x21e055]
V  [jvm.dll+0x21b51b]
V  [jvm.dll+0x1a4fdd]
V  [jvm.dll+0x22b098]
V  [jvm.dll+0x229159]
V  [jvm.dll+0x7f81ec]
V  [jvm.dll+0x7f274a]
V  [jvm.dll+0x682ad5]
C  [ucrtbase.dll+0x29363]
C  [KERNEL32.DLL+0x1257d]
C  [ntdll.dll+0x5aa78]


---------------  P R O C E S S  ---------------

Threads class SMR info:
_java_thread_list=0x000002145ab8dc60, length=126, elements={
0x0000021436d1dff0, 0x0000021453812250, 0x0000021453812e00, 0x0000021452d12e20,
0x0000021452d139d0, 0x0000021453835410, 0x0000021453837dd0, 0x0000021453838b60,
0x0000021453839da0, 0x000002145383a790, 0x00000214539bcf00, 0x00000214539c33f0,
0x00000214560533f0, 0x00000214551a40a0, 0x0000021453f16860, 0x000002145480c030,
0x000002145484cab0, 0x00000214565fc590, 0x000002145484a870, 0x0000021455c67210,
0x0000021455c67bb0, 0x0000021455c68550, 0x0000021455c68a20, 0x00000214548b7fa0,
0x00000214548b3770, 0x00000214548b7130, 0x00000214548b7ad0, 0x00000214548b8470,
0x00000214548b97b0, 0x00000214548b4ab0, 0x00000214548b2dd0, 0x00000214548b32a0,
0x00000214548b2430, 0x00000214548b92e0, 0x00000214548b2900, 0x00000214548b5920,
0x00000214548b4110, 0x00000214548b5df0, 0x00000214548b45e0, 0x00000214548b6790,
0x0000021456566720, 0x0000021456561080, 0x0000021456564570, 0x0000021456562d60,
0x0000021456566bf0, 0x00000214565623c0, 0x0000021456567590, 0x0000021456561550,
0x0000021456567f30, 0x0000021456563230, 0x0000021456567a60, 0x0000021456562890,
0x0000021456561a20, 0x0000021456563700, 0x0000021456560bb0, 0x00000214565658b0,
0x0000021456564a40, 0x00000214565670c0, 0x0000021456563bd0, 0x00000214565640a0,
0x00000214565653e0, 0x00000214565606e0, 0x0000021456565d80, 0x0000021457ecf340,
0x0000021457ec8490, 0x0000021457ecc7f0, 0x0000021457ece000, 0x0000021457ecb980,
0x0000021457ecccc0, 0x0000021457eca170, 0x0000021457ece9a0, 0x0000021457ecab10,
0x0000021457eca640, 0x0000021457ecc320, 0x0000021457ec97d0, 0x0000021457ec9ca0,
0x0000021457ec8960, 0x0000021457ece4d0, 0x0000021457ecafe0, 0x0000021457ecdb30,
0x0000021457ecd190, 0x0000021457ecb4b0, 0x0000021457ecbe50, 0x0000021457ecee70,
0x0000021457ec7af0, 0x0000021457ecd660, 0x0000021457ec7fc0, 0x0000021457ec8e30,
0x0000021457ec9300, 0x0000021457fb6e20, 0x0000021457fb6480, 0x0000021457fb72f0,
0x0000021457fb8fd0, 0x0000021457fb6950, 0x0000021457fb77c0, 0x0000021457fb7c90,
0x0000021457fb5fb0, 0x0000021457fb9970, 0x0000021457fb8160, 0x0000021457fb8630,
0x0000021457fb94a0, 0x0000021457fb8b00, 0x0000021453caf820, 0x0000021453cafcf0,
0x0000021453cadb40, 0x0000021453cac800, 0x0000021453cad670, 0x0000021453caccd0,
0x0000021453cb01c0, 0x0000021453cae010, 0x0000021453caee80, 0x0000021453cab990,
0x0000021453cad1a0, 0x0000021453cb0690, 0x0000021453cb0b60, 0x0000021453cb1030,
0x0000021453caf350, 0x0000021453caaff0, 0x0000021453caa180, 0x0000021453ca97e0,
0x0000021453ca9cb0, 0x0000021453caa650, 0x0000021453caab20, 0x0000021453cae4e0,
0x0000021453cab4c0, 0x00000214584fd5a0
}

Java Threads: ( => current thread )
  0x0000021436d1dff0 JavaThread "main" [_thread_blocked, id=7568, stack(0x0000002ffbf00000,0x0000002ffc000000)]
  0x0000021453812250 JavaThread "Reference Handler" daemon [_thread_blocked, id=4244, stack(0x0000002ffc600000,0x0000002ffc700000)]
  0x0000021453812e00 JavaThread "Finalizer" daemon [_thread_blocked, id=9956, stack(0x0000002ffc700000,0x0000002ffc800000)]
  0x0000021452d12e20 JavaThread "Signal Dispatcher" daemon [_thread_blocked, id=2688, stack(0x0000002ffc800000,0x0000002ffc900000)]
  0x0000021452d139d0 JavaThread "Attach Listener" daemon [_thread_blocked, id=8548, stack(0x0000002ffc900000,0x0000002ffca00000)]
  0x0000021453835410 JavaThread "Service Thread" daemon [_thread_blocked, id=12156, stack(0x0000002ffca00000,0x0000002ffcb00000)]
  0x0000021453837dd0 JavaThread "Monitor Deflation Thread" daemon [_thread_blocked, id=12876, stack(0x0000002ffcb00000,0x0000002ffcc00000)]
=>0x0000021453838b60 JavaThread "C2 CompilerThread0" daemon [_thread_in_native, id=10020, stack(0x0000002ffcc00000,0x0000002ffcd00000)]
  0x0000021453839da0 JavaThread "C1 CompilerThread0" daemon [_thread_blocked, id=8316, stack(0x0000002ffcd00000,0x0000002ffce00000)]
  0x000002145383a790 JavaThread "Sweeper thread" daemon [_thread_blocked, id=3060, stack(0x0000002ffce00000,0x0000002ffcf00000)]
  0x00000214539bcf00 JavaThread "Common-Cleaner" daemon [_thread_blocked, id=5084, stack(0x0000002ffcf00000,0x0000002ffd000000)]
  0x00000214539c33f0 JavaThread "Notification Thread" daemon [_thread_blocked, id=5740, stack(0x0000002ffd000000,0x0000002ffd100000)]
  0x00000214560533f0 JavaThread "Daemon health stats" [_thread_blocked, id=11628, stack(0x0000002ffd600000,0x0000002ffd700000)]
  0x00000214551a40a0 JavaThread "Incoming local TCP Connector on port 53524" [_thread_in_native, id=4748, stack(0x0000002ffd700000,0x0000002ffd800000)]
  0x0000021453f16860 JavaThread "Daemon periodic checks" [_thread_blocked, id=9488, stack(0x0000002ffd800000,0x0000002ffd900000)]
  0x000002145480c030 JavaThread "Daemon" [_thread_blocked, id=13160, stack(0x0000002ffd900000,0x0000002ffda00000)]
  0x000002145484cab0 JavaThread "Handler for socket connection from /127.0.0.1:53524 to /127.0.0.1:53525" [_thread_in_native, id=10212, stack(0x0000002ffda00000,0x0000002ffdb00000)]
  0x00000214565fc590 JavaThread "Cancel handler" [_thread_blocked, id=3148, stack(0x0000002ffdb00000,0x0000002ffdc00000)]
  0x000002145484a870 JavaThread "Daemon worker" [_thread_blocked, id=2712, stack(0x0000002ffdc00000,0x0000002ffdd00000)]
  0x0000021455c67210 JavaThread "Asynchronous log dispatcher for DefaultDaemonConnection: socket connection from /127.0.0.1:53524 to /127.0.0.1:53525" [_thread_blocked, id=12324, stack(0x0000002ffdd00000,0x0000002ffde00000)]
  0x0000021455c67bb0 JavaThread "Daemon client event forwarder" [_thread_blocked, id=2596, stack(0x0000002ffdf00000,0x0000002ffe000000)]
  0x0000021455c68550 JavaThread "Cache worker for journal cache (C:\Users\User\.gradle\caches\journal-1)" [_thread_blocked, id=7744, stack(0x0000002ffe400000,0x0000002ffe500000)]
  0x0000021455c68a20 JavaThread "File lock request listener" [_thread_in_native, id=12100, stack(0x0000002ffe500000,0x0000002ffe600000)]
  0x00000214548b7fa0 JavaThread "Cache worker for file hash cache (C:\Users\User\.gradle\caches\8.0\fileHashes)" [_thread_blocked, id=3168, stack(0x0000002ffe600000,0x0000002ffe700000)]
  0x00000214548b3770 JavaThread "File watcher server" daemon [_thread_in_native, id=12620, stack(0x0000002ffe700000,0x0000002ffe800000)]
  0x00000214548b7130 JavaThread "File watcher consumer" daemon [_thread_blocked, id=11636, stack(0x0000002ffe800000,0x0000002ffe900000)]
  0x00000214548b7ad0 JavaThread "Cache worker for checksums cache (C:\Users\User\AndroidStudioProjects\RepairPal\.gradle\8.0\checksums)" [_thread_blocked, id=12596, stack(0x0000002ffe900000,0x0000002ffea00000)]
  0x00000214548b8470 JavaThread "Cache worker for cache directory md-rule (C:\Users\User\.gradle\caches\8.0\md-rule)" [_thread_blocked, id=8248, stack(0x0000002ffea00000,0x0000002ffeb00000)]
  0x00000214548b97b0 JavaThread "Cache worker for file content cache (C:\Users\User\.gradle\caches\8.0\fileContent)" [_thread_blocked, id=3184, stack(0x0000002ffeb00000,0x0000002ffec00000)]
  0x00000214548b4ab0 JavaThread "Cache worker for file hash cache (C:\Users\User\AndroidStudioProjects\RepairPal\.gradle\8.0\fileHashes)" [_thread_blocked, id=12896, stack(0x0000002ffec00000,0x0000002ffed00000)]
  0x00000214548b2dd0 JavaThread "Cache worker for cache directory md-supplier (C:\Users\User\.gradle\caches\8.0\md-supplier)" [_thread_blocked, id=12604, stack(0x0000002ffed00000,0x0000002ffee00000)]
  0x00000214548b32a0 JavaThread "Cache worker for execution history cache (C:\Users\User\.gradle\caches\8.0\executionHistory)" [_thread_blocked, id=6824, stack(0x0000002ffee00000,0x0000002ffef00000)]
  0x00000214548b2430 JavaThread "jar transforms" [_thread_blocked, id=6888, stack(0x0000002ffef00000,0x0000002fff000000)]
  0x00000214548b92e0 JavaThread "jar transforms Thread 2" [_thread_blocked, id=10324, stack(0x0000002fff000000,0x0000002fff100000)]
  0x00000214548b2900 JavaThread "jar transforms Thread 3" [_thread_blocked, id=11084, stack(0x0000002fff300000,0x0000002fff400000)]
  0x00000214548b5920 JavaThread "jar transforms Thread 4" [_thread_blocked, id=5108, stack(0x0000002fff100000,0x0000002fff200000)]
  0x00000214548b4110 JavaThread "jar transforms Thread 5" [_thread_blocked, id=11512, stack(0x0000002fff200000,0x0000002fff300000)]
  0x00000214548b5df0 JavaThread "jar transforms Thread 6" [_thread_blocked, id=11168, stack(0x0000002fff400000,0x0000002fff500000)]
  0x00000214548b45e0 JavaThread "Cache worker for kotlin-dsl (C:\Users\User\.gradle\caches\8.0\kotlin-dsl)" [_thread_blocked, id=11316, stack(0x0000002fff500000,0x0000002fff600000)]
  0x00000214548b6790 JavaThread "jar transforms Thread 7" [_thread_blocked, id=1072, stack(0x0000002fff600000,0x0000002fff700000)]
  0x0000021456566720 JavaThread "jar transforms Thread 8" [_thread_blocked, id=7240, stack(0x0000002fff700000,0x0000002fff800000)]
  0x0000021456561080 JavaThread "Cache worker for dependencies-accessors (C:\Users\User\AndroidStudioProjects\RepairPal\.gradle\8.0\dependencies-accessors)" [_thread_blocked, id=6916, stack(0x0000002fff800000,0x0000002fff900000)]
  0x0000021456564570 JavaThread "Cache worker for Build Output Cleanup Cache (C:\Users\User\AndroidStudioProjects\RepairPal\.gradle\buildOutputCleanup)" [_thread_blocked, id=13100, stack(0x0000002fffb00000,0x0000002fffc00000)]
  0x0000021456562d60 JavaThread "Unconstrained build operations" [_thread_blocked, id=9992, stack(0x0000002fffc00000,0x0000002fffd00000)]
  0x0000021456566bf0 JavaThread "Unconstrained build operations Thread 2" [_thread_blocked, id=12772, stack(0x0000002fffd00000,0x0000002fffe00000)]
  0x00000214565623c0 JavaThread "Unconstrained build operations Thread 3" [_thread_blocked, id=7776, stack(0x0000002fffe00000,0x0000002ffff00000)]
  0x0000021456567590 JavaThread "Unconstrained build operations Thread 4" [_thread_blocked, id=12320, stack(0x0000002ffff00000,0x0000003000000000)]
  0x0000021456561550 JavaThread "Unconstrained build operations Thread 5" [_thread_blocked, id=924, stack(0x0000002f80000000,0x0000002f80100000)]
  0x0000021456567f30 JavaThread "Unconstrained build operations Thread 6" [_thread_blocked, id=7232, stack(0x0000002f80100000,0x0000002f80200000)]
  0x0000021456563230 JavaThread "Unconstrained build operations Thread 7" [_thread_blocked, id=12268, stack(0x0000002f80200000,0x0000002f80300000)]
  0x0000021456567a60 JavaThread "Unconstrained build operations Thread 8" [_thread_blocked, id=2140, stack(0x0000002f80300000,0x0000002f80400000)]
  0x0000021456562890 JavaThread "Unconstrained build operations Thread 9" [_thread_blocked, id=2956, stack(0x0000002f80400000,0x0000002f80500000)]
  0x0000021456561a20 JavaThread "Unconstrained build operations Thread 10" [_thread_blocked, id=4740, stack(0x0000002f80500000,0x0000002f80600000)]
  0x0000021456563700 JavaThread "Unconstrained build operations Thread 11" [_thread_blocked, id=11608, stack(0x0000002f80600000,0x0000002f80700000)]
  0x0000021456560bb0 JavaThread "Unconstrained build operations Thread 12" [_thread_blocked, id=10964, stack(0x0000002f80700000,0x0000002f80800000)]
  0x00000214565658b0 JavaThread "Unconstrained build operations Thread 13" [_thread_blocked, id=4208, stack(0x0000002f80800000,0x0000002f80900000)]
  0x0000021456564a40 JavaThread "Unconstrained build operations Thread 14" [_thread_blocked, id=5440, stack(0x0000002f80900000,0x0000002f80a00000)]
  0x00000214565670c0 JavaThread "Unconstrained build operations Thread 15" [_thread_blocked, id=8, stack(0x0000002f80a00000,0x0000002f80b00000)]
  0x0000021456563bd0 JavaThread "Unconstrained build operations Thread 16" [_thread_blocked, id=6148, stack(0x0000002f80b00000,0x0000002f80c00000)]
  0x00000214565640a0 JavaThread "Unconstrained build operations Thread 17" [_thread_blocked, id=6212, stack(0x0000002f80c00000,0x0000002f80d00000)]
  0x00000214565653e0 JavaThread "Unconstrained build operations Thread 18" [_thread_blocked, id=8304, stack(0x0000002f80d00000,0x0000002f80e00000)]
  0x00000214565606e0 JavaThread "Unconstrained build operations Thread 19" [_thread_blocked, id=11808, stack(0x0000002f80e00000,0x0000002f80f00000)]
  0x0000021456565d80 JavaThread "Unconstrained build operations Thread 20" [_thread_blocked, id=4556, stack(0x0000002f80f00000,0x0000002f81000000)]
  0x0000021457ecf340 JavaThread "Unconstrained build operations Thread 21" [_thread_blocked, id=5604, stack(0x0000002f81000000,0x0000002f81100000)]
  0x0000021457ec8490 JavaThread "Unconstrained build operations Thread 22" [_thread_blocked, id=8060, stack(0x0000002f81100000,0x0000002f81200000)]
  0x0000021457ecc7f0 JavaThread "Unconstrained build operations Thread 23" [_thread_blocked, id=11472, stack(0x0000002f81200000,0x0000002f81300000)]
  0x0000021457ece000 JavaThread "Unconstrained build operations Thread 24" [_thread_blocked, id=7312, stack(0x0000002f81300000,0x0000002f81400000)]
  0x0000021457ecb980 JavaThread "Unconstrained build operations Thread 25" [_thread_blocked, id=6832, stack(0x0000002f81400000,0x0000002f81500000)]
  0x0000021457ecccc0 JavaThread "Unconstrained build operations Thread 26" [_thread_blocked, id=11300, stack(0x0000002f81500000,0x0000002f81600000)]
  0x0000021457eca170 JavaThread "Unconstrained build operations Thread 27" [_thread_blocked, id=8824, stack(0x0000002f81600000,0x0000002f81700000)]
  0x0000021457ece9a0 JavaThread "Unconstrained build operations Thread 28" [_thread_blocked, id=2516, stack(0x0000002f81700000,0x0000002f81800000)]
  0x0000021457ecab10 JavaThread "Unconstrained build operations Thread 29" [_thread_blocked, id=8320, stack(0x0000002f81800000,0x0000002f81900000)]
  0x0000021457eca640 JavaThread "Unconstrained build operations Thread 30" [_thread_blocked, id=6348, stack(0x0000002f81900000,0x0000002f81a00000)]
  0x0000021457ecc320 JavaThread "Unconstrained build operations Thread 31" [_thread_blocked, id=9184, stack(0x0000002f81a00000,0x0000002f81b00000)]
  0x0000021457ec97d0 JavaThread "Unconstrained build operations Thread 32" [_thread_blocked, id=7264, stack(0x0000002f81b00000,0x0000002f81c00000)]
  0x0000021457ec9ca0 JavaThread "Unconstrained build operations Thread 33" [_thread_blocked, id=9252, stack(0x0000002f81c00000,0x0000002f81d00000)]
  0x0000021457ec8960 JavaThread "Unconstrained build operations Thread 34" [_thread_blocked, id=13272, stack(0x0000002f81d00000,0x0000002f81e00000)]
  0x0000021457ece4d0 JavaThread "Unconstrained build operations Thread 35" [_thread_blocked, id=8376, stack(0x0000002f81e00000,0x0000002f81f00000)]
  0x0000021457ecafe0 JavaThread "Unconstrained build operations Thread 36" [_thread_blocked, id=568, stack(0x0000002f81f00000,0x0000002f82000000)]
  0x0000021457ecdb30 JavaThread "Unconstrained build operations Thread 37" [_thread_blocked, id=6812, stack(0x0000002f82000000,0x0000002f82100000)]
  0x0000021457ecd190 JavaThread "Unconstrained build operations Thread 38" [_thread_blocked, id=2476, stack(0x0000002f82100000,0x0000002f82200000)]
  0x0000021457ecb4b0 JavaThread "Unconstrained build operations Thread 39" [_thread_blocked, id=4240, stack(0x0000002f82200000,0x0000002f82300000)]
  0x0000021457ecbe50 JavaThread "Unconstrained build operations Thread 40" [_thread_blocked, id=13264, stack(0x0000002f82300000,0x0000002f82400000)]
  0x0000021457ecee70 JavaThread "Unconstrained build operations Thread 41" [_thread_blocked, id=7696, stack(0x0000002f82400000,0x0000002f82500000)]
  0x0000021457ec7af0 JavaThread "Unconstrained build operations Thread 42" [_thread_blocked, id=6436, stack(0x0000002f82500000,0x0000002f82600000)]
  0x0000021457ecd660 JavaThread "Unconstrained build operations Thread 43" [_thread_blocked, id=12136, stack(0x0000002f82600000,0x0000002f82700000)]
  0x0000021457ec7fc0 JavaThread "Unconstrained build operations Thread 44" [_thread_blocked, id=8044, stack(0x0000002f82700000,0x0000002f82800000)]
  0x0000021457ec8e30 JavaThread "Unconstrained build operations Thread 45" [_thread_blocked, id=4684, stack(0x0000002f82800000,0x0000002f82900000)]
  0x0000021457ec9300 JavaThread "Unconstrained build operations Thread 46" [_thread_blocked, id=12648, stack(0x0000002f82900000,0x0000002f82a00000)]
  0x0000021457fb6e20 JavaThread "Unconstrained build operations Thread 47" [_thread_blocked, id=2700, stack(0x0000002f82a00000,0x0000002f82b00000)]
  0x0000021457fb6480 JavaThread "Unconstrained build operations Thread 48" [_thread_blocked, id=7380, stack(0x0000002f82b00000,0x0000002f82c00000)]
  0x0000021457fb72f0 JavaThread "Unconstrained build operations Thread 49" [_thread_blocked, id=3728, stack(0x0000002f82c00000,0x0000002f82d00000)]
  0x0000021457fb8fd0 JavaThread "Unconstrained build operations Thread 50" [_thread_blocked, id=9052, stack(0x0000002f82d00000,0x0000002f82e00000)]
  0x0000021457fb6950 JavaThread "Unconstrained build operations Thread 51" [_thread_blocked, id=13060, stack(0x0000002f82e00000,0x0000002f82f00000)]
  0x0000021457fb77c0 JavaThread "Unconstrained build operations Thread 52" [_thread_blocked, id=12824, stack(0x0000002f82f00000,0x0000002f83000000)]
  0x0000021457fb7c90 JavaThread "Unconstrained build operations Thread 53" [_thread_blocked, id=8556, stack(0x0000002f83000000,0x0000002f83100000)]
  0x0000021457fb5fb0 JavaThread "Unconstrained build operations Thread 54" [_thread_blocked, id=864, stack(0x0000002f83100000,0x0000002f83200000)]
  0x0000021457fb9970 JavaThread "Unconstrained build operations Thread 55" [_thread_blocked, id=2004, stack(0x0000002f83200000,0x0000002f83300000)]
  0x0000021457fb8160 JavaThread "Unconstrained build operations Thread 56" [_thread_blocked, id=1660, stack(0x0000002f83300000,0x0000002f83400000)]
  0x0000021457fb8630 JavaThread "Unconstrained build operations Thread 57" [_thread_blocked, id=6852, stack(0x0000002f83400000,0x0000002f83500000)]
  0x0000021457fb94a0 JavaThread "Unconstrained build operations Thread 58" [_thread_blocked, id=4708, stack(0x0000002f83500000,0x0000002f83600000)]
  0x0000021457fb8b00 JavaThread "Unconstrained build operations Thread 59" [_thread_blocked, id=3448, stack(0x0000002f83600000,0x0000002f83700000)]
  0x0000021453caf820 JavaThread "Unconstrained build operations Thread 60" [_thread_blocked, id=4372, stack(0x0000002f83700000,0x0000002f83800000)]
  0x0000021453cafcf0 JavaThread "Unconstrained build operations Thread 61" [_thread_blocked, id=10380, stack(0x0000002f83800000,0x0000002f83900000)]
  0x0000021453cadb40 JavaThread "Unconstrained build operations Thread 62" [_thread_blocked, id=3236, stack(0x0000002f83900000,0x0000002f83a00000)]
  0x0000021453cac800 JavaThread "Unconstrained build operations Thread 63" [_thread_blocked, id=5592, stack(0x0000002f83a00000,0x0000002f83b00000)]
  0x0000021453cad670 JavaThread "Unconstrained build operations Thread 64" [_thread_blocked, id=12116, stack(0x0000002f83b00000,0x0000002f83c00000)]
  0x0000021453caccd0 JavaThread "Unconstrained build operations Thread 65" [_thread_blocked, id=5896, stack(0x0000002f83c00000,0x0000002f83d00000)]
  0x0000021453cb01c0 JavaThread "Unconstrained build operations Thread 66" [_thread_blocked, id=7316, stack(0x0000002f83d00000,0x0000002f83e00000)]
  0x0000021453cae010 JavaThread "Unconstrained build operations Thread 67" [_thread_blocked, id=8132, stack(0x0000002f83e00000,0x0000002f83f00000)]
  0x0000021453caee80 JavaThread "Unconstrained build operations Thread 68" [_thread_blocked, id=3820, stack(0x0000002f83f00000,0x0000002f84000000)]
  0x0000021453cab990 JavaThread "Unconstrained build operations Thread 69" [_thread_blocked, id=4496, stack(0x0000002f84000000,0x0000002f84100000)]
  0x0000021453cad1a0 JavaThread "Unconstrained build operations Thread 70" [_thread_blocked, id=6160, stack(0x0000002f84100000,0x0000002f84200000)]
  0x0000021453cb0690 JavaThread "Unconstrained build operations Thread 71" [_thread_blocked, id=932, stack(0x0000002f84200000,0x0000002f84300000)]
  0x0000021453cb0b60 JavaThread "Unconstrained build operations Thread 72" [_thread_blocked, id=10800, stack(0x0000002f84300000,0x0000002f84400000)]
  0x0000021453cb1030 JavaThread "Unconstrained build operations Thread 73" [_thread_blocked, id=6748, stack(0x0000002f84400000,0x0000002f84500000)]
  0x0000021453caf350 JavaThread "Unconstrained build operations Thread 74" [_thread_blocked, id=9064, stack(0x0000002f84500000,0x0000002f84600000)]
  0x0000021453caaff0 JavaThread "Unconstrained build operations Thread 75" [_thread_blocked, id=13124, stack(0x0000002f84600000,0x0000002f84700000)]
  0x0000021453caa180 JavaThread "Unconstrained build operations Thread 76" [_thread_blocked, id=11944, stack(0x0000002f84700000,0x0000002f84800000)]
  0x0000021453ca97e0 JavaThread "Unconstrained build operations Thread 77" [_thread_blocked, id=7220, stack(0x0000002f84800000,0x0000002f84900000)]
  0x0000021453ca9cb0 JavaThread "Unconstrained build operations Thread 78" [_thread_blocked, id=10732, stack(0x0000002f84900000,0x0000002f84a00000)]
  0x0000021453caa650 JavaThread "Unconstrained build operations Thread 79" [_thread_blocked, id=11332, stack(0x0000002f84a00000,0x0000002f84b00000)]
  0x0000021453caab20 JavaThread "Unconstrained build operations Thread 80" [_thread_blocked, id=8908, stack(0x0000002f84b00000,0x0000002f84c00000)]
  0x0000021453cae4e0 JavaThread "build event listener" [_thread_blocked, id=10292, stack(0x0000002f84c00000,0x0000002f84d00000)]
  0x0000021453cab4c0 JavaThread "Memory manager" [_thread_blocked, id=1588, stack(0x0000002f84d00000,0x0000002f84e00000)]
  0x00000214584fd5a0 JavaThread "C2 CompilerThread1" daemon [_thread_in_native, id=6696, stack(0x0000002f84e00000,0x0000002f84f00000)]

Other Threads:
  0x0000021452cfba30 VMThread "VM Thread" [stack: 0x0000002ffc500000,0x0000002ffc600000] [id=2828]
  0x00000214539e68e0 WatcherThread [stack: 0x0000002ffd100000,0x0000002ffd200000] [id=12944]
  0x0000021438ee6e00 GCTaskThread "GC Thread#0" [stack: 0x0000002ffc000000,0x0000002ffc100000] [id=10400]
  0x0000021453bfcbb0 GCTaskThread "GC Thread#1" [stack: 0x0000002ffd300000,0x0000002ffd400000] [id=12708]
  0x0000021453bfce60 GCTaskThread "GC Thread#2" [stack: 0x0000002ffd400000,0x0000002ffd500000] [id=3924]
  0x0000021454567880 GCTaskThread "GC Thread#3" [stack: 0x0000002ffd500000,0x0000002ffd600000] [id=5048]
  0x0000021454c4c910 GCTaskThread "GC Thread#4" [stack: 0x0000002ffd200000,0x0000002ffd300000] [id=12500]
  0x000002145480c500 GCTaskThread "GC Thread#5" [stack: 0x0000002ffe000000,0x0000002ffe100000] [id=1192]
  0x0000021453ba6ee0 GCTaskThread "GC Thread#6" [stack: 0x0000002ffe100000,0x0000002ffe200000] [id=4904]
  0x000002145426b670 GCTaskThread "GC Thread#7" [stack: 0x0000002ffe200000,0x0000002ffe300000] [id=8080]
  0x0000021438ef7d40 ConcurrentGCThread "G1 Main Marker" [stack: 0x0000002ffc100000,0x0000002ffc200000] [id=12952]
  0x0000021438ef8750 ConcurrentGCThread "G1 Conc#0" [stack: 0x0000002ffc200000,0x0000002ffc300000] [id=10200]
  0x0000021454e55540 ConcurrentGCThread "G1 Conc#1" [stack: 0x0000002ffe300000,0x0000002ffe400000] [id=10772]
  0x0000021438f4db20 ConcurrentGCThread "G1 Refine#0" [stack: 0x0000002ffc300000,0x0000002ffc400000] [id=1676]
  0x0000021438f4e540 ConcurrentGCThread "G1 Service" [stack: 0x0000002ffc400000,0x0000002ffc500000] [id=9024]

Threads with active compile tasks:
C2 CompilerThread0   100249 8836       4       groovy.lang.MetaClassImpl$1MOPIter::methodNameAction (325 bytes)
C1 CompilerThread0   100249 8873       3       com.google.protobuf.CodedInputStream$ArrayDecoder::readBytes (93 bytes)
C2 CompilerThread1   100249 8872       4       javax.management.ObjectName::construct (1135 bytes)

VM state: at safepoint (normal execution)

VM Mutex/Monitor currently owned by a thread:  ([mutex/lock_event])
[0x0000021436d1bbb0] Threads_lock - owner thread: 0x0000021452cfba30
[0x0000021436d1b730] Heap_lock - owner thread: 0x000002145484a870

Heap address: 0x0000000080000000, size: 2048 MB, Compressed Oops mode: 32-bit

CDS archive(s) not mapped
Compressed class space mapped at: 0x0000000100000000-0x0000000140000000, reserved size: 1073741824
Narrow klass base: 0x0000000000000000, Narrow klass shift: 3, Narrow klass range: 0x140000000

GC Precious Log:
 CPUs: 8 total, 8 available
 Memory: 7991M
 Large Page Support: Disabled
 NUMA Support: Disabled
 Compressed Oops: Enabled (32-bit)
 Heap Region Size: 1M
 Heap Min Capacity: 8M
 Heap Initial Capacity: 126M
 Heap Max Capacity: 2G
 Pre-touch: Disabled
 Parallel Workers: 8
 Concurrent Workers: 2
 Concurrent Refinement Workers: 8
 Periodic GC: Disabled

Heap:
 garbage-first heap   total 116736K, used 97159K [0x0000000080000000, 0x0000000100000000)
  region size 1024K, 25 young (25600K), 4 survivors (4096K)
 Metaspace       used 87230K, committed 87872K, reserved 1130496K
  class space    used 11777K, committed 12096K, reserved 1048576K

Heap Regions: E=young(eden), S=young(survivor), O=old, HS=humongous(starts), HC=humongous(continues), CS=collection set, F=free, OA=open archive, CA=closed archive, TAMS=top-at-mark-start (previous, next)
|   0|0x0000000080000000, 0x0000000080100000, 0x0000000080100000|100%|HS|  |TAMS 0x0000000080100000, 0x0000000080000000| Complete 
|   1|0x0000000080100000, 0x0000000080200000, 0x0000000080200000|100%|HC|  |TAMS 0x0000000080200000, 0x0000000080100000| Complete 
|   2|0x0000000080200000, 0x0000000080300000, 0x0000000080300000|100%|HC|  |TAMS 0x0000000080300000, 0x0000000080200000| Complete 
|   3|0x0000000080300000, 0x0000000080400000, 0x0000000080400000|100%|HC|  |TAMS 0x0000000080400000, 0x0000000080300000| Complete 
|   4|0x0000000080400000, 0x0000000080500000, 0x0000000080500000|100%| O|  |TAMS 0x0000000080500000, 0x0000000080400000| Untracked 
|   5|0x0000000080500000, 0x0000000080600000, 0x0000000080600000|100%| O|  |TAMS 0x0000000080600000, 0x0000000080500000| Untracked 
|   6|0x0000000080600000, 0x0000000080700000, 0x0000000080700000|100%| O|  |TAMS 0x0000000080700000, 0x0000000080600000| Untracked 
|   7|0x0000000080700000, 0x0000000080800000, 0x0000000080800000|100%| O|  |TAMS 0x0000000080800000, 0x0000000080700000| Untracked 
|   8|0x0000000080800000, 0x0000000080900000, 0x0000000080900000|100%| O|  |TAMS 0x0000000080900000, 0x0000000080800000| Untracked 
|   9|0x0000000080900000, 0x0000000080a00000, 0x0000000080a00000|100%| O|  |TAMS 0x0000000080a00000, 0x0000000080900000| Untracked 
|  10|0x0000000080a00000, 0x0000000080b00000, 0x0000000080b00000|100%| O|  |TAMS 0x0000000080b00000, 0x0000000080a00000| Untracked 
|  11|0x0000000080b00000, 0x0000000080c00000, 0x0000000080c00000|100%| O|  |TAMS 0x0000000080c00000, 0x0000000080b00000| Untracked 
|  12|0x0000000080c00000, 0x0000000080d00000, 0x0000000080d00000|100%| O|  |TAMS 0x0000000080d00000, 0x0000000080c00000| Untracked 
|  13|0x0000000080d00000, 0x0000000080e00000, 0x0000000080e00000|100%| O|  |TAMS 0x0000000080e00000, 0x0000000080d00000| Untracked 
|  14|0x0000000080e00000, 0x0000000080f00000, 0x0000000080f00000|100%| O|  |TAMS 0x0000000080f00000, 0x0000000080e00000| Untracked 
|  15|0x0000000080f00000, 0x0000000081000000, 0x0000000081000000|100%| O|  |TAMS 0x0000000081000000, 0x0000000080f00000| Untracked 
|  16|0x0000000081000000, 0x0000000081100000, 0x0000000081100000|100%| O|  |TAMS 0x0000000081100000, 0x0000000081000000| Untracked 
|  17|0x0000000081100000, 0x0000000081200000, 0x0000000081200000|100%| O|  |TAMS 0x0000000081200000, 0x0000000081100000| Untracked 
|  18|0x0000000081200000, 0x0000000081300000, 0x0000000081300000|100%| O|  |TAMS 0x0000000081300000, 0x0000000081200000| Untracked 
|  19|0x0000000081300000, 0x0000000081400000, 0x0000000081400000|100%| O|  |TAMS 0x0000000081400000, 0x0000000081300000| Untracked 
|  20|0x0000000081400000, 0x0000000081500000, 0x0000000081500000|100%| O|  |TAMS 0x0000000081500000, 0x0000000081400000| Untracked 
|  21|0x0000000081500000, 0x0000000081600000, 0x0000000081600000|100%| O|  |TAMS 0x0000000081600000, 0x0000000081500000| Untracked 
|  22|0x0000000081600000, 0x0000000081700000, 0x0000000081700000|100%| O|  |TAMS 0x000000008168d800, 0x0000000081600000| Untracked 
|  23|0x0000000081700000, 0x0000000081800000, 0x0000000081800000|100%| O|  |TAMS 0x0000000081800000, 0x0000000081700000| Untracked 
|  24|0x0000000081800000, 0x0000000081900000, 0x0000000081900000|100%| O|  |TAMS 0x0000000081900000, 0x0000000081800000| Untracked 
|  25|0x0000000081900000, 0x0000000081a00000, 0x0000000081a00000|100%| O|  |TAMS 0x0000000081900000, 0x0000000081900000| Untracked 
|  26|0x0000000081a00000, 0x0000000081b00000, 0x0000000081b00000|100%| O|  |TAMS 0x0000000081a00000, 0x0000000081a00000| Untracked 
|  27|0x0000000081b00000, 0x0000000081c00000, 0x0000000081c00000|100%| O|  |TAMS 0x0000000081c00000, 0x0000000081b00000| Untracked 
|  28|0x0000000081c00000, 0x0000000081d00000, 0x0000000081d00000|100%| O|  |TAMS 0x0000000081d00000, 0x0000000081c00000| Untracked 
|  29|0x0000000081d00000, 0x0000000081e00000, 0x0000000081e00000|100%| O|  |TAMS 0x0000000081e00000, 0x0000000081d00000| Untracked 
|  30|0x0000000081e00000, 0x0000000081f00000, 0x0000000081f00000|100%| O|  |TAMS 0x0000000081f00000, 0x0000000081e00000| Untracked 
|  31|0x0000000081f00000, 0x0000000082000000, 0x0000000082000000|100%| O|  |TAMS 0x0000000082000000, 0x0000000081f00000| Untracked 
|  32|0x0000000082000000, 0x0000000082100000, 0x0000000082100000|100%| O|  |TAMS 0x0000000082100000, 0x0000000082000000| Untracked 
|  33|0x0000000082100000, 0x0000000082200000, 0x0000000082200000|100%| O|  |TAMS 0x0000000082200000, 0x0000000082100000| Untracked 
|  34|0x0000000082200000, 0x0000000082300000, 0x0000000082300000|100%| O|  |TAMS 0x0000000082300000, 0x0000000082200000| Untracked 
|  35|0x0000000082300000, 0x0000000082400000, 0x0000000082400000|100%| O|  |TAMS 0x0000000082400000, 0x0000000082300000| Untracked 
|  36|0x0000000082400000, 0x0000000082500000, 0x0000000082500000|100%| O|  |TAMS 0x0000000082500000, 0x0000000082400000| Untracked 
|  37|0x0000000082500000, 0x0000000082600000, 0x0000000082600000|100%| O|  |TAMS 0x0000000082600000, 0x0000000082500000| Untracked 
|  38|0x0000000082600000, 0x0000000082700000, 0x0000000082700000|100%|HS|  |TAMS 0x0000000082700000, 0x0000000082600000| Complete 
|  39|0x0000000082700000, 0x0000000082800000, 0x0000000082800000|100%|HS|  |TAMS 0x0000000082800000, 0x0000000082700000| Complete 
|  40|0x0000000082800000, 0x0000000082900000, 0x0000000082900000|100%|HS|  |TAMS 0x0000000082900000, 0x0000000082800000| Complete 
|  41|0x0000000082900000, 0x0000000082a00000, 0x0000000082a00000|100%|HC|  |TAMS 0x0000000082a00000, 0x0000000082900000| Complete 
|  42|0x0000000082a00000, 0x0000000082b00000, 0x0000000082b00000|100%|HS|  |TAMS 0x0000000082b00000, 0x0000000082a00000| Complete 
|  43|0x0000000082b00000, 0x0000000082c00000, 0x0000000082c00000|100%|HS|  |TAMS 0x0000000082c00000, 0x0000000082b00000| Complete 
|  44|0x0000000082c00000, 0x0000000082d00000, 0x0000000082d00000|100%|HC|  |TAMS 0x0000000082d00000, 0x0000000082c00000| Complete 
|  45|0x0000000082d00000, 0x0000000082e00000, 0x0000000082e00000|100%|HC|  |TAMS 0x0000000082e00000, 0x0000000082d00000| Complete 
|  46|0x0000000082e00000, 0x0000000082f00000, 0x0000000082f00000|100%|HC|  |TAMS 0x0000000082f00000, 0x0000000082e00000| Complete 
|  47|0x0000000082f00000, 0x0000000083000000, 0x0000000083000000|100%| O|  |TAMS 0x0000000083000000, 0x0000000082f00000| Untracked 
|  48|0x0000000083000000, 0x0000000083100000, 0x0000000083100000|100%| O|  |TAMS 0x0000000083100000, 0x0000000083000000| Untracked 
|  49|0x0000000083100000, 0x0000000083200000, 0x0000000083200000|100%| O|  |TAMS 0x0000000083200000, 0x0000000083100000| Untracked 
|  50|0x0000000083200000, 0x0000000083300000, 0x0000000083300000|100%| O|  |TAMS 0x0000000083300000, 0x0000000083200000| Untracked 
|  51|0x0000000083300000, 0x0000000083400000, 0x0000000083400000|100%| O|  |TAMS 0x0000000083300000, 0x0000000083300000| Untracked 
|  52|0x0000000083400000, 0x0000000083500000, 0x0000000083500000|100%| O|  |TAMS 0x0000000083400000, 0x0000000083400000| Untracked 
|  53|0x0000000083500000, 0x0000000083600000, 0x0000000083600000|100%| O|  |TAMS 0x0000000083500000, 0x0000000083500000| Untracked 
|  54|0x0000000083600000, 0x0000000083700000, 0x0000000083700000|100%| O|  |TAMS 0x0000000083700000, 0x0000000083600000| Untracked 
|  55|0x0000000083700000, 0x0000000083800000, 0x0000000083800000|100%| O|  |TAMS 0x0000000083800000, 0x0000000083700000| Untracked 
|  56|0x0000000083800000, 0x0000000083900000, 0x0000000083900000|100%| O|  |TAMS 0x0000000083800000, 0x0000000083800000| Untracked 
|  57|0x0000000083900000, 0x0000000083a00000, 0x0000000083a00000|100%| O|  |TAMS 0x0000000083900000, 0x0000000083900000| Untracked 
|  58|0x0000000083a00000, 0x0000000083b00000, 0x0000000083b00000|100%| O|  |TAMS 0x0000000083a00000, 0x0000000083a00000| Untracked 
|  59|0x0000000083b00000, 0x0000000083c00000, 0x0000000083c00000|100%| O|  |TAMS 0x0000000083b00000, 0x0000000083b00000| Untracked 
|  60|0x0000000083c00000, 0x0000000083d00000, 0x0000000083d00000|100%| O|  |TAMS 0x0000000083c00000, 0x0000000083c00000| Untracked 
|  61|0x0000000083d00000, 0x0000000083e00000, 0x0000000083e00000|100%| O|  |TAMS 0x0000000083d00000, 0x0000000083d00000| Untracked 
|  62|0x0000000083e00000, 0x0000000083f00000, 0x0000000083f00000|100%| O|  |TAMS 0x0000000083e00000, 0x0000000083e00000| Untracked 
|  63|0x0000000083f00000, 0x0000000084000000, 0x0000000084000000|100%| O|  |TAMS 0x0000000083f00000, 0x0000000083f00000| Untracked 
|  64|0x0000000084000000, 0x0000000084100000, 0x0000000084100000|100%| O|  |TAMS 0x0000000084000000, 0x0000000084000000| Untracked 
|  65|0x0000000084100000, 0x0000000084200000, 0x0000000084200000|100%| O|  |TAMS 0x0000000084100000, 0x0000000084100000| Untracked 
|  66|0x0000000084200000, 0x0000000084300000, 0x0000000084300000|100%| O|  |TAMS 0x0000000084200000, 0x0000000084200000| Untracked 
|  67|0x0000000084300000, 0x0000000084400000, 0x0000000084400000|100%| O|  |TAMS 0x0000000084300000, 0x0000000084300000| Untracked 
|  68|0x0000000084400000, 0x0000000084500000, 0x0000000084500000|100%| O|  |TAMS 0x0000000084400000, 0x0000000084400000| Untracked 
|  69|0x0000000084500000, 0x00000000845786e0, 0x0000000084600000| 47%| O|  |TAMS 0x0000000084500000, 0x0000000084500000| Untracked 
|  70|0x0000000084600000, 0x0000000084600000, 0x0000000084700000|  0%| F|  |TAMS 0x0000000084600000, 0x0000000084600000| Untracked 
|  71|0x0000000084700000, 0x0000000084700000, 0x0000000084800000|  0%| F|  |TAMS 0x0000000084700000, 0x0000000084700000| Untracked 
|  72|0x0000000084800000, 0x0000000084800000, 0x0000000084900000|  0%| F|  |TAMS 0x0000000084800000, 0x0000000084800000| Untracked 
|  73|0x0000000084900000, 0x0000000084900000, 0x0000000084a00000|  0%| F|  |TAMS 0x0000000084900000, 0x0000000084900000| Untracked 
|  74|0x0000000084a00000, 0x0000000084a00000, 0x0000000084b00000|  0%| F|  |TAMS 0x0000000084a00000, 0x0000000084a00000| Untracked 
|  75|0x0000000084b00000, 0x0000000084b00000, 0x0000000084c00000|  0%| F|  |TAMS 0x0000000084b00000, 0x0000000084b00000| Untracked 
|  76|0x0000000084c00000, 0x0000000084c00000, 0x0000000084d00000|  0%| F|  |TAMS 0x0000000084c00000, 0x0000000084c00000| Untracked 
|  77|0x0000000084d00000, 0x0000000084d00000, 0x0000000084e00000|  0%| F|  |TAMS 0x0000000084d00000, 0x0000000084d00000| Untracked 
|  78|0x0000000084e00000, 0x0000000084e00000, 0x0000000084f00000|  0%| F|  |TAMS 0x0000000084e00000, 0x0000000084e00000| Untracked 
|  79|0x0000000084f00000, 0x0000000084f00000, 0x0000000085000000|  0%| F|  |TAMS 0x0000000084f00000, 0x0000000084f00000| Untracked 
|  80|0x0000000085000000, 0x0000000085000000, 0x0000000085100000|  0%| F|  |TAMS 0x0000000085000000, 0x0000000085000000| Untracked 
|  81|0x0000000085100000, 0x0000000085135940, 0x0000000085200000| 20%| E|CS|TAMS 0x0000000085100000, 0x0000000085100000| Complete 
|  82|0x0000000085200000, 0x0000000085300000, 0x0000000085300000|100%| E|CS|TAMS 0x0000000085200000, 0x0000000085200000| Complete 
|  83|0x0000000085300000, 0x0000000085300000, 0x0000000085400000|  0%| F|  |TAMS 0x0000000085300000, 0x0000000085300000| Untracked 
|  84|0x0000000085400000, 0x0000000085500000, 0x0000000085500000|100%| S|  |TAMS 0x0000000085400000, 0x0000000085400000| Complete 
|  85|0x0000000085500000, 0x0000000085600000, 0x0000000085600000|100%| E|CS|TAMS 0x0000000085500000, 0x0000000085500000| Complete 
|  86|0x0000000085600000, 0x0000000085700000, 0x0000000085700000|100%| E|CS|TAMS 0x0000000085600000, 0x0000000085600000| Complete 
|  87|0x0000000085700000, 0x0000000085800000, 0x0000000085800000|100%| S|  |TAMS 0x0000000085700000, 0x0000000085700000| Complete 
|  88|0x0000000085800000, 0x0000000085900000, 0x0000000085900000|100%| S|  |TAMS 0x0000000085800000, 0x0000000085800000| Complete 
|  89|0x0000000085900000, 0x0000000085a00000, 0x0000000085a00000|100%| S|  |TAMS 0x0000000085900000, 0x0000000085900000| Complete 
|  90|0x0000000085a00000, 0x0000000085b00000, 0x0000000085b00000|100%| E|CS|TAMS 0x0000000085a00000, 0x0000000085a00000| Complete 
|  91|0x0000000085b00000, 0x0000000085c00000, 0x0000000085c00000|100%| E|CS|TAMS 0x0000000085b00000, 0x0000000085b00000| Complete 
|  92|0x0000000085c00000, 0x0000000085d00000, 0x0000000085d00000|100%| E|CS|TAMS 0x0000000085c00000, 0x0000000085c00000| Complete 
|  93|0x0000000085d00000, 0x0000000085e00000, 0x0000000085e00000|100%| E|CS|TAMS 0x0000000085d00000, 0x0000000085d00000| Complete 
|  94|0x0000000085e00000, 0x0000000085f00000, 0x0000000085f00000|100%| E|CS|TAMS 0x0000000085e00000, 0x0000000085e00000| Complete 
|  95|0x0000000085f00000, 0x0000000086000000, 0x0000000086000000|100%| E|CS|TAMS 0x0000000085f00000, 0x0000000085f00000| Complete 
|  96|0x0000000086000000, 0x0000000086100000, 0x0000000086100000|100%| E|CS|TAMS 0x0000000086000000, 0x0000000086000000| Complete 
|  97|0x0000000086100000, 0x0000000086200000, 0x0000000086200000|100%| E|CS|TAMS 0x0000000086100000, 0x0000000086100000| Complete 
|  98|0x0000000086200000, 0x0000000086300000, 0x0000000086300000|100%| E|CS|TAMS 0x0000000086200000, 0x0000000086200000| Complete 
|  99|0x0000000086300000, 0x0000000086400000, 0x0000000086400000|100%| E|CS|TAMS 0x0000000086300000, 0x0000000086300000| Complete 
| 100|0x0000000086400000, 0x0000000086500000, 0x0000000086500000|100%| E|CS|TAMS 0x0000000086400000, 0x0000000086400000| Complete 
| 101|0x0000000086500000, 0x0000000086600000, 0x0000000086600000|100%| E|CS|TAMS 0x0000000086500000, 0x0000000086500000| Complete 
| 102|0x0000000086600000, 0x0000000086700000, 0x0000000086700000|100%| E|CS|TAMS 0x0000000086600000, 0x0000000086600000| Complete 
| 103|0x0000000086700000, 0x0000000086800000, 0x0000000086800000|100%| E|CS|TAMS 0x0000000086700000, 0x0000000086700000| Complete 
| 104|0x0000000086800000, 0x0000000086900000, 0x0000000086900000|100%| E|CS|TAMS 0x0000000086800000, 0x0000000086800000| Complete 
| 105|0x0000000086900000, 0x0000000086a00000, 0x0000000086a00000|100%| E|CS|TAMS 0x0000000086900000, 0x0000000086900000| Complete 
| 106|0x0000000086a00000, 0x0000000086b00000, 0x0000000086b00000|100%| E|CS|TAMS 0x0000000086a00000, 0x0000000086a00000| Complete 
| 107|0x0000000086b00000, 0x0000000086c00000, 0x0000000086c00000|100%| E|CS|TAMS 0x0000000086b00000, 0x0000000086b00000| Complete 
| 108|0x0000000086c00000, 0x0000000086d00000, 0x0000000086d00000|100%| E|CS|TAMS 0x0000000086c00000, 0x0000000086c00000| Complete 
| 109|0x0000000086d00000, 0x0000000086e00000, 0x0000000086e00000|100%| E|CS|TAMS 0x0000000086d00000, 0x0000000086d00000| Complete 
| 125|0x0000000087d00000, 0x0000000087e00000, 0x0000000087e00000|100%| E|CS|TAMS 0x0000000087d00000, 0x0000000087d00000| Complete 
|2045|0x00000000ffd00000, 0x00000000ffe00000, 0x00000000ffe00000|100%| O|  |TAMS 0x00000000ffe00000, 0x00000000ffd00000| Untracked 
|2046|0x00000000ffe00000, 0x00000000fff00000, 0x00000000fff00000|100%| O|  |TAMS 0x00000000fff00000, 0x00000000ffe00000| Untracked 
|2047|0x00000000fff00000, 0x0000000100000000, 0x0000000100000000|100%| O|  |TAMS 0x0000000100000000, 0x00000000fff00000| Untracked 

Card table byte_map: [0x000002144ba80000,0x000002144be80000] _byte_map_base: 0x000002144b680000

Marking Bits (Prev, Next): (CMBitMap*) 0x0000021438ee7410, (CMBitMap*) 0x0000021438ee7450
 Prev Bits: [0x000002144c280000, 0x000002144e280000)
 Next Bits: [0x000002144e280000, 0x0000021450280000)

Polling page: 0x0000021436e80000

Metaspace:

Usage:
  Non-class:     73.68 MB used.
      Class:     11.50 MB used.
       Both:     85.19 MB used.

Virtual space:
  Non-class space:       80.00 MB reserved,      74.00 MB ( 92%) committed,  10 nodes.
      Class space:        1.00 GB reserved,      11.81 MB (  1%) committed,  1 nodes.
             Both:        1.08 GB reserved,      85.81 MB (  8%) committed. 

Chunk freelists:
   Non-Class:  1.91 MB
       Class:  240.00 KB
        Both:  2.14 MB

MaxMetaspaceSize: unlimited
CompressedClassSpaceSize: 1.00 GB
Initial GC threshold: 21.00 MB
Current GC threshold: 104.19 MB
CDS: off
MetaspaceReclaimPolicy: balanced
 - commit_granule_bytes: 65536.
 - commit_granule_words: 8192.
 - virtual_space_node_default_size: 1048576.
 - enlarge_chunks_in_place: 1.
 - new_chunks_are_fully_committed: 0.
 - uncommit_free_chunks: 1.
 - use_allocation_guard: 0.
 - handle_deallocations: 1.


Internal statistics:

num_allocs_failed_limit: 6.
num_arena_births: 810.
num_arena_deaths: 0.
num_vsnodes_births: 11.
num_vsnodes_deaths: 0.
num_space_committed: 1373.
num_space_uncommitted: 0.
num_chunks_returned_to_freelist: 6.
num_chunks_taken_from_freelist: 3890.
num_chunk_merges: 6.
num_chunk_splits: 2647.
num_chunks_enlarged: 1858.
num_purges: 0.
num_inconsistent_stats: 0.

CodeHeap 'non-profiled nmethods': size=120000Kb used=4967Kb max_used=4967Kb free=115032Kb
 bounds [0x0000021443e20000, 0x0000021444300000, 0x000002144b350000]
CodeHeap 'profiled nmethods': size=120000Kb used=15452Kb max_used=15452Kb free=104547Kb
 bounds [0x000002143c350000, 0x000002143d270000, 0x0000021443880000]
CodeHeap 'non-nmethods': size=5760Kb used=2390Kb max_used=2429Kb free=3369Kb
 bounds [0x0000021443880000, 0x0000021443af0000, 0x0000021443e20000]
 total_blobs=8946 nmethods=8034 adapters=823
 compilation: enabled
              stopped_count=0, restarted_count=0
 full_count=0

Compilation events (20 events):
Event: 99.566 Thread 0x0000021453839da0 8844       3       sun.reflect.generics.tree.Wildcard::make (10 bytes)
Event: 99.566 Thread 0x0000021453839da0 nmethod 8844 0x000002143d255f10 code [0x000002143d2560c0, 0x000002143d256378]
Event: 99.566 Thread 0x0000021453839da0 8845       3       sun.reflect.generics.tree.Wildcard::<init> (15 bytes)
Event: 99.566 Thread 0x0000021453839da0 nmethod 8845 0x000002143d256490 code [0x000002143d256640, 0x000002143d256858]
Event: 99.566 Thread 0x0000021453839da0 8848       3       groovy.lang.MetaClassImpl::findMethod (130 bytes)
Event: 99.566 Thread 0x0000021453839da0 nmethod 8848 0x000002143d256910 code [0x000002143d256bc0, 0x000002143d257c18]
Event: 99.567 Thread 0x0000021453839da0 8849       3       groovy.lang.MetaClassImpl$$Lambda$442/0x0000000100522698::apply (12 bytes)
Event: 99.567 Thread 0x0000021453839da0 nmethod 8849 0x000002143d258110 code [0x000002143d258340, 0x000002143d258a18]
Event: 99.567 Thread 0x0000021453839da0 8850       3       groovy.lang.MetaClassImpl::lambda$getPropName$5 (27 bytes)
Event: 99.567 Thread 0x0000021453839da0 nmethod 8850 0x000002143d258d10 code [0x000002143d258f20, 0x000002143d259478]
Event: 99.567 Thread 0x0000021453839da0 8851       3       groovyjarjarasm.asm.ByteVector::putUTF8 (144 bytes)
Event: 99.568 Thread 0x0000021453839da0 nmethod 8851 0x000002143d259710 code [0x000002143d259980, 0x000002143d25a4c8]
Event: 99.568 Thread 0x0000021453839da0 8852       3       groovyjarjarasm.asm.ByteVector::putByte (39 bytes)
Event: 99.568 Thread 0x0000021453839da0 nmethod 8852 0x000002143d25aa10 code [0x000002143d25abc0, 0x000002143d25ada8]
Event: 99.568 Thread 0x0000021453839da0 8853       3       groovyjarjarasm.asm.Frame::merge (322 bytes)
Event: 99.568 Thread 0x0000021453839da0 nmethod 8853 0x000002143d25af10 code [0x000002143d25b140, 0x000002143d25bac8]
Event: 99.615 Thread 0x0000021453839da0 8854       1       org.codehaus.groovy.runtime.metaclass.MetaClassRegistryImpl::getMetaClassCreationHandler (5 bytes)
Event: 99.615 Thread 0x0000021453839da0 nmethod 8854 0x00000214442f7290 code [0x00000214442f7420, 0x00000214442f74f8]
Event: 99.616 Thread 0x0000021453839da0 8855       3       org.codehaus.groovy.reflection.stdclasses.CachedSAMClass$$Lambda$398/0x00000001004f7100::run (8 bytes)
Event: 99.616 Thread 0x0000021453839da0 nmethod 8855 0x000002143d25bd10 code [0x000002143d25bec0, 0x000002143d25c008]

GC Heap History (20 events):
Event: 76.027 GC heap before
{Heap before GC invocations=30 (full 0):
 garbage-first heap   total 97280K, used 77760K [0x0000000080000000, 0x0000000100000000)
  region size 1024K, 22 young (22528K), 1 survivors (1024K)
 Metaspace       used 63392K, committed 63936K, reserved 1105920K
  class space    used 8400K, committed 8640K, reserved 1048576K
}
Event: 76.033 GC heap after
{Heap after GC invocations=31 (full 0):
 garbage-first heap   total 116736K, used 57559K [0x0000000080000000, 0x0000000100000000)
  region size 1024K, 2 young (2048K), 2 survivors (2048K)
 Metaspace       used 63392K, committed 63936K, reserved 1105920K
  class space    used 8400K, committed 8640K, reserved 1048576K
}
Event: 78.984 GC heap before
{Heap before GC invocations=32 (full 0):
 garbage-first heap   total 116736K, used 96471K [0x0000000080000000, 0x0000000100000000)
  region size 1024K, 34 young (34816K), 2 survivors (2048K)
 Metaspace       used 66700K, committed 67200K, reserved 1114112K
  class space    used 8815K, committed 9024K, reserved 1048576K
}
Event: 78.987 GC heap after
{Heap after GC invocations=33 (full 0):
 garbage-first heap   total 116736K, used 61311K [0x0000000080000000, 0x0000000100000000)
  region size 1024K, 5 young (5120K), 5 survivors (5120K)
 Metaspace       used 66700K, committed 67200K, reserved 1114112K
  class space    used 8815K, committed 9024K, reserved 1048576K
}
Event: 79.019 GC heap before
{Heap before GC invocations=33 (full 0):
 garbage-first heap   total 116736K, used 62335K [0x0000000080000000, 0x0000000100000000)
  region size 1024K, 6 young (6144K), 5 survivors (5120K)
 Metaspace       used 66808K, committed 67328K, reserved 1114112K
  class space    used 8835K, committed 9088K, reserved 1048576K
}
Event: 79.022 GC heap after
{Heap after GC invocations=34 (full 0):
 garbage-first heap   total 116736K, used 61667K [0x0000000080000000, 0x0000000100000000)
  region size 1024K, 1 young (1024K), 1 survivors (1024K)
 Metaspace       used 66808K, committed 67328K, reserved 1114112K
  class space    used 8835K, committed 9088K, reserved 1048576K
}
Event: 81.543 GC heap before
{Heap before GC invocations=34 (full 0):
 garbage-first heap   total 116736K, used 91363K [0x0000000080000000, 0x0000000100000000)
  region size 1024K, 30 young (30720K), 1 survivors (1024K)
 Metaspace       used 69763K, committed 70336K, reserved 1114112K
  class space    used 9209K, committed 9536K, reserved 1048576K
}
Event: 81.546 GC heap after
{Heap after GC invocations=35 (full 0):
 garbage-first heap   total 116736K, used 63302K [0x0000000080000000, 0x0000000100000000)
  region size 1024K, 3 young (3072K), 3 survivors (3072K)
 Metaspace       used 69763K, committed 70336K, reserved 1114112K
  class space    used 9209K, committed 9536K, reserved 1048576K
}
Event: 85.072 GC heap before
{Heap before GC invocations=35 (full 0):
 garbage-first heap   total 116736K, used 92998K [0x0000000080000000, 0x0000000100000000)
  region size 1024K, 32 young (32768K), 3 survivors (3072K)
 Metaspace       used 72698K, committed 73344K, reserved 1114112K
  class space    used 9607K, committed 9920K, reserved 1048576K
}
Event: 85.078 GC heap after
{Heap after GC invocations=36 (full 0):
 garbage-first heap   total 116736K, used 65476K [0x0000000080000000, 0x0000000100000000)
  region size 1024K, 3 young (3072K), 3 survivors (3072K)
 Metaspace       used 72698K, committed 73344K, reserved 1114112K
  class space    used 9607K, committed 9920K, reserved 1048576K
}
Event: 87.170 GC heap before
{Heap before GC invocations=36 (full 0):
 garbage-first heap   total 116736K, used 94148K [0x0000000080000000, 0x0000000100000000)
  region size 1024K, 31 young (31744K), 3 survivors (3072K)
 Metaspace       used 76553K, committed 77184K, reserved 1122304K
  class space    used 10124K, committed 10432K, reserved 1048576K
}
Event: 87.174 GC heap after
{Heap after GC invocations=37 (full 0):
 garbage-first heap   total 116736K, used 67631K [0x0000000080000000, 0x0000000100000000)
  region size 1024K, 3 young (3072K), 3 survivors (3072K)
 Metaspace       used 76553K, committed 77184K, reserved 1122304K
  class space    used 10124K, committed 10432K, reserved 1048576K
}
Event: 91.503 GC heap before
{Heap before GC invocations=37 (full 0):
 garbage-first heap   total 116736K, used 94255K [0x0000000080000000, 0x0000000100000000)
  region size 1024K, 30 young (30720K), 3 survivors (3072K)
 Metaspace       used 77076K, committed 77696K, reserved 1122304K
  class space    used 10184K, committed 10496K, reserved 1048576K
}
Event: 91.506 GC heap after
{Heap after GC invocations=38 (full 0):
 garbage-first heap   total 116736K, used 71110K [0x0000000080000000, 0x0000000100000000)
  region size 1024K, 4 young (4096K), 4 survivors (4096K)
 Metaspace       used 77076K, committed 77696K, reserved 1122304K
  class space    used 10184K, committed 10496K, reserved 1048576K
}
Event: 94.242 GC heap before
{Heap before GC invocations=38 (full 0):
 garbage-first heap   total 116736K, used 96710K [0x0000000080000000, 0x0000000100000000)
  region size 1024K, 28 young (28672K), 4 survivors (4096K)
 Metaspace       used 79827K, committed 80448K, reserved 1122304K
  class space    used 10551K, committed 10816K, reserved 1048576K
}
Event: 94.245 GC heap after
{Heap after GC invocations=39 (full 0):
 garbage-first heap   total 116736K, used 72725K [0x0000000080000000, 0x0000000100000000)
  region size 1024K, 2 young (2048K), 2 survivors (2048K)
 Metaspace       used 79827K, committed 80448K, reserved 1122304K
  class space    used 10551K, committed 10816K, reserved 1048576K
}
Event: 96.404 GC heap before
{Heap before GC invocations=39 (full 0):
 garbage-first heap   total 116736K, used 96277K [0x0000000080000000, 0x0000000100000000)
  region size 1024K, 25 young (25600K), 2 survivors (2048K)
 Metaspace       used 83051K, committed 83712K, reserved 1122304K
  class space    used 11203K, committed 11520K, reserved 1048576K
}
Event: 96.407 GC heap after
{Heap after GC invocations=40 (full 0):
 garbage-first heap   total 116736K, used 73742K [0x0000000080000000, 0x0000000100000000)
  region size 1024K, 3 young (3072K), 3 survivors (3072K)
 Metaspace       used 83051K, committed 83712K, reserved 1122304K
  class space    used 11203K, committed 11520K, reserved 1048576K
}
Event: 97.597 GC heap before
{Heap before GC invocations=40 (full 0):
 garbage-first heap   total 116736K, used 97294K [0x0000000080000000, 0x0000000100000000)
  region size 1024K, 26 young (26624K), 3 survivors (3072K)
 Metaspace       used 85295K, committed 85888K, reserved 1130496K
  class space    used 11519K, committed 11840K, reserved 1048576K
}
Event: 97.601 GC heap after
{Heap after GC invocations=41 (full 0):
 garbage-first heap   total 116736K, used 75655K [0x0000000080000000, 0x0000000100000000)
  region size 1024K, 4 young (4096K), 4 survivors (4096K)
 Metaspace       used 85295K, committed 85888K, reserved 1130496K
  class space    used 11519K, committed 11840K, reserved 1048576K
}

Dll operation events (2 events):
Event: 0.133 Loaded shared library C:\Program Files\Android\Android Studio\jbr\bin\java.dll
Event: 1.670 Loaded shared library C:\Program Files\Android\Android Studio\jbr\bin\verify.dll

Deoptimization events (20 events):
Event: 98.470 Thread 0x000002145484a870 Uncommon trap: trap_request=0xffffff45 fr.pc=0x0000021444111668 relative=0x0000000000000c68
Event: 98.470 Thread 0x000002145484a870 Uncommon trap: reason=unstable_if action=reinterpret pc=0x0000021444111668 method=com.esotericsoftware.kryo.io.Input.readString()Ljava/lang/String; @ 28 c2
Event: 98.470 Thread 0x000002145484a870 DEOPT PACKING pc=0x0000021444111668 sp=0x0000002ffdcf8a90
Event: 98.470 Thread 0x000002145484a870 DEOPT UNPACKING pc=0x00000214438da1a3 sp=0x0000002ffdcf8a68 mode 2
Event: 98.487 Thread 0x000002145484a870 Uncommon trap: trap_request=0xffffff45 fr.pc=0x0000021444105b80 relative=0x00000000000001e0
Event: 98.488 Thread 0x000002145484a870 Uncommon trap: reason=unstable_if action=reinterpret pc=0x0000021444105b80 method=com.esotericsoftware.kryo.io.Input.require(I)I @ 65 c2
Event: 98.488 Thread 0x000002145484a870 DEOPT PACKING pc=0x0000021444105b80 sp=0x0000002ffdcf8a50
Event: 98.488 Thread 0x000002145484a870 DEOPT UNPACKING pc=0x00000214438da1a3 sp=0x0000002ffdcf8a00 mode 2
Event: 98.587 Thread 0x000002145484a870 Uncommon trap: trap_request=0xffffff45 fr.pc=0x0000021444224a70 relative=0x0000000000000070
Event: 98.587 Thread 0x000002145484a870 Uncommon trap: reason=unstable_if action=reinterpret pc=0x0000021444224a70 method=com.google.common.cache.LocalCache.isExpired(Lcom/google/common/cache/ReferenceEntry;J)Z @ 9 c2
Event: 98.587 Thread 0x000002145484a870 DEOPT PACKING pc=0x0000021444224a70 sp=0x0000002ffdcf8c10
Event: 98.587 Thread 0x000002145484a870 DEOPT UNPACKING pc=0x00000214438da1a3 sp=0x0000002ffdcf8ba0 mode 2
Event: 98.589 Thread 0x000002145484a870 Uncommon trap: trap_request=0xfffffff4 fr.pc=0x00000214442d7a6c relative=0x0000000000000d2c
Event: 98.589 Thread 0x000002145484a870 Uncommon trap: reason=null_check action=make_not_entrant pc=0x00000214442d7a6c method=org.gradle.tooling.internal.provider.runner.ClientBuildEventGenerator$Enabled.accept(Lorg/gradle/internal/operations/BuildOperationDescriptor;)Lorg/gradle/tooling/intern
Event: 98.589 Thread 0x000002145484a870 DEOPT PACKING pc=0x00000214442d7a6c sp=0x0000002ffdcf94d0
Event: 98.589 Thread 0x000002145484a870 DEOPT UNPACKING pc=0x00000214438da1a3 sp=0x0000002ffdcf9408 mode 2
Event: 99.568 Thread 0x000002145484a870 Uncommon trap: trap_request=0xffffff45 fr.pc=0x0000021444069ae0 relative=0x0000000000000060
Event: 99.568 Thread 0x000002145484a870 Uncommon trap: reason=unstable_if action=reinterpret pc=0x0000021444069ae0 method=java.lang.Class.getComponentType()Ljava/lang/Class; @ 4 c2
Event: 99.568 Thread 0x000002145484a870 DEOPT PACKING pc=0x0000021444069ae0 sp=0x0000002ffdcfa6d0
Event: 99.568 Thread 0x000002145484a870 DEOPT UNPACKING pc=0x00000214438da1a3 sp=0x0000002ffdcfa660 mode 2

Classes unloaded (0 events):
No events

Classes redefined (0 events):
No events

Internal exceptions (20 events):
Event: 98.411 Thread 0x000002145484a870 Implicit null exception at 0x00000214442a06e6 to 0x00000214442a0fb8
Event: 98.413 Thread 0x000002145484a870 Implicit null exception at 0x00000214442a06e6 to 0x00000214442a0fb8
Event: 98.413 Thread 0x000002145484a870 Implicit null exception at 0x00000214442a06e6 to 0x00000214442a0fb8
Event: 98.589 Thread 0x000002145484a870 Implicit null exception at 0x00000214442d70c2 to 0x00000214442d7a44
Event: 99.440 Thread 0x000002145484a870 Exception <a 'java/lang/ClassNotFoundException'{0x00000000861ebd50}: com/google/common/collect/SingletonImmutableListBeanInfo> (0x00000000861ebd50) 
thrown [s\src\hotspot\share\classfile\systemDictionary.cpp, line 256]
Event: 99.440 Thread 0x000002145484a870 Exception <a 'java/lang/ClassNotFoundException'{0x00000000861f5be0}: com/google/common/collect/ImmutableListBeanInfo> (0x00000000861f5be0) 
thrown [s\src\hotspot\share\classfile\systemDictionary.cpp, line 256]
Event: 99.440 Thread 0x000002145484a870 Exception <a 'java/lang/ClassNotFoundException'{0x0000000086000a90}: com/google/common/collect/ImmutableCollectionBeanInfo> (0x0000000086000a90) 
thrown [s\src\hotspot\share\classfile\systemDictionary.cpp, line 256]
Event: 99.440 Thread 0x000002145484a870 Exception <a 'java/lang/ClassNotFoundException'{0x0000000086006608}: java/util/AbstractCollectionBeanInfo> (0x0000000086006608) 
thrown [s\src\hotspot\share\classfile\systemDictionary.cpp, line 256]
Event: 99.440 Thread 0x000002145484a870 Exception <a 'java/lang/ClassNotFoundException'{0x000000008600c3f8}: java/util/AbstractCollectionCustomizer> (0x000000008600c3f8) 
thrown [s\src\hotspot\share\classfile\systemDictionary.cpp, line 256]
Event: 99.441 Thread 0x000002145484a870 Exception <a 'java/lang/ClassNotFoundException'{0x00000000860201b8}: com/google/common/collect/ImmutableCollectionCustomizer> (0x00000000860201b8) 
thrown [s\src\hotspot\share\classfile\systemDictionary.cpp, line 256]
Event: 99.443 Thread 0x000002145484a870 Exception <a 'java/lang/ClassNotFoundException'{0x0000000086038e48}: com/google/common/collect/ImmutableListCustomizer> (0x0000000086038e48) 
thrown [s\src\hotspot\share\classfile\systemDictionary.cpp, line 256]
Event: 99.444 Thread 0x000002145484a870 Exception <a 'java/lang/ClassNotFoundException'{0x000000008607a720}: com/google/common/collect/SingletonImmutableListCustomizer> (0x000000008607a720) 
thrown [s\src\hotspot\share\classfile\systemDictionary.cpp, line 256]
Event: 99.561 Thread 0x000002145484a870 Exception <a 'java/lang/ClassNotFoundException'{0x0000000085f2efd0}: com/android/build/gradle/internal/tasks/SigningReportTask_DecoratedBeanInfo> (0x0000000085f2efd0) 
thrown [s\src\hotspot\share\classfile\systemDictionary.cpp, line 256]
Event: 99.561 Thread 0x000002145484a870 Exception <a 'java/lang/ClassNotFoundException'{0x0000000085f3b440}: com/android/build/gradle/internal/tasks/SigningReportTaskBeanInfo> (0x0000000085f3b440) 
thrown [s\src\hotspot\share\classfile\systemDictionary.cpp, line 256]
Event: 99.562 Thread 0x000002145484a870 Exception <a 'java/lang/ClassNotFoundException'{0x0000000085f45be8}: org/gradle/api/DefaultTaskBeanInfo> (0x0000000085f45be8) 
thrown [s\src\hotspot\share\classfile\systemDictionary.cpp, line 256]
Event: 99.562 Thread 0x000002145484a870 Exception <a 'java/lang/ClassNotFoundException'{0x0000000085f505c8}: org/gradle/api/internal/AbstractTaskBeanInfo> (0x0000000085f505c8) 
thrown [s\src\hotspot\share\classfile\systemDictionary.cpp, line 256]
Event: 99.563 Thread 0x000002145484a870 Exception <a 'java/lang/ClassNotFoundException'{0x0000000085f5af78}: org/gradle/api/internal/AbstractTaskCustomizer> (0x0000000085f5af78) 
thrown [s\src\hotspot\share\classfile\systemDictionary.cpp, line 256]
Event: 99.564 Thread 0x000002145484a870 Exception <a 'java/lang/ClassNotFoundException'{0x0000000085fb6a88}: org/gradle/api/DefaultTaskCustomizer> (0x0000000085fb6a88) 
thrown [s\src\hotspot\share\classfile\systemDictionary.cpp, line 256]
Event: 99.565 Thread 0x000002145484a870 Exception <a 'java/lang/ClassNotFoundException'{0x0000000085e1fca8}: com/android/build/gradle/internal/tasks/SigningReportTaskCustomizer> (0x0000000085e1fca8) 
thrown [s\src\hotspot\share\classfile\systemDictionary.cpp, line 256]
Event: 99.565 Thread 0x000002145484a870 Exception <a 'java/lang/ClassNotFoundException'{0x0000000085e3b3e0}: com/android/build/gradle/internal/tasks/SigningReportTask_DecoratedCustomizer> (0x0000000085e3b3e0) 
thrown [s\src\hotspot\share\classfile\systemDictionary.cpp, line 256]

VM Operations (20 events):
Event: 94.242 Executing VM operation: G1CollectForAllocation
Event: 94.245 Executing VM operation: G1CollectForAllocation done
Event: 95.254 Executing VM operation: Cleanup
Event: 95.301 Executing VM operation: Cleanup done
Event: 96.311 Executing VM operation: Cleanup
Event: 96.312 Executing VM operation: Cleanup done
Event: 96.404 Executing VM operation: G1CollectForAllocation
Event: 96.407 Executing VM operation: G1CollectForAllocation done
Event: 97.597 Executing VM operation: G1CollectForAllocation
Event: 97.601 Executing VM operation: G1CollectForAllocation done
Event: 98.006 Executing VM operation: HandshakeAllThreads
Event: 98.007 Executing VM operation: HandshakeAllThreads done
Event: 98.584 Executing VM operation: HandshakeAllThreads
Event: 98.584 Executing VM operation: HandshakeAllThreads done
Event: 98.958 Executing VM operation: HandshakeAllThreads
Event: 98.959 Executing VM operation: HandshakeAllThreads done
Event: 98.959 Executing VM operation: Cleanup
Event: 98.959 Executing VM operation: Cleanup done
Event: 99.474 Executing VM operation: HandshakeAllThreads
Event: 99.474 Executing VM operation: HandshakeAllThreads done

Events (20 events):
Event: 98.582 loading class java/util/AbstractList$ListItr
Event: 98.583 loading class java/util/AbstractList$ListItr done
Event: 98.922 loading class java/security/cert/CertificateEncodingException
Event: 98.922 loading class java/security/cert/CertificateEncodingException done
Event: 99.440 loading class java/util/AbstractCollectionBeanInfo
Event: 99.440 loading class java/util/AbstractCollectionBeanInfo done
Event: 99.440 loading class java/util/AbstractCollectionBeanInfo
Event: 99.440 loading class java/util/AbstractCollectionBeanInfo done
Event: 99.440 loading class java/util/AbstractCollectionCustomizer
Event: 99.440 loading class java/util/AbstractCollectionCustomizer done
Event: 99.440 loading class java/util/AbstractCollectionCustomizer
Event: 99.440 loading class java/util/AbstractCollectionCustomizer done
Event: 99.440 loading class sun/reflect/generics/reflectiveObjects/GenericArrayTypeImpl
Event: 99.440 loading class sun/reflect/generics/reflectiveObjects/GenericArrayTypeImpl done
Event: 99.566 loading class java/security/InvalidKeyException
Event: 99.566 loading class java/security/KeyException
Event: 99.566 loading class java/security/KeyException done
Event: 99.566 loading class java/security/InvalidKeyException done
Event: 99.566 loading class java/security/NoSuchProviderException
Event: 99.566 loading class java/security/NoSuchProviderException done


Dynamic libraries:
0x00007ff6e28f0000 - 0x00007ff6e28fa000 	C:\Program Files\Android\Android Studio\jbr\bin\java.exe
0x00007fff530f0000 - 0x00007fff53307000 	C:\WINDOWS\SYSTEM32\ntdll.dll
0x00007fff514d0000 - 0x00007fff51594000 	C:\WINDOWS\System32\KERNEL32.DLL
0x00007fff50a20000 - 0x00007fff50dc6000 	C:\WINDOWS\System32\KERNELBASE.dll
0x00007fff507b0000 - 0x00007fff508c1000 	C:\WINDOWS\System32\ucrtbase.dll
0x00007fff22d90000 - 0x00007fff22da7000 	C:\Program Files\Android\Android Studio\jbr\bin\jli.dll
0x00007fff35c30000 - 0x00007fff35c4b000 	C:\Program Files\Android\Android Studio\jbr\bin\VCRUNTIME140.dll
0x00007fff52690000 - 0x00007fff5283d000 	C:\WINDOWS\System32\USER32.dll
0x00007fff509f0000 - 0x00007fff50a16000 	C:\WINDOWS\System32\win32u.dll
0x00007fff35350000 - 0x00007fff355e3000 	C:\WINDOWS\WinSxS\amd64_microsoft.windows.common-controls_6595b64144ccf1df_6.0.22621.2361_none_2712ced57382f843\COMCTL32.dll
0x00007fff51ae0000 - 0x00007fff51b09000 	C:\WINDOWS\System32\GDI32.dll
0x00007fff529b0000 - 0x00007fff52a57000 	C:\WINDOWS\System32\msvcrt.dll
0x00007fff508d0000 - 0x00007fff509e8000 	C:\WINDOWS\System32\gdi32full.dll
0x00007fff50650000 - 0x00007fff506ea000 	C:\WINDOWS\System32\msvcp_win.dll
0x00007fff51960000 - 0x00007fff51991000 	C:\WINDOWS\System32\IMM32.DLL
0x00007fff4ba80000 - 0x00007fff4ba8c000 	C:\Program Files\Android\Android Studio\jbr\bin\vcruntime140_1.dll
0x00007fff1ba60000 - 0x00007fff1baed000 	C:\Program Files\Android\Android Studio\jbr\bin\msvcp140.dll
0x00007fff099e0000 - 0x00007fff0a64e000 	C:\Program Files\Android\Android Studio\jbr\bin\server\jvm.dll
0x00007fff515a0000 - 0x00007fff51650000 	C:\WINDOWS\System32\ADVAPI32.dll
0x00007fff51a30000 - 0x00007fff51ad6000 	C:\WINDOWS\System32\sechost.dll
0x00007fff52840000 - 0x00007fff52957000 	C:\WINDOWS\System32\RPCRT4.dll
0x00007fff4ba70000 - 0x00007fff4ba79000 	C:\WINDOWS\SYSTEM32\WSOCK32.dll
0x00007fff48b90000 - 0x00007fff48bc4000 	C:\WINDOWS\SYSTEM32\WINMM.dll
0x00007fff44d90000 - 0x00007fff44d9a000 	C:\WINDOWS\SYSTEM32\VERSION.dll
0x00007fff51650000 - 0x00007fff516c1000 	C:\WINDOWS\System32\WS2_32.dll
0x00007fff4f410000 - 0x00007fff4f428000 	C:\WINDOWS\SYSTEM32\kernel.appcore.dll
0x00007fff4ba50000 - 0x00007fff4ba5a000 	C:\Program Files\Android\Android Studio\jbr\bin\jimage.dll
0x00007fff4dbc0000 - 0x00007fff4ddee000 	C:\WINDOWS\SYSTEM32\DBGHELP.DLL
0x00007fff52d20000 - 0x00007fff530aa000 	C:\WINDOWS\System32\combase.dll
0x00007fff51870000 - 0x00007fff51947000 	C:\WINDOWS\System32\OLEAUT32.dll
0x00007fff38b80000 - 0x00007fff38bb2000 	C:\WINDOWS\SYSTEM32\dbgcore.DLL
0x00007fff50dd0000 - 0x00007fff50e4a000 	C:\WINDOWS\System32\bcryptPrimitives.dll
0x00007fff356d0000 - 0x00007fff356f5000 	C:\Program Files\Android\Android Studio\jbr\bin\java.dll
0x00007fff356b0000 - 0x00007fff356c8000 	C:\Program Files\Android\Android Studio\jbr\bin\zip.dll
0x00007fff51db0000 - 0x00007fff52608000 	C:\WINDOWS\System32\SHELL32.dll
0x00007fff4e3d0000 - 0x00007fff4ecc2000 	C:\WINDOWS\SYSTEM32\windows.storage.dll
0x00007fff4e290000 - 0x00007fff4e3ce000 	C:\WINDOWS\SYSTEM32\wintypes.dll
0x00007fff512d0000 - 0x00007fff513c3000 	C:\WINDOWS\System32\SHCORE.dll
0x00007fff51d40000 - 0x00007fff51d9e000 	C:\WINDOWS\System32\shlwapi.dll
0x00007fff503a0000 - 0x00007fff503c6000 	C:\WINDOWS\SYSTEM32\profapi.dll
0x00007fff1e050000 - 0x00007fff1e069000 	C:\Program Files\Android\Android Studio\jbr\bin\net.dll
0x00007fff4a9c0000 - 0x00007fff4aaf7000 	C:\WINDOWS\SYSTEM32\WINHTTP.dll
0x00007fff4f930000 - 0x00007fff4f999000 	C:\WINDOWS\system32\mswsock.dll
0x00007fff1d870000 - 0x00007fff1d886000 	C:\Program Files\Android\Android Studio\jbr\bin\nio.dll
0x00007fff4b6e0000 - 0x00007fff4b6f0000 	C:\Program Files\Android\Android Studio\jbr\bin\verify.dll
0x00007fff35300000 - 0x00007fff35327000 	C:\Users\User\.gradle\native\68d5fa5c4cc2d200863cafc0d521ce42e7d3e7ee720ec0a83991735586a16f82\windows-amd64\native-platform.dll
0x00007fff30a50000 - 0x00007fff30b94000 	C:\Users\User\.gradle\native\e376f236ea51e6404a007f0833ffe2c6e607c4080706a723a18a27aeea778392\windows-amd64\native-platform-file-events.dll
0x00007fff37f50000 - 0x00007fff37f59000 	C:\Program Files\Android\Android Studio\jbr\bin\management.dll
0x00007fff37810000 - 0x00007fff3781b000 	C:\Program Files\Android\Android Studio\jbr\bin\management_ext.dll
0x00007fff51950000 - 0x00007fff51958000 	C:\WINDOWS\System32\PSAPI.DLL
0x00007fff4fb80000 - 0x00007fff4fb9b000 	C:\WINDOWS\SYSTEM32\CRYPTSP.dll
0x00007fff4f430000 - 0x00007fff4f465000 	C:\WINDOWS\system32\rsaenh.dll
0x00007fff4fa20000 - 0x00007fff4fa4c000 	C:\WINDOWS\SYSTEM32\USERENV.dll
0x00007fff4fd20000 - 0x00007fff4fd48000 	C:\WINDOWS\SYSTEM32\bcrypt.dll
0x00007fff4fba0000 - 0x00007fff4fbac000 	C:\WINDOWS\SYSTEM32\CRYPTBASE.dll
0x00007fff4ef20000 - 0x00007fff4ef4d000 	C:\WINDOWS\SYSTEM32\IPHLPAPI.DLL
0x00007fff51d30000 - 0x00007fff51d39000 	C:\WINDOWS\System32\NSI.dll
0x00007fff499f0000 - 0x00007fff49a09000 	C:\WINDOWS\SYSTEM32\dhcpcsvc6.DLL
0x00007fff499d0000 - 0x00007fff499ef000 	C:\WINDOWS\SYSTEM32\dhcpcsvc.DLL
0x00007fff4ef50000 - 0x00007fff4f049000 	C:\WINDOWS\SYSTEM32\DNSAPI.dll
0x00007fff35d30000 - 0x00007fff35d38000 	C:\WINDOWS\system32\wshunix.dll

dbghelp: loaded successfully - version: 4.0.5 - missing functions: none
symbol engine: initialized successfully - sym options: 0x614 - pdb path: .;C:\Program Files\Android\Android Studio\jbr\bin;C:\WINDOWS\SYSTEM32;C:\WINDOWS\WinSxS\amd64_microsoft.windows.common-controls_6595b64144ccf1df_6.0.22621.2361_none_2712ced57382f843;C:\Program Files\Android\Android Studio\jbr\bin\server;C:\Users\User\.gradle\native\68d5fa5c4cc2d200863cafc0d521ce42e7d3e7ee720ec0a83991735586a16f82\windows-amd64;C:\Users\User\.gradle\native\e376f236ea51e6404a007f0833ffe2c6e607c4080706a723a18a27aeea778392\windows-amd64

VM Arguments:
jvm_args: --add-opens=java.base/java.util=ALL-UNNAMED --add-opens=java.base/java.lang=ALL-UNNAMED --add-opens=java.base/java.lang.invoke=ALL-UNNAMED --add-opens=java.prefs/java.util.prefs=ALL-UNNAMED --add-opens=java.base/java.nio.charset=ALL-UNNAMED --add-opens=java.base/java.net=ALL-UNNAMED --add-opens=java.base/java.util.concurrent.atomic=ALL-UNNAMED -Xmx2048m -Dfile.encoding=UTF-8 -Duser.country=US -Duser.language=en -Duser.variant 
java_command: org.gradle.launcher.daemon.bootstrap.GradleDaemon 8.0
java_class_path (initial): C:\Users\User\.gradle\wrapper\dists\gradle-8.0-bin\ca5e32bp14vu59qr306oxotwh\gradle-8.0\lib\gradle-launcher-8.0.jar
Launcher Type: SUN_STANDARD

[Global flags]
     intx CICompilerCount                          = 4                                         {product} {ergonomic}
     uint ConcGCThreads                            = 2                                         {product} {ergonomic}
     uint G1ConcRefinementThreads                  = 8                                         {product} {ergonomic}
   size_t G1HeapRegionSize                         = 1048576                                   {product} {ergonomic}
    uintx GCDrainStackTargetSize                   = 64                                        {product} {ergonomic}
   size_t InitialHeapSize                          = 132120576                                 {product} {ergonomic}
   size_t MarkStackSize                            = 4194304                                   {product} {ergonomic}
   size_t MaxHeapSize                              = 2147483648                                {product} {command line}
   size_t MaxNewSize                               = 1287651328                                {product} {ergonomic}
   size_t MinHeapDeltaBytes                        = 1048576                                   {product} {ergonomic}
   size_t MinHeapSize                              = 8388608                                   {product} {ergonomic}
    uintx NonNMethodCodeHeapSize                   = 5839372                                {pd product} {ergonomic}
    uintx NonProfiledCodeHeapSize                  = 122909434                              {pd product} {ergonomic}
    uintx ProfiledCodeHeapSize                     = 122909434                              {pd product} {ergonomic}
    uintx ReservedCodeCacheSize                    = 251658240                              {pd product} {ergonomic}
     bool SegmentedCodeCache                       = true                                      {product} {ergonomic}
   size_t SoftMaxHeapSize                          = 2147483648                             {manageable} {ergonomic}
     bool UseCompressedClassPointers               = true                           {product lp64_product} {ergonomic}
     bool UseCompressedOops                        = true                           {product lp64_product} {ergonomic}
     bool UseG1GC                                  = true                                      {product} {ergonomic}
     bool UseLargePagesIndividualAllocation        = false                                  {pd product} {ergonomic}

Logging:
Log output configuration:
 #0: stdout all=warning uptime,level,tags
 #1: stderr all=off uptime,level,tags

Environment Variables:
JAVA_HOME=C:\Program Files\Java\jdk-20.0.1
PATH=C:\Program Files (x86)\Common Files\Oracle\Java\javapath;C:\Python311\Scripts\;C:\Python311\;C:\Program Files (x86)\Falcon\MinGW\bin;C:\WINDOWS\system32;C:\WINDOWS;C:\WINDOWS\System32\Wbem;C:\WINDOWS\System32\WindowsPowerShell\v1.0\;C:\WINDOWS\System32\OpenSSH\;C:\Program Files\Microsoft SQL Server\130\Tools\Binn\;C:\sqlite3;C:\Program Files (x86)\Microsoft SQL Server\150\DTS\Binn\;C:\Program Files\Azure Data Studio\bin;C:\Program Files\Microsoft SQL Server\Client SDK\ODBC\170\Tools\Binn\;C:\Program Files (x86)\Microsoft SQL Server\150\Tools\Binn\;C:\Program Files\Microsoft SQL Server\150\Tools\Binn\;C:\Program Files\Microsoft SQL Server\150\DTS\Binn\;C:\xampp\php;C:\ProgramData\ComposerSetup\bin;C:\Program Files\dotnet\;C:\Users\User\AppData\Local\Android\Sdk\cmdline-tools\bin;C:\Program Files\Java\;C:\Program Files\Git\cmd;C:\Program Files\nodejs\;C:\ProgramData\chocolatey\bin;C:\Program Files (x86)\GTK2-Runtime\lib;C:\Program Files (x86)\Common Files\Oracle\Java\javapath;C:\Python311\Scripts\;C:\Python311\;C:\Program Files (x86)\Falcon\MinGW\bin;C:\WINDOWS\system32;C:\WINDOWS;C:\WINDOWS\System32\Wbem;C:\WINDOWS\System32\WindowsPowerShell\v1.0\;C:\WINDOWS\System32\OpenSSH\;C:\Program Files\Microsoft SQL Server\130\Tools\Binn\;C:\sqlite3;C:\Program Files (x86)\Microsoft SQL Server\150\DTS\Binn\;C:\Program Files\Azure Data Studio\bin;C:\Program Files\Microsoft SQL Server\Client SDK\ODBC\170\Tools\Binn\;C:\Program Files (x86)\Microsoft SQL Server\150\Tools\Binn\;C:\Program Files\Microsoft SQL Server\150\Tools\Binn\;C:\Program Files\Microsoft SQL Server\150\DTS\Binn\;C:\xampp\php;C:\ProgramData\ComposerSetup\bin;C:\Program Files\dotnet\;C:\Users\User\AppData\Local\Android\Sdk\cmdline-tools\bin;C:\Program Files\Java\;C:\Program Files\Git\cmd;C:\Program Files\nodejs\;C:\ProgramData\chocolatey\bin;C:\Program Files\nodejs\node_modules\npm\bin;C:\Program Files\MySQL\MySQL Shell 8.0\bin\;C:\Users\User\AppData\Local\Microsoft\WindowsApps;C:\Users\User\.dotnet\tools;C:\User
USERNAME=User
OS=Windows_NT
PROCESSOR_IDENTIFIER=Intel64 Family 6 Model 140 Stepping 1, GenuineIntel
TMP=C:\Users\User\AppData\Local\Temp
TEMP=C:\Users\User\AppData\Local\Temp


JNI global refs:
JNI global refs: 27, weak refs: 0

JNI global refs memory usage: 843, weak refs: 841


---------------  S Y S T E M  ---------------

OS:
 Windows 11 , 64 bit Build 22621 (10.0.22621.2428)
OS uptime: 0 days 7:23 hours

CPU: total 8 (initial active 8) (4 cores per cpu, 2 threads per core) family 6 model 140 stepping 1 microcode 0x78, cx8, cmov, fxsr, ht, mmx, 3dnowpref, sse, sse2, sse3, ssse3, sse4.1, sse4.2, popcnt, lzcnt, tsc, tscinvbit, avx, avx2, aes, erms, clmul, bmi1, bmi2, adx, avx512f, avx512dq, avx512cd, avx512bw, avx512vl, sha, fma, vzeroupper, avx512_vpopcntdq, avx512_vpclmulqdq, avx512_vaes, avx512_vnni, clflush, clflushopt, clwb, avx512_vbmi2, avx512_vbmi

Memory: 4k page, system-wide physical 7991M (564M free)
TotalPageFile size 10039M (AvailPageFile size 2M)
current process WorkingSet (physical memory assigned to process): 330M, peak: 330M
current process commit charge ("private bytes"): 367M, peak: 368M

vm_info: OpenJDK 64-Bit Server VM (17.0.6+0-b2043.56-10027231) for windows-amd64 JRE (17.0.6+0-b2043.56-10027231), built on Apr 28 2023 00:43:19 by "androidbuild" with MS VC++ 16.10 / 16.11 (VS2019)

END.
