#
# There is insufficient memory for the Java Runtime Environment to continue.
# Native memory allocation (mmap) failed to map 2441216 bytes for G1 virtual space
# Possible reasons:
#   The system is out of physical RAM or swap space
#   The process is running with CompressedOops enabled, and the Java Heap may be blocking the growth of the native heap
# Possible solutions:
#   Reduce memory load on the system
#   Increase physical memory or swap space
#   Check if swap backing store is full
#   Decrease Java heap size (-Xmx/-Xms)
#   Decrease number of Java threads
#   Decrease Java thread stack sizes (-Xss)
#   Set larger code cache with -XX:ReservedCodeCacheSize=
#   JVM is running with Unscaled Compressed Oops mode in which the Java heap is
#     placed in the first 4GB address space. The Java Heap base address is the
#     maximum limit for the native heap growth. Please use -XX:HeapBaseMinAddress
#     to set the Java Heap base and to place the Java Heap above 4GB virtual address.
# This output file may be truncated or incomplete.
#
#  Out of Memory Error (os_windows.cpp:3769), pid=7876, tid=14540
#
# JRE version: OpenJDK Runtime Environment (17.0.6) (build 17.0.6+0-b2043.56-10027231)
# Java VM: OpenJDK 64-Bit Server VM (17.0.6+0-b2043.56-10027231, mixed mode, tiered, compressed oops, compressed class ptrs, g1 gc, windows-amd64)
# No core dump will be written. Minidumps are not enabled by default on client versions of Windows
#

---------------  S U M M A R Y ------------

Command Line: --add-opens=java.base/java.util=ALL-UNNAMED --add-opens=java.base/java.lang=ALL-UNNAMED --add-opens=java.base/java.lang.invoke=ALL-UNNAMED --add-opens=java.prefs/java.util.prefs=ALL-UNNAMED --add-opens=java.base/java.nio.charset=ALL-UNNAMED --add-opens=java.base/java.net=ALL-UNNAMED --add-opens=java.base/java.util.concurrent.atomic=ALL-UNNAMED -Xmx2048m -Dfile.encoding=UTF-8 -Duser.country=US -Duser.language=en -Duser.variant org.gradle.launcher.daemon.bootstrap.GradleDaemon 8.0

Host: 11th Gen Intel(R) Core(TM) i5-1135G7 @ 2.40GHz, 8 cores, 7G,  Windows 11 , 64 bit Build 22621 (10.0.22621.2506)
Time: Mon Nov 27 13:02:14 2023 E. Africa Standard Time elapsed time: 6.006771 seconds (0d 0h 0m 6s)

---------------  T H R E A D  ---------------

Current thread (0x000002b839c1c330):  VMThread "VM Thread" [stack: 0x000000f754000000,0x000000f754100000] [id=14540]

Stack: [0x000000f754000000,0x000000f754100000]
Native frames: (J=compiled Java code, j=interpreted, Vv=VM code, C=native code)
V  [jvm.dll+0x683c9a]
V  [jvm.dll+0x8427a4]
V  [jvm.dll+0x843f9e]
V  [jvm.dll+0x844603]
V  [jvm.dll+0x249b75]
V  [jvm.dll+0x680b69]
V  [jvm.dll+0x67505a]
V  [jvm.dll+0x309acb]
V  [jvm.dll+0x310f86]
V  [jvm.dll+0x360903]
V  [jvm.dll+0x360b1f]
V  [jvm.dll+0x2dfbf8]
V  [jvm.dll+0x2ddec4]
V  [jvm.dll+0x2dd4cc]
V  [jvm.dll+0x321f3b]
V  [jvm.dll+0x848ccb]
V  [jvm.dll+0x849a04]
V  [jvm.dll+0x849f1d]
V  [jvm.dll+0x84a2f4]
V  [jvm.dll+0x84a3c0]
V  [jvm.dll+0x7f274a]
V  [jvm.dll+0x682ad5]
C  [ucrtbase.dll+0x29363]
C  [KERNEL32.DLL+0x1257d]
C  [ntdll.dll+0x5aa58]

VM_Operation (0x000000f7559f64a0): G1CollectForAllocation, mode: safepoint, requested by thread 0x000002b83abd5e20


---------------  P R O C E S S  ---------------

Threads class SMR info:
_java_thread_list=0x000002b840d4c3a0, length=127, elements={
0x000002b81f45dce0, 0x000002b839c3ddf0, 0x000002b839c3e9a0, 0x000002b839c327d0,
0x000002b839c33290, 0x000002b839c84370, 0x000002b839c87130, 0x000002b839c87e10,
0x000002b839c88800, 0x000002b839c5c8d0, 0x000002b839e0acd0, 0x000002b839e0b1a0,
0x000002b839fe2cc0, 0x000002b839fecab0, 0x000002b83c7ec870, 0x000002b83ad32ff0,
0x000002b83b671260, 0x000002b83b026fc0, 0x000002b83b0bfcf0, 0x000002b83abd5950,
0x000002b83abd5e20, 0x000002b83c636a70, 0x000002b83c6348c0, 0x000002b83c637410,
0x000002b83c6343f0, 0x000002b83c634d90, 0x000002b83c635260, 0x000002b83c635730,
0x000002b83c636f40, 0x000002b83c635c00, 0x000002b83c6360d0, 0x000002b83c6365a0,
0x000002b83c6378e0, 0x000002b83d00bd30, 0x000002b83d00d070, 0x000002b83d00dee0,
0x000002b83d00d540, 0x000002b83d0079d0, 0x000002b83d009b80, 0x000002b83d00cba0,
0x000002b83d00e880, 0x000002b83d008840, 0x000002b83d00a050, 0x000002b83d008d10,
0x000002b83d00c200, 0x000002b83d0096b0, 0x000002b83d00b390, 0x000002b841309f00,
0x000002b84130ad70, 0x000002b84130b240, 0x000002b84130bbe0, 0x000002b841308220,
0x000002b8413086f0, 0x000002b841309560, 0x000002b841308bc0, 0x000002b84130b710,
0x000002b841309090, 0x000002b84130a8a0, 0x000002b841309a30, 0x000002b84130a3d0,
0x000002b84072a120, 0x000002b84072a5f0, 0x000002b84072b930, 0x000002b84072c7a0,
0x000002b84072aac0, 0x000002b840726760, 0x000002b840727f70, 0x000002b84072be00,
0x000002b840728440, 0x000002b84072cc70, 0x000002b84072c2d0, 0x000002b84072d140,
0x000002b84072af90, 0x000002b840725dc0, 0x000002b840728910, 0x000002b840727aa0,
0x000002b8407258f0, 0x000002b840727100, 0x000002b840726290, 0x000002b840726c30,
0x000002b8407275d0, 0x000002b840728de0, 0x000002b8407292b0, 0x000002b840729780,
0x000002b84072b460, 0x000002b840729c50, 0x000002b840fed120, 0x000002b840fedac0,
0x000002b840fee460, 0x000002b840fecc50, 0x000002b840fedf90, 0x000002b840fed5f0,
0x000002b840fef7a0, 0x000002b840fee930, 0x000002b840ff0140, 0x000002b840feee00,
0x000002b840fef2d0, 0x000002b840fefc70, 0x000002b840fec780, 0x000002b840a4bee0,
0x000002b840a4e560, 0x000002b840a4dbc0, 0x000002b840a4e090, 0x000002b840a4b540,
0x000002b840a4ba10, 0x000002b840a4ea30, 0x000002b840a4b070, 0x000002b840a4c3b0,
0x000002b840a4c880, 0x000002b840a4d220, 0x000002b840a4cd50, 0x000002b840a4d6f0,
0x000002b83ffdfa30, 0x000002b83ffde6f0, 0x000002b83ffe1710, 0x000002b83ffdca10,
0x000002b83ffdf560, 0x000002b83ffe0d70, 0x000002b83ffe38c0, 0x000002b83ffddd50,
0x000002b83ffe2a50, 0x000002b83ffdd3b0, 0x000002b83ffe33f0, 0x000002b83ffdc070,
0x000002b83ffdebc0, 0x000002b83ffdf090, 0x000002b83ffe2f20
}

Java Threads: ( => current thread )
  0x000002b81f45dce0 JavaThread "main" [_thread_blocked, id=6932, stack(0x000000f753a00000,0x000000f753b00000)]
  0x000002b839c3ddf0 JavaThread "Reference Handler" daemon [_thread_blocked, id=10716, stack(0x000000f754100000,0x000000f754200000)]
  0x000002b839c3e9a0 JavaThread "Finalizer" daemon [_thread_blocked, id=9664, stack(0x000000f754200000,0x000000f754300000)]
  0x000002b839c327d0 JavaThread "Signal Dispatcher" daemon [_thread_blocked, id=3780, stack(0x000000f754300000,0x000000f754400000)]
  0x000002b839c33290 JavaThread "Attach Listener" daemon [_thread_blocked, id=10212, stack(0x000000f754400000,0x000000f754500000)]
  0x000002b839c84370 JavaThread "Service Thread" daemon [_thread_blocked, id=10988, stack(0x000000f754500000,0x000000f754600000)]
  0x000002b839c87130 JavaThread "Monitor Deflation Thread" daemon [_thread_blocked, id=960, stack(0x000000f754600000,0x000000f754700000)]
  0x000002b839c87e10 JavaThread "C2 CompilerThread0" daemon [_thread_blocked, id=6580, stack(0x000000f754700000,0x000000f754800000)]
  0x000002b839c88800 JavaThread "C1 CompilerThread0" daemon [_thread_blocked, id=9584, stack(0x000000f754800000,0x000000f754900000)]
  0x000002b839c5c8d0 JavaThread "Sweeper thread" daemon [_thread_blocked, id=11360, stack(0x000000f754900000,0x000000f754a00000)]
  0x000002b839e0acd0 JavaThread "Common-Cleaner" daemon [_thread_blocked, id=7648, stack(0x000000f754a00000,0x000000f754b00000)]
  0x000002b839e0b1a0 JavaThread "Notification Thread" daemon [_thread_blocked, id=8288, stack(0x000000f754b00000,0x000000f754c00000)]
  0x000002b839fe2cc0 JavaThread "C2 CompilerThread1" daemon [_thread_blocked, id=11520, stack(0x000000f754d00000,0x000000f754e00000)]
  0x000002b839fecab0 JavaThread "C2 CompilerThread2" daemon [_thread_in_native, id=5292, stack(0x000000f754e00000,0x000000f754f00000)]
  0x000002b83c7ec870 JavaThread "Daemon health stats" [_thread_blocked, id=15052, stack(0x000000f755300000,0x000000f755400000)]
  0x000002b83ad32ff0 JavaThread "Incoming local TCP Connector on port 55377" [_thread_in_native, id=6004, stack(0x000000f755400000,0x000000f755500000)]
  0x000002b83b671260 JavaThread "Daemon periodic checks" [_thread_blocked, id=13400, stack(0x000000f755500000,0x000000f755600000)]
  0x000002b83b026fc0 JavaThread "Daemon" [_thread_blocked, id=11216, stack(0x000000f755600000,0x000000f755700000)]
  0x000002b83b0bfcf0 JavaThread "Handler for socket connection from /127.0.0.1:55377 to /127.0.0.1:55378" [_thread_in_native, id=9424, stack(0x000000f755700000,0x000000f755800000)]
  0x000002b83abd5950 JavaThread "Cancel handler" [_thread_blocked, id=6016, stack(0x000000f755800000,0x000000f755900000)]
  0x000002b83abd5e20 JavaThread "Daemon worker" [_thread_blocked, id=14680, stack(0x000000f755900000,0x000000f755a00000)]
  0x000002b83c636a70 JavaThread "Asynchronous log dispatcher for DefaultDaemonConnection: socket connection from /127.0.0.1:55377 to /127.0.0.1:55378" [_thread_blocked, id=3912, stack(0x000000f755a00000,0x000000f755b00000)]
  0x000002b83c6348c0 JavaThread "Stdin handler" [_thread_blocked, id=16372, stack(0x000000f755b00000,0x000000f755c00000)]
  0x000002b83c637410 JavaThread "Daemon client event forwarder" [_thread_blocked, id=14176, stack(0x000000f755c00000,0x000000f755d00000)]
  0x000002b83c6343f0 JavaThread "Cache worker for journal cache (C:\Users\User\.gradle\caches\journal-1)" [_thread_blocked, id=16168, stack(0x000000f756100000,0x000000f756200000)]
  0x000002b83c634d90 JavaThread "File lock request listener" [_thread_in_native, id=10944, stack(0x000000f756200000,0x000000f756300000)]
  0x000002b83c635260 JavaThread "Cache worker for file hash cache (C:\Users\User\.gradle\caches\8.0\fileHashes)" [_thread_blocked, id=2044, stack(0x000000f756300000,0x000000f756400000)]
  0x000002b83c635730 JavaThread "File watcher server" daemon [_thread_in_native, id=14592, stack(0x000000f756400000,0x000000f756500000)]
  0x000002b83c636f40 JavaThread "File watcher consumer" daemon [_thread_blocked, id=13416, stack(0x000000f756500000,0x000000f756600000)]
  0x000002b83c635c00 JavaThread "jar transforms" [_thread_blocked, id=6448, stack(0x000000f756600000,0x000000f756700000)]
  0x000002b83c6360d0 JavaThread "jar transforms Thread 2" [_thread_blocked, id=7580, stack(0x000000f756700000,0x000000f756800000)]
  0x000002b83c6365a0 JavaThread "jar transforms Thread 3" [_thread_blocked, id=2068, stack(0x000000f756800000,0x000000f756900000)]
  0x000002b83c6378e0 JavaThread "jar transforms Thread 4" [_thread_blocked, id=10812, stack(0x000000f756900000,0x000000f756a00000)]
  0x000002b83d00bd30 JavaThread "jar transforms Thread 5" [_thread_blocked, id=13904, stack(0x000000f756a00000,0x000000f756b00000)]
  0x000002b83d00d070 JavaThread "jar transforms Thread 6" [_thread_blocked, id=11892, stack(0x000000f756b00000,0x000000f756c00000)]
  0x000002b83d00dee0 JavaThread "jar transforms Thread 7" [_thread_blocked, id=7268, stack(0x000000f756c00000,0x000000f756d00000)]
  0x000002b83d00d540 JavaThread "jar transforms Thread 8" [_thread_blocked, id=13796, stack(0x000000f756d00000,0x000000f756e00000)]
  0x000002b83d0079d0 JavaThread "Cache worker for checksums cache (C:\Users\User\AndroidStudioProjects\RepairPal\.gradle\8.0\checksums)" [_thread_blocked, id=5432, stack(0x000000f756e00000,0x000000f756f00000)]
  0x000002b83d009b80 JavaThread "Cache worker for cache directory md-rule (C:\Users\User\.gradle\caches\8.0\md-rule)" [_thread_blocked, id=15760, stack(0x000000f756f00000,0x000000f757000000)]
  0x000002b83d00cba0 JavaThread "Cache worker for file content cache (C:\Users\User\.gradle\caches\8.0\fileContent)" [_thread_blocked, id=1676, stack(0x000000f757000000,0x000000f757100000)]
  0x000002b83d00e880 JavaThread "Cache worker for file hash cache (C:\Users\User\AndroidStudioProjects\RepairPal\.gradle\8.0\fileHashes)" [_thread_blocked, id=15440, stack(0x000000f757100000,0x000000f757200000)]
  0x000002b83d008840 JavaThread "Cache worker for cache directory md-supplier (C:\Users\User\.gradle\caches\8.0\md-supplier)" [_thread_blocked, id=15652, stack(0x000000f757200000,0x000000f757300000)]
  0x000002b83d00a050 JavaThread "Cache worker for execution history cache (C:\Users\User\.gradle\caches\8.0\executionHistory)" [_thread_blocked, id=16224, stack(0x000000f757300000,0x000000f757400000)]
  0x000002b83d008d10 JavaThread "Cache worker for kotlin-dsl (C:\Users\User\.gradle\caches\8.0\kotlin-dsl)" [_thread_blocked, id=13316, stack(0x000000f757400000,0x000000f757500000)]
  0x000002b83d00c200 JavaThread "Cache worker for dependencies-accessors (C:\Users\User\AndroidStudioProjects\RepairPal\.gradle\8.0\dependencies-accessors)" [_thread_blocked, id=3192, stack(0x000000f757500000,0x000000f757600000)]
  0x000002b83d0096b0 JavaThread "Cache worker for Build Output Cleanup Cache (C:\Users\User\AndroidStudioProjects\RepairPal\.gradle\buildOutputCleanup)" [_thread_blocked, id=13108, stack(0x000000f757600000,0x000000f757700000)]
  0x000002b83d00b390 JavaThread "Unconstrained build operations" [_thread_blocked, id=15544, stack(0x000000f757700000,0x000000f757800000)]
  0x000002b841309f00 JavaThread "Unconstrained build operations Thread 2" [_thread_blocked, id=9404, stack(0x000000f757800000,0x000000f757900000)]
  0x000002b84130ad70 JavaThread "Unconstrained build operations Thread 3" [_thread_blocked, id=14968, stack(0x000000f757900000,0x000000f757a00000)]
  0x000002b84130b240 JavaThread "Unconstrained build operations Thread 4" [_thread_blocked, id=10160, stack(0x000000f757a00000,0x000000f757b00000)]
  0x000002b84130bbe0 JavaThread "Unconstrained build operations Thread 5" [_thread_blocked, id=12100, stack(0x000000f757b00000,0x000000f757c00000)]
  0x000002b841308220 JavaThread "Unconstrained build operations Thread 6" [_thread_blocked, id=2852, stack(0x000000f757c00000,0x000000f757d00000)]
  0x000002b8413086f0 JavaThread "Unconstrained build operations Thread 7" [_thread_blocked, id=13052, stack(0x000000f757d00000,0x000000f757e00000)]
  0x000002b841309560 JavaThread "Unconstrained build operations Thread 8" [_thread_blocked, id=6892, stack(0x000000f757e00000,0x000000f757f00000)]
  0x000002b841308bc0 JavaThread "Unconstrained build operations Thread 9" [_thread_blocked, id=11352, stack(0x000000f757f00000,0x000000f758000000)]
  0x000002b84130b710 JavaThread "Unconstrained build operations Thread 10" [_thread_blocked, id=11012, stack(0x000000f758000000,0x000000f758100000)]
  0x000002b841309090 JavaThread "Unconstrained build operations Thread 11" [_thread_blocked, id=12480, stack(0x000000f758100000,0x000000f758200000)]
  0x000002b84130a8a0 JavaThread "Unconstrained build operations Thread 12" [_thread_blocked, id=13820, stack(0x000000f758200000,0x000000f758300000)]
  0x000002b841309a30 JavaThread "Unconstrained build operations Thread 13" [_thread_blocked, id=5040, stack(0x000000f758300000,0x000000f758400000)]
  0x000002b84130a3d0 JavaThread "Unconstrained build operations Thread 14" [_thread_blocked, id=12596, stack(0x000000f758400000,0x000000f758500000)]
  0x000002b84072a120 JavaThread "Unconstrained build operations Thread 15" [_thread_blocked, id=9932, stack(0x000000f758500000,0x000000f758600000)]
  0x000002b84072a5f0 JavaThread "Unconstrained build operations Thread 16" [_thread_blocked, id=13392, stack(0x000000f758600000,0x000000f758700000)]
  0x000002b84072b930 JavaThread "Unconstrained build operations Thread 17" [_thread_blocked, id=11248, stack(0x000000f758700000,0x000000f758800000)]
  0x000002b84072c7a0 JavaThread "Unconstrained build operations Thread 18" [_thread_blocked, id=2276, stack(0x000000f758800000,0x000000f758900000)]
  0x000002b84072aac0 JavaThread "Unconstrained build operations Thread 19" [_thread_blocked, id=1436, stack(0x000000f758900000,0x000000f758a00000)]
  0x000002b840726760 JavaThread "Unconstrained build operations Thread 20" [_thread_blocked, id=1940, stack(0x000000f758a00000,0x000000f758b00000)]
  0x000002b840727f70 JavaThread "Unconstrained build operations Thread 21" [_thread_blocked, id=13592, stack(0x000000f758b00000,0x000000f758c00000)]
  0x000002b84072be00 JavaThread "Unconstrained build operations Thread 22" [_thread_blocked, id=1604, stack(0x000000f758c00000,0x000000f758d00000)]
  0x000002b840728440 JavaThread "Unconstrained build operations Thread 23" [_thread_blocked, id=1092, stack(0x000000f758d00000,0x000000f758e00000)]
  0x000002b84072cc70 JavaThread "Unconstrained build operations Thread 24" [_thread_blocked, id=10224, stack(0x000000f758e00000,0x000000f758f00000)]
  0x000002b84072c2d0 JavaThread "Unconstrained build operations Thread 25" [_thread_blocked, id=3264, stack(0x000000f758f00000,0x000000f759000000)]
  0x000002b84072d140 JavaThread "Unconstrained build operations Thread 26" [_thread_blocked, id=15032, stack(0x000000f759000000,0x000000f759100000)]
  0x000002b84072af90 JavaThread "Unconstrained build operations Thread 27" [_thread_blocked, id=5648, stack(0x000000f759100000,0x000000f759200000)]
  0x000002b840725dc0 JavaThread "Unconstrained build operations Thread 28" [_thread_blocked, id=11356, stack(0x000000f759200000,0x000000f759300000)]
  0x000002b840728910 JavaThread "Unconstrained build operations Thread 29" [_thread_blocked, id=8988, stack(0x000000f759300000,0x000000f759400000)]
  0x000002b840727aa0 JavaThread "Unconstrained build operations Thread 30" [_thread_blocked, id=2000, stack(0x000000f759400000,0x000000f759500000)]
  0x000002b8407258f0 JavaThread "Unconstrained build operations Thread 31" [_thread_blocked, id=9324, stack(0x000000f759500000,0x000000f759600000)]
  0x000002b840727100 JavaThread "Unconstrained build operations Thread 32" [_thread_blocked, id=9860, stack(0x000000f759600000,0x000000f759700000)]
  0x000002b840726290 JavaThread "Unconstrained build operations Thread 33" [_thread_blocked, id=2988, stack(0x000000f759700000,0x000000f759800000)]
  0x000002b840726c30 JavaThread "Unconstrained build operations Thread 34" [_thread_blocked, id=15232, stack(0x000000f759800000,0x000000f759900000)]
  0x000002b8407275d0 JavaThread "Unconstrained build operations Thread 35" [_thread_blocked, id=12928, stack(0x000000f759900000,0x000000f759a00000)]
  0x000002b840728de0 JavaThread "Unconstrained build operations Thread 36" [_thread_blocked, id=15484, stack(0x000000f759a00000,0x000000f759b00000)]
  0x000002b8407292b0 JavaThread "Unconstrained build operations Thread 37" [_thread_blocked, id=14608, stack(0x000000f759b00000,0x000000f759c00000)]
  0x000002b840729780 JavaThread "Unconstrained build operations Thread 38" [_thread_blocked, id=10780, stack(0x000000f759c00000,0x000000f759d00000)]
  0x000002b84072b460 JavaThread "Unconstrained build operations Thread 39" [_thread_blocked, id=9588, stack(0x000000f759d00000,0x000000f759e00000)]
  0x000002b840729c50 JavaThread "Unconstrained build operations Thread 40" [_thread_blocked, id=13992, stack(0x000000f759e00000,0x000000f759f00000)]
  0x000002b840fed120 JavaThread "Unconstrained build operations Thread 41" [_thread_blocked, id=4476, stack(0x000000f759f00000,0x000000f75a000000)]
  0x000002b840fedac0 JavaThread "Unconstrained build operations Thread 42" [_thread_blocked, id=11764, stack(0x000000f75a000000,0x000000f75a100000)]
  0x000002b840fee460 JavaThread "Unconstrained build operations Thread 43" [_thread_blocked, id=4188, stack(0x000000f75a100000,0x000000f75a200000)]
  0x000002b840fecc50 JavaThread "Unconstrained build operations Thread 44" [_thread_blocked, id=12796, stack(0x000000f75a200000,0x000000f75a300000)]
  0x000002b840fedf90 JavaThread "Unconstrained build operations Thread 45" [_thread_blocked, id=13436, stack(0x000000f75a300000,0x000000f75a400000)]
  0x000002b840fed5f0 JavaThread "Unconstrained build operations Thread 46" [_thread_blocked, id=12248, stack(0x000000f75a400000,0x000000f75a500000)]
  0x000002b840fef7a0 JavaThread "Unconstrained build operations Thread 47" [_thread_blocked, id=1636, stack(0x000000f75a500000,0x000000f75a600000)]
  0x000002b840fee930 JavaThread "Unconstrained build operations Thread 48" [_thread_blocked, id=16332, stack(0x000000f75a600000,0x000000f75a700000)]
  0x000002b840ff0140 JavaThread "Unconstrained build operations Thread 49" [_thread_blocked, id=15972, stack(0x000000f75a700000,0x000000f75a800000)]
  0x000002b840feee00 JavaThread "Unconstrained build operations Thread 50" [_thread_blocked, id=12664, stack(0x000000f75a800000,0x000000f75a900000)]
  0x000002b840fef2d0 JavaThread "Unconstrained build operations Thread 51" [_thread_blocked, id=2836, stack(0x000000f75a900000,0x000000f75aa00000)]
  0x000002b840fefc70 JavaThread "Unconstrained build operations Thread 52" [_thread_blocked, id=10016, stack(0x000000f75aa00000,0x000000f75ab00000)]
  0x000002b840fec780 JavaThread "Unconstrained build operations Thread 53" [_thread_blocked, id=3440, stack(0x000000f75ab00000,0x000000f75ac00000)]
  0x000002b840a4bee0 JavaThread "Unconstrained build operations Thread 54" [_thread_blocked, id=15672, stack(0x000000f75ac00000,0x000000f75ad00000)]
  0x000002b840a4e560 JavaThread "Unconstrained build operations Thread 55" [_thread_blocked, id=10592, stack(0x000000f75ad00000,0x000000f75ae00000)]
  0x000002b840a4dbc0 JavaThread "Unconstrained build operations Thread 56" [_thread_blocked, id=6632, stack(0x000000f75ae00000,0x000000f75af00000)]
  0x000002b840a4e090 JavaThread "Unconstrained build operations Thread 57" [_thread_blocked, id=13332, stack(0x000000f75af00000,0x000000f75b000000)]
  0x000002b840a4b540 JavaThread "Unconstrained build operations Thread 58" [_thread_blocked, id=4684, stack(0x000000f75b000000,0x000000f75b100000)]
  0x000002b840a4ba10 JavaThread "Unconstrained build operations Thread 59" [_thread_blocked, id=13860, stack(0x000000f75b100000,0x000000f75b200000)]
  0x000002b840a4ea30 JavaThread "Unconstrained build operations Thread 60" [_thread_blocked, id=15260, stack(0x000000f75b200000,0x000000f75b300000)]
  0x000002b840a4b070 JavaThread "Unconstrained build operations Thread 61" [_thread_blocked, id=12548, stack(0x000000f75b300000,0x000000f75b400000)]
  0x000002b840a4c3b0 JavaThread "Unconstrained build operations Thread 62" [_thread_blocked, id=15208, stack(0x000000f75b400000,0x000000f75b500000)]
  0x000002b840a4c880 JavaThread "Unconstrained build operations Thread 63" [_thread_blocked, id=13076, stack(0x000000f75b500000,0x000000f75b600000)]
  0x000002b840a4d220 JavaThread "Unconstrained build operations Thread 64" [_thread_blocked, id=15020, stack(0x000000f75b600000,0x000000f75b700000)]
  0x000002b840a4cd50 JavaThread "Unconstrained build operations Thread 65" [_thread_blocked, id=15724, stack(0x000000f75b700000,0x000000f75b800000)]
  0x000002b840a4d6f0 JavaThread "Unconstrained build operations Thread 66" [_thread_blocked, id=13844, stack(0x000000f75b800000,0x000000f75b900000)]
  0x000002b83ffdfa30 JavaThread "Unconstrained build operations Thread 67" [_thread_blocked, id=12756, stack(0x000000f75b900000,0x000000f75ba00000)]
  0x000002b83ffde6f0 JavaThread "Unconstrained build operations Thread 68" [_thread_blocked, id=3524, stack(0x000000f75ba00000,0x000000f75bb00000)]
  0x000002b83ffe1710 JavaThread "Unconstrained build operations Thread 69" [_thread_blocked, id=6188, stack(0x000000f75bb00000,0x000000f75bc00000)]
  0x000002b83ffdca10 JavaThread "Unconstrained build operations Thread 70" [_thread_blocked, id=10688, stack(0x000000f75bc00000,0x000000f75bd00000)]
  0x000002b83ffdf560 JavaThread "Unconstrained build operations Thread 71" [_thread_blocked, id=12676, stack(0x000000f75bd00000,0x000000f75be00000)]
  0x000002b83ffe0d70 JavaThread "Unconstrained build operations Thread 72" [_thread_blocked, id=1880, stack(0x000000f75be00000,0x000000f75bf00000)]
  0x000002b83ffe38c0 JavaThread "Unconstrained build operations Thread 73" [_thread_blocked, id=10040, stack(0x000000f75bf00000,0x000000f75c000000)]
  0x000002b83ffddd50 JavaThread "Unconstrained build operations Thread 74" [_thread_blocked, id=16120, stack(0x000000f75c000000,0x000000f75c100000)]
  0x000002b83ffe2a50 JavaThread "Unconstrained build operations Thread 75" [_thread_blocked, id=4264, stack(0x000000f75c100000,0x000000f75c200000)]
  0x000002b83ffdd3b0 JavaThread "Unconstrained build operations Thread 76" [_thread_blocked, id=14860, stack(0x000000f75c200000,0x000000f75c300000)]
  0x000002b83ffe33f0 JavaThread "Unconstrained build operations Thread 77" [_thread_blocked, id=16008, stack(0x000000f75c300000,0x000000f75c400000)]
  0x000002b83ffdc070 JavaThread "Unconstrained build operations Thread 78" [_thread_blocked, id=6000, stack(0x000000f75c400000,0x000000f75c500000)]
  0x000002b83ffdebc0 JavaThread "Unconstrained build operations Thread 79" [_thread_blocked, id=1180, stack(0x000000f75c500000,0x000000f75c600000)]
  0x000002b83ffdf090 JavaThread "Unconstrained build operations Thread 80" [_thread_blocked, id=2760, stack(0x000000f75c600000,0x000000f75c700000)]
  0x000002b83ffe2f20 JavaThread "Memory manager" [_thread_blocked, id=6204, stack(0x000000f75c700000,0x000000f75c800000)]

Other Threads:
=>0x000002b839c1c330 VMThread "VM Thread" [stack: 0x000000f754000000,0x000000f754100000] [id=14540]
  0x000002b839e0d680 WatcherThread [stack: 0x000000f754c00000,0x000000f754d00000] [id=12424]
  0x000002b81f4b88e0 GCTaskThread "GC Thread#0" [stack: 0x000000f753b00000,0x000000f753c00000] [id=8876]
  0x000002b83a947da0 GCTaskThread "GC Thread#1" [stack: 0x000000f754f00000,0x000000f755000000] [id=6440]
  0x000002b83a3c6de0 GCTaskThread "GC Thread#2" [stack: 0x000000f755000000,0x000000f755100000] [id=12092]
  0x000002b83a7e7150 GCTaskThread "GC Thread#3" [stack: 0x000000f755100000,0x000000f755200000] [id=3256]
  0x000002b83b3fc860 GCTaskThread "GC Thread#4" [stack: 0x000000f755200000,0x000000f755300000] [id=1492]
  0x000002b83c0aac60 GCTaskThread "GC Thread#5" [stack: 0x000000f755d00000,0x000000f755e00000] [id=15608]
  0x000002b83c13ebc0 GCTaskThread "GC Thread#6" [stack: 0x000000f755e00000,0x000000f755f00000] [id=9576]
  0x000002b83abd66f0 GCTaskThread "GC Thread#7" [stack: 0x000000f755f00000,0x000000f756000000] [id=8188]
  0x000002b81f4c9820 ConcurrentGCThread "G1 Main Marker" [stack: 0x000000f753c00000,0x000000f753d00000] [id=14348]
  0x000002b81f4ca230 ConcurrentGCThread "G1 Conc#0" [stack: 0x000000f753d00000,0x000000f753e00000] [id=16216]
  0x000002b83c130890 ConcurrentGCThread "G1 Conc#1" [stack: 0x000000f756000000,0x000000f756100000] [id=2112]
  0x000002b81f516350 ConcurrentGCThread "G1 Refine#0" [stack: 0x000000f753e00000,0x000000f753f00000] [id=9728]
  0x000002b838f25c80 ConcurrentGCThread "G1 Service" [stack: 0x000000f753f00000,0x000000f754000000] [id=11420]

Threads with active compile tasks:
C2 CompilerThread0     6019 7610       4       java.lang.invoke.InvokerBytecodeGenerator::emitImplicitConversion (161 bytes)
C2 CompilerThread2     6019 7450 %     4       org.gradle.internal.instantiation.generator.AbstractClassGenerator::inspectType @ 250 (560 bytes)

VM state: at safepoint (normal execution)

VM Mutex/Monitor currently owned by a thread:  ([mutex/lock_event])
[0x000002b81f458850] Threads_lock - owner thread: 0x000002b839c1c330
[0x000002b81f4596f0] Heap_lock - owner thread: 0x000002b83abd5e20

Heap address: 0x0000000080000000, size: 2048 MB, Compressed Oops mode: 32-bit

CDS archive(s) not mapped
Compressed class space mapped at: 0x0000000100000000-0x0000000140000000, reserved size: 1073741824
Narrow klass base: 0x0000000000000000, Narrow klass shift: 3, Narrow klass range: 0x140000000

GC Precious Log:
 CPUs: 8 total, 8 available
 Memory: 7991M
 Large Page Support: Disabled
 NUMA Support: Disabled
 Compressed Oops: Enabled (32-bit)
 Heap Region Size: 1M
 Heap Min Capacity: 8M
 Heap Initial Capacity: 126M
 Heap Max Capacity: 2G
 Pre-touch: Disabled
 Parallel Workers: 8
 Concurrent Workers: 2
 Concurrent Refinement Workers: 8
 Periodic GC: Disabled

Heap:
 garbage-first heap   total 175104K, used 101308K [0x0000000080000000, 0x0000000100000000)
  region size 1024K, 3 young (3072K), 3 survivors (3072K)
 Metaspace       used 74649K, committed 75328K, reserved 1114112K
  class space    used 9905K, committed 10240K, reserved 1048576K

Heap Regions: E=young(eden), S=young(survivor), O=old, HS=humongous(starts), HC=humongous(continues), CS=collection set, F=free, OA=open archive, CA=closed archive, TAMS=top-at-mark-start (previous, next)
|   0|0x0000000080000000, 0x0000000080100000, 0x0000000080100000|100%|HS|  |TAMS 0x0000000080100000, 0x0000000080100000| Complete 
|   1|0x0000000080100000, 0x0000000080200000, 0x0000000080200000|100%|HC|  |TAMS 0x0000000080200000, 0x0000000080200000| Complete 
|   2|0x0000000080200000, 0x0000000080300000, 0x0000000080300000|100%|HC|  |TAMS 0x0000000080300000, 0x0000000080300000| Complete 
|   3|0x0000000080300000, 0x0000000080400000, 0x0000000080400000|100%|HC|  |TAMS 0x0000000080400000, 0x0000000080400000| Complete 
|   4|0x0000000080400000, 0x0000000080500000, 0x0000000080500000|100%| O|  |TAMS 0x0000000080500000, 0x0000000080500000| Untracked 
|   5|0x0000000080500000, 0x0000000080600000, 0x0000000080600000|100%| O|  |TAMS 0x0000000080600000, 0x0000000080600000| Untracked 
|   6|0x0000000080600000, 0x0000000080700000, 0x0000000080700000|100%| O|  |TAMS 0x0000000080700000, 0x0000000080700000| Untracked 
|   7|0x0000000080700000, 0x0000000080800000, 0x0000000080800000|100%| O|  |TAMS 0x0000000080800000, 0x0000000080800000| Untracked 
|   8|0x0000000080800000, 0x0000000080900000, 0x0000000080900000|100%| O|  |TAMS 0x0000000080900000, 0x0000000080900000| Untracked 
|   9|0x0000000080900000, 0x0000000080a00000, 0x0000000080a00000|100%| O|  |TAMS 0x0000000080a00000, 0x0000000080a00000| Untracked 
|  10|0x0000000080a00000, 0x0000000080b00000, 0x0000000080b00000|100%| O|  |TAMS 0x0000000080b00000, 0x0000000080b00000| Untracked 
|  11|0x0000000080b00000, 0x0000000080c00000, 0x0000000080c00000|100%| O|  |TAMS 0x0000000080b00000, 0x0000000080c00000| Untracked 
|  12|0x0000000080c00000, 0x0000000080d00000, 0x0000000080d00000|100%| O|  |TAMS 0x0000000080d00000, 0x0000000080d00000| Untracked 
|  13|0x0000000080d00000, 0x0000000080e00000, 0x0000000080e00000|100%| O|  |TAMS 0x0000000080e00000, 0x0000000080e00000| Untracked 
|  14|0x0000000080e00000, 0x0000000080f00000, 0x0000000080f00000|100%| O|  |TAMS 0x0000000080f00000, 0x0000000080f00000| Untracked 
|  15|0x0000000080f00000, 0x0000000081000000, 0x0000000081000000|100%| O|  |TAMS 0x0000000081000000, 0x0000000081000000| Untracked 
|  16|0x0000000081000000, 0x0000000081100000, 0x0000000081100000|100%| O|  |TAMS 0x0000000081100000, 0x0000000081100000| Untracked 
|  17|0x0000000081100000, 0x0000000081200000, 0x0000000081200000|100%| O|  |TAMS 0x0000000081200000, 0x0000000081200000| Untracked 
|  18|0x0000000081200000, 0x0000000081300000, 0x0000000081300000|100%| O|  |TAMS 0x0000000081300000, 0x0000000081300000| Untracked 
|  19|0x0000000081300000, 0x0000000081400000, 0x0000000081400000|100%|HS|  |TAMS 0x0000000081400000, 0x0000000081400000| Complete 
|  20|0x0000000081400000, 0x0000000081500000, 0x0000000081500000|100%|HC|  |TAMS 0x0000000081500000, 0x0000000081500000| Complete 
|  21|0x0000000081500000, 0x0000000081600000, 0x0000000081600000|100%|HS|  |TAMS 0x0000000081600000, 0x0000000081600000| Complete 
|  22|0x0000000081600000, 0x0000000081700000, 0x0000000081700000|100%|HC|  |TAMS 0x0000000081700000, 0x0000000081700000| Complete 
|  23|0x0000000081700000, 0x0000000081800000, 0x0000000081800000|100%|HC|  |TAMS 0x0000000081800000, 0x0000000081800000| Complete 
|  24|0x0000000081800000, 0x0000000081900000, 0x0000000081900000|100%| O|  |TAMS 0x0000000081900000, 0x0000000081900000| Untracked 
|  25|0x0000000081900000, 0x0000000081a00000, 0x0000000081a00000|100%| O|  |TAMS 0x0000000081a00000, 0x0000000081a00000| Untracked 
|  26|0x0000000081a00000, 0x0000000081b00000, 0x0000000081b00000|100%| O|  |TAMS 0x0000000081b00000, 0x0000000081b00000| Untracked 
|  27|0x0000000081b00000, 0x0000000081c00000, 0x0000000081c00000|100%| O|  |TAMS 0x0000000081c00000, 0x0000000081c00000| Untracked 
|  28|0x0000000081c00000, 0x0000000081d00000, 0x0000000081d00000|100%|HS|  |TAMS 0x0000000081d00000, 0x0000000081d00000| Complete 
|  29|0x0000000081d00000, 0x0000000081e00000, 0x0000000081e00000|100%|HC|  |TAMS 0x0000000081e00000, 0x0000000081e00000| Complete 
|  30|0x0000000081e00000, 0x0000000081f00000, 0x0000000081f00000|100%|HC|  |TAMS 0x0000000081f00000, 0x0000000081f00000| Complete 
|  31|0x0000000081f00000, 0x0000000082000000, 0x0000000082000000|100%| O|  |TAMS 0x0000000082000000, 0x0000000082000000| Untracked 
|  32|0x0000000082000000, 0x0000000082100000, 0x0000000082100000|100%|HS|  |TAMS 0x0000000082100000, 0x0000000082100000| Complete 
|  33|0x0000000082100000, 0x0000000082200000, 0x0000000082200000|100%|HC|  |TAMS 0x0000000082200000, 0x0000000082200000| Complete 
|  34|0x0000000082200000, 0x0000000082300000, 0x0000000082300000|100%|HC|  |TAMS 0x0000000082300000, 0x0000000082300000| Complete 
|  35|0x0000000082300000, 0x0000000082400000, 0x0000000082400000|100%|HC|  |TAMS 0x0000000082400000, 0x0000000082400000| Complete 
|  36|0x0000000082400000, 0x0000000082500000, 0x0000000082500000|100%|HC|  |TAMS 0x0000000082500000, 0x0000000082500000| Complete 
|  37|0x0000000082500000, 0x0000000082600000, 0x0000000082600000|100%|HC|  |TAMS 0x0000000082600000, 0x0000000082600000| Complete 
|  38|0x0000000082600000, 0x0000000082700000, 0x0000000082700000|100%|HC|  |TAMS 0x0000000082700000, 0x0000000082700000| Complete 
|  39|0x0000000082700000, 0x0000000082800000, 0x0000000082800000|100%|HC|  |TAMS 0x0000000082800000, 0x0000000082800000| Complete 
|  40|0x0000000082800000, 0x0000000082900000, 0x0000000082900000|100%|HC|  |TAMS 0x0000000082900000, 0x0000000082900000| Complete 
|  41|0x0000000082900000, 0x0000000082a00000, 0x0000000082a00000|100%|HC|  |TAMS 0x0000000082a00000, 0x0000000082a00000| Complete 
|  42|0x0000000082a00000, 0x0000000082b00000, 0x0000000082b00000|100%|HC|  |TAMS 0x0000000082b00000, 0x0000000082b00000| Complete 
|  43|0x0000000082b00000, 0x0000000082c00000, 0x0000000082c00000|100%|HC|  |TAMS 0x0000000082c00000, 0x0000000082c00000| Complete 
|  44|0x0000000082c00000, 0x0000000082c00000, 0x0000000082d00000|  0%| F|  |TAMS 0x0000000082c00000, 0x0000000082c00000| Untracked 
|  45|0x0000000082d00000, 0x0000000082e00000, 0x0000000082e00000|100%|HS|  |TAMS 0x0000000082e00000, 0x0000000082e00000| Complete 
|  46|0x0000000082e00000, 0x0000000082f00000, 0x0000000082f00000|100%|HC|  |TAMS 0x0000000082f00000, 0x0000000082f00000| Complete 
|  47|0x0000000082f00000, 0x0000000083000000, 0x0000000083000000|100%| O|  |TAMS 0x0000000083000000, 0x0000000083000000| Untracked 
|  48|0x0000000083000000, 0x0000000083100000, 0x0000000083100000|100%| O|  |TAMS 0x0000000083100000, 0x0000000083100000| Untracked 
|  49|0x0000000083100000, 0x0000000083200000, 0x0000000083200000|100%| O|  |TAMS 0x0000000083200000, 0x0000000083200000| Untracked 
|  50|0x0000000083200000, 0x0000000083300000, 0x0000000083300000|100%| O|  |TAMS 0x0000000083300000, 0x0000000083300000| Untracked 
|  51|0x0000000083300000, 0x0000000083400000, 0x0000000083400000|100%| O|  |TAMS 0x0000000083400000, 0x0000000083400000| Untracked 
|  52|0x0000000083400000, 0x0000000083500000, 0x0000000083500000|100%| O|  |TAMS 0x0000000083500000, 0x0000000083500000| Untracked 
|  53|0x0000000083500000, 0x0000000083600000, 0x0000000083600000|100%| O|  |TAMS 0x0000000083600000, 0x0000000083600000| Untracked 
|  54|0x0000000083600000, 0x0000000083700000, 0x0000000083700000|100%| O|  |TAMS 0x0000000083700000, 0x0000000083700000| Untracked 
|  55|0x0000000083700000, 0x0000000083800000, 0x0000000083800000|100%| O|  |TAMS 0x0000000083800000, 0x0000000083800000| Untracked 
|  56|0x0000000083800000, 0x0000000083900000, 0x0000000083900000|100%|HS|  |TAMS 0x0000000083900000, 0x0000000083900000| Complete 
|  57|0x0000000083900000, 0x0000000083a00000, 0x0000000083a00000|100%|HC|  |TAMS 0x0000000083a00000, 0x0000000083a00000| Complete 
|  58|0x0000000083a00000, 0x0000000083b00000, 0x0000000083b00000|100%|HC|  |TAMS 0x0000000083b00000, 0x0000000083b00000| Complete 
|  59|0x0000000083b00000, 0x0000000083c00000, 0x0000000083c00000|100%|HS|  |TAMS 0x0000000083c00000, 0x0000000083c00000| Complete 
|  60|0x0000000083c00000, 0x0000000083d00000, 0x0000000083d00000|100%|HC|  |TAMS 0x0000000083d00000, 0x0000000083d00000| Complete 
|  61|0x0000000083d00000, 0x0000000083e00000, 0x0000000083e00000|100%|HC|  |TAMS 0x0000000083e00000, 0x0000000083e00000| Complete 
|  62|0x0000000083e00000, 0x0000000083f00000, 0x0000000083f00000|100%| O|  |TAMS 0x0000000083f00000, 0x0000000083f00000| Untracked 
|  63|0x0000000083f00000, 0x0000000084000000, 0x0000000084000000|100%| O|  |TAMS 0x0000000084000000, 0x0000000084000000| Untracked 
|  64|0x0000000084000000, 0x0000000084100000, 0x0000000084100000|100%| O|  |TAMS 0x0000000084100000, 0x0000000084100000| Untracked 
|  65|0x0000000084100000, 0x0000000084200000, 0x0000000084200000|100%| O|  |TAMS 0x0000000084200000, 0x0000000084200000| Untracked 
|  66|0x0000000084200000, 0x0000000084300000, 0x0000000084300000|100%| O|  |TAMS 0x0000000084300000, 0x0000000084300000| Untracked 
|  67|0x0000000084300000, 0x0000000084400000, 0x0000000084400000|100%| O|  |TAMS 0x0000000084400000, 0x0000000084400000| Untracked 
|  68|0x0000000084400000, 0x0000000084500000, 0x0000000084500000|100%| O|  |TAMS 0x0000000084500000, 0x0000000084500000| Untracked 
|  69|0x0000000084500000, 0x0000000084600000, 0x0000000084600000|100%| O|  |TAMS 0x0000000084600000, 0x0000000084600000| Untracked 
|  70|0x0000000084600000, 0x0000000084700000, 0x0000000084700000|100%| O|  |TAMS 0x0000000084700000, 0x0000000084700000| Untracked 
|  71|0x0000000084700000, 0x0000000084800000, 0x0000000084800000|100%| O|  |TAMS 0x0000000084800000, 0x0000000084800000| Untracked 
|  72|0x0000000084800000, 0x0000000084900000, 0x0000000084900000|100%| O|  |TAMS 0x0000000084900000, 0x0000000084900000| Untracked 
|  73|0x0000000084900000, 0x0000000084a00000, 0x0000000084a00000|100%|HS|  |TAMS 0x0000000084a00000, 0x0000000084a00000| Complete 
|  74|0x0000000084a00000, 0x0000000084b00000, 0x0000000084b00000|100%|HS|  |TAMS 0x0000000084b00000, 0x0000000084b00000| Complete 
|  75|0x0000000084b00000, 0x0000000084c00000, 0x0000000084c00000|100%|HS|  |TAMS 0x0000000084c00000, 0x0000000084c00000| Complete 
|  76|0x0000000084c00000, 0x0000000084d00000, 0x0000000084d00000|100%|HC|  |TAMS 0x0000000084d00000, 0x0000000084d00000| Complete 
|  77|0x0000000084d00000, 0x0000000084e00000, 0x0000000084e00000|100%|HS|  |TAMS 0x0000000084e00000, 0x0000000084e00000| Complete 
|  78|0x0000000084e00000, 0x0000000084f00000, 0x0000000084f00000|100%|HS|  |TAMS 0x0000000084f00000, 0x0000000084f00000| Complete 
|  79|0x0000000084f00000, 0x0000000085000000, 0x0000000085000000|100%|HC|  |TAMS 0x0000000085000000, 0x0000000085000000| Complete 
|  80|0x0000000085000000, 0x0000000085100000, 0x0000000085100000|100%|HC|  |TAMS 0x0000000085100000, 0x0000000085100000| Complete 
|  81|0x0000000085100000, 0x0000000085200000, 0x0000000085200000|100%|HC|  |TAMS 0x0000000085200000, 0x0000000085200000| Complete 
|  82|0x0000000085200000, 0x0000000085300000, 0x0000000085300000|100%| O|  |TAMS 0x0000000085300000, 0x0000000085300000| Untracked 
|  83|0x0000000085300000, 0x0000000085400000, 0x0000000085400000|100%| O|  |TAMS 0x0000000085400000, 0x0000000085400000| Untracked 
|  84|0x0000000085400000, 0x0000000085500000, 0x0000000085500000|100%| O|  |TAMS 0x0000000085500000, 0x0000000085500000| Untracked 
|  85|0x0000000085500000, 0x0000000085600000, 0x0000000085600000|100%| O|  |TAMS 0x0000000085600000, 0x0000000085600000| Untracked 
|  86|0x0000000085600000, 0x0000000085700000, 0x0000000085700000|100%| O|  |TAMS 0x0000000085700000, 0x0000000085700000| Untracked 
|  87|0x0000000085700000, 0x0000000085800000, 0x0000000085800000|100%| O|  |TAMS 0x0000000085800000, 0x0000000085800000| Untracked 
|  88|0x0000000085800000, 0x0000000085900000, 0x0000000085900000|100%| O|  |TAMS 0x0000000085900000, 0x0000000085900000| Untracked 
|  89|0x0000000085900000, 0x0000000085a00000, 0x0000000085a00000|100%| O|  |TAMS 0x0000000085a00000, 0x0000000085a00000| Untracked 
|  90|0x0000000085a00000, 0x0000000085b00000, 0x0000000085b00000|100%| O|  |TAMS 0x0000000085b00000, 0x0000000085b00000| Untracked 
|  91|0x0000000085b00000, 0x0000000085c00000, 0x0000000085c00000|100%| O|  |TAMS 0x0000000085b85600, 0x0000000085c00000| Untracked 
|  92|0x0000000085c00000, 0x0000000085d00000, 0x0000000085d00000|100%| O|  |TAMS 0x0000000085c00000, 0x0000000085d00000| Untracked 
|  93|0x0000000085d00000, 0x0000000085e00000, 0x0000000085e00000|100%| O|  |TAMS 0x0000000085d00000, 0x0000000085e00000| Untracked 
|  94|0x0000000085e00000, 0x0000000085f00000, 0x0000000085f00000|100%| O|  |TAMS 0x0000000085e00000, 0x0000000085f00000| Untracked 
|  95|0x0000000085f00000, 0x0000000086000000, 0x0000000086000000|100%| O|  |TAMS 0x0000000085f00000, 0x0000000086000000| Untracked 
|  96|0x0000000086000000, 0x0000000086100000, 0x0000000086100000|100%| O|  |TAMS 0x0000000086000000, 0x0000000086100000| Untracked 
|  97|0x0000000086100000, 0x0000000086140200, 0x0000000086200000| 25%| O|  |TAMS 0x0000000086100000, 0x0000000086140008| Untracked 
|  98|0x0000000086200000, 0x0000000086200000, 0x0000000086300000|  0%| F|  |TAMS 0x0000000086200000, 0x0000000086200000| Untracked 
|  99|0x0000000086300000, 0x0000000086300000, 0x0000000086400000|  0%| F|  |TAMS 0x0000000086300000, 0x0000000086300000| Untracked 
| 100|0x0000000086400000, 0x0000000086400000, 0x0000000086500000|  0%| F|  |TAMS 0x0000000086400000, 0x0000000086400000| Untracked 
| 101|0x0000000086500000, 0x0000000086500000, 0x0000000086600000|  0%| F|  |TAMS 0x0000000086500000, 0x0000000086500000| Untracked 
| 102|0x0000000086600000, 0x0000000086600000, 0x0000000086700000|  0%| F|  |TAMS 0x0000000086600000, 0x0000000086600000| Untracked 
| 103|0x0000000086700000, 0x0000000086700000, 0x0000000086800000|  0%| F|  |TAMS 0x0000000086700000, 0x0000000086700000| Untracked 
| 104|0x0000000086800000, 0x0000000086800000, 0x0000000086900000|  0%| F|  |TAMS 0x0000000086800000, 0x0000000086800000| Untracked 
| 105|0x0000000086900000, 0x0000000086900000, 0x0000000086a00000|  0%| F|  |TAMS 0x0000000086900000, 0x0000000086900000| Untracked 
| 106|0x0000000086a00000, 0x0000000086a00000, 0x0000000086b00000|  0%| F|  |TAMS 0x0000000086a00000, 0x0000000086a00000| Untracked 
| 107|0x0000000086b00000, 0x0000000086b00000, 0x0000000086c00000|  0%| F|  |TAMS 0x0000000086b00000, 0x0000000086b00000| Untracked 
| 108|0x0000000086c00000, 0x0000000086c00000, 0x0000000086d00000|  0%| F|  |TAMS 0x0000000086c00000, 0x0000000086c00000| Untracked 
| 109|0x0000000086d00000, 0x0000000086d00000, 0x0000000086e00000|  0%| F|  |TAMS 0x0000000086d00000, 0x0000000086d00000| Untracked 
| 110|0x0000000086e00000, 0x0000000086e00000, 0x0000000086f00000|  0%| F|  |TAMS 0x0000000086e00000, 0x0000000086e00000| Untracked 
| 111|0x0000000086f00000, 0x0000000086f00000, 0x0000000087000000|  0%| F|  |TAMS 0x0000000086f00000, 0x0000000086f00000| Untracked 
| 112|0x0000000087000000, 0x0000000087000000, 0x0000000087100000|  0%| F|  |TAMS 0x0000000087000000, 0x0000000087000000| Untracked 
| 113|0x0000000087100000, 0x0000000087100000, 0x0000000087200000|  0%| F|  |TAMS 0x0000000087100000, 0x0000000087100000| Untracked 
| 114|0x0000000087200000, 0x0000000087200000, 0x0000000087300000|  0%| F|  |TAMS 0x0000000087200000, 0x0000000087200000| Untracked 
| 115|0x0000000087300000, 0x0000000087300000, 0x0000000087400000|  0%| F|  |TAMS 0x0000000087300000, 0x0000000087300000| Untracked 
| 116|0x0000000087400000, 0x0000000087400000, 0x0000000087500000|  0%| F|  |TAMS 0x0000000087400000, 0x0000000087400000| Untracked 
| 117|0x0000000087500000, 0x0000000087500000, 0x0000000087600000|  0%| F|  |TAMS 0x0000000087500000, 0x0000000087500000| Untracked 
| 118|0x0000000087600000, 0x0000000087600000, 0x0000000087700000|  0%| F|  |TAMS 0x0000000087600000, 0x0000000087600000| Untracked 
| 119|0x0000000087700000, 0x0000000087700000, 0x0000000087800000|  0%| F|  |TAMS 0x0000000087700000, 0x0000000087700000| Untracked 
| 120|0x0000000087800000, 0x0000000087800000, 0x0000000087900000|  0%| F|  |TAMS 0x0000000087800000, 0x0000000087800000| Untracked 
| 121|0x0000000087900000, 0x0000000087900000, 0x0000000087a00000|  0%| F|  |TAMS 0x0000000087900000, 0x0000000087900000| Untracked 
| 122|0x0000000087a00000, 0x0000000087a00000, 0x0000000087b00000|  0%| F|  |TAMS 0x0000000087a00000, 0x0000000087a00000| Untracked 
| 123|0x0000000087b00000, 0x0000000087b00000, 0x0000000087c00000|  0%| F|  |TAMS 0x0000000087b00000, 0x0000000087b00000| Untracked 
| 124|0x0000000087c00000, 0x0000000087c00000, 0x0000000087d00000|  0%| F|  |TAMS 0x0000000087c00000, 0x0000000087c00000| Untracked 
| 125|0x0000000087d00000, 0x0000000087d00000, 0x0000000087e00000|  0%| F|  |TAMS 0x0000000087d00000, 0x0000000087d00000| Untracked 
| 126|0x0000000087e00000, 0x0000000087e00000, 0x0000000087f00000|  0%| F|  |TAMS 0x0000000087e00000, 0x0000000087e00000| Untracked 
| 127|0x0000000087f00000, 0x0000000087f00000, 0x0000000088000000|  0%| F|  |TAMS 0x0000000087f00000, 0x0000000087f00000| Untracked 
| 128|0x0000000088000000, 0x0000000088000000, 0x0000000088100000|  0%| F|  |TAMS 0x0000000088000000, 0x0000000088000000| Untracked 
| 129|0x0000000088100000, 0x00000000881af088, 0x0000000088200000| 68%| S|CS|TAMS 0x0000000088100000, 0x0000000088100000| Complete 
| 130|0x0000000088200000, 0x0000000088300000, 0x0000000088300000|100%| S|CS|TAMS 0x0000000088200000, 0x0000000088200000| Complete 
| 131|0x0000000088300000, 0x0000000088400000, 0x0000000088400000|100%| S|CS|TAMS 0x0000000088300000, 0x0000000088300000| Complete 
| 132|0x0000000088400000, 0x0000000088400000, 0x0000000088500000|  0%| F|  |TAMS 0x0000000088400000, 0x0000000088400000| Untracked 
| 133|0x0000000088500000, 0x0000000088500000, 0x0000000088600000|  0%| F|  |TAMS 0x0000000088500000, 0x0000000088500000| Untracked 
| 134|0x0000000088600000, 0x0000000088600000, 0x0000000088700000|  0%| F|  |TAMS 0x0000000088600000, 0x0000000088600000| Untracked 
| 135|0x0000000088700000, 0x0000000088700000, 0x0000000088800000|  0%| F|  |TAMS 0x0000000088700000, 0x0000000088700000| Untracked 
| 136|0x0000000088800000, 0x0000000088800000, 0x0000000088900000|  0%| F|  |TAMS 0x0000000088800000, 0x0000000088800000| Untracked 
| 137|0x0000000088900000, 0x0000000088900000, 0x0000000088a00000|  0%| F|  |TAMS 0x0000000088900000, 0x0000000088900000| Untracked 
| 138|0x0000000088a00000, 0x0000000088a00000, 0x0000000088b00000|  0%| F|  |TAMS 0x0000000088a00000, 0x0000000088a00000| Untracked 
| 139|0x0000000088b00000, 0x0000000088b00000, 0x0000000088c00000|  0%| F|  |TAMS 0x0000000088b00000, 0x0000000088b00000| Untracked 
| 140|0x0000000088c00000, 0x0000000088c00000, 0x0000000088d00000|  0%| F|  |TAMS 0x0000000088c00000, 0x0000000088c00000| Untracked 
| 141|0x0000000088d00000, 0x0000000088d00000, 0x0000000088e00000|  0%| F|  |TAMS 0x0000000088d00000, 0x0000000088d00000| Untracked 
| 142|0x0000000088e00000, 0x0000000088e00000, 0x0000000088f00000|  0%| F|  |TAMS 0x0000000088e00000, 0x0000000088e00000| Untracked 
| 143|0x0000000088f00000, 0x0000000088f00000, 0x0000000089000000|  0%| F|  |TAMS 0x0000000088f00000, 0x0000000088f00000| Untracked 
| 144|0x0000000089000000, 0x0000000089000000, 0x0000000089100000|  0%| F|  |TAMS 0x0000000089000000, 0x0000000089000000| Untracked 
| 145|0x0000000089100000, 0x0000000089100000, 0x0000000089200000|  0%| F|  |TAMS 0x0000000089100000, 0x0000000089100000| Untracked 
| 146|0x0000000089200000, 0x0000000089200000, 0x0000000089300000|  0%| F|  |TAMS 0x0000000089200000, 0x0000000089200000| Untracked 
| 147|0x0000000089300000, 0x0000000089300000, 0x0000000089400000|  0%| F|  |TAMS 0x0000000089300000, 0x0000000089300000| Untracked 
| 148|0x0000000089400000, 0x0000000089400000, 0x0000000089500000|  0%| F|  |TAMS 0x0000000089400000, 0x0000000089400000| Untracked 
| 149|0x0000000089500000, 0x0000000089500000, 0x0000000089600000|  0%| F|  |TAMS 0x0000000089500000, 0x0000000089500000| Untracked 
| 150|0x0000000089600000, 0x0000000089600000, 0x0000000089700000|  0%| F|  |TAMS 0x0000000089600000, 0x0000000089600000| Untracked 
| 151|0x0000000089700000, 0x0000000089700000, 0x0000000089800000|  0%| F|  |TAMS 0x0000000089700000, 0x0000000089700000| Untracked 
| 152|0x0000000089800000, 0x0000000089800000, 0x0000000089900000|  0%| F|  |TAMS 0x0000000089800000, 0x0000000089800000| Untracked 
| 153|0x0000000089900000, 0x0000000089900000, 0x0000000089a00000|  0%| F|  |TAMS 0x0000000089900000, 0x0000000089900000| Untracked 
| 154|0x0000000089a00000, 0x0000000089a00000, 0x0000000089b00000|  0%| F|  |TAMS 0x0000000089a00000, 0x0000000089a00000| Untracked 
| 155|0x0000000089b00000, 0x0000000089b00000, 0x0000000089c00000|  0%| F|  |TAMS 0x0000000089b00000, 0x0000000089b00000| Untracked 
| 156|0x0000000089c00000, 0x0000000089c00000, 0x0000000089d00000|  0%| F|  |TAMS 0x0000000089c00000, 0x0000000089c00000| Untracked 
| 157|0x0000000089d00000, 0x0000000089d00000, 0x0000000089e00000|  0%| F|  |TAMS 0x0000000089d00000, 0x0000000089d00000| Untracked 
| 158|0x0000000089e00000, 0x0000000089e00000, 0x0000000089f00000|  0%| F|  |TAMS 0x0000000089e00000, 0x0000000089e00000| Untracked 
| 159|0x0000000089f00000, 0x0000000089f00000, 0x000000008a000000|  0%| F|  |TAMS 0x0000000089f00000, 0x0000000089f00000| Untracked 
| 160|0x000000008a000000, 0x000000008a000000, 0x000000008a100000|  0%| F|  |TAMS 0x000000008a000000, 0x000000008a000000| Untracked 
| 161|0x000000008a100000, 0x000000008a100000, 0x000000008a200000|  0%| F|  |TAMS 0x000000008a100000, 0x000000008a100000| Untracked 
| 162|0x000000008a200000, 0x000000008a200000, 0x000000008a300000|  0%| F|  |TAMS 0x000000008a200000, 0x000000008a200000| Untracked 
| 163|0x000000008a300000, 0x000000008a300000, 0x000000008a400000|  0%| F|  |TAMS 0x000000008a300000, 0x000000008a300000| Untracked 
| 164|0x000000008a400000, 0x000000008a400000, 0x000000008a500000|  0%| F|  |TAMS 0x000000008a400000, 0x000000008a400000| Untracked 
| 165|0x000000008a500000, 0x000000008a500000, 0x000000008a600000|  0%| F|  |TAMS 0x000000008a500000, 0x000000008a500000| Untracked 
| 166|0x000000008a600000, 0x000000008a600000, 0x000000008a700000|  0%| F|  |TAMS 0x000000008a600000, 0x000000008a600000| Untracked 
| 167|0x000000008a700000, 0x000000008a700000, 0x000000008a800000|  0%| F|  |TAMS 0x000000008a700000, 0x000000008a700000| Untracked 
| 168|0x000000008a800000, 0x000000008a800000, 0x000000008a900000|  0%| F|  |TAMS 0x000000008a800000, 0x000000008a800000| Untracked 
| 169|0x000000008a900000, 0x000000008a900000, 0x000000008aa00000|  0%| F|  |TAMS 0x000000008a900000, 0x000000008a900000| Untracked 
| 170|0x000000008aa00000, 0x000000008aa00000, 0x000000008ab00000|  0%| F|  |TAMS 0x000000008aa00000, 0x000000008aa00000| Untracked 

Card table byte_map: [0x000002b832050000,0x000002b832450000] _byte_map_base: 0x000002b831c50000

Marking Bits (Prev, Next): (CMBitMap*) 0x000002b81f4b8f30, (CMBitMap*) 0x000002b81f4b8ef0
 Prev Bits: [0x000002b834850000, 0x000002b836850000)
 Next Bits: [0x000002b832850000, 0x000002b834850000)

Polling page: 0x000002b81d410000

Metaspace:

Usage:
  Non-class:     63.23 MB used.
      Class:      9.67 MB used.
       Both:     72.90 MB used.

Virtual space:
  Non-class space:       64.00 MB reserved,      63.56 MB (>99%) committed,  8 nodes.
      Class space:        1.00 GB reserved,      10.00 MB ( <1%) committed,  1 nodes.
             Both:        1.06 GB reserved,      73.56 MB (  7%) committed. 

Chunk freelists:
   Non-Class:  448.00 KB
       Class:  1.87 MB
        Both:  2.31 MB

MaxMetaspaceSize: unlimited
CompressedClassSpaceSize: 1.00 GB
Initial GC threshold: 21.00 MB
Current GC threshold: 111.06 MB
CDS: off
MetaspaceReclaimPolicy: balanced
 - commit_granule_bytes: 65536.
 - commit_granule_words: 8192.
 - virtual_space_node_default_size: 1048576.
 - enlarge_chunks_in_place: 1.
 - new_chunks_are_fully_committed: 0.
 - uncommit_free_chunks: 1.
 - use_allocation_guard: 0.
 - handle_deallocations: 1.


Internal statistics:

num_allocs_failed_limit: 3.
num_arena_births: 840.
num_arena_deaths: 0.
num_vsnodes_births: 9.
num_vsnodes_deaths: 0.
num_space_committed: 1177.
num_space_uncommitted: 0.
num_chunks_returned_to_freelist: 3.
num_chunks_taken_from_freelist: 3445.
num_chunk_merges: 3.
num_chunk_splits: 2266.
num_chunks_enlarged: 1515.
num_purges: 0.
num_inconsistent_stats: 0.

CodeHeap 'non-profiled nmethods': size=120000Kb used=4139Kb max_used=4139Kb free=115860Kb
 bounds [0x000002b82a3f0000, 0x000002b82a800000, 0x000002b831920000]
CodeHeap 'profiled nmethods': size=120000Kb used=13205Kb max_used=13214Kb free=106794Kb
 bounds [0x000002b822920000, 0x000002b823610000, 0x000002b829e50000]
CodeHeap 'non-nmethods': size=5760Kb used=2373Kb max_used=2431Kb free=3386Kb
 bounds [0x000002b829e50000, 0x000002b82a0c0000, 0x000002b82a3f0000]
 total_blobs=7715 nmethods=6825 adapters=802
 compilation: enabled
              stopped_count=0, restarted_count=0
 full_count=0

Compilation events (20 events):
Event: 5.994 Thread 0x000002b839c88800 nmethod 7603 0x000002b823603290 code [0x000002b823603440, 0x000002b823603588]
Event: 5.994 Thread 0x000002b839c87e10 nmethod 7593 0x000002b82a7f8090 code [0x000002b82a7f8240, 0x000002b82a7f8868]
Event: 5.994 Thread 0x000002b839c88800 7604       3       java.util.LinkedList$ListItr::set (28 bytes)
Event: 5.994 Thread 0x000002b839c87e10 7595       4       org.codehaus.groovy.runtime.metaclass.MetaMethodIndex::copyNonPrivateMethods (149 bytes)
Event: 5.994 Thread 0x000002b839c88800 nmethod 7604 0x000002b823603610 code [0x000002b8236037e0, 0x000002b823603bd8]
Event: 5.995 Thread 0x000002b839c88800 7605       3       org.gradle.api.internal.plugins.DefaultPluginRegistry$PluginIdLookupCacheKey::<init> (15 bytes)
Event: 5.995 Thread 0x000002b839c88800 nmethod 7605 0x000002b823603d90 code [0x000002b823603f40, 0x000002b823604158]
Event: 5.995 Thread 0x000002b839c88800 7606       3       org.gradle.api.internal.plugins.DefaultPluginRegistry$PluginIdLookupCacheKey::hashCode (23 bytes)
Event: 5.996 Thread 0x000002b839c88800 nmethod 7606 0x000002b823604210 code [0x000002b8236043c0, 0x000002b823604678]
Event: 5.996 Thread 0x000002b839c88800 7607       3       org.gradle.api.internal.collections.AbstractIterationOrderRetainingElementSource$RealizedElementCollectionIterator::updateNext (157 bytes)
Event: 5.997 Thread 0x000002b839c88800 nmethod 7607 0x000002b823604790 code [0x000002b823604a20, 0x000002b823605918]
Event: 5.997 Thread 0x000002b839c88800 7608       3       org.gradle.plugin.use.internal.DefaultPluginId::getNamespace (29 bytes)
Event: 5.997 Thread 0x000002b839c88800 nmethod 7608 0x000002b822a4f910 code [0x000002b822a4fb20, 0x000002b822a50068]
Event: 5.997 Thread 0x000002b839c88800 7609       3       org.gradle.api.internal.plugins.DefaultPluginRegistry::lookup (83 bytes)
Event: 5.998 Thread 0x000002b839c88800 nmethod 7609 0x000002b823605d90 code [0x000002b823606120, 0x000002b823607c08]
Event: 5.998 Thread 0x000002b839c88800 7611       3       org.gradle.internal.classpath.DefaultClassPath$ImmutableUniqueList::of (63 bytes)
Event: 5.999 Thread 0x000002b839c88800 nmethod 7611 0x000002b823608590 code [0x000002b823608860, 0x000002b823609818]
Event: 5.999 Thread 0x000002b839c87e10 nmethod 7595 0x000002b82a7f8b90 code [0x000002b82a7f8d60, 0x000002b82a7f9270]
Event: 5.999 Thread 0x000002b839c87e10 7610       4       java.lang.invoke.InvokerBytecodeGenerator::emitImplicitConversion (161 bytes)
Event: 5.999 Thread 0x000002b839fe2cc0 nmethod 7563 0x000002b82a7f9690 code [0x000002b82a7f98a0, 0x000002b82a7fb1c8]

GC Heap History (20 events):
Event: 3.652 GC heap after
{Heap after GC invocations=22 (full 0):
 garbage-first heap   total 117760K, used 68990K [0x0000000080000000, 0x0000000100000000)
  region size 1024K, 2 young (2048K), 2 survivors (2048K)
 Metaspace       used 49650K, committed 50176K, reserved 1097728K
  class space    used 6506K, committed 6720K, reserved 1048576K
}
Event: 3.842 GC heap before
{Heap before GC invocations=22 (full 0):
 garbage-first heap   total 117760K, used 90494K [0x0000000080000000, 0x0000000100000000)
  region size 1024K, 23 young (23552K), 2 survivors (2048K)
 Metaspace       used 51661K, committed 52224K, reserved 1097728K
  class space    used 6872K, committed 7168K, reserved 1048576K
}
Event: 3.844 GC heap after
{Heap after GC invocations=23 (full 0):
 garbage-first heap   total 117760K, used 70233K [0x0000000080000000, 0x0000000100000000)
  region size 1024K, 2 young (2048K), 2 survivors (2048K)
 Metaspace       used 51661K, committed 52224K, reserved 1097728K
  class space    used 6872K, committed 7168K, reserved 1048576K
}
Event: 4.155 GC heap before
{Heap before GC invocations=24 (full 0):
 garbage-first heap   total 122880K, used 92761K [0x0000000080000000, 0x0000000100000000)
  region size 1024K, 24 young (24576K), 2 survivors (2048K)
 Metaspace       used 54178K, committed 54848K, reserved 1097728K
  class space    used 7293K, committed 7616K, reserved 1048576K
}
Event: 4.157 GC heap after
{Heap after GC invocations=25 (full 0):
 garbage-first heap   total 122880K, used 71981K [0x0000000080000000, 0x0000000100000000)
  region size 1024K, 3 young (3072K), 3 survivors (3072K)
 Metaspace       used 54178K, committed 54848K, reserved 1097728K
  class space    used 7293K, committed 7616K, reserved 1048576K
}
Event: 4.492 GC heap before
{Heap before GC invocations=25 (full 0):
 garbage-first heap   total 122880K, used 97581K [0x0000000080000000, 0x0000000100000000)
  region size 1024K, 28 young (28672K), 3 survivors (3072K)
 Metaspace       used 56121K, committed 56832K, reserved 1105920K
  class space    used 7553K, committed 7872K, reserved 1048576K
}
Event: 4.495 GC heap after
{Heap after GC invocations=26 (full 0):
 garbage-first heap   total 122880K, used 74428K [0x0000000080000000, 0x0000000100000000)
  region size 1024K, 4 young (4096K), 4 survivors (4096K)
 Metaspace       used 56121K, committed 56832K, reserved 1105920K
  class space    used 7553K, committed 7872K, reserved 1048576K
}
Event: 4.639 GC heap before
{Heap before GC invocations=27 (full 0):
 garbage-first heap   total 137216K, used 94908K [0x0000000080000000, 0x0000000100000000)
  region size 1024K, 26 young (26624K), 4 survivors (4096K)
 Metaspace       used 56434K, committed 57024K, reserved 1105920K
  class space    used 7578K, committed 7872K, reserved 1048576K
}
Event: 4.642 GC heap after
{Heap after GC invocations=28 (full 0):
 garbage-first heap   total 137216K, used 77228K [0x0000000080000000, 0x0000000100000000)
  region size 1024K, 4 young (4096K), 4 survivors (4096K)
 Metaspace       used 56434K, committed 57024K, reserved 1105920K
  class space    used 7578K, committed 7872K, reserved 1048576K
}
Event: 4.864 GC heap before
{Heap before GC invocations=29 (full 0):
 garbage-first heap   total 145408K, used 118188K [0x0000000080000000, 0x0000000100000000)
  region size 1024K, 35 young (35840K), 4 survivors (4096K)
 Metaspace       used 59530K, committed 60160K, reserved 1105920K
  class space    used 7999K, committed 8320K, reserved 1048576K
}
Event: 4.867 GC heap after
{Heap after GC invocations=30 (full 0):
 garbage-first heap   total 175104K, used 92727K [0x0000000080000000, 0x0000000100000000)
  region size 1024K, 5 young (5120K), 5 survivors (5120K)
 Metaspace       used 59530K, committed 60160K, reserved 1105920K
  class space    used 7999K, committed 8320K, reserved 1048576K
}
Event: 4.902 GC heap before
{Heap before GC invocations=30 (full 0):
 garbage-first heap   total 175104K, used 95799K [0x0000000080000000, 0x0000000100000000)
  region size 1024K, 8 young (8192K), 5 survivors (5120K)
 Metaspace       used 59925K, committed 60544K, reserved 1105920K
  class space    used 8069K, committed 8384K, reserved 1048576K
}
Event: 4.904 GC heap after
{Heap after GC invocations=31 (full 0):
 garbage-first heap   total 175104K, used 93117K [0x0000000080000000, 0x0000000100000000)
  region size 1024K, 1 young (1024K), 1 survivors (1024K)
 Metaspace       used 59925K, committed 60544K, reserved 1105920K
  class space    used 8069K, committed 8384K, reserved 1048576K
}
Event: 5.346 GC heap before
{Heap before GC invocations=31 (full 0):
 garbage-first heap   total 175104K, used 132029K [0x0000000080000000, 0x0000000100000000)
  region size 1024K, 39 young (39936K), 1 survivors (1024K)
 Metaspace       used 66573K, committed 67264K, reserved 1114112K
  class space    used 8874K, committed 9216K, reserved 1048576K
}
Event: 5.348 GC heap after
{Heap after GC invocations=32 (full 0):
 garbage-first heap   total 175104K, used 95414K [0x0000000080000000, 0x0000000100000000)
  region size 1024K, 3 young (3072K), 3 survivors (3072K)
 Metaspace       used 66573K, committed 67264K, reserved 1114112K
  class space    used 8874K, committed 9216K, reserved 1048576K
}
Event: 5.635 GC heap before
{Heap before GC invocations=33 (full 0):
 garbage-first heap   total 175104K, used 143542K [0x0000000080000000, 0x0000000100000000)
  region size 1024K, 44 young (45056K), 3 survivors (3072K)
 Metaspace       used 70366K, committed 71104K, reserved 1114112K
  class space    used 9348K, committed 9664K, reserved 1048576K
}
Event: 5.638 GC heap after
{Heap after GC invocations=34 (full 0):
 garbage-first heap   total 175104K, used 99161K [0x0000000080000000, 0x0000000100000000)
  region size 1024K, 6 young (6144K), 6 survivors (6144K)
 Metaspace       used 70366K, committed 71104K, reserved 1114112K
  class space    used 9348K, committed 9664K, reserved 1048576K
}
Event: 5.650 GC heap before
{Heap before GC invocations=34 (full 0):
 garbage-first heap   total 175104K, used 100185K [0x0000000080000000, 0x0000000100000000)
  region size 1024K, 8 young (8192K), 6 survivors (6144K)
 Metaspace       used 70508K, committed 71232K, reserved 1114112K
  class space    used 9366K, committed 9664K, reserved 1048576K
}
Event: 5.654 GC heap after
{Heap after GC invocations=35 (full 0):
 garbage-first heap   total 175104K, used 99552K [0x0000000080000000, 0x0000000100000000)
  region size 1024K, 1 young (1024K), 1 survivors (1024K)
 Metaspace       used 70508K, committed 71232K, reserved 1114112K
  class space    used 9366K, committed 9664K, reserved 1048576K
}
Event: 6.003 GC heap before
{Heap before GC invocations=35 (full 0):
 garbage-first heap   total 175104K, used 138464K [0x0000000080000000, 0x0000000100000000)
  region size 1024K, 39 young (39936K), 1 survivors (1024K)
 Metaspace       used 74649K, committed 75328K, reserved 1114112K
  class space    used 9905K, committed 10240K, reserved 1048576K
}

Dll operation events (2 events):
Event: 0.005 Loaded shared library C:\Program Files\Android\Android Studio\jbr\bin\java.dll
Event: 0.240 Loaded shared library C:\Program Files\Android\Android Studio\jbr\bin\verify.dll

Deoptimization events (20 events):
Event: 5.773 Thread 0x000002b83abd5e20 Uncommon trap: trap_request=0xffffffc6 fr.pc=0x000002b82a77e7f8 relative=0x0000000000000bd8
Event: 5.773 Thread 0x000002b83abd5e20 Uncommon trap: reason=bimorphic_or_optimized_type_check action=maybe_recompile pc=0x000002b82a77e7f8 method=java.util.Hashtable.put(Ljava/lang/Object;Ljava/lang/Object;)Ljava/lang/Object; @ 18 c2
Event: 5.773 Thread 0x000002b83abd5e20 DEOPT PACKING pc=0x000002b82a77e7f8 sp=0x000000f7559f6900
Event: 5.773 Thread 0x000002b83abd5e20 DEOPT UNPACKING pc=0x000002b829eaa1a3 sp=0x000000f7559f68c8 mode 2
Event: 5.780 Thread 0x000002b83abd5e20 DEOPT PACKING pc=0x000002b822fcd2ce sp=0x000000f7559f6900
Event: 5.780 Thread 0x000002b83abd5e20 DEOPT UNPACKING pc=0x000002b829eaace3 sp=0x000000f7559f5dc8 mode 0
Event: 5.780 Thread 0x000002b83abd5e20 DEOPT PACKING pc=0x000002b822fcd2ce sp=0x000000f7559f6900
Event: 5.780 Thread 0x000002b83abd5e20 DEOPT UNPACKING pc=0x000002b829eaace3 sp=0x000000f7559f5dc8 mode 0
Event: 5.783 Thread 0x000002b83abd5e20 Uncommon trap: trap_request=0xffffff45 fr.pc=0x000002b82a4a931c relative=0x00000000000005fc
Event: 5.783 Thread 0x000002b83abd5e20 Uncommon trap: reason=unstable_if action=reinterpret pc=0x000002b82a4a931c method=java.lang.String.replace(CC)Ljava/lang/String; @ 2 c2
Event: 5.783 Thread 0x000002b83abd5e20 DEOPT PACKING pc=0x000002b82a4a931c sp=0x000000f7559f69e0
Event: 5.783 Thread 0x000002b83abd5e20 DEOPT UNPACKING pc=0x000002b829eaa1a3 sp=0x000000f7559f6990 mode 2
Event: 5.827 Thread 0x000002b83abd5e20 Uncommon trap: trap_request=0xffffff45 fr.pc=0x000002b82a53b5a8 relative=0x0000000000000ae8
Event: 5.827 Thread 0x000002b83abd5e20 Uncommon trap: reason=unstable_if action=reinterpret pc=0x000002b82a53b5a8 method=java.lang.Integer.stringSize(I)I @ 19 c2
Event: 5.827 Thread 0x000002b83abd5e20 DEOPT PACKING pc=0x000002b82a53b5a8 sp=0x000000f7559f7f30
Event: 5.827 Thread 0x000002b83abd5e20 DEOPT UNPACKING pc=0x000002b829eaa1a3 sp=0x000000f7559f7e78 mode 2
Event: 5.832 Thread 0x000002b83abd5e20 Uncommon trap: trap_request=0xffffff45 fr.pc=0x000002b82a528c94 relative=0x0000000000000094
Event: 5.832 Thread 0x000002b83abd5e20 Uncommon trap: reason=unstable_if action=reinterpret pc=0x000002b82a528c94 method=java.lang.Integer.stringSize(I)I @ 19 c2
Event: 5.832 Thread 0x000002b83abd5e20 DEOPT PACKING pc=0x000002b82a528c94 sp=0x000000f7559f7fc0
Event: 5.833 Thread 0x000002b83abd5e20 DEOPT UNPACKING pc=0x000002b829eaa1a3 sp=0x000000f7559f7f40 mode 2

Classes unloaded (0 events):
No events

Classes redefined (0 events):
No events

Internal exceptions (20 events):
Event: 5.864 Thread 0x000002b83abd5e20 Exception <a 'java/lang/ClassNotFoundException'{0x000000008942a7c8}: org/gradle/api/plugins/internal/DefaultBasePluginConventionCustomizer> (0x000000008942a7c8) 
thrown [s\src\hotspot\share\classfile\systemDictionary.cpp, line 256]
Event: 5.864 Thread 0x000002b83abd5e20 Exception <a 'java/lang/ClassNotFoundException'{0x0000000089456068}: org/gradle/api/plugins/internal/DefaultBasePluginConvention_DecoratedCustomizer> (0x0000000089456068) 
thrown [s\src\hotspot\share\classfile\systemDictionary.cpp, line 256]
Event: 5.866 Thread 0x000002b83abd5e20 Exception <a 'java/lang/ClassNotFoundException'{0x00000000894c86d0}: org/gradle/api/plugins/internal/DefaultJavaPluginConvention_DecoratedBeanInfo> (0x00000000894c86d0) 
thrown [s\src\hotspot\share\classfile\systemDictionary.cpp, line 256]
Event: 5.867 Thread 0x000002b83abd5e20 Exception <a 'java/lang/ClassNotFoundException'{0x00000000894e2748}: org/gradle/api/plugins/internal/DefaultJavaPluginConventionBeanInfo> (0x00000000894e2748) 
thrown [s\src\hotspot\share\classfile\systemDictionary.cpp, line 256]
Event: 5.867 Thread 0x000002b83abd5e20 Exception <a 'java/lang/ClassNotFoundException'{0x00000000894fc5f0}: org/gradle/api/plugins/JavaPluginConventionBeanInfo> (0x00000000894fc5f0) 
thrown [s\src\hotspot\share\classfile\systemDictionary.cpp, line 256]
Event: 5.868 Thread 0x000002b83abd5e20 Exception <a 'java/lang/ClassNotFoundException'{0x0000000089316138}: org/gradle/api/plugins/JavaPluginConventionCustomizer> (0x0000000089316138) 
thrown [s\src\hotspot\share\classfile\systemDictionary.cpp, line 256]
Event: 5.868 Thread 0x000002b83abd5e20 Exception <a 'java/lang/ClassNotFoundException'{0x00000000893439e0}: org/gradle/api/plugins/internal/DefaultJavaPluginConventionCustomizer> (0x00000000893439e0) 
thrown [s\src\hotspot\share\classfile\systemDictionary.cpp, line 256]
Event: 5.869 Thread 0x000002b83abd5e20 Exception <a 'java/lang/ClassNotFoundException'{0x0000000089383718}: org/gradle/api/plugins/internal/DefaultJavaPluginConvention_DecoratedCustomizer> (0x0000000089383718) 
thrown [s\src\hotspot\share\classfile\systemDictionary.cpp, line 256]
Event: 5.984 Thread 0x000002b83abd5e20 Exception <a 'java/lang/ClassNotFoundException'{0x0000000088695d18}: org/jetbrains/kotlin/gradle/targets/js/npm/DefaultNpmDependencyExtensionBeanInfo> (0x0000000088695d18) 
thrown [s\src\hotspot\share\classfile\systemDictionary.cpp, line 256]
Event: 5.984 Thread 0x000002b83abd5e20 Exception <a 'java/lang/ClassNotFoundException'{0x00000000886a1388}: org/jetbrains/kotlin/gradle/targets/js/npm/DefaultNpmDependencyExtensionCustomizer> (0x00000000886a1388) 
thrown [s\src\hotspot\share\classfile\systemDictionary.cpp, line 256]
Event: 5.987 Thread 0x000002b83abd5e20 Exception <a 'java/lang/ClassNotFoundException'{0x000000008850dc50}: org/jetbrains/kotlin/gradle/targets/js/npm/NpmDependencyExtensionKt$defaultNpmDependencyDelegate$1BeanInfo> (0x000000008850dc50) 
thrown [s\src\hotspot\share\classfile\systemDictionary.cpp, line 256]
Event: 5.988 Thread 0x000002b83abd5e20 Exception <a 'java/lang/ClassNotFoundException'{0x0000000088519308}: org/jetbrains/kotlin/gradle/targets/js/npm/NpmDependencyExtensionDelegateBeanInfo> (0x0000000088519308) 
thrown [s\src\hotspot\share\classfile\systemDictionary.cpp, line 256]
Event: 5.988 Thread 0x000002b83abd5e20 Exception <a 'java/lang/ClassNotFoundException'{0x0000000088524988}: org/jetbrains/kotlin/gradle/targets/js/npm/NpmDependencyExtensionDelegateCustomizer> (0x0000000088524988) 
thrown [s\src\hotspot\share\classfile\systemDictionary.cpp, line 256]
Event: 5.988 Thread 0x000002b83abd5e20 Exception <a 'java/lang/ClassNotFoundException'{0x0000000088548470}: org/jetbrains/kotlin/gradle/targets/js/npm/NpmDependencyExtensionKt$defaultNpmDependencyDelegate$1Customizer> (0x0000000088548470) 
thrown [s\src\hotspot\share\classfile\systemDictionary.cpp, line 256]
Event: 5.990 Thread 0x000002b83abd5e20 Exception <a 'java/lang/ClassNotFoundException'{0x000000008857d808}: org/jetbrains/kotlin/gradle/targets/js/npm/DefaultDevNpmDependencyExtensionBeanInfo> (0x000000008857d808) 
thrown [s\src\hotspot\share\classfile\systemDictionary.cpp, line 256]
Event: 5.990 Thread 0x000002b83abd5e20 Exception <a 'java/lang/ClassNotFoundException'{0x00000000885891d0}: org/jetbrains/kotlin/gradle/targets/js/npm/DefaultDevNpmDependencyExtensionCustomizer> (0x00000000885891d0) 
thrown [s\src\hotspot\share\classfile\systemDictionary.cpp, line 256]
Event: 5.992 Thread 0x000002b83abd5e20 Exception <a 'java/lang/ClassNotFoundException'{0x00000000885c37b8}: org/jetbrains/kotlin/gradle/targets/js/npm/DefaultPeerNpmDependencyExtensionBeanInfo> (0x00000000885c37b8) 
thrown [s\src\hotspot\share\classfile\systemDictionary.cpp, line 256]
Event: 5.992 Thread 0x000002b83abd5e20 Exception <a 'java/lang/ClassNotFoundException'{0x00000000885cee70}: org/jetbrains/kotlin/gradle/targets/js/npm/DefaultPeerNpmDependencyExtensionCustomizer> (0x00000000885cee70) 
thrown [s\src\hotspot\share\classfile\systemDictionary.cpp, line 256]
Event: 5.994 Thread 0x000002b83abd5e20 Exception <a 'java/lang/ClassNotFoundException'{0x00000000884108f0}: org/jetbrains/kotlin/gradle/targets/js/npm/DefaultPeerNpmDependencyExtension$delegate$1BeanInfo> (0x00000000884108f0) 
thrown [s\src\hotspot\share\classfile\systemDictionary.cpp, line 256]
Event: 5.994 Thread 0x000002b83abd5e20 Exception <a 'java/lang/ClassNotFoundException'{0x000000008841c170}: org/jetbrains/kotlin/gradle/targets/js/npm/DefaultPeerNpmDependencyExtension$delegate$1Customizer> (0x000000008841c170) 
thrown [s\src\hotspot\share\classfile\systemDictionary.cpp, line 256]

VM Operations (20 events):
Event: 5.348 Executing VM operation: G1CollectForAllocation done
Event: 5.354 Executing VM operation: HandshakeAllThreads
Event: 5.354 Executing VM operation: HandshakeAllThreads done
Event: 5.377 Executing VM operation: G1Concurrent
Event: 5.379 Executing VM operation: G1Concurrent done
Event: 5.392 Executing VM operation: G1Concurrent
Event: 5.392 Executing VM operation: G1Concurrent done
Event: 5.634 Executing VM operation: G1CollectForAllocation
Event: 5.638 Executing VM operation: G1CollectForAllocation done
Event: 5.650 Executing VM operation: G1CollectForAllocation
Event: 5.654 Executing VM operation: G1CollectForAllocation done
Event: 5.750 Executing VM operation: HandshakeAllThreads
Event: 5.750 Executing VM operation: HandshakeAllThreads done
Event: 5.859 Executing VM operation: HandshakeAllThreads
Event: 5.860 Executing VM operation: HandshakeAllThreads done
Event: 5.928 Executing VM operation: ICBufferFull
Event: 5.928 Executing VM operation: ICBufferFull done
Event: 5.994 Executing VM operation: HandshakeAllThreads
Event: 5.994 Executing VM operation: HandshakeAllThreads done
Event: 6.003 Executing VM operation: G1CollectForAllocation

Events (20 events):
Event: 5.772 loading class java/text/ParsePosition
Event: 5.772 loading class java/text/ParsePosition done
Event: 5.777 loading class java/text/CharacterIterator
Event: 5.777 loading class java/text/CharacterIterator done
Event: 5.808 loading class java/time/format/DateTimeFormatterBuilder$WeekBasedFieldPrinterParser
Event: 5.808 loading class java/time/format/DateTimeFormatterBuilder$WeekBasedFieldPrinterParser done
Event: 5.814 loading class com/sun/jmx/mbeanserver/StandardMBeanSupport
Event: 5.814 loading class com/sun/jmx/mbeanserver/StandardMBeanSupport done
Event: 5.814 loading class com/sun/jmx/mbeanserver/StandardMBeanIntrospector
Event: 5.814 loading class com/sun/jmx/mbeanserver/StandardMBeanIntrospector done
Event: 5.995 Thread 0x000002b839c5c8d0 flushing nmethod 0x000002b82a451690
Event: 5.995 Thread 0x000002b839c5c8d0 flushing nmethod 0x000002b82a602b10
Event: 5.995 Thread 0x000002b839c5c8d0 flushing nmethod 0x000002b82a6caa10
Event: 5.996 Thread 0x000002b839c5c8d0 flushing nmethod 0x000002b822978d10
Event: 5.996 Thread 0x000002b839c5c8d0 flushing nmethod 0x000002b822a2ff90
Event: 5.997 Thread 0x000002b839c5c8d0 flushing nmethod 0x000002b822a4bb10
Event: 5.997 Thread 0x000002b839c5c8d0 flushing nmethod 0x000002b822a4eb90
Event: 5.999 Thread 0x000002b839c5c8d0 flushing nmethod 0x000002b822dc3710
Event: 6.000 Thread 0x000002b839c5c8d0 flushing nmethod 0x000002b823094810
Event: 6.001 Thread 0x000002b839c5c8d0 flushing nmethod 0x000002b823248790


Dynamic libraries:
0x00007ff69eb80000 - 0x00007ff69eb8a000 	C:\Program Files\Android\Android Studio\jbr\bin\java.exe
0x00007ff9dfd70000 - 0x00007ff9dff87000 	C:\WINDOWS\SYSTEM32\ntdll.dll
0x00007ff9dee90000 - 0x00007ff9def54000 	C:\WINDOWS\System32\KERNEL32.DLL
0x00007ff9dd0e0000 - 0x00007ff9dd485000 	C:\WINDOWS\System32\KERNELBASE.dll
0x00007ff9dd5e0000 - 0x00007ff9dd6f1000 	C:\WINDOWS\System32\ucrtbase.dll
0x00007ff9af380000 - 0x00007ff9af397000 	C:\Program Files\Android\Android Studio\jbr\bin\jli.dll
0x00007ff9ba090000 - 0x00007ff9ba0ab000 	C:\Program Files\Android\Android Studio\jbr\bin\VCRUNTIME140.dll
0x00007ff9de860000 - 0x00007ff9dea0e000 	C:\WINDOWS\System32\USER32.dll
0x00007ff9dd5b0000 - 0x00007ff9dd5d6000 	C:\WINDOWS\System32\win32u.dll
0x00007ff9c0720000 - 0x00007ff9c09b3000 	C:\WINDOWS\WinSxS\amd64_microsoft.windows.common-controls_6595b64144ccf1df_6.0.22621.2506_none_270c5ae97388e100\COMCTL32.dll
0x00007ff9df360000 - 0x00007ff9df389000 	C:\WINDOWS\System32\GDI32.dll
0x00007ff9df120000 - 0x00007ff9df1c7000 	C:\WINDOWS\System32\msvcrt.dll
0x00007ff9dd490000 - 0x00007ff9dd5a9000 	C:\WINDOWS\System32\gdi32full.dll
0x00007ff9dd9b0000 - 0x00007ff9dda4a000 	C:\WINDOWS\System32\msvcp_win.dll
0x00007ff9de720000 - 0x00007ff9de751000 	C:\WINDOWS\System32\IMM32.DLL
0x00007ff9c8b40000 - 0x00007ff9c8b4c000 	C:\Program Files\Android\Android Studio\jbr\bin\vcruntime140_1.dll
0x00007ff9b86d0000 - 0x00007ff9b875d000 	C:\Program Files\Android\Android Studio\jbr\bin\msvcp140.dll
0x00007ff997f00000 - 0x00007ff998b6e000 	C:\Program Files\Android\Android Studio\jbr\bin\server\jvm.dll
0x00007ff9ddb20000 - 0x00007ff9ddbd1000 	C:\WINDOWS\System32\ADVAPI32.dll
0x00007ff9df390000 - 0x00007ff9df436000 	C:\WINDOWS\System32\sechost.dll
0x00007ff9dfc10000 - 0x00007ff9dfd27000 	C:\WINDOWS\System32\RPCRT4.dll
0x00007ff9d7f20000 - 0x00007ff9d7f29000 	C:\WINDOWS\SYSTEM32\WSOCK32.dll
0x00007ff9d3c70000 - 0x00007ff9d3c7a000 	C:\WINDOWS\SYSTEM32\VERSION.dll
0x00007ff9d59c0000 - 0x00007ff9d59f4000 	C:\WINDOWS\SYSTEM32\WINMM.dll
0x00007ff9df2b0000 - 0x00007ff9df321000 	C:\WINDOWS\System32\WS2_32.dll
0x00007ff9dc080000 - 0x00007ff9dc098000 	C:\WINDOWS\SYSTEM32\kernel.appcore.dll
0x00007ff9d5b30000 - 0x00007ff9d5b3a000 	C:\Program Files\Android\Android Studio\jbr\bin\jimage.dll
0x00007ff9da910000 - 0x00007ff9dab43000 	C:\WINDOWS\SYSTEM32\DBGHELP.DLL
0x00007ff9dea10000 - 0x00007ff9ded99000 	C:\WINDOWS\System32\combase.dll
0x00007ff9df1d0000 - 0x00007ff9df2a7000 	C:\WINDOWS\System32\OLEAUT32.dll
0x00007ff9cb1a0000 - 0x00007ff9cb1d2000 	C:\WINDOWS\SYSTEM32\dbgcore.DLL
0x00007ff9dd930000 - 0x00007ff9dd9aa000 	C:\WINDOWS\System32\bcryptPrimitives.dll
0x00007ff9ba040000 - 0x00007ff9ba065000 	C:\Program Files\Android\Android Studio\jbr\bin\java.dll
0x00007ff9b9490000 - 0x00007ff9b94a8000 	C:\Program Files\Android\Android Studio\jbr\bin\zip.dll
0x00007ff9ddda0000 - 0x00007ff9de5f9000 	C:\WINDOWS\System32\SHELL32.dll
0x00007ff9db100000 - 0x00007ff9db9f4000 	C:\WINDOWS\SYSTEM32\windows.storage.dll
0x00007ff9dafc0000 - 0x00007ff9db0fe000 	C:\WINDOWS\SYSTEM32\wintypes.dll
0x00007ff9de760000 - 0x00007ff9de853000 	C:\WINDOWS\System32\SHCORE.dll
0x00007ff9de6c0000 - 0x00007ff9de71e000 	C:\WINDOWS\System32\shlwapi.dll
0x00007ff9dd010000 - 0x00007ff9dd036000 	C:\WINDOWS\SYSTEM32\profapi.dll
0x00007ff9af7c0000 - 0x00007ff9af7d9000 	C:\Program Files\Android\Android Studio\jbr\bin\net.dll
0x00007ff9d7350000 - 0x00007ff9d7487000 	C:\WINDOWS\SYSTEM32\WINHTTP.dll
0x00007ff9dc560000 - 0x00007ff9dc5c9000 	C:\WINDOWS\system32\mswsock.dll
0x00007ff9af540000 - 0x00007ff9af556000 	C:\Program Files\Android\Android Studio\jbr\bin\nio.dll
0x00007ff9c0c00000 - 0x00007ff9c0c10000 	C:\Program Files\Android\Android Studio\jbr\bin\verify.dll
0x00007ff9ba140000 - 0x00007ff9ba167000 	C:\Users\User\.gradle\native\68d5fa5c4cc2d200863cafc0d521ce42e7d3e7ee720ec0a83991735586a16f82\windows-amd64\native-platform.dll
0x00007ff9aea70000 - 0x00007ff9aebb4000 	C:\Users\User\.gradle\native\e376f236ea51e6404a007f0833ffe2c6e607c4080706a723a18a27aeea778392\windows-amd64\native-platform-file-events.dll
0x00007ff9bf220000 - 0x00007ff9bf229000 	C:\Program Files\Android\Android Studio\jbr\bin\management.dll
0x00007ff9b8420000 - 0x00007ff9b842b000 	C:\Program Files\Android\Android Studio\jbr\bin\management_ext.dll
0x00007ff9df8c0000 - 0x00007ff9df8c8000 	C:\WINDOWS\System32\PSAPI.DLL
0x00007ff9dc830000 - 0x00007ff9dc84b000 	C:\WINDOWS\SYSTEM32\CRYPTSP.dll
0x00007ff9dc040000 - 0x00007ff9dc075000 	C:\WINDOWS\system32\rsaenh.dll
0x00007ff9dc650000 - 0x00007ff9dc67c000 	C:\WINDOWS\SYSTEM32\USERENV.dll
0x00007ff9dca80000 - 0x00007ff9dcaa8000 	C:\WINDOWS\SYSTEM32\bcrypt.dll
0x00007ff9dc7b0000 - 0x00007ff9dc7bc000 	C:\WINDOWS\SYSTEM32\CRYPTBASE.dll
0x00007ff9dbb50000 - 0x00007ff9dbb7d000 	C:\WINDOWS\SYSTEM32\IPHLPAPI.DLL
0x00007ff9ddc00000 - 0x00007ff9ddc09000 	C:\WINDOWS\System32\NSI.dll
0x00007ff9d54b0000 - 0x00007ff9d54c9000 	C:\WINDOWS\SYSTEM32\dhcpcsvc6.DLL
0x00007ff9d5490000 - 0x00007ff9d54af000 	C:\WINDOWS\SYSTEM32\dhcpcsvc.DLL
0x00007ff9dbb80000 - 0x00007ff9dbc79000 	C:\WINDOWS\SYSTEM32\DNSAPI.dll
0x00007ff9af630000 - 0x00007ff9af638000 	C:\WINDOWS\system32\wshunix.dll

dbghelp: loaded successfully - version: 4.0.5 - missing functions: none
symbol engine: initialized successfully - sym options: 0x614 - pdb path: .;C:\Program Files\Android\Android Studio\jbr\bin;C:\WINDOWS\SYSTEM32;C:\WINDOWS\WinSxS\amd64_microsoft.windows.common-controls_6595b64144ccf1df_6.0.22621.2506_none_270c5ae97388e100;C:\Program Files\Android\Android Studio\jbr\bin\server;C:\Users\User\.gradle\native\68d5fa5c4cc2d200863cafc0d521ce42e7d3e7ee720ec0a83991735586a16f82\windows-amd64;C:\Users\User\.gradle\native\e376f236ea51e6404a007f0833ffe2c6e607c4080706a723a18a27aeea778392\windows-amd64

VM Arguments:
jvm_args: --add-opens=java.base/java.util=ALL-UNNAMED --add-opens=java.base/java.lang=ALL-UNNAMED --add-opens=java.base/java.lang.invoke=ALL-UNNAMED --add-opens=java.prefs/java.util.prefs=ALL-UNNAMED --add-opens=java.base/java.nio.charset=ALL-UNNAMED --add-opens=java.base/java.net=ALL-UNNAMED --add-opens=java.base/java.util.concurrent.atomic=ALL-UNNAMED -Xmx2048m -Dfile.encoding=UTF-8 -Duser.country=US -Duser.language=en -Duser.variant 
java_command: org.gradle.launcher.daemon.bootstrap.GradleDaemon 8.0
java_class_path (initial): C:\Users\User\.gradle\wrapper\dists\gradle-8.0-bin\ca5e32bp14vu59qr306oxotwh\gradle-8.0\lib\gradle-launcher-8.0.jar
Launcher Type: SUN_STANDARD

[Global flags]
     intx CICompilerCount                          = 4                                         {product} {ergonomic}
     uint ConcGCThreads                            = 2                                         {product} {ergonomic}
     uint G1ConcRefinementThreads                  = 8                                         {product} {ergonomic}
   size_t G1HeapRegionSize                         = 1048576                                   {product} {ergonomic}
    uintx GCDrainStackTargetSize                   = 64                                        {product} {ergonomic}
   size_t InitialHeapSize                          = 132120576                                 {product} {ergonomic}
   size_t MarkStackSize                            = 4194304                                   {product} {ergonomic}
   size_t MaxHeapSize                              = 2147483648                                {product} {command line}
   size_t MaxNewSize                               = 1287651328                                {product} {ergonomic}
   size_t MinHeapDeltaBytes                        = 1048576                                   {product} {ergonomic}
   size_t MinHeapSize                              = 8388608                                   {product} {ergonomic}
    uintx NonNMethodCodeHeapSize                   = 5839372                                {pd product} {ergonomic}
    uintx NonProfiledCodeHeapSize                  = 122909434                              {pd product} {ergonomic}
    uintx ProfiledCodeHeapSize                     = 122909434                              {pd product} {ergonomic}
    uintx ReservedCodeCacheSize                    = 251658240                              {pd product} {ergonomic}
     bool SegmentedCodeCache                       = true                                      {product} {ergonomic}
   size_t SoftMaxHeapSize                          = 2147483648                             {manageable} {ergonomic}
     bool UseCompressedClassPointers               = true                           {product lp64_product} {ergonomic}
     bool UseCompressedOops                        = true                           {product lp64_product} {ergonomic}
     bool UseG1GC                                  = true                                      {product} {ergonomic}
     bool UseLargePagesIndividualAllocation        = false                                  {pd product} {ergonomic}

Logging:
Log output configuration:
 #0: stdout all=warning uptime,level,tags
 #1: stderr all=off uptime,level,tags

Environment Variables:
JAVA_HOME=C:\Program Files\Java\jdk-20.0.1
PATH=C:\Program Files (x86)\Common Files\Oracle\Java\javapath;C:\Python311\Scripts\;C:\Python311\;C:\Program Files (x86)\Falcon\MinGW\bin;C:\WINDOWS\system32;C:\WINDOWS;C:\WINDOWS\System32\Wbem;C:\WINDOWS\System32\WindowsPowerShell\v1.0\;C:\WINDOWS\System32\OpenSSH\;C:\Program Files\Microsoft SQL Server\130\Tools\Binn\;C:\sqlite3;C:\Program Files (x86)\Microsoft SQL Server\150\DTS\Binn\;C:\Program Files\Azure Data Studio\bin;C:\Program Files\Microsoft SQL Server\Client SDK\ODBC\170\Tools\Binn\;C:\Program Files (x86)\Microsoft SQL Server\150\Tools\Binn\;C:\Program Files\Microsoft SQL Server\150\Tools\Binn\;C:\Program Files\Microsoft SQL Server\150\DTS\Binn\;C:\xampp\php;C:\ProgramData\ComposerSetup\bin;C:\Program Files\dotnet\;C:\Users\User\AppData\Local\Android\Sdk\cmdline-tools\bin;C:\Program Files\Java\;C:\Program Files\Git\cmd;C:\Program Files\nodejs\;C:\ProgramData\chocolatey\bin;C:\Program Files (x86)\GTK2-Runtime\lib;C:\Program Files (x86)\Common Files\Oracle\Java\javapath;C:\Python311\Scripts\;C:\Python311\;C:\Program Files (x86)\Falcon\MinGW\bin;C:\WINDOWS\system32;C:\WINDOWS;C:\WINDOWS\System32\Wbem;C:\WINDOWS\System32\WindowsPowerShell\v1.0\;C:\WINDOWS\System32\OpenSSH\;C:\Program Files\Microsoft SQL Server\130\Tools\Binn\;C:\sqlite3;C:\Program Files (x86)\Microsoft SQL Server\150\DTS\Binn\;C:\Program Files\Azure Data Studio\bin;C:\Program Files\Microsoft SQL Server\Client SDK\ODBC\170\Tools\Binn\;C:\Program Files (x86)\Microsoft SQL Server\150\Tools\Binn\;C:\Program Files\Microsoft SQL Server\150\Tools\Binn\;C:\Program Files\Microsoft SQL Server\150\DTS\Binn\;C:\xampp\php;C:\ProgramData\ComposerSetup\bin;C:\Program Files\dotnet\;C:\Users\User\AppData\Local\Android\Sdk\cmdline-tools\bin;C:\Program Files\Java\;C:\Program Files\Git\cmd;C:\Program Files\nodejs\;C:\ProgramData\chocolatey\bin;C:\Program Files (x86)\GTK2-Runtime\lib;C:\Program Files\nodejs\node_modules\npm\bin;C:\Program Files\MySQL\MySQL Shell 8.0\bin\;C:\Users\User\AppData\Local\Microsoft\Windows
USERNAME=User
OS=Windows_NT
PROCESSOR_IDENTIFIER=Intel64 Family 6 Model 140 Stepping 1, GenuineIntel
TMP=C:\Users\User\AppData\Local\Temp
TEMP=C:\Users\User\AppData\Local\Temp


JNI global refs:
JNI global refs: 26, weak refs: 0

JNI global refs memory usage: 843, weak refs: 841


---------------  S Y S T E M  ---------------

OS:
 Windows 11 , 64 bit Build 22621 (10.0.22621.2506)
OS uptime: 0 days 16:32 hours

CPU: total 8 (initial active 8) (4 cores per cpu, 2 threads per core) family 6 model 140 stepping 1 microcode 0x78, cx8, cmov, fxsr, ht, mmx, 3dnowpref, sse, sse2, sse3, ssse3, sse4.1, sse4.2, popcnt, lzcnt, tsc, tscinvbit, avx, avx2, aes, erms, clmul, bmi1, bmi2, adx, avx512f, avx512dq, avx512cd, avx512bw, avx512vl, sha, fma, vzeroupper, avx512_vpopcntdq, avx512_vpclmulqdq, avx512_vaes, avx512_vnni, clflush, clflushopt, clwb, avx512_vbmi2, avx512_vbmi

Memory: 4k page, system-wide physical 7991M (638M free)
TotalPageFile size 10039M (AvailPageFile size 5M)
current process WorkingSet (physical memory assigned to process): 397M, peak: 401M
current process commit charge ("private bytes"): 582M, peak: 585M

vm_info: OpenJDK 64-Bit Server VM (17.0.6+0-b2043.56-10027231) for windows-amd64 JRE (17.0.6+0-b2043.56-10027231), built on Apr 28 2023 00:43:19 by "androidbuild" with MS VC++ 16.10 / 16.11 (VS2019)

END.
