#
# There is insufficient memory for the Java Runtime Environment to continue.
# Native memory allocation (mmap) failed to map 59768832 bytes for G1 virtual space
# Possible reasons:
#   The system is out of physical RAM or swap space
#   The process is running with CompressedOops enabled, and the Java Heap may be blocking the growth of the native heap
# Possible solutions:
#   Reduce memory load on the system
#   Increase physical memory or swap space
#   Check if swap backing store is full
#   Decrease Java heap size (-Xmx/-Xms)
#   Decrease number of Java threads
#   Decrease Java thread stack sizes (-Xss)
#   Set larger code cache with -XX:ReservedCodeCacheSize=
#   JVM is running with Unscaled Compressed Oops mode in which the Java heap is
#     placed in the first 4GB address space. The Java Heap base address is the
#     maximum limit for the native heap growth. Please use -XX:HeapBaseMinAddress
#     to set the Java Heap base and to place the Java Heap above 4GB virtual address.
# This output file may be truncated or incomplete.
#
#  Out of Memory Error (os_windows.cpp:3769), pid=5192, tid=15024
#
# JRE version: OpenJDK Runtime Environment (17.0.6) (build 17.0.6+0-b2043.56-10027231)
# Java VM: OpenJDK 64-Bit Server VM (17.0.6+0-b2043.56-10027231, mixed mode, tiered, compressed oops, compressed class ptrs, g1 gc, windows-amd64)
# No core dump will be written. Minidumps are not enabled by default on client versions of Windows
#

---------------  S U M M A R Y ------------

Command Line: --add-opens=java.base/java.util=ALL-UNNAMED --add-opens=java.base/java.lang=ALL-UNNAMED --add-opens=java.base/java.lang.invoke=ALL-UNNAMED --add-opens=java.prefs/java.util.prefs=ALL-UNNAMED --add-opens=java.base/java.nio.charset=ALL-UNNAMED --add-opens=java.base/java.net=ALL-UNNAMED --add-opens=java.base/java.util.concurrent.atomic=ALL-UNNAMED -Xmx2048m -Dfile.encoding=UTF-8 -Duser.country=US -Duser.language=en -Duser.variant org.gradle.launcher.daemon.bootstrap.GradleDaemon 8.0

Host: 11th Gen Intel(R) Core(TM) i5-1135G7 @ 2.40GHz, 8 cores, 7G,  Windows 11 , 64 bit Build 22621 (10.0.22621.2506)
Time: Tue Nov 28 08:06:21 2023 E. Africa Standard Time elapsed time: 86.290854 seconds (0d 0h 1m 26s)

---------------  T H R E A D  ---------------

Current thread (0x000001dbb6c20950):  VMThread "VM Thread" [stack: 0x0000001b45200000,0x0000001b45300000] [id=15024]

Stack: [0x0000001b45200000,0x0000001b45300000]
Native frames: (J=compiled Java code, j=interpreted, Vv=VM code, C=native code)
V  [jvm.dll+0x683c9a]
V  [jvm.dll+0x8427a4]
V  [jvm.dll+0x843f9e]
V  [jvm.dll+0x844603]
V  [jvm.dll+0x249b75]
V  [jvm.dll+0x680b69]
V  [jvm.dll+0x67505a]
V  [jvm.dll+0x309acb]
V  [jvm.dll+0x310f86]
V  [jvm.dll+0x3608ee]
V  [jvm.dll+0x360b1f]
V  [jvm.dll+0x2dfbf8]
V  [jvm.dll+0x2e2ce6]
V  [jvm.dll+0x2ed478]
V  [jvm.dll+0x322150]
V  [jvm.dll+0x848ccb]
V  [jvm.dll+0x849a04]
V  [jvm.dll+0x849f1d]
V  [jvm.dll+0x84a2f4]
V  [jvm.dll+0x84a3c0]
V  [jvm.dll+0x7f274a]
V  [jvm.dll+0x682ad5]
C  [ucrtbase.dll+0x29363]
C  [KERNEL32.DLL+0x1257d]
C  [ntdll.dll+0x5aa58]

VM_Operation (0x0000001b44eff2f0): G1Concurrent, mode: safepoint, requested by thread 0x000001db9c598ef0


---------------  P R O C E S S  ---------------

Threads class SMR info:
_java_thread_list=0x000001dbb9f88b60, length=162, elements={
0x000001db9a50dff0, 0x000001dbb6c32250, 0x000001dbb6c32e00, 0x000001dbb639abc0,
0x000001dbb639b770, 0x000001dbb639e230, 0x000001dbb6c55420, 0x000001dbb6c56010,
0x000001dbb6c56ab0, 0x000001dbb6c574a0, 0x000001dbb6df4ba0, 0x000001dbb6df7080,
0x000001dbb8151d80, 0x000001dbb8153590, 0x000001dbb8152250, 0x000001dbb8153a60,
0x000001dbb8152bf0, 0x000001dbb81530c0, 0x000001dbb8152720, 0x000001dbb8153f30,
0x000001dbb8150a40, 0x000001dbb8150f10, 0x000001dbb81518b0, 0x000001dbb81513e0,
0x000001dbba6884c0, 0x000001dbba684fd0, 0x000001dbba682950, 0x000001dbba682e20,
0x000001dbba685970, 0x000001dbba6867e0, 0x000001dbba684630, 0x000001dbba685e40,
0x000001dbba681fb0, 0x000001dbba682480, 0x000001dbba687b20, 0x000001dbba681610,
0x000001dbba6832f0, 0x000001dbba6837c0, 0x000001dbba687ff0, 0x000001dbba686cb0,
0x000001dbba687650, 0x000001dbba681ae0, 0x000001dbba683c90, 0x000001dbba6854a0,
0x000001dbbf7e25d0, 0x000001dbbf7e2f70, 0x000001dbbf7e3de0, 0x000001dbbf7e2100,
0x000001dbbf7e2aa0, 0x000001dbbf7e1760, 0x000001dbbf7e1c30, 0x000001dbbf7e3910,
0x000001dbbf7e3440, 0x000001dbbf7e08f0, 0x000001dbbf7e1290, 0x000001dbbf7e0420,
0x000001dbbf7e0dc0, 0x000001dbbdbe7d60, 0x000001dbbdbe3ed0, 0x000001dbbdbe73c0,
0x000001dbbdbe9570, 0x000001dbbdbe4d40, 0x000001dbbdbe6080, 0x000001dbbdbe9f10,
0x000001dbbdbea3e0, 0x000001dbbdbe6550, 0x000001dbbdbe8230, 0x000001dbbdbe4870,
0x000001dbbdbe56e0, 0x000001dbbdbea8b0, 0x000001dbbdbe3060, 0x000001dbbdbe9a40,
0x000001dbbdbe6ef0, 0x000001dbbdbe7890, 0x000001dbbdbe5bb0, 0x000001dbbdbe8bd0,
0x000001dbbdbe6a20, 0x000001dbbdbe8700, 0x000001dbbdbe90a0, 0x000001dbbdbe3530,
0x000001dbbdbe3a00, 0x000001dbbdbe43a0, 0x000001dbbdbe5210, 0x000001dbba756c40,
0x000001dbba7540f0, 0x000001dbba754a90, 0x000001dbba757ab0, 0x000001dbba756770,
0x000001dbba751f40, 0x000001dbba752410, 0x000001dbba7510d0, 0x000001dbba755dd0,
0x000001dbba7528e0, 0x000001dbba753280, 0x000001dbba7575e0, 0x000001dbba757110,
0x000001dbba7515a0, 0x000001dbba752db0, 0x000001dbba751a70, 0x000001dbba753750,
0x000001dbba755900, 0x000001dbba753c20, 0x000001dbba7562a0, 0x000001dbba754f60,
0x000001dbba750260, 0x000001dbba755430, 0x000001dbba7545c0, 0x000001dbba750730,
0x000001dbba750c00, 0x000001dbbd110c00, 0x000001dbbd10abc0, 0x000001dbbd10bf00,
0x000001dbbd111a70, 0x000001dbbd10d710, 0x000001dbbd10a6f0, 0x000001dbbd1110d0,
0x000001dbbd10a220, 0x000001dbbd10d240, 0x000001dbbd10b090, 0x000001dbbd10ef20,
0x000001dbbd10f3f0, 0x000001dbbd10ba30, 0x000001dbbd10c3d0, 0x000001dbbd10cd70,
0x000001dbbd10c8a0, 0x000001dbbd110260, 0x000001dbc39303d0, 0x000001dbc392dd50,
0x000001dbc3932580, 0x000001dbc392ff00, 0x000001dbc392d880, 0x000001dbc39308a0,
0x000001dbc3930d70, 0x000001dbc39333f0, 0x000001dbc392f090, 0x000001dbc3931240,
0x000001dbc3932a50, 0x000001dbc3932f20, 0x000001dbc3934730, 0x000001dbc392fa30,
0x000001dbbdf52050, 0x000001dbbdf50d10, 0x000001dbbdf546d0, 0x000001dbbdf55ee0,
0x000001dbbdf4f500, 0x000001dbbdf4f9d0, 0x000001dbbdf50840, 0x000001dbbdf52ec0,
0x000001dbbdf51b80, 0x000001dbbdf53390, 0x000001dbbdf53860, 0x000001dbbdf52520,
0x000001dbbdf529f0, 0x000001dbbdf55070, 0x000001dbbdf53d30, 0x000001dbbdf54200,
0x000001dbc39350d0, 0x000001dbb8150570, 0x000001dbbfe242c0, 0x000001dbbfe225e0,
0x000001dbbfe25130, 0x000001dbbdfd3640
}

Java Threads: ( => current thread )
  0x000001db9a50dff0 JavaThread "main" [_thread_blocked, id=1600, stack(0x0000001b44c00000,0x0000001b44d00000)]
  0x000001dbb6c32250 JavaThread "Reference Handler" daemon [_thread_blocked, id=13388, stack(0x0000001b45300000,0x0000001b45400000)]
  0x000001dbb6c32e00 JavaThread "Finalizer" daemon [_thread_blocked, id=16368, stack(0x0000001b45400000,0x0000001b45500000)]
  0x000001dbb639abc0 JavaThread "Signal Dispatcher" daemon [_thread_blocked, id=4336, stack(0x0000001b45500000,0x0000001b45600000)]
  0x000001dbb639b770 JavaThread "Attach Listener" daemon [_thread_blocked, id=6472, stack(0x0000001b45600000,0x0000001b45700000)]
  0x000001dbb639e230 JavaThread "Service Thread" daemon [_thread_blocked, id=12568, stack(0x0000001b45700000,0x0000001b45800000)]
  0x000001dbb6c55420 JavaThread "Monitor Deflation Thread" daemon [_thread_blocked, id=14532, stack(0x0000001b45800000,0x0000001b45900000)]
  0x000001dbb6c56010 JavaThread "C2 CompilerThread0" daemon [_thread_blocked, id=14736, stack(0x0000001b45900000,0x0000001b45a00000)]
  0x000001dbb6c56ab0 JavaThread "C1 CompilerThread0" daemon [_thread_blocked, id=15320, stack(0x0000001b45a00000,0x0000001b45b00000)]
  0x000001dbb6c574a0 JavaThread "Sweeper thread" daemon [_thread_blocked, id=7176, stack(0x0000001b45b00000,0x0000001b45c00000)]
  0x000001dbb6df4ba0 JavaThread "Common-Cleaner" daemon [_thread_blocked, id=13008, stack(0x0000001b45c00000,0x0000001b45d00000)]
  0x000001dbb6df7080 JavaThread "Notification Thread" daemon [_thread_blocked, id=3320, stack(0x0000001b45d00000,0x0000001b45e00000)]
  0x000001dbb8151d80 JavaThread "Daemon health stats" [_thread_blocked, id=12972, stack(0x0000001b46500000,0x0000001b46600000)]
  0x000001dbb8153590 JavaThread "Incoming local TCP Connector on port 51980" [_thread_in_native, id=10188, stack(0x0000001b45f00000,0x0000001b46000000)]
  0x000001dbb8152250 JavaThread "Daemon periodic checks" [_thread_blocked, id=15612, stack(0x0000001b46000000,0x0000001b46100000)]
  0x000001dbb8153a60 JavaThread "Daemon" [_thread_blocked, id=9068, stack(0x0000001b46800000,0x0000001b46900000)]
  0x000001dbb8152bf0 JavaThread "Handler for socket connection from /127.0.0.1:51980 to /127.0.0.1:51981" [_thread_in_native, id=1064, stack(0x0000001b46900000,0x0000001b46a00000)]
  0x000001dbb81530c0 JavaThread "Cancel handler" [_thread_blocked, id=13664, stack(0x0000001b46a00000,0x0000001b46b00000)]
  0x000001dbb8152720 JavaThread "Daemon worker" [_thread_blocked, id=15460, stack(0x0000001b46b00000,0x0000001b46c00000)]
  0x000001dbb8153f30 JavaThread "Asynchronous log dispatcher for DefaultDaemonConnection: socket connection from /127.0.0.1:51980 to /127.0.0.1:51981" [_thread_blocked, id=6184, stack(0x0000001b46c00000,0x0000001b46d00000)]
  0x000001dbb8150a40 JavaThread "Daemon client event forwarder" [_thread_blocked, id=12540, stack(0x0000001b46e00000,0x0000001b46f00000)]
  0x000001dbb8150f10 JavaThread "Cache worker for journal cache (C:\Users\User\.gradle\caches\journal-1)" [_thread_blocked, id=7908, stack(0x0000001b47300000,0x0000001b47400000)]
  0x000001dbb81518b0 JavaThread "File lock request listener" [_thread_in_native, id=3732, stack(0x0000001b47400000,0x0000001b47500000)]
  0x000001dbb81513e0 JavaThread "Cache worker for file hash cache (C:\Users\User\.gradle\caches\8.0\fileHashes)" [_thread_blocked, id=10368, stack(0x0000001b47500000,0x0000001b47600000)]
  0x000001dbba6884c0 JavaThread "File watcher server" daemon [_thread_blocked, id=11864, stack(0x0000001b47600000,0x0000001b47700000)]
  0x000001dbba684fd0 JavaThread "File watcher consumer" daemon [_thread_blocked, id=15196, stack(0x0000001b47700000,0x0000001b47800000)]
  0x000001dbba682950 JavaThread "Cache worker for checksums cache (C:\Users\User\AndroidStudioProjects\RepairPal\.gradle\8.0\checksums)" [_thread_blocked, id=15060, stack(0x0000001b47800000,0x0000001b47900000)]
  0x000001dbba682e20 JavaThread "Cache worker for cache directory md-rule (C:\Users\User\.gradle\caches\8.0\md-rule)" [_thread_blocked, id=10972, stack(0x0000001b47900000,0x0000001b47a00000)]
  0x000001dbba685970 JavaThread "Cache worker for file content cache (C:\Users\User\.gradle\caches\8.0\fileContent)" [_thread_blocked, id=16328, stack(0x0000001b47a00000,0x0000001b47b00000)]
  0x000001dbba6867e0 JavaThread "Cache worker for file hash cache (C:\Users\User\AndroidStudioProjects\RepairPal\.gradle\8.0\fileHashes)" [_thread_blocked, id=11532, stack(0x0000001b47b00000,0x0000001b47c00000)]
  0x000001dbba684630 JavaThread "Cache worker for cache directory md-supplier (C:\Users\User\.gradle\caches\8.0\md-supplier)" [_thread_blocked, id=256, stack(0x0000001b47c00000,0x0000001b47d00000)]
  0x000001dbba685e40 JavaThread "Cache worker for execution history cache (C:\Users\User\.gradle\caches\8.0\executionHistory)" [_thread_blocked, id=13500, stack(0x0000001b47d00000,0x0000001b47e00000)]
  0x000001dbba681fb0 JavaThread "jar transforms" [_thread_blocked, id=10044, stack(0x0000001b47e00000,0x0000001b47f00000)]
  0x000001dbba682480 JavaThread "jar transforms Thread 2" [_thread_blocked, id=6296, stack(0x0000001b47f00000,0x0000001b48000000)]
  0x000001dbba687b20 JavaThread "Cache worker for kotlin-dsl (C:\Users\User\.gradle\caches\8.0\kotlin-dsl)" [_thread_blocked, id=9456, stack(0x0000001b48100000,0x0000001b48200000)]
  0x000001dbba681610 JavaThread "jar transforms Thread 3" [_thread_blocked, id=6084, stack(0x0000001b46600000,0x0000001b46700000)]
  0x000001dbba6832f0 JavaThread "jar transforms Thread 4" [_thread_blocked, id=12728, stack(0x0000001b48200000,0x0000001b48300000)]
  0x000001dbba6837c0 JavaThread "Cache worker for dependencies-accessors (C:\Users\User\AndroidStudioProjects\RepairPal\.gradle\8.0\dependencies-accessors)" [_thread_blocked, id=16344, stack(0x0000001b48300000,0x0000001b48400000)]
  0x000001dbba687ff0 JavaThread "Cache worker for Build Output Cleanup Cache (C:\Users\User\AndroidStudioProjects\RepairPal\.gradle\buildOutputCleanup)" [_thread_blocked, id=7040, stack(0x0000001b48400000,0x0000001b48500000)]
  0x000001dbba686cb0 JavaThread "jar transforms Thread 5" [_thread_blocked, id=7820, stack(0x0000001b48500000,0x0000001b48600000)]
  0x000001dbba687650 JavaThread "Unconstrained build operations" [_thread_blocked, id=2768, stack(0x0000001b46700000,0x0000001b46800000)]
  0x000001dbba681ae0 JavaThread "Unconstrained build operations Thread 2" [_thread_blocked, id=128, stack(0x0000001b48600000,0x0000001b48700000)]
  0x000001dbba683c90 JavaThread "Unconstrained build operations Thread 3" [_thread_blocked, id=5232, stack(0x0000001b48700000,0x0000001b48800000)]
  0x000001dbba6854a0 JavaThread "Unconstrained build operations Thread 4" [_thread_blocked, id=4296, stack(0x0000001b48800000,0x0000001b48900000)]
  0x000001dbbf7e25d0 JavaThread "Unconstrained build operations Thread 5" [_thread_blocked, id=14708, stack(0x0000001b48900000,0x0000001b48a00000)]
  0x000001dbbf7e2f70 JavaThread "Unconstrained build operations Thread 6" [_thread_blocked, id=15736, stack(0x0000001b48a00000,0x0000001b48b00000)]
  0x000001dbbf7e3de0 JavaThread "Unconstrained build operations Thread 7" [_thread_blocked, id=11792, stack(0x0000001b48b00000,0x0000001b48c00000)]
  0x000001dbbf7e2100 JavaThread "Unconstrained build operations Thread 8" [_thread_blocked, id=7232, stack(0x0000001b48c00000,0x0000001b48d00000)]
  0x000001dbbf7e2aa0 JavaThread "Unconstrained build operations Thread 9" [_thread_blocked, id=12820, stack(0x0000001b48d00000,0x0000001b48e00000)]
  0x000001dbbf7e1760 JavaThread "Unconstrained build operations Thread 10" [_thread_blocked, id=6992, stack(0x0000001b48e00000,0x0000001b48f00000)]
  0x000001dbbf7e1c30 JavaThread "Unconstrained build operations Thread 11" [_thread_blocked, id=15684, stack(0x0000001b48f00000,0x0000001b49000000)]
  0x000001dbbf7e3910 JavaThread "Unconstrained build operations Thread 12" [_thread_blocked, id=14560, stack(0x0000001b49000000,0x0000001b49100000)]
  0x000001dbbf7e3440 JavaThread "Unconstrained build operations Thread 13" [_thread_blocked, id=13392, stack(0x0000001b49100000,0x0000001b49200000)]
  0x000001dbbf7e08f0 JavaThread "Unconstrained build operations Thread 14" [_thread_blocked, id=8240, stack(0x0000001b49200000,0x0000001b49300000)]
  0x000001dbbf7e1290 JavaThread "Unconstrained build operations Thread 15" [_thread_blocked, id=3936, stack(0x0000001b49300000,0x0000001b49400000)]
  0x000001dbbf7e0420 JavaThread "Unconstrained build operations Thread 16" [_thread_blocked, id=12240, stack(0x0000001b49400000,0x0000001b49500000)]
  0x000001dbbf7e0dc0 JavaThread "Unconstrained build operations Thread 17" [_thread_blocked, id=10396, stack(0x0000001b49500000,0x0000001b49600000)]
  0x000001dbbdbe7d60 JavaThread "Unconstrained build operations Thread 18" [_thread_blocked, id=14260, stack(0x0000001b49600000,0x0000001b49700000)]
  0x000001dbbdbe3ed0 JavaThread "Unconstrained build operations Thread 19" [_thread_blocked, id=8584, stack(0x0000001b49700000,0x0000001b49800000)]
  0x000001dbbdbe73c0 JavaThread "Unconstrained build operations Thread 20" [_thread_blocked, id=15928, stack(0x0000001b49800000,0x0000001b49900000)]
  0x000001dbbdbe9570 JavaThread "Unconstrained build operations Thread 21" [_thread_blocked, id=13892, stack(0x0000001b49900000,0x0000001b49a00000)]
  0x000001dbbdbe4d40 JavaThread "Unconstrained build operations Thread 22" [_thread_blocked, id=11896, stack(0x0000001b49a00000,0x0000001b49b00000)]
  0x000001dbbdbe6080 JavaThread "Unconstrained build operations Thread 23" [_thread_blocked, id=14176, stack(0x0000001b49b00000,0x0000001b49c00000)]
  0x000001dbbdbe9f10 JavaThread "Unconstrained build operations Thread 24" [_thread_blocked, id=8132, stack(0x0000001b49c00000,0x0000001b49d00000)]
  0x000001dbbdbea3e0 JavaThread "Unconstrained build operations Thread 25" [_thread_blocked, id=5216, stack(0x0000001b49d00000,0x0000001b49e00000)]
  0x000001dbbdbe6550 JavaThread "Unconstrained build operations Thread 26" [_thread_blocked, id=12644, stack(0x0000001b49e00000,0x0000001b49f00000)]
  0x000001dbbdbe8230 JavaThread "Unconstrained build operations Thread 27" [_thread_blocked, id=8268, stack(0x0000001b49f00000,0x0000001b4a000000)]
  0x000001dbbdbe4870 JavaThread "Unconstrained build operations Thread 28" [_thread_blocked, id=12356, stack(0x0000001b4a000000,0x0000001b4a100000)]
  0x000001dbbdbe56e0 JavaThread "Unconstrained build operations Thread 29" [_thread_blocked, id=7864, stack(0x0000001b4a100000,0x0000001b4a200000)]
  0x000001dbbdbea8b0 JavaThread "Unconstrained build operations Thread 30" [_thread_blocked, id=13368, stack(0x0000001b4a200000,0x0000001b4a300000)]
  0x000001dbbdbe3060 JavaThread "Unconstrained build operations Thread 31" [_thread_blocked, id=15568, stack(0x0000001b4a300000,0x0000001b4a400000)]
  0x000001dbbdbe9a40 JavaThread "Unconstrained build operations Thread 32" [_thread_blocked, id=12184, stack(0x0000001b4a400000,0x0000001b4a500000)]
  0x000001dbbdbe6ef0 JavaThread "Unconstrained build operations Thread 33" [_thread_blocked, id=7844, stack(0x0000001b4a500000,0x0000001b4a600000)]
  0x000001dbbdbe7890 JavaThread "Unconstrained build operations Thread 34" [_thread_blocked, id=15852, stack(0x0000001b4a600000,0x0000001b4a700000)]
  0x000001dbbdbe5bb0 JavaThread "Unconstrained build operations Thread 35" [_thread_blocked, id=10800, stack(0x0000001b4a700000,0x0000001b4a800000)]
  0x000001dbbdbe8bd0 JavaThread "Unconstrained build operations Thread 36" [_thread_blocked, id=14436, stack(0x0000001b4a800000,0x0000001b4a900000)]
  0x000001dbbdbe6a20 JavaThread "Unconstrained build operations Thread 37" [_thread_blocked, id=14232, stack(0x0000001b4a900000,0x0000001b4aa00000)]
  0x000001dbbdbe8700 JavaThread "Unconstrained build operations Thread 38" [_thread_blocked, id=13700, stack(0x0000001b4aa00000,0x0000001b4ab00000)]
  0x000001dbbdbe90a0 JavaThread "Unconstrained build operations Thread 39" [_thread_blocked, id=13260, stack(0x0000001b4ab00000,0x0000001b4ac00000)]
  0x000001dbbdbe3530 JavaThread "Unconstrained build operations Thread 40" [_thread_blocked, id=7100, stack(0x0000001b4ac00000,0x0000001b4ad00000)]
  0x000001dbbdbe3a00 JavaThread "Unconstrained build operations Thread 41" [_thread_blocked, id=14164, stack(0x0000001b4ad00000,0x0000001b4ae00000)]
  0x000001dbbdbe43a0 JavaThread "Unconstrained build operations Thread 42" [_thread_blocked, id=436, stack(0x0000001b4ae00000,0x0000001b4af00000)]
  0x000001dbbdbe5210 JavaThread "Unconstrained build operations Thread 43" [_thread_blocked, id=13376, stack(0x0000001b4af00000,0x0000001b4b000000)]
  0x000001dbba756c40 JavaThread "Unconstrained build operations Thread 44" [_thread_blocked, id=13372, stack(0x0000001b4b000000,0x0000001b4b100000)]
  0x000001dbba7540f0 JavaThread "Unconstrained build operations Thread 45" [_thread_blocked, id=6224, stack(0x0000001b4b100000,0x0000001b4b200000)]
  0x000001dbba754a90 JavaThread "Unconstrained build operations Thread 46" [_thread_blocked, id=10492, stack(0x0000001b4b200000,0x0000001b4b300000)]
  0x000001dbba757ab0 JavaThread "Unconstrained build operations Thread 47" [_thread_blocked, id=14484, stack(0x0000001b4b300000,0x0000001b4b400000)]
  0x000001dbba756770 JavaThread "Unconstrained build operations Thread 48" [_thread_blocked, id=7604, stack(0x0000001b4b400000,0x0000001b4b500000)]
  0x000001dbba751f40 JavaThread "Unconstrained build operations Thread 49" [_thread_blocked, id=13172, stack(0x0000001b4b500000,0x0000001b4b600000)]
  0x000001dbba752410 JavaThread "Unconstrained build operations Thread 50" [_thread_blocked, id=12080, stack(0x0000001b4b600000,0x0000001b4b700000)]
  0x000001dbba7510d0 JavaThread "Unconstrained build operations Thread 51" [_thread_blocked, id=1932, stack(0x0000001b4b700000,0x0000001b4b800000)]
  0x000001dbba755dd0 JavaThread "Unconstrained build operations Thread 52" [_thread_blocked, id=8956, stack(0x0000001b4b800000,0x0000001b4b900000)]
  0x000001dbba7528e0 JavaThread "Unconstrained build operations Thread 53" [_thread_blocked, id=11448, stack(0x0000001b4b900000,0x0000001b4ba00000)]
  0x000001dbba753280 JavaThread "Unconstrained build operations Thread 54" [_thread_blocked, id=7260, stack(0x0000001b4ba00000,0x0000001b4bb00000)]
  0x000001dbba7575e0 JavaThread "Unconstrained build operations Thread 55" [_thread_blocked, id=7248, stack(0x0000001b4bb00000,0x0000001b4bc00000)]
  0x000001dbba757110 JavaThread "Unconstrained build operations Thread 56" [_thread_blocked, id=15972, stack(0x0000001b4bc00000,0x0000001b4bd00000)]
  0x000001dbba7515a0 JavaThread "Unconstrained build operations Thread 57" [_thread_blocked, id=160, stack(0x0000001b4bd00000,0x0000001b4be00000)]
  0x000001dbba752db0 JavaThread "Unconstrained build operations Thread 58" [_thread_blocked, id=8876, stack(0x0000001b4be00000,0x0000001b4bf00000)]
  0x000001dbba751a70 JavaThread "Unconstrained build operations Thread 59" [_thread_blocked, id=10312, stack(0x0000001b4bf00000,0x0000001b4c000000)]
  0x000001dbba753750 JavaThread "Unconstrained build operations Thread 60" [_thread_blocked, id=5244, stack(0x0000001b4c000000,0x0000001b4c100000)]
  0x000001dbba755900 JavaThread "Unconstrained build operations Thread 61" [_thread_blocked, id=7768, stack(0x0000001b4c100000,0x0000001b4c200000)]
  0x000001dbba753c20 JavaThread "Unconstrained build operations Thread 62" [_thread_blocked, id=10120, stack(0x0000001b4c200000,0x0000001b4c300000)]
  0x000001dbba7562a0 JavaThread "Unconstrained build operations Thread 63" [_thread_blocked, id=16236, stack(0x0000001b4c300000,0x0000001b4c400000)]
  0x000001dbba754f60 JavaThread "Unconstrained build operations Thread 64" [_thread_blocked, id=8672, stack(0x0000001b4c400000,0x0000001b4c500000)]
  0x000001dbba750260 JavaThread "Unconstrained build operations Thread 65" [_thread_blocked, id=12560, stack(0x0000001b4c500000,0x0000001b4c600000)]
  0x000001dbba755430 JavaThread "Unconstrained build operations Thread 66" [_thread_blocked, id=14928, stack(0x0000001b4c600000,0x0000001b4c700000)]
  0x000001dbba7545c0 JavaThread "Unconstrained build operations Thread 67" [_thread_blocked, id=8736, stack(0x0000001b4c700000,0x0000001b4c800000)]
  0x000001dbba750730 JavaThread "Unconstrained build operations Thread 68" [_thread_blocked, id=9604, stack(0x0000001b4c800000,0x0000001b4c900000)]
  0x000001dbba750c00 JavaThread "Unconstrained build operations Thread 69" [_thread_blocked, id=11096, stack(0x0000001b4c900000,0x0000001b4ca00000)]
  0x000001dbbd110c00 JavaThread "Unconstrained build operations Thread 70" [_thread_blocked, id=3332, stack(0x0000001b4cb00000,0x0000001b4cc00000)]
  0x000001dbbd10abc0 JavaThread "Unconstrained build operations Thread 71" [_thread_blocked, id=13964, stack(0x0000001b4cc00000,0x0000001b4cd00000)]
  0x000001dbbd10bf00 JavaThread "Unconstrained build operations Thread 72" [_thread_blocked, id=15168, stack(0x0000001b4cd00000,0x0000001b4ce00000)]
  0x000001dbbd111a70 JavaThread "Unconstrained build operations Thread 73" [_thread_blocked, id=12072, stack(0x0000001b4ce00000,0x0000001b4cf00000)]
  0x000001dbbd10d710 JavaThread "Unconstrained build operations Thread 74" [_thread_blocked, id=11112, stack(0x0000001b4cf00000,0x0000001b4d000000)]
  0x000001dbbd10a6f0 JavaThread "Unconstrained build operations Thread 75" [_thread_blocked, id=8048, stack(0x0000001b4d000000,0x0000001b4d100000)]
  0x000001dbbd1110d0 JavaThread "Unconstrained build operations Thread 76" [_thread_blocked, id=16268, stack(0x0000001b4d100000,0x0000001b4d200000)]
  0x000001dbbd10a220 JavaThread "Unconstrained build operations Thread 77" [_thread_blocked, id=14860, stack(0x0000001b4d200000,0x0000001b4d300000)]
  0x000001dbbd10d240 JavaThread "Unconstrained build operations Thread 78" [_thread_blocked, id=5884, stack(0x0000001b4d300000,0x0000001b4d400000)]
  0x000001dbbd10b090 JavaThread "Unconstrained build operations Thread 79" [_thread_blocked, id=12580, stack(0x0000001b4d400000,0x0000001b4d500000)]
  0x000001dbbd10ef20 JavaThread "Unconstrained build operations Thread 80" [_thread_blocked, id=15676, stack(0x0000001b4d500000,0x0000001b4d600000)]
  0x000001dbbd10f3f0 JavaThread "jar transforms Thread 6" [_thread_blocked, id=13252, stack(0x0000001b4ca00000,0x0000001b4cb00000)]
  0x000001dbbd10ba30 JavaThread "jar transforms Thread 7" [_thread_blocked, id=12180, stack(0x0000001b4d600000,0x0000001b4d700000)]
  0x000001dbbd10c3d0 JavaThread "jar transforms Thread 8" [_thread_blocked, id=15932, stack(0x0000001b4d700000,0x0000001b4d800000)]
  0x000001dbbd10cd70 JavaThread "build event listener" [_thread_blocked, id=10080, stack(0x0000001b4d900000,0x0000001b4da00000)]
  0x000001dbbd10c8a0 JavaThread "Memory manager" [_thread_blocked, id=16092, stack(0x0000001b4da00000,0x0000001b4db00000)]
  0x000001dbbd110260 JavaThread "pool-3-thread-1" [_thread_blocked, id=13068, stack(0x0000001b4de00000,0x0000001b4df00000)]
  0x000001dbc39303d0 JavaThread "build event listener" [_thread_blocked, id=14512, stack(0x0000001b4df00000,0x0000001b4e000000)]
  0x000001dbc392dd50 JavaThread "included builds" [_thread_blocked, id=13052, stack(0x0000001b4e000000,0x0000001b4e100000)]
  0x000001dbc3932580 JavaThread "Execution worker" [_thread_blocked, id=7380, stack(0x0000001b4e100000,0x0000001b4e200000)]
  0x000001dbc392ff00 JavaThread "Execution worker Thread 2" [_thread_blocked, id=432, stack(0x0000001b4e200000,0x0000001b4e300000)]
  0x000001dbc392d880 JavaThread "Execution worker Thread 3" [_thread_blocked, id=14380, stack(0x0000001b4e300000,0x0000001b4e400000)]
  0x000001dbc39308a0 JavaThread "Execution worker Thread 4" [_thread_blocked, id=13444, stack(0x0000001b4e400000,0x0000001b4e500000)]
  0x000001dbc3930d70 JavaThread "Execution worker Thread 5" [_thread_blocked, id=16200, stack(0x0000001b4e500000,0x0000001b4e600000)]
  0x000001dbc39333f0 JavaThread "Execution worker Thread 6" [_thread_blocked, id=5880, stack(0x0000001b4e600000,0x0000001b4e700000)]
  0x000001dbc392f090 JavaThread "Execution worker Thread 7" [_thread_blocked, id=15644, stack(0x0000001b4e700000,0x0000001b4e800000)]
  0x000001dbc3931240 JavaThread "Cache worker for execution history cache (C:\Users\User\AndroidStudioProjects\RepairPal\.gradle\8.0\executionHistory)" [_thread_blocked, id=7496, stack(0x0000001b4e800000,0x0000001b4e900000)]
  0x000001dbc3932a50 JavaThread "WorkerExecutor Queue" [_thread_blocked, id=13016, stack(0x0000001b4e900000,0x0000001b4ea00000)]
  0x000001dbc3932f20 JavaThread "WorkerExecutor Queue Thread 2" [_thread_blocked, id=14644, stack(0x0000001b4ea00000,0x0000001b4eb00000)]
  0x000001dbc3934730 JavaThread "WorkerExecutor Queue Thread 3" [_thread_blocked, id=4628, stack(0x0000001b4db00000,0x0000001b4dc00000)]
  0x000001dbc392fa30 JavaThread "WorkerExecutor Queue Thread 4" [_thread_blocked, id=12148, stack(0x0000001b4eb00000,0x0000001b4ec00000)]
  0x000001dbbdf52050 JavaThread "pool-4-thread-1" [_thread_blocked, id=8216, stack(0x0000001b4ed00000,0x0000001b4ee00000)]
  0x000001dbbdf50d10 JavaThread "stderr" [_thread_in_native, id=15456, stack(0x0000001b4ee00000,0x0000001b4ef00000)]
  0x000001dbbdf546d0 JavaThread "stdout" [_thread_in_native, id=9988, stack(0x0000001b4ef00000,0x0000001b4f000000)]
  0x000001dbbdf55ee0 JavaThread "WorkerExecutor Queue Thread 5" [_thread_blocked, id=11372, stack(0x0000001b44b00000,0x0000001b44c00000)]
  0x000001dbbdf4f500 JavaThread "RMI Scheduler(0)" daemon [_thread_blocked, id=7572, stack(0x0000001b44900000,0x0000001b44a00000)]
  0x000001dbbdf4f9d0 JavaThread "RMI GC Daemon" daemon [_thread_blocked, id=14148, stack(0x0000001b4d800000,0x0000001b4d900000)]
  0x000001dbbdf50840 JavaThread "RMI TCP Accept-0" daemon [_thread_in_native, id=4440, stack(0x0000001b4ec00000,0x0000001b4ed00000)]
  0x000001dbbdf52ec0 JavaThread "RMI Reaper" [_thread_blocked, id=2800, stack(0x0000001b4f000000,0x0000001b4f100000)]
  0x000001dbbdf51b80 JavaThread "RMI TCP Connection(1)-127.0.0.1" daemon [_thread_in_native, id=568, stack(0x0000001b4f100000,0x0000001b4f200000)]
  0x000001dbbdf53390 JavaThread "Cache worker for Java compile cache (C:\Users\User\.gradle\caches\8.0\javaCompile)" [_thread_blocked, id=5896, stack(0x0000001b4f300000,0x0000001b4f400000)]
  0x000001dbbdf53860 JavaThread "Build operations" [_thread_blocked, id=7584, stack(0x0000001b4f400000,0x0000001b4f500000)]
  0x000001dbbdf52520 JavaThread "Build operations Thread 2" [_thread_blocked, id=7228, stack(0x0000001b4f500000,0x0000001b4f600000)]
  0x000001dbbdf529f0 JavaThread "Build operations Thread 3" [_thread_blocked, id=4152, stack(0x0000001b4f600000,0x0000001b4f700000)]
  0x000001dbbdf55070 JavaThread "Build operations Thread 4" [_thread_blocked, id=2616, stack(0x0000001b4f700000,0x0000001b4f800000)]
  0x000001dbbdf53d30 JavaThread "Build operations Thread 5" [_thread_blocked, id=8096, stack(0x0000001b4f800000,0x0000001b4f900000)]
  0x000001dbbdf54200 JavaThread "Build operations Thread 6" [_thread_blocked, id=5816, stack(0x0000001b4f900000,0x0000001b4fa00000)]
  0x000001dbc39350d0 JavaThread "Build operations Thread 7" [_thread_blocked, id=15176, stack(0x0000001b4fa00000,0x0000001b4fb00000)]
  0x000001dbb8150570 JavaThread "Build operations Thread 8" [_thread_blocked, id=5672, stack(0x0000001b4fb00000,0x0000001b4fc00000)]
  0x000001dbbfe242c0 JavaThread "WorkerExecutor Queue Thread 6" [_thread_blocked, id=644, stack(0x0000001b46d00000,0x0000001b46e00000)]
  0x000001dbbfe225e0 JavaThread "WorkerExecutor Queue Thread 7" [_thread_blocked, id=2748, stack(0x0000001b4f200000,0x0000001b4f300000)]
  0x000001dbbfe25130 JavaThread "WorkerExecutor Queue Thread 8" [_thread_blocked, id=4884, stack(0x0000001b4fc00000,0x0000001b4fd00000)]
  0x000001dbbdfd3640 JavaThread "C2 CompilerThread1" daemon [_thread_blocked, id=12464, stack(0x0000001b4fd00000,0x0000001b4fe00000)]

Other Threads:
=>0x000001dbb6c20950 VMThread "VM Thread" [stack: 0x0000001b45200000,0x0000001b45300000] [id=15024]
  0x000001dbb6df9560 WatcherThread [stack: 0x0000001b45e00000,0x0000001b45f00000] [id=9444]
  0x000001db9c587fb0 GCTaskThread "GC Thread#0" [stack: 0x0000001b44d00000,0x0000001b44e00000] [id=13820]
  0x000001dbb7250e10 GCTaskThread "GC Thread#1" [stack: 0x0000001b46100000,0x0000001b46200000] [id=8348]
  0x000001dbb7acac10 GCTaskThread "GC Thread#2" [stack: 0x0000001b46200000,0x0000001b46300000] [id=15936]
  0x000001dbb7700fb0 GCTaskThread "GC Thread#3" [stack: 0x0000001b46300000,0x0000001b46400000] [id=12112]
  0x000001dbb803b630 GCTaskThread "GC Thread#4" [stack: 0x0000001b46400000,0x0000001b46500000] [id=15312]
  0x000001dbb7e98ed0 GCTaskThread "GC Thread#5" [stack: 0x0000001b46f00000,0x0000001b47000000] [id=4816]
  0x000001dbb8691d80 GCTaskThread "GC Thread#6" [stack: 0x0000001b47000000,0x0000001b47100000] [id=2108]
  0x000001dbb8692030 GCTaskThread "GC Thread#7" [stack: 0x0000001b47100000,0x0000001b47200000] [id=10512]
  0x000001db9c598ef0 ConcurrentGCThread "G1 Main Marker" [stack: 0x0000001b44e00000,0x0000001b44f00000] [id=14696]
  0x000001db9c599900 ConcurrentGCThread "G1 Conc#0" [stack: 0x0000001b44f00000,0x0000001b45000000] [id=4568]
  0x000001dbb86922e0 ConcurrentGCThread "G1 Conc#1" [stack: 0x0000001b47200000,0x0000001b47300000] [id=5740]
  0x000001dbb61fb1b0 ConcurrentGCThread "G1 Refine#0" [stack: 0x0000001b45000000,0x0000001b45100000] [id=14616]
  0x000001dbb753adc0 ConcurrentGCThread "G1 Refine#1" [stack: 0x0000001b48000000,0x0000001b48100000] [id=3268]
  0x000001dbb61fb9e0 ConcurrentGCThread "G1 Service" [stack: 0x0000001b45100000,0x0000001b45200000] [id=3368]

Threads with active compile tasks:
C2 CompilerThread0    86459 18824       4       jdk.internal.org.objectweb.asm.ClassWriter::visitMethod (57 bytes)
C2 CompilerThread1    86459 18823       4       jdk.internal.org.objectweb.asm.MethodWriter::<init> (232 bytes)

VM state: at safepoint (normal execution)

VM Mutex/Monitor currently owned by a thread:  ([mutex/lock_event])
[0x000001db9a50a5c0] Threads_lock - owner thread: 0x000001dbb6c20950
[0x000001db9a50ba90] Heap_lock - owner thread: 0x000001db9c598ef0

Heap address: 0x0000000080000000, size: 2048 MB, Compressed Oops mode: 32-bit

CDS archive(s) not mapped
Compressed class space mapped at: 0x0000000100000000-0x0000000140000000, reserved size: 1073741824
Narrow klass base: 0x0000000000000000, Narrow klass shift: 3, Narrow klass range: 0x140000000

GC Precious Log:
 CPUs: 8 total, 8 available
 Memory: 7991M
 Large Page Support: Disabled
 NUMA Support: Disabled
 Compressed Oops: Enabled (32-bit)
 Heap Region Size: 1M
 Heap Min Capacity: 8M
 Heap Initial Capacity: 126M
 Heap Max Capacity: 2G
 Pre-touch: Disabled
 Parallel Workers: 8
 Concurrent Workers: 2
 Concurrent Refinement Workers: 8
 Periodic GC: Disabled

Heap:
 garbage-first heap   total 239616K, used 179704K [0x0000000080000000, 0x0000000100000000)
  region size 1024K, 7 young (7168K), 4 survivors (4096K)
 Metaspace       used 128342K, committed 129152K, reserved 1163264K
  class space    used 16930K, committed 17344K, reserved 1048576K

Heap Regions: E=young(eden), S=young(survivor), O=old, HS=humongous(starts), HC=humongous(continues), CS=collection set, F=free, OA=open archive, CA=closed archive, TAMS=top-at-mark-start (previous, next)
|   0|0x0000000080000000, 0x0000000080100000, 0x0000000080100000|100%|HS|  |TAMS 0x0000000080100000, 0x0000000080000000| Complete 
|   1|0x0000000080100000, 0x0000000080200000, 0x0000000080200000|100%|HC|  |TAMS 0x0000000080200000, 0x0000000080100000| Complete 
|   2|0x0000000080200000, 0x0000000080300000, 0x0000000080300000|100%|HC|  |TAMS 0x0000000080300000, 0x0000000080200000| Complete 
|   3|0x0000000080300000, 0x0000000080400000, 0x0000000080400000|100%|HC|  |TAMS 0x0000000080400000, 0x0000000080300000| Complete 
|   4|0x0000000080400000, 0x0000000080500000, 0x0000000080500000|100%| O|  |TAMS 0x0000000080500000, 0x0000000080400000| Updating 
|   5|0x0000000080500000, 0x0000000080600000, 0x0000000080600000|100%| O|  |TAMS 0x0000000080600000, 0x0000000080500000| Untracked 
|   6|0x0000000080600000, 0x0000000080700000, 0x0000000080700000|100%| O|  |TAMS 0x0000000080700000, 0x0000000080600000| Untracked 
|   7|0x0000000080700000, 0x0000000080800000, 0x0000000080800000|100%| O|  |TAMS 0x0000000080800000, 0x0000000080700000| Untracked 
|   8|0x0000000080800000, 0x0000000080900000, 0x0000000080900000|100%| O|  |TAMS 0x0000000080900000, 0x0000000080800000| Untracked 
|   9|0x0000000080900000, 0x0000000080a00000, 0x0000000080a00000|100%| O|  |TAMS 0x0000000080a00000, 0x0000000080900000| Updating 
|  10|0x0000000080a00000, 0x0000000080b00000, 0x0000000080b00000|100%| O|  |TAMS 0x0000000080b00000, 0x0000000080a00000| Untracked 
|  11|0x0000000080b00000, 0x0000000080c00000, 0x0000000080c00000|100%| O|  |TAMS 0x0000000080c00000, 0x0000000080b00000| Untracked 
|  12|0x0000000080c00000, 0x0000000080d00000, 0x0000000080d00000|100%| O|  |TAMS 0x0000000080d00000, 0x0000000080c00000| Untracked 
|  13|0x0000000080d00000, 0x0000000080e00000, 0x0000000080e00000|100%| O|  |TAMS 0x0000000080e00000, 0x0000000080d00000| Untracked 
|  14|0x0000000080e00000, 0x0000000080f00000, 0x0000000080f00000|100%| O|  |TAMS 0x0000000080f00000, 0x0000000080e00000| Untracked 
|  15|0x0000000080f00000, 0x0000000081000000, 0x0000000081000000|100%| O|  |TAMS 0x0000000081000000, 0x0000000080f00000| Untracked 
|  16|0x0000000081000000, 0x0000000081100000, 0x0000000081100000|100%| O|  |TAMS 0x0000000081100000, 0x0000000081000000| Untracked 
|  17|0x0000000081100000, 0x0000000081200000, 0x0000000081200000|100%| O|  |TAMS 0x0000000081200000, 0x0000000081100000| Untracked 
|  18|0x0000000081200000, 0x0000000081300000, 0x0000000081300000|100%| O|  |TAMS 0x0000000081300000, 0x0000000081200000| Untracked 
|  19|0x0000000081300000, 0x0000000081400000, 0x0000000081400000|100%| O|  |TAMS 0x0000000081400000, 0x0000000081300000| Untracked 
|  20|0x0000000081400000, 0x0000000081500000, 0x0000000081500000|100%| O|  |TAMS 0x0000000081500000, 0x0000000081400000| Untracked 
|  21|0x0000000081500000, 0x0000000081600000, 0x0000000081600000|100%| O|  |TAMS 0x0000000081600000, 0x0000000081500000| Untracked 
|  22|0x0000000081600000, 0x0000000081700000, 0x0000000081700000|100%| O|  |TAMS 0x0000000081700000, 0x0000000081600000| Updating 
|  23|0x0000000081700000, 0x0000000081800000, 0x0000000081800000|100%| O|  |TAMS 0x0000000081800000, 0x0000000081700000| Updating 
|  24|0x0000000081800000, 0x0000000081900000, 0x0000000081900000|100%| O|  |TAMS 0x0000000081900000, 0x0000000081800000| Untracked 
|  25|0x0000000081900000, 0x0000000081a00000, 0x0000000081a00000|100%| O|  |TAMS 0x0000000081a00000, 0x0000000081900000| Untracked 
|  26|0x0000000081a00000, 0x0000000081b00000, 0x0000000081b00000|100%|HS|  |TAMS 0x0000000081b00000, 0x0000000081a00000| Complete 
|  27|0x0000000081b00000, 0x0000000081c00000, 0x0000000081c00000|100%|HS|  |TAMS 0x0000000081c00000, 0x0000000081b00000| Complete 
|  28|0x0000000081c00000, 0x0000000081d00000, 0x0000000081d00000|100%| O|  |TAMS 0x0000000081d00000, 0x0000000081c00000| Untracked 
|  29|0x0000000081d00000, 0x0000000081e00000, 0x0000000081e00000|100%| O|  |TAMS 0x0000000081e00000, 0x0000000081d00000| Untracked 
|  30|0x0000000081e00000, 0x0000000081f00000, 0x0000000081f00000|100%| O|  |TAMS 0x0000000081f00000, 0x0000000081e00000| Untracked 
|  31|0x0000000081f00000, 0x0000000082000000, 0x0000000082000000|100%| O|  |TAMS 0x0000000082000000, 0x0000000081f00000| Untracked 
|  32|0x0000000082000000, 0x0000000082100000, 0x0000000082100000|100%| O|  |TAMS 0x0000000082100000, 0x0000000082000000| Untracked 
|  33|0x0000000082100000, 0x0000000082200000, 0x0000000082200000|100%|HS|  |TAMS 0x0000000082200000, 0x0000000082100000| Complete 
|  34|0x0000000082200000, 0x0000000082300000, 0x0000000082300000|100%|HC|  |TAMS 0x0000000082300000, 0x0000000082200000| Complete 
|  35|0x0000000082300000, 0x0000000082400000, 0x0000000082400000|100%|HS|  |TAMS 0x0000000082400000, 0x0000000082300000| Complete 
|  36|0x0000000082400000, 0x0000000082500000, 0x0000000082500000|100%|HS|  |TAMS 0x0000000082500000, 0x0000000082400000| Complete 
|  37|0x0000000082500000, 0x0000000082600000, 0x0000000082600000|100%|HC|  |TAMS 0x0000000082600000, 0x0000000082500000| Complete 
|  38|0x0000000082600000, 0x0000000082700000, 0x0000000082700000|100%|HC|  |TAMS 0x0000000082700000, 0x0000000082600000| Complete 
|  39|0x0000000082700000, 0x0000000082800000, 0x0000000082800000|100%|HC|  |TAMS 0x0000000082800000, 0x0000000082700000| Complete 
|  40|0x0000000082800000, 0x0000000082900000, 0x0000000082900000|100%| O|  |TAMS 0x0000000082900000, 0x0000000082800000| Untracked 
|  41|0x0000000082900000, 0x0000000082a00000, 0x0000000082a00000|100%| O|  |TAMS 0x0000000082a00000, 0x0000000082900000| Updating 
|  42|0x0000000082a00000, 0x0000000082b00000, 0x0000000082b00000|100%| O|  |TAMS 0x0000000082b00000, 0x0000000082a00000| Untracked 
|  43|0x0000000082b00000, 0x0000000082c00000, 0x0000000082c00000|100%| O|  |TAMS 0x0000000082c00000, 0x0000000082b00000| Updating 
|  44|0x0000000082c00000, 0x0000000082d00000, 0x0000000082d00000|100%| O|  |TAMS 0x0000000082d00000, 0x0000000082c00000| Updating 
|  45|0x0000000082d00000, 0x0000000082e00000, 0x0000000082e00000|100%| O|  |TAMS 0x0000000082e00000, 0x0000000082d00000| Updating 
|  46|0x0000000082e00000, 0x0000000082f00000, 0x0000000082f00000|100%| O|  |TAMS 0x0000000082f00000, 0x0000000082e00000| Untracked 
|  47|0x0000000082f00000, 0x0000000083000000, 0x0000000083000000|100%| O|  |TAMS 0x0000000083000000, 0x0000000082f00000| Untracked 
|  48|0x0000000083000000, 0x0000000083100000, 0x0000000083100000|100%| O|  |TAMS 0x0000000083100000, 0x0000000083000000| Updating 
|  49|0x0000000083100000, 0x0000000083200000, 0x0000000083200000|100%| O|  |TAMS 0x0000000083200000, 0x0000000083100000| Updating 
|  50|0x0000000083200000, 0x0000000083300000, 0x0000000083300000|100%| O|  |TAMS 0x0000000083300000, 0x0000000083200000| Untracked 
|  51|0x0000000083300000, 0x0000000083400000, 0x0000000083400000|100%| O|  |TAMS 0x0000000083400000, 0x0000000083300000| Untracked 
|  52|0x0000000083400000, 0x0000000083500000, 0x0000000083500000|100%| O|  |TAMS 0x0000000083500000, 0x0000000083400000| Untracked 
|  53|0x0000000083500000, 0x0000000083600000, 0x0000000083600000|100%| O|  |TAMS 0x0000000083600000, 0x0000000083500000| Untracked 
|  54|0x0000000083600000, 0x0000000083700000, 0x0000000083700000|100%| O|  |TAMS 0x0000000083700000, 0x0000000083600000| Untracked 
|  55|0x0000000083700000, 0x0000000083800000, 0x0000000083800000|100%| O|  |TAMS 0x0000000083800000, 0x0000000083700000| Untracked 
|  56|0x0000000083800000, 0x0000000083900000, 0x0000000083900000|100%| O|  |TAMS 0x0000000083900000, 0x0000000083800000| Untracked 
|  57|0x0000000083900000, 0x0000000083a00000, 0x0000000083a00000|100%| O|  |TAMS 0x0000000083a00000, 0x0000000083900000| Untracked 
|  58|0x0000000083a00000, 0x0000000083b00000, 0x0000000083b00000|100%| O|  |TAMS 0x0000000083b00000, 0x0000000083a00000| Untracked 
|  59|0x0000000083b00000, 0x0000000083c00000, 0x0000000083c00000|100%| O|  |TAMS 0x0000000083c00000, 0x0000000083b00000| Untracked 
|  60|0x0000000083c00000, 0x0000000083d00000, 0x0000000083d00000|100%| O|  |TAMS 0x0000000083d00000, 0x0000000083c00000| Untracked 
|  61|0x0000000083d00000, 0x0000000083d71600, 0x0000000083e00000| 44%| O|  |TAMS 0x0000000083d71600, 0x0000000083d00000| Updating 
|  62|0x0000000083e00000, 0x0000000083f00000, 0x0000000083f00000|100%| O|  |TAMS 0x0000000083f00000, 0x0000000083e00000| Untracked 
|  63|0x0000000083f00000, 0x0000000084000000, 0x0000000084000000|100%| O|  |TAMS 0x0000000084000000, 0x0000000083f00000| Untracked 
|  64|0x0000000084000000, 0x0000000084100000, 0x0000000084100000|100%| O|  |TAMS 0x0000000084100000, 0x0000000084000000| Untracked 
|  65|0x0000000084100000, 0x0000000084200000, 0x0000000084200000|100%| O|  |TAMS 0x0000000084200000, 0x0000000084100000| Untracked 
|  66|0x0000000084200000, 0x0000000084300000, 0x0000000084300000|100%| O|  |TAMS 0x0000000084300000, 0x0000000084200000| Updating 
|  67|0x0000000084300000, 0x0000000084400000, 0x0000000084400000|100%| O|  |TAMS 0x0000000084400000, 0x0000000084300000| Updating 
|  68|0x0000000084400000, 0x0000000084500000, 0x0000000084500000|100%| O|  |TAMS 0x0000000084500000, 0x0000000084400000| Updating 
|  69|0x0000000084500000, 0x0000000084600000, 0x0000000084600000|100%| O|  |TAMS 0x0000000084600000, 0x0000000084500000| Updating 
|  70|0x0000000084600000, 0x0000000084700000, 0x0000000084700000|100%| O|  |TAMS 0x0000000084700000, 0x0000000084600000| Updating 
|  71|0x0000000084700000, 0x0000000084800000, 0x0000000084800000|100%| O|  |TAMS 0x0000000084800000, 0x0000000084700000| Updating 
|  72|0x0000000084800000, 0x0000000084900000, 0x0000000084900000|100%| O|  |TAMS 0x0000000084900000, 0x0000000084800000| Updating 
|  73|0x0000000084900000, 0x0000000084a00000, 0x0000000084a00000|100%| O|  |TAMS 0x0000000084a00000, 0x0000000084900000| Untracked 
|  74|0x0000000084a00000, 0x0000000084b00000, 0x0000000084b00000|100%| O|  |TAMS 0x0000000084b00000, 0x0000000084a00000| Untracked 
|  75|0x0000000084b00000, 0x0000000084c00000, 0x0000000084c00000|100%| O|  |TAMS 0x0000000084c00000, 0x0000000084b00000| Untracked 
|  76|0x0000000084c00000, 0x0000000084d00000, 0x0000000084d00000|100%| O|  |TAMS 0x0000000084d00000, 0x0000000084c00000| Untracked 
|  77|0x0000000084d00000, 0x0000000084e00000, 0x0000000084e00000|100%| O|  |TAMS 0x0000000084e00000, 0x0000000084d00000| Untracked 
|  78|0x0000000084e00000, 0x0000000084f00000, 0x0000000084f00000|100%| O|  |TAMS 0x0000000084f00000, 0x0000000084e00000| Untracked 
|  79|0x0000000084f00000, 0x0000000085000000, 0x0000000085000000|100%| O|  |TAMS 0x0000000085000000, 0x0000000084f00000| Untracked 
|  80|0x0000000085000000, 0x0000000085100000, 0x0000000085100000|100%| O|  |TAMS 0x0000000085100000, 0x0000000085000000| Untracked 
|  81|0x0000000085100000, 0x0000000085200000, 0x0000000085200000|100%| O|  |TAMS 0x0000000085200000, 0x0000000085100000| Updating 
|  82|0x0000000085200000, 0x0000000085300000, 0x0000000085300000|100%| O|  |TAMS 0x0000000085300000, 0x0000000085200000| Untracked 
|  83|0x0000000085300000, 0x0000000085400000, 0x0000000085400000|100%| O|  |TAMS 0x0000000085400000, 0x0000000085300000| Updating 
|  84|0x0000000085400000, 0x0000000085500000, 0x0000000085500000|100%| O|  |TAMS 0x0000000085500000, 0x0000000085400000| Untracked 
|  85|0x0000000085500000, 0x0000000085600000, 0x0000000085600000|100%| O|  |TAMS 0x0000000085600000, 0x0000000085500000| Untracked 
|  86|0x0000000085600000, 0x0000000085700000, 0x0000000085700000|100%| O|  |TAMS 0x0000000085700000, 0x0000000085600000| Untracked 
|  87|0x0000000085700000, 0x0000000085800000, 0x0000000085800000|100%| O|  |TAMS 0x0000000085800000, 0x0000000085700000| Untracked 
|  88|0x0000000085800000, 0x0000000085900000, 0x0000000085900000|100%| O|  |TAMS 0x0000000085900000, 0x0000000085800000| Untracked 
|  89|0x0000000085900000, 0x0000000085a00000, 0x0000000085a00000|100%| O|  |TAMS 0x0000000085a00000, 0x0000000085900000| Untracked 
|  90|0x0000000085a00000, 0x0000000085b00000, 0x0000000085b00000|100%| O|  |TAMS 0x0000000085b00000, 0x0000000085a00000| Untracked 
|  91|0x0000000085b00000, 0x0000000085c00000, 0x0000000085c00000|100%| O|  |TAMS 0x0000000085c00000, 0x0000000085b00000| Untracked 
|  92|0x0000000085c00000, 0x0000000085d00000, 0x0000000085d00000|100%| O|  |TAMS 0x0000000085d00000, 0x0000000085c00000| Untracked 
|  93|0x0000000085d00000, 0x0000000085e00000, 0x0000000085e00000|100%| O|  |TAMS 0x0000000085e00000, 0x0000000085d00000| Untracked 
|  94|0x0000000085e00000, 0x0000000085f00000, 0x0000000085f00000|100%| O|  |TAMS 0x0000000085f00000, 0x0000000085e00000| Untracked 
|  95|0x0000000085f00000, 0x0000000086000000, 0x0000000086000000|100%| O|  |TAMS 0x0000000086000000, 0x0000000085f00000| Untracked 
|  96|0x0000000086000000, 0x0000000086100000, 0x0000000086100000|100%| O|  |TAMS 0x0000000086100000, 0x0000000086000000| Updating 
|  97|0x0000000086100000, 0x0000000086200000, 0x0000000086200000|100%| O|  |TAMS 0x0000000086200000, 0x0000000086100000| Updating 
|  98|0x0000000086200000, 0x0000000086300000, 0x0000000086300000|100%| O|  |TAMS 0x0000000086300000, 0x0000000086200000| Untracked 
|  99|0x0000000086300000, 0x0000000086400000, 0x0000000086400000|100%| O|  |TAMS 0x0000000086400000, 0x0000000086300000| Untracked 
| 100|0x0000000086400000, 0x0000000086500000, 0x0000000086500000|100%| O|  |TAMS 0x0000000086500000, 0x0000000086400000| Untracked 
| 101|0x0000000086500000, 0x0000000086600000, 0x0000000086600000|100%| O|  |TAMS 0x0000000086600000, 0x0000000086500000| Untracked 
| 102|0x0000000086600000, 0x0000000086700000, 0x0000000086700000|100%| O|  |TAMS 0x0000000086700000, 0x0000000086600000| Untracked 
| 103|0x0000000086700000, 0x0000000086800000, 0x0000000086800000|100%| O|  |TAMS 0x0000000086800000, 0x0000000086700000| Updating 
| 104|0x0000000086800000, 0x0000000086900000, 0x0000000086900000|100%| O|  |TAMS 0x0000000086900000, 0x0000000086800000| Updating 
| 105|0x0000000086900000, 0x0000000086900000, 0x0000000086a00000|  0%| F|  |TAMS 0x0000000086900000, 0x0000000086900000| Untracked 
| 106|0x0000000086a00000, 0x0000000086a00000, 0x0000000086b00000|  0%| F|  |TAMS 0x0000000086a00000, 0x0000000086a00000| Untracked 
| 107|0x0000000086b00000, 0x0000000086b00000, 0x0000000086c00000|  0%| F|  |TAMS 0x0000000086b00000, 0x0000000086b00000| Untracked 
| 108|0x0000000086c00000, 0x0000000086d00000, 0x0000000086d00000|100%| O|  |TAMS 0x0000000086d00000, 0x0000000086c00000| Updating 
| 109|0x0000000086d00000, 0x0000000086e00000, 0x0000000086e00000|100%| O|  |TAMS 0x0000000086e00000, 0x0000000086d00000| Untracked 
| 110|0x0000000086e00000, 0x0000000086f00000, 0x0000000086f00000|100%| O|  |TAMS 0x0000000086f00000, 0x0000000086e00000| Updating 
| 111|0x0000000086f00000, 0x0000000087000000, 0x0000000087000000|100%| O|  |TAMS 0x0000000087000000, 0x0000000086f00000| Untracked 
| 112|0x0000000087000000, 0x0000000087100000, 0x0000000087100000|100%| O|  |TAMS 0x0000000087100000, 0x0000000087000000| Untracked 
| 113|0x0000000087100000, 0x0000000087200000, 0x0000000087200000|100%| O|  |TAMS 0x0000000087200000, 0x0000000087100000| Untracked 
| 114|0x0000000087200000, 0x0000000087300000, 0x0000000087300000|100%| O|  |TAMS 0x0000000087300000, 0x0000000087200000| Untracked 
| 115|0x0000000087300000, 0x0000000087400000, 0x0000000087400000|100%| O|  |TAMS 0x0000000087400000, 0x0000000087300000| Updating 
| 116|0x0000000087400000, 0x0000000087500000, 0x0000000087500000|100%| O|  |TAMS 0x0000000087500000, 0x0000000087400000| Updating 
| 117|0x0000000087500000, 0x0000000087600000, 0x0000000087600000|100%| O|  |TAMS 0x0000000087600000, 0x0000000087500000| Untracked 
| 118|0x0000000087600000, 0x0000000087700000, 0x0000000087700000|100%| O|  |TAMS 0x0000000087700000, 0x0000000087600000| Untracked 
| 119|0x0000000087700000, 0x0000000087800000, 0x0000000087800000|100%| O|  |TAMS 0x0000000087800000, 0x0000000087700000| Updating 
| 120|0x0000000087800000, 0x0000000087900000, 0x0000000087900000|100%| O|  |TAMS 0x0000000087900000, 0x0000000087800000| Untracked 
| 121|0x0000000087900000, 0x0000000087a00000, 0x0000000087a00000|100%| O|  |TAMS 0x0000000087a00000, 0x0000000087900000| Untracked 
| 122|0x0000000087a00000, 0x0000000087b00000, 0x0000000087b00000|100%| O|  |TAMS 0x0000000087b00000, 0x0000000087a00000| Untracked 
| 123|0x0000000087b00000, 0x0000000087c00000, 0x0000000087c00000|100%| O|  |TAMS 0x0000000087c00000, 0x0000000087b00000| Updating 
| 124|0x0000000087c00000, 0x0000000087d00000, 0x0000000087d00000|100%| O|  |TAMS 0x0000000087d00000, 0x0000000087c00000| Untracked 
| 125|0x0000000087d00000, 0x0000000087e00000, 0x0000000087e00000|100%| O|  |TAMS 0x0000000087e00000, 0x0000000087d00000| Updating 
| 126|0x0000000087e00000, 0x0000000087f00000, 0x0000000087f00000|100%| O|  |TAMS 0x0000000087f00000, 0x0000000087e00000| Updating 
| 127|0x0000000087f00000, 0x0000000088000000, 0x0000000088000000|100%| O|  |TAMS 0x0000000088000000, 0x0000000087f00000| Untracked 
| 128|0x0000000088000000, 0x0000000088100000, 0x0000000088100000|100%| O|  |TAMS 0x0000000088100000, 0x0000000088000000| Untracked 
| 129|0x0000000088100000, 0x0000000088200000, 0x0000000088200000|100%| O|  |TAMS 0x0000000088200000, 0x0000000088100000| Untracked 
| 130|0x0000000088200000, 0x0000000088300000, 0x0000000088300000|100%| O|  |TAMS 0x0000000088300000, 0x0000000088200000| Updating 
| 131|0x0000000088300000, 0x0000000088400000, 0x0000000088400000|100%| O|  |TAMS 0x0000000088400000, 0x0000000088300000| Updating 
| 132|0x0000000088400000, 0x0000000088500000, 0x0000000088500000|100%| O|  |TAMS 0x0000000088500000, 0x0000000088400000| Updating 
| 133|0x0000000088500000, 0x0000000088600000, 0x0000000088600000|100%| O|  |TAMS 0x0000000088600000, 0x0000000088500000| Untracked 
| 134|0x0000000088600000, 0x0000000088700000, 0x0000000088700000|100%| O|  |TAMS 0x0000000088700000, 0x0000000088600000| Untracked 
| 135|0x0000000088700000, 0x0000000088800000, 0x0000000088800000|100%| O|  |TAMS 0x0000000088800000, 0x0000000088700000| Untracked 
| 136|0x0000000088800000, 0x0000000088900000, 0x0000000088900000|100%| O|  |TAMS 0x0000000088900000, 0x0000000088800000| Untracked 
| 137|0x0000000088900000, 0x0000000088a00000, 0x0000000088a00000|100%| O|  |TAMS 0x0000000088a00000, 0x0000000088900000| Untracked 
| 138|0x0000000088a00000, 0x0000000088b00000, 0x0000000088b00000|100%| O|  |TAMS 0x0000000088b00000, 0x0000000088a00000| Untracked 
| 139|0x0000000088b00000, 0x0000000088c00000, 0x0000000088c00000|100%| O|  |TAMS 0x0000000088c00000, 0x0000000088b00000| Updating 
| 140|0x0000000088c00000, 0x0000000088d00000, 0x0000000088d00000|100%|HS|  |TAMS 0x0000000088d00000, 0x0000000088c00000| Complete 
| 141|0x0000000088d00000, 0x0000000088e00000, 0x0000000088e00000|100%|HC|  |TAMS 0x0000000088e00000, 0x0000000088d00000| Complete 
| 142|0x0000000088e00000, 0x0000000088f00000, 0x0000000088f00000|100%| O|  |TAMS 0x0000000088f00000, 0x0000000088e00000| Untracked 
| 143|0x0000000088f00000, 0x0000000089000000, 0x0000000089000000|100%| O|  |TAMS 0x0000000089000000, 0x0000000088f00000| Updating 
| 144|0x0000000089000000, 0x0000000089100000, 0x0000000089100000|100%| O|  |TAMS 0x0000000089100000, 0x0000000089000000| Updating 
| 145|0x0000000089100000, 0x0000000089200000, 0x0000000089200000|100%| O|  |TAMS 0x0000000089200000, 0x0000000089100000| Updating 
| 146|0x0000000089200000, 0x0000000089300000, 0x0000000089300000|100%| O|  |TAMS 0x0000000089300000, 0x0000000089200000| Updating 
| 147|0x0000000089300000, 0x0000000089400000, 0x0000000089400000|100%| O|  |TAMS 0x0000000089400000, 0x0000000089300000| Updating 
| 148|0x0000000089400000, 0x0000000089500000, 0x0000000089500000|100%| O|  |TAMS 0x0000000089500000, 0x0000000089400000| Updating 
| 149|0x0000000089500000, 0x0000000089600000, 0x0000000089600000|100%| O|  |TAMS 0x0000000089600000, 0x0000000089500000| Updating 
| 150|0x0000000089600000, 0x0000000089700000, 0x0000000089700000|100%| O|  |TAMS 0x0000000089700000, 0x0000000089600000| Updating 
| 151|0x0000000089700000, 0x0000000089800000, 0x0000000089800000|100%| O|  |TAMS 0x0000000089800000, 0x0000000089700000| Untracked 
| 152|0x0000000089800000, 0x0000000089900000, 0x0000000089900000|100%| O|  |TAMS 0x0000000089900000, 0x0000000089800000| Updating 
| 153|0x0000000089900000, 0x0000000089a00000, 0x0000000089a00000|100%| O|  |TAMS 0x0000000089a00000, 0x0000000089900000| Updating 
| 154|0x0000000089a00000, 0x0000000089b00000, 0x0000000089b00000|100%| O|  |TAMS 0x0000000089b00000, 0x0000000089a00000| Updating 
| 155|0x0000000089b00000, 0x0000000089c00000, 0x0000000089c00000|100%| O|  |TAMS 0x0000000089c00000, 0x0000000089b00000| Updating 
| 156|0x0000000089c00000, 0x0000000089d00000, 0x0000000089d00000|100%| O|  |TAMS 0x0000000089d00000, 0x0000000089c00000| Updating 
| 157|0x0000000089d00000, 0x0000000089e00000, 0x0000000089e00000|100%| O|  |TAMS 0x0000000089e00000, 0x0000000089d00000| Updating 
| 158|0x0000000089e00000, 0x0000000089f00000, 0x0000000089f00000|100%| O|  |TAMS 0x0000000089f00000, 0x0000000089e00000| Updating 
| 159|0x0000000089f00000, 0x000000008a000000, 0x000000008a000000|100%| O|  |TAMS 0x000000008a000000, 0x0000000089f00000| Updating 
| 160|0x000000008a000000, 0x000000008a100000, 0x000000008a100000|100%| O|  |TAMS 0x000000008a100000, 0x000000008a000000| Updating 
| 161|0x000000008a100000, 0x000000008a200000, 0x000000008a200000|100%| O|  |TAMS 0x000000008a200000, 0x000000008a100000| Updating 
| 162|0x000000008a200000, 0x000000008a300000, 0x000000008a300000|100%| O|  |TAMS 0x000000008a300000, 0x000000008a200000| Updating 
| 163|0x000000008a300000, 0x000000008a400000, 0x000000008a400000|100%| O|  |TAMS 0x000000008a400000, 0x000000008a300000| Updating 
| 164|0x000000008a400000, 0x000000008a500000, 0x000000008a500000|100%| O|  |TAMS 0x000000008a500000, 0x000000008a400000| Updating 
| 165|0x000000008a500000, 0x000000008a600000, 0x000000008a600000|100%| O|  |TAMS 0x000000008a600000, 0x000000008a500000| Updating 
| 166|0x000000008a600000, 0x000000008a700000, 0x000000008a700000|100%| O|  |TAMS 0x000000008a700000, 0x000000008a600000| Untracked 
| 167|0x000000008a700000, 0x000000008a800000, 0x000000008a800000|100%| O|  |TAMS 0x000000008a800000, 0x000000008a700000| Updating 
| 168|0x000000008a800000, 0x000000008a900000, 0x000000008a900000|100%| O|  |TAMS 0x000000008a900000, 0x000000008a800000| Updating 
| 169|0x000000008a900000, 0x000000008aa00000, 0x000000008aa00000|100%| O|  |TAMS 0x000000008a96c600, 0x000000008a900000| Updating 
| 170|0x000000008aa00000, 0x000000008ab00000, 0x000000008ab00000|100%| O|  |TAMS 0x000000008aa00000, 0x000000008aa00000| Untracked 
| 171|0x000000008ab00000, 0x000000008ab0ca00, 0x000000008ac00000|  4%| O|  |TAMS 0x000000008ab00000, 0x000000008ab00000| Updating 
| 172|0x000000008ac00000, 0x000000008ac00000, 0x000000008ad00000|  0%| F|  |TAMS 0x000000008ac00000, 0x000000008ac00000| Untracked 
| 173|0x000000008ad00000, 0x000000008ad00000, 0x000000008ae00000|  0%| F|  |TAMS 0x000000008ad00000, 0x000000008ad00000| Untracked 
| 174|0x000000008ae00000, 0x000000008ae00000, 0x000000008af00000|  0%| F|  |TAMS 0x000000008ae00000, 0x000000008ae00000| Untracked 
| 175|0x000000008af00000, 0x000000008af00000, 0x000000008b000000|  0%| F|  |TAMS 0x000000008af00000, 0x000000008af00000| Untracked 
| 176|0x000000008b000000, 0x000000008b000000, 0x000000008b100000|  0%| F|  |TAMS 0x000000008b000000, 0x000000008b000000| Untracked 
| 177|0x000000008b100000, 0x000000008b100000, 0x000000008b200000|  0%| F|  |TAMS 0x000000008b100000, 0x000000008b100000| Untracked 
| 178|0x000000008b200000, 0x000000008b200000, 0x000000008b300000|  0%| F|  |TAMS 0x000000008b200000, 0x000000008b200000| Untracked 
| 179|0x000000008b300000, 0x000000008b300000, 0x000000008b400000|  0%| F|  |TAMS 0x000000008b300000, 0x000000008b300000| Untracked 
| 180|0x000000008b400000, 0x000000008b400000, 0x000000008b500000|  0%| F|  |TAMS 0x000000008b400000, 0x000000008b400000| Untracked 
| 181|0x000000008b500000, 0x000000008b500000, 0x000000008b600000|  0%| F|  |TAMS 0x000000008b500000, 0x000000008b500000| Untracked 
| 182|0x000000008b600000, 0x000000008b600000, 0x000000008b700000|  0%| F|  |TAMS 0x000000008b600000, 0x000000008b600000| Untracked 
| 183|0x000000008b700000, 0x000000008b700000, 0x000000008b800000|  0%| F|  |TAMS 0x000000008b700000, 0x000000008b700000| Untracked 
| 184|0x000000008b800000, 0x000000008b800000, 0x000000008b900000|  0%| F|  |TAMS 0x000000008b800000, 0x000000008b800000| Untracked 
| 185|0x000000008b900000, 0x000000008b900000, 0x000000008ba00000|  0%| F|  |TAMS 0x000000008b900000, 0x000000008b900000| Untracked 
| 186|0x000000008ba00000, 0x000000008ba00000, 0x000000008bb00000|  0%| F|  |TAMS 0x000000008ba00000, 0x000000008ba00000| Untracked 
| 187|0x000000008bb00000, 0x000000008bb00000, 0x000000008bc00000|  0%| F|  |TAMS 0x000000008bb00000, 0x000000008bb00000| Untracked 
| 188|0x000000008bc00000, 0x000000008bc00000, 0x000000008bd00000|  0%| F|  |TAMS 0x000000008bc00000, 0x000000008bc00000| Untracked 
| 189|0x000000008bd00000, 0x000000008bd00000, 0x000000008be00000|  0%| F|  |TAMS 0x000000008bd00000, 0x000000008bd00000| Untracked 
| 190|0x000000008be00000, 0x000000008be00000, 0x000000008bf00000|  0%| F|  |TAMS 0x000000008be00000, 0x000000008be00000| Untracked 
| 191|0x000000008bf00000, 0x000000008bf00000, 0x000000008c000000|  0%| F|  |TAMS 0x000000008bf00000, 0x000000008bf00000| Untracked 
| 192|0x000000008c000000, 0x000000008c000000, 0x000000008c100000|  0%| F|  |TAMS 0x000000008c000000, 0x000000008c000000| Untracked 
| 193|0x000000008c100000, 0x000000008c100000, 0x000000008c200000|  0%| F|  |TAMS 0x000000008c100000, 0x000000008c100000| Untracked 
| 194|0x000000008c200000, 0x000000008c200000, 0x000000008c300000|  0%| F|  |TAMS 0x000000008c200000, 0x000000008c200000| Untracked 
| 195|0x000000008c300000, 0x000000008c300000, 0x000000008c400000|  0%| F|  |TAMS 0x000000008c300000, 0x000000008c300000| Untracked 
| 196|0x000000008c400000, 0x000000008c400000, 0x000000008c500000|  0%| F|  |TAMS 0x000000008c400000, 0x000000008c400000| Untracked 
| 197|0x000000008c500000, 0x000000008c500000, 0x000000008c600000|  0%| F|  |TAMS 0x000000008c500000, 0x000000008c500000| Untracked 
| 198|0x000000008c600000, 0x000000008c600000, 0x000000008c700000|  0%| F|  |TAMS 0x000000008c600000, 0x000000008c600000| Untracked 
| 199|0x000000008c700000, 0x000000008c700000, 0x000000008c800000|  0%| F|  |TAMS 0x000000008c700000, 0x000000008c700000| Untracked 
| 200|0x000000008c800000, 0x000000008c800000, 0x000000008c900000|  0%| F|  |TAMS 0x000000008c800000, 0x000000008c800000| Untracked 
| 201|0x000000008c900000, 0x000000008c900000, 0x000000008ca00000|  0%| F|  |TAMS 0x000000008c900000, 0x000000008c900000| Untracked 
| 202|0x000000008ca00000, 0x000000008ca00000, 0x000000008cb00000|  0%| F|  |TAMS 0x000000008ca00000, 0x000000008ca00000| Untracked 
| 203|0x000000008cb00000, 0x000000008cb00000, 0x000000008cc00000|  0%| F|  |TAMS 0x000000008cb00000, 0x000000008cb00000| Untracked 
| 204|0x000000008cc00000, 0x000000008cc00000, 0x000000008cd00000|  0%| F|  |TAMS 0x000000008cc00000, 0x000000008cc00000| Untracked 
| 205|0x000000008cd00000, 0x000000008cd00000, 0x000000008ce00000|  0%| F|  |TAMS 0x000000008cd00000, 0x000000008cd00000| Untracked 
| 206|0x000000008ce00000, 0x000000008ce00000, 0x000000008cf00000|  0%| F|  |TAMS 0x000000008ce00000, 0x000000008ce00000| Untracked 
| 207|0x000000008cf00000, 0x000000008cf00000, 0x000000008d000000|  0%| F|  |TAMS 0x000000008cf00000, 0x000000008cf00000| Untracked 
| 208|0x000000008d000000, 0x000000008d000000, 0x000000008d100000|  0%| F|  |TAMS 0x000000008d000000, 0x000000008d000000| Untracked 
| 209|0x000000008d100000, 0x000000008d100000, 0x000000008d200000|  0%| F|  |TAMS 0x000000008d100000, 0x000000008d100000| Untracked 
| 210|0x000000008d200000, 0x000000008d200000, 0x000000008d300000|  0%| F|  |TAMS 0x000000008d200000, 0x000000008d200000| Untracked 
| 211|0x000000008d300000, 0x000000008d300000, 0x000000008d400000|  0%| F|  |TAMS 0x000000008d300000, 0x000000008d300000| Untracked 
| 212|0x000000008d400000, 0x000000008d400000, 0x000000008d500000|  0%| F|  |TAMS 0x000000008d400000, 0x000000008d400000| Untracked 
| 213|0x000000008d500000, 0x000000008d500000, 0x000000008d600000|  0%| F|  |TAMS 0x000000008d500000, 0x000000008d500000| Untracked 
| 214|0x000000008d600000, 0x000000008d600000, 0x000000008d700000|  0%| F|  |TAMS 0x000000008d600000, 0x000000008d600000| Untracked 
| 215|0x000000008d700000, 0x000000008d700000, 0x000000008d800000|  0%| F|  |TAMS 0x000000008d700000, 0x000000008d700000| Untracked 
| 216|0x000000008d800000, 0x000000008d900000, 0x000000008d900000|100%| S|CS|TAMS 0x000000008d800000, 0x000000008d800000| Complete 
| 217|0x000000008d900000, 0x000000008da00000, 0x000000008da00000|100%| S|CS|TAMS 0x000000008d900000, 0x000000008d900000| Complete 
| 218|0x000000008da00000, 0x000000008db00000, 0x000000008db00000|100%| S|CS|TAMS 0x000000008da00000, 0x000000008da00000| Complete 
| 219|0x000000008db00000, 0x000000008dc00000, 0x000000008dc00000|100%| S|CS|TAMS 0x000000008db00000, 0x000000008db00000| Complete 
| 220|0x000000008dc00000, 0x000000008dc00000, 0x000000008dd00000|  0%| F|  |TAMS 0x000000008dc00000, 0x000000008dc00000| Untracked 
| 221|0x000000008dd00000, 0x000000008dd00000, 0x000000008de00000|  0%| F|  |TAMS 0x000000008dd00000, 0x000000008dd00000| Untracked 
| 222|0x000000008de00000, 0x000000008de00000, 0x000000008df00000|  0%| F|  |TAMS 0x000000008de00000, 0x000000008de00000| Untracked 
| 223|0x000000008df00000, 0x000000008df00000, 0x000000008e000000|  0%| F|  |TAMS 0x000000008df00000, 0x000000008df00000| Untracked 
| 224|0x000000008e000000, 0x000000008e000000, 0x000000008e100000|  0%| F|  |TAMS 0x000000008e000000, 0x000000008e000000| Untracked 
| 225|0x000000008e100000, 0x000000008e100000, 0x000000008e200000|  0%| F|  |TAMS 0x000000008e100000, 0x000000008e100000| Untracked 
| 226|0x000000008e200000, 0x000000008e200000, 0x000000008e300000|  0%| F|  |TAMS 0x000000008e200000, 0x000000008e200000| Untracked 
| 227|0x000000008e300000, 0x000000008e300000, 0x000000008e400000|  0%| F|  |TAMS 0x000000008e300000, 0x000000008e300000| Untracked 
| 228|0x000000008e400000, 0x000000008e400000, 0x000000008e500000|  0%| F|  |TAMS 0x000000008e400000, 0x000000008e400000| Untracked 
| 286|0x0000000091e00000, 0x0000000091e575a8, 0x0000000091f00000| 34%| E|  |TAMS 0x0000000091e00000, 0x0000000091e00000| Complete 
| 287|0x0000000091f00000, 0x0000000092000000, 0x0000000092000000|100%| E|CS|TAMS 0x0000000091f00000, 0x0000000091f00000| Complete 
| 288|0x0000000092000000, 0x0000000092100000, 0x0000000092100000|100%| E|CS|TAMS 0x0000000092000000, 0x0000000092000000| Complete 
|2046|0x00000000ffe00000, 0x00000000fff00000, 0x00000000fff00000|100%| O|  |TAMS 0x00000000fff00000, 0x00000000ffe00000| Updating 
|2047|0x00000000fff00000, 0x0000000100000000, 0x0000000100000000|100%| O|  |TAMS 0x0000000100000000, 0x00000000fff00000| Untracked 

Card table byte_map: [0x000001dbaf120000,0x000001dbaf520000] _byte_map_base: 0x000001dbaed20000

Marking Bits (Prev, Next): (CMBitMap*) 0x000001db9c588600, (CMBitMap*) 0x000001db9c5885c0
 Prev Bits: [0x000001dbb1920000, 0x000001dbb3920000)
 Next Bits: [0x000001dbaf920000, 0x000001dbb1920000)

Polling page: 0x000001db9bcf0000

Metaspace:

Usage:
  Non-class:    108.80 MB used.
      Class:     16.53 MB used.
       Both:    125.33 MB used.

Virtual space:
  Non-class space:      112.00 MB reserved,     109.19 MB ( 97%) committed,  14 nodes.
      Class space:        1.00 GB reserved,      16.94 MB (  2%) committed,  1 nodes.
             Both:        1.11 GB reserved,     126.12 MB ( 11%) committed. 

Chunk freelists:
   Non-Class:  2.62 MB
       Class:  2.95 MB
        Both:  5.58 MB

MaxMetaspaceSize: unlimited
CompressedClassSpaceSize: 1.00 GB
Initial GC threshold: 21.00 MB
Current GC threshold: 126.19 MB
CDS: off
MetaspaceReclaimPolicy: balanced
 - commit_granule_bytes: 65536.
 - commit_granule_words: 8192.
 - virtual_space_node_default_size: 1048576.
 - enlarge_chunks_in_place: 1.
 - new_chunks_are_fully_committed: 0.
 - uncommit_free_chunks: 1.
 - use_allocation_guard: 0.
 - handle_deallocations: 1.


Internal statistics:

num_allocs_failed_limit: 24.
num_arena_births: 1408.
num_arena_deaths: 0.
num_vsnodes_births: 15.
num_vsnodes_deaths: 0.
num_space_committed: 2017.
num_space_uncommitted: 0.
num_chunks_returned_to_freelist: 24.
num_chunks_taken_from_freelist: 6299.
num_chunk_merges: 24.
num_chunk_splits: 4223.
num_chunks_enlarged: 2851.
num_purges: 0.
num_inconsistent_stats: 0.

CodeHeap 'non-profiled nmethods': size=120000Kb used=10992Kb max_used=11926Kb free=109007Kb
 bounds [0x000001dba74c0000, 0x000001dba8070000, 0x000001dbae9f0000]
CodeHeap 'profiled nmethods': size=120000Kb used=28949Kb max_used=30558Kb free=91050Kb
 bounds [0x000001db9f9f0000, 0x000001dba17d0000, 0x000001dba6f20000]
CodeHeap 'non-nmethods': size=5760Kb used=2472Kb max_used=2518Kb free=3287Kb
 bounds [0x000001dba6f20000, 0x000001dba71a0000, 0x000001dba74c0000]
 total_blobs=16086 nmethods=15077 adapters=921
 compilation: enabled
              stopped_count=0, restarted_count=0
 full_count=0

Compilation events (20 events):
Event: 86.114 Thread 0x000001dbb6c56ab0 nmethod 18810 0x000001db9fcbbe90 code [0x000001db9fcbc060, 0x000001db9fcbc448]
Event: 86.119 Thread 0x000001dbbdfd3640 nmethod 18813 0x000001dba7a83690 code [0x000001dba7a83860, 0x000001dba7a84070]
Event: 86.140 Thread 0x000001dbbdfd3640 18815       4       java.lang.ref.Reference::enqueueFromPending (19 bytes)
Event: 86.146 Thread 0x000001dbbdfd3640 nmethod 18815 0x000001dba7627f10 code [0x000001dba76280c0, 0x000001dba7628798]
Event: 86.147 Thread 0x000001dbb6c56ab0 18816   !   3       org.gradle.internal.classloader.CachingClassLoader::loadClass (85 bytes)
Event: 86.148 Thread 0x000001dbb6c56ab0 nmethod 18816 0x000001dba019bc90 code [0x000001dba019bea0, 0x000001dba019c5c8]
Event: 86.153 Thread 0x000001dbb6c56ab0 18817       3       org.gradle.internal.classpath.Instrumented::systemPropertyQueried (12 bytes)
Event: 86.153 Thread 0x000001dbb6c56ab0 nmethod 18817 0x000001db9fecf110 code [0x000001db9fecf2c0, 0x000001db9fecf608]
Event: 86.153 Thread 0x000001dbb6c56ab0 18818       3       org.gradle.internal.classpath.Instrumented$1::systemPropertyQueried (1 bytes)
Event: 86.153 Thread 0x000001dbb6c56ab0 nmethod 18818 0x000001dba0348c90 code [0x000001dba0348e20, 0x000001dba0348f38]
Event: 86.153 Thread 0x000001dbb6c56ab0 18819       3       org.gradle.internal.classpath.Instrumented::systemProperty (21 bytes)
Event: 86.153 Thread 0x000001dbb6c56ab0 nmethod 18819 0x000001db9fce3690 code [0x000001db9fce38a0, 0x000001db9fce4038]
Event: 86.153 Thread 0x000001dbb6c56ab0 18820       3       org.gradle.internal.classpath.Instrumented::systemProperty (7 bytes)
Event: 86.154 Thread 0x000001dbb6c56ab0 nmethod 18820 0x000001db9fb07c90 code [0x000001db9fb07ec0, 0x000001db9fb08698]
Event: 86.159 Thread 0x000001dbb6c56ab0 18821       3       java.lang.invoke.TypeConvertingMethodAdapter::iconst (87 bytes)
Event: 86.160 Thread 0x000001dbb6c56ab0 nmethod 18821 0x000001db9fc3dd90 code [0x000001db9fc3dfc0, 0x000001db9fc3e878]
Event: 86.230 Thread 0x000001dbbdfd3640 18822       4       java.util.LinkedHashMap::afterNodeInsertion (40 bytes)
Event: 86.231 Thread 0x000001dbbdfd3640 nmethod 18822 0x000001dba798c610 code [0x000001dba798c780, 0x000001dba798c838]
Event: 86.232 Thread 0x000001dbbdfd3640 18823       4       jdk.internal.org.objectweb.asm.MethodWriter::<init> (232 bytes)
Event: 86.232 Thread 0x000001dbb6c56010 18824       4       jdk.internal.org.objectweb.asm.ClassWriter::visitMethod (57 bytes)

GC Heap History (20 events):
Event: 59.565 GC heap before
{Heap before GC invocations=38 (full 0):
 garbage-first heap   total 239616K, used 193402K [0x0000000080000000, 0x0000000100000000)
  region size 1024K, 63 young (64512K), 6 survivors (6144K)
 Metaspace       used 110223K, committed 110976K, reserved 1146880K
  class space    used 14619K, committed 14976K, reserved 1048576K
}
Event: 59.573 GC heap after
{Heap after GC invocations=39 (full 0):
 garbage-first heap   total 239616K, used 138815K [0x0000000080000000, 0x0000000100000000)
  region size 1024K, 5 young (5120K), 5 survivors (5120K)
 Metaspace       used 110223K, committed 110976K, reserved 1146880K
  class space    used 14619K, committed 14976K, reserved 1048576K
}
Event: 68.531 GC heap before
{Heap before GC invocations=39 (full 0):
 garbage-first heap   total 239616K, used 195135K [0x0000000080000000, 0x0000000100000000)
  region size 1024K, 61 young (62464K), 5 survivors (5120K)
 Metaspace       used 110659K, committed 111424K, reserved 1146880K
  class space    used 14659K, committed 15040K, reserved 1048576K
}
Event: 68.537 GC heap after
{Heap after GC invocations=40 (full 0):
 garbage-first heap   total 239616K, used 140442K [0x0000000080000000, 0x0000000100000000)
  region size 1024K, 4 young (4096K), 4 survivors (4096K)
 Metaspace       used 110659K, committed 111424K, reserved 1146880K
  class space    used 14659K, committed 15040K, reserved 1048576K
}
Event: 81.405 GC heap before
{Heap before GC invocations=40 (full 0):
 garbage-first heap   total 239616K, used 196762K [0x0000000080000000, 0x0000000100000000)
  region size 1024K, 60 young (61440K), 4 survivors (4096K)
 Metaspace       used 114916K, committed 115776K, reserved 1155072K
  class space    used 15226K, committed 15680K, reserved 1048576K
}
Event: 81.413 GC heap after
{Heap after GC invocations=41 (full 0):
 garbage-first heap   total 239616K, used 144391K [0x0000000080000000, 0x0000000100000000)
  region size 1024K, 8 young (8192K), 8 survivors (8192K)
 Metaspace       used 114916K, committed 115776K, reserved 1155072K
  class space    used 15226K, committed 15680K, reserved 1048576K
}
Event: 82.291 GC heap before
{Heap before GC invocations=41 (full 0):
 garbage-first heap   total 239616K, used 197639K [0x0000000080000000, 0x0000000100000000)
  region size 1024K, 61 young (62464K), 8 survivors (8192K)
 Metaspace       used 116026K, committed 116864K, reserved 1155072K
  class space    used 15371K, committed 15808K, reserved 1048576K
}
Event: 82.301 GC heap after
{Heap after GC invocations=42 (full 0):
 garbage-first heap   total 239616K, used 150807K [0x0000000080000000, 0x0000000100000000)
  region size 1024K, 7 young (7168K), 7 survivors (7168K)
 Metaspace       used 116026K, committed 116864K, reserved 1155072K
  class space    used 15371K, committed 15808K, reserved 1048576K
}
Event: 83.332 GC heap before
{Heap before GC invocations=42 (full 0):
 garbage-first heap   total 239616K, used 197911K [0x0000000080000000, 0x0000000100000000)
  region size 1024K, 54 young (55296K), 7 survivors (7168K)
 Metaspace       used 119210K, committed 120064K, reserved 1155072K
  class space    used 15805K, committed 16256K, reserved 1048576K
}
Event: 83.345 GC heap after
{Heap after GC invocations=43 (full 0):
 garbage-first heap   total 239616K, used 156748K [0x0000000080000000, 0x0000000100000000)
  region size 1024K, 7 young (7168K), 7 survivors (7168K)
 Metaspace       used 119210K, committed 120064K, reserved 1155072K
  class space    used 15805K, committed 16256K, reserved 1048576K
}
Event: 83.775 GC heap before
{Heap before GC invocations=43 (full 0):
 garbage-first heap   total 239616K, used 199756K [0x0000000080000000, 0x0000000100000000)
  region size 1024K, 48 young (49152K), 7 survivors (7168K)
 Metaspace       used 123243K, committed 124160K, reserved 1163264K
  class space    used 16256K, committed 16704K, reserved 1048576K
}
Event: 83.782 GC heap after
{Heap after GC invocations=44 (full 0):
 garbage-first heap   total 239616K, used 169404K [0x0000000080000000, 0x0000000100000000)
  region size 1024K, 6 young (6144K), 6 survivors (6144K)
 Metaspace       used 123243K, committed 124160K, reserved 1163264K
  class space    used 16256K, committed 16704K, reserved 1048576K
}
Event: 84.136 GC heap before
{Heap before GC invocations=44 (full 0):
 garbage-first heap   total 239616K, used 197052K [0x0000000080000000, 0x0000000100000000)
  region size 1024K, 33 young (33792K), 6 survivors (6144K)
 Metaspace       used 125156K, committed 126016K, reserved 1163264K
  class space    used 16488K, committed 16896K, reserved 1048576K
}
Event: 84.143 GC heap after
{Heap after GC invocations=45 (full 0):
 garbage-first heap   total 239616K, used 175778K [0x0000000080000000, 0x0000000100000000)
  region size 1024K, 5 young (5120K), 5 survivors (5120K)
 Metaspace       used 125156K, committed 126016K, reserved 1163264K
  class space    used 16488K, committed 16896K, reserved 1048576K
}
Event: 84.622 GC heap before
{Heap before GC invocations=45 (full 0):
 garbage-first heap   total 239616K, used 198306K [0x0000000080000000, 0x0000000100000000)
  region size 1024K, 28 young (28672K), 5 survivors (5120K)
 Metaspace       used 125411K, committed 126336K, reserved 1163264K
  class space    used 16508K, committed 16960K, reserved 1048576K
}
Event: 84.627 GC heap after
{Heap after GC invocations=46 (full 0):
 garbage-first heap   total 239616K, used 176880K [0x0000000080000000, 0x0000000100000000)
  region size 1024K, 2 young (2048K), 2 survivors (2048K)
 Metaspace       used 125411K, committed 126336K, reserved 1163264K
  class space    used 16508K, committed 16960K, reserved 1048576K
}
Event: 85.773 GC heap before
{Heap before GC invocations=46 (full 0):
 garbage-first heap   total 239616K, used 204528K [0x0000000080000000, 0x0000000100000000)
  region size 1024K, 26 young (26624K), 2 survivors (2048K)
 Metaspace       used 126510K, committed 127360K, reserved 1163264K
  class space    used 16669K, committed 17088K, reserved 1048576K
}
Event: 85.781 GC heap after
{Heap after GC invocations=47 (full 0):
 garbage-first heap   total 239616K, used 178510K [0x0000000080000000, 0x0000000100000000)
  region size 1024K, 4 young (4096K), 4 survivors (4096K)
 Metaspace       used 126510K, committed 127360K, reserved 1163264K
  class space    used 16669K, committed 17088K, reserved 1048576K
}
Event: 86.135 GC heap before
{Heap before GC invocations=47 (full 0):
 garbage-first heap   total 239616K, used 188750K [0x0000000080000000, 0x0000000100000000)
  region size 1024K, 16 young (16384K), 4 survivors (4096K)
 Metaspace       used 127756K, committed 128576K, reserved 1163264K
  class space    used 16850K, committed 17280K, reserved 1048576K
}
Event: 86.140 GC heap after
{Heap after GC invocations=48 (full 0):
 garbage-first heap   total 239616K, used 180728K [0x0000000080000000, 0x0000000100000000)
  region size 1024K, 4 young (4096K), 4 survivors (4096K)
 Metaspace       used 127756K, committed 128576K, reserved 1163264K
  class space    used 16850K, committed 17280K, reserved 1048576K
}

Dll operation events (2 events):
Event: 0.005 Loaded shared library C:\Program Files\Android\Android Studio\jbr\bin\java.dll
Event: 0.273 Loaded shared library C:\Program Files\Android\Android Studio\jbr\bin\verify.dll

Deoptimization events (20 events):
Event: 86.099 Thread 0x000001dbbfe242c0 Uncommon trap: reason=unstable_if action=reinterpret pc=0x000001dba76e1710 method=jdk.internal.org.objectweb.asm.ByteVector.putInt(I)Ljdk/internal/org/objectweb/asm/ByteVector; @ 13 c2
Event: 86.099 Thread 0x000001dbbdf55ee0 DEOPT UNPACKING pc=0x000001dba6f7a1a3 sp=0x0000001b44bfc508 mode 2
Event: 86.099 Thread 0x000001dbc3932a50 Uncommon trap: reason=unstable_if action=reinterpret pc=0x000001dba76e1710 method=jdk.internal.org.objectweb.asm.ByteVector.putInt(I)Ljdk/internal/org/objectweb/asm/ByteVector; @ 13 c2
Event: 86.099 Thread 0x000001dbc3934730 Uncommon trap: reason=unstable_if action=reinterpret pc=0x000001dba76e1710 method=jdk.internal.org.objectweb.asm.ByteVector.putInt(I)Ljdk/internal/org/objectweb/asm/ByteVector; @ 13 c2
Event: 86.100 Thread 0x000001dbbfe25130 DEOPT PACKING pc=0x000001dba76e1710 sp=0x0000001b4fcfc140
Event: 86.100 Thread 0x000001dbbfe25130 DEOPT UNPACKING pc=0x000001dba6f7a1a3 sp=0x0000001b4fcfc0d8 mode 2
Event: 86.100 Thread 0x000001dbbfe242c0 DEOPT PACKING pc=0x000001dba76e1710 sp=0x0000001b46dfc0b0
Event: 86.100 Thread 0x000001dbbfe242c0 DEOPT UNPACKING pc=0x000001dba6f7a1a3 sp=0x0000001b46dfc048 mode 2
Event: 86.100 Thread 0x000001dbc3932a50 DEOPT PACKING pc=0x000001dba76e1710 sp=0x0000001b4e9fc340
Event: 86.100 Thread 0x000001dbc3932a50 DEOPT UNPACKING pc=0x000001dba6f7a1a3 sp=0x0000001b4e9fc2d8 mode 2
Event: 86.100 Thread 0x000001dbc3934730 DEOPT PACKING pc=0x000001dba76e1710 sp=0x0000001b4dbfc090
Event: 86.100 Thread 0x000001dbc3934730 DEOPT UNPACKING pc=0x000001dba6f7a1a3 sp=0x0000001b4dbfc028 mode 2
Event: 86.111 Thread 0x000001dbbfe25130 Uncommon trap: trap_request=0xffffff45 fr.pc=0x000001dba7b0235c relative=0x00000000000003bc
Event: 86.111 Thread 0x000001dbbfe242c0 Uncommon trap: trap_request=0xffffff45 fr.pc=0x000001dba7b0235c relative=0x00000000000003bc
Event: 86.112 Thread 0x000001dbbfe25130 Uncommon trap: reason=unstable_if action=reinterpret pc=0x000001dba7b0235c method=java.util.stream.StreamOpFlag.getMask(I)I @ 1 c2
Event: 86.112 Thread 0x000001dbbfe242c0 Uncommon trap: reason=unstable_if action=reinterpret pc=0x000001dba7b0235c method=java.util.stream.StreamOpFlag.getMask(I)I @ 1 c2
Event: 86.112 Thread 0x000001dbbfe242c0 DEOPT PACKING pc=0x000001dba7b0235c sp=0x0000001b46dfd440
Event: 86.112 Thread 0x000001dbbfe25130 DEOPT PACKING pc=0x000001dba7b0235c sp=0x0000001b4fcfd4d0
Event: 86.112 Thread 0x000001dbbfe25130 DEOPT UNPACKING pc=0x000001dba6f7a1a3 sp=0x0000001b4fcfd3c0 mode 2
Event: 86.112 Thread 0x000001dbbfe242c0 DEOPT UNPACKING pc=0x000001dba6f7a1a3 sp=0x0000001b46dfd330 mode 2

Classes unloaded (0 events):
No events

Classes redefined (0 events):
No events

Internal exceptions (20 events):
Event: 84.186 Thread 0x000001dbc392ff00 Exception <a 'sun/nio/fs/WindowsException'{0x0000000091fbaaa0}> (0x0000000091fbaaa0) 
thrown [s\src\hotspot\share\prims\jni.cpp, line 517]
Event: 84.195 Thread 0x000001dbc392ff00 Exception <a 'sun/nio/fs/WindowsException'{0x0000000091ff5100}> (0x0000000091ff5100) 
thrown [s\src\hotspot\share\prims\jni.cpp, line 517]
Event: 84.292 Thread 0x000001dbc392ff00 Exception <a 'sun/nio/fs/WindowsException'{0x000000008e419500}> (0x000000008e419500) 
thrown [s\src\hotspot\share\prims\jni.cpp, line 517]
Event: 84.293 Thread 0x000001dbc392ff00 Exception <a 'sun/nio/fs/WindowsException'{0x000000008e41b9d0}> (0x000000008e41b9d0) 
thrown [s\src\hotspot\share\prims\jni.cpp, line 517]
Event: 84.294 Thread 0x000001dbc392ff00 Exception <a 'sun/nio/fs/WindowsException'{0x000000008e41de48}> (0x000000008e41de48) 
thrown [s\src\hotspot\share\prims\jni.cpp, line 517]
Event: 84.294 Thread 0x000001dbc392ff00 Exception <a 'sun/nio/fs/WindowsException'{0x000000008e4202a8}> (0x000000008e4202a8) 
thrown [s\src\hotspot\share\prims\jni.cpp, line 517]
Event: 84.295 Thread 0x000001dbc392ff00 Exception <a 'sun/nio/fs/WindowsException'{0x000000008e4226e0}> (0x000000008e4226e0) 
thrown [s\src\hotspot\share\prims\jni.cpp, line 517]
Event: 84.296 Thread 0x000001dbc392ff00 Exception <a 'sun/nio/fs/WindowsException'{0x000000008e424ba0}> (0x000000008e424ba0) 
thrown [s\src\hotspot\share\prims\jni.cpp, line 517]
Event: 84.297 Thread 0x000001dbc392ff00 Exception <a 'sun/nio/fs/WindowsException'{0x000000008e4270b8}> (0x000000008e4270b8) 
thrown [s\src\hotspot\share\prims\jni.cpp, line 517]
Event: 84.298 Thread 0x000001dbc392ff00 Exception <a 'sun/nio/fs/WindowsException'{0x000000008e429518}> (0x000000008e429518) 
thrown [s\src\hotspot\share\prims\jni.cpp, line 517]
Event: 84.299 Thread 0x000001dbc392ff00 Exception <a 'sun/nio/fs/WindowsException'{0x000000008e42b980}> (0x000000008e42b980) 
thrown [s\src\hotspot\share\prims\jni.cpp, line 517]
Event: 84.299 Thread 0x000001dbc392ff00 Exception <a 'sun/nio/fs/WindowsException'{0x000000008e42ddc0}> (0x000000008e42ddc0) 
thrown [s\src\hotspot\share\prims\jni.cpp, line 517]
Event: 84.300 Thread 0x000001dbc392ff00 Exception <a 'sun/nio/fs/WindowsException'{0x000000008e430238}> (0x000000008e430238) 
thrown [s\src\hotspot\share\prims\jni.cpp, line 517]
Event: 84.301 Thread 0x000001dbc392ff00 Exception <a 'sun/nio/fs/WindowsException'{0x000000008e4326b8}> (0x000000008e4326b8) 
thrown [s\src\hotspot\share\prims\jni.cpp, line 517]
Event: 84.386 Thread 0x000001dbb8150a40 Exception <a 'java/lang/NoSuchMethodError'{0x000000008dec8e00}: static Lorg/gradle/internal/build/event/types/DefaultJavaCompileTaskSuccessResult;.<clinit>()V> (0x000000008dec8e00) 
thrown [s\src\hotspot\share\prims\jni.cpp, line 1108]
Event: 85.498 Thread 0x000001dbc39333f0 Exception <a 'sun/nio/fs/WindowsException'{0x000000008d9262c8}> (0x000000008d9262c8) 
thrown [s\src\hotspot\share\prims\jni.cpp, line 517]
Event: 85.527 Thread 0x000001dbc39333f0 Exception <a 'java/lang/NoSuchMethodError'{0x000000008d9de5f8}: static Lcom/android/build/gradle/internal/tasks/DexArchiveBuilderTaskDelegate$ClasspathServiceKey;.<clinit>()V> (0x000000008d9de5f8) 
thrown [s\src\hotspot\share\prims\jni.cpp, line 1108]
Event: 85.790 Thread 0x000001dbc392fa30 Exception <a 'sun/nio/fs/WindowsException'{0x000000008e4a2210}> (0x000000008e4a2210) 
thrown [s\src\hotspot\share\prims\jni.cpp, line 517]
Event: 85.790 Thread 0x000001dbc3932a50 Exception <a 'sun/nio/fs/WindowsException'{0x0000000091eb23f8}> (0x0000000091eb23f8) 
thrown [s\src\hotspot\share\prims\jni.cpp, line 517]
Event: 85.790 Thread 0x000001dbbdf55ee0 Exception <a 'sun/nio/fs/WindowsException'{0x0000000091e44f90}> (0x0000000091e44f90) 
thrown [s\src\hotspot\share\prims\jni.cpp, line 517]

VM Operations (20 events):
Event: 86.004 Executing VM operation: HandshakeAllThreads done
Event: 86.010 Executing VM operation: HandshakeAllThreads
Event: 86.010 Executing VM operation: HandshakeAllThreads done
Event: 86.135 Executing VM operation: CollectForMetadataAllocation
Event: 86.140 Executing VM operation: CollectForMetadataAllocation done
Event: 86.158 Executing VM operation: CollectForMetadataAllocation
Event: 86.158 Executing VM operation: CollectForMetadataAllocation done
Event: 86.158 Executing VM operation: CollectForMetadataAllocation
Event: 86.158 Executing VM operation: CollectForMetadataAllocation done
Event: 86.159 Executing VM operation: CollectForMetadataAllocation
Event: 86.159 Executing VM operation: CollectForMetadataAllocation done
Event: 86.159 Executing VM operation: CollectForMetadataAllocation
Event: 86.159 Executing VM operation: CollectForMetadataAllocation done
Event: 86.159 Executing VM operation: CollectForMetadataAllocation
Event: 86.159 Executing VM operation: CollectForMetadataAllocation done
Event: 86.159 Executing VM operation: CollectForMetadataAllocation
Event: 86.160 Executing VM operation: CollectForMetadataAllocation done
Event: 86.160 Executing VM operation: CollectForMetadataAllocation
Event: 86.160 Executing VM operation: CollectForMetadataAllocation done
Event: 86.238 Executing VM operation: G1Concurrent

Events (20 events):
Event: 86.025 Thread 0x000001dbb6c574a0 flushing nmethod 0x000001dba161f490
Event: 86.026 Thread 0x000001dbb6c574a0 flushing nmethod 0x000001dba1624010
Event: 86.026 Thread 0x000001dbb6c574a0 flushing nmethod 0x000001dba1627890
Event: 86.026 Thread 0x000001dbb6c574a0 flushing nmethod 0x000001dba162b990
Event: 86.026 Thread 0x000001dbb6c574a0 flushing nmethod 0x000001dba1632f90
Event: 86.026 Thread 0x000001dbb6c574a0 flushing nmethod 0x000001dba1633690
Event: 86.026 Thread 0x000001dbb6c574a0 flushing nmethod 0x000001dba163a910
Event: 86.026 Thread 0x000001dbb6c574a0 flushing nmethod 0x000001dba163bb90
Event: 86.026 Thread 0x000001dbb6c574a0 flushing nmethod 0x000001dba163df10
Event: 86.026 Thread 0x000001dbb6c574a0 flushing nmethod 0x000001dba164eb90
Event: 86.026 Thread 0x000001dbb6c574a0 flushing nmethod 0x000001dba1652090
Event: 86.026 Thread 0x000001dbb6c574a0 flushing nmethod 0x000001dba1663f90
Event: 86.026 Thread 0x000001dbb6c574a0 flushing nmethod 0x000001dba1666610
Event: 86.026 Thread 0x000001dbb6c574a0 flushing nmethod 0x000001dba1667190
Event: 86.026 Thread 0x000001dbb6c574a0 flushing nmethod 0x000001dba1676690
Event: 86.026 Thread 0x000001dbb6c574a0 flushing nmethod 0x000001dba16db710
Event: 86.026 Thread 0x000001dbb6c574a0 flushing nmethod 0x000001dba1767510
Event: 86.026 Thread 0x000001dbb6c574a0 flushing nmethod 0x000001dba176d490
Event: 86.143 loading class java/util/concurrent/RejectedExecutionException
Event: 86.143 loading class java/util/concurrent/RejectedExecutionException done


Dynamic libraries:
0x00007ff627000000 - 0x00007ff62700a000 	C:\Program Files\Android\Android Studio\jbr\bin\java.exe
0x00007ff910db0000 - 0x00007ff910fc7000 	C:\WINDOWS\SYSTEM32\ntdll.dll
0x00007ff910000000 - 0x00007ff9100c4000 	C:\WINDOWS\System32\KERNEL32.DLL
0x00007ff90e450000 - 0x00007ff90e7f5000 	C:\WINDOWS\System32\KERNELBASE.dll
0x00007ff90e9e0000 - 0x00007ff90eaf1000 	C:\WINDOWS\System32\ucrtbase.dll
0x00007ff8e2630000 - 0x00007ff8e2647000 	C:\Program Files\Android\Android Studio\jbr\bin\jli.dll
0x00007ff9049d0000 - 0x00007ff9049eb000 	C:\Program Files\Android\Android Studio\jbr\bin\VCRUNTIME140.dll
0x00007ff9100d0000 - 0x00007ff91027e000 	C:\WINDOWS\System32\USER32.dll
0x00007ff90e120000 - 0x00007ff90e146000 	C:\WINDOWS\System32\win32u.dll
0x00007ff90d1a0000 - 0x00007ff90d433000 	C:\WINDOWS\WinSxS\amd64_microsoft.windows.common-controls_6595b64144ccf1df_6.0.22621.2506_none_270c5ae97388e100\COMCTL32.dll
0x00007ff9102e0000 - 0x00007ff910309000 	C:\WINDOWS\System32\GDI32.dll
0x00007ff910c10000 - 0x00007ff910cb7000 	C:\WINDOWS\System32\msvcrt.dll
0x00007ff90e800000 - 0x00007ff90e919000 	C:\WINDOWS\System32\gdi32full.dll
0x00007ff90e150000 - 0x00007ff90e1ea000 	C:\WINDOWS\System32\msvcp_win.dll
0x00007ff90ffb0000 - 0x00007ff90ffe1000 	C:\WINDOWS\System32\IMM32.DLL
0x00007ff90ac80000 - 0x00007ff90ac8c000 	C:\Program Files\Android\Android Studio\jbr\bin\vcruntime140_1.dll
0x00007ff8f7210000 - 0x00007ff8f729d000 	C:\Program Files\Android\Android Studio\jbr\bin\msvcp140.dll
0x00007ff8842c0000 - 0x00007ff884f2e000 	C:\Program Files\Android\Android Studio\jbr\bin\server\jvm.dll
0x00007ff90f600000 - 0x00007ff90f6b1000 	C:\WINDOWS\System32\ADVAPI32.dll
0x00007ff90ef80000 - 0x00007ff90f026000 	C:\WINDOWS\System32\sechost.dll
0x00007ff90ee60000 - 0x00007ff90ef77000 	C:\WINDOWS\System32\RPCRT4.dll
0x00007ff8f6ec0000 - 0x00007ff8f6ec9000 	C:\WINDOWS\SYSTEM32\WSOCK32.dll
0x00007ff90ede0000 - 0x00007ff90ee51000 	C:\WINDOWS\System32\WS2_32.dll
0x00007ff906890000 - 0x00007ff9068c4000 	C:\WINDOWS\SYSTEM32\WINMM.dll
0x00007ff9046e0000 - 0x00007ff9046ea000 	C:\WINDOWS\SYSTEM32\VERSION.dll
0x00007ff90c9e0000 - 0x00007ff90c9f8000 	C:\WINDOWS\SYSTEM32\kernel.appcore.dll
0x00007ff8f5c60000 - 0x00007ff8f5c6a000 	C:\Program Files\Android\Android Studio\jbr\bin\jimage.dll
0x00007ff90d910000 - 0x00007ff90db43000 	C:\WINDOWS\SYSTEM32\DBGHELP.DLL
0x00007ff90f030000 - 0x00007ff90f3b9000 	C:\WINDOWS\System32\combase.dll
0x00007ff910380000 - 0x00007ff910457000 	C:\WINDOWS\System32\OLEAUT32.dll
0x00007ff90d490000 - 0x00007ff90d4c2000 	C:\WINDOWS\SYSTEM32\dbgcore.DLL
0x00007ff90e3d0000 - 0x00007ff90e44a000 	C:\WINDOWS\System32\bcryptPrimitives.dll
0x00007ff8e1670000 - 0x00007ff8e1695000 	C:\Program Files\Android\Android Studio\jbr\bin\java.dll
0x00007ff8f26b0000 - 0x00007ff8f26c8000 	C:\Program Files\Android\Android Studio\jbr\bin\zip.dll
0x00007ff90f6c0000 - 0x00007ff90ff19000 	C:\WINDOWS\System32\SHELL32.dll
0x00007ff90b960000 - 0x00007ff90c254000 	C:\WINDOWS\SYSTEM32\windows.storage.dll
0x00007ff90b820000 - 0x00007ff90b95e000 	C:\WINDOWS\SYSTEM32\wintypes.dll
0x00007ff910af0000 - 0x00007ff910be3000 	C:\WINDOWS\System32\SHCORE.dll
0x00007ff910280000 - 0x00007ff9102de000 	C:\WINDOWS\System32\shlwapi.dll
0x00007ff90e050000 - 0x00007ff90e076000 	C:\WINDOWS\SYSTEM32\profapi.dll
0x00007ff8e1ff0000 - 0x00007ff8e2009000 	C:\Program Files\Android\Android Studio\jbr\bin\net.dll
0x00007ff907bd0000 - 0x00007ff907d07000 	C:\WINDOWS\SYSTEM32\WINHTTP.dll
0x00007ff90ce80000 - 0x00007ff90cee9000 	C:\WINDOWS\system32\mswsock.dll
0x00007ff8e0480000 - 0x00007ff8e0496000 	C:\Program Files\Android\Android Studio\jbr\bin\nio.dll
0x00007ff904860000 - 0x00007ff904870000 	C:\Program Files\Android\Android Studio\jbr\bin\verify.dll
0x00007ff901740000 - 0x00007ff901767000 	C:\Users\User\.gradle\native\68d5fa5c4cc2d200863cafc0d521ce42e7d3e7ee720ec0a83991735586a16f82\windows-amd64\native-platform.dll
0x00007ff8dfb40000 - 0x00007ff8dfc84000 	C:\Users\User\.gradle\native\e376f236ea51e6404a007f0833ffe2c6e607c4080706a723a18a27aeea778392\windows-amd64\native-platform-file-events.dll
0x00007ff8f9190000 - 0x00007ff8f9199000 	C:\Program Files\Android\Android Studio\jbr\bin\management.dll
0x00007ff8f5b10000 - 0x00007ff8f5b1b000 	C:\Program Files\Android\Android Studio\jbr\bin\management_ext.dll
0x00007ff910a90000 - 0x00007ff910a98000 	C:\WINDOWS\System32\PSAPI.DLL
0x00007ff90dcd0000 - 0x00007ff90dceb000 	C:\WINDOWS\SYSTEM32\CRYPTSP.dll
0x00007ff90c9a0000 - 0x00007ff90c9d5000 	C:\WINDOWS\system32\rsaenh.dll
0x00007ff90cf70000 - 0x00007ff90cf9c000 	C:\WINDOWS\SYSTEM32\USERENV.dll
0x00007ff90db70000 - 0x00007ff90db98000 	C:\WINDOWS\SYSTEM32\bcrypt.dll
0x00007ff90d0d0000 - 0x00007ff90d0dc000 	C:\WINDOWS\SYSTEM32\CRYPTBASE.dll
0x00007ff90c4b0000 - 0x00007ff90c4dd000 	C:\WINDOWS\SYSTEM32\IPHLPAPI.DLL
0x00007ff90ed70000 - 0x00007ff90ed79000 	C:\WINDOWS\System32\NSI.dll
0x00007ff905f60000 - 0x00007ff905f79000 	C:\WINDOWS\SYSTEM32\dhcpcsvc6.DLL
0x00007ff905f40000 - 0x00007ff905f5f000 	C:\WINDOWS\SYSTEM32\dhcpcsvc.DLL
0x00007ff90c4e0000 - 0x00007ff90c5d9000 	C:\WINDOWS\SYSTEM32\DNSAPI.dll
0x00007ff9049f0000 - 0x00007ff9049f8000 	C:\WINDOWS\system32\wshunix.dll
0x00007ff8e6ed0000 - 0x00007ff8e6ee7000 	C:\WINDOWS\system32\napinsp.dll
0x00007ff8e6e20000 - 0x00007ff8e6e3b000 	C:\WINDOWS\system32\pnrpnsp.dll
0x00007ff8e6e00000 - 0x00007ff8e6e11000 	C:\WINDOWS\System32\winrnr.dll
0x00007ff8e6de0000 - 0x00007ff8e6df5000 	C:\WINDOWS\system32\wshbth.dll
0x00007ff8e8e30000 - 0x00007ff8e8e51000 	C:\WINDOWS\system32\nlansp_c.dll
0x00007ff904710000 - 0x00007ff90471a000 	C:\Windows\System32\rasadhlp.dll
0x00007ff904580000 - 0x00007ff904603000 	C:\WINDOWS\System32\fwpuclnt.dll
0x00007ff90dba0000 - 0x00007ff90dbd4000 	C:\WINDOWS\SYSTEM32\ntmarta.dll
0x00007ff9086a0000 - 0x00007ff9086a7000 	C:\Program Files\Android\Android Studio\jbr\bin\rmi.dll

dbghelp: loaded successfully - version: 4.0.5 - missing functions: none
symbol engine: initialized successfully - sym options: 0x614 - pdb path: .;C:\Program Files\Android\Android Studio\jbr\bin;C:\WINDOWS\SYSTEM32;C:\WINDOWS\WinSxS\amd64_microsoft.windows.common-controls_6595b64144ccf1df_6.0.22621.2506_none_270c5ae97388e100;C:\Program Files\Android\Android Studio\jbr\bin\server;C:\Users\User\.gradle\native\68d5fa5c4cc2d200863cafc0d521ce42e7d3e7ee720ec0a83991735586a16f82\windows-amd64;C:\Users\User\.gradle\native\e376f236ea51e6404a007f0833ffe2c6e607c4080706a723a18a27aeea778392\windows-amd64

VM Arguments:
jvm_args: --add-opens=java.base/java.util=ALL-UNNAMED --add-opens=java.base/java.lang=ALL-UNNAMED --add-opens=java.base/java.lang.invoke=ALL-UNNAMED --add-opens=java.prefs/java.util.prefs=ALL-UNNAMED --add-opens=java.base/java.nio.charset=ALL-UNNAMED --add-opens=java.base/java.net=ALL-UNNAMED --add-opens=java.base/java.util.concurrent.atomic=ALL-UNNAMED -Xmx2048m -Dfile.encoding=UTF-8 -Duser.country=US -Duser.language=en -Duser.variant 
java_command: org.gradle.launcher.daemon.bootstrap.GradleDaemon 8.0
java_class_path (initial): C:\Users\User\.gradle\wrapper\dists\gradle-8.0-bin\ca5e32bp14vu59qr306oxotwh\gradle-8.0\lib\gradle-launcher-8.0.jar
Launcher Type: SUN_STANDARD

[Global flags]
     intx CICompilerCount                          = 4                                         {product} {ergonomic}
     uint ConcGCThreads                            = 2                                         {product} {ergonomic}
     uint G1ConcRefinementThreads                  = 8                                         {product} {ergonomic}
   size_t G1HeapRegionSize                         = 1048576                                   {product} {ergonomic}
    uintx GCDrainStackTargetSize                   = 64                                        {product} {ergonomic}
   size_t InitialHeapSize                          = 132120576                                 {product} {ergonomic}
   size_t MarkStackSize                            = 4194304                                   {product} {ergonomic}
   size_t MaxHeapSize                              = 2147483648                                {product} {command line}
   size_t MaxNewSize                               = 1287651328                                {product} {ergonomic}
   size_t MinHeapDeltaBytes                        = 1048576                                   {product} {ergonomic}
   size_t MinHeapSize                              = 8388608                                   {product} {ergonomic}
    uintx NonNMethodCodeHeapSize                   = 5839372                                {pd product} {ergonomic}
    uintx NonProfiledCodeHeapSize                  = 122909434                              {pd product} {ergonomic}
    uintx ProfiledCodeHeapSize                     = 122909434                              {pd product} {ergonomic}
    uintx ReservedCodeCacheSize                    = 251658240                              {pd product} {ergonomic}
     bool SegmentedCodeCache                       = true                                      {product} {ergonomic}
   size_t SoftMaxHeapSize                          = 2147483648                             {manageable} {ergonomic}
     bool UseCompressedClassPointers               = true                           {product lp64_product} {ergonomic}
     bool UseCompressedOops                        = true                           {product lp64_product} {ergonomic}
     bool UseG1GC                                  = true                                      {product} {ergonomic}
     bool UseLargePagesIndividualAllocation        = false                                  {pd product} {ergonomic}

Logging:
Log output configuration:
 #0: stdout all=warning uptime,level,tags
 #1: stderr all=off uptime,level,tags

Environment Variables:
JAVA_HOME=C:\Program Files\Java\jdk-20.0.1
PATH=C:\Program Files (x86)\Common Files\Oracle\Java\javapath;C:\Python311\Scripts\;C:\Python311\;C:\Program Files (x86)\Falcon\MinGW\bin;C:\WINDOWS\system32;C:\WINDOWS;C:\WINDOWS\System32\Wbem;C:\WINDOWS\System32\WindowsPowerShell\v1.0\;C:\WINDOWS\System32\OpenSSH\;C:\Program Files\Microsoft SQL Server\130\Tools\Binn\;C:\sqlite3;C:\Program Files (x86)\Microsoft SQL Server\150\DTS\Binn\;C:\Program Files\Azure Data Studio\bin;C:\Program Files\Microsoft SQL Server\Client SDK\ODBC\170\Tools\Binn\;C:\Program Files (x86)\Microsoft SQL Server\150\Tools\Binn\;C:\Program Files\Microsoft SQL Server\150\Tools\Binn\;C:\Program Files\Microsoft SQL Server\150\DTS\Binn\;C:\xampp\php;C:\ProgramData\ComposerSetup\bin;C:\Program Files\dotnet\;C:\Users\User\AppData\Local\Android\Sdk\cmdline-tools\bin;C:\Program Files\Java\;C:\Program Files\Git\cmd;C:\Program Files\nodejs\;C:\ProgramData\chocolatey\bin;C:\Program Files (x86)\GTK2-Runtime\lib;C:\Program Files (x86)\Common Files\Oracle\Java\javapath;C:\Python311\Scripts\;C:\Python311\;C:\Program Files (x86)\Falcon\MinGW\bin;C:\WINDOWS\system32;C:\WINDOWS;C:\WINDOWS\System32\Wbem;C:\WINDOWS\System32\WindowsPowerShell\v1.0\;C:\WINDOWS\System32\OpenSSH\;C:\Program Files\Microsoft SQL Server\130\Tools\Binn\;C:\sqlite3;C:\Program Files (x86)\Microsoft SQL Server\150\DTS\Binn\;C:\Program Files\Azure Data Studio\bin;C:\Program Files\Microsoft SQL Server\Client SDK\ODBC\170\Tools\Binn\;C:\Program Files (x86)\Microsoft SQL Server\150\Tools\Binn\;C:\Program Files\Microsoft SQL Server\150\Tools\Binn\;C:\Program Files\Microsoft SQL Server\150\DTS\Binn\;C:\xampp\php;C:\ProgramData\ComposerSetup\bin;C:\Program Files\dotnet\;C:\Users\User\AppData\Local\Android\Sdk\cmdline-tools\bin;C:\Program Files\Java\;C:\Program Files\Git\cmd;C:\Program Files\nodejs\;C:\ProgramData\chocolatey\bin;C:\Program Files (x86)\GTK2-Runtime\lib;C:\Program Files\nodejs\node_modules\npm\bin;C:\Program Files\MySQL\MySQL Shell 8.0\bin\;C:\Users\User\AppData\Local\Microsoft\Windows
USERNAME=User
OS=Windows_NT
PROCESSOR_IDENTIFIER=Intel64 Family 6 Model 140 Stepping 1, GenuineIntel
TMP=C:\Users\User\AppData\Local\Temp
TEMP=C:\Users\User\AppData\Local\Temp


JNI global refs:
JNI global refs: 25, weak refs: 0

JNI global refs memory usage: 843, weak refs: 841


---------------  S Y S T E M  ---------------

OS:
 Windows 11 , 64 bit Build 22621 (10.0.22621.2506)
OS uptime: 0 days 18:11 hours

CPU: total 8 (initial active 8) (4 cores per cpu, 2 threads per core) family 6 model 140 stepping 1 microcode 0x78, cx8, cmov, fxsr, ht, mmx, 3dnowpref, sse, sse2, sse3, ssse3, sse4.1, sse4.2, popcnt, lzcnt, tsc, tscinvbit, avx, avx2, aes, erms, clmul, bmi1, bmi2, adx, avx512f, avx512dq, avx512cd, avx512bw, avx512vl, sha, fma, vzeroupper, avx512_vpopcntdq, avx512_vpclmulqdq, avx512_vaes, avx512_vnni, clflush, clflushopt, clwb, avx512_vbmi2, avx512_vbmi

Memory: 4k page, system-wide physical 7991M (548M free)
TotalPageFile size 10039M (AvailPageFile size 58M)
current process WorkingSet (physical memory assigned to process): 544M, peak: 580M
current process commit charge ("private bytes"): 588M, peak: 645M

vm_info: OpenJDK 64-Bit Server VM (17.0.6+0-b2043.56-10027231) for windows-amd64 JRE (17.0.6+0-b2043.56-10027231), built on Apr 28 2023 00:43:19 by "androidbuild" with MS VC++ 16.10 / 16.11 (VS2019)

END.
