#
# There is insufficient memory for the Java Runtime Environment to continue.
# Native memory allocation (mmap) failed to map 31457280 bytes for G1 virtual space
# Possible reasons:
#   The system is out of physical RAM or swap space
#   The process is running with CompressedOops enabled, and the Java Heap may be blocking the growth of the native heap
# Possible solutions:
#   Reduce memory load on the system
#   Increase physical memory or swap space
#   Check if swap backing store is full
#   Decrease Java heap size (-Xmx/-Xms)
#   Decrease number of Java threads
#   Decrease Java thread stack sizes (-Xss)
#   Set larger code cache with -XX:ReservedCodeCacheSize=
#   JVM is running with Unscaled Compressed Oops mode in which the Java heap is
#     placed in the first 4GB address space. The Java Heap base address is the
#     maximum limit for the native heap growth. Please use -XX:HeapBaseMinAddress
#     to set the Java Heap base and to place the Java Heap above 4GB virtual address.
# This output file may be truncated or incomplete.
#
#  Out of Memory Error (os_windows.cpp:3769), pid=14300, tid=9392
#
# JRE version: OpenJDK Runtime Environment (17.0.6) (build 17.0.6+0-b2043.56-10027231)
# Java VM: OpenJDK 64-Bit Server VM (17.0.6+0-b2043.56-10027231, mixed mode, tiered, compressed oops, compressed class ptrs, g1 gc, windows-amd64)
# No core dump will be written. Minidumps are not enabled by default on client versions of Windows
#

---------------  S U M M A R Y ------------

Command Line: --add-opens=java.base/java.util=ALL-UNNAMED --add-opens=java.base/java.lang=ALL-UNNAMED --add-opens=java.base/java.lang.invoke=ALL-UNNAMED --add-opens=java.prefs/java.util.prefs=ALL-UNNAMED --add-opens=java.base/java.nio.charset=ALL-UNNAMED --add-opens=java.base/java.net=ALL-UNNAMED --add-opens=java.base/java.util.concurrent.atomic=ALL-UNNAMED -Xmx2048m -Dfile.encoding=UTF-8 -Duser.country=US -Duser.language=en -Duser.variant org.gradle.launcher.daemon.bootstrap.GradleDaemon 8.0

Host: 11th Gen Intel(R) Core(TM) i5-1135G7 @ 2.40GHz, 8 cores, 7G,  Windows 11 , 64 bit Build 22621 (10.0.22621.2506)
Time: Mon Nov 27 12:58:28 2023 E. Africa Standard Time elapsed time: 19.818386 seconds (0d 0h 0m 19s)

---------------  T H R E A D  ---------------

Current thread (0x000001be913ff940):  VMThread "VM Thread" [stack: 0x000000817dc00000,0x000000817dd00000] [id=9392]

Stack: [0x000000817dc00000,0x000000817dd00000]
Native frames: (J=compiled Java code, j=interpreted, Vv=VM code, C=native code)
V  [jvm.dll+0x683c9a]
V  [jvm.dll+0x8427a4]
V  [jvm.dll+0x843f9e]
V  [jvm.dll+0x844603]
V  [jvm.dll+0x249b75]
V  [jvm.dll+0x680b69]
V  [jvm.dll+0x67505a]
V  [jvm.dll+0x309acb]
V  [jvm.dll+0x310f86]
V  [jvm.dll+0x3608ee]
V  [jvm.dll+0x360b1f]
V  [jvm.dll+0x2dfbf8]
V  [jvm.dll+0x2ddec4]
V  [jvm.dll+0x2dd4cc]
V  [jvm.dll+0x321f3b]
V  [jvm.dll+0x848ccb]
V  [jvm.dll+0x849a04]
V  [jvm.dll+0x849f1d]
V  [jvm.dll+0x84a2f4]
V  [jvm.dll+0x84a3c0]
V  [jvm.dll+0x7f274a]
V  [jvm.dll+0x682ad5]
C  [ucrtbase.dll+0x29363]
C  [KERNEL32.DLL+0x1257d]
C  [ntdll.dll+0x5aa58]

VM_Operation (0x0000008107cfd450): G1CollectForAllocation, mode: safepoint, requested by thread 0x000001be9c8bda30


---------------  P R O C E S S  ---------------

Threads class SMR info:
_java_thread_list=0x000001be95226c80, length=146, elements={
0x000001bef754cc60, 0x000001be92012250, 0x000001be92012e00, 0x000001be9203c7b0,
0x000001be91416ba0, 0x000001be91417650, 0x000001be92038110, 0x000001be92038df0,
0x000001be92039890, 0x000001be9203a280, 0x000001be921abbd0, 0x000001be921d8010,
0x000001be923ef9d0, 0x000001be93578c90, 0x000001be94a24400, 0x000001be92f7c6f0,
0x000001be92e3c340, 0x000001be9390dd80, 0x000001be94c6c260, 0x000001be93461460,
0x000001be93460ac0, 0x000001be93461930, 0x000001be934622d0, 0x000001be93460120,
0x000001be934627a0, 0x000001be9345fc50, 0x000001be934605f0, 0x000001be93462c70,
0x000001be93461e00, 0x000001be9345f2b0, 0x000001be9345f780, 0x000001be95175ba0,
0x000001be9517bbe0, 0x000001be951756d0, 0x000001be951773b0, 0x000001be9517ad70,
0x000001be95179560, 0x000001be95176070, 0x000001be9517a3d0, 0x000001be95176a10,
0x000001be9517a8a0, 0x000001be951786f0, 0x000001be95178bc0, 0x000001be95175200,
0x000001be9517c580, 0x000001be95176540, 0x000001be95179090, 0x000001be97cf8810,
0x000001be97cf6b30, 0x000001be97cfb360, 0x000001be97cf6190, 0x000001be97cf79a0,
0x000001be97cf74d0, 0x000001be97cf91b0, 0x000001be97cfa4f0, 0x000001be97cf7e70,
0x000001be97cf8340, 0x000001be97cf5cc0, 0x000001be97cf8ce0, 0x000001be97cfa9c0,
0x000001be97cfae90, 0x000001be97cf6660, 0x000001be97cf7000, 0x000001be97cf9680,
0x000001be97cf5320, 0x000001be97cf57f0, 0x000001be97cf9b50, 0x000001be97cfa020,
0x000001be97cfb830, 0x000001be97cf44b0, 0x000001be97cf4e50, 0x000001be97cfbd00,
0x000001be97cf4980, 0x000001be96f897d0, 0x000001be96f89300, 0x000001be96f87fc0,
0x000001be96f87620, 0x000001be96f8a640, 0x000001be96f862e0, 0x000001be96f85470,
0x000001be96f87af0, 0x000001be96f88e30, 0x000001be96f84600, 0x000001be96f87150,
0x000001be96f88490, 0x000001be96f85940, 0x000001be96f8b980, 0x000001be96f8ab10,
0x000001be96f89ca0, 0x000001be96f8a170, 0x000001be96f867b0, 0x000001be96f8afe0,
0x000001be96f84fa0, 0x000001be96f84130, 0x000001be96f84ad0, 0x000001be96f8b4b0,
0x000001be96f85e10, 0x000001be96f86c80, 0x000001be96f88960, 0x000001be982b0cf0,
0x000001be982b1690, 0x000001be982af010, 0x000001be982adcd0, 0x000001be982b11c0,
0x000001be982b29d0, 0x000001be982b0350, 0x000001be982af9b0, 0x000001be982b5050,
0x000001be982afe80, 0x000001be982b2030, 0x000001be982b2500, 0x000001be982aeb40,
0x000001be982b2ea0, 0x000001be982b1b60, 0x000001be982b0820, 0x000001be982b3370,
0x000001be982b3840, 0x000001be982b41e0, 0x000001be982af4e0, 0x000001be982b3d10,
0x000001be982b46b0, 0x000001be982ad800, 0x000001be982ae1a0, 0x000001be982ae670,
0x000001be9898c930, 0x000001be98991b00, 0x000001be9898dc70, 0x000001be9898eae0,
0x000001be9898e140, 0x000001be98991fd0, 0x000001be98992970, 0x000001be9898f480,
0x000001be9898e610, 0x000001be9898efb0, 0x000001be98991630, 0x000001be9898f950,
0x000001be989902f0, 0x000001be9657f300, 0x000001be98923780, 0x000001be9657e960,
0x000001be9657f7d0, 0x000001be9b61e2a0, 0x000001be9c8be8a0, 0x000001be9c8bd560,
0x000001be9c8bda30, 0x000001be9b622fa0
}

Java Threads: ( => current thread )
  0x000001bef754cc60 JavaThread "main" [_thread_blocked, id=12968, stack(0x000000817d600000,0x000000817d700000)]
  0x000001be92012250 JavaThread "Reference Handler" daemon [_thread_blocked, id=14744, stack(0x000000817dd00000,0x000000817de00000)]
  0x000001be92012e00 JavaThread "Finalizer" daemon [_thread_blocked, id=12948, stack(0x000000817de00000,0x000000817df00000)]
  0x000001be9203c7b0 JavaThread "Signal Dispatcher" daemon [_thread_blocked, id=15332, stack(0x000000817df00000,0x000000817e000000)]
  0x000001be91416ba0 JavaThread "Attach Listener" daemon [_thread_blocked, id=12644, stack(0x000000817e000000,0x000000817e100000)]
  0x000001be91417650 JavaThread "Service Thread" daemon [_thread_blocked, id=16184, stack(0x000000817e100000,0x000000817e200000)]
  0x000001be92038110 JavaThread "Monitor Deflation Thread" daemon [_thread_blocked, id=1772, stack(0x000000817e200000,0x000000817e300000)]
  0x000001be92038df0 JavaThread "C2 CompilerThread0" daemon [_thread_blocked, id=13304, stack(0x000000817e300000,0x000000817e400000)]
  0x000001be92039890 JavaThread "C1 CompilerThread0" daemon [_thread_blocked, id=9696, stack(0x000000817e400000,0x000000817e500000)]
  0x000001be9203a280 JavaThread "Sweeper thread" daemon [_thread_blocked, id=3828, stack(0x000000817e500000,0x000000817e600000)]
  0x000001be921abbd0 JavaThread "Common-Cleaner" daemon [_thread_blocked, id=5044, stack(0x000000817e600000,0x000000817e700000)]
  0x000001be921d8010 JavaThread "Notification Thread" daemon [_thread_blocked, id=13496, stack(0x000000817e700000,0x000000817e800000)]
  0x000001be923ef9d0 JavaThread "Daemon health stats" [_thread_blocked, id=9444, stack(0x000000817ef00000,0x000000817f000000)]
  0x000001be93578c90 JavaThread "Incoming local TCP Connector on port 55360" [_thread_in_native, id=16200, stack(0x000000817f000000,0x000000817f100000)]
  0x000001be94a24400 JavaThread "Daemon periodic checks" [_thread_blocked, id=13404, stack(0x000000817f100000,0x000000817f200000)]
  0x000001be92f7c6f0 JavaThread "Daemon" [_thread_blocked, id=11568, stack(0x000000817f200000,0x000000817f300000)]
  0x000001be92e3c340 JavaThread "Handler for socket connection from /127.0.0.1:55360 to /127.0.0.1:55361" [_thread_in_native, id=13220, stack(0x000000817f300000,0x000000817f400000)]
  0x000001be9390dd80 JavaThread "Cancel handler" [_thread_blocked, id=13128, stack(0x000000817f400000,0x000000817f500000)]
  0x000001be94c6c260 JavaThread "Daemon worker" [_thread_blocked, id=16296, stack(0x000000817f500000,0x000000817f600000)]
  0x000001be93461460 JavaThread "Asynchronous log dispatcher for DefaultDaemonConnection: socket connection from /127.0.0.1:55360 to /127.0.0.1:55361" [_thread_blocked, id=8676, stack(0x000000817f600000,0x000000817f700000)]
  0x000001be93460ac0 JavaThread "Stdin handler" [_thread_blocked, id=14780, stack(0x000000817f700000,0x000000817f800000)]
  0x000001be93461930 JavaThread "Daemon client event forwarder" [_thread_blocked, id=2828, stack(0x000000817f800000,0x000000817f900000)]
  0x000001be934622d0 JavaThread "Cache worker for journal cache (C:\Users\User\.gradle\caches\journal-1)" [_thread_blocked, id=13484, stack(0x000000817fd00000,0x000000817fe00000)]
  0x000001be93460120 JavaThread "File lock request listener" [_thread_in_native, id=11156, stack(0x000000817fe00000,0x000000817ff00000)]
  0x000001be934627a0 JavaThread "Cache worker for file hash cache (C:\Users\User\.gradle\caches\8.0\fileHashes)" [_thread_blocked, id=12012, stack(0x000000817ff00000,0x0000008180000000)]
  0x000001be9345fc50 JavaThread "File watcher server" daemon [_thread_blocked, id=12856, stack(0x0000008100000000,0x0000008100100000)]
  0x000001be934605f0 JavaThread "File watcher consumer" daemon [_thread_blocked, id=10900, stack(0x0000008100100000,0x0000008100200000)]
  0x000001be93462c70 JavaThread "Cache worker for checksums cache (C:\Users\User\AndroidStudioProjects\RepairPal\.gradle\8.0\checksums)" [_thread_blocked, id=15376, stack(0x0000008100200000,0x0000008100300000)]
  0x000001be93461e00 JavaThread "Cache worker for cache directory md-rule (C:\Users\User\.gradle\caches\8.0\md-rule)" [_thread_blocked, id=13540, stack(0x0000008100300000,0x0000008100400000)]
  0x000001be9345f2b0 JavaThread "Cache worker for file content cache (C:\Users\User\.gradle\caches\8.0\fileContent)" [_thread_blocked, id=3252, stack(0x0000008100400000,0x0000008100500000)]
  0x000001be9345f780 JavaThread "Cache worker for file hash cache (C:\Users\User\AndroidStudioProjects\RepairPal\.gradle\8.0\fileHashes)" [_thread_blocked, id=10904, stack(0x0000008100500000,0x0000008100600000)]
  0x000001be95175ba0 JavaThread "Cache worker for cache directory md-supplier (C:\Users\User\.gradle\caches\8.0\md-supplier)" [_thread_blocked, id=15192, stack(0x0000008100600000,0x0000008100700000)]
  0x000001be9517bbe0 JavaThread "Cache worker for execution history cache (C:\Users\User\.gradle\caches\8.0\executionHistory)" [_thread_blocked, id=9008, stack(0x0000008100700000,0x0000008100800000)]
  0x000001be951756d0 JavaThread "jar transforms" [_thread_blocked, id=15816, stack(0x0000008100800000,0x0000008100900000)]
  0x000001be951773b0 JavaThread "jar transforms Thread 2" [_thread_blocked, id=5212, stack(0x0000008100900000,0x0000008100a00000)]
  0x000001be9517ad70 JavaThread "Cache worker for kotlin-dsl (C:\Users\User\.gradle\caches\8.0\kotlin-dsl)" [_thread_blocked, id=15364, stack(0x0000008100b00000,0x0000008100c00000)]
  0x000001be95179560 JavaThread "jar transforms Thread 3" [_thread_blocked, id=11912, stack(0x0000008100c00000,0x0000008100d00000)]
  0x000001be95176070 JavaThread "jar transforms Thread 4" [_thread_blocked, id=15400, stack(0x0000008100d00000,0x0000008100e00000)]
  0x000001be9517a3d0 JavaThread "Cache worker for dependencies-accessors (C:\Users\User\AndroidStudioProjects\RepairPal\.gradle\8.0\dependencies-accessors)" [_thread_blocked, id=668, stack(0x0000008100e00000,0x0000008100f00000)]
  0x000001be95176a10 JavaThread "Cache worker for Build Output Cleanup Cache (C:\Users\User\AndroidStudioProjects\RepairPal\.gradle\buildOutputCleanup)" [_thread_blocked, id=12200, stack(0x0000008100f00000,0x0000008101000000)]
  0x000001be9517a8a0 JavaThread "jar transforms Thread 5" [_thread_blocked, id=15344, stack(0x0000008101000000,0x0000008101100000)]
  0x000001be951786f0 JavaThread "Unconstrained build operations" [_thread_blocked, id=15164, stack(0x0000008101100000,0x0000008101200000)]
  0x000001be95178bc0 JavaThread "Unconstrained build operations Thread 2" [_thread_blocked, id=5608, stack(0x0000008101200000,0x0000008101300000)]
  0x000001be95175200 JavaThread "Unconstrained build operations Thread 3" [_thread_blocked, id=10148, stack(0x0000008101300000,0x0000008101400000)]
  0x000001be9517c580 JavaThread "Unconstrained build operations Thread 4" [_thread_blocked, id=6508, stack(0x0000008101400000,0x0000008101500000)]
  0x000001be95176540 JavaThread "Unconstrained build operations Thread 5" [_thread_blocked, id=8736, stack(0x0000008101500000,0x0000008101600000)]
  0x000001be95179090 JavaThread "Unconstrained build operations Thread 6" [_thread_blocked, id=15272, stack(0x0000008101600000,0x0000008101700000)]
  0x000001be97cf8810 JavaThread "Unconstrained build operations Thread 7" [_thread_blocked, id=12036, stack(0x0000008101700000,0x0000008101800000)]
  0x000001be97cf6b30 JavaThread "Unconstrained build operations Thread 8" [_thread_blocked, id=11364, stack(0x0000008101800000,0x0000008101900000)]
  0x000001be97cfb360 JavaThread "Unconstrained build operations Thread 9" [_thread_blocked, id=15356, stack(0x0000008101900000,0x0000008101a00000)]
  0x000001be97cf6190 JavaThread "Unconstrained build operations Thread 10" [_thread_blocked, id=13024, stack(0x0000008101a00000,0x0000008101b00000)]
  0x000001be97cf79a0 JavaThread "Unconstrained build operations Thread 11" [_thread_blocked, id=14488, stack(0x0000008101b00000,0x0000008101c00000)]
  0x000001be97cf74d0 JavaThread "Unconstrained build operations Thread 12" [_thread_blocked, id=14064, stack(0x0000008101c00000,0x0000008101d00000)]
  0x000001be97cf91b0 JavaThread "Unconstrained build operations Thread 13" [_thread_blocked, id=13448, stack(0x0000008101d00000,0x0000008101e00000)]
  0x000001be97cfa4f0 JavaThread "Unconstrained build operations Thread 14" [_thread_blocked, id=14284, stack(0x0000008101e00000,0x0000008101f00000)]
  0x000001be97cf7e70 JavaThread "Unconstrained build operations Thread 15" [_thread_blocked, id=7608, stack(0x0000008101f00000,0x0000008102000000)]
  0x000001be97cf8340 JavaThread "Unconstrained build operations Thread 16" [_thread_blocked, id=3584, stack(0x0000008102000000,0x0000008102100000)]
  0x000001be97cf5cc0 JavaThread "Unconstrained build operations Thread 17" [_thread_blocked, id=9072, stack(0x0000008102100000,0x0000008102200000)]
  0x000001be97cf8ce0 JavaThread "Unconstrained build operations Thread 18" [_thread_blocked, id=5480, stack(0x0000008102200000,0x0000008102300000)]
  0x000001be97cfa9c0 JavaThread "Unconstrained build operations Thread 19" [_thread_blocked, id=12268, stack(0x0000008102300000,0x0000008102400000)]
  0x000001be97cfae90 JavaThread "Unconstrained build operations Thread 20" [_thread_blocked, id=14704, stack(0x0000008102400000,0x0000008102500000)]
  0x000001be97cf6660 JavaThread "Unconstrained build operations Thread 21" [_thread_blocked, id=8608, stack(0x0000008102500000,0x0000008102600000)]
  0x000001be97cf7000 JavaThread "Unconstrained build operations Thread 22" [_thread_blocked, id=14504, stack(0x0000008102600000,0x0000008102700000)]
  0x000001be97cf9680 JavaThread "Unconstrained build operations Thread 23" [_thread_blocked, id=14636, stack(0x0000008102700000,0x0000008102800000)]
  0x000001be97cf5320 JavaThread "Unconstrained build operations Thread 24" [_thread_blocked, id=12724, stack(0x0000008102800000,0x0000008102900000)]
  0x000001be97cf57f0 JavaThread "Unconstrained build operations Thread 25" [_thread_blocked, id=9956, stack(0x0000008102900000,0x0000008102a00000)]
  0x000001be97cf9b50 JavaThread "Unconstrained build operations Thread 26" [_thread_blocked, id=16348, stack(0x0000008102a00000,0x0000008102b00000)]
  0x000001be97cfa020 JavaThread "Unconstrained build operations Thread 27" [_thread_blocked, id=8972, stack(0x0000008102b00000,0x0000008102c00000)]
  0x000001be97cfb830 JavaThread "Unconstrained build operations Thread 28" [_thread_blocked, id=10668, stack(0x0000008102c00000,0x0000008102d00000)]
  0x000001be97cf44b0 JavaThread "Unconstrained build operations Thread 29" [_thread_blocked, id=9764, stack(0x0000008102d00000,0x0000008102e00000)]
  0x000001be97cf4e50 JavaThread "Unconstrained build operations Thread 30" [_thread_blocked, id=7572, stack(0x0000008102e00000,0x0000008102f00000)]
  0x000001be97cfbd00 JavaThread "Unconstrained build operations Thread 31" [_thread_blocked, id=5852, stack(0x0000008102f00000,0x0000008103000000)]
  0x000001be97cf4980 JavaThread "Unconstrained build operations Thread 32" [_thread_blocked, id=5444, stack(0x0000008103000000,0x0000008103100000)]
  0x000001be96f897d0 JavaThread "Unconstrained build operations Thread 33" [_thread_blocked, id=14264, stack(0x0000008103100000,0x0000008103200000)]
  0x000001be96f89300 JavaThread "Unconstrained build operations Thread 34" [_thread_blocked, id=10008, stack(0x0000008103200000,0x0000008103300000)]
  0x000001be96f87fc0 JavaThread "Unconstrained build operations Thread 35" [_thread_blocked, id=14140, stack(0x0000008103300000,0x0000008103400000)]
  0x000001be96f87620 JavaThread "Unconstrained build operations Thread 36" [_thread_blocked, id=5060, stack(0x0000008103400000,0x0000008103500000)]
  0x000001be96f8a640 JavaThread "Unconstrained build operations Thread 37" [_thread_blocked, id=12440, stack(0x0000008103500000,0x0000008103600000)]
  0x000001be96f862e0 JavaThread "Unconstrained build operations Thread 38" [_thread_blocked, id=13648, stack(0x0000008103600000,0x0000008103700000)]
  0x000001be96f85470 JavaThread "Unconstrained build operations Thread 39" [_thread_blocked, id=9336, stack(0x0000008103700000,0x0000008103800000)]
  0x000001be96f87af0 JavaThread "Unconstrained build operations Thread 40" [_thread_blocked, id=16232, stack(0x0000008103800000,0x0000008103900000)]
  0x000001be96f88e30 JavaThread "Unconstrained build operations Thread 41" [_thread_blocked, id=6488, stack(0x0000008103900000,0x0000008103a00000)]
  0x000001be96f84600 JavaThread "Unconstrained build operations Thread 42" [_thread_blocked, id=15632, stack(0x0000008103a00000,0x0000008103b00000)]
  0x000001be96f87150 JavaThread "Unconstrained build operations Thread 43" [_thread_blocked, id=13204, stack(0x0000008103b00000,0x0000008103c00000)]
  0x000001be96f88490 JavaThread "Unconstrained build operations Thread 44" [_thread_blocked, id=10384, stack(0x0000008103c00000,0x0000008103d00000)]
  0x000001be96f85940 JavaThread "Unconstrained build operations Thread 45" [_thread_blocked, id=2560, stack(0x0000008103d00000,0x0000008103e00000)]
  0x000001be96f8b980 JavaThread "Unconstrained build operations Thread 46" [_thread_blocked, id=9448, stack(0x0000008103e00000,0x0000008103f00000)]
  0x000001be96f8ab10 JavaThread "Unconstrained build operations Thread 47" [_thread_blocked, id=13056, stack(0x0000008103f00000,0x0000008104000000)]
  0x000001be96f89ca0 JavaThread "Unconstrained build operations Thread 48" [_thread_blocked, id=11664, stack(0x0000008104000000,0x0000008104100000)]
  0x000001be96f8a170 JavaThread "Unconstrained build operations Thread 49" [_thread_blocked, id=15720, stack(0x0000008104100000,0x0000008104200000)]
  0x000001be96f867b0 JavaThread "Unconstrained build operations Thread 50" [_thread_blocked, id=6712, stack(0x0000008104200000,0x0000008104300000)]
  0x000001be96f8afe0 JavaThread "Unconstrained build operations Thread 51" [_thread_blocked, id=13352, stack(0x0000008104300000,0x0000008104400000)]
  0x000001be96f84fa0 JavaThread "Unconstrained build operations Thread 52" [_thread_blocked, id=13444, stack(0x0000008104400000,0x0000008104500000)]
  0x000001be96f84130 JavaThread "Unconstrained build operations Thread 53" [_thread_blocked, id=14756, stack(0x0000008104500000,0x0000008104600000)]
  0x000001be96f84ad0 JavaThread "Unconstrained build operations Thread 54" [_thread_blocked, id=14428, stack(0x0000008104600000,0x0000008104700000)]
  0x000001be96f8b4b0 JavaThread "Unconstrained build operations Thread 55" [_thread_blocked, id=12516, stack(0x0000008104700000,0x0000008104800000)]
  0x000001be96f85e10 JavaThread "Unconstrained build operations Thread 56" [_thread_blocked, id=12588, stack(0x0000008104800000,0x0000008104900000)]
  0x000001be96f86c80 JavaThread "Unconstrained build operations Thread 57" [_thread_blocked, id=14908, stack(0x0000008104900000,0x0000008104a00000)]
  0x000001be96f88960 JavaThread "Unconstrained build operations Thread 58" [_thread_blocked, id=14444, stack(0x0000008104a00000,0x0000008104b00000)]
  0x000001be982b0cf0 JavaThread "Unconstrained build operations Thread 59" [_thread_blocked, id=15656, stack(0x0000008104b00000,0x0000008104c00000)]
  0x000001be982b1690 JavaThread "Unconstrained build operations Thread 60" [_thread_blocked, id=3560, stack(0x0000008104c00000,0x0000008104d00000)]
  0x000001be982af010 JavaThread "Unconstrained build operations Thread 61" [_thread_blocked, id=15472, stack(0x0000008104d00000,0x0000008104e00000)]
  0x000001be982adcd0 JavaThread "Unconstrained build operations Thread 62" [_thread_blocked, id=8744, stack(0x0000008104e00000,0x0000008104f00000)]
  0x000001be982b11c0 JavaThread "Unconstrained build operations Thread 63" [_thread_blocked, id=13684, stack(0x0000008104f00000,0x0000008105000000)]
  0x000001be982b29d0 JavaThread "Unconstrained build operations Thread 64" [_thread_blocked, id=9928, stack(0x0000008105000000,0x0000008105100000)]
  0x000001be982b0350 JavaThread "Unconstrained build operations Thread 65" [_thread_blocked, id=11100, stack(0x0000008105100000,0x0000008105200000)]
  0x000001be982af9b0 JavaThread "Unconstrained build operations Thread 66" [_thread_blocked, id=3324, stack(0x0000008105200000,0x0000008105300000)]
  0x000001be982b5050 JavaThread "Unconstrained build operations Thread 67" [_thread_blocked, id=7692, stack(0x0000008105300000,0x0000008105400000)]
  0x000001be982afe80 JavaThread "Unconstrained build operations Thread 68" [_thread_blocked, id=8324, stack(0x0000008105400000,0x0000008105500000)]
  0x000001be982b2030 JavaThread "Unconstrained build operations Thread 69" [_thread_blocked, id=7796, stack(0x0000008105500000,0x0000008105600000)]
  0x000001be982b2500 JavaThread "Unconstrained build operations Thread 70" [_thread_blocked, id=13532, stack(0x0000008105600000,0x0000008105700000)]
  0x000001be982aeb40 JavaThread "Unconstrained build operations Thread 71" [_thread_blocked, id=11988, stack(0x0000008105700000,0x0000008105800000)]
  0x000001be982b2ea0 JavaThread "Unconstrained build operations Thread 72" [_thread_blocked, id=15132, stack(0x0000008105800000,0x0000008105900000)]
  0x000001be982b1b60 JavaThread "Unconstrained build operations Thread 73" [_thread_blocked, id=6388, stack(0x0000008105900000,0x0000008105a00000)]
  0x000001be982b0820 JavaThread "Unconstrained build operations Thread 74" [_thread_blocked, id=8, stack(0x0000008105a00000,0x0000008105b00000)]
  0x000001be982b3370 JavaThread "Unconstrained build operations Thread 75" [_thread_blocked, id=9580, stack(0x0000008105b00000,0x0000008105c00000)]
  0x000001be982b3840 JavaThread "Unconstrained build operations Thread 76" [_thread_blocked, id=6612, stack(0x0000008105c00000,0x0000008105d00000)]
  0x000001be982b41e0 JavaThread "Unconstrained build operations Thread 77" [_thread_blocked, id=16164, stack(0x0000008105d00000,0x0000008105e00000)]
  0x000001be982af4e0 JavaThread "Unconstrained build operations Thread 78" [_thread_blocked, id=12080, stack(0x0000008105e00000,0x0000008105f00000)]
  0x000001be982b3d10 JavaThread "Unconstrained build operations Thread 79" [_thread_blocked, id=8320, stack(0x0000008105f00000,0x0000008106000000)]
  0x000001be982b46b0 JavaThread "Unconstrained build operations Thread 80" [_thread_blocked, id=16028, stack(0x0000008106000000,0x0000008106100000)]
  0x000001be982ad800 JavaThread "jar transforms Thread 6" [_thread_blocked, id=14848, stack(0x0000008106100000,0x0000008106200000)]
  0x000001be982ae1a0 JavaThread "jar transforms Thread 7" [_thread_blocked, id=15196, stack(0x0000008106200000,0x0000008106300000)]
  0x000001be982ae670 JavaThread "jar transforms Thread 8" [_thread_blocked, id=13688, stack(0x0000008106300000,0x0000008106400000)]
  0x000001be9898c930 JavaThread "build event listener" [_thread_blocked, id=14328, stack(0x0000008106500000,0x0000008106600000)]
  0x000001be98991b00 JavaThread "Memory manager" [_thread_blocked, id=4692, stack(0x0000008106700000,0x0000008106800000)]
  0x000001be9898dc70 JavaThread "pool-3-thread-1" [_thread_blocked, id=15704, stack(0x0000008106800000,0x0000008106900000)]
  0x000001be9898eae0 JavaThread "build event listener" [_thread_blocked, id=11640, stack(0x0000008106900000,0x0000008106a00000)]
  0x000001be9898e140 JavaThread "included builds" [_thread_blocked, id=15708, stack(0x0000008106a00000,0x0000008106b00000)]
  0x000001be98991fd0 JavaThread "Execution worker" [_thread_blocked, id=7448, stack(0x0000008106b00000,0x0000008106c00000)]
  0x000001be98992970 JavaThread "Execution worker Thread 2" [_thread_blocked, id=1524, stack(0x0000008106c00000,0x0000008106d00000)]
  0x000001be9898f480 JavaThread "Execution worker Thread 3" [_thread_blocked, id=15804, stack(0x0000008106d00000,0x0000008106e00000)]
  0x000001be9898e610 JavaThread "Execution worker Thread 4" [_thread_blocked, id=11276, stack(0x0000008106e00000,0x0000008106f00000)]
  0x000001be9898efb0 JavaThread "Execution worker Thread 5" [_thread_blocked, id=14120, stack(0x0000008106f00000,0x0000008107000000)]
  0x000001be98991630 JavaThread "Execution worker Thread 6" [_thread_blocked, id=15012, stack(0x0000008107000000,0x0000008107100000)]
  0x000001be9898f950 JavaThread "Execution worker Thread 7" [_thread_blocked, id=7868, stack(0x0000008107100000,0x0000008107200000)]
  0x000001be989902f0 JavaThread "Cache worker for execution history cache (C:\Users\User\AndroidStudioProjects\RepairPal\.gradle\8.0\executionHistory)" [_thread_blocked, id=15144, stack(0x0000008107200000,0x0000008107300000)]
  0x000001be9657f300 JavaThread "WorkerExecutor Queue" [_thread_blocked, id=10776, stack(0x0000008106600000,0x0000008106700000)]
  0x000001be98923780 JavaThread "C2 CompilerThread1" daemon [_thread_blocked, id=7128, stack(0x0000008106400000,0x0000008106500000)]
  0x000001be9657e960 JavaThread "WorkerExecutor Queue Thread 2" [_thread_blocked, id=15064, stack(0x0000008107700000,0x0000008107800000)]
  0x000001be9657f7d0 JavaThread "WorkerExecutor Queue Thread 3" [_thread_blocked, id=14432, stack(0x0000008107800000,0x0000008107900000)]
  0x000001be9b61e2a0 JavaThread "WorkerExecutor Queue Thread 4" [_thread_blocked, id=11672, stack(0x0000008107900000,0x0000008107a00000)]
  0x000001be9c8be8a0 JavaThread "WorkerExecutor Queue Thread 5" [_thread_blocked, id=12872, stack(0x0000008107a00000,0x0000008107b00000)]
  0x000001be9c8bd560 JavaThread "WorkerExecutor Queue Thread 6" [_thread_blocked, id=13972, stack(0x0000008107b00000,0x0000008107c00000)]
  0x000001be9c8bda30 JavaThread "WorkerExecutor Queue Thread 7" [_thread_blocked, id=15428, stack(0x0000008107c00000,0x0000008107d00000)]
  0x000001be9b622fa0 JavaThread "WorkerExecutor Queue Thread 8" [_thread_blocked, id=12120, stack(0x0000008107d00000,0x0000008107e00000)]

Other Threads:
=>0x000001be913ff940 VMThread "VM Thread" [stack: 0x000000817dc00000,0x000000817dd00000] [id=9392]
  0x000001be921ac6b0 WatcherThread [stack: 0x000000817e800000,0x000000817e900000] [id=6096]
  0x000001bef75a7e90 GCTaskThread "GC Thread#0" [stack: 0x000000817d700000,0x000000817d800000] [id=14420]
  0x000001be92936510 GCTaskThread "GC Thread#1" [stack: 0x000000817eb00000,0x000000817ec00000] [id=11496]
  0x000001be92e48d30 GCTaskThread "GC Thread#2" [stack: 0x000000817ec00000,0x000000817ed00000] [id=11472]
  0x000001be93062430 GCTaskThread "GC Thread#3" [stack: 0x000000817ed00000,0x000000817ee00000] [id=15200]
  0x000001be9363cb20 GCTaskThread "GC Thread#4" [stack: 0x000000817ee00000,0x000000817ef00000] [id=13032]
  0x000001be93371730 GCTaskThread "GC Thread#5" [stack: 0x000000817f900000,0x000000817fa00000] [id=16080]
  0x000001be932e0e10 GCTaskThread "GC Thread#6" [stack: 0x000000817fa00000,0x000000817fb00000] [id=14824]
  0x000001be9440d120 GCTaskThread "GC Thread#7" [stack: 0x000000817fb00000,0x000000817fc00000] [id=540]
  0x000001bef75b8dd0 ConcurrentGCThread "G1 Main Marker" [stack: 0x000000817d800000,0x000000817d900000] [id=9556]
  0x000001bef75b97e0 ConcurrentGCThread "G1 Conc#0" [stack: 0x000000817d900000,0x000000817da00000] [id=9348]
  0x000001be93a5fbb0 ConcurrentGCThread "G1 Conc#1" [stack: 0x000000817fc00000,0x000000817fd00000] [id=8896]
  0x000001be912560e0 ConcurrentGCThread "G1 Refine#0" [stack: 0x000000817da00000,0x000000817db00000] [id=14364]
  0x000001be964ef320 ConcurrentGCThread "G1 Refine#1" [stack: 0x0000008100a00000,0x0000008100b00000] [id=9756]
  0x000001be984fc8a0 ConcurrentGCThread "G1 Refine#2" [stack: 0x0000008107300000,0x0000008107400000] [id=4268]
  0x000001be984fba40 ConcurrentGCThread "G1 Refine#3" [stack: 0x0000008107400000,0x0000008107500000] [id=13008]
  0x000001be969079e0 ConcurrentGCThread "G1 Refine#4" [stack: 0x0000008107500000,0x0000008107600000] [id=6884]
  0x000001be96812650 ConcurrentGCThread "G1 Refine#5" [stack: 0x0000008107600000,0x0000008107700000] [id=14696]
  0x000001be91256a10 ConcurrentGCThread "G1 Service" [stack: 0x000000817db00000,0x000000817dc00000] [id=14452]

Threads with active compile tasks:
C2 CompilerThread0    19831 14832   !   4       java.io.ObjectOutputStream::writeOrdinaryObject (196 bytes)
C1 CompilerThread0    19831 15125       3       java.lang.StringUTF16$CodePointsSpliterator::advance (64 bytes)
C2 CompilerThread1    19831 14830       4       java.io.ObjectOutputStream::writeClassDesc (60 bytes)

VM state: at safepoint (normal execution)

VM Mutex/Monitor currently owned by a thread:  ([mutex/lock_event])
[0x000001bef7548940] Threads_lock - owner thread: 0x000001be913ff940
[0x000001bef75485e0] Heap_lock - owner thread: 0x000001be9c8bda30

Heap address: 0x0000000080000000, size: 2048 MB, Compressed Oops mode: 32-bit

CDS archive(s) not mapped
Compressed class space mapped at: 0x0000000100000000-0x0000000140000000, reserved size: 1073741824
Narrow klass base: 0x0000000000000000, Narrow klass shift: 3, Narrow klass range: 0x140000000

GC Precious Log:
 CPUs: 8 total, 8 available
 Memory: 7991M
 Large Page Support: Disabled
 NUMA Support: Disabled
 Compressed Oops: Enabled (32-bit)
 Heap Region Size: 1M
 Heap Min Capacity: 8M
 Heap Initial Capacity: 126M
 Heap Max Capacity: 2G
 Pre-touch: Disabled
 Parallel Workers: 8
 Concurrent Workers: 2
 Concurrent Refinement Workers: 8
 Periodic GC: Disabled

Heap:
 garbage-first heap   total 225280K, used 181141K [0x0000000080000000, 0x0000000100000000)
  region size 1024K, 2 young (2048K), 2 survivors (2048K)
 Metaspace       used 107949K, committed 108736K, reserved 1146880K
  class space    used 14362K, committed 14720K, reserved 1048576K

Heap Regions: E=young(eden), S=young(survivor), O=old, HS=humongous(starts), HC=humongous(continues), CS=collection set, F=free, OA=open archive, CA=closed archive, TAMS=top-at-mark-start (previous, next)
|   0|0x0000000080000000, 0x0000000080100000, 0x0000000080100000|100%|HS|  |TAMS 0x0000000080100000, 0x0000000080100000| Complete 
|   1|0x0000000080100000, 0x0000000080200000, 0x0000000080200000|100%|HC|  |TAMS 0x0000000080200000, 0x0000000080200000| Complete 
|   2|0x0000000080200000, 0x0000000080300000, 0x0000000080300000|100%|HC|  |TAMS 0x0000000080300000, 0x0000000080300000| Complete 
|   3|0x0000000080300000, 0x0000000080400000, 0x0000000080400000|100%|HC|  |TAMS 0x0000000080400000, 0x0000000080400000| Complete 
|   4|0x0000000080400000, 0x0000000080500000, 0x0000000080500000|100%| O|  |TAMS 0x0000000080500000, 0x0000000080500000| Untracked 
|   5|0x0000000080500000, 0x0000000080600000, 0x0000000080600000|100%| O|  |TAMS 0x0000000080600000, 0x0000000080600000| Untracked 
|   6|0x0000000080600000, 0x0000000080700000, 0x0000000080700000|100%| O|  |TAMS 0x0000000080700000, 0x0000000080700000| Untracked 
|   7|0x0000000080700000, 0x0000000080800000, 0x0000000080800000|100%| O|  |TAMS 0x0000000080800000, 0x0000000080800000| Untracked 
|   8|0x0000000080800000, 0x0000000080900000, 0x0000000080900000|100%| O|  |TAMS 0x0000000080900000, 0x0000000080900000| Untracked 
|   9|0x0000000080900000, 0x0000000080a00000, 0x0000000080a00000|100%| O|  |TAMS 0x0000000080a00000, 0x0000000080a00000| Untracked 
|  10|0x0000000080a00000, 0x0000000080b00000, 0x0000000080b00000|100%| O|  |TAMS 0x0000000080b00000, 0x0000000080b00000| Untracked 
|  11|0x0000000080b00000, 0x0000000080c00000, 0x0000000080c00000|100%| O|  |TAMS 0x0000000080c00000, 0x0000000080c00000| Untracked 
|  12|0x0000000080c00000, 0x0000000080d00000, 0x0000000080d00000|100%| O|  |TAMS 0x0000000080d00000, 0x0000000080d00000| Untracked 
|  13|0x0000000080d00000, 0x0000000080e00000, 0x0000000080e00000|100%| O|  |TAMS 0x0000000080e00000, 0x0000000080e00000| Untracked 
|  14|0x0000000080e00000, 0x0000000080f00000, 0x0000000080f00000|100%| O|  |TAMS 0x0000000080f00000, 0x0000000080f00000| Untracked 
|  15|0x0000000080f00000, 0x0000000081000000, 0x0000000081000000|100%| O|  |TAMS 0x0000000081000000, 0x0000000081000000| Untracked 
|  16|0x0000000081000000, 0x0000000081100000, 0x0000000081100000|100%| O|  |TAMS 0x0000000081100000, 0x0000000081100000| Untracked 
|  17|0x0000000081100000, 0x0000000081200000, 0x0000000081200000|100%| O|  |TAMS 0x0000000081200000, 0x0000000081200000| Untracked 
|  18|0x0000000081200000, 0x0000000081300000, 0x0000000081300000|100%| O|  |TAMS 0x0000000081300000, 0x0000000081300000| Untracked 
|  19|0x0000000081300000, 0x0000000081400000, 0x0000000081400000|100%| O|  |TAMS 0x0000000081400000, 0x0000000081400000| Untracked 
|  20|0x0000000081400000, 0x0000000081500000, 0x0000000081500000|100%| O|  |TAMS 0x0000000081500000, 0x0000000081500000| Untracked 
|  21|0x0000000081500000, 0x0000000081600000, 0x0000000081600000|100%| O|  |TAMS 0x0000000081600000, 0x0000000081600000| Untracked 
|  22|0x0000000081600000, 0x0000000081700000, 0x0000000081700000|100%| O|  |TAMS 0x0000000081700000, 0x0000000081700000| Untracked 
|  23|0x0000000081700000, 0x0000000081800000, 0x0000000081800000|100%| O|  |TAMS 0x0000000081800000, 0x0000000081800000| Untracked 
|  24|0x0000000081800000, 0x0000000081900000, 0x0000000081900000|100%| O|  |TAMS 0x0000000081900000, 0x0000000081900000| Untracked 
|  25|0x0000000081900000, 0x0000000081a00000, 0x0000000081a00000|100%| O|  |TAMS 0x0000000081a00000, 0x0000000081a00000| Untracked 
|  26|0x0000000081a00000, 0x0000000081b00000, 0x0000000081b00000|100%| O|  |TAMS 0x0000000081b00000, 0x0000000081b00000| Untracked 
|  27|0x0000000081b00000, 0x0000000081c00000, 0x0000000081c00000|100%| O|  |TAMS 0x0000000081c00000, 0x0000000081c00000| Untracked 
|  28|0x0000000081c00000, 0x0000000081d00000, 0x0000000081d00000|100%| O|  |TAMS 0x0000000081d00000, 0x0000000081d00000| Untracked 
|  29|0x0000000081d00000, 0x0000000081e00000, 0x0000000081e00000|100%| O|  |TAMS 0x0000000081e00000, 0x0000000081e00000| Untracked 
|  30|0x0000000081e00000, 0x0000000081f00000, 0x0000000081f00000|100%| O|  |TAMS 0x0000000081f00000, 0x0000000081f00000| Untracked 
|  31|0x0000000081f00000, 0x0000000082000000, 0x0000000082000000|100%| O|  |TAMS 0x0000000082000000, 0x0000000082000000| Untracked 
|  32|0x0000000082000000, 0x0000000082100000, 0x0000000082100000|100%| O|  |TAMS 0x0000000082100000, 0x0000000082100000| Untracked 
|  33|0x0000000082100000, 0x0000000082200000, 0x0000000082200000|100%|HS|  |TAMS 0x0000000082200000, 0x0000000082200000| Complete 
|  34|0x0000000082200000, 0x0000000082300000, 0x0000000082300000|100%|HS|  |TAMS 0x0000000082300000, 0x0000000082300000| Complete 
|  35|0x0000000082300000, 0x0000000082400000, 0x0000000082400000|100%|HS|  |TAMS 0x0000000082400000, 0x0000000082400000| Complete 
|  36|0x0000000082400000, 0x0000000082500000, 0x0000000082500000|100%|HC|  |TAMS 0x0000000082500000, 0x0000000082500000| Complete 
|  37|0x0000000082500000, 0x0000000082600000, 0x0000000082600000|100%| O|  |TAMS 0x0000000082600000, 0x0000000082600000| Untracked 
|  38|0x0000000082600000, 0x0000000082700000, 0x0000000082700000|100%| O|  |TAMS 0x0000000082700000, 0x0000000082700000| Untracked 
|  39|0x0000000082700000, 0x0000000082800000, 0x0000000082800000|100%| O|  |TAMS 0x0000000082800000, 0x0000000082800000| Untracked 
|  40|0x0000000082800000, 0x0000000082900000, 0x0000000082900000|100%| O|  |TAMS 0x0000000082900000, 0x0000000082900000| Untracked 
|  41|0x0000000082900000, 0x0000000082a00000, 0x0000000082a00000|100%|HS|  |TAMS 0x0000000082a00000, 0x0000000082a00000| Complete 
|  42|0x0000000082a00000, 0x0000000082b00000, 0x0000000082b00000|100%|HS|  |TAMS 0x0000000082b00000, 0x0000000082b00000| Complete 
|  43|0x0000000082b00000, 0x0000000082c00000, 0x0000000082c00000|100%|HC|  |TAMS 0x0000000082c00000, 0x0000000082c00000| Complete 
|  44|0x0000000082c00000, 0x0000000082d00000, 0x0000000082d00000|100%|HC|  |TAMS 0x0000000082d00000, 0x0000000082d00000| Complete 
|  45|0x0000000082d00000, 0x0000000082e00000, 0x0000000082e00000|100%|HC|  |TAMS 0x0000000082e00000, 0x0000000082e00000| Complete 
|  46|0x0000000082e00000, 0x0000000082f00000, 0x0000000082f00000|100%| O|  |TAMS 0x0000000082f00000, 0x0000000082f00000| Untracked 
|  47|0x0000000082f00000, 0x0000000083000000, 0x0000000083000000|100%| O|  |TAMS 0x0000000083000000, 0x0000000083000000| Untracked 
|  48|0x0000000083000000, 0x0000000083100000, 0x0000000083100000|100%| O|  |TAMS 0x0000000083100000, 0x0000000083100000| Untracked 
|  49|0x0000000083100000, 0x0000000083200000, 0x0000000083200000|100%| O|  |TAMS 0x0000000083200000, 0x0000000083200000| Untracked 
|  50|0x0000000083200000, 0x0000000083300000, 0x0000000083300000|100%| O|  |TAMS 0x0000000083300000, 0x0000000083300000| Untracked 
|  51|0x0000000083300000, 0x0000000083400000, 0x0000000083400000|100%| O|  |TAMS 0x0000000083300000, 0x0000000083400000| Untracked 
|  52|0x0000000083400000, 0x0000000083500000, 0x0000000083500000|100%| O|  |TAMS 0x0000000083500000, 0x0000000083500000| Untracked 
|  53|0x0000000083500000, 0x0000000083600000, 0x0000000083600000|100%| O|  |TAMS 0x0000000083600000, 0x0000000083600000| Untracked 
|  54|0x0000000083600000, 0x0000000083700000, 0x0000000083700000|100%| O|  |TAMS 0x0000000083700000, 0x0000000083700000| Untracked 
|  55|0x0000000083700000, 0x0000000083800000, 0x0000000083800000|100%| O|  |TAMS 0x0000000083800000, 0x0000000083800000| Untracked 
|  56|0x0000000083800000, 0x0000000083900000, 0x0000000083900000|100%| O|  |TAMS 0x0000000083900000, 0x0000000083900000| Untracked 
|  57|0x0000000083900000, 0x0000000083a00000, 0x0000000083a00000|100%| O|  |TAMS 0x0000000083a00000, 0x0000000083a00000| Untracked 
|  58|0x0000000083a00000, 0x0000000083b00000, 0x0000000083b00000|100%| O|  |TAMS 0x0000000083b00000, 0x0000000083b00000| Untracked 
|  59|0x0000000083b00000, 0x0000000083c00000, 0x0000000083c00000|100%| O|  |TAMS 0x0000000083b00000, 0x0000000083c00000| Untracked 
|  60|0x0000000083c00000, 0x0000000083d00000, 0x0000000083d00000|100%| O|  |TAMS 0x0000000083c00000, 0x0000000083d00000| Untracked 
|  61|0x0000000083d00000, 0x0000000083e00000, 0x0000000083e00000|100%| O|  |TAMS 0x0000000083d00000, 0x0000000083e00000| Untracked 
|  62|0x0000000083e00000, 0x0000000083f00000, 0x0000000083f00000|100%| O|  |TAMS 0x0000000083e00000, 0x0000000083f00000| Untracked 
|  63|0x0000000083f00000, 0x0000000084000000, 0x0000000084000000|100%| O|  |TAMS 0x0000000083f00000, 0x0000000084000000| Untracked 
|  64|0x0000000084000000, 0x0000000084100000, 0x0000000084100000|100%| O|  |TAMS 0x0000000084000000, 0x0000000084100000| Untracked 
|  65|0x0000000084100000, 0x0000000084200000, 0x0000000084200000|100%| O|  |TAMS 0x0000000084100000, 0x0000000084200000| Untracked 
|  66|0x0000000084200000, 0x0000000084300000, 0x0000000084300000|100%| O|  |TAMS 0x0000000084200000, 0x0000000084300000| Untracked 
|  67|0x0000000084300000, 0x0000000084400000, 0x0000000084400000|100%| O|  |TAMS 0x0000000084300000, 0x0000000084400000| Untracked 
|  68|0x0000000084400000, 0x0000000084500000, 0x0000000084500000|100%| O|  |TAMS 0x0000000084400000, 0x0000000084500000| Untracked 
|  69|0x0000000084500000, 0x0000000084600000, 0x0000000084600000|100%| O|  |TAMS 0x0000000084500000, 0x0000000084600000| Untracked 
|  70|0x0000000084600000, 0x0000000084700000, 0x0000000084700000|100%| O|  |TAMS 0x0000000084600000, 0x0000000084700000| Untracked 
|  71|0x0000000084700000, 0x0000000084800000, 0x0000000084800000|100%| O|  |TAMS 0x0000000084700000, 0x0000000084800000| Untracked 
|  72|0x0000000084800000, 0x0000000084900000, 0x0000000084900000|100%| O|  |TAMS 0x0000000084800000, 0x0000000084900000| Untracked 
|  73|0x0000000084900000, 0x0000000084a00000, 0x0000000084a00000|100%| O|  |TAMS 0x0000000084900000, 0x0000000084a00000| Untracked 
|  74|0x0000000084a00000, 0x0000000084b00000, 0x0000000084b00000|100%| O|  |TAMS 0x0000000084a00000, 0x0000000084b00000| Untracked 
|  75|0x0000000084b00000, 0x0000000084c00000, 0x0000000084c00000|100%| O|  |TAMS 0x0000000084b00000, 0x0000000084c00000| Untracked 
|  76|0x0000000084c00000, 0x0000000084d00000, 0x0000000084d00000|100%| O|  |TAMS 0x0000000084c00000, 0x0000000084d00000| Untracked 
|  77|0x0000000084d00000, 0x0000000084e00000, 0x0000000084e00000|100%| O|  |TAMS 0x0000000084d00000, 0x0000000084e00000| Untracked 
|  78|0x0000000084e00000, 0x0000000084f00000, 0x0000000084f00000|100%| O|  |TAMS 0x0000000084e00000, 0x0000000084f00000| Untracked 
|  79|0x0000000084f00000, 0x0000000085000000, 0x0000000085000000|100%| O|  |TAMS 0x0000000084f00000, 0x0000000085000000| Untracked 
|  80|0x0000000085000000, 0x0000000085100000, 0x0000000085100000|100%| O|  |TAMS 0x0000000085000000, 0x0000000085100000| Untracked 
|  81|0x0000000085100000, 0x0000000085200000, 0x0000000085200000|100%| O|  |TAMS 0x0000000085100000, 0x0000000085200000| Untracked 
|  82|0x0000000085200000, 0x0000000085300000, 0x0000000085300000|100%| O|  |TAMS 0x0000000085200000, 0x0000000085300000| Untracked 
|  83|0x0000000085300000, 0x0000000085400000, 0x0000000085400000|100%| O|  |TAMS 0x0000000085300000, 0x0000000085400000| Untracked 
|  84|0x0000000085400000, 0x0000000085500000, 0x0000000085500000|100%| O|  |TAMS 0x0000000085400000, 0x0000000085500000| Untracked 
|  85|0x0000000085500000, 0x0000000085600000, 0x0000000085600000|100%| O|  |TAMS 0x0000000085500000, 0x0000000085600000| Untracked 
|  86|0x0000000085600000, 0x0000000085700000, 0x0000000085700000|100%| O|  |TAMS 0x0000000085600000, 0x0000000085700000| Untracked 
|  87|0x0000000085700000, 0x0000000085800000, 0x0000000085800000|100%| O|  |TAMS 0x0000000085700000, 0x0000000085800000| Untracked 
|  88|0x0000000085800000, 0x0000000085900000, 0x0000000085900000|100%| O|  |TAMS 0x0000000085800000, 0x0000000085900000| Untracked 
|  89|0x0000000085900000, 0x0000000085a00000, 0x0000000085a00000|100%| O|  |TAMS 0x0000000085900000, 0x0000000085a00000| Untracked 
|  90|0x0000000085a00000, 0x0000000085b00000, 0x0000000085b00000|100%| O|  |TAMS 0x0000000085a00000, 0x0000000085b00000| Untracked 
|  91|0x0000000085b00000, 0x0000000085c00000, 0x0000000085c00000|100%| O|  |TAMS 0x0000000085b00000, 0x0000000085c00000| Untracked 
|  92|0x0000000085c00000, 0x0000000085d00000, 0x0000000085d00000|100%| O|  |TAMS 0x0000000085c00000, 0x0000000085d00000| Untracked 
|  93|0x0000000085d00000, 0x0000000085e00000, 0x0000000085e00000|100%| O|  |TAMS 0x0000000085d00000, 0x0000000085e00000| Untracked 
|  94|0x0000000085e00000, 0x0000000085f00000, 0x0000000085f00000|100%| O|  |TAMS 0x0000000085e00000, 0x0000000085f00000| Untracked 
|  95|0x0000000085f00000, 0x0000000086000000, 0x0000000086000000|100%| O|  |TAMS 0x0000000085f00000, 0x0000000086000000| Untracked 
|  96|0x0000000086000000, 0x0000000086100000, 0x0000000086100000|100%| O|  |TAMS 0x0000000086000000, 0x0000000086100000| Untracked 
|  97|0x0000000086100000, 0x0000000086200000, 0x0000000086200000|100%| O|  |TAMS 0x0000000086100000, 0x0000000086200000| Untracked 
|  98|0x0000000086200000, 0x0000000086300000, 0x0000000086300000|100%| O|  |TAMS 0x0000000086200000, 0x0000000086300000| Untracked 
|  99|0x0000000086300000, 0x0000000086400000, 0x0000000086400000|100%| O|  |TAMS 0x0000000086300000, 0x0000000086400000| Untracked 
| 100|0x0000000086400000, 0x0000000086500000, 0x0000000086500000|100%| O|  |TAMS 0x0000000086400000, 0x0000000086500000| Untracked 
| 101|0x0000000086500000, 0x0000000086600000, 0x0000000086600000|100%| O|  |TAMS 0x0000000086500000, 0x0000000086600000| Untracked 
| 102|0x0000000086600000, 0x0000000086700000, 0x0000000086700000|100%| O|  |TAMS 0x0000000086600000, 0x0000000086700000| Untracked 
| 103|0x0000000086700000, 0x0000000086800000, 0x0000000086800000|100%| O|  |TAMS 0x0000000086700000, 0x0000000086800000| Untracked 
| 104|0x0000000086800000, 0x0000000086900000, 0x0000000086900000|100%| O|  |TAMS 0x0000000086800000, 0x0000000086900000| Untracked 
| 105|0x0000000086900000, 0x0000000086a00000, 0x0000000086a00000|100%| O|  |TAMS 0x0000000086900000, 0x0000000086a00000| Untracked 
| 106|0x0000000086a00000, 0x0000000086b00000, 0x0000000086b00000|100%| O|  |TAMS 0x0000000086a00000, 0x0000000086b00000| Untracked 
| 107|0x0000000086b00000, 0x0000000086c00000, 0x0000000086c00000|100%| O|  |TAMS 0x0000000086b00000, 0x0000000086c00000| Untracked 
| 108|0x0000000086c00000, 0x0000000086d00000, 0x0000000086d00000|100%| O|  |TAMS 0x0000000086c00000, 0x0000000086d00000| Untracked 
| 109|0x0000000086d00000, 0x0000000086e00000, 0x0000000086e00000|100%| O|  |TAMS 0x0000000086d00000, 0x0000000086e00000| Untracked 
| 110|0x0000000086e00000, 0x0000000086f00000, 0x0000000086f00000|100%| O|  |TAMS 0x0000000086e00000, 0x0000000086f00000| Untracked 
| 111|0x0000000086f00000, 0x0000000087000000, 0x0000000087000000|100%| O|  |TAMS 0x0000000086f00000, 0x0000000087000000| Untracked 
| 112|0x0000000087000000, 0x0000000087100000, 0x0000000087100000|100%| O|  |TAMS 0x0000000087000000, 0x0000000087100000| Untracked 
| 113|0x0000000087100000, 0x0000000087200000, 0x0000000087200000|100%| O|  |TAMS 0x0000000087100000, 0x0000000087200000| Untracked 
| 114|0x0000000087200000, 0x0000000087300000, 0x0000000087300000|100%| O|  |TAMS 0x0000000087200000, 0x0000000087300000| Untracked 
| 115|0x0000000087300000, 0x0000000087400000, 0x0000000087400000|100%| O|  |TAMS 0x0000000087300000, 0x0000000087400000| Untracked 
| 116|0x0000000087400000, 0x0000000087500000, 0x0000000087500000|100%| O|  |TAMS 0x0000000087400000, 0x0000000087500000| Untracked 
| 117|0x0000000087500000, 0x0000000087600000, 0x0000000087600000|100%| O|  |TAMS 0x0000000087500000, 0x0000000087600000| Untracked 
| 118|0x0000000087600000, 0x0000000087700000, 0x0000000087700000|100%| O|  |TAMS 0x0000000087600000, 0x0000000087700000| Untracked 
| 119|0x0000000087700000, 0x0000000087800000, 0x0000000087800000|100%|HS|  |TAMS 0x0000000087700000, 0x0000000087800000| Complete 
| 120|0x0000000087800000, 0x0000000087900000, 0x0000000087900000|100%|HC|  |TAMS 0x0000000087800000, 0x0000000087900000| Complete 
| 121|0x0000000087900000, 0x0000000087a00000, 0x0000000087a00000|100%| O|  |TAMS 0x0000000087900000, 0x0000000087a00000| Untracked 
| 122|0x0000000087a00000, 0x0000000087b00000, 0x0000000087b00000|100%| O|  |TAMS 0x0000000087a00000, 0x0000000087b00000| Untracked 
| 123|0x0000000087b00000, 0x0000000087c00000, 0x0000000087c00000|100%| O|  |TAMS 0x0000000087b00000, 0x0000000087c00000| Untracked 
| 124|0x0000000087c00000, 0x0000000087d00000, 0x0000000087d00000|100%| O|  |TAMS 0x0000000087c00000, 0x0000000087d00000| Untracked 
| 125|0x0000000087d00000, 0x0000000087e00000, 0x0000000087e00000|100%| O|  |TAMS 0x0000000087d00000, 0x0000000087e00000| Untracked 
| 126|0x0000000087e00000, 0x0000000087f00000, 0x0000000087f00000|100%| O|  |TAMS 0x0000000087e00000, 0x0000000087f00000| Untracked 
| 127|0x0000000087f00000, 0x0000000088000000, 0x0000000088000000|100%| O|  |TAMS 0x0000000087f00000, 0x0000000088000000| Untracked 
| 128|0x0000000088000000, 0x0000000088100000, 0x0000000088100000|100%| O|  |TAMS 0x0000000088000000, 0x0000000088100000| Untracked 
| 129|0x0000000088100000, 0x0000000088200000, 0x0000000088200000|100%| O|  |TAMS 0x0000000088100000, 0x0000000088200000| Untracked 
| 130|0x0000000088200000, 0x0000000088300000, 0x0000000088300000|100%| O|  |TAMS 0x0000000088200000, 0x0000000088300000| Untracked 
| 131|0x0000000088300000, 0x0000000088400000, 0x0000000088400000|100%| O|  |TAMS 0x0000000088300000, 0x0000000088400000| Untracked 
| 132|0x0000000088400000, 0x0000000088500000, 0x0000000088500000|100%| O|  |TAMS 0x0000000088400000, 0x0000000088500000| Untracked 
| 133|0x0000000088500000, 0x0000000088600000, 0x0000000088600000|100%| O|  |TAMS 0x0000000088500000, 0x0000000088600000| Untracked 
| 134|0x0000000088600000, 0x0000000088700000, 0x0000000088700000|100%| O|  |TAMS 0x0000000088600000, 0x0000000088700000| Untracked 
| 135|0x0000000088700000, 0x0000000088800000, 0x0000000088800000|100%| O|  |TAMS 0x0000000088700000, 0x0000000088800000| Untracked 
| 136|0x0000000088800000, 0x0000000088900000, 0x0000000088900000|100%| O|  |TAMS 0x0000000088800000, 0x0000000088900000| Untracked 
| 137|0x0000000088900000, 0x0000000088a00000, 0x0000000088a00000|100%| O|  |TAMS 0x0000000088900000, 0x0000000088a00000| Untracked 
| 138|0x0000000088a00000, 0x0000000088b00000, 0x0000000088b00000|100%| O|  |TAMS 0x0000000088a00000, 0x0000000088b00000| Untracked 
| 139|0x0000000088b00000, 0x0000000088c00000, 0x0000000088c00000|100%| O|  |TAMS 0x0000000088b00000, 0x0000000088c00000| Untracked 
| 140|0x0000000088c00000, 0x0000000088d00000, 0x0000000088d00000|100%| O|  |TAMS 0x0000000088c00000, 0x0000000088d00000| Untracked 
| 141|0x0000000088d00000, 0x0000000088e00000, 0x0000000088e00000|100%| O|  |TAMS 0x0000000088d00000, 0x0000000088e00000| Untracked 
| 142|0x0000000088e00000, 0x0000000088f00000, 0x0000000088f00000|100%| O|  |TAMS 0x0000000088e00000, 0x0000000088f00000| Untracked 
| 143|0x0000000088f00000, 0x0000000089000000, 0x0000000089000000|100%| O|  |TAMS 0x0000000088f00000, 0x0000000089000000| Untracked 
| 144|0x0000000089000000, 0x0000000089100000, 0x0000000089100000|100%|HS|  |TAMS 0x0000000089000000, 0x0000000089100000| Complete 
| 145|0x0000000089100000, 0x0000000089200000, 0x0000000089200000|100%|HC|  |TAMS 0x0000000089100000, 0x0000000089200000| Complete 
| 146|0x0000000089200000, 0x0000000089300000, 0x0000000089300000|100%| O|  |TAMS 0x0000000089200000, 0x0000000089300000| Untracked 
| 147|0x0000000089300000, 0x0000000089400000, 0x0000000089400000|100%| O|  |TAMS 0x0000000089300000, 0x0000000089400000| Untracked 
| 148|0x0000000089400000, 0x0000000089500000, 0x0000000089500000|100%| O|  |TAMS 0x0000000089400000, 0x0000000089500000| Untracked 
| 149|0x0000000089500000, 0x0000000089600000, 0x0000000089600000|100%| O|  |TAMS 0x0000000089500000, 0x0000000089600000| Untracked 
| 150|0x0000000089600000, 0x0000000089700000, 0x0000000089700000|100%| O|  |TAMS 0x0000000089600000, 0x000000008968d600| Untracked 
| 151|0x0000000089700000, 0x0000000089800000, 0x0000000089800000|100%| O|  |TAMS 0x0000000089700000, 0x0000000089800000| Untracked 
| 152|0x0000000089800000, 0x0000000089900000, 0x0000000089900000|100%| O|  |TAMS 0x0000000089800000, 0x0000000089900000| Untracked 
| 153|0x0000000089900000, 0x0000000089a00000, 0x0000000089a00000|100%| O|  |TAMS 0x0000000089900000, 0x0000000089a00000| Untracked 
| 154|0x0000000089a00000, 0x0000000089b00000, 0x0000000089b00000|100%| O|  |TAMS 0x0000000089a00000, 0x0000000089b00000| Untracked 
| 155|0x0000000089b00000, 0x0000000089c00000, 0x0000000089c00000|100%| O|  |TAMS 0x0000000089b00000, 0x0000000089c00000| Untracked 
| 156|0x0000000089c00000, 0x0000000089d00000, 0x0000000089d00000|100%| O|  |TAMS 0x0000000089c00000, 0x0000000089d00000| Untracked 
| 157|0x0000000089d00000, 0x0000000089e00000, 0x0000000089e00000|100%| O|  |TAMS 0x0000000089d00000, 0x0000000089e00000| Untracked 
| 158|0x0000000089e00000, 0x0000000089f00000, 0x0000000089f00000|100%| O|  |TAMS 0x0000000089e00000, 0x0000000089e00000| Untracked 
| 159|0x0000000089f00000, 0x000000008a000000, 0x000000008a000000|100%| O|  |TAMS 0x0000000089f00000, 0x0000000089f00000| Untracked 
| 160|0x000000008a000000, 0x000000008a100000, 0x000000008a100000|100%| O|  |TAMS 0x000000008a000000, 0x000000008a000000| Untracked 
| 161|0x000000008a100000, 0x000000008a200000, 0x000000008a200000|100%| O|  |TAMS 0x000000008a100000, 0x000000008a100000| Untracked 
| 162|0x000000008a200000, 0x000000008a300000, 0x000000008a300000|100%| O|  |TAMS 0x000000008a200000, 0x000000008a200000| Untracked 
| 163|0x000000008a300000, 0x000000008a400000, 0x000000008a400000|100%| O|  |TAMS 0x000000008a300000, 0x000000008a300000| Untracked 
| 164|0x000000008a400000, 0x000000008a500000, 0x000000008a500000|100%| O|  |TAMS 0x000000008a400000, 0x000000008a400000| Untracked 
| 165|0x000000008a500000, 0x000000008a600000, 0x000000008a600000|100%| O|  |TAMS 0x000000008a500000, 0x000000008a500000| Untracked 
| 166|0x000000008a600000, 0x000000008a700000, 0x000000008a700000|100%| O|  |TAMS 0x000000008a600000, 0x000000008a600000| Untracked 
| 167|0x000000008a700000, 0x000000008a800000, 0x000000008a800000|100%| O|  |TAMS 0x000000008a700000, 0x000000008a700000| Untracked 
| 168|0x000000008a800000, 0x000000008a900000, 0x000000008a900000|100%| O|  |TAMS 0x000000008a800000, 0x000000008a800000| Untracked 
| 169|0x000000008a900000, 0x000000008a9e5600, 0x000000008aa00000| 89%| O|  |TAMS 0x000000008a900000, 0x000000008a900000| Untracked 
| 170|0x000000008aa00000, 0x000000008aa00000, 0x000000008ab00000|  0%| F|  |TAMS 0x000000008aa00000, 0x000000008aa00000| Untracked 
| 171|0x000000008ab00000, 0x000000008ab00000, 0x000000008ac00000|  0%| F|  |TAMS 0x000000008ab00000, 0x000000008ab00000| Untracked 
| 172|0x000000008ac00000, 0x000000008ac00000, 0x000000008ad00000|  0%| F|  |TAMS 0x000000008ac00000, 0x000000008ac00000| Untracked 
| 173|0x000000008ad00000, 0x000000008ae00000, 0x000000008ae00000|100%| O|  |TAMS 0x000000008ad00000, 0x000000008ad00000| Untracked 
| 174|0x000000008ae00000, 0x000000008af00000, 0x000000008af00000|100%| O|  |TAMS 0x000000008ae00000, 0x000000008ae00000| Untracked 
| 175|0x000000008af00000, 0x000000008af00000, 0x000000008b000000|  0%| F|  |TAMS 0x000000008af00000, 0x000000008af00000| Untracked 
| 176|0x000000008b000000, 0x000000008b100000, 0x000000008b100000|100%| O|  |TAMS 0x000000008b000000, 0x000000008b000000| Untracked 
| 177|0x000000008b100000, 0x000000008b200000, 0x000000008b200000|100%| O|  |TAMS 0x000000008b100000, 0x000000008b100000| Untracked 
| 178|0x000000008b200000, 0x000000008b300000, 0x000000008b300000|100%| O|  |TAMS 0x000000008b200000, 0x000000008b200000| Untracked 
| 179|0x000000008b300000, 0x000000008b300000, 0x000000008b400000|  0%| F|  |TAMS 0x000000008b300000, 0x000000008b300000| Untracked 
| 180|0x000000008b400000, 0x000000008b400000, 0x000000008b500000|  0%| F|  |TAMS 0x000000008b400000, 0x000000008b400000| Untracked 
| 181|0x000000008b500000, 0x000000008b500000, 0x000000008b600000|  0%| F|  |TAMS 0x000000008b500000, 0x000000008b500000| Untracked 
| 182|0x000000008b600000, 0x000000008b600000, 0x000000008b700000|  0%| F|  |TAMS 0x000000008b600000, 0x000000008b600000| Untracked 
| 183|0x000000008b700000, 0x000000008b700000, 0x000000008b800000|  0%| F|  |TAMS 0x000000008b700000, 0x000000008b700000| Untracked 
| 184|0x000000008b800000, 0x000000008b800000, 0x000000008b900000|  0%| F|  |TAMS 0x000000008b800000, 0x000000008b800000| Untracked 
| 185|0x000000008b900000, 0x000000008b900000, 0x000000008ba00000|  0%| F|  |TAMS 0x000000008b900000, 0x000000008b900000| Untracked 
| 186|0x000000008ba00000, 0x000000008ba00000, 0x000000008bb00000|  0%| F|  |TAMS 0x000000008ba00000, 0x000000008ba00000| Untracked 
| 187|0x000000008bb00000, 0x000000008bb00000, 0x000000008bc00000|  0%| F|  |TAMS 0x000000008bb00000, 0x000000008bb00000| Untracked 
| 188|0x000000008bc00000, 0x000000008bc00000, 0x000000008bd00000|  0%| F|  |TAMS 0x000000008bc00000, 0x000000008bc00000| Untracked 
| 189|0x000000008bd00000, 0x000000008bd00000, 0x000000008be00000|  0%| F|  |TAMS 0x000000008bd00000, 0x000000008bd00000| Untracked 
| 190|0x000000008be00000, 0x000000008be00000, 0x000000008bf00000|  0%| F|  |TAMS 0x000000008be00000, 0x000000008be00000| Untracked 
| 191|0x000000008bf00000, 0x000000008bf00000, 0x000000008c000000|  0%| F|  |TAMS 0x000000008bf00000, 0x000000008bf00000| Untracked 
| 192|0x000000008c000000, 0x000000008c000000, 0x000000008c100000|  0%| F|  |TAMS 0x000000008c000000, 0x000000008c000000| Untracked 
| 193|0x000000008c100000, 0x000000008c100000, 0x000000008c200000|  0%| F|  |TAMS 0x000000008c100000, 0x000000008c100000| Untracked 
| 194|0x000000008c200000, 0x000000008c200000, 0x000000008c300000|  0%| F|  |TAMS 0x000000008c200000, 0x000000008c200000| Untracked 
| 195|0x000000008c300000, 0x000000008c300000, 0x000000008c400000|  0%| F|  |TAMS 0x000000008c300000, 0x000000008c300000| Untracked 
| 196|0x000000008c400000, 0x000000008c400000, 0x000000008c500000|  0%| F|  |TAMS 0x000000008c400000, 0x000000008c400000| Untracked 
| 197|0x000000008c500000, 0x000000008c500000, 0x000000008c600000|  0%| F|  |TAMS 0x000000008c500000, 0x000000008c500000| Untracked 
| 198|0x000000008c600000, 0x000000008c600000, 0x000000008c700000|  0%| F|  |TAMS 0x000000008c600000, 0x000000008c600000| Untracked 
| 199|0x000000008c700000, 0x000000008c700000, 0x000000008c800000|  0%| F|  |TAMS 0x000000008c700000, 0x000000008c700000| Untracked 
| 200|0x000000008c800000, 0x000000008c800000, 0x000000008c900000|  0%| F|  |TAMS 0x000000008c800000, 0x000000008c800000| Untracked 
| 201|0x000000008c900000, 0x000000008c900000, 0x000000008ca00000|  0%| F|  |TAMS 0x000000008c900000, 0x000000008c900000| Untracked 
| 202|0x000000008ca00000, 0x000000008ca00000, 0x000000008cb00000|  0%| F|  |TAMS 0x000000008ca00000, 0x000000008ca00000| Untracked 
| 203|0x000000008cb00000, 0x000000008cb00000, 0x000000008cc00000|  0%| F|  |TAMS 0x000000008cb00000, 0x000000008cb00000| Untracked 
| 204|0x000000008cc00000, 0x000000008cc00000, 0x000000008cd00000|  0%| F|  |TAMS 0x000000008cc00000, 0x000000008cc00000| Untracked 
| 205|0x000000008cd00000, 0x000000008ce00000, 0x000000008ce00000|100%| S|CS|TAMS 0x000000008cd00000, 0x000000008cd00000| Complete 
| 206|0x000000008ce00000, 0x000000008cf00000, 0x000000008cf00000|100%| S|CS|TAMS 0x000000008ce00000, 0x000000008ce00000| Complete 
| 207|0x000000008cf00000, 0x000000008cf00000, 0x000000008d000000|  0%| F|  |TAMS 0x000000008cf00000, 0x000000008cf00000| Untracked 
| 208|0x000000008d000000, 0x000000008d000000, 0x000000008d100000|  0%| F|  |TAMS 0x000000008d000000, 0x000000008d000000| Untracked 
| 209|0x000000008d100000, 0x000000008d100000, 0x000000008d200000|  0%| F|  |TAMS 0x000000008d100000, 0x000000008d100000| Untracked 
| 210|0x000000008d200000, 0x000000008d200000, 0x000000008d300000|  0%| F|  |TAMS 0x000000008d200000, 0x000000008d200000| Untracked 
| 211|0x000000008d300000, 0x000000008d300000, 0x000000008d400000|  0%| F|  |TAMS 0x000000008d300000, 0x000000008d300000| Untracked 
| 212|0x000000008d400000, 0x000000008d400000, 0x000000008d500000|  0%| F|  |TAMS 0x000000008d400000, 0x000000008d400000| Untracked 
| 213|0x000000008d500000, 0x000000008d500000, 0x000000008d600000|  0%| F|  |TAMS 0x000000008d500000, 0x000000008d500000| Untracked 
| 214|0x000000008d600000, 0x000000008d600000, 0x000000008d700000|  0%| F|  |TAMS 0x000000008d600000, 0x000000008d600000| Untracked 
| 215|0x000000008d700000, 0x000000008d700000, 0x000000008d800000|  0%| F|  |TAMS 0x000000008d700000, 0x000000008d700000| Untracked 
| 246|0x000000008f600000, 0x000000008f600000, 0x000000008f700000|  0%| F|  |TAMS 0x000000008f600000, 0x000000008f600000| Untracked 
| 247|0x000000008f700000, 0x000000008f700000, 0x000000008f800000|  0%| F|  |TAMS 0x000000008f700000, 0x000000008f700000| Untracked 
| 248|0x000000008f800000, 0x000000008f800000, 0x000000008f900000|  0%| F|  |TAMS 0x000000008f800000, 0x000000008f800000| Untracked 
| 249|0x000000008f900000, 0x000000008f900000, 0x000000008fa00000|  0%| F|  |TAMS 0x000000008f900000, 0x000000008f900000| Untracked 

Card table byte_map: [0x000001befb150000,0x000001befb550000] _byte_map_base: 0x000001befad50000

Marking Bits (Prev, Next): (CMBitMap*) 0x000001bef75a84a0, (CMBitMap*) 0x000001bef75a84e0
 Prev Bits: [0x000001befb950000, 0x000001befd950000)
 Next Bits: [0x000001befd950000, 0x000001beff950000)

Polling page: 0x000001bef6d10000

Metaspace:

Usage:
  Non-class:     91.39 MB used.
      Class:     14.03 MB used.
       Both:    105.42 MB used.

Virtual space:
  Non-class space:       96.00 MB reserved,      91.81 MB ( 96%) committed,  12 nodes.
      Class space:        1.00 GB reserved,      14.38 MB (  1%) committed,  1 nodes.
             Both:        1.09 GB reserved,     106.19 MB (  9%) committed. 

Chunk freelists:
   Non-Class:  3.86 MB
       Class:  1.50 MB
        Both:  5.36 MB

MaxMetaspaceSize: unlimited
CompressedClassSpaceSize: 1.00 GB
Initial GC threshold: 21.00 MB
Current GC threshold: 115.56 MB
CDS: off
MetaspaceReclaimPolicy: balanced
 - commit_granule_bytes: 65536.
 - commit_granule_words: 8192.
 - virtual_space_node_default_size: 1048576.
 - enlarge_chunks_in_place: 1.
 - new_chunks_are_fully_committed: 0.
 - uncommit_free_chunks: 1.
 - use_allocation_guard: 0.
 - handle_deallocations: 1.


Internal statistics:

num_allocs_failed_limit: 6.
num_arena_births: 1146.
num_arena_deaths: 0.
num_vsnodes_births: 13.
num_vsnodes_deaths: 0.
num_space_committed: 1697.
num_space_uncommitted: 0.
num_chunks_returned_to_freelist: 6.
num_chunks_taken_from_freelist: 5186.
num_chunk_merges: 6.
num_chunk_splits: 3438.
num_chunks_enlarged: 2313.
num_purges: 0.
num_inconsistent_stats: 0.

CodeHeap 'non-profiled nmethods': size=120000Kb used=8407Kb max_used=8407Kb free=111593Kb
 bounds [0x000001be87ad0000, 0x000001be88310000, 0x000001be8f000000]
CodeHeap 'profiled nmethods': size=120000Kb used=24540Kb max_used=24775Kb free=95459Kb
 bounds [0x000001be80000000, 0x000001be81840000, 0x000001be87530000]
CodeHeap 'non-nmethods': size=5760Kb used=2419Kb max_used=2523Kb free=3340Kb
 bounds [0x000001be87530000, 0x000001be877b0000, 0x000001be87ad0000]
 total_blobs=13654 nmethods=12712 adapters=854
 compilation: enabled
              stopped_count=0, restarted_count=0
 full_count=0

Compilation events (20 events):
Event: 19.802 Thread 0x000001be92039890 nmethod 15115 0x000001be80c17810 code [0x000001be80c179c0, 0x000001be80c17b68]
Event: 19.802 Thread 0x000001be92039890 15116       3       java.lang.Character::isBmpCodePoint (13 bytes)
Event: 19.803 Thread 0x000001be92039890 nmethod 15116 0x000001be80c17490 code [0x000001be80c17620, 0x000001be80c17778]
Event: 19.803 Thread 0x000001be92039890 15117       3       java.lang.AbstractStringBuilder::appendCodePoint (23 bytes)
Event: 19.803 Thread 0x000001be92039890 nmethod 15117 0x000001be80c16d90 code [0x000001be80c16f60, 0x000001be80c17348]
Event: 19.803 Thread 0x000001be92039890 15118       3       java.lang.StringBuilder::appendCodePoint (8 bytes)
Event: 19.803 Thread 0x000001be92039890 nmethod 15118 0x000001be80c16510 code [0x000001be80c16700, 0x000001be80c16b88]
Event: 19.803 Thread 0x000001be92039890 15126       3       java.lang.String::substring (10 bytes)
Event: 19.803 Thread 0x000001be92039890 nmethod 15126 0x000001be80c16010 code [0x000001be80c161c0, 0x000001be80c16408]
Event: 19.803 Thread 0x000001be92039890 15052       3       com.sun.org.apache.xerces.internal.impl.XMLStreamReaderImpl::hasNext (25 bytes)
Event: 19.803 Thread 0x000001be92039890 nmethod 15052 0x000001be80c15c10 code [0x000001be80c15da0, 0x000001be80c15f78]
Event: 19.803 Thread 0x000001be92039890 15122       3       java.lang.StringUTF16$CodePointsSpliterator::tryAdvance (54 bytes)
Event: 19.803 Thread 0x000001be92039890 nmethod 15122 0x000001be80c15610 code [0x000001be80c157e0, 0x000001be80c15ad8]
Event: 19.803 Thread 0x000001be92039890 15121       3       com.sun.org.apache.xerces.internal.impl.XMLDocumentFragmentScannerImpl::getAttributeIterator (39 bytes)
Event: 19.803 Thread 0x000001be92039890 nmethod 15121 0x000001be80c15190 code [0x000001be80c15340, 0x000001be80c15528]
Event: 19.803 Thread 0x000001be92039890 15124       3       java.lang.StringUTF16::codePointAt (86 bytes)
Event: 19.804 Thread 0x000001be92039890 nmethod 15124 0x000001be80c14610 code [0x000001be80c14820, 0x000001be80c14ef8]
Event: 19.804 Thread 0x000001be92039890 15128 %     3       com.sun.org.apache.xerces.internal.impl.io.UTF8Reader::read @ 150 (1443 bytes)
Event: 19.806 Thread 0x000001be92039890 nmethod 15128% 0x000001be80c10410 code [0x000001be80c108a0, 0x000001be80c13448]
Event: 19.806 Thread 0x000001be92039890 15125       3       java.lang.StringUTF16$CodePointsSpliterator::advance (64 bytes)

GC Heap History (20 events):
Event: 12.430 GC heap after
{Heap after GC invocations=35 (full 0):
 garbage-first heap   total 225280K, used 115973K [0x0000000080000000, 0x0000000100000000)
  region size 1024K, 6 young (6144K), 6 survivors (6144K)
 Metaspace       used 100329K, committed 100992K, reserved 1138688K
  class space    used 13514K, committed 13824K, reserved 1048576K
}
Event: 13.128 GC heap before
{Heap before GC invocations=35 (full 0):
 garbage-first heap   total 225280K, used 179461K [0x0000000080000000, 0x0000000100000000)
  region size 1024K, 69 young (70656K), 6 survivors (6144K)
 Metaspace       used 103385K, committed 104192K, reserved 1138688K
  class space    used 13878K, committed 14272K, reserved 1048576K
}
Event: 13.135 GC heap after
{Heap after GC invocations=36 (full 0):
 garbage-first heap   total 225280K, used 120887K [0x0000000080000000, 0x0000000100000000)
  region size 1024K, 7 young (7168K), 7 survivors (7168K)
 Metaspace       used 103385K, committed 104192K, reserved 1138688K
  class space    used 13878K, committed 14272K, reserved 1048576K
}
Event: 16.176 GC heap before
{Heap before GC invocations=36 (full 0):
 garbage-first heap   total 225280K, used 189495K [0x0000000080000000, 0x0000000100000000)
  region size 1024K, 66 young (67584K), 7 survivors (7168K)
 Metaspace       used 103663K, committed 104448K, reserved 1146880K
  class space    used 13878K, committed 14272K, reserved 1048576K
}
Event: 16.187 GC heap after
{Heap after GC invocations=37 (full 0):
 garbage-first heap   total 225280K, used 142823K [0x0000000080000000, 0x0000000100000000)
  region size 1024K, 9 young (9216K), 9 survivors (9216K)
 Metaspace       used 103663K, committed 104448K, reserved 1146880K
  class space    used 13878K, committed 14272K, reserved 1048576K
}
Event: 17.812 GC heap before
{Heap before GC invocations=37 (full 0):
 garbage-first heap   total 225280K, used 177639K [0x0000000080000000, 0x0000000100000000)
  region size 1024K, 43 young (44032K), 9 survivors (9216K)
 Metaspace       used 104124K, committed 104960K, reserved 1146880K
  class space    used 13921K, committed 14336K, reserved 1048576K
}
Event: 17.820 GC heap after
{Heap after GC invocations=38 (full 0):
 garbage-first heap   total 225280K, used 152235K [0x0000000080000000, 0x0000000100000000)
  region size 1024K, 6 young (6144K), 6 survivors (6144K)
 Metaspace       used 104124K, committed 104960K, reserved 1146880K
  class space    used 13921K, committed 14336K, reserved 1048576K
}
Event: 18.374 GC heap before
{Heap before GC invocations=38 (full 0):
 garbage-first heap   total 225280K, used 188075K [0x0000000080000000, 0x0000000100000000)
  region size 1024K, 34 young (34816K), 6 survivors (6144K)
 Metaspace       used 105545K, committed 106304K, reserved 1146880K
  class space    used 14123K, committed 14528K, reserved 1048576K
}
Event: 18.382 GC heap after
{Heap after GC invocations=39 (full 0):
 garbage-first heap   total 225280K, used 160768K [0x0000000080000000, 0x0000000100000000)
  region size 1024K, 5 young (5120K), 5 survivors (5120K)
 Metaspace       used 105545K, committed 106304K, reserved 1146880K
  class space    used 14123K, committed 14528K, reserved 1048576K
}
Event: 18.897 GC heap before
{Heap before GC invocations=39 (full 0):
 garbage-first heap   total 225280K, used 184320K [0x0000000080000000, 0x0000000100000000)
  region size 1024K, 29 young (29696K), 5 survivors (5120K)
 Metaspace       used 106554K, committed 107392K, reserved 1146880K
  class space    used 14237K, committed 14656K, reserved 1048576K
}
Event: 18.902 GC heap after
{Heap after GC invocations=40 (full 0):
 garbage-first heap   total 225280K, used 162798K [0x0000000080000000, 0x0000000100000000)
  region size 1024K, 2 young (2048K), 2 survivors (2048K)
 Metaspace       used 106554K, committed 107392K, reserved 1146880K
  class space    used 14237K, committed 14656K, reserved 1048576K
}
Event: 19.129 GC heap before
{Heap before GC invocations=40 (full 0):
 garbage-first heap   total 225280K, used 192494K [0x0000000080000000, 0x0000000100000000)
  region size 1024K, 14 young (14336K), 2 survivors (2048K)
 Metaspace       used 106656K, committed 107456K, reserved 1146880K
  class space    used 14246K, committed 14656K, reserved 1048576K
}
Event: 19.133 GC heap after
{Heap after GC invocations=41 (full 0):
 garbage-first heap   total 225280K, used 176830K [0x0000000080000000, 0x0000000100000000)
  region size 1024K, 4 young (4096K), 4 survivors (4096K)
 Metaspace       used 106656K, committed 107456K, reserved 1146880K
  class space    used 14246K, committed 14656K, reserved 1048576K
}
Event: 19.353 GC heap before
{Heap before GC invocations=41 (full 0):
 garbage-first heap   total 225280K, used 200382K [0x0000000080000000, 0x0000000100000000)
  region size 1024K, 17 young (17408K), 4 survivors (4096K)
 Metaspace       used 106971K, committed 107776K, reserved 1146880K
  class space    used 14269K, committed 14656K, reserved 1048576K
}
Event: 19.358 GC heap after
{Heap after GC invocations=42 (full 0):
 garbage-first heap   total 225280K, used 171564K [0x0000000080000000, 0x0000000100000000)
  region size 1024K, 3 young (3072K), 3 survivors (3072K)
 Metaspace       used 106971K, committed 107776K, reserved 1146880K
  class space    used 14269K, committed 14656K, reserved 1048576K
}
Event: 19.387 GC heap before
{Heap before GC invocations=42 (full 0):
 garbage-first heap   total 225280K, used 188972K [0x0000000080000000, 0x0000000100000000)
  region size 1024K, 21 young (21504K), 3 survivors (3072K)
 Metaspace       used 107007K, committed 107776K, reserved 1146880K
  class space    used 14270K, committed 14656K, reserved 1048576K
}
Event: 19.389 GC heap after
{Heap after GC invocations=43 (full 0):
 garbage-first heap   total 225280K, used 174804K [0x0000000080000000, 0x0000000100000000)
  region size 1024K, 3 young (3072K), 3 survivors (3072K)
 Metaspace       used 107007K, committed 107776K, reserved 1146880K
  class space    used 14270K, committed 14656K, reserved 1048576K
}
Event: 19.416 GC heap before
{Heap before GC invocations=43 (full 0):
 garbage-first heap   total 225280K, used 191188K [0x0000000080000000, 0x0000000100000000)
  region size 1024K, 19 young (19456K), 3 survivors (3072K)
 Metaspace       used 107059K, committed 107840K, reserved 1146880K
  class space    used 14275K, committed 14656K, reserved 1048576K
}
Event: 19.419 GC heap after
{Heap after GC invocations=44 (full 0):
 garbage-first heap   total 225280K, used 178264K [0x0000000080000000, 0x0000000100000000)
  region size 1024K, 3 young (3072K), 3 survivors (3072K)
 Metaspace       used 107059K, committed 107840K, reserved 1146880K
  class space    used 14275K, committed 14656K, reserved 1048576K
}
Event: 19.806 GC heap before
{Heap before GC invocations=44 (full 0):
 garbage-first heap   total 225280K, used 190552K [0x0000000080000000, 0x0000000100000000)
  region size 1024K, 16 young (16384K), 3 survivors (3072K)
 Metaspace       used 107949K, committed 108736K, reserved 1146880K
  class space    used 14362K, committed 14720K, reserved 1048576K
}

Dll operation events (2 events):
Event: 0.004 Loaded shared library C:\Program Files\Android\Android Studio\jbr\bin\java.dll
Event: 0.238 Loaded shared library C:\Program Files\Android\Android Studio\jbr\bin\verify.dll

Deoptimization events (20 events):
Event: 19.785 Thread 0x000001be9657e960 Uncommon trap: trap_request=0xffffffde fr.pc=0x000001be87af65c8 relative=0x00000000000000a8
Event: 19.785 Thread 0x000001be9657e960 Uncommon trap: reason=class_check action=maybe_recompile pc=0x000001be87af65c8 method=java.lang.Character.isWhitespace(I)Z @ 5 c2
Event: 19.785 Thread 0x000001be9657e960 DEOPT PACKING pc=0x000001be87af65c8 sp=0x00000081077fd600
Event: 19.785 Thread 0x000001be9657e960 DEOPT UNPACKING pc=0x000001be8758a1a3 sp=0x00000081077fd538 mode 2
Event: 19.792 Thread 0x000001be9c8bda30 Uncommon trap: trap_request=0xffffff45 fr.pc=0x000001be87bcf280 relative=0x0000000000000080
Event: 19.792 Thread 0x000001be9c8bd560 Uncommon trap: trap_request=0xffffff45 fr.pc=0x000001be87bcf280 relative=0x0000000000000080
Event: 19.792 Thread 0x000001be9c8bda30 Uncommon trap: reason=unstable_if action=reinterpret pc=0x000001be87bcf280 method=java.lang.String.codePointAt(I)I @ 4 c2
Event: 19.792 Thread 0x000001be9c8bd560 Uncommon trap: reason=unstable_if action=reinterpret pc=0x000001be87bcf280 method=java.lang.String.codePointAt(I)I @ 4 c2
Event: 19.792 Thread 0x000001be9c8bda30 DEOPT PACKING pc=0x000001be87bcf280 sp=0x0000008107cfd680
Event: 19.793 Thread 0x000001be9c8bda30 DEOPT UNPACKING pc=0x000001be8758a1a3 sp=0x0000008107cfd628 mode 2
Event: 19.793 Thread 0x000001be9c8bd560 DEOPT PACKING pc=0x000001be87bcf280 sp=0x0000008107bfd5b0
Event: 19.793 Thread 0x000001be9c8bd560 DEOPT UNPACKING pc=0x000001be8758a1a3 sp=0x0000008107bfd558 mode 2
Event: 19.796 Thread 0x000001be9657e960 Uncommon trap: trap_request=0xffffff45 fr.pc=0x000001be87b9c930 relative=0x0000000000000490
Event: 19.796 Thread 0x000001be9657e960 Uncommon trap: reason=unstable_if action=reinterpret pc=0x000001be87b9c930 method=java.lang.String.substring(II)Ljava/lang/String; @ 31 c2
Event: 19.796 Thread 0x000001be9657e960 DEOPT PACKING pc=0x000001be87b9c930 sp=0x00000081077fd920
Event: 19.796 Thread 0x000001be9657e960 DEOPT UNPACKING pc=0x000001be8758a1a3 sp=0x00000081077fd880 mode 2
Event: 19.797 Thread 0x000001be9c8bda30 Uncommon trap: trap_request=0xffffff45 fr.pc=0x000001be87b08640 relative=0x00000000000004a0
Event: 19.797 Thread 0x000001be9c8bda30 Uncommon trap: reason=unstable_if action=reinterpret pc=0x000001be87b08640 method=java.lang.String.substring(II)Ljava/lang/String; @ 31 c2
Event: 19.797 Thread 0x000001be9c8bda30 DEOPT PACKING pc=0x000001be87b08640 sp=0x0000008107cfd5e0
Event: 19.797 Thread 0x000001be9c8bda30 DEOPT UNPACKING pc=0x000001be8758a1a3 sp=0x0000008107cfd5b0 mode 2

Classes unloaded (0 events):
No events

Classes redefined (0 events):
No events

Internal exceptions (20 events):
Event: 12.146 Thread 0x000001be95179090 Exception <a 'java/lang/NoSuchMethodError'{0x000000008ba88858}: 'java.lang.Object java.lang.invoke.DirectMethodHandle$Holder.invokeSpecialIFC(java.lang.Object, java.lang.Object, java.lang.Object)'> (0x000000008ba88858) 
thrown [s\src\hotspot\share\interpreter\linkResolver.cpp, line 771]
Event: 12.146 Thread 0x000001be951786f0 Exception <a 'java/lang/NoSuchMethodError'{0x000000008baa9d40}: 'java.lang.Object java.lang.invoke.DirectMethodHandle$Holder.invokeSpecialIFC(java.lang.Object, java.lang.Object, java.lang.Object)'> (0x000000008baa9d40) 
thrown [s\src\hotspot\share\interpreter\linkResolver.cpp, line 771]
Event: 12.146 Thread 0x000001be95176540 Exception <a 'java/lang/NoSuchMethodError'{0x000000008ba2c6f8}: 'java.lang.Object java.lang.invoke.DirectMethodHandle$Holder.invokeSpecialIFC(java.lang.Object, java.lang.Object, java.lang.Object)'> (0x000000008ba2c6f8) 
thrown [s\src\hotspot\share\interpreter\linkResolver.cpp, line 771]
Event: 12.146 Thread 0x000001be97cf8810 Exception <a 'java/lang/NoSuchMethodError'{0x000000008ba6f688}: 'java.lang.Object java.lang.invoke.DirectMethodHandle$Holder.invokeSpecialIFC(java.lang.Object, java.lang.Object, java.lang.Object)'> (0x000000008ba6f688) 
thrown [s\src\hotspot\share\interpreter\linkResolver.cpp, line 771]
Event: 12.146 Thread 0x000001be95175200 Exception <a 'java/lang/NoSuchMethodError'{0x000000008ba444f8}: 'java.lang.Object java.lang.invoke.DirectMethodHandle$Holder.invokeSpecialIFC(java.lang.Object, java.lang.Object, java.lang.Object)'> (0x000000008ba444f8) 
thrown [s\src\hotspot\share\interpreter\linkResolver.cpp, line 771]
Event: 12.146 Thread 0x000001be9517c580 Exception <a 'java/lang/NoSuchMethodError'{0x000000008ba58598}: 'java.lang.Object java.lang.invoke.DirectMethodHandle$Holder.invokeSpecialIFC(java.lang.Object, java.lang.Object, java.lang.Object)'> (0x000000008ba58598) 
thrown [s\src\hotspot\share\interpreter\linkResolver.cpp, line 771]
Event: 12.146 Thread 0x000001be98992970 Exception <a 'java/lang/NoSuchMethodError'{0x000000008bbb9d18}: 'java.lang.Object java.lang.invoke.DirectMethodHandle$Holder.invokeSpecialIFC(java.lang.Object, java.lang.Object, java.lang.Object)'> (0x000000008bbb9d18) 
thrown [s\src\hotspot\share\interpreter\linkResolver.cpp, line 771]
Event: 18.364 Thread 0x000001be98992970 Exception <a 'java/lang/NoSuchMethodError'{0x000000008c03d448}: 'java.lang.Object java.lang.invoke.Invokers$Holder.invoke_MT(java.lang.Object, java.lang.Object, java.lang.Object)'> (0x000000008c03d448) 
thrown [s\src\hotspot\share\interpreter\linkResolver.cpp, line 771]
Event: 19.236 Thread 0x000001be98992970 Exception <a 'java/lang/NoSuchMethodError'{0x000000008f839bb8}: static Lcom/android/ide/common/resources/CompileResourceRequest;.<clinit>()V> (0x000000008f839bb8) 
thrown [s\src\hotspot\share\prims\jni.cpp, line 1108]
Event: 19.238 Thread 0x000001be98992970 Exception <a 'java/lang/NoSuchMethodError'{0x000000008f8505b8}: static Ljava/lang/Object;.<clinit>()V> (0x000000008f8505b8) 
thrown [s\src\hotspot\share\prims\jni.cpp, line 1108]
Event: 19.239 Thread 0x000001be98992970 Exception <a 'java/lang/NoSuchMethodError'{0x000000008f861e18}: static Ljava/lang/Object;.<clinit>()V> (0x000000008f861e18) 
thrown [s\src\hotspot\share\prims\jni.cpp, line 1108]
Event: 19.240 Thread 0x000001be98992970 Exception <a 'java/lang/NoSuchMethodError'{0x000000008f873738}: static Ljava/lang/Object;.<clinit>()V> (0x000000008f873738) 
thrown [s\src\hotspot\share\prims\jni.cpp, line 1108]
Event: 19.250 Thread 0x000001be98992970 Exception <a 'java/lang/NoSuchMethodError'{0x000000008f7f5270}: static Lkotlin/InitializedLazyImpl;.<clinit>()V> (0x000000008f7f5270) 
thrown [s\src\hotspot\share\prims\jni.cpp, line 1108]
Event: 19.651 Thread 0x000001be9898f950 Exception <a 'sun/nio/fs/WindowsException'{0x000000008d27e748}> (0x000000008d27e748) 
thrown [s\src\hotspot\share\prims\jni.cpp, line 517]
Event: 19.654 Thread 0x000001be9898f950 Exception <a 'sun/nio/fs/WindowsException'{0x000000008d2867d8}> (0x000000008d2867d8) 
thrown [s\src\hotspot\share\prims\jni.cpp, line 517]
Event: 19.656 Thread 0x000001be9898f950 Exception <a 'sun/nio/fs/WindowsException'{0x000000008d2916e0}> (0x000000008d2916e0) 
thrown [s\src\hotspot\share\prims\jni.cpp, line 517]
Event: 19.710 Thread 0x000001be9898f950 Exception <a 'sun/nio/fs/WindowsException'{0x000000008d29b0e8}> (0x000000008d29b0e8) 
thrown [s\src\hotspot\share\prims\jni.cpp, line 517]
Event: 19.712 Thread 0x000001be9898f950 Exception <a 'sun/nio/fs/WindowsException'{0x000000008d155370}> (0x000000008d155370) 
thrown [s\src\hotspot\share\prims\jni.cpp, line 517]
Event: 19.739 Thread 0x000001be9898f950 Exception <a 'sun/nio/fs/WindowsException'{0x000000008d1791d8}> (0x000000008d1791d8) 
thrown [s\src\hotspot\share\prims\jni.cpp, line 517]
Event: 19.740 Thread 0x000001be9898f950 Exception <a 'sun/nio/fs/WindowsException'{0x000000008d17fe38}> (0x000000008d17fe38) 
thrown [s\src\hotspot\share\prims\jni.cpp, line 517]

VM Operations (20 events):
Event: 18.321 Executing VM operation: HandshakeAllThreads done
Event: 18.326 Executing VM operation: HandshakeAllThreads
Event: 18.326 Executing VM operation: HandshakeAllThreads done
Event: 18.327 Executing VM operation: HandshakeAllThreads
Event: 18.327 Executing VM operation: HandshakeAllThreads done
Event: 18.329 Executing VM operation: HandshakeAllThreads
Event: 18.329 Executing VM operation: HandshakeAllThreads done
Event: 18.374 Executing VM operation: G1CollectForAllocation
Event: 18.382 Executing VM operation: G1CollectForAllocation done
Event: 18.897 Executing VM operation: G1CollectForAllocation
Event: 18.903 Executing VM operation: G1CollectForAllocation done
Event: 19.129 Executing VM operation: G1TryInitiateConcMark
Event: 19.133 Executing VM operation: G1TryInitiateConcMark done
Event: 19.353 Executing VM operation: G1CollectForAllocation
Event: 19.358 Executing VM operation: G1CollectForAllocation done
Event: 19.386 Executing VM operation: G1CollectForAllocation
Event: 19.391 Executing VM operation: G1CollectForAllocation done
Event: 19.416 Executing VM operation: G1CollectForAllocation
Event: 19.419 Executing VM operation: G1CollectForAllocation done
Event: 19.806 Executing VM operation: G1CollectForAllocation

Events (20 events):
Event: 19.700 loading class com/sun/xml/internal/stream/events/CharacterEvent
Event: 19.700 loading class javax/xml/stream/events/Namespace done
Event: 19.700 loading class com/sun/xml/internal/stream/events/AttributeImpl
Event: 19.700 loading class javax/xml/stream/events/Characters
Event: 19.700 loading class javax/xml/stream/events/Characters done
Event: 19.700 loading class com/sun/xml/internal/stream/events/CharacterEvent done
Event: 19.700 loading class com/sun/xml/internal/stream/events/AttributeImpl done
Event: 19.700 loading class com/sun/xml/internal/stream/events/NamespaceImpl done
Event: 19.703 loading class java/util/Spliterators$2Adapter
Event: 19.703 loading class java/util/PrimitiveIterator$OfInt
Event: 19.703 loading class java/util/PrimitiveIterator
Event: 19.703 loading class java/util/PrimitiveIterator done
Event: 19.703 loading class java/util/PrimitiveIterator$OfInt done
Event: 19.703 loading class java/util/Spliterators$2Adapter done
Event: 19.703 loading class com/sun/xml/internal/stream/events/EndElementEvent
Event: 19.704 loading class javax/xml/stream/events/EndElement
Event: 19.704 loading class javax/xml/stream/events/EndElement done
Event: 19.704 loading class com/sun/xml/internal/stream/events/EndElementEvent done
Event: 19.739 loading class java/lang/StringUTF16$CodePointsSpliterator
Event: 19.739 loading class java/lang/StringUTF16$CodePointsSpliterator done


Dynamic libraries:
0x00007ff69eb80000 - 0x00007ff69eb8a000 	C:\Program Files\Android\Android Studio\jbr\bin\java.exe
0x00007ff9dfd70000 - 0x00007ff9dff87000 	C:\WINDOWS\SYSTEM32\ntdll.dll
0x00007ff9dee90000 - 0x00007ff9def54000 	C:\WINDOWS\System32\KERNEL32.DLL
0x00007ff9dd0e0000 - 0x00007ff9dd485000 	C:\WINDOWS\System32\KERNELBASE.dll
0x00007ff9dd5e0000 - 0x00007ff9dd6f1000 	C:\WINDOWS\System32\ucrtbase.dll
0x00007ff9ba090000 - 0x00007ff9ba0ab000 	C:\Program Files\Android\Android Studio\jbr\bin\VCRUNTIME140.dll
0x00007ff9af380000 - 0x00007ff9af397000 	C:\Program Files\Android\Android Studio\jbr\bin\jli.dll
0x00007ff9de860000 - 0x00007ff9dea0e000 	C:\WINDOWS\System32\USER32.dll
0x00007ff9dd5b0000 - 0x00007ff9dd5d6000 	C:\WINDOWS\System32\win32u.dll
0x00007ff9c0720000 - 0x00007ff9c09b3000 	C:\WINDOWS\WinSxS\amd64_microsoft.windows.common-controls_6595b64144ccf1df_6.0.22621.2506_none_270c5ae97388e100\COMCTL32.dll
0x00007ff9df360000 - 0x00007ff9df389000 	C:\WINDOWS\System32\GDI32.dll
0x00007ff9df120000 - 0x00007ff9df1c7000 	C:\WINDOWS\System32\msvcrt.dll
0x00007ff9dd490000 - 0x00007ff9dd5a9000 	C:\WINDOWS\System32\gdi32full.dll
0x00007ff9dd9b0000 - 0x00007ff9dda4a000 	C:\WINDOWS\System32\msvcp_win.dll
0x00007ff9de720000 - 0x00007ff9de751000 	C:\WINDOWS\System32\IMM32.DLL
0x00007ff9c8b40000 - 0x00007ff9c8b4c000 	C:\Program Files\Android\Android Studio\jbr\bin\vcruntime140_1.dll
0x00007ff9b8830000 - 0x00007ff9b88bd000 	C:\Program Files\Android\Android Studio\jbr\bin\msvcp140.dll
0x00007ff997f00000 - 0x00007ff998b6e000 	C:\Program Files\Android\Android Studio\jbr\bin\server\jvm.dll
0x00007ff9ddb20000 - 0x00007ff9ddbd1000 	C:\WINDOWS\System32\ADVAPI32.dll
0x00007ff9df390000 - 0x00007ff9df436000 	C:\WINDOWS\System32\sechost.dll
0x00007ff9dfc10000 - 0x00007ff9dfd27000 	C:\WINDOWS\System32\RPCRT4.dll
0x00007ff9d7f20000 - 0x00007ff9d7f29000 	C:\WINDOWS\SYSTEM32\WSOCK32.dll
0x00007ff9d59c0000 - 0x00007ff9d59f4000 	C:\WINDOWS\SYSTEM32\WINMM.dll
0x00007ff9d3c70000 - 0x00007ff9d3c7a000 	C:\WINDOWS\SYSTEM32\VERSION.dll
0x00007ff9df2b0000 - 0x00007ff9df321000 	C:\WINDOWS\System32\WS2_32.dll
0x00007ff9dc080000 - 0x00007ff9dc098000 	C:\WINDOWS\SYSTEM32\kernel.appcore.dll
0x00007ff9d5b30000 - 0x00007ff9d5b3a000 	C:\Program Files\Android\Android Studio\jbr\bin\jimage.dll
0x00007ff9da910000 - 0x00007ff9dab43000 	C:\WINDOWS\SYSTEM32\DBGHELP.DLL
0x00007ff9dea10000 - 0x00007ff9ded99000 	C:\WINDOWS\System32\combase.dll
0x00007ff9df1d0000 - 0x00007ff9df2a7000 	C:\WINDOWS\System32\OLEAUT32.dll
0x00007ff9cb1a0000 - 0x00007ff9cb1d2000 	C:\WINDOWS\SYSTEM32\dbgcore.DLL
0x00007ff9dd930000 - 0x00007ff9dd9aa000 	C:\WINDOWS\System32\bcryptPrimitives.dll
0x00007ff9ba040000 - 0x00007ff9ba065000 	C:\Program Files\Android\Android Studio\jbr\bin\java.dll
0x00007ff9b9490000 - 0x00007ff9b94a8000 	C:\Program Files\Android\Android Studio\jbr\bin\zip.dll
0x00007ff9ddda0000 - 0x00007ff9de5f9000 	C:\WINDOWS\System32\SHELL32.dll
0x00007ff9db100000 - 0x00007ff9db9f4000 	C:\WINDOWS\SYSTEM32\windows.storage.dll
0x00007ff9dafc0000 - 0x00007ff9db0fe000 	C:\WINDOWS\SYSTEM32\wintypes.dll
0x00007ff9de760000 - 0x00007ff9de853000 	C:\WINDOWS\System32\SHCORE.dll
0x00007ff9de6c0000 - 0x00007ff9de71e000 	C:\WINDOWS\System32\shlwapi.dll
0x00007ff9dd010000 - 0x00007ff9dd036000 	C:\WINDOWS\SYSTEM32\profapi.dll
0x00007ff9af7c0000 - 0x00007ff9af7d9000 	C:\Program Files\Android\Android Studio\jbr\bin\net.dll
0x00007ff9d7350000 - 0x00007ff9d7487000 	C:\WINDOWS\SYSTEM32\WINHTTP.dll
0x00007ff9dc560000 - 0x00007ff9dc5c9000 	C:\WINDOWS\system32\mswsock.dll
0x00007ff9af540000 - 0x00007ff9af556000 	C:\Program Files\Android\Android Studio\jbr\bin\nio.dll
0x00007ff9c0c00000 - 0x00007ff9c0c10000 	C:\Program Files\Android\Android Studio\jbr\bin\verify.dll
0x00007ff9ba140000 - 0x00007ff9ba167000 	C:\Users\User\.gradle\native\68d5fa5c4cc2d200863cafc0d521ce42e7d3e7ee720ec0a83991735586a16f82\windows-amd64\native-platform.dll
0x00007ff9b86e0000 - 0x00007ff9b8824000 	C:\Users\User\.gradle\native\e376f236ea51e6404a007f0833ffe2c6e607c4080706a723a18a27aeea778392\windows-amd64\native-platform-file-events.dll
0x00007ff9bf220000 - 0x00007ff9bf229000 	C:\Program Files\Android\Android Studio\jbr\bin\management.dll
0x00007ff9b8420000 - 0x00007ff9b842b000 	C:\Program Files\Android\Android Studio\jbr\bin\management_ext.dll
0x00007ff9df8c0000 - 0x00007ff9df8c8000 	C:\WINDOWS\System32\PSAPI.DLL
0x00007ff9dc830000 - 0x00007ff9dc84b000 	C:\WINDOWS\SYSTEM32\CRYPTSP.dll
0x00007ff9dc040000 - 0x00007ff9dc075000 	C:\WINDOWS\system32\rsaenh.dll
0x00007ff9dc650000 - 0x00007ff9dc67c000 	C:\WINDOWS\SYSTEM32\USERENV.dll
0x00007ff9dca80000 - 0x00007ff9dcaa8000 	C:\WINDOWS\SYSTEM32\bcrypt.dll
0x00007ff9dc7b0000 - 0x00007ff9dc7bc000 	C:\WINDOWS\SYSTEM32\CRYPTBASE.dll
0x00007ff9dbb50000 - 0x00007ff9dbb7d000 	C:\WINDOWS\SYSTEM32\IPHLPAPI.DLL
0x00007ff9ddc00000 - 0x00007ff9ddc09000 	C:\WINDOWS\System32\NSI.dll
0x00007ff9d54b0000 - 0x00007ff9d54c9000 	C:\WINDOWS\SYSTEM32\dhcpcsvc6.DLL
0x00007ff9d5490000 - 0x00007ff9d54af000 	C:\WINDOWS\SYSTEM32\dhcpcsvc.DLL
0x00007ff9dbb80000 - 0x00007ff9dbc79000 	C:\WINDOWS\SYSTEM32\DNSAPI.dll
0x00007ff9af630000 - 0x00007ff9af638000 	C:\WINDOWS\system32\wshunix.dll
0x00007ff9c0be0000 - 0x00007ff9c0bf7000 	C:\WINDOWS\system32\napinsp.dll
0x00007ff9c0bc0000 - 0x00007ff9c0bdb000 	C:\WINDOWS\system32\pnrpnsp.dll
0x00007ff9c0ba0000 - 0x00007ff9c0bb1000 	C:\WINDOWS\System32\winrnr.dll
0x00007ff9bf3f0000 - 0x00007ff9bf405000 	C:\WINDOWS\system32\wshbth.dll
0x00007ff9bf3c0000 - 0x00007ff9bf3e1000 	C:\WINDOWS\system32\nlansp_c.dll
0x00007ff9d5480000 - 0x00007ff9d548a000 	C:\Windows\System32\rasadhlp.dll
0x00007ff9d3b90000 - 0x00007ff9d3c13000 	C:\WINDOWS\System32\fwpuclnt.dll
0x00007ff9dc100000 - 0x00007ff9dc134000 	C:\WINDOWS\SYSTEM32\ntmarta.dll

dbghelp: loaded successfully - version: 4.0.5 - missing functions: none
symbol engine: initialized successfully - sym options: 0x614 - pdb path: .;C:\Program Files\Android\Android Studio\jbr\bin;C:\WINDOWS\SYSTEM32;C:\WINDOWS\WinSxS\amd64_microsoft.windows.common-controls_6595b64144ccf1df_6.0.22621.2506_none_270c5ae97388e100;C:\Program Files\Android\Android Studio\jbr\bin\server;C:\Users\User\.gradle\native\68d5fa5c4cc2d200863cafc0d521ce42e7d3e7ee720ec0a83991735586a16f82\windows-amd64;C:\Users\User\.gradle\native\e376f236ea51e6404a007f0833ffe2c6e607c4080706a723a18a27aeea778392\windows-amd64

VM Arguments:
jvm_args: --add-opens=java.base/java.util=ALL-UNNAMED --add-opens=java.base/java.lang=ALL-UNNAMED --add-opens=java.base/java.lang.invoke=ALL-UNNAMED --add-opens=java.prefs/java.util.prefs=ALL-UNNAMED --add-opens=java.base/java.nio.charset=ALL-UNNAMED --add-opens=java.base/java.net=ALL-UNNAMED --add-opens=java.base/java.util.concurrent.atomic=ALL-UNNAMED -Xmx2048m -Dfile.encoding=UTF-8 -Duser.country=US -Duser.language=en -Duser.variant 
java_command: org.gradle.launcher.daemon.bootstrap.GradleDaemon 8.0
java_class_path (initial): C:\Users\User\.gradle\wrapper\dists\gradle-8.0-bin\ca5e32bp14vu59qr306oxotwh\gradle-8.0\lib\gradle-launcher-8.0.jar
Launcher Type: SUN_STANDARD

[Global flags]
     intx CICompilerCount                          = 4                                         {product} {ergonomic}
     uint ConcGCThreads                            = 2                                         {product} {ergonomic}
     uint G1ConcRefinementThreads                  = 8                                         {product} {ergonomic}
   size_t G1HeapRegionSize                         = 1048576                                   {product} {ergonomic}
    uintx GCDrainStackTargetSize                   = 64                                        {product} {ergonomic}
   size_t InitialHeapSize                          = 132120576                                 {product} {ergonomic}
   size_t MarkStackSize                            = 4194304                                   {product} {ergonomic}
   size_t MaxHeapSize                              = 2147483648                                {product} {command line}
   size_t MaxNewSize                               = 1287651328                                {product} {ergonomic}
   size_t MinHeapDeltaBytes                        = 1048576                                   {product} {ergonomic}
   size_t MinHeapSize                              = 8388608                                   {product} {ergonomic}
    uintx NonNMethodCodeHeapSize                   = 5839372                                {pd product} {ergonomic}
    uintx NonProfiledCodeHeapSize                  = 122909434                              {pd product} {ergonomic}
    uintx ProfiledCodeHeapSize                     = 122909434                              {pd product} {ergonomic}
    uintx ReservedCodeCacheSize                    = 251658240                              {pd product} {ergonomic}
     bool SegmentedCodeCache                       = true                                      {product} {ergonomic}
   size_t SoftMaxHeapSize                          = 2147483648                             {manageable} {ergonomic}
     bool UseCompressedClassPointers               = true                           {product lp64_product} {ergonomic}
     bool UseCompressedOops                        = true                           {product lp64_product} {ergonomic}
     bool UseG1GC                                  = true                                      {product} {ergonomic}
     bool UseLargePagesIndividualAllocation        = false                                  {pd product} {ergonomic}

Logging:
Log output configuration:
 #0: stdout all=warning uptime,level,tags
 #1: stderr all=off uptime,level,tags

Environment Variables:
JAVA_HOME=C:\Program Files\Java\jdk-20.0.1
PATH=C:\Program Files (x86)\Common Files\Oracle\Java\javapath;C:\Python311\Scripts\;C:\Python311\;C:\Program Files (x86)\Falcon\MinGW\bin;C:\WINDOWS\system32;C:\WINDOWS;C:\WINDOWS\System32\Wbem;C:\WINDOWS\System32\WindowsPowerShell\v1.0\;C:\WINDOWS\System32\OpenSSH\;C:\Program Files\Microsoft SQL Server\130\Tools\Binn\;C:\sqlite3;C:\Program Files (x86)\Microsoft SQL Server\150\DTS\Binn\;C:\Program Files\Azure Data Studio\bin;C:\Program Files\Microsoft SQL Server\Client SDK\ODBC\170\Tools\Binn\;C:\Program Files (x86)\Microsoft SQL Server\150\Tools\Binn\;C:\Program Files\Microsoft SQL Server\150\Tools\Binn\;C:\Program Files\Microsoft SQL Server\150\DTS\Binn\;C:\xampp\php;C:\ProgramData\ComposerSetup\bin;C:\Program Files\dotnet\;C:\Users\User\AppData\Local\Android\Sdk\cmdline-tools\bin;C:\Program Files\Java\;C:\Program Files\Git\cmd;C:\Program Files\nodejs\;C:\ProgramData\chocolatey\bin;C:\Program Files (x86)\GTK2-Runtime\lib;C:\Program Files (x86)\Common Files\Oracle\Java\javapath;C:\Python311\Scripts\;C:\Python311\;C:\Program Files (x86)\Falcon\MinGW\bin;C:\WINDOWS\system32;C:\WINDOWS;C:\WINDOWS\System32\Wbem;C:\WINDOWS\System32\WindowsPowerShell\v1.0\;C:\WINDOWS\System32\OpenSSH\;C:\Program Files\Microsoft SQL Server\130\Tools\Binn\;C:\sqlite3;C:\Program Files (x86)\Microsoft SQL Server\150\DTS\Binn\;C:\Program Files\Azure Data Studio\bin;C:\Program Files\Microsoft SQL Server\Client SDK\ODBC\170\Tools\Binn\;C:\Program Files (x86)\Microsoft SQL Server\150\Tools\Binn\;C:\Program Files\Microsoft SQL Server\150\Tools\Binn\;C:\Program Files\Microsoft SQL Server\150\DTS\Binn\;C:\xampp\php;C:\ProgramData\ComposerSetup\bin;C:\Program Files\dotnet\;C:\Users\User\AppData\Local\Android\Sdk\cmdline-tools\bin;C:\Program Files\Java\;C:\Program Files\Git\cmd;C:\Program Files\nodejs\;C:\ProgramData\chocolatey\bin;C:\Program Files (x86)\GTK2-Runtime\lib;C:\Program Files\nodejs\node_modules\npm\bin;C:\Program Files\MySQL\MySQL Shell 8.0\bin\;C:\Users\User\AppData\Local\Microsoft\Windows
USERNAME=User
OS=Windows_NT
PROCESSOR_IDENTIFIER=Intel64 Family 6 Model 140 Stepping 1, GenuineIntel
TMP=C:\Users\User\AppData\Local\Temp
TEMP=C:\Users\User\AppData\Local\Temp


JNI global refs:
JNI global refs: 25, weak refs: 41

JNI global refs memory usage: 843, weak refs: 841


---------------  S Y S T E M  ---------------

OS:
 Windows 11 , 64 bit Build 22621 (10.0.22621.2506)
OS uptime: 0 days 16:28 hours

CPU: total 8 (initial active 8) (4 cores per cpu, 2 threads per core) family 6 model 140 stepping 1 microcode 0x78, cx8, cmov, fxsr, ht, mmx, 3dnowpref, sse, sse2, sse3, ssse3, sse4.1, sse4.2, popcnt, lzcnt, tsc, tscinvbit, avx, avx2, aes, erms, clmul, bmi1, bmi2, adx, avx512f, avx512dq, avx512cd, avx512bw, avx512vl, sha, fma, vzeroupper, avx512_vpopcntdq, avx512_vpclmulqdq, avx512_vaes, avx512_vnni, clflush, clflushopt, clwb, avx512_vbmi2, avx512_vbmi

Memory: 4k page, system-wide physical 7991M (505M free)
TotalPageFile size 10039M (AvailPageFile size 29M)
current process WorkingSet (physical memory assigned to process): 525M, peak: 531M
current process commit charge ("private bytes"): 559M, peak: 589M

vm_info: OpenJDK 64-Bit Server VM (17.0.6+0-b2043.56-10027231) for windows-amd64 JRE (17.0.6+0-b2043.56-10027231), built on Apr 28 2023 00:43:19 by "androidbuild" with MS VC++ 16.10 / 16.11 (VS2019)

END.
