#
# There is insufficient memory for the Java Runtime Environment to continue.
# Native memory allocation (malloc) failed to allocate 654256 bytes for Chunk::new
# Possible reasons:
#   The system is out of physical RAM or swap space
#   The process is running with CompressedOops enabled, and the Java Heap may be blocking the growth of the native heap
# Possible solutions:
#   Reduce memory load on the system
#   Increase physical memory or swap space
#   Check if swap backing store is full
#   Decrease Java heap size (-Xmx/-Xms)
#   Decrease number of Java threads
#   Decrease Java thread stack sizes (-Xss)
#   Set larger code cache with -XX:ReservedCodeCacheSize=
#   JVM is running with Unscaled Compressed Oops mode in which the Java heap is
#     placed in the first 4GB address space. The Java Heap base address is the
#     maximum limit for the native heap growth. Please use -XX:HeapBaseMinAddress
#     to set the Java Heap base and to place the Java Heap above 4GB virtual address.
# This output file may be truncated or incomplete.
#
#  Out of Memory Error (arena.cpp:189), pid=12456, tid=4496
#
# JRE version: OpenJDK Runtime Environment (17.0.6) (build 17.0.6+0-b2043.56-10027231)
# Java VM: OpenJDK 64-Bit Server VM (17.0.6+0-b2043.56-10027231, mixed mode, tiered, compressed oops, compressed class ptrs, g1 gc, windows-amd64)
# No core dump will be written. Minidumps are not enabled by default on client versions of Windows
#

---------------  S U M M A R Y ------------

Command Line: org.jetbrains.kotlin.cli.jvm.K2JVMCompiler @C:\Users\User\AndroidStudioProjects\RepairPal\customer\build\20231123_5088684739607522082.compiler.options

Host: 11th Gen Intel(R) Core(TM) i5-1135G7 @ 2.40GHz, 8 cores, 7G,  Windows 11 , 64 bit Build 22621 (10.0.22621.2506)
Time: Thu Nov 23 10:53:19 2023 E. Africa Standard Time elapsed time: 0.823787 seconds (0d 0h 0m 0s)

---------------  T H R E A D  ---------------

Current thread (0x000001c4fd869c00):  JavaThread "C2 CompilerThread0" daemon [_thread_in_native, id=4496, stack(0x000000799f700000,0x000000799f800000)]


Current CompileTask:
C2:    823 1569   !   4       jdk.internal.loader.URLClassPath$JarLoader::getResource (65 bytes)

Stack: [0x000000799f700000,0x000000799f800000]
Native frames: (J=compiled Java code, j=interpreted, Vv=VM code, C=native code)
V  [jvm.dll+0x683c9a]
V  [jvm.dll+0x8427a4]
V  [jvm.dll+0x843f9e]
V  [jvm.dll+0x844603]
V  [jvm.dll+0x249b75]
V  [jvm.dll+0xabcac]
V  [jvm.dll+0xac27c]
V  [jvm.dll+0x368802]
V  [jvm.dll+0x332f31]
V  [jvm.dll+0x3323da]
V  [jvm.dll+0x21c201]
V  [jvm.dll+0x21b621]
V  [jvm.dll+0x1a4fdd]
V  [jvm.dll+0x22b098]
V  [jvm.dll+0x229159]
V  [jvm.dll+0x7f81ec]
V  [jvm.dll+0x7f274a]
V  [jvm.dll+0x682ad5]
C  [ucrtbase.dll+0x29363]
C  [KERNEL32.DLL+0x1257d]
C  [ntdll.dll+0x5aa58]


---------------  P R O C E S S  ---------------

Threads class SMR info:
_java_thread_list=0x000001c4fd9cc860, length=13, elements={
0x000001c4e2fead00, 0x000001c4fd814270, 0x000001c4fd814e20, 0x000001c4fccd37f0,
0x000001c4fd863400, 0x000001c4fd865dc0, 0x000001c4fd866770, 0x000001c4fd869c00,
0x000001c4fd86ae40, 0x000001c4fd86b830, 0x000001c4fd9ac790, 0x000001c4fd9bf590,
0x000001c4fd9f3880
}

Java Threads: ( => current thread )
  0x000001c4e2fead00 JavaThread "main" [_thread_in_vm, id=8964, stack(0x000000799ea00000,0x000000799eb00000)]
  0x000001c4fd814270 JavaThread "Reference Handler" daemon [_thread_blocked, id=9064, stack(0x000000799f100000,0x000000799f200000)]
  0x000001c4fd814e20 JavaThread "Finalizer" daemon [_thread_blocked, id=10296, stack(0x000000799f200000,0x000000799f300000)]
  0x000001c4fccd37f0 JavaThread "Signal Dispatcher" daemon [_thread_blocked, id=5204, stack(0x000000799f300000,0x000000799f400000)]
  0x000001c4fd863400 JavaThread "Attach Listener" daemon [_thread_blocked, id=15028, stack(0x000000799f400000,0x000000799f500000)]
  0x000001c4fd865dc0 JavaThread "Service Thread" daemon [_thread_blocked, id=568, stack(0x000000799f500000,0x000000799f600000)]
  0x000001c4fd866770 JavaThread "Monitor Deflation Thread" daemon [_thread_blocked, id=11280, stack(0x000000799f600000,0x000000799f700000)]
=>0x000001c4fd869c00 JavaThread "C2 CompilerThread0" daemon [_thread_in_native, id=4496, stack(0x000000799f700000,0x000000799f800000)]
  0x000001c4fd86ae40 JavaThread "C1 CompilerThread0" daemon [_thread_blocked, id=14464, stack(0x000000799f800000,0x000000799f900000)]
  0x000001c4fd86b830 JavaThread "Sweeper thread" daemon [_thread_blocked, id=14548, stack(0x000000799f900000,0x000000799fa00000)]
  0x000001c4fd9ac790 JavaThread "Notification Thread" daemon [_thread_blocked, id=13704, stack(0x000000799fa00000,0x000000799fb00000)]
  0x000001c4fd9bf590 JavaThread "Common-Cleaner" daemon [_thread_blocked, id=14928, stack(0x000000799fc00000,0x000000799fd00000)]
  0x000001c4fd9f3880 JavaThread "C2 CompilerThread1" daemon [_thread_in_native, id=15636, stack(0x000000799fd00000,0x000000799fe00000)]

Other Threads:
  0x000001c4fccbcd50 VMThread "VM Thread" [stack: 0x000000799f000000,0x000000799f100000] [id=12468]
  0x000001c4fd9af080 WatcherThread [stack: 0x000000799fb00000,0x000000799fc00000] [id=14472]
  0x000001c4e3046790 GCTaskThread "GC Thread#0" [stack: 0x000000799eb00000,0x000000799ec00000] [id=912]
  0x000001c4fdfc8280 GCTaskThread "GC Thread#1" [stack: 0x000000799fe00000,0x000000799ff00000] [id=6168]
  0x000001c4fe01faa0 GCTaskThread "GC Thread#2" [stack: 0x000000799ff00000,0x00000079a0000000] [id=13892]
  0x000001c4fe05f870 GCTaskThread "GC Thread#3" [stack: 0x00000079a0000000,0x00000079a0100000] [id=15212]
  0x000001c4fe05fb20 GCTaskThread "GC Thread#4" [stack: 0x00000079a0100000,0x00000079a0200000] [id=16388]
  0x000001c4e3057090 ConcurrentGCThread "G1 Main Marker" [stack: 0x000000799ec00000,0x000000799ed00000] [id=13232]
  0x000001c4e3057aa0 ConcurrentGCThread "G1 Conc#0" [stack: 0x000000799ed00000,0x000000799ee00000] [id=3992]
  0x000001c4e30ad9a0 ConcurrentGCThread "G1 Refine#0" [stack: 0x000000799ee00000,0x000000799ef00000] [id=12504]
  0x000001c4e30ae3c0 ConcurrentGCThread "G1 Service" [stack: 0x000000799ef00000,0x000000799f000000] [id=10016]

Threads with active compile tasks:
C2 CompilerThread0      867 1569   !   4       jdk.internal.loader.URLClassPath$JarLoader::getResource (65 bytes)
C2 CompilerThread1      867 1601  s!   4       jdk.internal.loader.URLClassPath::getLoader (194 bytes)

VM state: not at safepoint (normal execution)

VM Mutex/Monitor currently owned by a thread: None

Heap address: 0x0000000083200000, size: 1998 MB, Compressed Oops mode: 32-bit

CDS archive(s) not mapped
Compressed class space mapped at: 0x0000000100000000-0x0000000140000000, reserved size: 1073741824
Narrow klass base: 0x0000000000000000, Narrow klass shift: 3, Narrow klass range: 0x140000000

GC Precious Log:
 CPUs: 8 total, 8 available
 Memory: 7991M
 Large Page Support: Disabled
 NUMA Support: Disabled
 Compressed Oops: Enabled (32-bit)
 Heap Region Size: 1M
 Heap Min Capacity: 8M
 Heap Initial Capacity: 126M
 Heap Max Capacity: 1998M
 Pre-touch: Disabled
 Parallel Workers: 8
 Concurrent Workers: 2
 Concurrent Refinement Workers: 8
 Periodic GC: Disabled

Heap:
 garbage-first heap   total 129024K, used 36607K [0x0000000083200000, 0x0000000100000000)
  region size 1024K, 33 young (33792K), 3 survivors (3072K)
 Metaspace       used 20584K, committed 20864K, reserved 1073152K
  class space    used 2245K, committed 2368K, reserved 1048576K

Heap Regions: E=young(eden), S=young(survivor), O=old, HS=humongous(starts), HC=humongous(continues), CS=collection set, F=free, OA=open archive, CA=closed archive, TAMS=top-at-mark-start (previous, next)
|   0|0x0000000083200000, 0x0000000083300000, 0x0000000083300000|100%|HS|  |TAMS 0x0000000083200000, 0x0000000083200000| Complete 
|   1|0x0000000083300000, 0x0000000083400000, 0x0000000083400000|100%|HC|  |TAMS 0x0000000083300000, 0x0000000083300000| Complete 
|   2|0x0000000083400000, 0x0000000083500000, 0x0000000083500000|100%|HC|  |TAMS 0x0000000083400000, 0x0000000083400000| Complete 
|   3|0x0000000083500000, 0x0000000083600000, 0x0000000083600000|100%|HC|  |TAMS 0x0000000083500000, 0x0000000083500000| Complete 
|   4|0x0000000083600000, 0x0000000083600000, 0x0000000083700000|  0%| F|  |TAMS 0x0000000083600000, 0x0000000083600000| Untracked 
|   5|0x0000000083700000, 0x0000000083700000, 0x0000000083800000|  0%| F|  |TAMS 0x0000000083700000, 0x0000000083700000| Untracked 
|   6|0x0000000083800000, 0x0000000083800000, 0x0000000083900000|  0%| F|  |TAMS 0x0000000083800000, 0x0000000083800000| Untracked 
|   7|0x0000000083900000, 0x0000000083900000, 0x0000000083a00000|  0%| F|  |TAMS 0x0000000083900000, 0x0000000083900000| Untracked 
|   8|0x0000000083a00000, 0x0000000083a00000, 0x0000000083b00000|  0%| F|  |TAMS 0x0000000083a00000, 0x0000000083a00000| Untracked 
|   9|0x0000000083b00000, 0x0000000083b00000, 0x0000000083c00000|  0%| F|  |TAMS 0x0000000083b00000, 0x0000000083b00000| Untracked 
|  10|0x0000000083c00000, 0x0000000083c00000, 0x0000000083d00000|  0%| F|  |TAMS 0x0000000083c00000, 0x0000000083c00000| Untracked 
|  11|0x0000000083d00000, 0x0000000083d00000, 0x0000000083e00000|  0%| F|  |TAMS 0x0000000083d00000, 0x0000000083d00000| Untracked 
|  12|0x0000000083e00000, 0x0000000083e00000, 0x0000000083f00000|  0%| F|  |TAMS 0x0000000083e00000, 0x0000000083e00000| Untracked 
|  13|0x0000000083f00000, 0x0000000083f00000, 0x0000000084000000|  0%| F|  |TAMS 0x0000000083f00000, 0x0000000083f00000| Untracked 
|  14|0x0000000084000000, 0x0000000084000000, 0x0000000084100000|  0%| F|  |TAMS 0x0000000084000000, 0x0000000084000000| Untracked 
|  15|0x0000000084100000, 0x0000000084100000, 0x0000000084200000|  0%| F|  |TAMS 0x0000000084100000, 0x0000000084100000| Untracked 
|  16|0x0000000084200000, 0x0000000084200000, 0x0000000084300000|  0%| F|  |TAMS 0x0000000084200000, 0x0000000084200000| Untracked 
|  17|0x0000000084300000, 0x0000000084300000, 0x0000000084400000|  0%| F|  |TAMS 0x0000000084300000, 0x0000000084300000| Untracked 
|  18|0x0000000084400000, 0x0000000084400000, 0x0000000084500000|  0%| F|  |TAMS 0x0000000084400000, 0x0000000084400000| Untracked 
|  19|0x0000000084500000, 0x0000000084500000, 0x0000000084600000|  0%| F|  |TAMS 0x0000000084500000, 0x0000000084500000| Untracked 
|  20|0x0000000084600000, 0x0000000084600000, 0x0000000084700000|  0%| F|  |TAMS 0x0000000084600000, 0x0000000084600000| Untracked 
|  21|0x0000000084700000, 0x0000000084700000, 0x0000000084800000|  0%| F|  |TAMS 0x0000000084700000, 0x0000000084700000| Untracked 
|  22|0x0000000084800000, 0x0000000084800000, 0x0000000084900000|  0%| F|  |TAMS 0x0000000084800000, 0x0000000084800000| Untracked 
|  23|0x0000000084900000, 0x0000000084900000, 0x0000000084a00000|  0%| F|  |TAMS 0x0000000084900000, 0x0000000084900000| Untracked 
|  24|0x0000000084a00000, 0x0000000084a00000, 0x0000000084b00000|  0%| F|  |TAMS 0x0000000084a00000, 0x0000000084a00000| Untracked 
|  25|0x0000000084b00000, 0x0000000084b00000, 0x0000000084c00000|  0%| F|  |TAMS 0x0000000084b00000, 0x0000000084b00000| Untracked 
|  26|0x0000000084c00000, 0x0000000084c00000, 0x0000000084d00000|  0%| F|  |TAMS 0x0000000084c00000, 0x0000000084c00000| Untracked 
|  27|0x0000000084d00000, 0x0000000084d00000, 0x0000000084e00000|  0%| F|  |TAMS 0x0000000084d00000, 0x0000000084d00000| Untracked 
|  28|0x0000000084e00000, 0x0000000084e00000, 0x0000000084f00000|  0%| F|  |TAMS 0x0000000084e00000, 0x0000000084e00000| Untracked 
|  29|0x0000000084f00000, 0x0000000084f00000, 0x0000000085000000|  0%| F|  |TAMS 0x0000000084f00000, 0x0000000084f00000| Untracked 
|  30|0x0000000085000000, 0x0000000085000000, 0x0000000085100000|  0%| F|  |TAMS 0x0000000085000000, 0x0000000085000000| Untracked 
|  31|0x0000000085100000, 0x0000000085100000, 0x0000000085200000|  0%| F|  |TAMS 0x0000000085100000, 0x0000000085100000| Untracked 
|  32|0x0000000085200000, 0x0000000085200000, 0x0000000085300000|  0%| F|  |TAMS 0x0000000085200000, 0x0000000085200000| Untracked 
|  33|0x0000000085300000, 0x0000000085300000, 0x0000000085400000|  0%| F|  |TAMS 0x0000000085300000, 0x0000000085300000| Untracked 
|  34|0x0000000085400000, 0x0000000085400000, 0x0000000085500000|  0%| F|  |TAMS 0x0000000085400000, 0x0000000085400000| Untracked 
|  35|0x0000000085500000, 0x0000000085500000, 0x0000000085600000|  0%| F|  |TAMS 0x0000000085500000, 0x0000000085500000| Untracked 
|  36|0x0000000085600000, 0x0000000085600000, 0x0000000085700000|  0%| F|  |TAMS 0x0000000085600000, 0x0000000085600000| Untracked 
|  37|0x0000000085700000, 0x0000000085700000, 0x0000000085800000|  0%| F|  |TAMS 0x0000000085700000, 0x0000000085700000| Untracked 
|  38|0x0000000085800000, 0x0000000085800000, 0x0000000085900000|  0%| F|  |TAMS 0x0000000085800000, 0x0000000085800000| Untracked 
|  39|0x0000000085900000, 0x0000000085900000, 0x0000000085a00000|  0%| F|  |TAMS 0x0000000085900000, 0x0000000085900000| Untracked 
|  40|0x0000000085a00000, 0x0000000085a00000, 0x0000000085b00000|  0%| F|  |TAMS 0x0000000085a00000, 0x0000000085a00000| Untracked 
|  41|0x0000000085b00000, 0x0000000085b00000, 0x0000000085c00000|  0%| F|  |TAMS 0x0000000085b00000, 0x0000000085b00000| Untracked 
|  42|0x0000000085c00000, 0x0000000085c00000, 0x0000000085d00000|  0%| F|  |TAMS 0x0000000085c00000, 0x0000000085c00000| Untracked 
|  43|0x0000000085d00000, 0x0000000085d00000, 0x0000000085e00000|  0%| F|  |TAMS 0x0000000085d00000, 0x0000000085d00000| Untracked 
|  44|0x0000000085e00000, 0x0000000085e00000, 0x0000000085f00000|  0%| F|  |TAMS 0x0000000085e00000, 0x0000000085e00000| Untracked 
|  45|0x0000000085f00000, 0x0000000085f00000, 0x0000000086000000|  0%| F|  |TAMS 0x0000000085f00000, 0x0000000085f00000| Untracked 
|  46|0x0000000086000000, 0x0000000086000000, 0x0000000086100000|  0%| F|  |TAMS 0x0000000086000000, 0x0000000086000000| Untracked 
|  47|0x0000000086100000, 0x0000000086100000, 0x0000000086200000|  0%| F|  |TAMS 0x0000000086100000, 0x0000000086100000| Untracked 
|  48|0x0000000086200000, 0x0000000086200000, 0x0000000086300000|  0%| F|  |TAMS 0x0000000086200000, 0x0000000086200000| Untracked 
|  49|0x0000000086300000, 0x0000000086300000, 0x0000000086400000|  0%| F|  |TAMS 0x0000000086300000, 0x0000000086300000| Untracked 
|  50|0x0000000086400000, 0x0000000086400000, 0x0000000086500000|  0%| F|  |TAMS 0x0000000086400000, 0x0000000086400000| Untracked 
|  51|0x0000000086500000, 0x0000000086500000, 0x0000000086600000|  0%| F|  |TAMS 0x0000000086500000, 0x0000000086500000| Untracked 
|  52|0x0000000086600000, 0x0000000086600000, 0x0000000086700000|  0%| F|  |TAMS 0x0000000086600000, 0x0000000086600000| Untracked 
|  53|0x0000000086700000, 0x0000000086700000, 0x0000000086800000|  0%| F|  |TAMS 0x0000000086700000, 0x0000000086700000| Untracked 
|  54|0x0000000086800000, 0x0000000086800000, 0x0000000086900000|  0%| F|  |TAMS 0x0000000086800000, 0x0000000086800000| Untracked 
|  55|0x0000000086900000, 0x0000000086900000, 0x0000000086a00000|  0%| F|  |TAMS 0x0000000086900000, 0x0000000086900000| Untracked 
|  56|0x0000000086a00000, 0x0000000086a00000, 0x0000000086b00000|  0%| F|  |TAMS 0x0000000086a00000, 0x0000000086a00000| Untracked 
|  57|0x0000000086b00000, 0x0000000086b00000, 0x0000000086c00000|  0%| F|  |TAMS 0x0000000086b00000, 0x0000000086b00000| Untracked 
|  58|0x0000000086c00000, 0x0000000086c00000, 0x0000000086d00000|  0%| F|  |TAMS 0x0000000086c00000, 0x0000000086c00000| Untracked 
|  59|0x0000000086d00000, 0x0000000086d00000, 0x0000000086e00000|  0%| F|  |TAMS 0x0000000086d00000, 0x0000000086d00000| Untracked 
|  60|0x0000000086e00000, 0x0000000086e00000, 0x0000000086f00000|  0%| F|  |TAMS 0x0000000086e00000, 0x0000000086e00000| Untracked 
|  61|0x0000000086f00000, 0x0000000086f00000, 0x0000000087000000|  0%| F|  |TAMS 0x0000000086f00000, 0x0000000086f00000| Untracked 
|  62|0x0000000087000000, 0x0000000087000000, 0x0000000087100000|  0%| F|  |TAMS 0x0000000087000000, 0x0000000087000000| Untracked 
|  63|0x0000000087100000, 0x0000000087100000, 0x0000000087200000|  0%| F|  |TAMS 0x0000000087100000, 0x0000000087100000| Untracked 
|  64|0x0000000087200000, 0x0000000087200000, 0x0000000087300000|  0%| F|  |TAMS 0x0000000087200000, 0x0000000087200000| Untracked 
|  65|0x0000000087300000, 0x0000000087300000, 0x0000000087400000|  0%| F|  |TAMS 0x0000000087300000, 0x0000000087300000| Untracked 
|  66|0x0000000087400000, 0x0000000087400000, 0x0000000087500000|  0%| F|  |TAMS 0x0000000087400000, 0x0000000087400000| Untracked 
|  67|0x0000000087500000, 0x0000000087500000, 0x0000000087600000|  0%| F|  |TAMS 0x0000000087500000, 0x0000000087500000| Untracked 
|  68|0x0000000087600000, 0x0000000087600000, 0x0000000087700000|  0%| F|  |TAMS 0x0000000087600000, 0x0000000087600000| Untracked 
|  69|0x0000000087700000, 0x0000000087700000, 0x0000000087800000|  0%| F|  |TAMS 0x0000000087700000, 0x0000000087700000| Untracked 
|  70|0x0000000087800000, 0x0000000087800000, 0x0000000087900000|  0%| F|  |TAMS 0x0000000087800000, 0x0000000087800000| Untracked 
|  71|0x0000000087900000, 0x0000000087900000, 0x0000000087a00000|  0%| F|  |TAMS 0x0000000087900000, 0x0000000087900000| Untracked 
|  72|0x0000000087a00000, 0x0000000087a00000, 0x0000000087b00000|  0%| F|  |TAMS 0x0000000087a00000, 0x0000000087a00000| Untracked 
|  73|0x0000000087b00000, 0x0000000087b00000, 0x0000000087c00000|  0%| F|  |TAMS 0x0000000087b00000, 0x0000000087b00000| Untracked 
|  74|0x0000000087c00000, 0x0000000087c00000, 0x0000000087d00000|  0%| F|  |TAMS 0x0000000087c00000, 0x0000000087c00000| Untracked 
|  75|0x0000000087d00000, 0x0000000087d00000, 0x0000000087e00000|  0%| F|  |TAMS 0x0000000087d00000, 0x0000000087d00000| Untracked 
|  76|0x0000000087e00000, 0x0000000087e00000, 0x0000000087f00000|  0%| F|  |TAMS 0x0000000087e00000, 0x0000000087e00000| Untracked 
|  77|0x0000000087f00000, 0x0000000087f00000, 0x0000000088000000|  0%| F|  |TAMS 0x0000000087f00000, 0x0000000087f00000| Untracked 
|  78|0x0000000088000000, 0x0000000088000000, 0x0000000088100000|  0%| F|  |TAMS 0x0000000088000000, 0x0000000088000000| Untracked 
|  79|0x0000000088100000, 0x0000000088100000, 0x0000000088200000|  0%| F|  |TAMS 0x0000000088100000, 0x0000000088100000| Untracked 
|  80|0x0000000088200000, 0x0000000088200000, 0x0000000088300000|  0%| F|  |TAMS 0x0000000088200000, 0x0000000088200000| Untracked 
|  81|0x0000000088300000, 0x0000000088300000, 0x0000000088400000|  0%| F|  |TAMS 0x0000000088300000, 0x0000000088300000| Untracked 
|  82|0x0000000088400000, 0x0000000088400000, 0x0000000088500000|  0%| F|  |TAMS 0x0000000088400000, 0x0000000088400000| Untracked 
|  83|0x0000000088500000, 0x0000000088500000, 0x0000000088600000|  0%| F|  |TAMS 0x0000000088500000, 0x0000000088500000| Untracked 
|  84|0x0000000088600000, 0x0000000088600000, 0x0000000088700000|  0%| F|  |TAMS 0x0000000088600000, 0x0000000088600000| Untracked 
|  85|0x0000000088700000, 0x0000000088700000, 0x0000000088800000|  0%| F|  |TAMS 0x0000000088700000, 0x0000000088700000| Untracked 
|  86|0x0000000088800000, 0x0000000088800000, 0x0000000088900000|  0%| F|  |TAMS 0x0000000088800000, 0x0000000088800000| Untracked 
|  87|0x0000000088900000, 0x0000000088900000, 0x0000000088a00000|  0%| F|  |TAMS 0x0000000088900000, 0x0000000088900000| Untracked 
|  88|0x0000000088a00000, 0x0000000088a00000, 0x0000000088b00000|  0%| F|  |TAMS 0x0000000088a00000, 0x0000000088a00000| Untracked 
|  89|0x0000000088b00000, 0x0000000088b00000, 0x0000000088c00000|  0%| F|  |TAMS 0x0000000088b00000, 0x0000000088b00000| Untracked 
|  90|0x0000000088c00000, 0x0000000088c00000, 0x0000000088d00000|  0%| F|  |TAMS 0x0000000088c00000, 0x0000000088c00000| Untracked 
|  91|0x0000000088d00000, 0x0000000088d00000, 0x0000000088e00000|  0%| F|  |TAMS 0x0000000088d00000, 0x0000000088d00000| Untracked 
|  92|0x0000000088e00000, 0x0000000088e00000, 0x0000000088f00000|  0%| F|  |TAMS 0x0000000088e00000, 0x0000000088e00000| Untracked 
|  93|0x0000000088f00000, 0x0000000088f86ae8, 0x0000000089000000| 52%| E|  |TAMS 0x0000000088f00000, 0x0000000088f00000| Complete 
|  94|0x0000000089000000, 0x0000000089100000, 0x0000000089100000|100%| E|CS|TAMS 0x0000000089000000, 0x0000000089000000| Complete 
|  95|0x0000000089100000, 0x0000000089200000, 0x0000000089200000|100%| E|CS|TAMS 0x0000000089100000, 0x0000000089100000| Complete 
|  96|0x0000000089200000, 0x0000000089300000, 0x0000000089300000|100%| E|CS|TAMS 0x0000000089200000, 0x0000000089200000| Complete 
|  97|0x0000000089300000, 0x0000000089400000, 0x0000000089400000|100%| E|CS|TAMS 0x0000000089300000, 0x0000000089300000| Complete 
|  98|0x0000000089400000, 0x0000000089500000, 0x0000000089500000|100%| E|CS|TAMS 0x0000000089400000, 0x0000000089400000| Complete 
|  99|0x0000000089500000, 0x0000000089600000, 0x0000000089600000|100%| E|CS|TAMS 0x0000000089500000, 0x0000000089500000| Complete 
| 100|0x0000000089600000, 0x00000000896bffd0, 0x0000000089700000| 74%| S|CS|TAMS 0x0000000089600000, 0x0000000089600000| Complete 
| 101|0x0000000089700000, 0x0000000089800000, 0x0000000089800000|100%| S|CS|TAMS 0x0000000089700000, 0x0000000089700000| Complete 
| 102|0x0000000089800000, 0x0000000089900000, 0x0000000089900000|100%| S|CS|TAMS 0x0000000089800000, 0x0000000089800000| Complete 
| 103|0x0000000089900000, 0x0000000089a00000, 0x0000000089a00000|100%| E|CS|TAMS 0x0000000089900000, 0x0000000089900000| Complete 
| 104|0x0000000089a00000, 0x0000000089b00000, 0x0000000089b00000|100%| E|CS|TAMS 0x0000000089a00000, 0x0000000089a00000| Complete 
| 105|0x0000000089b00000, 0x0000000089c00000, 0x0000000089c00000|100%| E|CS|TAMS 0x0000000089b00000, 0x0000000089b00000| Complete 
| 106|0x0000000089c00000, 0x0000000089d00000, 0x0000000089d00000|100%| E|CS|TAMS 0x0000000089c00000, 0x0000000089c00000| Complete 
| 107|0x0000000089d00000, 0x0000000089e00000, 0x0000000089e00000|100%| E|CS|TAMS 0x0000000089d00000, 0x0000000089d00000| Complete 
| 108|0x0000000089e00000, 0x0000000089f00000, 0x0000000089f00000|100%| E|CS|TAMS 0x0000000089e00000, 0x0000000089e00000| Complete 
| 109|0x0000000089f00000, 0x000000008a000000, 0x000000008a000000|100%| E|CS|TAMS 0x0000000089f00000, 0x0000000089f00000| Complete 
| 110|0x000000008a000000, 0x000000008a100000, 0x000000008a100000|100%| E|CS|TAMS 0x000000008a000000, 0x000000008a000000| Complete 
| 111|0x000000008a100000, 0x000000008a200000, 0x000000008a200000|100%| E|CS|TAMS 0x000000008a100000, 0x000000008a100000| Complete 
| 112|0x000000008a200000, 0x000000008a300000, 0x000000008a300000|100%| E|CS|TAMS 0x000000008a200000, 0x000000008a200000| Complete 
| 113|0x000000008a300000, 0x000000008a400000, 0x000000008a400000|100%| E|CS|TAMS 0x000000008a300000, 0x000000008a300000| Complete 
| 114|0x000000008a400000, 0x000000008a500000, 0x000000008a500000|100%| E|CS|TAMS 0x000000008a400000, 0x000000008a400000| Complete 
| 115|0x000000008a500000, 0x000000008a600000, 0x000000008a600000|100%| E|CS|TAMS 0x000000008a500000, 0x000000008a500000| Complete 
| 116|0x000000008a600000, 0x000000008a700000, 0x000000008a700000|100%| E|CS|TAMS 0x000000008a600000, 0x000000008a600000| Complete 
| 117|0x000000008a700000, 0x000000008a800000, 0x000000008a800000|100%| E|CS|TAMS 0x000000008a700000, 0x000000008a700000| Complete 
| 118|0x000000008a800000, 0x000000008a900000, 0x000000008a900000|100%| E|CS|TAMS 0x000000008a800000, 0x000000008a800000| Complete 
| 119|0x000000008a900000, 0x000000008aa00000, 0x000000008aa00000|100%| E|CS|TAMS 0x000000008a900000, 0x000000008a900000| Complete 
| 120|0x000000008aa00000, 0x000000008ab00000, 0x000000008ab00000|100%| E|CS|TAMS 0x000000008aa00000, 0x000000008aa00000| Complete 
| 121|0x000000008ab00000, 0x000000008ac00000, 0x000000008ac00000|100%| E|CS|TAMS 0x000000008ab00000, 0x000000008ab00000| Complete 
| 122|0x000000008ac00000, 0x000000008ad00000, 0x000000008ad00000|100%| E|CS|TAMS 0x000000008ac00000, 0x000000008ac00000| Complete 
| 123|0x000000008ad00000, 0x000000008ae00000, 0x000000008ae00000|100%| E|CS|TAMS 0x000000008ad00000, 0x000000008ad00000| Complete 
| 124|0x000000008ae00000, 0x000000008af00000, 0x000000008af00000|100%| E|CS|TAMS 0x000000008ae00000, 0x000000008ae00000| Complete 
| 125|0x000000008af00000, 0x000000008b000000, 0x000000008b000000|100%| E|CS|TAMS 0x000000008af00000, 0x000000008af00000| Complete 

Card table byte_map: [0x000001c4f5bd0000,0x000001c4f5fc0000] _byte_map_base: 0x000001c4f57b7000

Marking Bits (Prev, Next): (CMBitMap*) 0x000001c4e3046da0, (CMBitMap*) 0x000001c4e3046de0
 Prev Bits: [0x000001c4f63b0000, 0x000001c4f82e8000)
 Next Bits: [0x000001c4f82f0000, 0x000001c4fa228000)

Polling page: 0x000001c4e0f20000

Metaspace:

Usage:
  Non-class:     17.94 MB used.
      Class:      2.20 MB used.
       Both:     20.14 MB used.

Virtual space:
  Non-class space:       24.00 MB reserved,      18.06 MB ( 75%) committed,  3 nodes.
      Class space:        1.00 GB reserved,       2.31 MB ( <1%) committed,  1 nodes.
             Both:        1.02 GB reserved,      20.38 MB (  2%) committed. 

Chunk freelists:
   Non-Class:  1.52 MB
       Class:  1.59 MB
        Both:  3.11 MB

MaxMetaspaceSize: unlimited
CompressedClassSpaceSize: 1.00 GB
Initial GC threshold: 21.00 MB
Current GC threshold: 21.00 MB
CDS: off
MetaspaceReclaimPolicy: balanced
 - commit_granule_bytes: 65536.
 - commit_granule_words: 8192.
 - virtual_space_node_default_size: 1048576.
 - enlarge_chunks_in_place: 1.
 - new_chunks_are_fully_committed: 0.
 - uncommit_free_chunks: 1.
 - use_allocation_guard: 0.
 - handle_deallocations: 1.


Internal statistics:

num_allocs_failed_limit: 0.
num_arena_births: 124.
num_arena_deaths: 0.
num_vsnodes_births: 4.
num_vsnodes_deaths: 0.
num_space_committed: 326.
num_space_uncommitted: 0.
num_chunks_returned_to_freelist: 0.
num_chunks_taken_from_freelist: 562.
num_chunk_merges: 0.
num_chunk_splits: 447.
num_chunks_enlarged: 388.
num_purges: 0.
num_inconsistent_stats: 0.

CodeHeap 'non-profiled nmethods': size=120000Kb used=529Kb max_used=529Kb free=119470Kb
 bounds [0x000001c4edf80000, 0x000001c4ee1f0000, 0x000001c4f54b0000]
CodeHeap 'profiled nmethods': size=120000Kb used=2920Kb max_used=2920Kb free=117079Kb
 bounds [0x000001c4e64b0000, 0x000001c4e6790000, 0x000001c4ed9e0000]
CodeHeap 'non-nmethods': size=5760Kb used=1202Kb max_used=1218Kb free=4557Kb
 bounds [0x000001c4ed9e0000, 0x000001c4edc50000, 0x000001c4edf80000]
 total_blobs=2096 nmethods=1607 adapters=402
 compilation: enabled
              stopped_count=0, restarted_count=0
 full_count=0

Compilation events (20 events):
Event: 0.775 Thread 0x000001c4fd9f3880 nmethod 1538% 0x000001c4edffcc10 code [0x000001c4edffcde0, 0x000001c4edffe1a8]
Event: 0.783 Thread 0x000001c4fd86ae40 1565       3       java.lang.invoke.LambdaForm::uncustomize (57 bytes)
Event: 0.783 Thread 0x000001c4fd86ae40 nmethod 1565 0x000001c4e6775290 code [0x000001c4e6775440, 0x000001c4e6775748]
Event: 0.785 Thread 0x000001c4fd9f3880 1566  s!   4       jdk.internal.loader.URLClassPath::getLoader (194 bytes)
Event: 0.785 Thread 0x000001c4fd869c00 1567   !   4       jdk.internal.loader.URLClassPath$JarLoader::ensureOpen (36 bytes)
Event: 0.786 Thread 0x000001c4fd869c00 nmethod 1567 0x000001c4edffed10 code [0x000001c4edffee80, 0x000001c4edffef18]
Event: 0.787 Thread 0x000001c4fd9f3880 nmethod 1566 0x000001c4edfff010 code [0x000001c4edfff1c0, 0x000001c4edfff8e8]
Event: 0.791 Thread 0x000001c4fd9f3880 1568       4       java.util.jar.JarFile::getEntry (35 bytes)
Event: 0.792 Thread 0x000001c4fd869c00 1569   !   4       jdk.internal.loader.URLClassPath$JarLoader::getResource (65 bytes)
Event: 0.800 Thread 0x000001c4fd86ae40 1571       3       kotlin.collections.SetsKt__SetsKt::emptySet (7 bytes)
Event: 0.800 Thread 0x000001c4fd86ae40 nmethod 1571 0x000001c4e6775890 code [0x000001c4e6775a20, 0x000001c4e6775b18]
Event: 0.806 Thread 0x000001c4fd86ae40 1572       3       kotlin.collections.MapsKt__MapsJVMKt::mapCapacity (40 bytes)
Event: 0.807 Thread 0x000001c4fd86ae40 nmethod 1572 0x000001c4e6775b90 code [0x000001c4e6775d60, 0x000001c4e6775fd8]
Event: 0.813 Thread 0x000001c4fd86ae40 1573       1       kotlin.Pair::component1 (5 bytes)
Event: 0.813 Thread 0x000001c4fd86ae40 nmethod 1573 0x000001c4edfffc10 code [0x000001c4edfffda0, 0x000001c4edfffe78]
Event: 0.813 Thread 0x000001c4fd86ae40 1574       1       kotlin.Pair::component2 (5 bytes)
Event: 0.813 Thread 0x000001c4fd86ae40 nmethod 1574 0x000001c4edffff10 code [0x000001c4ee0000a0, 0x000001c4ee000178]
Event: 0.814 Thread 0x000001c4fd9f3880 nmethod 1568 0x000001c4ee000210 code [0x000001c4ee0004e0, 0x000001c4ee001f88]
Event: 0.814 Thread 0x000001c4fd9f3880 1570       4       java.lang.Character::toLowerCase (9 bytes)
Event: 0.815 Thread 0x000001c4fd9f3880 nmethod 1570 0x000001c4ee002c90 code [0x000001c4ee002e00, 0x000001c4ee002ed8]

GC Heap History (2 events):
Event: 0.470 GC heap before
{Heap before GC invocations=0 (full 0):
 garbage-first heap   total 129024K, used 27648K [0x0000000083200000, 0x0000000100000000)
  region size 1024K, 23 young (23552K), 0 survivors (0K)
 Metaspace       used 13303K, committed 13440K, reserved 1064960K
  class space    used 1280K, committed 1344K, reserved 1048576K
}
Event: 0.473 GC heap after
{Heap after GC invocations=1 (full 0):
 garbage-first heap   total 129024K, used 6911K [0x0000000083200000, 0x0000000100000000)
  region size 1024K, 3 young (3072K), 3 survivors (3072K)
 Metaspace       used 13303K, committed 13440K, reserved 1064960K
  class space    used 1280K, committed 1344K, reserved 1048576K
}

Dll operation events (2 events):
Event: 0.011 Loaded shared library C:\Program Files\Android\Android Studio\jbr\bin\java.dll
Event: 0.780 Loaded shared library C:\Program Files\Android\Android Studio\jbr\bin\verify.dll

Deoptimization events (20 events):
Event: 0.510 Thread 0x000001c4e2fead00 DEOPT PACKING pc=0x000001c4edfb1694 sp=0x000000799eafc1d0
Event: 0.511 Thread 0x000001c4e2fead00 DEOPT UNPACKING pc=0x000001c4eda3a1a3 sp=0x000000799eafc0b8 mode 2
Event: 0.520 Thread 0x000001c4e2fead00 Uncommon trap: trap_request=0xffffff45 fr.pc=0x000001c4edfa9900 relative=0x0000000000000340
Event: 0.520 Thread 0x000001c4e2fead00 Uncommon trap: reason=unstable_if action=reinterpret pc=0x000001c4edfa9900 method=java.util.concurrent.ConcurrentHashMap.get(Ljava/lang/Object;)Ljava/lang/Object; @ 76 c2
Event: 0.520 Thread 0x000001c4e2fead00 DEOPT PACKING pc=0x000001c4edfa9900 sp=0x000000799eafc6a0
Event: 0.520 Thread 0x000001c4e2fead00 DEOPT UNPACKING pc=0x000001c4eda3a1a3 sp=0x000000799eafc628 mode 2
Event: 0.577 Thread 0x000001c4e2fead00 Uncommon trap: trap_request=0xffffffc6 fr.pc=0x000001c4edfb1694 relative=0x0000000000000514
Event: 0.577 Thread 0x000001c4e2fead00 Uncommon trap: reason=bimorphic_or_optimized_type_check action=maybe_recompile pc=0x000001c4edfb1694 method=kotlin.reflect.jvm.internal.impl.protobuf.CodedInputStream.tryRefillBuffer(I)Z @ 175 c2
Event: 0.577 Thread 0x000001c4e2fead00 DEOPT PACKING pc=0x000001c4edfb1694 sp=0x000000799eafc0a0
Event: 0.577 Thread 0x000001c4e2fead00 DEOPT UNPACKING pc=0x000001c4eda3a1a3 sp=0x000000799eafbf88 mode 2
Event: 0.623 Thread 0x000001c4e2fead00 Uncommon trap: trap_request=0xffffff45 fr.pc=0x000001c4edfa249c relative=0x000000000000027c
Event: 0.623 Thread 0x000001c4e2fead00 Uncommon trap: reason=unstable_if action=reinterpret pc=0x000001c4edfa249c method=java.lang.String.startsWith(Ljava/lang/String;I)Z @ 14 c2
Event: 0.623 Thread 0x000001c4e2fead00 DEOPT PACKING pc=0x000001c4edfa249c sp=0x000000799eafd190
Event: 0.623 Thread 0x000001c4e2fead00 DEOPT UNPACKING pc=0x000001c4eda3a1a3 sp=0x000000799eafd0f0 mode 2
Event: 0.672 Thread 0x000001c4e2fead00 DEOPT PACKING pc=0x000001c4e66fc1b4 sp=0x000000799eafe1d0
Event: 0.672 Thread 0x000001c4e2fead00 DEOPT UNPACKING pc=0x000001c4eda3ace3 sp=0x000000799eafd7a0 mode 0
Event: 0.720 Thread 0x000001c4e2fead00 Uncommon trap: trap_request=0xffffff45 fr.pc=0x000001c4edfa77d0 relative=0x00000000000000b0
Event: 0.720 Thread 0x000001c4e2fead00 Uncommon trap: reason=unstable_if action=reinterpret pc=0x000001c4edfa77d0 method=java.lang.Integer.valueOf(I)Ljava/lang/Integer; @ 3 c2
Event: 0.720 Thread 0x000001c4e2fead00 DEOPT PACKING pc=0x000001c4edfa77d0 sp=0x000000799eafcdd0
Event: 0.720 Thread 0x000001c4e2fead00 DEOPT UNPACKING pc=0x000001c4eda3a1a3 sp=0x000000799eafcd68 mode 2

Classes unloaded (0 events):
No events

Classes redefined (0 events):
No events

Internal exceptions (12 events):
Event: 0.645 Thread 0x000001c4e2fead00 Exception <a 'java/lang/NoSuchMethodError'{0x000000008a26b378}: 'java.lang.Object java.lang.invoke.DirectMethodHandle$Holder.newInvokeSpecial(java.lang.Object, java.lang.Object, java.lang.Object, java.lang.Object, java.lang.Object)'> (0x000000008a26b378) 
thrown [s\src\hotspot\share\interpreter\linkResolver.cpp, line 771]
Event: 0.706 Thread 0x000001c4e2fead00 Exception <a 'java/lang/NoSuchMethodError'{0x0000000089ed6528}: 'int java.lang.invoke.DelegatingMethodHandle$Holder.reinvoke_L(java.lang.Object, java.lang.Object, java.lang.Object, long, int, int)'> (0x0000000089ed6528) 
thrown [s\src\hotspot\share\interpreter\linkResolver.cpp, line 771]
Event: 0.707 Thread 0x000001c4e2fead00 Exception <a 'java/lang/NoSuchMethodError'{0x0000000089ee5930}: 'int java.lang.invoke.DelegatingMethodHandle$Holder.reinvoke_L(java.lang.Object, java.lang.Object, java.lang.Object, long, long, long)'> (0x0000000089ee5930) 
thrown [s\src\hotspot\share\interpreter\linkResolver.cpp, line 771]
Event: 0.708 Thread 0x000001c4e2fead00 Exception <a 'java/lang/NoSuchMethodError'{0x0000000089ef4570}: 'int java.lang.invoke.DelegatingMethodHandle$Holder.reinvoke_L(java.lang.Object, java.lang.Object, java.lang.Object, long, java.lang.Object, java.lang.Object)'> (0x0000000089ef4570) 
thrown [s\src\hotspot\share\interpreter\linkResolver.cpp, line 771]
Event: 0.709 Thread 0x000001c4e2fead00 Exception <a 'java/lang/NoSuchMethodError'{0x0000000089d03748}: 'void java.lang.invoke.DelegatingMethodHandle$Holder.reinvoke_L(java.lang.Object, java.lang.Object, java.lang.Object, long, java.lang.Object)'> (0x0000000089d03748) 
thrown [s\src\hotspot\share\interpreter\linkResolver.cpp, line 771]
Event: 0.710 Thread 0x000001c4e2fead00 Exception <a 'java/lang/NoSuchMethodError'{0x0000000089d0b380}: 'java.lang.Object java.lang.invoke.DirectMethodHandle$Holder.invokeSpecial(java.lang.Object, java.lang.Object, java.lang.Object, java.lang.Object, long)'> (0x0000000089d0b380) 
thrown [s\src\hotspot\share\interpreter\linkResolver.cpp, line 771]
Event: 0.711 Thread 0x000001c4e2fead00 Exception <a 'java/lang/NoSuchMethodError'{0x0000000089d23ae0}: 'long java.lang.invoke.Invokers$Holder.invoke_MT(java.lang.Object, java.lang.Object, java.lang.Object, java.lang.Object)'> (0x0000000089d23ae0) 
thrown [s\src\hotspot\share\interpreter\linkResolver.cpp, line 771]
Event: 0.712 Thread 0x000001c4e2fead00 Exception <a 'java/lang/NoSuchMethodError'{0x0000000089d2f300}: 'int java.lang.invoke.DirectMethodHandle$Holder.invokeSpecial(java.lang.Object, java.lang.Object, java.lang.Object)'> (0x0000000089d2f300) 
thrown [s\src\hotspot\share\interpreter\linkResolver.cpp, line 771]
Event: 0.712 Thread 0x000001c4e2fead00 Exception <a 'java/lang/NoSuchMethodError'{0x0000000089d33330}: 'int java.lang.invoke.DirectMethodHandle$Holder.invokeSpecial(java.lang.Object, java.lang.Object, java.lang.Object, java.lang.Object)'> (0x0000000089d33330) 
thrown [s\src\hotspot\share\interpreter\linkResolver.cpp, line 771]
Event: 0.712 Thread 0x000001c4e2fead00 Exception <a 'java/lang/NoSuchMethodError'{0x0000000089d36998}: 'int java.lang.invoke.Invokers$Holder.invoke_MT(java.lang.Object, java.lang.Object, java.lang.Object, java.lang.Object)'> (0x0000000089d36998) 
thrown [s\src\hotspot\share\interpreter\linkResolver.cpp, line 771]
Event: 0.714 Thread 0x000001c4e2fead00 Exception <a 'java/lang/NoSuchMethodError'{0x0000000089d465b8}: 'int java.lang.invoke.DelegatingMethodHandle$Holder.reinvoke_L(java.lang.Object, java.lang.Object, java.lang.Object, long, int)'> (0x0000000089d465b8) 
thrown [s\src\hotspot\share\interpreter\linkResolver.cpp, line 771]
Event: 0.783 Thread 0x000001c4e2fead00 Exception <a 'java/lang/NoSuchMethodError'{0x0000000089aafdc8}: 'java.lang.Object java.lang.invoke.DirectMethodHandle$Holder.invokeStaticInit(java.lang.Object)'> (0x0000000089aafdc8) 
thrown [s\src\hotspot\share\interpreter\linkResolver.cpp, line 771]

VM Operations (18 events):
Event: 0.115 Executing VM operation: HandshakeAllThreads
Event: 0.115 Executing VM operation: HandshakeAllThreads done
Event: 0.223 Executing VM operation: HandshakeAllThreads
Event: 0.223 Executing VM operation: HandshakeAllThreads done
Event: 0.353 Executing VM operation: HandshakeAllThreads
Event: 0.353 Executing VM operation: HandshakeAllThreads done
Event: 0.470 Executing VM operation: G1CollectForAllocation
Event: 0.473 Executing VM operation: G1CollectForAllocation done
Event: 0.513 Executing VM operation: HandshakeAllThreads
Event: 0.513 Executing VM operation: HandshakeAllThreads done
Event: 0.612 Executing VM operation: ICBufferFull
Event: 0.612 Executing VM operation: ICBufferFull done
Event: 0.672 Executing VM operation: HandshakeAllThreads
Event: 0.672 Executing VM operation: HandshakeAllThreads done
Event: 0.742 Executing VM operation: HandshakeAllThreads
Event: 0.742 Executing VM operation: HandshakeAllThreads done
Event: 0.782 Executing VM operation: HandshakeAllThreads
Event: 0.782 Executing VM operation: HandshakeAllThreads done

Events (20 events):
Event: 0.768 loading class java/util/regex/Pattern$SliceS
Event: 0.768 loading class java/util/regex/Pattern$SliceS done
Event: 0.769 loading class java/net/URISyntaxException
Event: 0.769 loading class java/net/URISyntaxException done
Event: 0.771 loading class java/util/Spliterators$IteratorSpliterator
Event: 0.771 loading class java/util/Spliterators$IteratorSpliterator done
Event: 0.772 loading class java/util/stream/MatchOps$MatchKind
Event: 0.772 loading class java/util/stream/MatchOps$MatchKind done
Event: 0.772 loading class java/util/stream/MatchOps
Event: 0.772 loading class java/util/stream/MatchOps done
Event: 0.772 loading class java/util/stream/MatchOps$MatchOp
Event: 0.772 loading class java/util/stream/MatchOps$MatchOp done
Event: 0.772 loading class java/util/stream/MatchOps$BooleanTerminalSink
Event: 0.772 loading class java/util/stream/MatchOps$BooleanTerminalSink done
Event: 0.773 loading class java/util/stream/MatchOps$1MatchSink
Event: 0.773 loading class java/util/stream/MatchOps$1MatchSink done
Event: 0.775 loading class java/lang/CloneNotSupportedException
Event: 0.775 loading class java/lang/CloneNotSupportedException done
Event: 0.783 loading class java/lang/ThreadLocal$SuppliedThreadLocal
Event: 0.783 loading class java/lang/ThreadLocal$SuppliedThreadLocal done


Dynamic libraries:
0x00007ff77a210000 - 0x00007ff77a21a000 	C:\Program Files\Android\Android Studio\jbr\bin\java.exe
0x00007ffeedf10000 - 0x00007ffeee127000 	C:\WINDOWS\SYSTEM32\ntdll.dll
0x00007ffeed750000 - 0x00007ffeed814000 	C:\WINDOWS\System32\KERNEL32.DLL
0x00007ffeeb830000 - 0x00007ffeebbd5000 	C:\WINDOWS\System32\KERNELBASE.dll
0x00007ffeeb650000 - 0x00007ffeeb761000 	C:\WINDOWS\System32\ucrtbase.dll
0x00007ffee4da0000 - 0x00007ffee4db7000 	C:\Program Files\Android\Android Studio\jbr\bin\jli.dll
0x00007ffeebce0000 - 0x00007ffeebe8e000 	C:\WINDOWS\System32\USER32.dll
0x00007ffee32e0000 - 0x00007ffee32fb000 	C:\Program Files\Android\Android Studio\jbr\bin\VCRUNTIME140.dll
0x00007ffeeb460000 - 0x00007ffeeb486000 	C:\WINDOWS\System32\win32u.dll
0x00007ffed4f30000 - 0x00007ffed51c3000 	C:\WINDOWS\WinSxS\amd64_microsoft.windows.common-controls_6595b64144ccf1df_6.0.22621.2506_none_270c5ae97388e100\COMCTL32.dll
0x00007ffeecef0000 - 0x00007ffeecf19000 	C:\WINDOWS\System32\GDI32.dll
0x00007ffeec5e0000 - 0x00007ffeec687000 	C:\WINDOWS\System32\msvcrt.dll
0x00007ffeeb490000 - 0x00007ffeeb5a9000 	C:\WINDOWS\System32\gdi32full.dll
0x00007ffeeb5b0000 - 0x00007ffeeb64a000 	C:\WINDOWS\System32\msvcp_win.dll
0x00007ffeedc90000 - 0x00007ffeedcc1000 	C:\WINDOWS\System32\IMM32.DLL
0x00007ffee7a70000 - 0x00007ffee7a7c000 	C:\Program Files\Android\Android Studio\jbr\bin\vcruntime140_1.dll
0x00007ffec2de0000 - 0x00007ffec2e6d000 	C:\Program Files\Android\Android Studio\jbr\bin\msvcp140.dll
0x00007ffe9d900000 - 0x00007ffe9e56e000 	C:\Program Files\Android\Android Studio\jbr\bin\server\jvm.dll
0x00007ffeed690000 - 0x00007ffeed741000 	C:\WINDOWS\System32\ADVAPI32.dll
0x00007ffeebe90000 - 0x00007ffeebf36000 	C:\WINDOWS\System32\sechost.dll
0x00007ffeed3b0000 - 0x00007ffeed4c7000 	C:\WINDOWS\System32\RPCRT4.dll
0x00007ffee2990000 - 0x00007ffee29c4000 	C:\WINDOWS\SYSTEM32\WINMM.dll
0x00007ffed5c10000 - 0x00007ffed5c19000 	C:\WINDOWS\SYSTEM32\WSOCK32.dll
0x00007ffee9a90000 - 0x00007ffee9a9a000 	C:\WINDOWS\SYSTEM32\VERSION.dll
0x00007ffeec010000 - 0x00007ffeec081000 	C:\WINDOWS\System32\WS2_32.dll
0x00007ffeea1e0000 - 0x00007ffeea1f8000 	C:\WINDOWS\SYSTEM32\kernel.appcore.dll
0x00007ffee8e60000 - 0x00007ffee8e6a000 	C:\Program Files\Android\Android Studio\jbr\bin\jimage.dll
0x00007ffee7d70000 - 0x00007ffee7fa3000 	C:\WINDOWS\SYSTEM32\DBGHELP.DLL
0x00007ffeec250000 - 0x00007ffeec5d9000 	C:\WINDOWS\System32\combase.dll
0x00007ffeed820000 - 0x00007ffeed8f7000 	C:\WINDOWS\System32\OLEAUT32.dll
0x00007ffedbee0000 - 0x00007ffedbf12000 	C:\WINDOWS\SYSTEM32\dbgcore.DLL
0x00007ffeebbe0000 - 0x00007ffeebc5a000 	C:\WINDOWS\System32\bcryptPrimitives.dll
0x00007ffee7a90000 - 0x00007ffee7ab5000 	C:\Program Files\Android\Android Studio\jbr\bin\java.dll
0x00007ffee7a50000 - 0x00007ffee7a68000 	C:\Program Files\Android\Android Studio\jbr\bin\zip.dll
0x00007ffeec690000 - 0x00007ffeecee9000 	C:\WINDOWS\System32\SHELL32.dll
0x00007ffee9190000 - 0x00007ffee9a84000 	C:\WINDOWS\SYSTEM32\windows.storage.dll
0x00007ffee9050000 - 0x00007ffee918e000 	C:\WINDOWS\SYSTEM32\wintypes.dll
0x00007ffeedaa0000 - 0x00007ffeedb93000 	C:\WINDOWS\System32\SHCORE.dll
0x00007ffeebc80000 - 0x00007ffeebcde000 	C:\WINDOWS\System32\shlwapi.dll
0x00007ffeeb1b0000 - 0x00007ffeeb1d6000 	C:\WINDOWS\SYSTEM32\profapi.dll
0x00007ffee66f0000 - 0x00007ffee6709000 	C:\Program Files\Android\Android Studio\jbr\bin\net.dll
0x00007ffee3540000 - 0x00007ffee3677000 	C:\WINDOWS\SYSTEM32\WINHTTP.dll
0x00007ffeea700000 - 0x00007ffeea769000 	C:\WINDOWS\system32\mswsock.dll
0x00007ffee64b0000 - 0x00007ffee64c6000 	C:\Program Files\Android\Android Studio\jbr\bin\nio.dll
0x00007ffee8ca0000 - 0x00007ffee8cb0000 	C:\Program Files\Android\Android Studio\jbr\bin\verify.dll

dbghelp: loaded successfully - version: 4.0.5 - missing functions: none
symbol engine: initialized successfully - sym options: 0x614 - pdb path: .;C:\Program Files\Android\Android Studio\jbr\bin;C:\WINDOWS\SYSTEM32;C:\WINDOWS\WinSxS\amd64_microsoft.windows.common-controls_6595b64144ccf1df_6.0.22621.2506_none_270c5ae97388e100;C:\Program Files\Android\Android Studio\jbr\bin\server

VM Arguments:
java_command: org.jetbrains.kotlin.cli.jvm.K2JVMCompiler @C:\Users\User\AndroidStudioProjects\RepairPal\customer\build\20231123_5088684739607522082.compiler.options
java_class_path (initial): C:\Users\User\.gradle\caches\modules-2\files-2.1\org.jetbrains.kotlin\kotlin-compiler-embeddable\1.8.10\b0757fd774344d54ce93f5ad6c30ba1c1731c8ff\kotlin-compiler-embeddable-1.8.10.jar;C:\Users\User\.gradle\caches\modules-2\files-2.1\org.jetbrains.kotlin\kotlin-stdlib\1.8.10\6d5560a229477df9406943d5feda5618e98eb64c\kotlin-stdlib-1.8.10.jar;C:\Users\User\.gradle\caches\modules-2\files-2.1\org.jetbrains.kotlin\kotlin-script-runtime\1.8.10\b13ea9c7e46d589139e56086a878763290e20bd5\kotlin-script-runtime-1.8.10.jar;C:\Users\User\.gradle\caches\modules-2\files-2.1\org.jetbrains.kotlin\kotlin-reflect\1.6.10\1cbe9c92c12a94eea200d23c2bbaedaf3daf5132\kotlin-reflect-1.6.10.jar;C:\Users\User\.gradle\caches\modules-2\files-2.1\org.jetbrains.kotlin\kotlin-daemon-embeddable\1.8.10\ad8541d9bc1cf9e52c3204161247910c2cf601d4\kotlin-daemon-embeddable-1.8.10.jar;C:\Users\User\.gradle\caches\modules-2\files-2.1\org.jetbrains.intellij.deps\trove4j\1.0.20200330\3afb14d5f9ceb459d724e907a21145e8ff394f02\trove4j-1.0.20200330.jar;C:\Users\User\.gradle\caches\modules-2\files-2.1\net.java.dev.jna\jna\5.6.0\330f2244e9030119ab3030fc3fededc86713d9cc\jna-5.6.0.jar;C:\Users\User\.gradle\caches\modules-2\files-2.1\org.jetbrains.kotlin\kotlin-stdlib-common\1.8.10\a61b182458550492c12aee66157d7b524a63a5ec\kotlin-stdlib-common-1.8.10.jar;C:\Users\User\.gradle\caches\modules-2\files-2.1\org.jetbrains\annotations\13.0\919f0dfe192fb4e063e7dacadee7f8bb9a2672a9\annotations-13.0.jar
Launcher Type: SUN_STANDARD

[Global flags]
     intx CICompilerCount                          = 4                                         {product} {ergonomic}
     uint ConcGCThreads                            = 2                                         {product} {ergonomic}
     uint G1ConcRefinementThreads                  = 8                                         {product} {ergonomic}
   size_t G1HeapRegionSize                         = 1048576                                   {product} {ergonomic}
    uintx GCDrainStackTargetSize                   = 64                                        {product} {ergonomic}
   size_t InitialHeapSize                          = 132120576                                 {product} {ergonomic}
   size_t MarkStackSize                            = 4194304                                   {product} {ergonomic}
   size_t MaxHeapSize                              = 2095054848                                {product} {ergonomic}
   size_t MaxNewSize                               = 1256194048                                {product} {ergonomic}
   size_t MinHeapDeltaBytes                        = 1048576                                   {product} {ergonomic}
   size_t MinHeapSize                              = 8388608                                   {product} {ergonomic}
    uintx NonNMethodCodeHeapSize                   = 5839372                                {pd product} {ergonomic}
    uintx NonProfiledCodeHeapSize                  = 122909434                              {pd product} {ergonomic}
    uintx ProfiledCodeHeapSize                     = 122909434                              {pd product} {ergonomic}
    uintx ReservedCodeCacheSize                    = 251658240                              {pd product} {ergonomic}
     bool SegmentedCodeCache                       = true                                      {product} {ergonomic}
   size_t SoftMaxHeapSize                          = 2095054848                             {manageable} {ergonomic}
     bool UseCompressedClassPointers               = true                           {product lp64_product} {ergonomic}
     bool UseCompressedOops                        = true                           {product lp64_product} {ergonomic}
     bool UseG1GC                                  = true                                      {product} {ergonomic}
     bool UseLargePagesIndividualAllocation        = false                                  {pd product} {ergonomic}

Logging:
Log output configuration:
 #0: stdout all=warning uptime,level,tags
 #1: stderr all=off uptime,level,tags

Environment Variables:
JAVA_HOME=C:\Program Files\Java\jdk-20.0.1
PATH=C:\Program Files (x86)\Common Files\Oracle\Java\javapath;C:\Python311\Scripts\;C:\Python311\;C:\Program Files (x86)\Falcon\MinGW\bin;C:\WINDOWS\system32;C:\WINDOWS;C:\WINDOWS\System32\Wbem;C:\WINDOWS\System32\WindowsPowerShell\v1.0\;C:\WINDOWS\System32\OpenSSH\;C:\Program Files\Microsoft SQL Server\130\Tools\Binn\;C:\sqlite3;C:\Program Files (x86)\Microsoft SQL Server\150\DTS\Binn\;C:\Program Files\Azure Data Studio\bin;C:\Program Files\Microsoft SQL Server\Client SDK\ODBC\170\Tools\Binn\;C:\Program Files (x86)\Microsoft SQL Server\150\Tools\Binn\;C:\Program Files\Microsoft SQL Server\150\Tools\Binn\;C:\Program Files\Microsoft SQL Server\150\DTS\Binn\;C:\xampp\php;C:\ProgramData\ComposerSetup\bin;C:\Program Files\dotnet\;C:\Users\User\AppData\Local\Android\Sdk\cmdline-tools\bin;C:\Program Files\Java\;C:\Program Files\Git\cmd;C:\Program Files\nodejs\;C:\ProgramData\chocolatey\bin;C:\Program Files (x86)\GTK2-Runtime\lib;C:\Program Files (x86)\Common Files\Oracle\Java\javapath;C:\Python311\Scripts\;C:\Python311\;C:\Program Files (x86)\Falcon\MinGW\bin;C:\WINDOWS\system32;C:\WINDOWS;C:\WINDOWS\System32\Wbem;C:\WINDOWS\System32\WindowsPowerShell\v1.0\;C:\WINDOWS\System32\OpenSSH\;C:\Program Files\Microsoft SQL Server\130\Tools\Binn\;C:\sqlite3;C:\Program Files (x86)\Microsoft SQL Server\150\DTS\Binn\;C:\Program Files\Azure Data Studio\bin;C:\Program Files\Microsoft SQL Server\Client SDK\ODBC\170\Tools\Binn\;C:\Program Files (x86)\Microsoft SQL Server\150\Tools\Binn\;C:\Program Files\Microsoft SQL Server\150\Tools\Binn\;C:\Program Files\Microsoft SQL Server\150\DTS\Binn\;C:\xampp\php;C:\ProgramData\ComposerSetup\bin;C:\Program Files\dotnet\;C:\Users\User\AppData\Local\Android\Sdk\cmdline-tools\bin;C:\Program Files\Java\;C:\Program Files\Git\cmd;C:\Program Files\nodejs\;C:\ProgramData\chocolatey\bin;C:\Program Files (x86)\GTK2-Runtime\lib;C:\Program Files\nodejs\node_modules\npm\bin;C:\Program Files\MySQL\MySQL Shell 8.0\bin\;C:\Users\User\AppData\Local\Microsoft\Windows
USERNAME=User
OS=Windows_NT
PROCESSOR_IDENTIFIER=Intel64 Family 6 Model 140 Stepping 1, GenuineIntel
TMP=C:\Users\User\AppData\Local\Temp
TEMP=C:\Users\User\AppData\Local\Temp


JNI global refs:
JNI global refs: 8, weak refs: 0

JNI global refs memory usage: 843, weak refs: 841


---------------  S Y S T E M  ---------------

OS:
 Windows 11 , 64 bit Build 22621 (10.0.22621.2506)
OS uptime: 1 days 23:49 hours

CPU: total 8 (initial active 8) (4 cores per cpu, 2 threads per core) family 6 model 140 stepping 1 microcode 0x78, cx8, cmov, fxsr, ht, mmx, 3dnowpref, sse, sse2, sse3, ssse3, sse4.1, sse4.2, popcnt, lzcnt, tsc, tscinvbit, avx, avx2, aes, erms, clmul, bmi1, bmi2, adx, avx512f, avx512dq, avx512cd, avx512bw, avx512vl, sha, fma, vzeroupper, avx512_vpopcntdq, avx512_vpclmulqdq, avx512_vaes, avx512_vnni, clflush, clflushopt, clwb, avx512_vbmi2, avx512_vbmi

Memory: 4k page, system-wide physical 7991M (459M free)
TotalPageFile size 10039M (AvailPageFile size 4M)
current process WorkingSet (physical memory assigned to process): 102M, peak: 102M
current process commit charge ("private bytes"): 232M, peak: 232M

vm_info: OpenJDK 64-Bit Server VM (17.0.6+0-b2043.56-10027231) for windows-amd64 JRE (17.0.6+0-b2043.56-10027231), built on Apr 28 2023 00:43:19 by "androidbuild" with MS VC++ 16.10 / 16.11 (VS2019)

END.
