#
# There is insufficient memory for the Java Runtime Environment to continue.
# Native memory allocation (mmap) failed to map 167772160 bytes for G1 virtual space
# Possible reasons:
#   The system is out of physical RAM or swap space
#   The process is running with CompressedOops enabled, and the Java Heap may be blocking the growth of the native heap
# Possible solutions:
#   Reduce memory load on the system
#   Increase physical memory or swap space
#   Check if swap backing store is full
#   Decrease Java heap size (-Xmx/-Xms)
#   Decrease number of Java threads
#   Decrease Java thread stack sizes (-Xss)
#   Set larger code cache with -XX:ReservedCodeCacheSize=
#   JVM is running with Unscaled Compressed Oops mode in which the Java heap is
#     placed in the first 4GB address space. The Java Heap base address is the
#     maximum limit for the native heap growth. Please use -XX:HeapBaseMinAddress
#     to set the Java Heap base and to place the Java Heap above 4GB virtual address.
# This output file may be truncated or incomplete.
#
#  Out of Memory Error (os_windows.cpp:3769), pid=9036, tid=2900
#
# JRE version: OpenJDK Runtime Environment (17.0.6) (build 17.0.6+0-b2043.56-10027231)
# Java VM: OpenJDK 64-Bit Server VM (17.0.6+0-b2043.56-10027231, mixed mode, tiered, compressed oops, compressed class ptrs, g1 gc, windows-amd64)
# No core dump will be written. Minidumps are not enabled by default on client versions of Windows
#

---------------  S U M M A R Y ------------

Command Line: org.jetbrains.kotlin.cli.jvm.K2JVMCompiler @C:\Users\User\AndroidStudioProjects\RepairPal\customer\build\20231112_8992044645489649194.compiler.options

Host: 11th Gen Intel(R) Core(TM) i5-1135G7 @ 2.40GHz, 8 cores, 7G,  Windows 11 , 64 bit Build 22621 (10.0.22621.2428)
Time: Sun Nov 12 13:52:52 2023 E. Africa Standard Time elapsed time: 6.998950 seconds (0d 0h 0m 6s)

---------------  T H R E A D  ---------------

Current thread (0x000002593f41de00):  VMThread "VM Thread" [stack: 0x000000eb58f00000,0x000000eb59000000] [id=2900]

Stack: [0x000000eb58f00000,0x000000eb59000000]
Native frames: (J=compiled Java code, j=interpreted, Vv=VM code, C=native code)
V  [jvm.dll+0x683c9a]
V  [jvm.dll+0x8427a4]
V  [jvm.dll+0x843f9e]
V  [jvm.dll+0x844603]
V  [jvm.dll+0x249b75]
V  [jvm.dll+0x680b69]
V  [jvm.dll+0x67505a]
V  [jvm.dll+0x309acb]
V  [jvm.dll+0x310f86]
V  [jvm.dll+0x3608ee]
V  [jvm.dll+0x360b1f]
V  [jvm.dll+0x2dfbf8]
V  [jvm.dll+0x2ddec4]
V  [jvm.dll+0x2dd4cc]
V  [jvm.dll+0x321f3b]
V  [jvm.dll+0x848ccb]
V  [jvm.dll+0x849a04]
V  [jvm.dll+0x849f1d]
V  [jvm.dll+0x84a2f4]
V  [jvm.dll+0x84a3c0]
V  [jvm.dll+0x7f274a]
V  [jvm.dll+0x682ad5]
C  [ucrtbase.dll+0x29363]
C  [KERNEL32.DLL+0x1257d]
C  [ntdll.dll+0x5aa78]

VM_Operation (0x000000eb589fd990): G1CollectForAllocation, mode: safepoint, requested by thread 0x000002592577ade0


---------------  P R O C E S S  ---------------

Threads class SMR info:
_java_thread_list=0x00000259443253a0, length=14, elements={
0x000002592577ade0, 0x0000025940014270, 0x0000025940014e20, 0x00000259400472f0,
0x0000025940047db0, 0x000002594004b180, 0x000002594004bb30, 0x000002594004ece0,
0x000002594004f780, 0x0000025940050780, 0x00000259401c8ca0, 0x00000259401cbe30,
0x00000259401d11e0, 0x00000259421df580
}

Java Threads: ( => current thread )
  0x000002592577ade0 JavaThread "main" [_thread_blocked, id=14704, stack(0x000000eb58900000,0x000000eb58a00000)]
  0x0000025940014270 JavaThread "Reference Handler" daemon [_thread_blocked, id=14628, stack(0x000000eb59000000,0x000000eb59100000)]
  0x0000025940014e20 JavaThread "Finalizer" daemon [_thread_blocked, id=2044, stack(0x000000eb59100000,0x000000eb59200000)]
  0x00000259400472f0 JavaThread "Signal Dispatcher" daemon [_thread_blocked, id=5420, stack(0x000000eb59200000,0x000000eb59300000)]
  0x0000025940047db0 JavaThread "Attach Listener" daemon [_thread_blocked, id=14036, stack(0x000000eb59300000,0x000000eb59400000)]
  0x000002594004b180 JavaThread "Service Thread" daemon [_thread_blocked, id=8704, stack(0x000000eb59400000,0x000000eb59500000)]
  0x000002594004bb30 JavaThread "Monitor Deflation Thread" daemon [_thread_blocked, id=4360, stack(0x000000eb59500000,0x000000eb59600000)]
  0x000002594004ece0 JavaThread "C2 CompilerThread0" daemon [_thread_blocked, id=10744, stack(0x000000eb59600000,0x000000eb59700000)]
  0x000002594004f780 JavaThread "C1 CompilerThread0" daemon [_thread_blocked, id=14896, stack(0x000000eb59700000,0x000000eb59800000)]
  0x0000025940050780 JavaThread "Sweeper thread" daemon [_thread_blocked, id=16140, stack(0x000000eb59800000,0x000000eb59900000)]
  0x00000259401c8ca0 JavaThread "Notification Thread" daemon [_thread_blocked, id=10584, stack(0x000000eb59900000,0x000000eb59a00000)]
  0x00000259401cbe30 JavaThread "Common-Cleaner" daemon [_thread_blocked, id=8080, stack(0x000000eb59b00000,0x000000eb59c00000)]
  0x00000259401d11e0 JavaThread "C2 CompilerThread1" daemon [_thread_blocked, id=12936, stack(0x000000eb59c00000,0x000000eb59d00000)]
  0x00000259421df580 JavaThread "C2 CompilerThread2" daemon [_thread_in_native, id=15012, stack(0x000000eb5a100000,0x000000eb5a200000)]

Other Threads:
=>0x000002593f41de00 VMThread "VM Thread" [stack: 0x000000eb58f00000,0x000000eb59000000] [id=2900]
  0x00000259401cb180 WatcherThread [stack: 0x000000eb59a00000,0x000000eb59b00000] [id=8928]
  0x00000259257d6870 GCTaskThread "GC Thread#0" [stack: 0x000000eb58a00000,0x000000eb58b00000] [id=3172]
  0x00000259407e4160 GCTaskThread "GC Thread#1" [stack: 0x000000eb59d00000,0x000000eb59e00000] [id=14944]
  0x00000259407e4410 GCTaskThread "GC Thread#2" [stack: 0x000000eb59e00000,0x000000eb59f00000] [id=10972]
  0x000002594081a650 GCTaskThread "GC Thread#3" [stack: 0x000000eb59f00000,0x000000eb5a000000] [id=13824]
  0x0000025940806390 GCTaskThread "GC Thread#4" [stack: 0x000000eb5a000000,0x000000eb5a100000] [id=16688]
  0x000002594170ed80 GCTaskThread "GC Thread#5" [stack: 0x000000eb5a200000,0x000000eb5a300000] [id=6556]
  0x000002594169b4b0 GCTaskThread "GC Thread#6" [stack: 0x000000eb5a300000,0x000000eb5a400000] [id=14196]
  0x000002594169c4d0 GCTaskThread "GC Thread#7" [stack: 0x000000eb5a400000,0x000000eb5a500000] [id=8320]
  0x00000259257e7170 ConcurrentGCThread "G1 Main Marker" [stack: 0x000000eb58b00000,0x000000eb58c00000] [id=9080]
  0x00000259257e7b80 ConcurrentGCThread "G1 Conc#0" [stack: 0x000000eb58c00000,0x000000eb58d00000] [id=7348]
  0x000002594169c220 ConcurrentGCThread "G1 Conc#1" [stack: 0x000000eb5a500000,0x000000eb5a600000] [id=12972]
  0x000002592583d770 ConcurrentGCThread "G1 Refine#0" [stack: 0x000000eb58d00000,0x000000eb58e00000] [id=12512]
  0x00000259444858d0 ConcurrentGCThread "G1 Refine#1" [stack: 0x000000eb5a600000,0x000000eb5a700000] [id=2780]
  0x0000025944486450 ConcurrentGCThread "G1 Refine#2" [stack: 0x000000eb5a700000,0x000000eb5a800000] [id=14272]
  0x000002592583e190 ConcurrentGCThread "G1 Service" [stack: 0x000000eb58e00000,0x000000eb58f00000] [id=11512]

Threads with active compile tasks:
C2 CompilerThread0     7007 12570       4       org.jetbrains.kotlin.ir.util.DeepCopySymbolRemapper::visitValueParameter (125 bytes)
C1 CompilerThread0     7007 12593       3       org.jetbrains.kotlin.ir.util.DeclarationParentsVisitor::visitConstructorCall (6 bytes)
C2 CompilerThread1     7007 12513       4       org.jetbrains.kotlin.backend.common.lower.DefaultArgumentStubGeneratorKt::findBaseFunctionWithDefaultArguments$dfsImpl (253 bytes)
C2 CompilerThread2     7007 12387       4       org.jetbrains.kotlin.ir.visitors.IrElementTransformerVoid::visitConstructorCall (10 bytes)

VM state: at safepoint (normal execution)

VM Mutex/Monitor currently owned by a thread:  ([mutex/lock_event])
[0x0000025925776f00] Threads_lock - owner thread: 0x000002593f41de00
[0x0000025925776cc0] Heap_lock - owner thread: 0x000002592577ade0

Heap address: 0x0000000083200000, size: 1998 MB, Compressed Oops mode: 32-bit

CDS archive(s) not mapped
Compressed class space mapped at: 0x0000000100000000-0x0000000140000000, reserved size: 1073741824
Narrow klass base: 0x0000000000000000, Narrow klass shift: 3, Narrow klass range: 0x140000000

GC Precious Log:
 CPUs: 8 total, 8 available
 Memory: 7991M
 Large Page Support: Disabled
 NUMA Support: Disabled
 Compressed Oops: Enabled (32-bit)
 Heap Region Size: 1M
 Heap Min Capacity: 8M
 Heap Initial Capacity: 126M
 Heap Max Capacity: 1998M
 Pre-touch: Disabled
 Parallel Workers: 8
 Concurrent Workers: 2
 Concurrent Refinement Workers: 8
 Periodic GC: Disabled

Heap:
 garbage-first heap   total 158720K, used 94802K [0x0000000083200000, 0x0000000100000000)
  region size 1024K, 2 young (2048K), 2 survivors (2048K)
 Metaspace       used 82985K, committed 83392K, reserved 1122304K
  class space    used 9509K, committed 9664K, reserved 1048576K

Heap Regions: E=young(eden), S=young(survivor), O=old, HS=humongous(starts), HC=humongous(continues), CS=collection set, F=free, OA=open archive, CA=closed archive, TAMS=top-at-mark-start (previous, next)
|   0|0x0000000083200000, 0x0000000083300000, 0x0000000083300000|100%|HS|  |TAMS 0x0000000083300000, 0x0000000083300000| Complete 
|   1|0x0000000083300000, 0x0000000083400000, 0x0000000083400000|100%|HC|  |TAMS 0x0000000083400000, 0x0000000083400000| Complete 
|   2|0x0000000083400000, 0x0000000083500000, 0x0000000083500000|100%|HC|  |TAMS 0x0000000083500000, 0x0000000083500000| Complete 
|   3|0x0000000083500000, 0x0000000083600000, 0x0000000083600000|100%|HC|  |TAMS 0x0000000083600000, 0x0000000083600000| Complete 
|   4|0x0000000083600000, 0x0000000083700000, 0x0000000083700000|100%| O|  |TAMS 0x0000000083700000, 0x0000000083700000| Untracked 
|   5|0x0000000083700000, 0x0000000083800000, 0x0000000083800000|100%| O|  |TAMS 0x0000000083800000, 0x0000000083800000| Untracked 
|   6|0x0000000083800000, 0x0000000083900000, 0x0000000083900000|100%| O|  |TAMS 0x0000000083900000, 0x0000000083900000| Untracked 
|   7|0x0000000083900000, 0x0000000083a00000, 0x0000000083a00000|100%|HS|  |TAMS 0x0000000083a00000, 0x0000000083a00000| Complete 
|   8|0x0000000083a00000, 0x0000000083b00000, 0x0000000083b00000|100%|HC|  |TAMS 0x0000000083b00000, 0x0000000083b00000| Complete 
|   9|0x0000000083b00000, 0x0000000083c00000, 0x0000000083c00000|100%|HC|  |TAMS 0x0000000083c00000, 0x0000000083c00000| Complete 
|  10|0x0000000083c00000, 0x0000000083d00000, 0x0000000083d00000|100%|HC|  |TAMS 0x0000000083d00000, 0x0000000083d00000| Complete 
|  11|0x0000000083d00000, 0x0000000083e00000, 0x0000000083e00000|100%|HS|  |TAMS 0x0000000083e00000, 0x0000000083e00000| Complete 
|  12|0x0000000083e00000, 0x0000000083f00000, 0x0000000083f00000|100%|HC|  |TAMS 0x0000000083f00000, 0x0000000083f00000| Complete 
|  13|0x0000000083f00000, 0x0000000084000000, 0x0000000084000000|100%| O|  |TAMS 0x0000000084000000, 0x0000000084000000| Untracked 
|  14|0x0000000084000000, 0x0000000084100000, 0x0000000084100000|100%| O|  |TAMS 0x0000000084100000, 0x0000000084100000| Untracked 
|  15|0x0000000084100000, 0x0000000084200000, 0x0000000084200000|100%| O|  |TAMS 0x0000000084200000, 0x0000000084200000| Untracked 
|  16|0x0000000084200000, 0x0000000084300000, 0x0000000084300000|100%| O|  |TAMS 0x0000000084300000, 0x0000000084300000| Untracked 
|  17|0x0000000084300000, 0x0000000084400000, 0x0000000084400000|100%| O|  |TAMS 0x0000000084400000, 0x0000000084400000| Untracked 
|  18|0x0000000084400000, 0x0000000084500000, 0x0000000084500000|100%| O|  |TAMS 0x0000000084500000, 0x0000000084500000| Untracked 
|  19|0x0000000084500000, 0x0000000084600000, 0x0000000084600000|100%| O|  |TAMS 0x0000000084600000, 0x0000000084600000| Untracked 
|  20|0x0000000084600000, 0x0000000084700000, 0x0000000084700000|100%| O|  |TAMS 0x0000000084700000, 0x0000000084700000| Untracked 
|  21|0x0000000084700000, 0x0000000084800000, 0x0000000084800000|100%| O|  |TAMS 0x0000000084800000, 0x0000000084800000| Untracked 
|  22|0x0000000084800000, 0x0000000084900000, 0x0000000084900000|100%| O|  |TAMS 0x0000000084900000, 0x0000000084900000| Untracked 
|  23|0x0000000084900000, 0x0000000084a00000, 0x0000000084a00000|100%| O|  |TAMS 0x0000000084a00000, 0x0000000084a00000| Untracked 
|  24|0x0000000084a00000, 0x0000000084b00000, 0x0000000084b00000|100%| O|  |TAMS 0x0000000084b00000, 0x0000000084b00000| Untracked 
|  25|0x0000000084b00000, 0x0000000084c00000, 0x0000000084c00000|100%| O|  |TAMS 0x0000000084c00000, 0x0000000084c00000| Untracked 
|  26|0x0000000084c00000, 0x0000000084d00000, 0x0000000084d00000|100%| O|  |TAMS 0x0000000084d00000, 0x0000000084d00000| Untracked 
|  27|0x0000000084d00000, 0x0000000084e00000, 0x0000000084e00000|100%| O|  |TAMS 0x0000000084e00000, 0x0000000084e00000| Untracked 
|  28|0x0000000084e00000, 0x0000000084f00000, 0x0000000084f00000|100%| O|  |TAMS 0x0000000084f00000, 0x0000000084f00000| Untracked 
|  29|0x0000000084f00000, 0x0000000085000000, 0x0000000085000000|100%| O|  |TAMS 0x0000000085000000, 0x0000000085000000| Untracked 
|  30|0x0000000085000000, 0x0000000085100000, 0x0000000085100000|100%| O|  |TAMS 0x0000000085100000, 0x0000000085100000| Untracked 
|  31|0x0000000085100000, 0x0000000085200000, 0x0000000085200000|100%| O|  |TAMS 0x0000000085200000, 0x0000000085200000| Untracked 
|  32|0x0000000085200000, 0x0000000085300000, 0x0000000085300000|100%| O|  |TAMS 0x0000000085300000, 0x0000000085300000| Untracked 
|  33|0x0000000085300000, 0x0000000085400000, 0x0000000085400000|100%| O|  |TAMS 0x0000000085400000, 0x0000000085400000| Untracked 
|  34|0x0000000085400000, 0x0000000085500000, 0x0000000085500000|100%| O|  |TAMS 0x0000000085500000, 0x0000000085500000| Untracked 
|  35|0x0000000085500000, 0x0000000085600000, 0x0000000085600000|100%| O|  |TAMS 0x0000000085600000, 0x0000000085600000| Untracked 
|  36|0x0000000085600000, 0x0000000085700000, 0x0000000085700000|100%| O|  |TAMS 0x0000000085700000, 0x0000000085700000| Untracked 
|  37|0x0000000085700000, 0x0000000085800000, 0x0000000085800000|100%| O|  |TAMS 0x0000000085800000, 0x0000000085800000| Untracked 
|  38|0x0000000085800000, 0x0000000085900000, 0x0000000085900000|100%| O|  |TAMS 0x0000000085900000, 0x0000000085900000| Untracked 
|  39|0x0000000085900000, 0x0000000085a00000, 0x0000000085a00000|100%| O|  |TAMS 0x0000000085a00000, 0x0000000085a00000| Untracked 
|  40|0x0000000085a00000, 0x0000000085b00000, 0x0000000085b00000|100%| O|  |TAMS 0x0000000085b00000, 0x0000000085b00000| Untracked 
|  41|0x0000000085b00000, 0x0000000085c00000, 0x0000000085c00000|100%| O|  |TAMS 0x0000000085c00000, 0x0000000085c00000| Untracked 
|  42|0x0000000085c00000, 0x0000000085d00000, 0x0000000085d00000|100%| O|  |TAMS 0x0000000085d00000, 0x0000000085d00000| Untracked 
|  43|0x0000000085d00000, 0x0000000085e00000, 0x0000000085e00000|100%| O|  |TAMS 0x0000000085e00000, 0x0000000085e00000| Untracked 
|  44|0x0000000085e00000, 0x0000000085f00000, 0x0000000085f00000|100%| O|  |TAMS 0x0000000085f00000, 0x0000000085f00000| Untracked 
|  45|0x0000000085f00000, 0x0000000086000000, 0x0000000086000000|100%| O|  |TAMS 0x0000000086000000, 0x0000000086000000| Untracked 
|  46|0x0000000086000000, 0x0000000086100000, 0x0000000086100000|100%| O|  |TAMS 0x0000000086100000, 0x0000000086100000| Untracked 
|  47|0x0000000086100000, 0x0000000086200000, 0x0000000086200000|100%| O|  |TAMS 0x0000000086200000, 0x0000000086200000| Untracked 
|  48|0x0000000086200000, 0x0000000086300000, 0x0000000086300000|100%| O|  |TAMS 0x0000000086300000, 0x0000000086300000| Untracked 
|  49|0x0000000086300000, 0x0000000086400000, 0x0000000086400000|100%| O|  |TAMS 0x0000000086400000, 0x0000000086400000| Untracked 
|  50|0x0000000086400000, 0x0000000086500000, 0x0000000086500000|100%| O|  |TAMS 0x0000000086500000, 0x0000000086500000| Untracked 
|  51|0x0000000086500000, 0x0000000086600000, 0x0000000086600000|100%| O|  |TAMS 0x0000000086600000, 0x0000000086600000| Untracked 
|  52|0x0000000086600000, 0x0000000086700000, 0x0000000086700000|100%| O|  |TAMS 0x0000000086700000, 0x0000000086700000| Untracked 
|  53|0x0000000086700000, 0x0000000086800000, 0x0000000086800000|100%| O|  |TAMS 0x0000000086800000, 0x0000000086800000| Untracked 
|  54|0x0000000086800000, 0x0000000086900000, 0x0000000086900000|100%| O|  |TAMS 0x0000000086900000, 0x0000000086900000| Untracked 
|  55|0x0000000086900000, 0x0000000086a00000, 0x0000000086a00000|100%| O|  |TAMS 0x0000000086a00000, 0x0000000086a00000| Untracked 
|  56|0x0000000086a00000, 0x0000000086b00000, 0x0000000086b00000|100%| O|  |TAMS 0x0000000086b00000, 0x0000000086b00000| Untracked 
|  57|0x0000000086b00000, 0x0000000086c00000, 0x0000000086c00000|100%| O|  |TAMS 0x0000000086c00000, 0x0000000086c00000| Untracked 
|  58|0x0000000086c00000, 0x0000000086d00000, 0x0000000086d00000|100%| O|  |TAMS 0x0000000086d00000, 0x0000000086d00000| Untracked 
|  59|0x0000000086d00000, 0x0000000086e00000, 0x0000000086e00000|100%| O|  |TAMS 0x0000000086e00000, 0x0000000086e00000| Untracked 
|  60|0x0000000086e00000, 0x0000000086f00000, 0x0000000086f00000|100%| O|  |TAMS 0x0000000086f00000, 0x0000000086f00000| Untracked 
|  61|0x0000000086f00000, 0x0000000087000000, 0x0000000087000000|100%| O|  |TAMS 0x0000000087000000, 0x0000000087000000| Untracked 
|  62|0x0000000087000000, 0x0000000087100000, 0x0000000087100000|100%| O|  |TAMS 0x0000000087100000, 0x0000000087100000| Untracked 
|  63|0x0000000087100000, 0x0000000087200000, 0x0000000087200000|100%| O|  |TAMS 0x0000000087200000, 0x0000000087200000| Untracked 
|  64|0x0000000087200000, 0x0000000087300000, 0x0000000087300000|100%| O|  |TAMS 0x0000000087300000, 0x0000000087300000| Untracked 
|  65|0x0000000087300000, 0x0000000087400000, 0x0000000087400000|100%| O|  |TAMS 0x0000000087400000, 0x0000000087400000| Untracked 
|  66|0x0000000087400000, 0x0000000087500000, 0x0000000087500000|100%| O|  |TAMS 0x0000000087500000, 0x0000000087500000| Untracked 
|  67|0x0000000087500000, 0x0000000087600000, 0x0000000087600000|100%| O|  |TAMS 0x0000000087600000, 0x0000000087600000| Untracked 
|  68|0x0000000087600000, 0x0000000087700000, 0x0000000087700000|100%| O|  |TAMS 0x0000000087700000, 0x0000000087700000| Untracked 
|  69|0x0000000087700000, 0x0000000087700000, 0x0000000087800000|  0%| F|  |TAMS 0x0000000087700000, 0x0000000087700000| Untracked 
|  70|0x0000000087800000, 0x0000000087900000, 0x0000000087900000|100%| O|  |TAMS 0x0000000087800000, 0x0000000087900000| Untracked 
|  71|0x0000000087900000, 0x0000000087a00000, 0x0000000087a00000|100%| O|  |TAMS 0x0000000087900000, 0x0000000087a00000| Untracked 
|  72|0x0000000087a00000, 0x0000000087b00000, 0x0000000087b00000|100%| O|  |TAMS 0x0000000087a00000, 0x0000000087b00000| Untracked 
|  73|0x0000000087b00000, 0x0000000087c00000, 0x0000000087c00000|100%| O|  |TAMS 0x0000000087b00000, 0x0000000087c00000| Untracked 
|  74|0x0000000087c00000, 0x0000000087d00000, 0x0000000087d00000|100%| O|  |TAMS 0x0000000087c00000, 0x0000000087d00000| Untracked 
|  75|0x0000000087d00000, 0x0000000087e00000, 0x0000000087e00000|100%| O|  |TAMS 0x0000000087d00000, 0x0000000087e00000| Untracked 
|  76|0x0000000087e00000, 0x0000000087f00000, 0x0000000087f00000|100%| O|  |TAMS 0x0000000087e00000, 0x0000000087f00000| Untracked 
|  77|0x0000000087f00000, 0x0000000088000000, 0x0000000088000000|100%| O|  |TAMS 0x0000000087f00000, 0x0000000088000000| Untracked 
|  78|0x0000000088000000, 0x0000000088100000, 0x0000000088100000|100%| O|  |TAMS 0x0000000088000000, 0x0000000088100000| Untracked 
|  79|0x0000000088100000, 0x0000000088200000, 0x0000000088200000|100%| O|  |TAMS 0x0000000088100000, 0x0000000088200000| Untracked 
|  80|0x0000000088200000, 0x0000000088300000, 0x0000000088300000|100%| O|  |TAMS 0x0000000088200000, 0x0000000088300000| Untracked 
|  81|0x0000000088300000, 0x0000000088400000, 0x0000000088400000|100%| O|  |TAMS 0x0000000088300000, 0x0000000088400000| Untracked 
|  82|0x0000000088400000, 0x0000000088500000, 0x0000000088500000|100%| O|  |TAMS 0x0000000088400000, 0x0000000088500000| Untracked 
|  83|0x0000000088500000, 0x0000000088600000, 0x0000000088600000|100%| O|  |TAMS 0x0000000088500000, 0x0000000088600000| Untracked 
|  84|0x0000000088600000, 0x0000000088700000, 0x0000000088700000|100%| O|  |TAMS 0x0000000088600000, 0x0000000088700000| Untracked 
|  85|0x0000000088700000, 0x0000000088800000, 0x0000000088800000|100%| O|  |TAMS 0x0000000088700000, 0x0000000088800000| Untracked 
|  86|0x0000000088800000, 0x0000000088900000, 0x0000000088900000|100%| O|  |TAMS 0x0000000088800000, 0x0000000088900000| Untracked 
|  87|0x0000000088900000, 0x0000000088a00000, 0x0000000088a00000|100%| O|  |TAMS 0x0000000088900000, 0x0000000088a00000| Untracked 
|  88|0x0000000088a00000, 0x0000000088b00000, 0x0000000088b00000|100%| O|  |TAMS 0x0000000088a00000, 0x0000000088b00000| Untracked 
|  89|0x0000000088b00000, 0x0000000088c00000, 0x0000000088c00000|100%| O|  |TAMS 0x0000000088b00000, 0x0000000088c00000| Untracked 
|  90|0x0000000088c00000, 0x0000000088d00000, 0x0000000088d00000|100%| O|  |TAMS 0x0000000088c00000, 0x0000000088d00000| Untracked 
|  91|0x0000000088d00000, 0x0000000088e00000, 0x0000000088e00000|100%| O|  |TAMS 0x0000000088d00000, 0x0000000088e00000| Untracked 
|  92|0x0000000088e00000, 0x0000000088e7de00, 0x0000000088f00000| 49%| O|  |TAMS 0x0000000088e00000, 0x0000000088e7de00| Untracked 
|  93|0x0000000088f00000, 0x0000000088f00000, 0x0000000089000000|  0%| F|  |TAMS 0x0000000088f00000, 0x0000000088f00000| Untracked 
|  94|0x0000000089000000, 0x0000000089000000, 0x0000000089100000|  0%| F|  |TAMS 0x0000000089000000, 0x0000000089000000| Untracked 
|  95|0x0000000089100000, 0x0000000089100000, 0x0000000089200000|  0%| F|  |TAMS 0x0000000089100000, 0x0000000089100000| Untracked 
|  96|0x0000000089200000, 0x0000000089200000, 0x0000000089300000|  0%| F|  |TAMS 0x0000000089200000, 0x0000000089200000| Untracked 
|  97|0x0000000089300000, 0x0000000089300000, 0x0000000089400000|  0%| F|  |TAMS 0x0000000089300000, 0x0000000089300000| Untracked 
|  98|0x0000000089400000, 0x0000000089400000, 0x0000000089500000|  0%| F|  |TAMS 0x0000000089400000, 0x0000000089400000| Untracked 
|  99|0x0000000089500000, 0x0000000089500000, 0x0000000089600000|  0%| F|  |TAMS 0x0000000089500000, 0x0000000089500000| Untracked 
| 100|0x0000000089600000, 0x0000000089600000, 0x0000000089700000|  0%| F|  |TAMS 0x0000000089600000, 0x0000000089600000| Untracked 
| 101|0x0000000089700000, 0x0000000089700000, 0x0000000089800000|  0%| F|  |TAMS 0x0000000089700000, 0x0000000089700000| Untracked 
| 102|0x0000000089800000, 0x0000000089800000, 0x0000000089900000|  0%| F|  |TAMS 0x0000000089800000, 0x0000000089800000| Untracked 
| 103|0x0000000089900000, 0x0000000089900000, 0x0000000089a00000|  0%| F|  |TAMS 0x0000000089900000, 0x0000000089900000| Untracked 
| 104|0x0000000089a00000, 0x0000000089a00000, 0x0000000089b00000|  0%| F|  |TAMS 0x0000000089a00000, 0x0000000089a00000| Untracked 
| 105|0x0000000089b00000, 0x0000000089b00000, 0x0000000089c00000|  0%| F|  |TAMS 0x0000000089b00000, 0x0000000089b00000| Untracked 
| 106|0x0000000089c00000, 0x0000000089c00000, 0x0000000089d00000|  0%| F|  |TAMS 0x0000000089c00000, 0x0000000089c00000| Untracked 
| 107|0x0000000089d00000, 0x0000000089d00000, 0x0000000089e00000|  0%| F|  |TAMS 0x0000000089d00000, 0x0000000089d00000| Untracked 
| 108|0x0000000089e00000, 0x0000000089e00000, 0x0000000089f00000|  0%| F|  |TAMS 0x0000000089e00000, 0x0000000089e00000| Untracked 
| 109|0x0000000089f00000, 0x0000000089f00000, 0x000000008a000000|  0%| F|  |TAMS 0x0000000089f00000, 0x0000000089f00000| Untracked 
| 110|0x000000008a000000, 0x000000008a000000, 0x000000008a100000|  0%| F|  |TAMS 0x000000008a000000, 0x000000008a000000| Untracked 
| 111|0x000000008a100000, 0x000000008a100000, 0x000000008a200000|  0%| F|  |TAMS 0x000000008a100000, 0x000000008a100000| Untracked 
| 112|0x000000008a200000, 0x000000008a200000, 0x000000008a300000|  0%| F|  |TAMS 0x000000008a200000, 0x000000008a200000| Untracked 
| 113|0x000000008a300000, 0x000000008a300000, 0x000000008a400000|  0%| F|  |TAMS 0x000000008a300000, 0x000000008a300000| Untracked 
| 114|0x000000008a400000, 0x000000008a400000, 0x000000008a500000|  0%| F|  |TAMS 0x000000008a400000, 0x000000008a400000| Untracked 
| 115|0x000000008a500000, 0x000000008a500000, 0x000000008a600000|  0%| F|  |TAMS 0x000000008a500000, 0x000000008a500000| Untracked 
| 116|0x000000008a600000, 0x000000008a600000, 0x000000008a700000|  0%| F|  |TAMS 0x000000008a600000, 0x000000008a600000| Untracked 
| 117|0x000000008a700000, 0x000000008a700000, 0x000000008a800000|  0%| F|  |TAMS 0x000000008a700000, 0x000000008a700000| Untracked 
| 118|0x000000008a800000, 0x000000008a800000, 0x000000008a900000|  0%| F|  |TAMS 0x000000008a800000, 0x000000008a800000| Untracked 
| 119|0x000000008a900000, 0x000000008a900000, 0x000000008aa00000|  0%| F|  |TAMS 0x000000008a900000, 0x000000008a900000| Untracked 
| 120|0x000000008aa00000, 0x000000008aa00000, 0x000000008ab00000|  0%| F|  |TAMS 0x000000008aa00000, 0x000000008aa00000| Untracked 
| 121|0x000000008ab00000, 0x000000008ab16bc8, 0x000000008ac00000|  8%| S|CS|TAMS 0x000000008ab00000, 0x000000008ab00000| Complete 
| 122|0x000000008ac00000, 0x000000008ad00000, 0x000000008ad00000|100%| S|CS|TAMS 0x000000008ac00000, 0x000000008ac00000| Complete 
| 123|0x000000008ad00000, 0x000000008ad00000, 0x000000008ae00000|  0%| F|  |TAMS 0x000000008ad00000, 0x000000008ad00000| Untracked 
| 124|0x000000008ae00000, 0x000000008ae00000, 0x000000008af00000|  0%| F|  |TAMS 0x000000008ae00000, 0x000000008ae00000| Untracked 
| 125|0x000000008af00000, 0x000000008af00000, 0x000000008b000000|  0%| F|  |TAMS 0x000000008af00000, 0x000000008af00000| Untracked 
| 126|0x000000008b000000, 0x000000008b000000, 0x000000008b100000|  0%| F|  |TAMS 0x000000008b000000, 0x000000008b000000| Untracked 
| 127|0x000000008b100000, 0x000000008b100000, 0x000000008b200000|  0%| F|  |TAMS 0x000000008b100000, 0x000000008b100000| Untracked 
| 128|0x000000008b200000, 0x000000008b200000, 0x000000008b300000|  0%| F|  |TAMS 0x000000008b200000, 0x000000008b200000| Untracked 
| 129|0x000000008b300000, 0x000000008b300000, 0x000000008b400000|  0%| F|  |TAMS 0x000000008b300000, 0x000000008b300000| Untracked 
| 130|0x000000008b400000, 0x000000008b400000, 0x000000008b500000|  0%| F|  |TAMS 0x000000008b400000, 0x000000008b400000| Untracked 
| 131|0x000000008b500000, 0x000000008b500000, 0x000000008b600000|  0%| F|  |TAMS 0x000000008b500000, 0x000000008b500000| Untracked 
| 132|0x000000008b600000, 0x000000008b600000, 0x000000008b700000|  0%| F|  |TAMS 0x000000008b600000, 0x000000008b600000| Untracked 
| 133|0x000000008b700000, 0x000000008b700000, 0x000000008b800000|  0%| F|  |TAMS 0x000000008b700000, 0x000000008b700000| Untracked 
| 134|0x000000008b800000, 0x000000008b800000, 0x000000008b900000|  0%| F|  |TAMS 0x000000008b800000, 0x000000008b800000| Untracked 
| 135|0x000000008b900000, 0x000000008b900000, 0x000000008ba00000|  0%| F|  |TAMS 0x000000008b900000, 0x000000008b900000| Untracked 
| 136|0x000000008ba00000, 0x000000008ba00000, 0x000000008bb00000|  0%| F|  |TAMS 0x000000008ba00000, 0x000000008ba00000| Untracked 
| 137|0x000000008bb00000, 0x000000008bb00000, 0x000000008bc00000|  0%| F|  |TAMS 0x000000008bb00000, 0x000000008bb00000| Untracked 
| 138|0x000000008bc00000, 0x000000008bc00000, 0x000000008bd00000|  0%| F|  |TAMS 0x000000008bc00000, 0x000000008bc00000| Untracked 
| 139|0x000000008bd00000, 0x000000008bd00000, 0x000000008be00000|  0%| F|  |TAMS 0x000000008bd00000, 0x000000008bd00000| Untracked 
| 140|0x000000008be00000, 0x000000008be00000, 0x000000008bf00000|  0%| F|  |TAMS 0x000000008be00000, 0x000000008be00000| Untracked 
| 141|0x000000008bf00000, 0x000000008bf00000, 0x000000008c000000|  0%| F|  |TAMS 0x000000008bf00000, 0x000000008bf00000| Untracked 
| 142|0x000000008c000000, 0x000000008c000000, 0x000000008c100000|  0%| F|  |TAMS 0x000000008c000000, 0x000000008c000000| Untracked 
| 143|0x000000008c100000, 0x000000008c100000, 0x000000008c200000|  0%| F|  |TAMS 0x000000008c100000, 0x000000008c100000| Untracked 
| 144|0x000000008c200000, 0x000000008c200000, 0x000000008c300000|  0%| F|  |TAMS 0x000000008c200000, 0x000000008c200000| Untracked 
| 145|0x000000008c300000, 0x000000008c300000, 0x000000008c400000|  0%| F|  |TAMS 0x000000008c300000, 0x000000008c300000| Untracked 
| 146|0x000000008c400000, 0x000000008c400000, 0x000000008c500000|  0%| F|  |TAMS 0x000000008c400000, 0x000000008c400000| Untracked 
| 147|0x000000008c500000, 0x000000008c500000, 0x000000008c600000|  0%| F|  |TAMS 0x000000008c500000, 0x000000008c500000| Untracked 
| 148|0x000000008c600000, 0x000000008c600000, 0x000000008c700000|  0%| F|  |TAMS 0x000000008c600000, 0x000000008c600000| Untracked 
| 149|0x000000008c700000, 0x000000008c700000, 0x000000008c800000|  0%| F|  |TAMS 0x000000008c700000, 0x000000008c700000| Untracked 
| 150|0x000000008c800000, 0x000000008c800000, 0x000000008c900000|  0%| F|  |TAMS 0x000000008c800000, 0x000000008c800000| Untracked 
| 151|0x000000008c900000, 0x000000008c900000, 0x000000008ca00000|  0%| F|  |TAMS 0x000000008c900000, 0x000000008c900000| Untracked 
| 152|0x000000008ca00000, 0x000000008ca00000, 0x000000008cb00000|  0%| F|  |TAMS 0x000000008ca00000, 0x000000008ca00000| Untracked 
| 153|0x000000008cb00000, 0x000000008cb00000, 0x000000008cc00000|  0%| F|  |TAMS 0x000000008cb00000, 0x000000008cb00000| Untracked 
| 154|0x000000008cc00000, 0x000000008cc00000, 0x000000008cd00000|  0%| F|  |TAMS 0x000000008cc00000, 0x000000008cc00000| Untracked 

Card table byte_map: [0x0000025938360000,0x0000025938750000] _byte_map_base: 0x0000025937f47000

Marking Bits (Prev, Next): (CMBitMap*) 0x00000259257d6e80, (CMBitMap*) 0x00000259257d6ec0
 Prev Bits: [0x0000025938b40000, 0x000002593aa78000)
 Next Bits: [0x000002593aa80000, 0x000002593c9b8000)

Polling page: 0x0000025923750000

Metaspace:

Usage:
  Non-class:     71.75 MB used.
      Class:      9.29 MB used.
       Both:     81.04 MB used.

Virtual space:
  Non-class space:       72.00 MB reserved,      72.00 MB (100%) committed,  9 nodes.
      Class space:        1.00 GB reserved,       9.44 MB ( <1%) committed,  1 nodes.
             Both:        1.07 GB reserved,      81.44 MB (  7%) committed. 

Chunk freelists:
   Non-Class:  48.00 KB
       Class:  2.52 MB
        Both:  2.56 MB

MaxMetaspaceSize: unlimited
CompressedClassSpaceSize: 1.00 GB
Initial GC threshold: 21.00 MB
Current GC threshold: 125.62 MB
CDS: off
MetaspaceReclaimPolicy: balanced
 - commit_granule_bytes: 65536.
 - commit_granule_words: 8192.
 - virtual_space_node_default_size: 1048576.
 - enlarge_chunks_in_place: 1.
 - new_chunks_are_fully_committed: 0.
 - uncommit_free_chunks: 1.
 - use_allocation_guard: 0.
 - handle_deallocations: 1.


Internal statistics:

num_allocs_failed_limit: 6.
num_arena_births: 440.
num_arena_deaths: 0.
num_vsnodes_births: 10.
num_vsnodes_deaths: 0.
num_space_committed: 1301.
num_space_uncommitted: 0.
num_chunks_returned_to_freelist: 6.
num_chunks_taken_from_freelist: 3082.
num_chunk_merges: 6.
num_chunk_splits: 2490.
num_chunks_enlarged: 2172.
num_purges: 0.
num_inconsistent_stats: 0.

CodeHeap 'non-profiled nmethods': size=120000Kb used=6083Kb max_used=6083Kb free=113916Kb
 bounds [0x0000025930710000, 0x0000025930d10000, 0x0000025937c40000]
CodeHeap 'profiled nmethods': size=120000Kb used=27785Kb max_used=27785Kb free=92214Kb
 bounds [0x0000025928c40000, 0x000002592a770000, 0x0000025930170000]
CodeHeap 'non-nmethods': size=5760Kb used=1415Kb max_used=1493Kb free=4344Kb
 bounds [0x0000025930170000, 0x00000259303e0000, 0x0000025930710000]
 total_blobs=11409 nmethods=10676 adapters=642
 compilation: enabled
              stopped_count=0, restarted_count=0
 full_count=0

Compilation events (20 events):
Event: 6.989 Thread 0x000002594004f780 nmethod 12578 0x000002592a759410 code [0x000002592a759620, 0x000002592a759ca8]
Event: 6.989 Thread 0x000002594004f780 12579       3       org.jetbrains.kotlin.backend.common.lower.TailrecLowering$lower$1::visitDeclarationReference (6 bytes)
Event: 6.989 Thread 0x000002594004f780 nmethod 12579 0x000002592a759f10 code [0x000002592a75a220, 0x000002592a75b0a8]
Event: 6.989 Thread 0x000002594004f780 12580       3       org.jetbrains.kotlin.backend.common.BodyLoweringVisitor::visitTypeParameter (13 bytes)
Event: 6.990 Thread 0x000002594004f780 nmethod 12580 0x000002592a75b610 code [0x000002592a75b8e0, 0x000002592a75c718]
Event: 6.990 Thread 0x000002594004f780 12583       2       java.lang.AbstractStringBuilder::getCoder (15 bytes)
Event: 6.990 Thread 0x000002594004f780 nmethod 12583 0x000002592a75cc10 code [0x000002592a75cda0, 0x000002592a75ceb8]
Event: 6.990 Thread 0x000002594004f780 12581       3       org.jetbrains.kotlin.backend.common.BodyLoweringVisitor::visitTypeParameter (8 bytes)
Event: 6.990 Thread 0x000002594004f780 nmethod 12581 0x000002592a75cf90 code [0x000002592a75d240, 0x000002592a75def8]
Event: 6.990 Thread 0x000002594004f780 12591       3       org.jetbrains.kotlin.ir.visitors.IrElementVisitorVoid$DefaultImpls::visitBlockBody (14 bytes)
Event: 6.991 Thread 0x000002594004f780 nmethod 12591 0x000002592a75e390 code [0x000002592a75e5a0, 0x000002592a75ebe8]
Event: 6.991 Thread 0x000002594004f780 12586       3       org.jetbrains.kotlin.backend.common.BodyLoweringVisitor::visitGetValue (13 bytes)
Event: 6.991 Thread 0x000002594004f780 nmethod 12586 0x000002592a75ee90 code [0x000002592a75f120, 0x000002592a75fdd8]
Event: 6.991 Thread 0x000002594004f780 12587       3       org.jetbrains.kotlin.backend.common.BodyLoweringVisitor::visitGetValue (8 bytes)
Event: 6.992 Thread 0x000002594004f780 nmethod 12587 0x000002592a760210 code [0x000002592a7604e0, 0x000002592a7612e8]
Event: 6.992 Thread 0x000002594004f780 12592       3       org.jetbrains.kotlin.ir.util.DeepCopySymbolRemapper::visitConstructorCall (13 bytes)
Event: 6.992 Thread 0x000002594004f780 nmethod 12592 0x000002592a761790 code [0x000002592a7619c0, 0x000002592a762248]
Event: 6.992 Thread 0x000002594004f780 12588       3       org.jetbrains.kotlin.backend.common.BodyLoweringVisitor::visitValueAccess (13 bytes)
Event: 6.993 Thread 0x000002594004f780 nmethod 12588 0x000002592a762510 code [0x000002592a7627a0, 0x000002592a763438]
Event: 6.993 Thread 0x000002594004f780 12593       3       org.jetbrains.kotlin.ir.util.DeclarationParentsVisitor::visitConstructorCall (6 bytes)

GC Heap History (20 events):
Event: 2.872 GC heap after
{Heap after GC invocations=13 (full 0):
 garbage-first heap   total 109568K, used 42286K [0x0000000083200000, 0x0000000100000000)
  region size 1024K, 6 young (6144K), 6 survivors (6144K)
 Metaspace       used 55834K, committed 56064K, reserved 1105920K
  class space    used 6607K, committed 6720K, reserved 1048576K
}
Event: 3.281 GC heap before
{Heap before GC invocations=13 (full 0):
 garbage-first heap   total 109568K, used 81198K [0x0000000083200000, 0x0000000100000000)
  region size 1024K, 44 young (45056K), 6 survivors (6144K)
 Metaspace       used 56724K, committed 57024K, reserved 1105920K
  class space    used 6641K, committed 6784K, reserved 1048576K
}
Event: 3.296 GC heap after
{Heap after GC invocations=14 (full 0):
 garbage-first heap   total 109568K, used 49007K [0x0000000083200000, 0x0000000100000000)
  region size 1024K, 6 young (6144K), 6 survivors (6144K)
 Metaspace       used 56724K, committed 57024K, reserved 1105920K
  class space    used 6641K, committed 6784K, reserved 1048576K
}
Event: 3.441 GC heap before
{Heap before GC invocations=14 (full 0):
 garbage-first heap   total 109568K, used 81775K [0x0000000083200000, 0x0000000100000000)
  region size 1024K, 38 young (38912K), 6 survivors (6144K)
 Metaspace       used 57679K, committed 57984K, reserved 1105920K
  class space    used 6742K, committed 6848K, reserved 1048576K
}
Event: 3.450 GC heap after
{Heap after GC invocations=15 (full 0):
 garbage-first heap   total 109568K, used 52224K [0x0000000083200000, 0x0000000100000000)
  region size 1024K, 3 young (3072K), 3 survivors (3072K)
 Metaspace       used 57679K, committed 57984K, reserved 1105920K
  class space    used 6742K, committed 6848K, reserved 1048576K
}
Event: 3.577 GC heap before
{Heap before GC invocations=15 (full 0):
 garbage-first heap   total 109568K, used 83968K [0x0000000083200000, 0x0000000100000000)
  region size 1024K, 34 young (34816K), 3 survivors (3072K)
 Metaspace       used 58831K, committed 59136K, reserved 1105920K
  class space    used 6898K, committed 7040K, reserved 1048576K
}
Event: 3.584 GC heap after
{Heap after GC invocations=16 (full 0):
 garbage-first heap   total 158720K, used 53043K [0x0000000083200000, 0x0000000100000000)
  region size 1024K, 4 young (4096K), 4 survivors (4096K)
 Metaspace       used 58831K, committed 59136K, reserved 1105920K
  class space    used 6898K, committed 7040K, reserved 1048576K
}
Event: 4.578 GC heap before
{Heap before GC invocations=17 (full 0):
 garbage-first heap   total 158720K, used 120627K [0x0000000083200000, 0x0000000100000000)
  region size 1024K, 70 young (71680K), 4 survivors (4096K)
 Metaspace       used 64786K, committed 65088K, reserved 1105920K
  class space    used 7639K, committed 7744K, reserved 1048576K
}
Event: 4.591 GC heap after
{Heap after GC invocations=18 (full 0):
 garbage-first heap   total 158720K, used 63586K [0x0000000083200000, 0x0000000100000000)
  region size 1024K, 9 young (9216K), 9 survivors (9216K)
 Metaspace       used 64786K, committed 65088K, reserved 1105920K
  class space    used 7639K, committed 7744K, reserved 1048576K
}
Event: 5.442 GC heap before
{Heap before GC invocations=18 (full 0):
 garbage-first heap   total 158720K, used 117858K [0x0000000083200000, 0x0000000100000000)
  region size 1024K, 62 young (63488K), 9 survivors (9216K)
 Metaspace       used 71125K, committed 71488K, reserved 1114112K
  class space    used 8230K, committed 8384K, reserved 1048576K
}
Event: 5.452 GC heap after
{Heap after GC invocations=19 (full 0):
 garbage-first heap   total 158720K, used 70102K [0x0000000083200000, 0x0000000100000000)
  region size 1024K, 6 young (6144K), 6 survivors (6144K)
 Metaspace       used 71125K, committed 71488K, reserved 1114112K
  class space    used 8230K, committed 8384K, reserved 1048576K
}
Event: 5.957 GC heap before
{Heap before GC invocations=19 (full 0):
 garbage-first heap   total 158720K, used 121302K [0x0000000083200000, 0x0000000100000000)
  region size 1024K, 56 young (57344K), 6 survivors (6144K)
 Metaspace       used 74024K, committed 74304K, reserved 1122304K
  class space    used 8522K, committed 8640K, reserved 1048576K
}
Event: 5.973 GC heap after
{Heap after GC invocations=20 (full 0):
 garbage-first heap   total 158720K, used 78812K [0x0000000083200000, 0x0000000100000000)
  region size 1024K, 7 young (7168K), 7 survivors (7168K)
 Metaspace       used 74024K, committed 74304K, reserved 1122304K
  class space    used 8522K, committed 8640K, reserved 1048576K
}
Event: 6.391 GC heap before
{Heap before GC invocations=20 (full 0):
 garbage-first heap   total 158720K, used 123868K [0x0000000083200000, 0x0000000100000000)
  region size 1024K, 51 young (52224K), 7 survivors (7168K)
 Metaspace       used 75606K, committed 75904K, reserved 1122304K
  class space    used 8686K, committed 8832K, reserved 1048576K
}
Event: 6.406 GC heap after
{Heap after GC invocations=21 (full 0):
 garbage-first heap   total 158720K, used 89088K [0x0000000083200000, 0x0000000100000000)
  region size 1024K, 7 young (7168K), 7 survivors (7168K)
 Metaspace       used 75606K, committed 75904K, reserved 1122304K
  class space    used 8686K, committed 8832K, reserved 1048576K
}
Event: 6.739 GC heap before
{Heap before GC invocations=22 (full 0):
 garbage-first heap   total 158720K, used 123904K [0x0000000083200000, 0x0000000100000000)
  region size 1024K, 41 young (41984K), 7 survivors (7168K)
 Metaspace       used 81042K, committed 81408K, reserved 1122304K
  class space    used 9338K, committed 9472K, reserved 1048576K
}
Event: 6.749 GC heap after
{Heap after GC invocations=23 (full 0):
 garbage-first heap   total 158720K, used 94640K [0x0000000083200000, 0x0000000100000000)
  region size 1024K, 5 young (5120K), 5 survivors (5120K)
 Metaspace       used 81042K, committed 81408K, reserved 1122304K
  class space    used 9338K, committed 9472K, reserved 1048576K
}
Event: 6.765 GC heap before
{Heap before GC invocations=23 (full 0):
 garbage-first heap   total 158720K, used 95664K [0x0000000083200000, 0x0000000100000000)
  region size 1024K, 7 young (7168K), 5 survivors (5120K)
 Metaspace       used 81156K, committed 81536K, reserved 1122304K
  class space    used 9356K, committed 9536K, reserved 1048576K
}
Event: 6.778 GC heap after
{Heap after GC invocations=24 (full 0):
 garbage-first heap   total 158720K, used 94702K [0x0000000083200000, 0x0000000100000000)
  region size 1024K, 1 young (1024K), 1 survivors (1024K)
 Metaspace       used 81156K, committed 81536K, reserved 1122304K
  class space    used 9356K, committed 9536K, reserved 1048576K
}
Event: 6.993 GC heap before
{Heap before GC invocations=24 (full 0):
 garbage-first heap   total 158720K, used 126446K [0x0000000083200000, 0x0000000100000000)
  region size 1024K, 32 young (32768K), 1 survivors (1024K)
 Metaspace       used 82985K, committed 83392K, reserved 1122304K
  class space    used 9509K, committed 9664K, reserved 1048576K
}

Dll operation events (2 events):
Event: 0.004 Loaded shared library C:\Program Files\Android\Android Studio\jbr\bin\java.dll
Event: 0.634 Loaded shared library C:\Program Files\Android\Android Studio\jbr\bin\verify.dll

Deoptimization events (20 events):
Event: 6.945 Thread 0x000002592577ade0 Uncommon trap: trap_request=0xffffffde fr.pc=0x0000025930c216ac relative=0x000000000000008c
Event: 6.945 Thread 0x000002592577ade0 Uncommon trap: reason=class_check action=maybe_recompile pc=0x0000025930c216ac method=org.jetbrains.kotlin.ir.declarations.IrValueParameter.acceptChildren(Lorg/jetbrains/kotlin/ir/visitors/IrElementVisitor;Ljava/lang/Object;)V @ 7 c2
Event: 6.945 Thread 0x000002592577ade0 DEOPT PACKING pc=0x0000025930c216ac sp=0x000000eb589fc890
Event: 6.945 Thread 0x000002592577ade0 DEOPT UNPACKING pc=0x00000259301ca1a3 sp=0x000000eb589fc828 mode 2
Event: 6.957 Thread 0x000002592577ade0 Uncommon trap: trap_request=0xffffffde fr.pc=0x0000025930abce04 relative=0x00000000000007c4
Event: 6.957 Thread 0x000002592577ade0 Uncommon trap: reason=class_check action=maybe_recompile pc=0x0000025930abce04 method=java.lang.AbstractStringBuilder.append(Ljava/lang/CharSequence;)Ljava/lang/AbstractStringBuilder; @ 10 c2
Event: 6.957 Thread 0x000002592577ade0 DEOPT PACKING pc=0x0000025930abce04 sp=0x000000eb589fd1b0
Event: 6.957 Thread 0x000002592577ade0 DEOPT UNPACKING pc=0x00000259301ca1a3 sp=0x000000eb589fd148 mode 2
Event: 6.957 Thread 0x000002592577ade0 Uncommon trap: trap_request=0xffffffde fr.pc=0x0000025930abce04 relative=0x00000000000007c4
Event: 6.957 Thread 0x000002592577ade0 Uncommon trap: reason=class_check action=maybe_recompile pc=0x0000025930abce04 method=java.lang.AbstractStringBuilder.append(Ljava/lang/CharSequence;)Ljava/lang/AbstractStringBuilder; @ 10 c2
Event: 6.957 Thread 0x000002592577ade0 DEOPT PACKING pc=0x0000025930abce04 sp=0x000000eb589fd1b0
Event: 6.957 Thread 0x000002592577ade0 DEOPT UNPACKING pc=0x00000259301ca1a3 sp=0x000000eb589fd148 mode 2
Event: 6.984 Thread 0x000002592577ade0 Uncommon trap: trap_request=0xffffffde fr.pc=0x0000025930c216ac relative=0x000000000000008c
Event: 6.984 Thread 0x000002592577ade0 Uncommon trap: reason=class_check action=maybe_recompile pc=0x0000025930c216ac method=org.jetbrains.kotlin.ir.declarations.IrValueParameter.acceptChildren(Lorg/jetbrains/kotlin/ir/visitors/IrElementVisitor;Ljava/lang/Object;)V @ 7 c2
Event: 6.984 Thread 0x000002592577ade0 DEOPT PACKING pc=0x0000025930c216ac sp=0x000000eb589fc890
Event: 6.984 Thread 0x000002592577ade0 DEOPT UNPACKING pc=0x00000259301ca1a3 sp=0x000000eb589fc828 mode 2
Event: 6.989 Thread 0x000002592577ade0 Uncommon trap: trap_request=0xffffffde fr.pc=0x000002593087d254 relative=0x0000000000000694
Event: 6.989 Thread 0x000002592577ade0 Uncommon trap: reason=class_check action=maybe_recompile pc=0x000002593087d254 method=java.lang.AbstractStringBuilder.append(Ljava/lang/CharSequence;)Ljava/lang/AbstractStringBuilder; @ 10 c2
Event: 6.989 Thread 0x000002592577ade0 DEOPT PACKING pc=0x000002593087d254 sp=0x000000eb589fd150
Event: 6.989 Thread 0x000002592577ade0 DEOPT UNPACKING pc=0x00000259301ca1a3 sp=0x000000eb589fd150 mode 2

Classes unloaded (0 events):
No events

Classes redefined (0 events):
No events

Internal exceptions (20 events):
Event: 3.674 Thread 0x000002592577ade0 Exception <a 'java/lang/IncompatibleClassChangeError'{0x000000008c65b978}: Found class java.lang.Object, but interface was expected> (0x000000008c65b978) 
thrown [s\src\hotspot\share\interpreter\linkResolver.cpp, line 838]
Event: 3.733 Thread 0x000002592577ade0 Exception <a 'java/lang/NoSuchMethodError'{0x000000008c4eacb8}: 'int java.lang.invoke.DirectMethodHandle$Holder.invokeStaticInit(java.lang.Object, int)'> (0x000000008c4eacb8) 
thrown [s\src\hotspot\share\interpreter\linkResolver.cpp, line 771]
Event: 3.942 Thread 0x000002592577ade0 Exception <a 'java/lang/NoSuchMethodError'{0x000000008ac1fa68}: 'int java.lang.invoke.DirectMethodHandle$Holder.invokeVirtual(java.lang.Object, java.lang.Object, java.lang.Object)'> (0x000000008ac1fa68) 
thrown [s\src\hotspot\share\interpreter\linkResolver.cpp, line 771]
Event: 3.991 Thread 0x000002592577ade0 Exception <a 'java/lang/NoSuchMethodError'{0x000000008a9889e0}: 'java.lang.Object java.lang.invoke.DirectMethodHandle$Holder.invokeStatic(java.lang.Object, java.lang.Object, java.lang.Object, java.lang.Object, int)'> (0x000000008a9889e0) 
thrown [s\src\hotspot\share\interpreter\linkResolver.cpp, line 771]
Event: 3.992 Thread 0x000002592577ade0 Exception <a 'java/lang/NoSuchMethodError'{0x000000008a9926c8}: 'java.lang.Object java.lang.invoke.DirectMethodHandle$Holder.newInvokeSpecial(java.lang.Object, java.lang.Object, java.lang.Object, java.lang.Object, int)'> (0x000000008a9926c8) 
thrown [s\src\hotspot\share\interpreter\linkResolver.cpp, line 771]
Event: 3.992 Thread 0x000002592577ade0 Exception <a 'java/lang/NoSuchMethodError'{0x000000008a9971f8}: 'java.lang.Object java.lang.invoke.DirectMethodHandle$Holder.invokeSpecial(java.lang.Object, java.lang.Object, java.lang.Object, java.lang.Object, java.lang.Object, int)'> (0x000000008a9971f8) 
thrown [s\src\hotspot\share\interpreter\linkResolver.cpp, line 771]
Event: 3.992 Thread 0x000002592577ade0 Exception <a 'java/lang/NoSuchMethodError'{0x000000008a99b6d8}: 'java.lang.Object java.lang.invoke.Invokers$Holder.linkToTargetMethod(java.lang.Object, java.lang.Object, java.lang.Object, int, java.lang.Object)'> (0x000000008a99b6d8) 
thrown [s\src\hotspot\share\interpreter\linkResolver.cpp, line 771]
Event: 4.028 Thread 0x000002592577ade0 Exception <a 'java/lang/NoSuchMethodError'{0x000000008a74b438}: 'void java.lang.invoke.DirectMethodHandle$Holder.invokeInterface(java.lang.Object, java.lang.Object)'> (0x000000008a74b438) 
thrown [s\src\hotspot\share\interpreter\linkResolver.cpp, line 771]
Event: 4.076 Thread 0x000002592577ade0 Exception <a 'java/lang/IncompatibleClassChangeError'{0x000000008a544028}: Found class java.lang.Object, but interface was expected> (0x000000008a544028) 
thrown [s\src\hotspot\share\interpreter\linkResolver.cpp, line 838]
Event: 4.133 Thread 0x000002592577ade0 Implicit null exception at 0x00000259309f69bc to 0x00000259309f765c
Event: 4.930 Thread 0x000002592577ade0 Implicit null exception at 0x0000025930b288b4 to 0x0000025930b2893d
Event: 5.079 Thread 0x000002592577ade0 Implicit null exception at 0x00000259307aec6a to 0x00000259307aee28
Event: 5.353 Thread 0x000002592577ade0 Exception <a 'java/lang/NoSuchMethodError'{0x000000008a0fe368}: 'java.lang.Object java.lang.invoke.DirectMethodHandle$Holder.newInvokeSpecial(java.lang.Object, java.lang.Object, java.lang.Object, int, int)'> (0x000000008a0fe368) 
thrown [s\src\hotspot\share\interpreter\linkResolver.cpp, line 771]
Event: 5.353 Thread 0x000002592577ade0 Exception <a 'java/lang/NoSuchMethodError'{0x0000000089f02a00}: 'java.lang.Object java.lang.invoke.DirectMethodHandle$Holder.invokeSpecial(java.lang.Object, java.lang.Object, java.lang.Object, java.lang.Object, int, int)'> (0x0000000089f02a00) 
thrown [s\src\hotspot\share\interpreter\linkResolver.cpp, line 771]
Event: 5.379 Thread 0x000002592577ade0 Exception <a 'java/lang/NoSuchMethodError'{0x0000000089d1ba38}: 'java.lang.Object java.lang.invoke.DirectMethodHandle$Holder.invokeSpecial(java.lang.Object, java.lang.Object, int, int, java.lang.Object, java.lang.Object, java.lang.Object, java.lang.Object, java.lang.Object)'> (0x0000000089d1ba38) 
thrown [s\src\hotspot\share\interpreter\linkResolver.cpp, line 771]
Event: 5.730 Thread 0x000002592577ade0 Exception <a 'java/lang/NoSuchMethodError'{0x000000008b376dd0}: 'java.lang.Object java.lang.invoke.DirectMethodHandle$Holder.invokeStatic(java.lang.Object, int, java.lang.Object)'> (0x000000008b376dd0) 
thrown [s\src\hotspot\share\interpreter\linkResolver.cpp, line 771]
Event: 5.736 Thread 0x000002592577ade0 Exception <a 'java/lang/NoSuchMethodError'{0x000000008b39f238}: 'java.lang.Object java.lang.invoke.DirectMethodHandle$Holder.newInvokeSpecial(java.lang.Object, int, java.lang.Object, java.lang.Object)'> (0x000000008b39f238) 
thrown [s\src\hotspot\share\interpreter\linkResolver.cpp, line 771]
Event: 5.817 Thread 0x000002592577ade0 Implicit null exception at 0x0000025930b629b5 to 0x0000025930b631d7
Event: 5.993 Thread 0x000002592577ade0 Implicit null exception at 0x00000259308fe5e4 to 0x00000259308fe65c
Event: 6.384 Thread 0x000002592577ade0 Implicit null exception at 0x000002593077eaed to 0x000002593077ed18

VM Operations (20 events):
Event: 6.613 Executing VM operation: HandshakeAllThreads done
Event: 6.634 Executing VM operation: HandshakeAllThreads
Event: 6.634 Executing VM operation: HandshakeAllThreads done
Event: 6.686 Executing VM operation: ICBufferFull
Event: 6.686 Executing VM operation: ICBufferFull done
Event: 6.715 Executing VM operation: HandshakeAllThreads
Event: 6.716 Executing VM operation: HandshakeAllThreads done
Event: 6.739 Executing VM operation: G1CollectForAllocation
Event: 6.749 Executing VM operation: G1CollectForAllocation done
Event: 6.765 Executing VM operation: G1CollectForAllocation
Event: 6.778 Executing VM operation: G1CollectForAllocation done
Event: 6.861 Executing VM operation: HandshakeAllThreads
Event: 6.861 Executing VM operation: HandshakeAllThreads done
Event: 6.898 Executing VM operation: HandshakeAllThreads
Event: 6.898 Executing VM operation: HandshakeAllThreads done
Event: 6.904 Executing VM operation: ICBufferFull
Event: 6.905 Executing VM operation: ICBufferFull done
Event: 6.964 Executing VM operation: ICBufferFull
Event: 6.964 Executing VM operation: ICBufferFull done
Event: 6.993 Executing VM operation: G1CollectForAllocation

Events (20 events):
Event: 6.062 Thread 0x0000025940050780 flushing nmethod 0x000002592a3f8a90
Event: 6.062 Thread 0x0000025940050780 flushing nmethod 0x000002592a3f9890
Event: 6.062 Thread 0x0000025940050780 flushing nmethod 0x000002592a3fce90
Event: 6.062 Thread 0x0000025940050780 flushing nmethod 0x000002592a3fed90
Event: 6.062 Thread 0x0000025940050780 flushing nmethod 0x000002592a416790
Event: 6.062 Thread 0x0000025940050780 flushing nmethod 0x000002592a420490
Event: 6.062 Thread 0x0000025940050780 flushing nmethod 0x000002592a421890
Event: 6.062 Thread 0x0000025940050780 flushing nmethod 0x000002592a429410
Event: 6.062 Thread 0x0000025940050780 flushing nmethod 0x000002592a436b10
Event: 6.062 Thread 0x0000025940050780 flushing nmethod 0x000002592a442c10
Event: 6.062 Thread 0x0000025940050780 flushing nmethod 0x000002592a44b690
Event: 6.062 Thread 0x0000025940050780 flushing nmethod 0x000002592a44ca90
Event: 6.062 Thread 0x0000025940050780 flushing nmethod 0x000002592a45b690
Event: 6.062 Thread 0x0000025940050780 flushing nmethod 0x000002592a47ca90
Event: 6.062 Thread 0x0000025940050780 flushing nmethod 0x000002592a47ea90
Event: 6.062 Thread 0x0000025940050780 flushing nmethod 0x000002592a480e90
Event: 6.411 loading class java/lang/invoke/BoundMethodHandle$Species_LLLLLLLLLL
Event: 6.411 loading class java/lang/invoke/BoundMethodHandle$Species_LLLLLLLLLL done
Event: 6.412 loading class java/lang/invoke/BoundMethodHandle$Species_LLLLLLLLLLL
Event: 6.412 loading class java/lang/invoke/BoundMethodHandle$Species_LLLLLLLLLLL done


Dynamic libraries:
0x00007ff70d8f0000 - 0x00007ff70d8fa000 	C:\Program Files\Android\Android Studio\jbr\bin\java.exe
0x00007fff530f0000 - 0x00007fff53307000 	C:\WINDOWS\SYSTEM32\ntdll.dll
0x00007fff514d0000 - 0x00007fff51594000 	C:\WINDOWS\System32\KERNEL32.DLL
0x00007fff50a20000 - 0x00007fff50dc6000 	C:\WINDOWS\System32\KERNELBASE.dll
0x00007fff507b0000 - 0x00007fff508c1000 	C:\WINDOWS\System32\ucrtbase.dll
0x00007fff4bc40000 - 0x00007fff4bc57000 	C:\Program Files\Android\Android Studio\jbr\bin\jli.dll
0x00007fff3a230000 - 0x00007fff3a24b000 	C:\Program Files\Android\Android Studio\jbr\bin\VCRUNTIME140.dll
0x00007fff52690000 - 0x00007fff5283d000 	C:\WINDOWS\System32\USER32.dll
0x00007fff509f0000 - 0x00007fff50a16000 	C:\WINDOWS\System32\win32u.dll
0x00007fff51ae0000 - 0x00007fff51b09000 	C:\WINDOWS\System32\GDI32.dll
0x00007fff35350000 - 0x00007fff355e3000 	C:\WINDOWS\WinSxS\amd64_microsoft.windows.common-controls_6595b64144ccf1df_6.0.22621.2361_none_2712ced57382f843\COMCTL32.dll
0x00007fff508d0000 - 0x00007fff509e8000 	C:\WINDOWS\System32\gdi32full.dll
0x00007fff50650000 - 0x00007fff506ea000 	C:\WINDOWS\System32\msvcp_win.dll
0x00007fff529b0000 - 0x00007fff52a57000 	C:\WINDOWS\System32\msvcrt.dll
0x00007fff51960000 - 0x00007fff51991000 	C:\WINDOWS\System32\IMM32.DLL
0x00007fff4bad0000 - 0x00007fff4badc000 	C:\Program Files\Android\Android Studio\jbr\bin\vcruntime140_1.dll
0x00007fff30ca0000 - 0x00007fff30d2d000 	C:\Program Files\Android\Android Studio\jbr\bin\msvcp140.dll
0x00007fff077b0000 - 0x00007fff0841e000 	C:\Program Files\Android\Android Studio\jbr\bin\server\jvm.dll
0x00007fff515a0000 - 0x00007fff51650000 	C:\WINDOWS\System32\ADVAPI32.dll
0x00007fff51a30000 - 0x00007fff51ad6000 	C:\WINDOWS\System32\sechost.dll
0x00007fff52840000 - 0x00007fff52957000 	C:\WINDOWS\System32\RPCRT4.dll
0x00007fff4d440000 - 0x00007fff4d449000 	C:\WINDOWS\SYSTEM32\WSOCK32.dll
0x00007fff51650000 - 0x00007fff516c1000 	C:\WINDOWS\System32\WS2_32.dll
0x00007fff48b90000 - 0x00007fff48bc4000 	C:\WINDOWS\SYSTEM32\WINMM.dll
0x00007fff44d90000 - 0x00007fff44d9a000 	C:\WINDOWS\SYSTEM32\VERSION.dll
0x00007fff4f410000 - 0x00007fff4f428000 	C:\WINDOWS\SYSTEM32\kernel.appcore.dll
0x00007fff4d430000 - 0x00007fff4d43a000 	C:\Program Files\Android\Android Studio\jbr\bin\jimage.dll
0x00007fff4dbc0000 - 0x00007fff4ddee000 	C:\WINDOWS\SYSTEM32\DBGHELP.DLL
0x00007fff52d20000 - 0x00007fff530aa000 	C:\WINDOWS\System32\combase.dll
0x00007fff51870000 - 0x00007fff51947000 	C:\WINDOWS\System32\OLEAUT32.dll
0x00007fff38b80000 - 0x00007fff38bb2000 	C:\WINDOWS\SYSTEM32\dbgcore.DLL
0x00007fff50dd0000 - 0x00007fff50e4a000 	C:\WINDOWS\System32\bcryptPrimitives.dll
0x00007fff4d400000 - 0x00007fff4d425000 	C:\Program Files\Android\Android Studio\jbr\bin\java.dll
0x00007fff4d3b0000 - 0x00007fff4d3c8000 	C:\Program Files\Android\Android Studio\jbr\bin\zip.dll
0x00007fff51db0000 - 0x00007fff52608000 	C:\WINDOWS\System32\SHELL32.dll
0x00007fff4e3d0000 - 0x00007fff4ecc2000 	C:\WINDOWS\SYSTEM32\windows.storage.dll
0x00007fff4e290000 - 0x00007fff4e3ce000 	C:\WINDOWS\SYSTEM32\wintypes.dll
0x00007fff512d0000 - 0x00007fff513c3000 	C:\WINDOWS\System32\SHCORE.dll
0x00007fff51d40000 - 0x00007fff51d9e000 	C:\WINDOWS\System32\shlwapi.dll
0x00007fff503a0000 - 0x00007fff503c6000 	C:\WINDOWS\SYSTEM32\profapi.dll
0x00007fff4d390000 - 0x00007fff4d3a9000 	C:\Program Files\Android\Android Studio\jbr\bin\net.dll
0x00007fff4a9c0000 - 0x00007fff4aaf7000 	C:\WINDOWS\SYSTEM32\WINHTTP.dll
0x00007fff4f930000 - 0x00007fff4f999000 	C:\WINDOWS\system32\mswsock.dll
0x00007fff4d350000 - 0x00007fff4d366000 	C:\Program Files\Android\Android Studio\jbr\bin\nio.dll
0x00007fff4d3f0000 - 0x00007fff4d400000 	C:\Program Files\Android\Android Studio\jbr\bin\verify.dll

dbghelp: loaded successfully - version: 4.0.5 - missing functions: none
symbol engine: initialized successfully - sym options: 0x614 - pdb path: .;C:\Program Files\Android\Android Studio\jbr\bin;C:\WINDOWS\SYSTEM32;C:\WINDOWS\WinSxS\amd64_microsoft.windows.common-controls_6595b64144ccf1df_6.0.22621.2361_none_2712ced57382f843;C:\Program Files\Android\Android Studio\jbr\bin\server

VM Arguments:
java_command: org.jetbrains.kotlin.cli.jvm.K2JVMCompiler @C:\Users\User\AndroidStudioProjects\RepairPal\customer\build\20231112_8992044645489649194.compiler.options
java_class_path (initial): C:\Users\User\.gradle\caches\modules-2\files-2.1\org.jetbrains.kotlin\kotlin-compiler-embeddable\1.8.10\b0757fd774344d54ce93f5ad6c30ba1c1731c8ff\kotlin-compiler-embeddable-1.8.10.jar;C:\Users\User\.gradle\caches\modules-2\files-2.1\org.jetbrains.kotlin\kotlin-stdlib\1.8.10\6d5560a229477df9406943d5feda5618e98eb64c\kotlin-stdlib-1.8.10.jar;C:\Users\User\.gradle\caches\modules-2\files-2.1\org.jetbrains.kotlin\kotlin-script-runtime\1.8.10\b13ea9c7e46d589139e56086a878763290e20bd5\kotlin-script-runtime-1.8.10.jar;C:\Users\User\.gradle\caches\modules-2\files-2.1\org.jetbrains.kotlin\kotlin-reflect\1.6.10\1cbe9c92c12a94eea200d23c2bbaedaf3daf5132\kotlin-reflect-1.6.10.jar;C:\Users\User\.gradle\caches\modules-2\files-2.1\org.jetbrains.kotlin\kotlin-daemon-embeddable\1.8.10\ad8541d9bc1cf9e52c3204161247910c2cf601d4\kotlin-daemon-embeddable-1.8.10.jar;C:\Users\User\.gradle\caches\modules-2\files-2.1\org.jetbrains.intellij.deps\trove4j\1.0.20200330\3afb14d5f9ceb459d724e907a21145e8ff394f02\trove4j-1.0.20200330.jar;C:\Users\User\.gradle\caches\modules-2\files-2.1\net.java.dev.jna\jna\5.6.0\330f2244e9030119ab3030fc3fededc86713d9cc\jna-5.6.0.jar;C:\Users\User\.gradle\caches\modules-2\files-2.1\org.jetbrains.kotlin\kotlin-stdlib-common\1.8.10\a61b182458550492c12aee66157d7b524a63a5ec\kotlin-stdlib-common-1.8.10.jar;C:\Users\User\.gradle\caches\modules-2\files-2.1\org.jetbrains\annotations\13.0\919f0dfe192fb4e063e7dacadee7f8bb9a2672a9\annotations-13.0.jar
Launcher Type: SUN_STANDARD

[Global flags]
     intx CICompilerCount                          = 4                                         {product} {ergonomic}
     uint ConcGCThreads                            = 2                                         {product} {ergonomic}
     uint G1ConcRefinementThreads                  = 8                                         {product} {ergonomic}
   size_t G1HeapRegionSize                         = 1048576                                   {product} {ergonomic}
    uintx GCDrainStackTargetSize                   = 64                                        {product} {ergonomic}
   size_t InitialHeapSize                          = 132120576                                 {product} {ergonomic}
   size_t MarkStackSize                            = 4194304                                   {product} {ergonomic}
   size_t MaxHeapSize                              = 2095054848                                {product} {ergonomic}
   size_t MaxNewSize                               = 1256194048                                {product} {ergonomic}
   size_t MinHeapDeltaBytes                        = 1048576                                   {product} {ergonomic}
   size_t MinHeapSize                              = 8388608                                   {product} {ergonomic}
    uintx NonNMethodCodeHeapSize                   = 5839372                                {pd product} {ergonomic}
    uintx NonProfiledCodeHeapSize                  = 122909434                              {pd product} {ergonomic}
    uintx ProfiledCodeHeapSize                     = 122909434                              {pd product} {ergonomic}
    uintx ReservedCodeCacheSize                    = 251658240                              {pd product} {ergonomic}
     bool SegmentedCodeCache                       = true                                      {product} {ergonomic}
   size_t SoftMaxHeapSize                          = 2095054848                             {manageable} {ergonomic}
     bool UseCompressedClassPointers               = true                           {product lp64_product} {ergonomic}
     bool UseCompressedOops                        = true                           {product lp64_product} {ergonomic}
     bool UseG1GC                                  = true                                      {product} {ergonomic}
     bool UseLargePagesIndividualAllocation        = false                                  {pd product} {ergonomic}

Logging:
Log output configuration:
 #0: stdout all=warning uptime,level,tags
 #1: stderr all=off uptime,level,tags

Environment Variables:
JAVA_HOME=C:\Program Files\Java\jdk-20.0.1
PATH=C:\Program Files (x86)\Common Files\Oracle\Java\javapath;C:\Python311\Scripts\;C:\Python311\;C:\Program Files (x86)\Falcon\MinGW\bin;C:\WINDOWS\system32;C:\WINDOWS;C:\WINDOWS\System32\Wbem;C:\WINDOWS\System32\WindowsPowerShell\v1.0\;C:\WINDOWS\System32\OpenSSH\;C:\Program Files\Microsoft SQL Server\130\Tools\Binn\;C:\sqlite3;C:\Program Files (x86)\Microsoft SQL Server\150\DTS\Binn\;C:\Program Files\Azure Data Studio\bin;C:\Program Files\Microsoft SQL Server\Client SDK\ODBC\170\Tools\Binn\;C:\Program Files (x86)\Microsoft SQL Server\150\Tools\Binn\;C:\Program Files\Microsoft SQL Server\150\Tools\Binn\;C:\Program Files\Microsoft SQL Server\150\DTS\Binn\;C:\xampp\php;C:\ProgramData\ComposerSetup\bin;C:\Program Files\dotnet\;C:\Users\User\AppData\Local\Android\Sdk\cmdline-tools\bin;C:\Program Files\Java\;C:\Program Files\Git\cmd;C:\Program Files\nodejs\;C:\ProgramData\chocolatey\bin;C:\Program Files (x86)\GTK2-Runtime\lib;C:\Program Files (x86)\Common Files\Oracle\Java\javapath;C:\Python311\Scripts\;C:\Python311\;C:\Program Files (x86)\Falcon\MinGW\bin;C:\WINDOWS\system32;C:\WINDOWS;C:\WINDOWS\System32\Wbem;C:\WINDOWS\System32\WindowsPowerShell\v1.0\;C:\WINDOWS\System32\OpenSSH\;C:\Program Files\Microsoft SQL Server\130\Tools\Binn\;C:\sqlite3;C:\Program Files (x86)\Microsoft SQL Server\150\DTS\Binn\;C:\Program Files\Azure Data Studio\bin;C:\Program Files\Microsoft SQL Server\Client SDK\ODBC\170\Tools\Binn\;C:\Program Files (x86)\Microsoft SQL Server\150\Tools\Binn\;C:\Program Files\Microsoft SQL Server\150\Tools\Binn\;C:\Program Files\Microsoft SQL Server\150\DTS\Binn\;C:\xampp\php;C:\ProgramData\ComposerSetup\bin;C:\Program Files\dotnet\;C:\Users\User\AppData\Local\Android\Sdk\cmdline-tools\bin;C:\Program Files\Java\;C:\Program Files\Git\cmd;C:\Program Files\nodejs\;C:\ProgramData\chocolatey\bin;C:\Program Files\nodejs\node_modules\npm\bin;C:\Program Files\MySQL\MySQL Shell 8.0\bin\;C:\Users\User\AppData\Local\Microsoft\WindowsApps;C:\Users\User\.dotnet\tools;C:\User
USERNAME=User
OS=Windows_NT
PROCESSOR_IDENTIFIER=Intel64 Family 6 Model 140 Stepping 1, GenuineIntel
TMP=C:\Users\User\AppData\Local\Temp
TEMP=C:\Users\User\AppData\Local\Temp


JNI global refs:
JNI global refs: 13, weak refs: 14

JNI global refs memory usage: 843, weak refs: 841


---------------  S Y S T E M  ---------------

OS:
 Windows 11 , 64 bit Build 22621 (10.0.22621.2428)
OS uptime: 1 days 5:11 hours

CPU: total 8 (initial active 8) (4 cores per cpu, 2 threads per core) family 6 model 140 stepping 1 microcode 0x78, cx8, cmov, fxsr, ht, mmx, 3dnowpref, sse, sse2, sse3, ssse3, sse4.1, sse4.2, popcnt, lzcnt, tsc, tscinvbit, avx, avx2, aes, erms, clmul, bmi1, bmi2, adx, avx512f, avx512dq, avx512cd, avx512bw, avx512vl, sha, fma, vzeroupper, avx512_vpopcntdq, avx512_vpclmulqdq, avx512_vaes, avx512_vnni, clflush, clflushopt, clwb, avx512_vbmi2, avx512_vbmi

Memory: 4k page, system-wide physical 7991M (727M free)
TotalPageFile size 10039M (AvailPageFile size 148M)
current process WorkingSet (physical memory assigned to process): 384M, peak: 384M
current process commit charge ("private bytes"): 420M, peak: 577M

vm_info: OpenJDK 64-Bit Server VM (17.0.6+0-b2043.56-10027231) for windows-amd64 JRE (17.0.6+0-b2043.56-10027231), built on Apr 28 2023 00:43:19 by "androidbuild" with MS VC++ 16.10 / 16.11 (VS2019)

END.
