#
# There is insufficient memory for the Java Runtime Environment to continue.
# Native memory allocation (malloc) failed to allocate 1440928 bytes for Chunk::new
# Possible reasons:
#   The system is out of physical RAM or swap space
#   The process is running with CompressedOops enabled, and the Java Heap may be blocking the growth of the native heap
# Possible solutions:
#   Reduce memory load on the system
#   Increase physical memory or swap space
#   Check if swap backing store is full
#   Decrease Java heap size (-Xmx/-Xms)
#   Decrease number of Java threads
#   Decrease Java thread stack sizes (-Xss)
#   Set larger code cache with -XX:ReservedCodeCacheSize=
#   JVM is running with Unscaled Compressed Oops mode in which the Java heap is
#     placed in the first 4GB address space. The Java Heap base address is the
#     maximum limit for the native heap growth. Please use -XX:HeapBaseMinAddress
#     to set the Java Heap base and to place the Java Heap above 4GB virtual address.
# This output file may be truncated or incomplete.
#
#  Out of Memory Error (arena.cpp:189), pid=14096, tid=13304
#
# JRE version: OpenJDK Runtime Environment (17.0.6) (build 17.0.6+0-b2043.56-10027231)
# Java VM: OpenJDK 64-Bit Server VM (17.0.6+0-b2043.56-10027231, mixed mode, tiered, compressed oops, compressed class ptrs, g1 gc, windows-amd64)
# No core dump will be written. Minidumps are not enabled by default on client versions of Windows
#

---------------  S U M M A R Y ------------

Command Line: --add-opens=java.base/java.util=ALL-UNNAMED --add-opens=java.base/java.lang=ALL-UNNAMED --add-opens=java.base/java.lang.invoke=ALL-UNNAMED --add-opens=java.prefs/java.util.prefs=ALL-UNNAMED --add-opens=java.base/java.nio.charset=ALL-UNNAMED --add-opens=java.base/java.net=ALL-UNNAMED --add-opens=java.base/java.util.concurrent.atomic=ALL-UNNAMED -Xmx2048m -Dfile.encoding=UTF-8 -Duser.country=US -Duser.language=en -Duser.variant org.gradle.launcher.daemon.bootstrap.GradleDaemon 8.0

Host: 11th Gen Intel(R) Core(TM) i5-1135G7 @ 2.40GHz, 8 cores, 7G,  Windows 11 , 64 bit Build 22621 (10.0.22621.2506)
Time: Thu Nov 23 11:16:54 2023 E. Africa Standard Time elapsed time: 9.099196 seconds (0d 0h 0m 9s)

---------------  T H R E A D  ---------------

Current thread (0x00000212fd5d6280):  JavaThread "C2 CompilerThread1" daemon [_thread_in_native, id=13304, stack(0x000000b69b500000,0x000000b69b600000)]


Current CompileTask:
C2:   9099 9746   !   4       java.net.URL::<init> (543 bytes)

Stack: [0x000000b69b500000,0x000000b69b600000]
Native frames: (J=compiled Java code, j=interpreted, Vv=VM code, C=native code)
V  [jvm.dll+0x683c9a]
V  [jvm.dll+0x8427a4]
V  [jvm.dll+0x843f9e]
V  [jvm.dll+0x844603]
V  [jvm.dll+0x249b75]
V  [jvm.dll+0xabcac]
V  [jvm.dll+0xac27c]
V  [jvm.dll+0x368857]
V  [jvm.dll+0x332f31]
V  [jvm.dll+0x3323da]
V  [jvm.dll+0x21c201]
V  [jvm.dll+0x21b621]
V  [jvm.dll+0x1a4fdd]
V  [jvm.dll+0x22b098]
V  [jvm.dll+0x229159]
V  [jvm.dll+0x7f81ec]
V  [jvm.dll+0x7f274a]
V  [jvm.dll+0x682ad5]
C  [ucrtbase.dll+0x29363]
C  [KERNEL32.DLL+0x1257d]
C  [ntdll.dll+0x5aa58]


---------------  P R O C E S S  ---------------

Threads class SMR info:
_java_thread_list=0x00000212fd1d50d0, length=138, elements={
0x00000212e176b5b0, 0x00000212fc012250, 0x00000212fc016e10, 0x00000212fb5d2aa0,
0x00000212fb5d3650, 0x00000212fc037620, 0x00000212fc03a780, 0x00000212fc03b460,
0x00000212fc03c6a0, 0x00000212fc03d6a0, 0x00000212fc1eb350, 0x00000212fc1ebcf0,
0x00000212fc1eae80, 0x00000212fc1ea010, 0x00000212fc1eb820, 0x00000212fc1ecb60,
0x00000212fc1ed030, 0x00000212fc1ec1c0, 0x00000212fc1ea4e0, 0x00000212fc1ec690,
0x00000212fc1e9670, 0x00000212fc1e9b40, 0x00000212fe9c23a0, 0x00000212fe9c2870,
0x00000212fe9c2d40, 0x00000212fe9c1060, 0x00000212fe9c3bb0, 0x00000212fe9c4080,
0x00000212fe9c1530, 0x00000212fe9c1a00, 0x00000212fe9c36e0, 0x00000212fe9c1ed0,
0x00000212fe9c4a20, 0x00000212fe9c4550, 0x00000212fe9c3210, 0x00000212fe9c5d60,
0x00000212fe9c6230, 0x00000212fe9beeb0, 0x00000212fe9bf380, 0x00000212fe9c0b90,
0x00000212fe9bf850, 0x00000212fd5d6280, 0x00000212fe9c01f0, 0x00000212823cca10,
0x00000212823cb200, 0x00000212823cd3b0, 0x00000212823ccee0, 0x00000212823cd880,
0x00000212823c9050, 0x00000212823cdd50, 0x00000212823c99f0, 0x00000212823ce220,
0x00000212823ca390, 0x00000212823ce6f0, 0x00000212823cebc0, 0x00000212823cf090,
0x00000212823cf560, 0x00000212823cb6d0, 0x00000212823cc540, 0x00000212823cfa30,
0x00000212823cff00, 0x00000212823c9520, 0x00000212823c86b0, 0x00000212823cbba0,
0x00000212823cc070, 0x00000212823c8b80, 0x00000212823c9ec0, 0x00000212823ca860,
0x00000212823cad30, 0x00000212805e4b40, 0x00000212805e24c0, 0x00000212805e0310,
0x00000212805e3800, 0x00000212805e1ff0, 0x00000212805e1650, 0x00000212805e3330,
0x00000212805e1b20, 0x00000212805e4670, 0x00000212805df4a0, 0x00000212805e2990,
0x00000212805dfe40, 0x00000212805ddc90, 0x00000212805e5010, 0x00000212805df970,
0x00000212805e1180, 0x00000212805e07e0, 0x00000212805de160, 0x00000212805deb00,
0x00000212805e3cd0, 0x00000212805e2e60, 0x00000212805e0cb0, 0x00000212805defd0,
0x00000212805e41a0, 0x00000212805dd7c0, 0x00000212805de630, 0x0000021280e44020,
0x0000021280e466a0, 0x0000021280e41000, 0x0000021280e47510, 0x0000021280e42ce0,
0x0000021280e431b0, 0x0000021280e461d0, 0x0000021280e40b30, 0x0000021280e46b70,
0x0000021280e444f0, 0x0000021280e43680, 0x0000021280e47040, 0x0000021280e3fcc0,
0x0000021280e41e70, 0x0000021280e40190, 0x0000021280e40660, 0x0000021280e414d0,
0x0000021280e42810, 0x0000021280e42340, 0x0000021280e419a0, 0x0000021280e43b50,
0x0000021280e449c0, 0x0000021280e44e90, 0x0000021280e45360, 0x0000021280e45830,
0x0000021280e45d00, 0x00000212833b65e0, 0x00000212833bbc80, 0x00000212833bc620,
0x00000212833bae10, 0x00000212833b6ab0, 0x00000212833b5770, 0x00000212833b7df0,
0x00000212833b9ad0, 0x00000212833b8790, 0x00000212833b6110, 0x00000212833b7450,
0x00000212833b9600, 0x00000212833ba470, 0x00000212833ba940, 0x00000212fc1ea9b0,
0x0000021280cc08f0, 0x0000021280cc25d0
}

Java Threads: ( => current thread )
  0x00000212e176b5b0 JavaThread "main" [_thread_blocked, id=9716, stack(0x000000b69a200000,0x000000b69a300000)]
  0x00000212fc012250 JavaThread "Reference Handler" daemon [_thread_blocked, id=11972, stack(0x000000b69a900000,0x000000b69aa00000)]
  0x00000212fc016e10 JavaThread "Finalizer" daemon [_thread_blocked, id=5320, stack(0x000000b69aa00000,0x000000b69ab00000)]
  0x00000212fb5d2aa0 JavaThread "Signal Dispatcher" daemon [_thread_blocked, id=17316, stack(0x000000b69ab00000,0x000000b69ac00000)]
  0x00000212fb5d3650 JavaThread "Attach Listener" daemon [_thread_blocked, id=10480, stack(0x000000b69ac00000,0x000000b69ad00000)]
  0x00000212fc037620 JavaThread "Service Thread" daemon [_thread_blocked, id=9452, stack(0x000000b69ad00000,0x000000b69ae00000)]
  0x00000212fc03a780 JavaThread "Monitor Deflation Thread" daemon [_thread_blocked, id=15300, stack(0x000000b69ae00000,0x000000b69af00000)]
  0x00000212fc03b460 JavaThread "C2 CompilerThread0" daemon [_thread_blocked, id=3336, stack(0x000000b69af00000,0x000000b69b000000)]
  0x00000212fc03c6a0 JavaThread "C1 CompilerThread0" daemon [_thread_in_vm, id=10500, stack(0x000000b69b000000,0x000000b69b100000)]
  0x00000212fc03d6a0 JavaThread "Sweeper thread" daemon [_thread_blocked, id=1672, stack(0x000000b69b100000,0x000000b69b200000)]
  0x00000212fc1eb350 JavaThread "Common-Cleaner" daemon [_thread_blocked, id=16048, stack(0x000000b69b200000,0x000000b69b300000)]
  0x00000212fc1ebcf0 JavaThread "Notification Thread" daemon [_thread_blocked, id=14932, stack(0x000000b69b300000,0x000000b69b400000)]
  0x00000212fc1eae80 JavaThread "Daemon health stats" [_thread_blocked, id=1324, stack(0x000000b69bb00000,0x000000b69bc00000)]
  0x00000212fc1ea010 JavaThread "Incoming local TCP Connector on port 58443" [_thread_in_native, id=14460, stack(0x000000b69bc00000,0x000000b69bd00000)]
  0x00000212fc1eb820 JavaThread "Daemon periodic checks" [_thread_blocked, id=13292, stack(0x000000b69bd00000,0x000000b69be00000)]
  0x00000212fc1ecb60 JavaThread "Daemon" [_thread_blocked, id=6424, stack(0x000000b69be00000,0x000000b69bf00000)]
  0x00000212fc1ed030 JavaThread "Handler for socket connection from /127.0.0.1:58443 to /127.0.0.1:58444" [_thread_in_native, id=13792, stack(0x000000b69bf00000,0x000000b69c000000)]
  0x00000212fc1ec1c0 JavaThread "Cancel handler" [_thread_blocked, id=12848, stack(0x000000b69c000000,0x000000b69c100000)]
  0x00000212fc1ea4e0 JavaThread "Daemon worker" [_thread_blocked, id=9464, stack(0x000000b69c100000,0x000000b69c200000)]
  0x00000212fc1ec690 JavaThread "Asynchronous log dispatcher for DefaultDaemonConnection: socket connection from /127.0.0.1:58443 to /127.0.0.1:58444" [_thread_blocked, id=8272, stack(0x000000b69c200000,0x000000b69c300000)]
  0x00000212fc1e9670 JavaThread "Stdin handler" [_thread_blocked, id=10052, stack(0x000000b69c300000,0x000000b69c400000)]
  0x00000212fc1e9b40 JavaThread "Daemon client event forwarder" [_thread_blocked, id=9984, stack(0x000000b69c400000,0x000000b69c500000)]
  0x00000212fe9c23a0 JavaThread "Cache worker for journal cache (C:\Users\User\.gradle\caches\journal-1)" [_thread_blocked, id=8772, stack(0x000000b69c900000,0x000000b69ca00000)]
  0x00000212fe9c2870 JavaThread "File lock request listener" [_thread_in_native, id=12044, stack(0x000000b69ca00000,0x000000b69cb00000)]
  0x00000212fe9c2d40 JavaThread "Cache worker for file hash cache (C:\Users\User\.gradle\caches\8.0\fileHashes)" [_thread_blocked, id=16464, stack(0x000000b69cb00000,0x000000b69cc00000)]
  0x00000212fe9c1060 JavaThread "File watcher server" daemon [_thread_in_native, id=16828, stack(0x000000b69cc00000,0x000000b69cd00000)]
  0x00000212fe9c3bb0 JavaThread "File watcher consumer" daemon [_thread_blocked, id=6896, stack(0x000000b69cd00000,0x000000b69ce00000)]
  0x00000212fe9c4080 JavaThread "Cache worker for checksums cache (C:\Users\User\AndroidStudioProjects\RepairPal\.gradle\8.0\checksums)" [_thread_blocked, id=16616, stack(0x000000b69ce00000,0x000000b69cf00000)]
  0x00000212fe9c1530 JavaThread "Cache worker for cache directory md-rule (C:\Users\User\.gradle\caches\8.0\md-rule)" [_thread_blocked, id=16492, stack(0x000000b69cf00000,0x000000b69d000000)]
  0x00000212fe9c1a00 JavaThread "Cache worker for file content cache (C:\Users\User\.gradle\caches\8.0\fileContent)" [_thread_blocked, id=13600, stack(0x000000b69d000000,0x000000b69d100000)]
  0x00000212fe9c36e0 JavaThread "Cache worker for file hash cache (C:\Users\User\AndroidStudioProjects\RepairPal\.gradle\8.0\fileHashes)" [_thread_blocked, id=12644, stack(0x000000b69d100000,0x000000b69d200000)]
  0x00000212fe9c1ed0 JavaThread "Cache worker for cache directory md-supplier (C:\Users\User\.gradle\caches\8.0\md-supplier)" [_thread_blocked, id=9308, stack(0x000000b69d200000,0x000000b69d300000)]
  0x00000212fe9c4a20 JavaThread "Cache worker for execution history cache (C:\Users\User\.gradle\caches\8.0\executionHistory)" [_thread_blocked, id=14792, stack(0x000000b69d300000,0x000000b69d400000)]
  0x00000212fe9c4550 JavaThread "jar transforms" [_thread_blocked, id=14180, stack(0x000000b69d400000,0x000000b69d500000)]
  0x00000212fe9c3210 JavaThread "jar transforms Thread 2" [_thread_blocked, id=6972, stack(0x000000b69d500000,0x000000b69d600000)]
  0x00000212fe9c5d60 JavaThread "Cache worker for kotlin-dsl (C:\Users\User\.gradle\caches\8.0\kotlin-dsl)" [_thread_blocked, id=5980, stack(0x000000b69d600000,0x000000b69d700000)]
  0x00000212fe9c6230 JavaThread "jar transforms Thread 3" [_thread_blocked, id=7284, stack(0x000000b69d700000,0x000000b69d800000)]
  0x00000212fe9beeb0 JavaThread "jar transforms Thread 4" [_thread_blocked, id=1096, stack(0x000000b69d800000,0x000000b69d900000)]
  0x00000212fe9bf380 JavaThread "Cache worker for dependencies-accessors (C:\Users\User\AndroidStudioProjects\RepairPal\.gradle\8.0\dependencies-accessors)" [_thread_blocked, id=12196, stack(0x000000b69d900000,0x000000b69da00000)]
  0x00000212fe9c0b90 JavaThread "Cache worker for Build Output Cleanup Cache (C:\Users\User\AndroidStudioProjects\RepairPal\.gradle\buildOutputCleanup)" [_thread_blocked, id=12516, stack(0x000000b69da00000,0x000000b69db00000)]
  0x00000212fe9bf850 JavaThread "jar transforms Thread 5" [_thread_blocked, id=10860, stack(0x000000b69db00000,0x000000b69dc00000)]
=>0x00000212fd5d6280 JavaThread "C2 CompilerThread1" daemon [_thread_in_native, id=13304, stack(0x000000b69b500000,0x000000b69b600000)]
  0x00000212fe9c01f0 JavaThread "Unconstrained build operations" [_thread_blocked, id=9588, stack(0x000000b69dc00000,0x000000b69dd00000)]
  0x00000212823cca10 JavaThread "Unconstrained build operations Thread 2" [_thread_blocked, id=11632, stack(0x000000b69dd00000,0x000000b69de00000)]
  0x00000212823cb200 JavaThread "Unconstrained build operations Thread 3" [_thread_blocked, id=10128, stack(0x000000b69de00000,0x000000b69df00000)]
  0x00000212823cd3b0 JavaThread "Unconstrained build operations Thread 4" [_thread_blocked, id=10068, stack(0x000000b69df00000,0x000000b69e000000)]
  0x00000212823ccee0 JavaThread "Unconstrained build operations Thread 5" [_thread_blocked, id=4468, stack(0x000000b69e000000,0x000000b69e100000)]
  0x00000212823cd880 JavaThread "Unconstrained build operations Thread 6" [_thread_blocked, id=16996, stack(0x000000b69e100000,0x000000b69e200000)]
  0x00000212823c9050 JavaThread "Unconstrained build operations Thread 7" [_thread_blocked, id=12036, stack(0x000000b69e200000,0x000000b69e300000)]
  0x00000212823cdd50 JavaThread "Unconstrained build operations Thread 8" [_thread_blocked, id=13596, stack(0x000000b69e300000,0x000000b69e400000)]
  0x00000212823c99f0 JavaThread "Unconstrained build operations Thread 9" [_thread_blocked, id=9932, stack(0x000000b69e400000,0x000000b69e500000)]
  0x00000212823ce220 JavaThread "Unconstrained build operations Thread 10" [_thread_blocked, id=9960, stack(0x000000b69e500000,0x000000b69e600000)]
  0x00000212823ca390 JavaThread "Unconstrained build operations Thread 11" [_thread_blocked, id=7496, stack(0x000000b69e600000,0x000000b69e700000)]
  0x00000212823ce6f0 JavaThread "Unconstrained build operations Thread 12" [_thread_blocked, id=3660, stack(0x000000b69e700000,0x000000b69e800000)]
  0x00000212823cebc0 JavaThread "Unconstrained build operations Thread 13" [_thread_blocked, id=13912, stack(0x000000b69e800000,0x000000b69e900000)]
  0x00000212823cf090 JavaThread "Unconstrained build operations Thread 14" [_thread_blocked, id=10216, stack(0x000000b69e900000,0x000000b69ea00000)]
  0x00000212823cf560 JavaThread "Unconstrained build operations Thread 15" [_thread_blocked, id=3124, stack(0x000000b69ea00000,0x000000b69eb00000)]
  0x00000212823cb6d0 JavaThread "Unconstrained build operations Thread 16" [_thread_blocked, id=4396, stack(0x000000b69eb00000,0x000000b69ec00000)]
  0x00000212823cc540 JavaThread "Unconstrained build operations Thread 17" [_thread_blocked, id=8404, stack(0x000000b69ec00000,0x000000b69ed00000)]
  0x00000212823cfa30 JavaThread "Unconstrained build operations Thread 18" [_thread_blocked, id=14332, stack(0x000000b69ed00000,0x000000b69ee00000)]
  0x00000212823cff00 JavaThread "Unconstrained build operations Thread 19" [_thread_blocked, id=14996, stack(0x000000b69ee00000,0x000000b69ef00000)]
  0x00000212823c9520 JavaThread "Unconstrained build operations Thread 20" [_thread_blocked, id=6156, stack(0x000000b69ef00000,0x000000b69f000000)]
  0x00000212823c86b0 JavaThread "Unconstrained build operations Thread 21" [_thread_blocked, id=9312, stack(0x000000b69f000000,0x000000b69f100000)]
  0x00000212823cbba0 JavaThread "Unconstrained build operations Thread 22" [_thread_blocked, id=3736, stack(0x000000b69f100000,0x000000b69f200000)]
  0x00000212823cc070 JavaThread "Unconstrained build operations Thread 23" [_thread_blocked, id=6464, stack(0x000000b69f200000,0x000000b69f300000)]
  0x00000212823c8b80 JavaThread "Unconstrained build operations Thread 24" [_thread_blocked, id=1616, stack(0x000000b69f300000,0x000000b69f400000)]
  0x00000212823c9ec0 JavaThread "Unconstrained build operations Thread 25" [_thread_blocked, id=7268, stack(0x000000b69f400000,0x000000b69f500000)]
  0x00000212823ca860 JavaThread "Unconstrained build operations Thread 26" [_thread_blocked, id=7356, stack(0x000000b69f500000,0x000000b69f600000)]
  0x00000212823cad30 JavaThread "Unconstrained build operations Thread 27" [_thread_blocked, id=1600, stack(0x000000b69f600000,0x000000b69f700000)]
  0x00000212805e4b40 JavaThread "Unconstrained build operations Thread 28" [_thread_blocked, id=13680, stack(0x000000b69f700000,0x000000b69f800000)]
  0x00000212805e24c0 JavaThread "Unconstrained build operations Thread 29" [_thread_blocked, id=5968, stack(0x000000b69f800000,0x000000b69f900000)]
  0x00000212805e0310 JavaThread "Unconstrained build operations Thread 30" [_thread_blocked, id=11016, stack(0x000000b69f900000,0x000000b69fa00000)]
  0x00000212805e3800 JavaThread "Unconstrained build operations Thread 31" [_thread_blocked, id=11912, stack(0x000000b69fa00000,0x000000b69fb00000)]
  0x00000212805e1ff0 JavaThread "Unconstrained build operations Thread 32" [_thread_blocked, id=9408, stack(0x000000b69fb00000,0x000000b69fc00000)]
  0x00000212805e1650 JavaThread "Unconstrained build operations Thread 33" [_thread_blocked, id=10584, stack(0x000000b69fc00000,0x000000b69fd00000)]
  0x00000212805e3330 JavaThread "Unconstrained build operations Thread 34" [_thread_blocked, id=15104, stack(0x000000b69fd00000,0x000000b69fe00000)]
  0x00000212805e1b20 JavaThread "Unconstrained build operations Thread 35" [_thread_blocked, id=15908, stack(0x000000b69fe00000,0x000000b69ff00000)]
  0x00000212805e4670 JavaThread "Unconstrained build operations Thread 36" [_thread_blocked, id=1688, stack(0x000000b69ff00000,0x000000b6a0000000)]
  0x00000212805df4a0 JavaThread "Unconstrained build operations Thread 37" [_thread_blocked, id=14136, stack(0x000000b6a0000000,0x000000b6a0100000)]
  0x00000212805e2990 JavaThread "Unconstrained build operations Thread 38" [_thread_blocked, id=7732, stack(0x000000b6a0100000,0x000000b6a0200000)]
  0x00000212805dfe40 JavaThread "Unconstrained build operations Thread 39" [_thread_blocked, id=14248, stack(0x000000b6a0200000,0x000000b6a0300000)]
  0x00000212805ddc90 JavaThread "Unconstrained build operations Thread 40" [_thread_blocked, id=12240, stack(0x000000b6a0300000,0x000000b6a0400000)]
  0x00000212805e5010 JavaThread "Unconstrained build operations Thread 41" [_thread_blocked, id=12368, stack(0x000000b6a0400000,0x000000b6a0500000)]
  0x00000212805df970 JavaThread "Unconstrained build operations Thread 42" [_thread_blocked, id=4456, stack(0x000000b6a0500000,0x000000b6a0600000)]
  0x00000212805e1180 JavaThread "Unconstrained build operations Thread 43" [_thread_blocked, id=9132, stack(0x000000b6a0600000,0x000000b6a0700000)]
  0x00000212805e07e0 JavaThread "Unconstrained build operations Thread 44" [_thread_blocked, id=10184, stack(0x000000b6a0700000,0x000000b6a0800000)]
  0x00000212805de160 JavaThread "Unconstrained build operations Thread 45" [_thread_blocked, id=9896, stack(0x000000b6a0800000,0x000000b6a0900000)]
  0x00000212805deb00 JavaThread "Unconstrained build operations Thread 46" [_thread_blocked, id=8984, stack(0x000000b6a0900000,0x000000b6a0a00000)]
  0x00000212805e3cd0 JavaThread "Unconstrained build operations Thread 47" [_thread_blocked, id=7780, stack(0x000000b6a0a00000,0x000000b6a0b00000)]
  0x00000212805e2e60 JavaThread "Unconstrained build operations Thread 48" [_thread_blocked, id=2704, stack(0x000000b6a0b00000,0x000000b6a0c00000)]
  0x00000212805e0cb0 JavaThread "Unconstrained build operations Thread 49" [_thread_blocked, id=14592, stack(0x000000b6a0c00000,0x000000b6a0d00000)]
  0x00000212805defd0 JavaThread "Unconstrained build operations Thread 50" [_thread_blocked, id=9356, stack(0x000000b6a0d00000,0x000000b6a0e00000)]
  0x00000212805e41a0 JavaThread "Unconstrained build operations Thread 51" [_thread_blocked, id=7820, stack(0x000000b6a0e00000,0x000000b6a0f00000)]
  0x00000212805dd7c0 JavaThread "Unconstrained build operations Thread 52" [_thread_blocked, id=7092, stack(0x000000b6a0f00000,0x000000b6a1000000)]
  0x00000212805de630 JavaThread "Unconstrained build operations Thread 53" [_thread_blocked, id=8956, stack(0x000000b6a1000000,0x000000b6a1100000)]
  0x0000021280e44020 JavaThread "Unconstrained build operations Thread 54" [_thread_blocked, id=10368, stack(0x000000b6a1100000,0x000000b6a1200000)]
  0x0000021280e466a0 JavaThread "Unconstrained build operations Thread 55" [_thread_blocked, id=10244, stack(0x000000b6a1200000,0x000000b6a1300000)]
  0x0000021280e41000 JavaThread "Unconstrained build operations Thread 56" [_thread_blocked, id=16552, stack(0x000000b6a1300000,0x000000b6a1400000)]
  0x0000021280e47510 JavaThread "Unconstrained build operations Thread 57" [_thread_blocked, id=14532, stack(0x000000b6a1400000,0x000000b6a1500000)]
  0x0000021280e42ce0 JavaThread "Unconstrained build operations Thread 58" [_thread_blocked, id=15448, stack(0x000000b6a1500000,0x000000b6a1600000)]
  0x0000021280e431b0 JavaThread "Unconstrained build operations Thread 59" [_thread_blocked, id=5900, stack(0x000000b6a1600000,0x000000b6a1700000)]
  0x0000021280e461d0 JavaThread "Unconstrained build operations Thread 60" [_thread_blocked, id=6460, stack(0x000000b6a1700000,0x000000b6a1800000)]
  0x0000021280e40b30 JavaThread "Unconstrained build operations Thread 61" [_thread_blocked, id=16840, stack(0x000000b6a1800000,0x000000b6a1900000)]
  0x0000021280e46b70 JavaThread "Unconstrained build operations Thread 62" [_thread_blocked, id=2372, stack(0x000000b6a1900000,0x000000b6a1a00000)]
  0x0000021280e444f0 JavaThread "Unconstrained build operations Thread 63" [_thread_blocked, id=8456, stack(0x000000b6a1a00000,0x000000b6a1b00000)]
  0x0000021280e43680 JavaThread "Unconstrained build operations Thread 64" [_thread_blocked, id=12456, stack(0x000000b6a1b00000,0x000000b6a1c00000)]
  0x0000021280e47040 JavaThread "Unconstrained build operations Thread 65" [_thread_blocked, id=8656, stack(0x000000b6a1c00000,0x000000b6a1d00000)]
  0x0000021280e3fcc0 JavaThread "Unconstrained build operations Thread 66" [_thread_blocked, id=7040, stack(0x000000b6a1d00000,0x000000b6a1e00000)]
  0x0000021280e41e70 JavaThread "Unconstrained build operations Thread 67" [_thread_blocked, id=12720, stack(0x000000b6a1e00000,0x000000b6a1f00000)]
  0x0000021280e40190 JavaThread "Unconstrained build operations Thread 68" [_thread_blocked, id=7560, stack(0x000000b6a1f00000,0x000000b6a2000000)]
  0x0000021280e40660 JavaThread "Unconstrained build operations Thread 69" [_thread_blocked, id=1596, stack(0x000000b6a2000000,0x000000b6a2100000)]
  0x0000021280e414d0 JavaThread "Unconstrained build operations Thread 70" [_thread_blocked, id=12776, stack(0x000000b6a2100000,0x000000b6a2200000)]
  0x0000021280e42810 JavaThread "Unconstrained build operations Thread 71" [_thread_blocked, id=9920, stack(0x000000b6a2200000,0x000000b6a2300000)]
  0x0000021280e42340 JavaThread "Unconstrained build operations Thread 72" [_thread_blocked, id=6080, stack(0x000000b6a2300000,0x000000b6a2400000)]
  0x0000021280e419a0 JavaThread "Unconstrained build operations Thread 73" [_thread_blocked, id=15880, stack(0x000000b6a2400000,0x000000b6a2500000)]
  0x0000021280e43b50 JavaThread "Unconstrained build operations Thread 74" [_thread_blocked, id=11644, stack(0x000000b6a2500000,0x000000b6a2600000)]
  0x0000021280e449c0 JavaThread "Unconstrained build operations Thread 75" [_thread_blocked, id=11516, stack(0x000000b6a2600000,0x000000b6a2700000)]
  0x0000021280e44e90 JavaThread "Unconstrained build operations Thread 76" [_thread_blocked, id=6576, stack(0x000000b6a2700000,0x000000b6a2800000)]
  0x0000021280e45360 JavaThread "Unconstrained build operations Thread 77" [_thread_blocked, id=3484, stack(0x000000b6a2800000,0x000000b6a2900000)]
  0x0000021280e45830 JavaThread "Unconstrained build operations Thread 78" [_thread_blocked, id=2996, stack(0x000000b6a2900000,0x000000b6a2a00000)]
  0x0000021280e45d00 JavaThread "Unconstrained build operations Thread 79" [_thread_blocked, id=3740, stack(0x000000b6a2a00000,0x000000b6a2b00000)]
  0x00000212833b65e0 JavaThread "Unconstrained build operations Thread 80" [_thread_blocked, id=13708, stack(0x000000b6a2b00000,0x000000b6a2c00000)]
  0x00000212833bbc80 JavaThread "jar transforms Thread 6" [_thread_blocked, id=7428, stack(0x000000b6a2c00000,0x000000b6a2d00000)]
  0x00000212833bc620 JavaThread "jar transforms Thread 7" [_thread_blocked, id=11312, stack(0x000000b6a2d00000,0x000000b6a2e00000)]
  0x00000212833bae10 JavaThread "jar transforms Thread 8" [_thread_blocked, id=12520, stack(0x000000b6a2e00000,0x000000b6a2f00000)]
  0x00000212833b6ab0 JavaThread "build event listener" [_thread_blocked, id=16820, stack(0x000000b6a2f00000,0x000000b6a3000000)]
  0x00000212833b5770 JavaThread "Memory manager" [_thread_blocked, id=13148, stack(0x000000b6a3000000,0x000000b6a3100000)]
  0x00000212833b7df0 JavaThread "pool-3-thread-1" [_thread_blocked, id=7388, stack(0x000000b6a3100000,0x000000b6a3200000)]
  0x00000212833b9ad0 JavaThread "build event listener" [_thread_blocked, id=15308, stack(0x000000b6a3200000,0x000000b6a3300000)]
  0x00000212833b8790 JavaThread "included builds" [_thread_blocked, id=2584, stack(0x000000b69b600000,0x000000b69b700000)]
  0x00000212833b6110 JavaThread "Execution worker" [_thread_blocked, id=14020, stack(0x000000b6a3300000,0x000000b6a3400000)]
  0x00000212833b7450 JavaThread "Execution worker Thread 2" [_thread_blocked, id=9708, stack(0x000000b6a3400000,0x000000b6a3500000)]
  0x00000212833b9600 JavaThread "Execution worker Thread 3" [_thread_blocked, id=17220, stack(0x000000b6a3500000,0x000000b6a3600000)]
  0x00000212833ba470 JavaThread "Execution worker Thread 4" [_thread_blocked, id=2884, stack(0x000000b6a3600000,0x000000b6a3700000)]
  0x00000212833ba940 JavaThread "Execution worker Thread 5" [_thread_in_native, id=16832, stack(0x000000b6a3700000,0x000000b6a3800000)]
  0x00000212fc1ea9b0 JavaThread "Execution worker Thread 6" [_thread_blocked, id=11680, stack(0x000000b6a3800000,0x000000b6a3900000)]
  0x0000021280cc08f0 JavaThread "Execution worker Thread 7" [_thread_blocked, id=11356, stack(0x000000b6a3900000,0x000000b6a3a00000)]
  0x0000021280cc25d0 JavaThread "Cache worker for execution history cache (C:\Users\User\AndroidStudioProjects\RepairPal\.gradle\8.0\executionHistory)" [_thread_blocked, id=4352, stack(0x000000b6a3a00000,0x000000b6a3b00000)]

Other Threads:
  0x00000212fb5be970 VMThread "VM Thread" [stack: 0x000000b69a800000,0x000000b69a900000] [id=6912]
  0x00000212fc1edc40 WatcherThread [stack: 0x000000b69b400000,0x000000b69b500000] [id=4568]
  0x00000212e17c91d0 GCTaskThread "GC Thread#0" [stack: 0x000000b69a300000,0x000000b69a400000] [id=14608]
  0x00000212fc3015c0 GCTaskThread "GC Thread#1" [stack: 0x000000b69b700000,0x000000b69b800000] [id=12204]
  0x00000212fc302890 GCTaskThread "GC Thread#2" [stack: 0x000000b69b800000,0x000000b69b900000] [id=13728]
  0x00000212fc302330 GCTaskThread "GC Thread#3" [stack: 0x000000b69b900000,0x000000b69ba00000] [id=13812]
  0x00000212fc301dd0 GCTaskThread "GC Thread#4" [stack: 0x000000b69ba00000,0x000000b69bb00000] [id=9224]
  0x00000212fc301b20 GCTaskThread "GC Thread#5" [stack: 0x000000b69c500000,0x000000b69c600000] [id=6268]
  0x00000212fc3025e0 GCTaskThread "GC Thread#6" [stack: 0x000000b69c600000,0x000000b69c700000] [id=4792]
  0x00000212fc302080 GCTaskThread "GC Thread#7" [stack: 0x000000b69c700000,0x000000b69c800000] [id=15488]
  0x00000212e17da110 ConcurrentGCThread "G1 Main Marker" [stack: 0x000000b69a400000,0x000000b69a500000] [id=10884]
  0x00000212e17dab20 ConcurrentGCThread "G1 Conc#0" [stack: 0x000000b69a500000,0x000000b69a600000] [id=2436]
  0x00000212fea0a320 ConcurrentGCThread "G1 Conc#1" [stack: 0x000000b69c800000,0x000000b69c900000] [id=9988]
  0x00000212e182eb00 ConcurrentGCThread "G1 Refine#0" [stack: 0x000000b69a600000,0x000000b69a700000] [id=16368]
  0x00000212fb414620 ConcurrentGCThread "G1 Service" [stack: 0x000000b69a700000,0x000000b69a800000] [id=13984]

Threads with active compile tasks:
C2 CompilerThread1     9153 9746   !   4       java.net.URL::<init> (543 bytes)

VM state: not at safepoint (normal execution)

VM Mutex/Monitor currently owned by a thread: None

Heap address: 0x0000000080000000, size: 2048 MB, Compressed Oops mode: 32-bit

CDS archive(s) not mapped
Compressed class space mapped at: 0x0000000100000000-0x0000000140000000, reserved size: 1073741824
Narrow klass base: 0x0000000000000000, Narrow klass shift: 3, Narrow klass range: 0x140000000

GC Precious Log:
 CPUs: 8 total, 8 available
 Memory: 7991M
 Large Page Support: Disabled
 NUMA Support: Disabled
 Compressed Oops: Enabled (32-bit)
 Heap Region Size: 1M
 Heap Min Capacity: 8M
 Heap Initial Capacity: 126M
 Heap Max Capacity: 2G
 Pre-touch: Disabled
 Parallel Workers: 8
 Concurrent Workers: 2
 Concurrent Refinement Workers: 8
 Periodic GC: Disabled

Heap:
 garbage-first heap   total 195584K, used 96072K [0x0000000080000000, 0x0000000100000000)
  region size 1024K, 14 young (14336K), 5 survivors (5120K)
 Metaspace       used 90064K, committed 90752K, reserved 1130496K
  class space    used 12096K, committed 12416K, reserved 1048576K

Heap Regions: E=young(eden), S=young(survivor), O=old, HS=humongous(starts), HC=humongous(continues), CS=collection set, F=free, OA=open archive, CA=closed archive, TAMS=top-at-mark-start (previous, next)
|   0|0x0000000080000000, 0x0000000080100000, 0x0000000080100000|100%|HS|  |TAMS 0x0000000080100000, 0x0000000080100000| Complete 
|   1|0x0000000080100000, 0x0000000080200000, 0x0000000080200000|100%|HC|  |TAMS 0x0000000080200000, 0x0000000080200000| Complete 
|   2|0x0000000080200000, 0x0000000080300000, 0x0000000080300000|100%|HC|  |TAMS 0x0000000080300000, 0x0000000080300000| Complete 
|   3|0x0000000080300000, 0x0000000080400000, 0x0000000080400000|100%|HC|  |TAMS 0x0000000080400000, 0x0000000080400000| Complete 
|   4|0x0000000080400000, 0x0000000080500000, 0x0000000080500000|100%| O|  |TAMS 0x0000000080500000, 0x0000000080500000| Untracked 
|   5|0x0000000080500000, 0x0000000080600000, 0x0000000080600000|100%| O|  |TAMS 0x0000000080600000, 0x0000000080600000| Untracked 
|   6|0x0000000080600000, 0x0000000080700000, 0x0000000080700000|100%| O|  |TAMS 0x0000000080700000, 0x0000000080700000| Untracked 
|   7|0x0000000080700000, 0x0000000080800000, 0x0000000080800000|100%| O|  |TAMS 0x0000000080800000, 0x0000000080800000| Untracked 
|   8|0x0000000080800000, 0x0000000080900000, 0x0000000080900000|100%| O|  |TAMS 0x0000000080900000, 0x0000000080900000| Untracked 
|   9|0x0000000080900000, 0x0000000080a00000, 0x0000000080a00000|100%| O|  |TAMS 0x0000000080a00000, 0x0000000080a00000| Untracked 
|  10|0x0000000080a00000, 0x0000000080b00000, 0x0000000080b00000|100%| O|  |TAMS 0x0000000080b00000, 0x0000000080b00000| Untracked 
|  11|0x0000000080b00000, 0x0000000080c00000, 0x0000000080c00000|100%| O|  |TAMS 0x0000000080c00000, 0x0000000080c00000| Untracked 
|  12|0x0000000080c00000, 0x0000000080d00000, 0x0000000080d00000|100%| O|  |TAMS 0x0000000080d00000, 0x0000000080d00000| Untracked 
|  13|0x0000000080d00000, 0x0000000080e00000, 0x0000000080e00000|100%| O|  |TAMS 0x0000000080e00000, 0x0000000080e00000| Untracked 
|  14|0x0000000080e00000, 0x0000000080f00000, 0x0000000080f00000|100%| O|  |TAMS 0x0000000080f00000, 0x0000000080f00000| Untracked 
|  15|0x0000000080f00000, 0x0000000081000000, 0x0000000081000000|100%| O|  |TAMS 0x0000000081000000, 0x0000000081000000| Untracked 
|  16|0x0000000081000000, 0x0000000081100000, 0x0000000081100000|100%| O|  |TAMS 0x0000000081100000, 0x0000000081100000| Untracked 
|  17|0x0000000081100000, 0x0000000081200000, 0x0000000081200000|100%| O|  |TAMS 0x0000000081200000, 0x0000000081200000| Untracked 
|  18|0x0000000081200000, 0x0000000081300000, 0x0000000081300000|100%| O|  |TAMS 0x0000000081300000, 0x0000000081300000| Untracked 
|  19|0x0000000081300000, 0x0000000081400000, 0x0000000081400000|100%| O|  |TAMS 0x0000000081400000, 0x0000000081400000| Untracked 
|  20|0x0000000081400000, 0x0000000081500000, 0x0000000081500000|100%| O|  |TAMS 0x0000000081500000, 0x0000000081500000| Untracked 
|  21|0x0000000081500000, 0x0000000081600000, 0x0000000081600000|100%| O|  |TAMS 0x0000000081600000, 0x0000000081600000| Untracked 
|  22|0x0000000081600000, 0x0000000081700000, 0x0000000081700000|100%| O|  |TAMS 0x0000000081700000, 0x0000000081700000| Untracked 
|  23|0x0000000081700000, 0x0000000081800000, 0x0000000081800000|100%| O|  |TAMS 0x0000000081800000, 0x0000000081800000| Untracked 
|  24|0x0000000081800000, 0x0000000081900000, 0x0000000081900000|100%| O|  |TAMS 0x0000000081900000, 0x0000000081900000| Untracked 
|  25|0x0000000081900000, 0x0000000081a00000, 0x0000000081a00000|100%| O|  |TAMS 0x0000000081a00000, 0x0000000081a00000| Untracked 
|  26|0x0000000081a00000, 0x0000000081b00000, 0x0000000081b00000|100%| O|  |TAMS 0x0000000081b00000, 0x0000000081b00000| Untracked 
|  27|0x0000000081b00000, 0x0000000081c00000, 0x0000000081c00000|100%| O|  |TAMS 0x0000000081c00000, 0x0000000081c00000| Untracked 
|  28|0x0000000081c00000, 0x0000000081d00000, 0x0000000081d00000|100%| O|  |TAMS 0x0000000081d00000, 0x0000000081d00000| Untracked 
|  29|0x0000000081d00000, 0x0000000081e00000, 0x0000000081e00000|100%|HS|  |TAMS 0x0000000081e00000, 0x0000000081e00000| Complete 
|  30|0x0000000081e00000, 0x0000000081f00000, 0x0000000081f00000|100%|HS|  |TAMS 0x0000000081f00000, 0x0000000081f00000| Complete 
|  31|0x0000000081f00000, 0x0000000082000000, 0x0000000082000000|100%|HS|  |TAMS 0x0000000082000000, 0x0000000082000000| Complete 
|  32|0x0000000082000000, 0x0000000082100000, 0x0000000082100000|100%|HC|  |TAMS 0x0000000082100000, 0x0000000082100000| Complete 
|  33|0x0000000082100000, 0x0000000082200000, 0x0000000082200000|100%|HS|  |TAMS 0x0000000082200000, 0x0000000082200000| Complete 
|  34|0x0000000082200000, 0x0000000082300000, 0x0000000082300000|100%| O|  |TAMS 0x0000000082300000, 0x0000000082300000| Untracked 
|  35|0x0000000082300000, 0x0000000082400000, 0x0000000082400000|100%| O|  |TAMS 0x0000000082400000, 0x0000000082400000| Untracked 
|  36|0x0000000082400000, 0x0000000082500000, 0x0000000082500000|100%| O|  |TAMS 0x0000000082500000, 0x0000000082500000| Untracked 
|  37|0x0000000082500000, 0x0000000082600000, 0x0000000082600000|100%| O|  |TAMS 0x0000000082600000, 0x0000000082600000| Untracked 
|  38|0x0000000082600000, 0x0000000082700000, 0x0000000082700000|100%| O|  |TAMS 0x0000000082700000, 0x0000000082700000| Untracked 
|  39|0x0000000082700000, 0x0000000082800000, 0x0000000082800000|100%| O|  |TAMS 0x000000008270a400, 0x0000000082800000| Untracked 
|  40|0x0000000082800000, 0x0000000082900000, 0x0000000082900000|100%|HS|  |TAMS 0x0000000082900000, 0x0000000082900000| Complete 
|  41|0x0000000082900000, 0x0000000082a00000, 0x0000000082a00000|100%|HC|  |TAMS 0x0000000082a00000, 0x0000000082a00000| Complete 
|  42|0x0000000082a00000, 0x0000000082b00000, 0x0000000082b00000|100%|HC|  |TAMS 0x0000000082b00000, 0x0000000082b00000| Complete 
|  43|0x0000000082b00000, 0x0000000082c00000, 0x0000000082c00000|100%|HC|  |TAMS 0x0000000082c00000, 0x0000000082c00000| Complete 
|  44|0x0000000082c00000, 0x0000000082d00000, 0x0000000082d00000|100%| O|  |TAMS 0x0000000082c00000, 0x0000000082d00000| Untracked 
|  45|0x0000000082d00000, 0x0000000082e00000, 0x0000000082e00000|100%| O|  |TAMS 0x0000000082d00000, 0x0000000082e00000| Untracked 
|  46|0x0000000082e00000, 0x0000000082f00000, 0x0000000082f00000|100%| O|  |TAMS 0x0000000082e00000, 0x0000000082f00000| Untracked 
|  47|0x0000000082f00000, 0x0000000083000000, 0x0000000083000000|100%| O|  |TAMS 0x0000000082f00000, 0x0000000083000000| Untracked 
|  48|0x0000000083000000, 0x0000000083100000, 0x0000000083100000|100%| O|  |TAMS 0x0000000083000000, 0x0000000083100000| Untracked 
|  49|0x0000000083100000, 0x0000000083200000, 0x0000000083200000|100%| O|  |TAMS 0x0000000083100000, 0x0000000083200000| Untracked 
|  50|0x0000000083200000, 0x0000000083300000, 0x0000000083300000|100%| O|  |TAMS 0x0000000083200000, 0x0000000083300000| Untracked 
|  51|0x0000000083300000, 0x0000000083400000, 0x0000000083400000|100%| O|  |TAMS 0x0000000083300000, 0x0000000083400000| Untracked 
|  52|0x0000000083400000, 0x0000000083500000, 0x0000000083500000|100%| O|  |TAMS 0x0000000083400000, 0x0000000083500000| Untracked 
|  53|0x0000000083500000, 0x0000000083600000, 0x0000000083600000|100%| O|  |TAMS 0x0000000083500000, 0x0000000083600000| Untracked 
|  54|0x0000000083600000, 0x0000000083700000, 0x0000000083700000|100%| O|  |TAMS 0x0000000083600000, 0x0000000083700000| Untracked 
|  55|0x0000000083700000, 0x0000000083800000, 0x0000000083800000|100%| O|  |TAMS 0x0000000083700000, 0x0000000083800000| Untracked 
|  56|0x0000000083800000, 0x0000000083900000, 0x0000000083900000|100%| O|  |TAMS 0x0000000083800000, 0x0000000083900000| Untracked 
|  57|0x0000000083900000, 0x0000000083a00000, 0x0000000083a00000|100%| O|  |TAMS 0x0000000083900000, 0x0000000083a00000| Untracked 
|  58|0x0000000083a00000, 0x0000000083b00000, 0x0000000083b00000|100%| O|  |TAMS 0x0000000083a00000, 0x0000000083b00000| Untracked 
|  59|0x0000000083b00000, 0x0000000083c00000, 0x0000000083c00000|100%| O|  |TAMS 0x0000000083b00000, 0x0000000083c00000| Untracked 
|  60|0x0000000083c00000, 0x0000000083d00000, 0x0000000083d00000|100%| O|  |TAMS 0x0000000083c00000, 0x0000000083d00000| Untracked 
|  61|0x0000000083d00000, 0x0000000083e00000, 0x0000000083e00000|100%| O|  |TAMS 0x0000000083d00000, 0x0000000083e00000| Untracked 
|  62|0x0000000083e00000, 0x0000000083f00000, 0x0000000083f00000|100%| O|  |TAMS 0x0000000083e00000, 0x0000000083f00000| Untracked 
|  63|0x0000000083f00000, 0x0000000084000000, 0x0000000084000000|100%| O|  |TAMS 0x0000000083f00000, 0x0000000084000000| Untracked 
|  64|0x0000000084000000, 0x0000000084100000, 0x0000000084100000|100%| O|  |TAMS 0x0000000084000000, 0x0000000084100000| Untracked 
|  65|0x0000000084100000, 0x0000000084200000, 0x0000000084200000|100%| O|  |TAMS 0x0000000084100000, 0x0000000084200000| Untracked 
|  66|0x0000000084200000, 0x0000000084300000, 0x0000000084300000|100%| O|  |TAMS 0x0000000084200000, 0x0000000084300000| Untracked 
|  67|0x0000000084300000, 0x0000000084400000, 0x0000000084400000|100%| O|  |TAMS 0x0000000084300000, 0x0000000084400000| Untracked 
|  68|0x0000000084400000, 0x0000000084500000, 0x0000000084500000|100%| O|  |TAMS 0x0000000084400000, 0x0000000084500000| Untracked 
|  69|0x0000000084500000, 0x0000000084600000, 0x0000000084600000|100%| O|  |TAMS 0x0000000084500000, 0x0000000084600000| Untracked 
|  70|0x0000000084600000, 0x0000000084700000, 0x0000000084700000|100%| O|  |TAMS 0x0000000084600000, 0x0000000084700000| Untracked 
|  71|0x0000000084700000, 0x0000000084800000, 0x0000000084800000|100%| O|  |TAMS 0x0000000084700000, 0x0000000084800000| Untracked 
|  72|0x0000000084800000, 0x0000000084900000, 0x0000000084900000|100%| O|  |TAMS 0x0000000084800000, 0x0000000084800000| Untracked 
|  73|0x0000000084900000, 0x0000000084a00000, 0x0000000084a00000|100%| O|  |TAMS 0x0000000084900000, 0x0000000084900000| Untracked 
|  74|0x0000000084a00000, 0x0000000084b00000, 0x0000000084b00000|100%| O|  |TAMS 0x0000000084a00000, 0x0000000084a00000| Untracked 
|  75|0x0000000084b00000, 0x0000000084c00000, 0x0000000084c00000|100%| O|  |TAMS 0x0000000084b00000, 0x0000000084b00000| Untracked 
|  76|0x0000000084c00000, 0x0000000084d00000, 0x0000000084d00000|100%| O|  |TAMS 0x0000000084c00000, 0x0000000084c00000| Untracked 
|  77|0x0000000084d00000, 0x0000000084e00000, 0x0000000084e00000|100%| O|  |TAMS 0x0000000084d00000, 0x0000000084d00000| Untracked 
|  78|0x0000000084e00000, 0x0000000084f00000, 0x0000000084f00000|100%| O|  |TAMS 0x0000000084e00000, 0x0000000084e00000| Untracked 
|  79|0x0000000084f00000, 0x0000000084ff9c00, 0x0000000085000000| 97%| O|  |TAMS 0x0000000084f00000, 0x0000000084f00000| Untracked 
|  80|0x0000000085000000, 0x0000000085100000, 0x0000000085100000|100%|HS|  |TAMS 0x0000000085000000, 0x0000000085000000| Complete 
|  81|0x0000000085100000, 0x0000000085100000, 0x0000000085200000|  0%| F|  |TAMS 0x0000000085100000, 0x0000000085100000| Untracked 
|  82|0x0000000085200000, 0x0000000085200000, 0x0000000085300000|  0%| F|  |TAMS 0x0000000085200000, 0x0000000085200000| Untracked 
|  83|0x0000000085300000, 0x0000000085300000, 0x0000000085400000|  0%| F|  |TAMS 0x0000000085300000, 0x0000000085300000| Untracked 
|  84|0x0000000085400000, 0x0000000085400000, 0x0000000085500000|  0%| F|  |TAMS 0x0000000085400000, 0x0000000085400000| Untracked 
|  85|0x0000000085500000, 0x0000000085500000, 0x0000000085600000|  0%| F|  |TAMS 0x0000000085500000, 0x0000000085500000| Untracked 
|  86|0x0000000085600000, 0x0000000085600000, 0x0000000085700000|  0%| F|  |TAMS 0x0000000085600000, 0x0000000085600000| Untracked 
|  87|0x0000000085700000, 0x0000000085700000, 0x0000000085800000|  0%| F|  |TAMS 0x0000000085700000, 0x0000000085700000| Untracked 
|  88|0x0000000085800000, 0x0000000085800000, 0x0000000085900000|  0%| F|  |TAMS 0x0000000085800000, 0x0000000085800000| Untracked 
|  89|0x0000000085900000, 0x0000000085900000, 0x0000000085a00000|  0%| F|  |TAMS 0x0000000085900000, 0x0000000085900000| Untracked 
|  90|0x0000000085a00000, 0x0000000085a00000, 0x0000000085b00000|  0%| F|  |TAMS 0x0000000085a00000, 0x0000000085a00000| Untracked 
|  91|0x0000000085b00000, 0x0000000085b00000, 0x0000000085c00000|  0%| F|  |TAMS 0x0000000085b00000, 0x0000000085b00000| Untracked 
|  92|0x0000000085c00000, 0x0000000085c00000, 0x0000000085d00000|  0%| F|  |TAMS 0x0000000085c00000, 0x0000000085c00000| Untracked 
|  93|0x0000000085d00000, 0x0000000085d00000, 0x0000000085e00000|  0%| F|  |TAMS 0x0000000085d00000, 0x0000000085d00000| Untracked 
|  94|0x0000000085e00000, 0x0000000085e00000, 0x0000000085f00000|  0%| F|  |TAMS 0x0000000085e00000, 0x0000000085e00000| Untracked 
|  95|0x0000000085f00000, 0x0000000085f00000, 0x0000000086000000|  0%| F|  |TAMS 0x0000000085f00000, 0x0000000085f00000| Untracked 
|  96|0x0000000086000000, 0x0000000086000000, 0x0000000086100000|  0%| F|  |TAMS 0x0000000086000000, 0x0000000086000000| Untracked 
|  97|0x0000000086100000, 0x0000000086100000, 0x0000000086200000|  0%| F|  |TAMS 0x0000000086100000, 0x0000000086100000| Untracked 
|  98|0x0000000086200000, 0x0000000086200000, 0x0000000086300000|  0%| F|  |TAMS 0x0000000086200000, 0x0000000086200000| Untracked 
|  99|0x0000000086300000, 0x0000000086300000, 0x0000000086400000|  0%| F|  |TAMS 0x0000000086300000, 0x0000000086300000| Untracked 
| 100|0x0000000086400000, 0x0000000086400000, 0x0000000086500000|  0%| F|  |TAMS 0x0000000086400000, 0x0000000086400000| Untracked 
| 101|0x0000000086500000, 0x0000000086500000, 0x0000000086600000|  0%| F|  |TAMS 0x0000000086500000, 0x0000000086500000| Untracked 
| 102|0x0000000086600000, 0x0000000086600000, 0x0000000086700000|  0%| F|  |TAMS 0x0000000086600000, 0x0000000086600000| Untracked 
| 103|0x0000000086700000, 0x0000000086700000, 0x0000000086800000|  0%| F|  |TAMS 0x0000000086700000, 0x0000000086700000| Untracked 
| 104|0x0000000086800000, 0x0000000086800000, 0x0000000086900000|  0%| F|  |TAMS 0x0000000086800000, 0x0000000086800000| Untracked 
| 105|0x0000000086900000, 0x0000000086900000, 0x0000000086a00000|  0%| F|  |TAMS 0x0000000086900000, 0x0000000086900000| Untracked 
| 106|0x0000000086a00000, 0x0000000086a00000, 0x0000000086b00000|  0%| F|  |TAMS 0x0000000086a00000, 0x0000000086a00000| Untracked 
| 107|0x0000000086b00000, 0x0000000086b00000, 0x0000000086c00000|  0%| F|  |TAMS 0x0000000086b00000, 0x0000000086b00000| Untracked 
| 108|0x0000000086c00000, 0x0000000086c00000, 0x0000000086d00000|  0%| F|  |TAMS 0x0000000086c00000, 0x0000000086c00000| Untracked 
| 109|0x0000000086d00000, 0x0000000086d00000, 0x0000000086e00000|  0%| F|  |TAMS 0x0000000086d00000, 0x0000000086d00000| Untracked 
| 110|0x0000000086e00000, 0x0000000086e00000, 0x0000000086f00000|  0%| F|  |TAMS 0x0000000086e00000, 0x0000000086e00000| Untracked 
| 111|0x0000000086f00000, 0x0000000086f00000, 0x0000000087000000|  0%| F|  |TAMS 0x0000000086f00000, 0x0000000086f00000| Untracked 
| 112|0x0000000087000000, 0x0000000087000000, 0x0000000087100000|  0%| F|  |TAMS 0x0000000087000000, 0x0000000087000000| Untracked 
| 113|0x0000000087100000, 0x0000000087100000, 0x0000000087200000|  0%| F|  |TAMS 0x0000000087100000, 0x0000000087100000| Untracked 
| 114|0x0000000087200000, 0x0000000087200000, 0x0000000087300000|  0%| F|  |TAMS 0x0000000087200000, 0x0000000087200000| Untracked 
| 115|0x0000000087300000, 0x0000000087300000, 0x0000000087400000|  0%| F|  |TAMS 0x0000000087300000, 0x0000000087300000| Untracked 
| 116|0x0000000087400000, 0x0000000087400000, 0x0000000087500000|  0%| F|  |TAMS 0x0000000087400000, 0x0000000087400000| Untracked 
| 117|0x0000000087500000, 0x0000000087500000, 0x0000000087600000|  0%| F|  |TAMS 0x0000000087500000, 0x0000000087500000| Untracked 
| 118|0x0000000087600000, 0x0000000087600000, 0x0000000087700000|  0%| F|  |TAMS 0x0000000087600000, 0x0000000087600000| Untracked 
| 119|0x0000000087700000, 0x0000000087700000, 0x0000000087800000|  0%| F|  |TAMS 0x0000000087700000, 0x0000000087700000| Untracked 
| 120|0x0000000087800000, 0x0000000087800000, 0x0000000087900000|  0%| F|  |TAMS 0x0000000087800000, 0x0000000087800000| Untracked 
| 121|0x0000000087900000, 0x0000000087900000, 0x0000000087a00000|  0%| F|  |TAMS 0x0000000087900000, 0x0000000087900000| Untracked 
| 122|0x0000000087a00000, 0x0000000087a00000, 0x0000000087b00000|  0%| F|  |TAMS 0x0000000087a00000, 0x0000000087a00000| Untracked 
| 123|0x0000000087b00000, 0x0000000087b00000, 0x0000000087c00000|  0%| F|  |TAMS 0x0000000087b00000, 0x0000000087b00000| Untracked 
| 124|0x0000000087c00000, 0x0000000087c00000, 0x0000000087d00000|  0%| F|  |TAMS 0x0000000087c00000, 0x0000000087c00000| Untracked 
| 125|0x0000000087d00000, 0x0000000087d00000, 0x0000000087e00000|  0%| F|  |TAMS 0x0000000087d00000, 0x0000000087d00000| Untracked 
| 126|0x0000000087e00000, 0x0000000087e00000, 0x0000000087f00000|  0%| F|  |TAMS 0x0000000087e00000, 0x0000000087e00000| Untracked 
| 127|0x0000000087f00000, 0x0000000087f00000, 0x0000000088000000|  0%| F|  |TAMS 0x0000000087f00000, 0x0000000087f00000| Untracked 
| 128|0x0000000088000000, 0x0000000088000000, 0x0000000088100000|  0%| F|  |TAMS 0x0000000088000000, 0x0000000088000000| Untracked 
| 129|0x0000000088100000, 0x0000000088100000, 0x0000000088200000|  0%| F|  |TAMS 0x0000000088100000, 0x0000000088100000| Untracked 
| 130|0x0000000088200000, 0x0000000088200000, 0x0000000088300000|  0%| F|  |TAMS 0x0000000088200000, 0x0000000088200000| Untracked 
| 131|0x0000000088300000, 0x0000000088300000, 0x0000000088400000|  0%| F|  |TAMS 0x0000000088300000, 0x0000000088300000| Untracked 
| 132|0x0000000088400000, 0x0000000088400000, 0x0000000088500000|  0%| F|  |TAMS 0x0000000088400000, 0x0000000088400000| Untracked 
| 133|0x0000000088500000, 0x0000000088500000, 0x0000000088600000|  0%| F|  |TAMS 0x0000000088500000, 0x0000000088500000| Untracked 
| 134|0x0000000088600000, 0x0000000088600000, 0x0000000088700000|  0%| F|  |TAMS 0x0000000088600000, 0x0000000088600000| Untracked 
| 135|0x0000000088700000, 0x0000000088700000, 0x0000000088800000|  0%| F|  |TAMS 0x0000000088700000, 0x0000000088700000| Untracked 
| 136|0x0000000088800000, 0x0000000088800000, 0x0000000088900000|  0%| F|  |TAMS 0x0000000088800000, 0x0000000088800000| Untracked 
| 137|0x0000000088900000, 0x00000000889d85b8, 0x0000000088a00000| 84%| S|CS|TAMS 0x0000000088900000, 0x0000000088900000| Complete 
| 138|0x0000000088a00000, 0x0000000088b00000, 0x0000000088b00000|100%| S|CS|TAMS 0x0000000088a00000, 0x0000000088a00000| Complete 
| 139|0x0000000088b00000, 0x0000000088c00000, 0x0000000088c00000|100%| S|CS|TAMS 0x0000000088b00000, 0x0000000088b00000| Complete 
| 140|0x0000000088c00000, 0x0000000088d00000, 0x0000000088d00000|100%| S|CS|TAMS 0x0000000088c00000, 0x0000000088c00000| Complete 
| 141|0x0000000088d00000, 0x0000000088e00000, 0x0000000088e00000|100%| S|CS|TAMS 0x0000000088d00000, 0x0000000088d00000| Complete 
| 142|0x0000000088e00000, 0x0000000088e00000, 0x0000000088f00000|  0%| F|  |TAMS 0x0000000088e00000, 0x0000000088e00000| Untracked 
| 143|0x0000000088f00000, 0x0000000088f00000, 0x0000000089000000|  0%| F|  |TAMS 0x0000000088f00000, 0x0000000088f00000| Untracked 
| 144|0x0000000089000000, 0x0000000089000000, 0x0000000089100000|  0%| F|  |TAMS 0x0000000089000000, 0x0000000089000000| Untracked 
| 145|0x0000000089100000, 0x0000000089100000, 0x0000000089200000|  0%| F|  |TAMS 0x0000000089100000, 0x0000000089100000| Untracked 
| 146|0x0000000089200000, 0x0000000089200000, 0x0000000089300000|  0%| F|  |TAMS 0x0000000089200000, 0x0000000089200000| Untracked 
| 147|0x0000000089300000, 0x0000000089300000, 0x0000000089400000|  0%| F|  |TAMS 0x0000000089300000, 0x0000000089300000| Untracked 
| 148|0x0000000089400000, 0x0000000089400000, 0x0000000089500000|  0%| F|  |TAMS 0x0000000089400000, 0x0000000089400000| Untracked 
| 149|0x0000000089500000, 0x0000000089500000, 0x0000000089600000|  0%| F|  |TAMS 0x0000000089500000, 0x0000000089500000| Untracked 
| 150|0x0000000089600000, 0x0000000089600000, 0x0000000089700000|  0%| F|  |TAMS 0x0000000089600000, 0x0000000089600000| Untracked 
| 151|0x0000000089700000, 0x0000000089700000, 0x0000000089800000|  0%| F|  |TAMS 0x0000000089700000, 0x0000000089700000| Untracked 
| 152|0x0000000089800000, 0x0000000089800000, 0x0000000089900000|  0%| F|  |TAMS 0x0000000089800000, 0x0000000089800000| Untracked 
| 153|0x0000000089900000, 0x0000000089900000, 0x0000000089a00000|  0%| F|  |TAMS 0x0000000089900000, 0x0000000089900000| Untracked 
| 154|0x0000000089a00000, 0x0000000089a00000, 0x0000000089b00000|  0%| F|  |TAMS 0x0000000089a00000, 0x0000000089a00000| Untracked 
| 155|0x0000000089b00000, 0x0000000089b00000, 0x0000000089c00000|  0%| F|  |TAMS 0x0000000089b00000, 0x0000000089b00000| Untracked 
| 156|0x0000000089c00000, 0x0000000089c00000, 0x0000000089d00000|  0%| F|  |TAMS 0x0000000089c00000, 0x0000000089c00000| Untracked 
| 157|0x0000000089d00000, 0x0000000089d00000, 0x0000000089e00000|  0%| F|  |TAMS 0x0000000089d00000, 0x0000000089d00000| Untracked 
| 158|0x0000000089e00000, 0x0000000089e00000, 0x0000000089f00000|  0%| F|  |TAMS 0x0000000089e00000, 0x0000000089e00000| Untracked 
| 159|0x0000000089f00000, 0x0000000089f00000, 0x000000008a000000|  0%| F|  |TAMS 0x0000000089f00000, 0x0000000089f00000| Untracked 
| 160|0x000000008a000000, 0x000000008a000000, 0x000000008a100000|  0%| F|  |TAMS 0x000000008a000000, 0x000000008a000000| Untracked 
| 161|0x000000008a100000, 0x000000008a100000, 0x000000008a200000|  0%| F|  |TAMS 0x000000008a100000, 0x000000008a100000| Untracked 
| 162|0x000000008a200000, 0x000000008a200000, 0x000000008a300000|  0%| F|  |TAMS 0x000000008a200000, 0x000000008a200000| Untracked 
| 163|0x000000008a300000, 0x000000008a300000, 0x000000008a400000|  0%| F|  |TAMS 0x000000008a300000, 0x000000008a300000| Untracked 
| 164|0x000000008a400000, 0x000000008a400000, 0x000000008a500000|  0%| F|  |TAMS 0x000000008a400000, 0x000000008a400000| Untracked 
| 165|0x000000008a500000, 0x000000008a500000, 0x000000008a600000|  0%| F|  |TAMS 0x000000008a500000, 0x000000008a500000| Untracked 
| 166|0x000000008a600000, 0x000000008a600000, 0x000000008a700000|  0%| F|  |TAMS 0x000000008a600000, 0x000000008a600000| Untracked 
| 167|0x000000008a700000, 0x000000008a700000, 0x000000008a800000|  0%| F|  |TAMS 0x000000008a700000, 0x000000008a700000| Untracked 
| 168|0x000000008a800000, 0x000000008a800000, 0x000000008a900000|  0%| F|  |TAMS 0x000000008a800000, 0x000000008a800000| Untracked 
| 169|0x000000008a900000, 0x000000008a900000, 0x000000008aa00000|  0%| F|  |TAMS 0x000000008a900000, 0x000000008a900000| Untracked 
| 170|0x000000008aa00000, 0x000000008aa00000, 0x000000008ab00000|  0%| F|  |TAMS 0x000000008aa00000, 0x000000008aa00000| Untracked 
| 171|0x000000008ab00000, 0x000000008ab00000, 0x000000008ac00000|  0%| F|  |TAMS 0x000000008ab00000, 0x000000008ab00000| Untracked 
| 172|0x000000008ac00000, 0x000000008ac00000, 0x000000008ad00000|  0%| F|  |TAMS 0x000000008ac00000, 0x000000008ac00000| Untracked 
| 173|0x000000008ad00000, 0x000000008ad00000, 0x000000008ae00000|  0%| F|  |TAMS 0x000000008ad00000, 0x000000008ad00000| Untracked 
| 174|0x000000008ae00000, 0x000000008ae00000, 0x000000008af00000|  0%| F|  |TAMS 0x000000008ae00000, 0x000000008ae00000| Untracked 
| 175|0x000000008af00000, 0x000000008af00000, 0x000000008b000000|  0%| F|  |TAMS 0x000000008af00000, 0x000000008af00000| Untracked 
| 176|0x000000008b000000, 0x000000008b000000, 0x000000008b100000|  0%| F|  |TAMS 0x000000008b000000, 0x000000008b000000| Untracked 
| 177|0x000000008b100000, 0x000000008b100000, 0x000000008b200000|  0%| F|  |TAMS 0x000000008b100000, 0x000000008b100000| Untracked 
| 178|0x000000008b200000, 0x000000008b200000, 0x000000008b300000|  0%| F|  |TAMS 0x000000008b200000, 0x000000008b200000| Untracked 
| 179|0x000000008b300000, 0x000000008b300000, 0x000000008b400000|  0%| F|  |TAMS 0x000000008b300000, 0x000000008b300000| Untracked 
| 180|0x000000008b400000, 0x000000008b400000, 0x000000008b500000|  0%| F|  |TAMS 0x000000008b400000, 0x000000008b400000| Untracked 
| 181|0x000000008b500000, 0x000000008b500000, 0x000000008b600000|  0%| F|  |TAMS 0x000000008b500000, 0x000000008b500000| Untracked 
| 182|0x000000008b600000, 0x000000008b658370, 0x000000008b700000| 34%| E|  |TAMS 0x000000008b600000, 0x000000008b600000| Complete 
| 183|0x000000008b700000, 0x000000008b800000, 0x000000008b800000|100%| E|CS|TAMS 0x000000008b700000, 0x000000008b700000| Complete 
| 184|0x000000008b800000, 0x000000008b900000, 0x000000008b900000|100%| E|CS|TAMS 0x000000008b800000, 0x000000008b800000| Complete 
| 185|0x000000008b900000, 0x000000008ba00000, 0x000000008ba00000|100%| E|CS|TAMS 0x000000008b900000, 0x000000008b900000| Complete 
| 186|0x000000008ba00000, 0x000000008bb00000, 0x000000008bb00000|100%| E|CS|TAMS 0x000000008ba00000, 0x000000008ba00000| Complete 
| 187|0x000000008bb00000, 0x000000008bc00000, 0x000000008bc00000|100%| E|CS|TAMS 0x000000008bb00000, 0x000000008bb00000| Complete 
| 188|0x000000008bc00000, 0x000000008bd00000, 0x000000008bd00000|100%| E|CS|TAMS 0x000000008bc00000, 0x000000008bc00000| Complete 
| 189|0x000000008bd00000, 0x000000008be00000, 0x000000008be00000|100%| E|CS|TAMS 0x000000008bd00000, 0x000000008bd00000| Complete 
| 190|0x000000008be00000, 0x000000008bf00000, 0x000000008bf00000|100%| E|CS|TAMS 0x000000008be00000, 0x000000008be00000| Complete 

Card table byte_map: [0x00000212f4360000,0x00000212f4760000] _byte_map_base: 0x00000212f3f60000

Marking Bits (Prev, Next): (CMBitMap*) 0x00000212e17c97e0, (CMBitMap*) 0x00000212e17c9820
 Prev Bits: [0x00000212f4b60000, 0x00000212f6b60000)
 Next Bits: [0x00000212f6b60000, 0x00000212f8b60000)

Polling page: 0x00000212df720000

Metaspace:

Usage:
  Non-class:     76.14 MB used.
      Class:     11.81 MB used.
       Both:     87.95 MB used.

Virtual space:
  Non-class space:       80.00 MB reserved,      76.50 MB ( 96%) committed,  10 nodes.
      Class space:        1.00 GB reserved,      12.12 MB (  1%) committed,  1 nodes.
             Both:        1.08 GB reserved,      88.62 MB (  8%) committed. 

Chunk freelists:
   Non-Class:  2.89 MB
       Class:  3.72 MB
        Both:  6.62 MB

MaxMetaspaceSize: unlimited
CompressedClassSpaceSize: 1.00 GB
Initial GC threshold: 21.00 MB
Current GC threshold: 110.56 MB
CDS: off
MetaspaceReclaimPolicy: balanced
 - commit_granule_bytes: 65536.
 - commit_granule_words: 8192.
 - virtual_space_node_default_size: 1048576.
 - enlarge_chunks_in_place: 1.
 - new_chunks_are_fully_committed: 0.
 - uncommit_free_chunks: 1.
 - use_allocation_guard: 0.
 - handle_deallocations: 1.


Internal statistics:

num_allocs_failed_limit: 12.
num_arena_births: 894.
num_arena_deaths: 0.
num_vsnodes_births: 11.
num_vsnodes_deaths: 0.
num_space_committed: 1417.
num_space_uncommitted: 0.
num_chunks_returned_to_freelist: 12.
num_chunks_taken_from_freelist: 4147.
num_chunk_merges: 12.
num_chunk_splits: 2786.
num_chunks_enlarged: 1934.
num_purges: 0.
num_inconsistent_stats: 0.

CodeHeap 'non-profiled nmethods': size=120000Kb used=4977Kb max_used=5670Kb free=115022Kb
 bounds [0x00000212ec700000, 0x00000212ecc90000, 0x00000212f3c30000]
CodeHeap 'profiled nmethods': size=120000Kb used=14954Kb max_used=17106Kb free=105045Kb
 bounds [0x00000212e4c30000, 0x00000212e5cf0000, 0x00000212ec160000]
CodeHeap 'non-nmethods': size=5760Kb used=2394Kb max_used=2464Kb free=3366Kb
 bounds [0x00000212ec160000, 0x00000212ec3d0000, 0x00000212ec700000]
 total_blobs=9134 nmethods=8221 adapters=825
 compilation: enabled
              stopped_count=0, restarted_count=0
 full_count=0

Compilation events (20 events):
Event: 8.161 Thread 0x00000212fc03c6a0 9754       3       org.gradle.internal.snapshot.impl.DefaultIsolatableFactory$IsolatableVisitor::stringValue (9 bytes)
Event: 8.161 Thread 0x00000212fc03c6a0 nmethod 9754 0x00000212e4f34310 code [0x00000212e4f344c0, 0x00000212e4f347f8]
Event: 8.162 Thread 0x00000212fc03c6a0 9755       1       java.lang.reflect.Field::getRoot (5 bytes)
Event: 8.162 Thread 0x00000212fc03c6a0 nmethod 9755 0x00000212ecb91810 code [0x00000212ecb919a0, 0x00000212ecb91a78]
Event: 8.162 Thread 0x00000212fc03c6a0 9756       3       java.lang.reflect.Field::setFieldAccessor (34 bytes)
Event: 8.162 Thread 0x00000212fc03c6a0 nmethod 9756 0x00000212e4e0e410 code [0x00000212e4e0e5e0, 0x00000212e4e0ea08]
Event: 8.163 Thread 0x00000212fc03c6a0 9757       3       java.lang.ClassLoader::getParent (32 bytes)
Event: 8.164 Thread 0x00000212fc03c6a0 nmethod 9757 0x00000212e4d40590 code [0x00000212e4d407c0, 0x00000212e4d41178]
Event: 8.164 Thread 0x00000212fc03c6a0 9758       3       java.lang.reflect.Proxy::isProxyClass (22 bytes)
Event: 8.164 Thread 0x00000212fc03c6a0 nmethod 9758 0x00000212e4f6be10 code [0x00000212e4f6c0e0, 0x00000212e4f6d0e8]
Event: 8.164 Thread 0x00000212fc03c6a0 9759   !   3       java.io.ObjectOutputStream::defaultWriteFields (288 bytes)
Event: 8.165 Thread 0x00000212fc03c6a0 nmethod 9759 0x00000212e4d5cd90 code [0x00000212e4d5d040, 0x00000212e4d5ddd8]
Event: 8.165 Thread 0x00000212fc03c6a0 9760       3       java.io.ObjectStreamClass::checkDefaultSerialize (20 bytes)
Event: 8.165 Thread 0x00000212fc03c6a0 nmethod 9760 0x00000212e4ef9890 code [0x00000212e4ef9a60, 0x00000212e4ef9e38]
Event: 8.165 Thread 0x00000212fc03c6a0 9762       3       java.io.ObjectInputStream$PeekInputStream::readFully (48 bytes)
Event: 8.166 Thread 0x00000212fc03c6a0 nmethod 9762 0x00000212e501eb10 code [0x00000212e501ece0, 0x00000212e501f038]
Event: 8.166 Thread 0x00000212fc03c6a0 9761       1       java.security.Provider::getName (5 bytes)
Event: 8.166 Thread 0x00000212fc03c6a0 nmethod 9761 0x00000212ecc0b310 code [0x00000212ecc0b4a0, 0x00000212ecc0b578]
Event: 8.167 Thread 0x00000212fc03c6a0 9763       3       org.gradle.internal.instantiation.generator.AsmBackedClassGenerator$ClassInspectionVisitorImpl::mixInExtensible (13 bytes)
Event: 8.167 Thread 0x00000212fc03c6a0 nmethod 9763 0x00000212e4d4de90 code [0x00000212e4d4e020, 0x00000212e4d4e178]

GC Heap History (20 events):
Event: 3.820 GC heap before
{Heap before GC invocations=12 (full 0):
 garbage-first heap   total 86016K, used 65790K [0x0000000080000000, 0x0000000100000000)
  region size 1024K, 37 young (37888K), 3 survivors (3072K)
 Metaspace       used 51640K, committed 52096K, reserved 1097728K
  class space    used 6919K, committed 7104K, reserved 1048576K
}
Event: 3.823 GC heap after
{Heap after GC invocations=13 (full 0):
 garbage-first heap   total 86016K, used 32605K [0x0000000080000000, 0x0000000100000000)
  region size 1024K, 5 young (5120K), 5 survivors (5120K)
 Metaspace       used 51640K, committed 52096K, reserved 1097728K
  class space    used 6919K, committed 7104K, reserved 1048576K
}
Event: 4.153 GC heap before
{Heap before GC invocations=13 (full 0):
 garbage-first heap   total 86016K, used 66397K [0x0000000080000000, 0x0000000100000000)
  region size 1024K, 38 young (38912K), 5 survivors (5120K)
 Metaspace       used 53070K, committed 53504K, reserved 1097728K
  class space    used 7093K, committed 7296K, reserved 1048576K
}
Event: 4.157 GC heap after
{Heap after GC invocations=14 (full 0):
 garbage-first heap   total 86016K, used 35873K [0x0000000080000000, 0x0000000100000000)
  region size 1024K, 5 young (5120K), 5 survivors (5120K)
 Metaspace       used 53070K, committed 53504K, reserved 1097728K
  class space    used 7093K, committed 7296K, reserved 1048576K
}
Event: 4.286 GC heap before
{Heap before GC invocations=14 (full 0):
 garbage-first heap   total 86016K, used 55329K [0x0000000080000000, 0x0000000100000000)
  region size 1024K, 21 young (21504K), 5 survivors (5120K)
 Metaspace       used 53519K, committed 53952K, reserved 1097728K
  class space    used 7144K, committed 7360K, reserved 1048576K
}
Event: 4.291 GC heap after
{Heap after GC invocations=15 (full 0):
 garbage-first heap   total 162816K, used 45097K [0x0000000080000000, 0x0000000100000000)
  region size 1024K, 5 young (5120K), 5 survivors (5120K)
 Metaspace       used 53519K, committed 53952K, reserved 1097728K
  class space    used 7144K, committed 7360K, reserved 1048576K
}
Event: 4.703 GC heap before
{Heap before GC invocations=15 (full 0):
 garbage-first heap   total 162816K, used 93225K [0x0000000080000000, 0x0000000100000000)
  region size 1024K, 49 young (50176K), 5 survivors (5120K)
 Metaspace       used 59827K, committed 60288K, reserved 1105920K
  class space    used 7906K, committed 8128K, reserved 1048576K
}
Event: 4.708 GC heap after
{Heap after GC invocations=16 (full 0):
 garbage-first heap   total 162816K, used 53608K [0x0000000080000000, 0x0000000100000000)
  region size 1024K, 10 young (10240K), 10 survivors (10240K)
 Metaspace       used 59827K, committed 60288K, reserved 1105920K
  class space    used 7906K, committed 8128K, reserved 1048576K
}
Event: 5.317 GC heap before
{Heap before GC invocations=17 (full 0):
 garbage-first heap   total 162816K, used 120168K [0x0000000080000000, 0x0000000100000000)
  region size 1024K, 69 young (70656K), 10 survivors (10240K)
 Metaspace       used 67173K, committed 67776K, reserved 1114112K
  class space    used 8884K, committed 9152K, reserved 1048576K
}
Event: 5.323 GC heap after
{Heap after GC invocations=18 (full 0):
 garbage-first heap   total 162816K, used 58763K [0x0000000080000000, 0x0000000100000000)
  region size 1024K, 9 young (9216K), 9 survivors (9216K)
 Metaspace       used 67173K, committed 67776K, reserved 1114112K
  class space    used 8884K, committed 9152K, reserved 1048576K
}
Event: 5.944 GC heap before
{Heap before GC invocations=19 (full 0):
 garbage-first heap   total 162816K, used 124299K [0x0000000080000000, 0x0000000100000000)
  region size 1024K, 73 young (74752K), 9 survivors (9216K)
 Metaspace       used 74355K, committed 74944K, reserved 1114112K
  class space    used 9839K, committed 10112K, reserved 1048576K
}
Event: 5.949 GC heap after
{Heap after GC invocations=20 (full 0):
 garbage-first heap   total 162816K, used 63580K [0x0000000080000000, 0x0000000100000000)
  region size 1024K, 10 young (10240K), 10 survivors (10240K)
 Metaspace       used 74355K, committed 74944K, reserved 1114112K
  class space    used 9839K, committed 10112K, reserved 1048576K
}
Event: 6.391 GC heap before
{Heap before GC invocations=20 (full 0):
 garbage-first heap   total 162816K, used 128092K [0x0000000080000000, 0x0000000100000000)
  region size 1024K, 72 young (73728K), 10 survivors (10240K)
 Metaspace       used 78937K, committed 79616K, reserved 1122304K
  class space    used 10440K, committed 10752K, reserved 1048576K
}
Event: 6.397 GC heap after
{Heap after GC invocations=21 (full 0):
 garbage-first heap   total 162816K, used 69087K [0x0000000080000000, 0x0000000100000000)
  region size 1024K, 9 young (9216K), 9 survivors (9216K)
 Metaspace       used 78937K, committed 79616K, reserved 1122304K
  class space    used 10440K, committed 10752K, reserved 1048576K
}
Event: 6.961 GC heap before
{Heap before GC invocations=21 (full 0):
 garbage-first heap   total 162816K, used 128479K [0x0000000080000000, 0x0000000100000000)
  region size 1024K, 67 young (68608K), 9 survivors (9216K)
 Metaspace       used 85019K, committed 85632K, reserved 1130496K
  class space    used 11477K, committed 11776K, reserved 1048576K
}
Event: 6.968 GC heap after
{Heap after GC invocations=22 (full 0):
 garbage-first heap   total 162816K, used 74087K [0x0000000080000000, 0x0000000100000000)
  region size 1024K, 5 young (5120K), 5 survivors (5120K)
 Metaspace       used 85019K, committed 85632K, reserved 1130496K
  class space    used 11477K, committed 11776K, reserved 1048576K
}
Event: 7.510 GC heap before
{Heap before GC invocations=22 (full 0):
 garbage-first heap   total 162816K, used 130407K [0x0000000080000000, 0x0000000100000000)
  region size 1024K, 60 young (61440K), 5 survivors (5120K)
 Metaspace       used 87328K, committed 88000K, reserved 1130496K
  class space    used 11779K, committed 12096K, reserved 1048576K
}
Event: 7.517 GC heap after
{Heap after GC invocations=23 (full 0):
 garbage-first heap   total 162816K, used 81837K [0x0000000080000000, 0x0000000100000000)
  region size 1024K, 8 young (8192K), 8 survivors (8192K)
 Metaspace       used 87328K, committed 88000K, reserved 1130496K
  class space    used 11779K, committed 12096K, reserved 1048576K
}
Event: 7.801 GC heap before
{Heap before GC invocations=23 (full 0):
 garbage-first heap   total 162816K, used 97197K [0x0000000080000000, 0x0000000100000000)
  region size 1024K, 25 young (25600K), 8 survivors (8192K)
 Metaspace       used 88395K, committed 89088K, reserved 1130496K
  class space    used 11877K, committed 12224K, reserved 1048576K
}
Event: 7.808 GC heap after
{Heap after GC invocations=24 (full 0):
 garbage-first heap   total 195584K, used 86856K [0x0000000080000000, 0x0000000100000000)
  region size 1024K, 5 young (5120K), 5 survivors (5120K)
 Metaspace       used 88395K, committed 89088K, reserved 1130496K
  class space    used 11877K, committed 12224K, reserved 1048576K
}

Dll operation events (2 events):
Event: 0.050 Loaded shared library C:\Program Files\Android\Android Studio\jbr\bin\java.dll
Event: 0.312 Loaded shared library C:\Program Files\Android\Android Studio\jbr\bin\verify.dll

Deoptimization events (20 events):
Event: 8.007 Thread 0x00000212833ba940 Uncommon trap: trap_request=0xffffffde fr.pc=0x00000212ecc2dd9c relative=0x000000000000093c
Event: 8.007 Thread 0x00000212833ba940 Uncommon trap: reason=class_check action=maybe_recompile pc=0x00000212ecc2dd9c method=org.gradle.tooling.internal.provider.runner.ClientBuildEventGenerator$Enabled.accept(Lorg/gradle/internal/operations/BuildOperationDescriptor;)Lorg/gradle/tooling/intern
Event: 8.007 Thread 0x00000212833ba940 DEOPT PACKING pc=0x00000212ecc2dd9c sp=0x000000b6a37fe380
Event: 8.007 Thread 0x00000212833ba940 DEOPT UNPACKING pc=0x00000212ec1ba1a3 sp=0x000000b6a37fe2a8 mode 2
Event: 8.007 Thread 0x00000212833ba940 Uncommon trap: trap_request=0xffffffde fr.pc=0x00000212ec950cd4 relative=0x0000000000000234
Event: 8.007 Thread 0x00000212833ba940 Uncommon trap: reason=class_check action=maybe_recompile pc=0x00000212ec950cd4 method=java.util.stream.StreamOpFlag.fromCharacteristics(Ljava/util/Spliterator;)I @ 14 c2
Event: 8.007 Thread 0x00000212833ba940 DEOPT PACKING pc=0x00000212ec950cd4 sp=0x000000b6a37fe090
Event: 8.007 Thread 0x00000212833ba940 DEOPT UNPACKING pc=0x00000212ec1ba1a3 sp=0x000000b6a37fdfe0 mode 2
Event: 8.007 Thread 0x00000212833ba940 Uncommon trap: trap_request=0xffffffde fr.pc=0x00000212ec951a80 relative=0x0000000000000060
Event: 8.007 Thread 0x00000212833ba940 Uncommon trap: reason=class_check action=maybe_recompile pc=0x00000212ec951a80 method=java.util.stream.StreamOpFlag.fromCharacteristics(Ljava/util/Spliterator;)I @ 14 c2
Event: 8.008 Thread 0x00000212833ba940 DEOPT PACKING pc=0x00000212ec951a80 sp=0x000000b6a37fe040
Event: 8.008 Thread 0x00000212833ba940 DEOPT UNPACKING pc=0x00000212ec1ba1a3 sp=0x000000b6a37fdfd8 mode 2
Event: 8.008 Thread 0x00000212833ba940 Uncommon trap: trap_request=0xffffff45 fr.pc=0x00000212ecbdc6b8 relative=0x0000000000000098
Event: 8.008 Thread 0x00000212833ba940 Uncommon trap: reason=unstable_if action=reinterpret pc=0x00000212ecbdc6b8 method=org.gradle.internal.operations.logging.LoggingBuildOperationProgressBroadcaster.onOutput(Lorg/gradle/internal/logging/events/OutputEvent;)V @ 73 c2
Event: 8.009 Thread 0x00000212833ba940 DEOPT PACKING pc=0x00000212ecbdc6b8 sp=0x000000b6a37fe2d0
Event: 8.009 Thread 0x00000212833ba940 DEOPT UNPACKING pc=0x00000212ec1ba1a3 sp=0x000000b6a37fe260 mode 2
Event: 8.011 Thread 0x00000212833ba940 Uncommon trap: trap_request=0xffffff45 fr.pc=0x00000212ec86f058 relative=0x0000000000000698
Event: 8.011 Thread 0x00000212833ba940 Uncommon trap: reason=unstable_if action=reinterpret pc=0x00000212ec86f058 method=java.lang.ThreadLocal$ThreadLocalMap.set(Ljava/lang/ThreadLocal;Ljava/lang/Object;)V @ 125 c2
Event: 8.011 Thread 0x00000212833ba940 DEOPT PACKING pc=0x00000212ec86f058 sp=0x000000b6a37fa400
Event: 8.011 Thread 0x00000212833ba940 DEOPT UNPACKING pc=0x00000212ec1ba1a3 sp=0x000000b6a37fa3b0 mode 2

Classes unloaded (0 events):
No events

Classes redefined (0 events):
No events

Internal exceptions (20 events):
Event: 7.600 Thread 0x00000212fc1ea4e0 Exception <a 'java/lang/ClassNotFoundException'{0x0000000089ac35c8}: java/lang/ClassCustomizer> (0x0000000089ac35c8) 
thrown [s\src\hotspot\share\classfile\systemDictionary.cpp, line 256]
Event: 7.605 Thread 0x00000212fc1ea4e0 Implicit null exception at 0x00000212ecac7bc9 to 0x00000212ecac89c0
Event: 7.766 Thread 0x00000212fc1ea4e0 Exception <a 'java/lang/NoSuchMethodError'{0x00000000890a8458}: static Lcom/android/build/gradle/internal/profile/ProjectData;.<clinit>()V> (0x00000000890a8458) 
thrown [s\src\hotspot\share\prims\jni.cpp, line 1108]
Event: 7.771 Thread 0x00000212fc1ea4e0 Exception <a 'java/lang/NoSuchMethodError'{0x00000000890f9358}: static Lcom/android/build/gradle/internal/profile/TaskMetadata;.<clinit>()V> (0x00000000890f9358) 
thrown [s\src\hotspot\share\prims\jni.cpp, line 1108]
Event: 7.772 Thread 0x00000212fc1ea4e0 Exception <a 'java/lang/NoSuchMethodError'{0x0000000088f00800}: 'void java.lang.invoke.DirectMethodHandle$Holder.invokeSpecial(java.lang.Object, java.lang.Object, java.lang.Object, int)'> (0x0000000088f00800) 
thrown [s\src\hotspot\share\interpreter\linkResolver.cpp, line 771]
Event: 7.829 Thread 0x00000212fc1ea4e0 Exception <a 'sun/nio/fs/WindowsException'{0x000000008bea7780}> (0x000000008bea7780) 
thrown [s\src\hotspot\share\prims\jni.cpp, line 517]
Event: 7.839 Thread 0x00000212833b8790 Implicit null exception at 0x00000212ecc5aac1 to 0x00000212ecc5d5c8
Event: 7.895 Thread 0x00000212833ba940 Implicit null exception at 0x00000212ecc55685 to 0x00000212ecc572f0
Event: 7.904 Thread 0x00000212833ba940 Exception <a 'java/lang/NoSuchMethodError'{0x000000008bbce2d0}: 'void java.lang.invoke.DirectMethodHandle$Holder.invokeInterface(java.lang.Object, java.lang.Object, java.lang.Object, java.lang.Object)'> (0x000000008bbce2d0) 
thrown [s\src\hotspot\share\interpreter\linkResolver.cpp, line 771]
Event: 7.935 Thread 0x00000212fc1e9b40 Exception <a 'java/lang/NoSuchMethodError'{0x000000008baaeaf0}: static Lorg/gradle/internal/build/event/types/DefaultTaskStartedProgressEvent;.<clinit>()V> (0x000000008baaeaf0) 
thrown [s\src\hotspot\share\prims\jni.cpp, line 1108]
Event: 7.936 Thread 0x00000212fc1e9b40 Exception <a 'java/lang/NoSuchMethodError'{0x000000008babaff8}: static Lorg/gradle/internal/build/event/types/DefaultTaskDescriptor;.<clinit>()V> (0x000000008babaff8) 
thrown [s\src\hotspot\share\prims\jni.cpp, line 1108]
Event: 7.944 Thread 0x00000212833ba940 Exception <a 'java/lang/NoSuchMethodError'{0x000000008b93d500}: 'void java.lang.invoke.DirectMethodHandle$Holder.invokeVirtual(java.lang.Object, java.lang.Object)'> (0x000000008b93d500) 
thrown [s\src\hotspot\share\interpreter\linkResolver.cpp, line 771]
Event: 8.006 Thread 0x00000212fc1e9b40 Exception <a 'java/lang/NoSuchMethodError'{0x000000008b809058}: static Lorg/gradle/internal/build/event/types/DefaultTaskFinishedProgressEvent;.<clinit>()V> (0x000000008b809058) 
thrown [s\src\hotspot\share\prims\jni.cpp, line 1108]
Event: 8.007 Thread 0x00000212fc1e9b40 Exception <a 'java/lang/NoSuchMethodError'{0x000000008b81e080}: static Lorg/gradle/internal/build/event/types/DefaultTaskSuccessResult;.<clinit>()V> (0x000000008b81e080) 
thrown [s\src\hotspot\share\prims\jni.cpp, line 1108]
Event: 8.007 Thread 0x00000212fc1e9b40 Exception <a 'java/lang/NoSuchMethodError'{0x000000008b81f788}: static Lorg/gradle/internal/build/event/types/AbstractTaskResult;.<clinit>()V> (0x000000008b81f788) 
thrown [s\src\hotspot\share\prims\jni.cpp, line 1108]
Event: 8.160 Thread 0x00000212833b6ab0 Exception <a 'java/lang/NoSuchMethodError'{0x000000008b703a90}: static Lcom/android/buildanalyzer/common/AndroidGradlePluginAttributionData$BuildInfo;.<clinit>()V> (0x000000008b703a90) 
thrown [s\src\hotspot\share\prims\jni.cpp, line 1108]
Event: 8.161 Thread 0x00000212833b6ab0 Exception <a 'java/lang/NoSuchMethodError'{0x000000008b73b168}: static Lcom/android/buildanalyzer/common/AndroidGradlePluginAttributionData$JavaInfo;.<clinit>()V> (0x000000008b73b168) 
thrown [s\src\hotspot\share\prims\jni.cpp, line 1108]
Event: 8.163 Thread 0x00000212833b6ab0 Exception <a 'java/lang/NoSuchMethodError'{0x000000008b75d540}: static [Ljava/lang/String;.<clinit>()V> (0x000000008b75d540) 
thrown [s\src\hotspot\share\prims\jni.cpp, line 1108]
Event: 8.163 Thread 0x00000212833b6ab0 Exception <a 'java/lang/NoSuchMethodError'{0x000000008b768608}: static Lcom/android/buildanalyzer/common/AndroidGradlePluginAttributionData$TaskInfo;.<clinit>()V> (0x000000008b768608) 
thrown [s\src\hotspot\share\prims\jni.cpp, line 1108]
Event: 8.164 Thread 0x00000212833b6ab0 Exception <a 'java/lang/NoSuchMethodError'{0x000000008b775238}: static Lcom/android/buildanalyzer/common/AndroidGradlePluginAttributionData$TaskCategoryInfo;.<clinit>()V> (0x000000008b775238) 
thrown [s\src\hotspot\share\prims\jni.cpp, line 1108]

VM Operations (20 events):
Event: 7.418 Executing VM operation: HandshakeAllThreads
Event: 7.418 Executing VM operation: HandshakeAllThreads done
Event: 7.510 Executing VM operation: G1CollectForAllocation
Event: 7.517 Executing VM operation: G1CollectForAllocation done
Event: 7.537 Executing VM operation: HandshakeAllThreads
Event: 7.537 Executing VM operation: HandshakeAllThreads done
Event: 7.767 Executing VM operation: HandshakeAllThreads
Event: 7.767 Executing VM operation: HandshakeAllThreads done
Event: 7.767 Executing VM operation: HandshakeAllThreads
Event: 7.767 Executing VM operation: HandshakeAllThreads done
Event: 7.801 Executing VM operation: G1TryInitiateConcMark
Event: 7.808 Executing VM operation: G1TryInitiateConcMark done
Event: 7.830 Executing VM operation: HandshakeAllThreads
Event: 7.830 Executing VM operation: HandshakeAllThreads done
Event: 7.830 Executing VM operation: HandshakeAllThreads
Event: 7.830 Executing VM operation: HandshakeAllThreads done
Event: 7.839 Executing VM operation: HandshakeAllThreads
Event: 7.840 Executing VM operation: HandshakeAllThreads done
Event: 7.902 Executing VM operation: HandshakeAllThreads
Event: 7.902 Executing VM operation: HandshakeAllThreads done

Events (20 events):
Event: 7.846 Thread 0x00000212fc03d6a0 flushing nmethod 0x00000212e5c9da10
Event: 7.846 Thread 0x00000212fc03d6a0 flushing nmethod 0x00000212e5ca3010
Event: 7.853 Thread 0x00000212833b6110 Thread added: 0x00000212833b6110
Event: 7.853 Thread 0x00000212833b7450 Thread added: 0x00000212833b7450
Event: 7.853 Thread 0x00000212833b9600 Thread added: 0x00000212833b9600
Event: 7.853 Thread 0x00000212833ba470 Thread added: 0x00000212833ba470
Event: 7.853 Thread 0x00000212833ba940 Thread added: 0x00000212833ba940
Event: 7.853 Thread 0x00000212fc1ea9b0 Thread added: 0x00000212fc1ea9b0
Event: 7.854 Thread 0x0000021280cc08f0 Thread added: 0x0000021280cc08f0
Event: 7.917 Thread 0x0000021280cc25d0 Thread added: 0x0000021280cc25d0
Event: 7.932 loading class java/util/TreeMap$KeySpliterator
Event: 7.933 loading class java/util/TreeMap$KeySpliterator done
Event: 8.160 loading class java/time/Clock
Event: 8.160 loading class java/time/InstantSource
Event: 8.160 loading class java/time/InstantSource done
Event: 8.160 loading class java/time/Clock done
Event: 8.160 loading class java/time/Clock$SystemClock
Event: 8.161 loading class java/time/Clock$SystemClock done
Event: 8.163 loading class java/io/ObjectStreamClass$ExceptionInfo
Event: 8.163 loading class java/io/ObjectStreamClass$ExceptionInfo done


Dynamic libraries:
0x00007ff77a210000 - 0x00007ff77a21a000 	C:\Program Files\Android\Android Studio\jbr\bin\java.exe
0x00007ffeedf10000 - 0x00007ffeee127000 	C:\WINDOWS\SYSTEM32\ntdll.dll
0x00007ffeed750000 - 0x00007ffeed814000 	C:\WINDOWS\System32\KERNEL32.DLL
0x00007ffeeb830000 - 0x00007ffeebbd5000 	C:\WINDOWS\System32\KERNELBASE.dll
0x00007ffeeb650000 - 0x00007ffeeb761000 	C:\WINDOWS\System32\ucrtbase.dll
0x00007ffee32e0000 - 0x00007ffee32fb000 	C:\Program Files\Android\Android Studio\jbr\bin\VCRUNTIME140.dll
0x00007ffee4da0000 - 0x00007ffee4db7000 	C:\Program Files\Android\Android Studio\jbr\bin\jli.dll
0x00007ffeebce0000 - 0x00007ffeebe8e000 	C:\WINDOWS\System32\USER32.dll
0x00007ffeeb460000 - 0x00007ffeeb486000 	C:\WINDOWS\System32\win32u.dll
0x00007ffed4f30000 - 0x00007ffed51c3000 	C:\WINDOWS\WinSxS\amd64_microsoft.windows.common-controls_6595b64144ccf1df_6.0.22621.2506_none_270c5ae97388e100\COMCTL32.dll
0x00007ffeecef0000 - 0x00007ffeecf19000 	C:\WINDOWS\System32\GDI32.dll
0x00007ffeec5e0000 - 0x00007ffeec687000 	C:\WINDOWS\System32\msvcrt.dll
0x00007ffeeb490000 - 0x00007ffeeb5a9000 	C:\WINDOWS\System32\gdi32full.dll
0x00007ffeeb5b0000 - 0x00007ffeeb64a000 	C:\WINDOWS\System32\msvcp_win.dll
0x00007ffeedc90000 - 0x00007ffeedcc1000 	C:\WINDOWS\System32\IMM32.DLL
0x00007ffee7a70000 - 0x00007ffee7a7c000 	C:\Program Files\Android\Android Studio\jbr\bin\vcruntime140_1.dll
0x00007ffec2de0000 - 0x00007ffec2e6d000 	C:\Program Files\Android\Android Studio\jbr\bin\msvcp140.dll
0x00007ffe9d900000 - 0x00007ffe9e56e000 	C:\Program Files\Android\Android Studio\jbr\bin\server\jvm.dll
0x00007ffeed690000 - 0x00007ffeed741000 	C:\WINDOWS\System32\ADVAPI32.dll
0x00007ffeebe90000 - 0x00007ffeebf36000 	C:\WINDOWS\System32\sechost.dll
0x00007ffeed3b0000 - 0x00007ffeed4c7000 	C:\WINDOWS\System32\RPCRT4.dll
0x00007ffee2990000 - 0x00007ffee29c4000 	C:\WINDOWS\SYSTEM32\WINMM.dll
0x00007ffee9a90000 - 0x00007ffee9a9a000 	C:\WINDOWS\SYSTEM32\VERSION.dll
0x00007ffed5c10000 - 0x00007ffed5c19000 	C:\WINDOWS\SYSTEM32\WSOCK32.dll
0x00007ffeec010000 - 0x00007ffeec081000 	C:\WINDOWS\System32\WS2_32.dll
0x00007ffeea1e0000 - 0x00007ffeea1f8000 	C:\WINDOWS\SYSTEM32\kernel.appcore.dll
0x00007ffee8e60000 - 0x00007ffee8e6a000 	C:\Program Files\Android\Android Studio\jbr\bin\jimage.dll
0x00007ffee7d70000 - 0x00007ffee7fa3000 	C:\WINDOWS\SYSTEM32\DBGHELP.DLL
0x00007ffeec250000 - 0x00007ffeec5d9000 	C:\WINDOWS\System32\combase.dll
0x00007ffeed820000 - 0x00007ffeed8f7000 	C:\WINDOWS\System32\OLEAUT32.dll
0x00007ffedbee0000 - 0x00007ffedbf12000 	C:\WINDOWS\SYSTEM32\dbgcore.DLL
0x00007ffeebbe0000 - 0x00007ffeebc5a000 	C:\WINDOWS\System32\bcryptPrimitives.dll
0x00007ffee7a90000 - 0x00007ffee7ab5000 	C:\Program Files\Android\Android Studio\jbr\bin\java.dll
0x00007ffee7a50000 - 0x00007ffee7a68000 	C:\Program Files\Android\Android Studio\jbr\bin\zip.dll
0x00007ffeec690000 - 0x00007ffeecee9000 	C:\WINDOWS\System32\SHELL32.dll
0x00007ffee9190000 - 0x00007ffee9a84000 	C:\WINDOWS\SYSTEM32\windows.storage.dll
0x00007ffee9050000 - 0x00007ffee918e000 	C:\WINDOWS\SYSTEM32\wintypes.dll
0x00007ffeedaa0000 - 0x00007ffeedb93000 	C:\WINDOWS\System32\SHCORE.dll
0x00007ffeebc80000 - 0x00007ffeebcde000 	C:\WINDOWS\System32\shlwapi.dll
0x00007ffeeb1b0000 - 0x00007ffeeb1d6000 	C:\WINDOWS\SYSTEM32\profapi.dll
0x00007ffee66f0000 - 0x00007ffee6709000 	C:\Program Files\Android\Android Studio\jbr\bin\net.dll
0x00007ffee3540000 - 0x00007ffee3677000 	C:\WINDOWS\SYSTEM32\WINHTTP.dll
0x00007ffeea700000 - 0x00007ffeea769000 	C:\WINDOWS\system32\mswsock.dll
0x00007ffee64b0000 - 0x00007ffee64c6000 	C:\Program Files\Android\Android Studio\jbr\bin\nio.dll
0x00007ffee8ca0000 - 0x00007ffee8cb0000 	C:\Program Files\Android\Android Studio\jbr\bin\verify.dll
0x00007ffee48b0000 - 0x00007ffee48d7000 	C:\Users\User\.gradle\native\68d5fa5c4cc2d200863cafc0d521ce42e7d3e7ee720ec0a83991735586a16f82\windows-amd64\native-platform.dll
0x00007ffeaaac0000 - 0x00007ffeaac04000 	C:\Users\User\.gradle\native\e376f236ea51e6404a007f0833ffe2c6e607c4080706a723a18a27aeea778392\windows-amd64\native-platform-file-events.dll
0x00007ffee7ba0000 - 0x00007ffee7ba9000 	C:\Program Files\Android\Android Studio\jbr\bin\management.dll
0x00007ffee7b70000 - 0x00007ffee7b7b000 	C:\Program Files\Android\Android Studio\jbr\bin\management_ext.dll
0x00007ffeebfe0000 - 0x00007ffeebfe8000 	C:\WINDOWS\System32\PSAPI.DLL
0x00007ffeea950000 - 0x00007ffeea96b000 	C:\WINDOWS\SYSTEM32\CRYPTSP.dll
0x00007ffeea200000 - 0x00007ffeea235000 	C:\WINDOWS\system32\rsaenh.dll
0x00007ffeea7f0000 - 0x00007ffeea81c000 	C:\WINDOWS\SYSTEM32\USERENV.dll
0x00007ffeeab20000 - 0x00007ffeeab48000 	C:\WINDOWS\SYSTEM32\bcrypt.dll
0x00007ffeea970000 - 0x00007ffeea97c000 	C:\WINDOWS\SYSTEM32\CRYPTBASE.dll
0x00007ffee9d00000 - 0x00007ffee9d2d000 	C:\WINDOWS\SYSTEM32\IPHLPAPI.DLL
0x00007ffeedba0000 - 0x00007ffeedba9000 	C:\WINDOWS\System32\NSI.dll
0x00007ffee29d0000 - 0x00007ffee29e9000 	C:\WINDOWS\SYSTEM32\dhcpcsvc6.DLL
0x00007ffee2830000 - 0x00007ffee284f000 	C:\WINDOWS\SYSTEM32\dhcpcsvc.DLL
0x00007ffee9d70000 - 0x00007ffee9e69000 	C:\WINDOWS\SYSTEM32\DNSAPI.dll
0x00007ffee8ec0000 - 0x00007ffee8ec8000 	C:\WINDOWS\system32\wshunix.dll

dbghelp: loaded successfully - version: 4.0.5 - missing functions: none
symbol engine: initialized successfully - sym options: 0x614 - pdb path: .;C:\Program Files\Android\Android Studio\jbr\bin;C:\WINDOWS\SYSTEM32;C:\WINDOWS\WinSxS\amd64_microsoft.windows.common-controls_6595b64144ccf1df_6.0.22621.2506_none_270c5ae97388e100;C:\Program Files\Android\Android Studio\jbr\bin\server;C:\Users\User\.gradle\native\68d5fa5c4cc2d200863cafc0d521ce42e7d3e7ee720ec0a83991735586a16f82\windows-amd64;C:\Users\User\.gradle\native\e376f236ea51e6404a007f0833ffe2c6e607c4080706a723a18a27aeea778392\windows-amd64

VM Arguments:
jvm_args: --add-opens=java.base/java.util=ALL-UNNAMED --add-opens=java.base/java.lang=ALL-UNNAMED --add-opens=java.base/java.lang.invoke=ALL-UNNAMED --add-opens=java.prefs/java.util.prefs=ALL-UNNAMED --add-opens=java.base/java.nio.charset=ALL-UNNAMED --add-opens=java.base/java.net=ALL-UNNAMED --add-opens=java.base/java.util.concurrent.atomic=ALL-UNNAMED -Xmx2048m -Dfile.encoding=UTF-8 -Duser.country=US -Duser.language=en -Duser.variant 
java_command: org.gradle.launcher.daemon.bootstrap.GradleDaemon 8.0
java_class_path (initial): C:\Users\User\.gradle\wrapper\dists\gradle-8.0-bin\ca5e32bp14vu59qr306oxotwh\gradle-8.0\lib\gradle-launcher-8.0.jar
Launcher Type: SUN_STANDARD

[Global flags]
     intx CICompilerCount                          = 4                                         {product} {ergonomic}
     uint ConcGCThreads                            = 2                                         {product} {ergonomic}
     uint G1ConcRefinementThreads                  = 8                                         {product} {ergonomic}
   size_t G1HeapRegionSize                         = 1048576                                   {product} {ergonomic}
    uintx GCDrainStackTargetSize                   = 64                                        {product} {ergonomic}
   size_t InitialHeapSize                          = 132120576                                 {product} {ergonomic}
   size_t MarkStackSize                            = 4194304                                   {product} {ergonomic}
   size_t MaxHeapSize                              = 2147483648                                {product} {command line}
   size_t MaxNewSize                               = 1287651328                                {product} {ergonomic}
   size_t MinHeapDeltaBytes                        = 1048576                                   {product} {ergonomic}
   size_t MinHeapSize                              = 8388608                                   {product} {ergonomic}
    uintx NonNMethodCodeHeapSize                   = 5839372                                {pd product} {ergonomic}
    uintx NonProfiledCodeHeapSize                  = 122909434                              {pd product} {ergonomic}
    uintx ProfiledCodeHeapSize                     = 122909434                              {pd product} {ergonomic}
    uintx ReservedCodeCacheSize                    = 251658240                              {pd product} {ergonomic}
     bool SegmentedCodeCache                       = true                                      {product} {ergonomic}
   size_t SoftMaxHeapSize                          = 2147483648                             {manageable} {ergonomic}
     bool UseCompressedClassPointers               = true                           {product lp64_product} {ergonomic}
     bool UseCompressedOops                        = true                           {product lp64_product} {ergonomic}
     bool UseG1GC                                  = true                                      {product} {ergonomic}
     bool UseLargePagesIndividualAllocation        = false                                  {pd product} {ergonomic}

Logging:
Log output configuration:
 #0: stdout all=warning uptime,level,tags
 #1: stderr all=off uptime,level,tags

Environment Variables:
JAVA_HOME=C:\Program Files\Java\jdk-20.0.1
PATH=C:\Program Files (x86)\Common Files\Oracle\Java\javapath;C:\Python311\Scripts\;C:\Python311\;C:\Program Files (x86)\Falcon\MinGW\bin;C:\WINDOWS\system32;C:\WINDOWS;C:\WINDOWS\System32\Wbem;C:\WINDOWS\System32\WindowsPowerShell\v1.0\;C:\WINDOWS\System32\OpenSSH\;C:\Program Files\Microsoft SQL Server\130\Tools\Binn\;C:\sqlite3;C:\Program Files (x86)\Microsoft SQL Server\150\DTS\Binn\;C:\Program Files\Azure Data Studio\bin;C:\Program Files\Microsoft SQL Server\Client SDK\ODBC\170\Tools\Binn\;C:\Program Files (x86)\Microsoft SQL Server\150\Tools\Binn\;C:\Program Files\Microsoft SQL Server\150\Tools\Binn\;C:\Program Files\Microsoft SQL Server\150\DTS\Binn\;C:\xampp\php;C:\ProgramData\ComposerSetup\bin;C:\Program Files\dotnet\;C:\Users\User\AppData\Local\Android\Sdk\cmdline-tools\bin;C:\Program Files\Java\;C:\Program Files\Git\cmd;C:\Program Files\nodejs\;C:\ProgramData\chocolatey\bin;C:\Program Files (x86)\GTK2-Runtime\lib;C:\Program Files (x86)\Common Files\Oracle\Java\javapath;C:\Python311\Scripts\;C:\Python311\;C:\Program Files (x86)\Falcon\MinGW\bin;C:\WINDOWS\system32;C:\WINDOWS;C:\WINDOWS\System32\Wbem;C:\WINDOWS\System32\WindowsPowerShell\v1.0\;C:\WINDOWS\System32\OpenSSH\;C:\Program Files\Microsoft SQL Server\130\Tools\Binn\;C:\sqlite3;C:\Program Files (x86)\Microsoft SQL Server\150\DTS\Binn\;C:\Program Files\Azure Data Studio\bin;C:\Program Files\Microsoft SQL Server\Client SDK\ODBC\170\Tools\Binn\;C:\Program Files (x86)\Microsoft SQL Server\150\Tools\Binn\;C:\Program Files\Microsoft SQL Server\150\Tools\Binn\;C:\Program Files\Microsoft SQL Server\150\DTS\Binn\;C:\xampp\php;C:\ProgramData\ComposerSetup\bin;C:\Program Files\dotnet\;C:\Users\User\AppData\Local\Android\Sdk\cmdline-tools\bin;C:\Program Files\Java\;C:\Program Files\Git\cmd;C:\Program Files\nodejs\;C:\ProgramData\chocolatey\bin;C:\Program Files (x86)\GTK2-Runtime\lib;C:\Program Files\nodejs\node_modules\npm\bin;C:\Program Files\MySQL\MySQL Shell 8.0\bin\;C:\Users\User\AppData\Local\Microsoft\Windows
USERNAME=User
OS=Windows_NT
PROCESSOR_IDENTIFIER=Intel64 Family 6 Model 140 Stepping 1, GenuineIntel
TMP=C:\Users\User\AppData\Local\Temp
TEMP=C:\Users\User\AppData\Local\Temp


JNI global refs:
JNI global refs: 25, weak refs: 0

JNI global refs memory usage: 843, weak refs: 841


---------------  S Y S T E M  ---------------

OS:
 Windows 11 , 64 bit Build 22621 (10.0.22621.2506)
OS uptime: 2 days 0:13 hours

CPU: total 8 (initial active 8) (4 cores per cpu, 2 threads per core) family 6 model 140 stepping 1 microcode 0x78, cx8, cmov, fxsr, ht, mmx, 3dnowpref, sse, sse2, sse3, ssse3, sse4.1, sse4.2, popcnt, lzcnt, tsc, tscinvbit, avx, avx2, aes, erms, clmul, bmi1, bmi2, adx, avx512f, avx512dq, avx512cd, avx512bw, avx512vl, sha, fma, vzeroupper, avx512_vpopcntdq, avx512_vpclmulqdq, avx512_vaes, avx512_vnni, clflush, clflushopt, clwb, avx512_vbmi2, avx512_vbmi

Memory: 4k page, system-wide physical 7991M (593M free)
TotalPageFile size 10039M (AvailPageFile size 3M)
current process WorkingSet (physical memory assigned to process): 413M, peak: 413M
current process commit charge ("private bytes"): 473M, peak: 475M

vm_info: OpenJDK 64-Bit Server VM (17.0.6+0-b2043.56-10027231) for windows-amd64 JRE (17.0.6+0-b2043.56-10027231), built on Apr 28 2023 00:43:19 by "androidbuild" with MS VC++ 16.10 / 16.11 (VS2019)

END.
