#
# There is insufficient memory for the Java Runtime Environment to continue.
# Native memory allocation (mmap) failed to map 37748736 bytes for G1 virtual space
# Possible reasons:
#   The system is out of physical RAM or swap space
#   The process is running with CompressedOops enabled, and the Java Heap may be blocking the growth of the native heap
# Possible solutions:
#   Reduce memory load on the system
#   Increase physical memory or swap space
#   Check if swap backing store is full
#   Decrease Java heap size (-Xmx/-Xms)
#   Decrease number of Java threads
#   Decrease Java thread stack sizes (-Xss)
#   Set larger code cache with -XX:ReservedCodeCacheSize=
#   JVM is running with Unscaled Compressed Oops mode in which the Java heap is
#     placed in the first 4GB address space. The Java Heap base address is the
#     maximum limit for the native heap growth. Please use -XX:HeapBaseMinAddress
#     to set the Java Heap base and to place the Java Heap above 4GB virtual address.
# This output file may be truncated or incomplete.
#
#  Out of Memory Error (os_windows.cpp:3769), pid=2148, tid=2012
#
# JRE version: OpenJDK Runtime Environment (17.0.6) (build 17.0.6+0-b2043.56-10027231)
# Java VM: OpenJDK 64-Bit Server VM (17.0.6+0-b2043.56-10027231, mixed mode, tiered, compressed oops, compressed class ptrs, g1 gc, windows-amd64)
# No core dump will be written. Minidumps are not enabled by default on client versions of Windows
#

---------------  S U M M A R Y ------------

Command Line: org.jetbrains.kotlin.cli.jvm.K2JVMCompiler @C:\Users\User\AndroidStudioProjects\RepairPal\customer\build\20231202_10483573791105598584.compiler.options

Host: 11th Gen Intel(R) Core(TM) i5-1135G7 @ 2.40GHz, 8 cores, 7G,  Windows 11 , 64 bit Build 22621 (10.0.22621.2506)
Time: Sat Dec  2 07:02:11 2023 E. Africa Standard Time elapsed time: 3.540897 seconds (0d 0h 0m 3s)

---------------  T H R E A D  ---------------

Current thread (0x0000016d3bc19790):  VMThread "VM Thread" [stack: 0x0000002980200000,0x0000002980300000] [id=2012]

Stack: [0x0000002980200000,0x0000002980300000]
Native frames: (J=compiled Java code, j=interpreted, Vv=VM code, C=native code)
V  [jvm.dll+0x683c9a]
V  [jvm.dll+0x8427a4]
V  [jvm.dll+0x843f9e]
V  [jvm.dll+0x844603]
V  [jvm.dll+0x249b75]
V  [jvm.dll+0x680b69]
V  [jvm.dll+0x67505a]
V  [jvm.dll+0x309acb]
V  [jvm.dll+0x310f86]
V  [jvm.dll+0x3608ee]
V  [jvm.dll+0x360b1f]
V  [jvm.dll+0x2dfbf8]
V  [jvm.dll+0x2ddec4]
V  [jvm.dll+0x2dd4cc]
V  [jvm.dll+0x321f3b]
V  [jvm.dll+0x848ccb]
V  [jvm.dll+0x849a04]
V  [jvm.dll+0x849f1d]
V  [jvm.dll+0x84a2f4]
V  [jvm.dll+0x84a3c0]
V  [jvm.dll+0x7f274a]
V  [jvm.dll+0x682ad5]
C  [ucrtbase.dll+0x29363]
C  [KERNEL32.DLL+0x1257d]
C  [ntdll.dll+0x5aa58]

VM_Operation (0x00000029ffcfd640): G1CollectForAllocation, mode: safepoint, requested by thread 0x0000016d2164d9a0


---------------  P R O C E S S  ---------------

Threads class SMR info:
_java_thread_list=0x0000016d3bdd60d0, length=13, elements={
0x0000016d2164d9a0, 0x0000016d3afec1f0, 0x0000016d3afecda0, 0x0000016d3bc92230,
0x0000016d3bc929f0, 0x0000016d3bc933a0, 0x0000016d3bc93d50, 0x0000016d3bc8b6a0,
0x0000016d3bc8bfa0, 0x0000016d3bc8c8a0, 0x0000016d3bded060, 0x0000016d3bdf3550,
0x0000016d3be43300
}

Java Threads: ( => current thread )
  0x0000016d2164d9a0 JavaThread "main" [_thread_blocked, id=7460, stack(0x00000029ffc00000,0x00000029ffd00000)]
  0x0000016d3afec1f0 JavaThread "Reference Handler" daemon [_thread_blocked, id=656, stack(0x0000002980300000,0x0000002980400000)]
  0x0000016d3afecda0 JavaThread "Finalizer" daemon [_thread_blocked, id=3636, stack(0x0000002980400000,0x0000002980500000)]
  0x0000016d3bc92230 JavaThread "Signal Dispatcher" daemon [_thread_blocked, id=7572, stack(0x0000002980500000,0x0000002980600000)]
  0x0000016d3bc929f0 JavaThread "Attach Listener" daemon [_thread_blocked, id=3080, stack(0x0000002980600000,0x0000002980700000)]
  0x0000016d3bc933a0 JavaThread "Service Thread" daemon [_thread_blocked, id=6044, stack(0x0000002980700000,0x0000002980800000)]
  0x0000016d3bc93d50 JavaThread "Monitor Deflation Thread" daemon [_thread_blocked, id=7432, stack(0x0000002980800000,0x0000002980900000)]
  0x0000016d3bc8b6a0 JavaThread "C2 CompilerThread0" daemon [_thread_blocked, id=13996, stack(0x0000002980900000,0x0000002980a00000)]
  0x0000016d3bc8bfa0 JavaThread "C1 CompilerThread0" daemon [_thread_blocked, id=14300, stack(0x0000002980a00000,0x0000002980b00000)]
  0x0000016d3bc8c8a0 JavaThread "Sweeper thread" daemon [_thread_blocked, id=14004, stack(0x0000002980b00000,0x0000002980c00000)]
  0x0000016d3bded060 JavaThread "Notification Thread" daemon [_thread_blocked, id=1248, stack(0x0000002980c00000,0x0000002980d00000)]
  0x0000016d3bdf3550 JavaThread "Common-Cleaner" daemon [_thread_blocked, id=10360, stack(0x0000002980e00000,0x0000002980f00000)]
  0x0000016d3be43300 JavaThread "C2 CompilerThread1" daemon [_thread_blocked, id=7264, stack(0x0000002980f00000,0x0000002981000000)]

Other Threads:
=>0x0000016d3bc19790 VMThread "VM Thread" [stack: 0x0000002980200000,0x0000002980300000] [id=2012]
  0x0000016d3bc9b2f0 WatcherThread [stack: 0x0000002980d00000,0x0000002980e00000] [id=2968]
  0x0000016d216a8060 GCTaskThread "GC Thread#0" [stack: 0x00000029ffd00000,0x00000029ffe00000] [id=4924]
  0x0000016d3c51d970 GCTaskThread "GC Thread#1" [stack: 0x0000002981000000,0x0000002981100000] [id=13164]
  0x0000016d3c51dc20 GCTaskThread "GC Thread#2" [stack: 0x0000002981100000,0x0000002981200000] [id=4596]
  0x0000016d3c51ec90 GCTaskThread "GC Thread#3" [stack: 0x0000002981200000,0x0000002981300000] [id=5536]
  0x0000016d3c51ef40 GCTaskThread "GC Thread#4" [stack: 0x0000002981300000,0x0000002981400000] [id=13756]
  0x0000016d3d775d10 GCTaskThread "GC Thread#5" [stack: 0x0000002981400000,0x0000002981500000] [id=1800]
  0x0000016d3d78dcb0 GCTaskThread "GC Thread#6" [stack: 0x0000002981500000,0x0000002981600000] [id=14108]
  0x0000016d3d454500 GCTaskThread "GC Thread#7" [stack: 0x0000002981600000,0x0000002981700000] [id=11152]
  0x0000016d216b8960 ConcurrentGCThread "G1 Main Marker" [stack: 0x00000029ffe00000,0x00000029fff00000] [id=11460]
  0x0000016d216b9370 ConcurrentGCThread "G1 Conc#0" [stack: 0x00000029fff00000,0x0000002a00000000] [id=14224]
  0x0000016d3d454fc0 ConcurrentGCThread "G1 Conc#1" [stack: 0x0000002981700000,0x0000002981800000] [id=8316]
  0x0000016d3ae57f20 ConcurrentGCThread "G1 Refine#0" [stack: 0x0000002980000000,0x0000002980100000] [id=4368]
  0x0000016d3ae58940 ConcurrentGCThread "G1 Service" [stack: 0x0000002980100000,0x0000002980200000] [id=8160]

Threads with active compile tasks:
C2 CompilerThread0     3548 6344       4       org.jetbrains.kotlin.resolve.lazy.descriptors.LazyClassDescriptor::getModality (22 bytes)
C2 CompilerThread1     3548 6330       4       java.util.HashSet::toArray (18 bytes)

VM state: at safepoint (normal execution)

VM Mutex/Monitor currently owned by a thread:  ([mutex/lock_event])
[0x0000016d21649640] Threads_lock - owner thread: 0x0000016d3bc19790
[0x0000016d2164ae70] Heap_lock - owner thread: 0x0000016d2164d9a0

Heap address: 0x0000000083200000, size: 1998 MB, Compressed Oops mode: 32-bit

CDS archive(s) not mapped
Compressed class space mapped at: 0x0000000100000000-0x0000000140000000, reserved size: 1073741824
Narrow klass base: 0x0000000000000000, Narrow klass shift: 3, Narrow klass range: 0x140000000

GC Precious Log:
 CPUs: 8 total, 8 available
 Memory: 7991M
 Large Page Support: Disabled
 NUMA Support: Disabled
 Compressed Oops: Enabled (32-bit)
 Heap Region Size: 1M
 Heap Min Capacity: 8M
 Heap Initial Capacity: 126M
 Heap Max Capacity: 1998M
 Pre-touch: Disabled
 Parallel Workers: 8
 Concurrent Workers: 2
 Concurrent Refinement Workers: 8
 Periodic GC: Disabled

Heap:
 garbage-first heap   total 129024K, used 56807K [0x0000000083200000, 0x0000000100000000)
  region size 1024K, 2 young (2048K), 2 survivors (2048K)
 Metaspace       used 58008K, committed 58368K, reserved 1105920K
  class space    used 6743K, committed 6912K, reserved 1048576K

Heap Regions: E=young(eden), S=young(survivor), O=old, HS=humongous(starts), HC=humongous(continues), CS=collection set, F=free, OA=open archive, CA=closed archive, TAMS=top-at-mark-start (previous, next)
|   0|0x0000000083200000, 0x0000000083300000, 0x0000000083300000|100%|HS|  |TAMS 0x0000000083300000, 0x0000000083300000| Complete 
|   1|0x0000000083300000, 0x0000000083400000, 0x0000000083400000|100%|HC|  |TAMS 0x0000000083400000, 0x0000000083400000| Complete 
|   2|0x0000000083400000, 0x0000000083500000, 0x0000000083500000|100%|HC|  |TAMS 0x0000000083500000, 0x0000000083500000| Complete 
|   3|0x0000000083500000, 0x0000000083600000, 0x0000000083600000|100%|HC|  |TAMS 0x0000000083600000, 0x0000000083600000| Complete 
|   4|0x0000000083600000, 0x0000000083700000, 0x0000000083700000|100%| O|  |TAMS 0x0000000083700000, 0x0000000083700000| Untracked 
|   5|0x0000000083700000, 0x0000000083800000, 0x0000000083800000|100%| O|  |TAMS 0x0000000083800000, 0x0000000083800000| Untracked 
|   6|0x0000000083800000, 0x0000000083900000, 0x0000000083900000|100%| O|  |TAMS 0x0000000083900000, 0x0000000083900000| Untracked 
|   7|0x0000000083900000, 0x0000000083a00000, 0x0000000083a00000|100%|HS|  |TAMS 0x0000000083a00000, 0x0000000083a00000| Complete 
|   8|0x0000000083a00000, 0x0000000083b00000, 0x0000000083b00000|100%|HC|  |TAMS 0x0000000083b00000, 0x0000000083b00000| Complete 
|   9|0x0000000083b00000, 0x0000000083c00000, 0x0000000083c00000|100%|HC|  |TAMS 0x0000000083c00000, 0x0000000083c00000| Complete 
|  10|0x0000000083c00000, 0x0000000083d00000, 0x0000000083d00000|100%|HC|  |TAMS 0x0000000083d00000, 0x0000000083d00000| Complete 
|  11|0x0000000083d00000, 0x0000000083e00000, 0x0000000083e00000|100%| O|  |TAMS 0x0000000083d00000, 0x0000000083e00000| Untracked 
|  12|0x0000000083e00000, 0x0000000083f00000, 0x0000000083f00000|100%| O|  |TAMS 0x0000000083e00000, 0x0000000083f00000| Untracked 
|  13|0x0000000083f00000, 0x0000000084000000, 0x0000000084000000|100%| O|  |TAMS 0x0000000084000000, 0x0000000084000000| Untracked 
|  14|0x0000000084000000, 0x0000000084100000, 0x0000000084100000|100%| O|  |TAMS 0x00000000840d4200, 0x0000000084100000| Untracked 
|  15|0x0000000084100000, 0x0000000084200000, 0x0000000084200000|100%| O|  |TAMS 0x0000000084100000, 0x0000000084200000| Untracked 
|  16|0x0000000084200000, 0x0000000084300000, 0x0000000084300000|100%| O|  |TAMS 0x0000000084200000, 0x0000000084300000| Untracked 
|  17|0x0000000084300000, 0x0000000084400000, 0x0000000084400000|100%| O|  |TAMS 0x0000000084400000, 0x0000000084400000| Untracked 
|  18|0x0000000084400000, 0x0000000084500000, 0x0000000084500000|100%| O|  |TAMS 0x0000000084500000, 0x0000000084500000| Untracked 
|  19|0x0000000084500000, 0x0000000084600000, 0x0000000084600000|100%| O|  |TAMS 0x0000000084600000, 0x0000000084600000| Untracked 
|  20|0x0000000084600000, 0x0000000084700000, 0x0000000084700000|100%| O|  |TAMS 0x0000000084700000, 0x0000000084700000| Untracked 
|  21|0x0000000084700000, 0x0000000084800000, 0x0000000084800000|100%| O|  |TAMS 0x0000000084800000, 0x0000000084800000| Untracked 
|  22|0x0000000084800000, 0x0000000084900000, 0x0000000084900000|100%| O|  |TAMS 0x0000000084900000, 0x0000000084900000| Untracked 
|  23|0x0000000084900000, 0x0000000084a00000, 0x0000000084a00000|100%| O|  |TAMS 0x0000000084900000, 0x0000000084a00000| Untracked 
|  24|0x0000000084a00000, 0x0000000084b00000, 0x0000000084b00000|100%| O|  |TAMS 0x0000000084a00000, 0x0000000084b00000| Untracked 
|  25|0x0000000084b00000, 0x0000000084c00000, 0x0000000084c00000|100%| O|  |TAMS 0x0000000084b00000, 0x0000000084c00000| Untracked 
|  26|0x0000000084c00000, 0x0000000084d00000, 0x0000000084d00000|100%| O|  |TAMS 0x0000000084c00000, 0x0000000084d00000| Untracked 
|  27|0x0000000084d00000, 0x0000000084e00000, 0x0000000084e00000|100%| O|  |TAMS 0x0000000084d00000, 0x0000000084e00000| Untracked 
|  28|0x0000000084e00000, 0x0000000084f00000, 0x0000000084f00000|100%|HS|  |TAMS 0x0000000084e00000, 0x0000000084f00000| Complete 
|  29|0x0000000084f00000, 0x0000000085000000, 0x0000000085000000|100%|HC|  |TAMS 0x0000000084f00000, 0x0000000085000000| Complete 
|  30|0x0000000085000000, 0x0000000085100000, 0x0000000085100000|100%| O|  |TAMS 0x0000000085000000, 0x0000000085100000| Untracked 
|  31|0x0000000085100000, 0x0000000085200000, 0x0000000085200000|100%| O|  |TAMS 0x0000000085100000, 0x0000000085200000| Untracked 
|  32|0x0000000085200000, 0x0000000085300000, 0x0000000085300000|100%| O|  |TAMS 0x0000000085200000, 0x0000000085300000| Untracked 
|  33|0x0000000085300000, 0x0000000085400000, 0x0000000085400000|100%| O|  |TAMS 0x0000000085300000, 0x0000000085400000| Untracked 
|  34|0x0000000085400000, 0x0000000085500000, 0x0000000085500000|100%| O|  |TAMS 0x0000000085400000, 0x0000000085500000| Untracked 
|  35|0x0000000085500000, 0x0000000085600000, 0x0000000085600000|100%| O|  |TAMS 0x0000000085500000, 0x0000000085600000| Untracked 
|  36|0x0000000085600000, 0x0000000085700000, 0x0000000085700000|100%| O|  |TAMS 0x0000000085600000, 0x0000000085700000| Untracked 
|  37|0x0000000085700000, 0x0000000085800000, 0x0000000085800000|100%| O|  |TAMS 0x0000000085700000, 0x0000000085800000| Untracked 
|  38|0x0000000085800000, 0x0000000085900000, 0x0000000085900000|100%| O|  |TAMS 0x0000000085800000, 0x0000000085900000| Untracked 
|  39|0x0000000085900000, 0x0000000085a00000, 0x0000000085a00000|100%| O|  |TAMS 0x0000000085900000, 0x0000000085a00000| Untracked 
|  40|0x0000000085a00000, 0x0000000085b00000, 0x0000000085b00000|100%| O|  |TAMS 0x0000000085a00000, 0x0000000085b00000| Untracked 
|  41|0x0000000085b00000, 0x0000000085c00000, 0x0000000085c00000|100%| O|  |TAMS 0x0000000085b00000, 0x0000000085c00000| Untracked 
|  42|0x0000000085c00000, 0x0000000085d00000, 0x0000000085d00000|100%| O|  |TAMS 0x0000000085c00000, 0x0000000085d00000| Untracked 
|  43|0x0000000085d00000, 0x0000000085e00000, 0x0000000085e00000|100%| O|  |TAMS 0x0000000085d00000, 0x0000000085e00000| Untracked 
|  44|0x0000000085e00000, 0x0000000085f00000, 0x0000000085f00000|100%| O|  |TAMS 0x0000000085e00000, 0x0000000085f00000| Untracked 
|  45|0x0000000085f00000, 0x0000000086000000, 0x0000000086000000|100%| O|  |TAMS 0x0000000085f00000, 0x0000000086000000| Untracked 
|  46|0x0000000086000000, 0x0000000086100000, 0x0000000086100000|100%| O|  |TAMS 0x0000000086000000, 0x0000000086100000| Untracked 
|  47|0x0000000086100000, 0x0000000086200000, 0x0000000086200000|100%| O|  |TAMS 0x0000000086100000, 0x0000000086200000| Untracked 
|  48|0x0000000086200000, 0x0000000086300000, 0x0000000086300000|100%| O|  |TAMS 0x0000000086200000, 0x0000000086300000| Untracked 
|  49|0x0000000086300000, 0x0000000086400000, 0x0000000086400000|100%| O|  |TAMS 0x0000000086300000, 0x0000000086300000| Untracked 
|  50|0x0000000086400000, 0x0000000086500000, 0x0000000086500000|100%| O|  |TAMS 0x0000000086400000, 0x0000000086400000| Untracked 
|  51|0x0000000086500000, 0x0000000086600000, 0x0000000086600000|100%| O|  |TAMS 0x0000000086500000, 0x0000000086500000| Untracked 
|  52|0x0000000086600000, 0x0000000086700000, 0x0000000086700000|100%| O|  |TAMS 0x0000000086600000, 0x0000000086600000| Untracked 
|  53|0x0000000086700000, 0x0000000086800000, 0x0000000086800000|100%| O|  |TAMS 0x0000000086700000, 0x0000000086700000| Untracked 
|  54|0x0000000086800000, 0x0000000086800000, 0x0000000086900000|  0%| F|  |TAMS 0x0000000086800000, 0x0000000086800000| Untracked 
|  55|0x0000000086900000, 0x0000000086900000, 0x0000000086a00000|  0%| F|  |TAMS 0x0000000086900000, 0x0000000086900000| Untracked 
|  56|0x0000000086a00000, 0x0000000086a00000, 0x0000000086b00000|  0%| F|  |TAMS 0x0000000086a00000, 0x0000000086a00000| Untracked 
|  57|0x0000000086b00000, 0x0000000086b00000, 0x0000000086c00000|  0%| F|  |TAMS 0x0000000086b00000, 0x0000000086b00000| Untracked 
|  58|0x0000000086c00000, 0x0000000086c00000, 0x0000000086d00000|  0%| F|  |TAMS 0x0000000086c00000, 0x0000000086c00000| Untracked 
|  59|0x0000000086d00000, 0x0000000086d00000, 0x0000000086e00000|  0%| F|  |TAMS 0x0000000086d00000, 0x0000000086d00000| Untracked 
|  60|0x0000000086e00000, 0x0000000086e00000, 0x0000000086f00000|  0%| F|  |TAMS 0x0000000086e00000, 0x0000000086e00000| Untracked 
|  61|0x0000000086f00000, 0x0000000086f00000, 0x0000000087000000|  0%| F|  |TAMS 0x0000000086f00000, 0x0000000086f00000| Untracked 
|  62|0x0000000087000000, 0x0000000087000000, 0x0000000087100000|  0%| F|  |TAMS 0x0000000087000000, 0x0000000087000000| Untracked 
|  63|0x0000000087100000, 0x0000000087100000, 0x0000000087200000|  0%| F|  |TAMS 0x0000000087100000, 0x0000000087100000| Untracked 
|  64|0x0000000087200000, 0x0000000087200000, 0x0000000087300000|  0%| F|  |TAMS 0x0000000087200000, 0x0000000087200000| Untracked 
|  65|0x0000000087300000, 0x0000000087300000, 0x0000000087400000|  0%| F|  |TAMS 0x0000000087300000, 0x0000000087300000| Untracked 
|  66|0x0000000087400000, 0x0000000087400000, 0x0000000087500000|  0%| F|  |TAMS 0x0000000087400000, 0x0000000087400000| Untracked 
|  67|0x0000000087500000, 0x0000000087500000, 0x0000000087600000|  0%| F|  |TAMS 0x0000000087500000, 0x0000000087500000| Untracked 
|  68|0x0000000087600000, 0x0000000087600000, 0x0000000087700000|  0%| F|  |TAMS 0x0000000087600000, 0x0000000087600000| Untracked 
|  69|0x0000000087700000, 0x0000000087700000, 0x0000000087800000|  0%| F|  |TAMS 0x0000000087700000, 0x0000000087700000| Untracked 
|  70|0x0000000087800000, 0x0000000087800000, 0x0000000087900000|  0%| F|  |TAMS 0x0000000087800000, 0x0000000087800000| Untracked 
|  71|0x0000000087900000, 0x0000000087900000, 0x0000000087a00000|  0%| F|  |TAMS 0x0000000087900000, 0x0000000087900000| Untracked 
|  72|0x0000000087a00000, 0x0000000087a00000, 0x0000000087b00000|  0%| F|  |TAMS 0x0000000087a00000, 0x0000000087a00000| Untracked 
|  73|0x0000000087b00000, 0x0000000087b00000, 0x0000000087c00000|  0%| F|  |TAMS 0x0000000087b00000, 0x0000000087b00000| Untracked 
|  74|0x0000000087c00000, 0x0000000087c79c98, 0x0000000087d00000| 47%| S|CS|TAMS 0x0000000087c00000, 0x0000000087c00000| Complete 
|  75|0x0000000087d00000, 0x0000000087e00000, 0x0000000087e00000|100%| S|CS|TAMS 0x0000000087d00000, 0x0000000087d00000| Complete 
|  76|0x0000000087e00000, 0x0000000087e00000, 0x0000000087f00000|  0%| F|  |TAMS 0x0000000087e00000, 0x0000000087e00000| Untracked 
|  77|0x0000000087f00000, 0x0000000087f00000, 0x0000000088000000|  0%| F|  |TAMS 0x0000000087f00000, 0x0000000087f00000| Untracked 
|  78|0x0000000088000000, 0x0000000088000000, 0x0000000088100000|  0%| F|  |TAMS 0x0000000088000000, 0x0000000088000000| Untracked 
|  79|0x0000000088100000, 0x0000000088100000, 0x0000000088200000|  0%| F|  |TAMS 0x0000000088100000, 0x0000000088100000| Untracked 
|  80|0x0000000088200000, 0x0000000088200000, 0x0000000088300000|  0%| F|  |TAMS 0x0000000088200000, 0x0000000088200000| Untracked 
|  81|0x0000000088300000, 0x0000000088300000, 0x0000000088400000|  0%| F|  |TAMS 0x0000000088300000, 0x0000000088300000| Untracked 
|  82|0x0000000088400000, 0x0000000088400000, 0x0000000088500000|  0%| F|  |TAMS 0x0000000088400000, 0x0000000088400000| Untracked 
|  83|0x0000000088500000, 0x0000000088500000, 0x0000000088600000|  0%| F|  |TAMS 0x0000000088500000, 0x0000000088500000| Untracked 
|  84|0x0000000088600000, 0x0000000088600000, 0x0000000088700000|  0%| F|  |TAMS 0x0000000088600000, 0x0000000088600000| Untracked 
|  85|0x0000000088700000, 0x0000000088700000, 0x0000000088800000|  0%| F|  |TAMS 0x0000000088700000, 0x0000000088700000| Untracked 
|  86|0x0000000088800000, 0x0000000088800000, 0x0000000088900000|  0%| F|  |TAMS 0x0000000088800000, 0x0000000088800000| Untracked 
|  87|0x0000000088900000, 0x0000000088900000, 0x0000000088a00000|  0%| F|  |TAMS 0x0000000088900000, 0x0000000088900000| Untracked 
|  88|0x0000000088a00000, 0x0000000088a00000, 0x0000000088b00000|  0%| F|  |TAMS 0x0000000088a00000, 0x0000000088a00000| Untracked 
|  89|0x0000000088b00000, 0x0000000088b00000, 0x0000000088c00000|  0%| F|  |TAMS 0x0000000088b00000, 0x0000000088b00000| Untracked 
|  90|0x0000000088c00000, 0x0000000088c00000, 0x0000000088d00000|  0%| F|  |TAMS 0x0000000088c00000, 0x0000000088c00000| Untracked 
|  91|0x0000000088d00000, 0x0000000088d00000, 0x0000000088e00000|  0%| F|  |TAMS 0x0000000088d00000, 0x0000000088d00000| Untracked 
|  92|0x0000000088e00000, 0x0000000088e00000, 0x0000000088f00000|  0%| F|  |TAMS 0x0000000088e00000, 0x0000000088e00000| Untracked 
|  93|0x0000000088f00000, 0x0000000088f00000, 0x0000000089000000|  0%| F|  |TAMS 0x0000000088f00000, 0x0000000088f00000| Untracked 
|  94|0x0000000089000000, 0x0000000089000000, 0x0000000089100000|  0%| F|  |TAMS 0x0000000089000000, 0x0000000089000000| Untracked 
|  95|0x0000000089100000, 0x0000000089100000, 0x0000000089200000|  0%| F|  |TAMS 0x0000000089100000, 0x0000000089100000| Untracked 
|  96|0x0000000089200000, 0x0000000089200000, 0x0000000089300000|  0%| F|  |TAMS 0x0000000089200000, 0x0000000089200000| Untracked 
|  97|0x0000000089300000, 0x0000000089300000, 0x0000000089400000|  0%| F|  |TAMS 0x0000000089300000, 0x0000000089300000| Untracked 
|  98|0x0000000089400000, 0x0000000089400000, 0x0000000089500000|  0%| F|  |TAMS 0x0000000089400000, 0x0000000089400000| Untracked 
|  99|0x0000000089500000, 0x0000000089500000, 0x0000000089600000|  0%| F|  |TAMS 0x0000000089500000, 0x0000000089500000| Untracked 
| 100|0x0000000089600000, 0x0000000089600000, 0x0000000089700000|  0%| F|  |TAMS 0x0000000089600000, 0x0000000089600000| Untracked 
| 101|0x0000000089700000, 0x0000000089700000, 0x0000000089800000|  0%| F|  |TAMS 0x0000000089700000, 0x0000000089700000| Untracked 
| 102|0x0000000089800000, 0x0000000089800000, 0x0000000089900000|  0%| F|  |TAMS 0x0000000089800000, 0x0000000089800000| Untracked 
| 103|0x0000000089900000, 0x0000000089900000, 0x0000000089a00000|  0%| F|  |TAMS 0x0000000089900000, 0x0000000089900000| Untracked 
| 104|0x0000000089a00000, 0x0000000089a00000, 0x0000000089b00000|  0%| F|  |TAMS 0x0000000089a00000, 0x0000000089a00000| Untracked 
| 105|0x0000000089b00000, 0x0000000089b00000, 0x0000000089c00000|  0%| F|  |TAMS 0x0000000089b00000, 0x0000000089b00000| Untracked 
| 106|0x0000000089c00000, 0x0000000089c00000, 0x0000000089d00000|  0%| F|  |TAMS 0x0000000089c00000, 0x0000000089c00000| Untracked 
| 107|0x0000000089d00000, 0x0000000089d00000, 0x0000000089e00000|  0%| F|  |TAMS 0x0000000089d00000, 0x0000000089d00000| Untracked 
| 108|0x0000000089e00000, 0x0000000089e00000, 0x0000000089f00000|  0%| F|  |TAMS 0x0000000089e00000, 0x0000000089e00000| Untracked 
| 109|0x0000000089f00000, 0x0000000089f00000, 0x000000008a000000|  0%| F|  |TAMS 0x0000000089f00000, 0x0000000089f00000| Untracked 
| 110|0x000000008a000000, 0x000000008a000000, 0x000000008a100000|  0%| F|  |TAMS 0x000000008a000000, 0x000000008a000000| Untracked 
| 111|0x000000008a100000, 0x000000008a100000, 0x000000008a200000|  0%| F|  |TAMS 0x000000008a100000, 0x000000008a100000| Untracked 
| 112|0x000000008a200000, 0x000000008a200000, 0x000000008a300000|  0%| F|  |TAMS 0x000000008a200000, 0x000000008a200000| Untracked 
| 113|0x000000008a300000, 0x000000008a300000, 0x000000008a400000|  0%| F|  |TAMS 0x000000008a300000, 0x000000008a300000| Untracked 
| 114|0x000000008a400000, 0x000000008a400000, 0x000000008a500000|  0%| F|  |TAMS 0x000000008a400000, 0x000000008a400000| Untracked 
| 115|0x000000008a500000, 0x000000008a500000, 0x000000008a600000|  0%| F|  |TAMS 0x000000008a500000, 0x000000008a500000| Untracked 
| 116|0x000000008a600000, 0x000000008a600000, 0x000000008a700000|  0%| F|  |TAMS 0x000000008a600000, 0x000000008a600000| Untracked 
| 117|0x000000008a700000, 0x000000008a700000, 0x000000008a800000|  0%| F|  |TAMS 0x000000008a700000, 0x000000008a700000| Untracked 
| 118|0x000000008a800000, 0x000000008a800000, 0x000000008a900000|  0%| F|  |TAMS 0x000000008a800000, 0x000000008a800000| Untracked 
| 119|0x000000008a900000, 0x000000008a900000, 0x000000008aa00000|  0%| F|  |TAMS 0x000000008a900000, 0x000000008a900000| Untracked 
| 120|0x000000008aa00000, 0x000000008aa00000, 0x000000008ab00000|  0%| F|  |TAMS 0x000000008aa00000, 0x000000008aa00000| Untracked 
| 121|0x000000008ab00000, 0x000000008ab00000, 0x000000008ac00000|  0%| F|  |TAMS 0x000000008ab00000, 0x000000008ab00000| Untracked 
| 122|0x000000008ac00000, 0x000000008ac00000, 0x000000008ad00000|  0%| F|  |TAMS 0x000000008ac00000, 0x000000008ac00000| Untracked 
| 123|0x000000008ad00000, 0x000000008ad00000, 0x000000008ae00000|  0%| F|  |TAMS 0x000000008ad00000, 0x000000008ad00000| Untracked 
| 124|0x000000008ae00000, 0x000000008ae00000, 0x000000008af00000|  0%| F|  |TAMS 0x000000008ae00000, 0x000000008ae00000| Untracked 
| 125|0x000000008af00000, 0x000000008af00000, 0x000000008b000000|  0%| F|  |TAMS 0x000000008af00000, 0x000000008af00000| Untracked 

Card table byte_map: [0x0000016d34230000,0x0000016d34620000] _byte_map_base: 0x0000016d33e17000

Marking Bits (Prev, Next): (CMBitMap*) 0x0000016d216a8670, (CMBitMap*) 0x0000016d216a86b0
 Prev Bits: [0x0000016d34a10000, 0x0000016d36948000)
 Next Bits: [0x0000016d36950000, 0x0000016d38888000)

Polling page: 0x0000016d1f630000

Metaspace:

Usage:
  Non-class:     50.06 MB used.
      Class:      6.59 MB used.
       Both:     56.65 MB used.

Virtual space:
  Non-class space:       56.00 MB reserved,      50.25 MB ( 90%) committed,  7 nodes.
      Class space:        1.00 GB reserved,       6.75 MB ( <1%) committed,  1 nodes.
             Both:        1.05 GB reserved,      57.00 MB (  5%) committed. 

Chunk freelists:
   Non-Class:  1.53 MB
       Class:  1.23 MB
        Both:  2.77 MB

MaxMetaspaceSize: unlimited
CompressedClassSpaceSize: 1.00 GB
Initial GC threshold: 21.00 MB
Current GC threshold: 59.06 MB
CDS: off
MetaspaceReclaimPolicy: balanced
 - commit_granule_bytes: 65536.
 - commit_granule_words: 8192.
 - virtual_space_node_default_size: 1048576.
 - enlarge_chunks_in_place: 1.
 - new_chunks_are_fully_committed: 0.
 - uncommit_free_chunks: 1.
 - use_allocation_guard: 0.
 - handle_deallocations: 1.


Internal statistics:

num_allocs_failed_limit: 6.
num_arena_births: 260.
num_arena_deaths: 0.
num_vsnodes_births: 8.
num_vsnodes_deaths: 0.
num_space_committed: 910.
num_space_uncommitted: 0.
num_chunks_returned_to_freelist: 6.
num_chunks_taken_from_freelist: 1973.
num_chunk_merges: 6.
num_chunk_splits: 1596.
num_chunks_enlarged: 1413.
num_purges: 0.
num_inconsistent_stats: 0.

CodeHeap 'non-profiled nmethods': size=120000Kb used=2908Kb max_used=2908Kb free=117091Kb
 bounds [0x0000016d2c5e0000, 0x0000016d2c8c0000, 0x0000016d33b10000]
CodeHeap 'profiled nmethods': size=120000Kb used=13079Kb max_used=13079Kb free=106920Kb
 bounds [0x0000016d24b10000, 0x0000016d257e0000, 0x0000016d2c040000]
CodeHeap 'non-nmethods': size=5760Kb used=1312Kb max_used=1359Kb free=4447Kb
 bounds [0x0000016d2c040000, 0x0000016d2c2b0000, 0x0000016d2c5e0000]
 total_blobs=6928 nmethods=6312 adapters=527
 compilation: enabled
              stopped_count=0, restarted_count=0
 full_count=0

Compilation events (20 events):
Event: 3.520 Thread 0x0000016d3bc8bfa0 6337       3       kotlin.collections.CollectionsKt___CollectionsKt::firstOrNull (63 bytes)
Event: 3.521 Thread 0x0000016d3bc8bfa0 nmethod 6337 0x0000016d257d4c10 code [0x0000016d257d4ec0, 0x0000016d257d5c48]
Event: 3.522 Thread 0x0000016d3bc8b6a0 nmethod 6331 0x0000016d2c8b2190 code [0x0000016d2c8b2320, 0x0000016d2c8b24f8]
Event: 3.522 Thread 0x0000016d3bc8b6a0 6338       4       org.jetbrains.kotlin.descriptors.impl.ModuleDescriptorImpl::getCapability (24 bytes)
Event: 3.522 Thread 0x0000016d3bc8b6a0 nmethod 6338 0x0000016d2c8b2610 code [0x0000016d2c8b27a0, 0x0000016d2c8b2858]
Event: 3.522 Thread 0x0000016d3bc8b6a0 6335       4       kotlin.collections.EmptyMap::get (6 bytes)
Event: 3.522 Thread 0x0000016d3bc8b6a0 nmethod 6335 0x0000016d2c8b2990 code [0x0000016d2c8b2b00, 0x0000016d2c8b2b78]
Event: 3.522 Thread 0x0000016d3bc8b6a0 6336       4       java.util.LinkedHashMap::values (25 bytes)
Event: 3.523 Thread 0x0000016d3bc8b6a0 nmethod 6336 0x0000016d2c8b2c90 code [0x0000016d2c8b2e20, 0x0000016d2c8b2fb8]
Event: 3.523 Thread 0x0000016d3bc8b6a0 6339       4       org.jetbrains.kotlin.resolve.OverridingUtil::filterOutOverridden (61 bytes)
Event: 3.530 Thread 0x0000016d3be43300 nmethod 6329 0x0000016d2c8b3090 code [0x0000016d2c8b33c0, 0x0000016d2c8b45b0]
Event: 3.530 Thread 0x0000016d3be43300 6343       4       org.jetbrains.kotlin.resolve.DescriptorUtils::getContainingModuleOrNull (54 bytes)
Event: 3.531 Thread 0x0000016d3be43300 nmethod 6343 0x0000016d2c8b5310 code [0x0000016d2c8b54a0, 0x0000016d2c8b55f8]
Event: 3.531 Thread 0x0000016d3be43300 6340       4       org.jetbrains.kotlin.resolve.descriptorUtil.DescriptorUtilsKt::isTypeRefinementEnabled (50 bytes)
Event: 3.532 Thread 0x0000016d3be43300 nmethod 6340 0x0000016d2c8b5710 code [0x0000016d2c8b58a0, 0x0000016d2c8b5958]
Event: 3.532 Thread 0x0000016d3be43300 6341       4       org.jetbrains.kotlin.resolve.OverridingUtil::filterOverrides (257 bytes)
Event: 3.533 Thread 0x0000016d3bc8b6a0 nmethod 6339 0x0000016d2c8b5a90 code [0x0000016d2c8b5c80, 0x0000016d2c8b6758]
Event: 3.533 Thread 0x0000016d3be43300 nmethod 6341 0x0000016d2c8b6e10 code [0x0000016d2c8b6fa0, 0x0000016d2c8b7098]
Event: 3.533 Thread 0x0000016d3bc8b6a0 6344       4       org.jetbrains.kotlin.resolve.lazy.descriptors.LazyClassDescriptor::getModality (22 bytes)
Event: 3.533 Thread 0x0000016d3be43300 6330       4       java.util.HashSet::toArray (18 bytes)

GC Heap History (20 events):
Event: 0.992 GC heap after
{Heap after GC invocations=5 (full 0):
 garbage-first heap   total 40960K, used 17071K [0x0000000083200000, 0x0000000100000000)
  region size 1024K, 1 young (1024K), 1 survivors (1024K)
 Metaspace       used 27694K, committed 27968K, reserved 1081344K
  class space    used 3044K, committed 3136K, reserved 1048576K
}
Event: 1.167 GC heap before
{Heap before GC invocations=5 (full 0):
 garbage-first heap   total 40960K, used 31407K [0x0000000083200000, 0x0000000100000000)
  region size 1024K, 15 young (15360K), 1 survivors (1024K)
 Metaspace       used 31501K, committed 31744K, reserved 1081344K
  class space    used 3826K, committed 3904K, reserved 1048576K
}
Event: 1.170 GC heap after
{Heap after GC invocations=6 (full 0):
 garbage-first heap   total 40960K, used 17913K [0x0000000083200000, 0x0000000100000000)
  region size 1024K, 2 young (2048K), 2 survivors (2048K)
 Metaspace       used 31501K, committed 31744K, reserved 1081344K
  class space    used 3826K, committed 3904K, reserved 1048576K
}
Event: 1.264 GC heap before
{Heap before GC invocations=6 (full 0):
 garbage-first heap   total 40960K, used 33273K [0x0000000083200000, 0x0000000100000000)
  region size 1024K, 15 young (15360K), 2 survivors (2048K)
 Metaspace       used 31678K, committed 31936K, reserved 1081344K
  class space    used 3826K, committed 3904K, reserved 1048576K
}
Event: 1.269 GC heap after
{Heap after GC invocations=7 (full 0):
 garbage-first heap   total 81920K, used 23376K [0x0000000083200000, 0x0000000100000000)
  region size 1024K, 2 young (2048K), 2 survivors (2048K)
 Metaspace       used 31678K, committed 31936K, reserved 1081344K
  class space    used 3826K, committed 3904K, reserved 1048576K
}
Event: 1.464 GC heap before
{Heap before GC invocations=7 (full 0):
 garbage-first heap   total 81920K, used 43856K [0x0000000083200000, 0x0000000100000000)
  region size 1024K, 23 young (23552K), 2 survivors (2048K)
 Metaspace       used 35782K, committed 35968K, reserved 1081344K
  class space    used 4498K, committed 4608K, reserved 1048576K
}
Event: 1.470 GC heap after
{Heap after GC invocations=8 (full 0):
 garbage-first heap   total 81920K, used 26877K [0x0000000083200000, 0x0000000100000000)
  region size 1024K, 5 young (5120K), 5 survivors (5120K)
 Metaspace       used 35782K, committed 35968K, reserved 1081344K
  class space    used 4498K, committed 4608K, reserved 1048576K
}
Event: 1.770 GC heap before
{Heap before GC invocations=9 (full 0):
 garbage-first heap   total 81920K, used 57597K [0x0000000083200000, 0x0000000100000000)
  region size 1024K, 35 young (35840K), 5 survivors (5120K)
 Metaspace       used 41406K, committed 41664K, reserved 1089536K
  class space    used 5036K, committed 5184K, reserved 1048576K
}
Event: 1.782 GC heap after
{Heap after GC invocations=10 (full 0):
 garbage-first heap   total 81920K, used 28362K [0x0000000083200000, 0x0000000100000000)
  region size 1024K, 4 young (4096K), 4 survivors (4096K)
 Metaspace       used 41406K, committed 41664K, reserved 1089536K
  class space    used 5036K, committed 5184K, reserved 1048576K
}
Event: 2.171 GC heap before
{Heap before GC invocations=10 (full 0):
 garbage-first heap   total 81920K, used 59082K [0x0000000083200000, 0x0000000100000000)
  region size 1024K, 34 young (34816K), 4 survivors (4096K)
 Metaspace       used 48766K, committed 49088K, reserved 1097728K
  class space    used 5867K, committed 6016K, reserved 1048576K
}
Event: 2.176 GC heap after
{Heap after GC invocations=11 (full 0):
 garbage-first heap   total 81920K, used 31444K [0x0000000083200000, 0x0000000100000000)
  region size 1024K, 3 young (3072K), 3 survivors (3072K)
 Metaspace       used 48766K, committed 49088K, reserved 1097728K
  class space    used 5867K, committed 6016K, reserved 1048576K
}
Event: 2.369 GC heap before
{Heap before GC invocations=11 (full 0):
 garbage-first heap   total 81920K, used 64212K [0x0000000083200000, 0x0000000100000000)
  region size 1024K, 32 young (32768K), 3 survivors (3072K)
 Metaspace       used 49897K, committed 50176K, reserved 1097728K
  class space    used 5960K, committed 6080K, reserved 1048576K
}
Event: 2.377 GC heap after
{Heap after GC invocations=12 (full 0):
 garbage-first heap   total 103424K, used 37572K [0x0000000083200000, 0x0000000100000000)
  region size 1024K, 4 young (4096K), 4 survivors (4096K)
 Metaspace       used 49897K, committed 50176K, reserved 1097728K
  class space    used 5960K, committed 6080K, reserved 1048576K
}
Event: 2.887 GC heap before
{Heap before GC invocations=12 (full 0):
 garbage-first heap   total 103424K, used 75460K [0x0000000083200000, 0x0000000100000000)
  region size 1024K, 41 young (41984K), 4 survivors (4096K)
 Metaspace       used 55449K, committed 55744K, reserved 1105920K
  class space    used 6557K, committed 6720K, reserved 1048576K
}
Event: 2.902 GC heap after
{Heap after GC invocations=13 (full 0):
 garbage-first heap   total 103424K, used 43744K [0x0000000083200000, 0x0000000100000000)
  region size 1024K, 6 young (6144K), 6 survivors (6144K)
 Metaspace       used 55449K, committed 55744K, reserved 1105920K
  class space    used 6557K, committed 6720K, reserved 1048576K
}
Event: 3.269 GC heap before
{Heap before GC invocations=13 (full 0):
 garbage-first heap   total 103424K, used 77536K [0x0000000083200000, 0x0000000100000000)
  region size 1024K, 39 young (39936K), 6 survivors (6144K)
 Metaspace       used 56884K, committed 57152K, reserved 1105920K
  class space    used 6635K, committed 6784K, reserved 1048576K
}
Event: 3.285 GC heap after
{Heap after GC invocations=14 (full 0):
 garbage-first heap   total 103424K, used 49527K [0x0000000083200000, 0x0000000100000000)
  region size 1024K, 5 young (5120K), 5 survivors (5120K)
 Metaspace       used 56884K, committed 57152K, reserved 1105920K
  class space    used 6635K, committed 6784K, reserved 1048576K
}
Event: 3.444 GC heap before
{Heap before GC invocations=14 (full 0):
 garbage-first heap   total 103424K, used 78199K [0x0000000083200000, 0x0000000100000000)
  region size 1024K, 33 young (33792K), 5 survivors (5120K)
 Metaspace       used 57805K, committed 58048K, reserved 1105920K
  class space    used 6725K, committed 6848K, reserved 1048576K
}
Event: 3.464 GC heap after
{Heap after GC invocations=15 (full 0):
 garbage-first heap   total 103424K, used 55296K [0x0000000083200000, 0x0000000100000000)
  region size 1024K, 5 young (5120K), 5 survivors (5120K)
 Metaspace       used 57805K, committed 58048K, reserved 1105920K
  class space    used 6725K, committed 6848K, reserved 1048576K
}
Event: 3.533 GC heap before
{Heap before GC invocations=15 (full 0):
 garbage-first heap   total 103424K, used 80896K [0x0000000083200000, 0x0000000100000000)
  region size 1024K, 30 young (30720K), 5 survivors (5120K)
 Metaspace       used 58008K, committed 58368K, reserved 1105920K
  class space    used 6743K, committed 6912K, reserved 1048576K
}

Dll operation events (2 events):
Event: 0.004 Loaded shared library C:\Program Files\Android\Android Studio\jbr\bin\java.dll
Event: 0.628 Loaded shared library C:\Program Files\Android\Android Studio\jbr\bin\verify.dll

Deoptimization events (20 events):
Event: 3.422 Thread 0x0000016d2164d9a0 Uncommon trap: trap_request=0xffffff45 fr.pc=0x0000016d2c87a208 relative=0x00000000000003a8
Event: 3.422 Thread 0x0000016d2164d9a0 Uncommon trap: reason=unstable_if action=reinterpret pc=0x0000016d2c87a208 method=org.jetbrains.kotlin.util.AbstractModifierChecks.check(Lorg/jetbrains/kotlin/descriptors/FunctionDescriptor;)Lorg/jetbrains/kotlin/util/CheckResult; @ 40 c2
Event: 3.422 Thread 0x0000016d2164d9a0 DEOPT PACKING pc=0x0000016d2c87a208 sp=0x00000029ffcfce10
Event: 3.422 Thread 0x0000016d2164d9a0 DEOPT UNPACKING pc=0x0000016d2c09a1a3 sp=0x00000029ffcfcdc0 mode 2
Event: 3.478 Thread 0x0000016d2164d9a0 Uncommon trap: trap_request=0xffffffbe fr.pc=0x0000016d2c89ef74 relative=0x0000000000000454
Event: 3.478 Thread 0x0000016d2164d9a0 Uncommon trap: reason=profile_predicate action=maybe_recompile pc=0x0000016d2c89ef74 method=java.util.Arrays$ArrayList.indexOf(Ljava/lang/Object;)I @ 39 c2
Event: 3.478 Thread 0x0000016d2164d9a0 DEOPT PACKING pc=0x0000016d2c89ef74 sp=0x00000029ffcfcbb0
Event: 3.478 Thread 0x0000016d2164d9a0 DEOPT UNPACKING pc=0x0000016d2c09a1a3 sp=0x00000029ffcfcb38 mode 2
Event: 3.478 Thread 0x0000016d2164d9a0 Uncommon trap: trap_request=0xffffffbe fr.pc=0x0000016d2c89ef74 relative=0x0000000000000454
Event: 3.478 Thread 0x0000016d2164d9a0 Uncommon trap: reason=profile_predicate action=maybe_recompile pc=0x0000016d2c89ef74 method=java.util.Arrays$ArrayList.indexOf(Ljava/lang/Object;)I @ 39 c2
Event: 3.478 Thread 0x0000016d2164d9a0 DEOPT PACKING pc=0x0000016d2c89ef74 sp=0x00000029ffcfcfe0
Event: 3.478 Thread 0x0000016d2164d9a0 DEOPT UNPACKING pc=0x0000016d2c09a1a3 sp=0x00000029ffcfcf68 mode 2
Event: 3.478 Thread 0x0000016d2164d9a0 Uncommon trap: trap_request=0xffffffbe fr.pc=0x0000016d2c89ef74 relative=0x0000000000000454
Event: 3.478 Thread 0x0000016d2164d9a0 Uncommon trap: reason=profile_predicate action=maybe_recompile pc=0x0000016d2c89ef74 method=java.util.Arrays$ArrayList.indexOf(Ljava/lang/Object;)I @ 39 c2
Event: 3.478 Thread 0x0000016d2164d9a0 DEOPT PACKING pc=0x0000016d2c89ef74 sp=0x00000029ffcfcc30
Event: 3.478 Thread 0x0000016d2164d9a0 DEOPT UNPACKING pc=0x0000016d2c09a1a3 sp=0x00000029ffcfcbb8 mode 2
Event: 3.478 Thread 0x0000016d2164d9a0 Uncommon trap: trap_request=0xffffffbe fr.pc=0x0000016d2c89ef74 relative=0x0000000000000454
Event: 3.478 Thread 0x0000016d2164d9a0 Uncommon trap: reason=profile_predicate action=maybe_recompile pc=0x0000016d2c89ef74 method=java.util.Arrays$ArrayList.indexOf(Ljava/lang/Object;)I @ 39 c2
Event: 3.478 Thread 0x0000016d2164d9a0 DEOPT PACKING pc=0x0000016d2c89ef74 sp=0x00000029ffcfd060
Event: 3.478 Thread 0x0000016d2164d9a0 DEOPT UNPACKING pc=0x0000016d2c09a1a3 sp=0x00000029ffcfcfe8 mode 2

Classes unloaded (0 events):
No events

Classes redefined (0 events):
No events

Internal exceptions (20 events):
Event: 0.982 Thread 0x0000016d2164d9a0 Exception <a 'java/lang/NoSuchMethodError'{0x000000008af96f10}: 'void java.lang.invoke.DirectMethodHandle$Holder.invokeStaticInit(java.lang.Object, java.lang.Object)'> (0x000000008af96f10) 
thrown [s\src\hotspot\share\interpreter\linkResolver.cpp, line 771]
Event: 1.040 Thread 0x0000016d2164d9a0 Exception <a 'java/lang/NoSuchMethodError'{0x000000008549cd70}: 'void java.lang.invoke.DirectMethodHandle$Holder.invokeVirtual(java.lang.Object, java.lang.Object)'> (0x000000008549cd70) 
thrown [s\src\hotspot\share\interpreter\linkResolver.cpp, line 771]
Event: 1.044 Thread 0x0000016d2164d9a0 Exception <a 'java/lang/NoSuchMethodError'{0x00000000854ecf30}: 'int java.lang.invoke.DirectMethodHandle$Holder.invokeVirtual(java.lang.Object, java.lang.Object)'> (0x00000000854ecf30) 
thrown [s\src\hotspot\share\interpreter\linkResolver.cpp, line 771]
Event: 1.056 Thread 0x0000016d2164d9a0 Exception <a 'java/lang/NoSuchMethodError'{0x000000008539bd78}: 'java.lang.Object java.lang.invoke.Invokers$Holder.invokeExact_MT(java.lang.Object, java.lang.Object, java.lang.Object, java.lang.Object, java.lang.Object, java.lang.Object)'> (0x000000008539bd78) 
thrown [s\src\hotspot\share\interpreter\linkResolver.cpp, line 771]
Event: 1.509 Thread 0x0000016d2164d9a0 Exception <a 'java/lang/NoSuchMethodError'{0x00000000889c8e40}: 'java.lang.Object java.lang.invoke.DirectMethodHandle$Holder.invokeVirtual(java.lang.Object, java.lang.Object, java.lang.Object)'> (0x00000000889c8e40) 
thrown [s\src\hotspot\share\interpreter\linkResolver.cpp, line 771]
Event: 1.955 Thread 0x0000016d2164d9a0 Exception <a 'java/lang/NoSuchMethodError'{0x0000000087143178}: 'java.lang.Object java.lang.invoke.DirectMethodHandle$Holder.newInvokeSpecial(java.lang.Object, java.lang.Object, int)'> (0x0000000087143178) 
thrown [s\src\hotspot\share\interpreter\linkResolver.cpp, line 771]
Event: 1.996 Thread 0x0000016d2164d9a0 Implicit null exception at 0x0000016d2c74cd4c to 0x0000016d2c74ce28
Event: 2.018 Thread 0x0000016d2164d9a0 Exception <a 'java/lang/NoSuchMethodError'{0x0000000086fe1bf0}: 'java.lang.Object java.lang.invoke.DirectMethodHandle$Holder.newInvokeSpecial(java.lang.Object, java.lang.Object, java.lang.Object, int)'> (0x0000000086fe1bf0) 
thrown [s\src\hotspot\share\interpreter\linkResolver.cpp, line 771]
Event: 2.018 Thread 0x0000016d2164d9a0 Exception <a 'java/lang/NoSuchMethodError'{0x0000000086fe6278}: 'java.lang.Object java.lang.invoke.DirectMethodHandle$Holder.invokeSpecial(java.lang.Object, java.lang.Object, java.lang.Object, java.lang.Object, int)'> (0x0000000086fe6278) 
thrown [s\src\hotspot\share\interpreter\linkResolver.cpp, line 771]
Event: 2.018 Thread 0x0000016d2164d9a0 Exception <a 'java/lang/NoSuchMethodError'{0x0000000086fea0e8}: 'java.lang.Object java.lang.invoke.Invokers$Holder.linkToTargetMethod(java.lang.Object, java.lang.Object, int, java.lang.Object)'> (0x0000000086fea0e8) 
thrown [s\src\hotspot\share\interpreter\linkResolver.cpp, line 771]
Event: 2.035 Thread 0x0000016d2164d9a0 Exception <a 'java/lang/NoSuchMethodError'{0x0000000086eb9250}: 'java.lang.Object java.lang.invoke.DirectMethodHandle$Holder.invokeInterface(java.lang.Object, java.lang.Object)'> (0x0000000086eb9250) 
thrown [s\src\hotspot\share\interpreter\linkResolver.cpp, line 771]
Event: 2.809 Thread 0x0000016d2164d9a0 Exception <a 'java/lang/NoSuchMethodError'{0x000000008767e220}: 'java.lang.Object java.lang.invoke.DirectMethodHandle$Holder.newInvokeSpecial(java.lang.Object, java.lang.Object, java.lang.Object, java.lang.Object, java.lang.Object, java.lang.Object, java.lang.Object, java.lang.Object)'> (0x000000008767e220) 
thrown [s\src\hotspot\share\interpreter\linkResolver.cpp, line 771]
Event: 2.809 Thread 0x0000016d2164d9a0 Exception <a 'java/lang/NoSuchMethodError'{0x0000000087683838}: 'java.lang.Object java.lang.invoke.DirectMethodHandle$Holder.invokeSpecial(java.lang.Object, java.lang.Object, java.lang.Object, java.lang.Object, java.lang.Object, java.lang.Object, java.lang.Object, java.lang.Object, java.lang.Object)'> (0x0000000087683838) 
thrown [s\src\hotspot\share\interpreter\linkResolver.cpp, line 771]
Event: 2.809 Thread 0x0000016d2164d9a0 Exception <a 'java/lang/NoSuchMethodError'{0x000000008768d458}: 'java.lang.Object java.lang.invoke.Invokers$Holder.linkToTargetMethod(java.lang.Object, java.lang.Object, java.lang.Object, java.lang.Object, java.lang.Object, java.lang.Object, java.lang.Object, java.lang.Object)'> (0x000000008768d458) 
thrown [s\src\hotspot\share\interpreter\linkResolver.cpp, line 771]
Event: 2.845 Thread 0x0000016d2164d9a0 Implicit null exception at 0x0000016d2c8127bd to 0x0000016d2c812ea5
Event: 2.912 Thread 0x0000016d2164d9a0 Exception <a 'java/lang/NoSuchMethodError'{0x000000008afaf060}: 'java.lang.Object java.lang.invoke.DirectMethodHandle$Holder.invokeStaticInit(java.lang.Object, java.lang.Object, java.lang.Object)'> (0x000000008afaf060) 
thrown [s\src\hotspot\share\interpreter\linkResolver.cpp, line 771]
Event: 3.178 Thread 0x0000016d2164d9a0 Implicit null exception at 0x0000016d2c62f7ea to 0x0000016d2c62f9b0
Event: 3.179 Thread 0x0000016d2164d9a0 Implicit null exception at 0x0000016d2c66bf0f to 0x0000016d2c66bf85
Event: 3.239 Thread 0x0000016d2164d9a0 Exception <a 'java/lang/NoSuchMethodError'{0x00000000879a2788}: 'java.lang.Object java.lang.invoke.DirectMethodHandle$Holder.newInvokeSpecial(java.lang.Object, int, java.lang.Object)'> (0x00000000879a2788) 
thrown [s\src\hotspot\share\interpreter\linkResolver.cpp, line 771]
Event: 3.239 Thread 0x0000016d2164d9a0 Exception <a 'java/lang/NoSuchMethodError'{0x00000000879a8de8}: 'int java.lang.invoke.DirectMethodHandle$Holder.invokeInterface(java.lang.Object, java.lang.Object)'> (0x00000000879a8de8) 
thrown [s\src\hotspot\share\interpreter\linkResolver.cpp, line 771]

VM Operations (20 events):
Event: 3.183 Executing VM operation: ICBufferFull done
Event: 3.231 Executing VM operation: HandshakeAllThreads
Event: 3.231 Executing VM operation: HandshakeAllThreads done
Event: 3.245 Executing VM operation: ICBufferFull
Event: 3.245 Executing VM operation: ICBufferFull done
Event: 3.269 Executing VM operation: G1CollectForAllocation
Event: 3.285 Executing VM operation: G1CollectForAllocation done
Event: 3.381 Executing VM operation: HandshakeAllThreads
Event: 3.381 Executing VM operation: HandshakeAllThreads done
Event: 3.402 Executing VM operation: HandshakeAllThreads
Event: 3.402 Executing VM operation: HandshakeAllThreads done
Event: 3.404 Executing VM operation: ICBufferFull
Event: 3.404 Executing VM operation: ICBufferFull done
Event: 3.423 Executing VM operation: HandshakeAllThreads
Event: 3.423 Executing VM operation: HandshakeAllThreads done
Event: 3.443 Executing VM operation: G1CollectForAllocation
Event: 3.464 Executing VM operation: G1CollectForAllocation done
Event: 3.494 Executing VM operation: HandshakeAllThreads
Event: 3.494 Executing VM operation: HandshakeAllThreads done
Event: 3.533 Executing VM operation: G1CollectForAllocation

Events (20 events):
Event: 2.066 loading class java/util/AbstractList$ListItr
Event: 2.066 loading class java/util/AbstractList$ListItr done
Event: 2.111 loading class java/text/StringCharacterIterator
Event: 2.111 loading class java/text/CharacterIterator
Event: 2.111 loading class java/text/CharacterIterator done
Event: 2.111 loading class java/text/StringCharacterIterator done
Event: 2.226 loading class java/util/Collections$SingletonMap
Event: 2.226 loading class java/util/Collections$SingletonMap done
Event: 2.407 loading class java/util/AbstractList$RandomAccessSpliterator
Event: 2.407 loading class java/util/AbstractList$RandomAccessSpliterator done
Event: 2.407 loading class java/util/stream/ReferencePipeline$2
Event: 2.408 loading class java/util/stream/ReferencePipeline$2 done
Event: 2.408 loading class java/util/stream/ReferencePipeline$2$1
Event: 2.408 loading class java/util/stream/ReferencePipeline$2$1 done
Event: 2.737 loading class java/util/ComparableTimSort
Event: 2.737 loading class java/util/ComparableTimSort done
Event: 2.738 loading class java/util/RegularEnumSet$EnumSetIterator
Event: 2.738 loading class java/util/RegularEnumSet$EnumSetIterator done
Event: 3.392 loading class java/security/CodeSigner
Event: 3.392 loading class java/security/CodeSigner done


Dynamic libraries:
0x00007ff66e070000 - 0x00007ff66e07a000 	C:\Program Files\Android\Android Studio\jbr\bin\java.exe
0x00007ffd41cd0000 - 0x00007ffd41ee7000 	C:\WINDOWS\SYSTEM32\ntdll.dll
0x00007ffd40cf0000 - 0x00007ffd40db4000 	C:\WINDOWS\System32\KERNEL32.DLL
0x00007ffd3f310000 - 0x00007ffd3f6b5000 	C:\WINDOWS\System32\KERNELBASE.dll
0x00007ffd3f6c0000 - 0x00007ffd3f7d1000 	C:\WINDOWS\System32\ucrtbase.dll
0x00007ffd32970000 - 0x00007ffd32987000 	C:\Program Files\Android\Android Studio\jbr\bin\jli.dll
0x00007ffd37bb0000 - 0x00007ffd37bcb000 	C:\Program Files\Android\Android Studio\jbr\bin\VCRUNTIME140.dll
0x00007ffd40ab0000 - 0x00007ffd40c5e000 	C:\WINDOWS\System32\USER32.dll
0x00007ffd3f2e0000 - 0x00007ffd3f306000 	C:\WINDOWS\System32\win32u.dll
0x00007ffd32c10000 - 0x00007ffd32ea3000 	C:\WINDOWS\WinSxS\amd64_microsoft.windows.common-controls_6595b64144ccf1df_6.0.22621.2506_none_270c5ae97388e100\COMCTL32.dll
0x00007ffd41290000 - 0x00007ffd412b9000 	C:\WINDOWS\System32\GDI32.dll
0x00007ffd3fc90000 - 0x00007ffd3fd37000 	C:\WINDOWS\System32\msvcrt.dll
0x00007ffd3f7e0000 - 0x00007ffd3f8f9000 	C:\WINDOWS\System32\gdi32full.dll
0x00007ffd3f900000 - 0x00007ffd3f99a000 	C:\WINDOWS\System32\msvcp_win.dll
0x00007ffd3fba0000 - 0x00007ffd3fbd1000 	C:\WINDOWS\System32\IMM32.DLL
0x00007ffd390f0000 - 0x00007ffd390fc000 	C:\Program Files\Android\Android Studio\jbr\bin\vcruntime140_1.dll
0x00007ffd12a40000 - 0x00007ffd12acd000 	C:\Program Files\Android\Android Studio\jbr\bin\msvcp140.dll
0x00007ffc88440000 - 0x00007ffc890ae000 	C:\Program Files\Android\Android Studio\jbr\bin\server\jvm.dll
0x00007ffd40990000 - 0x00007ffd40a41000 	C:\WINDOWS\System32\ADVAPI32.dll
0x00007ffd405f0000 - 0x00007ffd40696000 	C:\WINDOWS\System32\sechost.dll
0x00007ffd3fa80000 - 0x00007ffd3fb97000 	C:\WINDOWS\System32\RPCRT4.dll
0x00007ffd381b0000 - 0x00007ffd381e4000 	C:\WINDOWS\SYSTEM32\WINMM.dll
0x00007ffd3bc10000 - 0x00007ffd3bc19000 	C:\WINDOWS\SYSTEM32\WSOCK32.dll
0x00007ffd37090000 - 0x00007ffd3709a000 	C:\WINDOWS\SYSTEM32\VERSION.dll
0x00007ffd40dc0000 - 0x00007ffd40e31000 	C:\WINDOWS\System32\WS2_32.dll
0x00007ffd3dfe0000 - 0x00007ffd3dff8000 	C:\WINDOWS\SYSTEM32\kernel.appcore.dll
0x00007ffd39910000 - 0x00007ffd3991a000 	C:\Program Files\Android\Android Studio\jbr\bin\jimage.dll
0x00007ffd3c3b0000 - 0x00007ffd3c5e3000 	C:\WINDOWS\SYSTEM32\DBGHELP.DLL
0x00007ffd41900000 - 0x00007ffd41c89000 	C:\WINDOWS\System32\combase.dll
0x00007ffd41320000 - 0x00007ffd413f7000 	C:\WINDOWS\System32\OLEAUT32.dll
0x00007ffd325b0000 - 0x00007ffd325e2000 	C:\WINDOWS\SYSTEM32\dbgcore.DLL
0x00007ffd3f9a0000 - 0x00007ffd3fa1a000 	C:\WINDOWS\System32\bcryptPrimitives.dll
0x00007ffd39110000 - 0x00007ffd39135000 	C:\Program Files\Android\Android Studio\jbr\bin\java.dll
0x00007ffd32a40000 - 0x00007ffd32a58000 	C:\Program Files\Android\Android Studio\jbr\bin\zip.dll
0x00007ffd3fd70000 - 0x00007ffd405c9000 	C:\WINDOWS\System32\SHELL32.dll
0x00007ffd3cf60000 - 0x00007ffd3d854000 	C:\WINDOWS\SYSTEM32\windows.storage.dll
0x00007ffd3ce20000 - 0x00007ffd3cf5e000 	C:\WINDOWS\SYSTEM32\wintypes.dll
0x00007ffd40e40000 - 0x00007ffd40f33000 	C:\WINDOWS\System32\SHCORE.dll
0x00007ffd412c0000 - 0x00007ffd4131e000 	C:\WINDOWS\System32\shlwapi.dll
0x00007ffd3ef70000 - 0x00007ffd3ef96000 	C:\WINDOWS\SYSTEM32\profapi.dll
0x00007ffd32a00000 - 0x00007ffd32a19000 	C:\Program Files\Android\Android Studio\jbr\bin\net.dll
0x00007ffd396b0000 - 0x00007ffd397e7000 	C:\WINDOWS\SYSTEM32\WINHTTP.dll
0x00007ffd3e4c0000 - 0x00007ffd3e529000 	C:\WINDOWS\system32\mswsock.dll
0x00007ffd329e0000 - 0x00007ffd329f6000 	C:\Program Files\Android\Android Studio\jbr\bin\nio.dll
0x00007ffd398d0000 - 0x00007ffd398e0000 	C:\Program Files\Android\Android Studio\jbr\bin\verify.dll

dbghelp: loaded successfully - version: 4.0.5 - missing functions: none
symbol engine: initialized successfully - sym options: 0x614 - pdb path: .;C:\Program Files\Android\Android Studio\jbr\bin;C:\WINDOWS\SYSTEM32;C:\WINDOWS\WinSxS\amd64_microsoft.windows.common-controls_6595b64144ccf1df_6.0.22621.2506_none_270c5ae97388e100;C:\Program Files\Android\Android Studio\jbr\bin\server

VM Arguments:
java_command: org.jetbrains.kotlin.cli.jvm.K2JVMCompiler @C:\Users\User\AndroidStudioProjects\RepairPal\customer\build\20231202_10483573791105598584.compiler.options
java_class_path (initial): C:\Users\User\.gradle\caches\modules-2\files-2.1\org.jetbrains.kotlin\kotlin-compiler-embeddable\1.8.10\b0757fd774344d54ce93f5ad6c30ba1c1731c8ff\kotlin-compiler-embeddable-1.8.10.jar;C:\Users\User\.gradle\caches\modules-2\files-2.1\org.jetbrains.kotlin\kotlin-stdlib\1.8.10\6d5560a229477df9406943d5feda5618e98eb64c\kotlin-stdlib-1.8.10.jar;C:\Users\User\.gradle\caches\modules-2\files-2.1\org.jetbrains.kotlin\kotlin-script-runtime\1.8.10\b13ea9c7e46d589139e56086a878763290e20bd5\kotlin-script-runtime-1.8.10.jar;C:\Users\User\.gradle\caches\modules-2\files-2.1\org.jetbrains.kotlin\kotlin-reflect\1.6.10\1cbe9c92c12a94eea200d23c2bbaedaf3daf5132\kotlin-reflect-1.6.10.jar;C:\Users\User\.gradle\caches\modules-2\files-2.1\org.jetbrains.kotlin\kotlin-daemon-embeddable\1.8.10\ad8541d9bc1cf9e52c3204161247910c2cf601d4\kotlin-daemon-embeddable-1.8.10.jar;C:\Users\User\.gradle\caches\modules-2\files-2.1\org.jetbrains.intellij.deps\trove4j\1.0.20200330\3afb14d5f9ceb459d724e907a21145e8ff394f02\trove4j-1.0.20200330.jar;C:\Users\User\.gradle\caches\modules-2\files-2.1\net.java.dev.jna\jna\5.6.0\330f2244e9030119ab3030fc3fededc86713d9cc\jna-5.6.0.jar;C:\Users\User\.gradle\caches\modules-2\files-2.1\org.jetbrains.kotlin\kotlin-stdlib-common\1.8.10\a61b182458550492c12aee66157d7b524a63a5ec\kotlin-stdlib-common-1.8.10.jar;C:\Users\User\.gradle\caches\modules-2\files-2.1\org.jetbrains\annotations\13.0\919f0dfe192fb4e063e7dacadee7f8bb9a2672a9\annotations-13.0.jar
Launcher Type: SUN_STANDARD

[Global flags]
     intx CICompilerCount                          = 4                                         {product} {ergonomic}
     uint ConcGCThreads                            = 2                                         {product} {ergonomic}
     uint G1ConcRefinementThreads                  = 8                                         {product} {ergonomic}
   size_t G1HeapRegionSize                         = 1048576                                   {product} {ergonomic}
    uintx GCDrainStackTargetSize                   = 64                                        {product} {ergonomic}
   size_t InitialHeapSize                          = 132120576                                 {product} {ergonomic}
   size_t MarkStackSize                            = 4194304                                   {product} {ergonomic}
   size_t MaxHeapSize                              = 2095054848                                {product} {ergonomic}
   size_t MaxNewSize                               = 1256194048                                {product} {ergonomic}
   size_t MinHeapDeltaBytes                        = 1048576                                   {product} {ergonomic}
   size_t MinHeapSize                              = 8388608                                   {product} {ergonomic}
    uintx NonNMethodCodeHeapSize                   = 5839372                                {pd product} {ergonomic}
    uintx NonProfiledCodeHeapSize                  = 122909434                              {pd product} {ergonomic}
    uintx ProfiledCodeHeapSize                     = 122909434                              {pd product} {ergonomic}
    uintx ReservedCodeCacheSize                    = 251658240                              {pd product} {ergonomic}
     bool SegmentedCodeCache                       = true                                      {product} {ergonomic}
   size_t SoftMaxHeapSize                          = 2095054848                             {manageable} {ergonomic}
     bool UseCompressedClassPointers               = true                           {product lp64_product} {ergonomic}
     bool UseCompressedOops                        = true                           {product lp64_product} {ergonomic}
     bool UseG1GC                                  = true                                      {product} {ergonomic}
     bool UseLargePagesIndividualAllocation        = false                                  {pd product} {ergonomic}

Logging:
Log output configuration:
 #0: stdout all=warning uptime,level,tags
 #1: stderr all=off uptime,level,tags

Environment Variables:
JAVA_HOME=C:\Program Files\Java\jdk-20.0.1
PATH=C:\Program Files (x86)\Common Files\Oracle\Java\javapath;C:\Python311\Scripts\;C:\Python311\;C:\Program Files (x86)\Falcon\MinGW\bin;C:\WINDOWS\system32;C:\WINDOWS;C:\WINDOWS\System32\Wbem;C:\WINDOWS\System32\WindowsPowerShell\v1.0\;C:\WINDOWS\System32\OpenSSH\;C:\Program Files\Microsoft SQL Server\130\Tools\Binn\;C:\sqlite3;C:\Program Files (x86)\Microsoft SQL Server\150\DTS\Binn\;C:\Program Files\Azure Data Studio\bin;C:\Program Files\Microsoft SQL Server\Client SDK\ODBC\170\Tools\Binn\;C:\Program Files (x86)\Microsoft SQL Server\150\Tools\Binn\;C:\Program Files\Microsoft SQL Server\150\Tools\Binn\;C:\Program Files\Microsoft SQL Server\150\DTS\Binn\;C:\xampp\php;C:\ProgramData\ComposerSetup\bin;C:\Program Files\dotnet\;C:\Users\User\AppData\Local\Android\Sdk\cmdline-tools\bin;C:\Program Files\Java\;C:\Program Files\Git\cmd;C:\Program Files\nodejs\;C:\ProgramData\chocolatey\bin;C:\Program Files (x86)\GTK2-Runtime\lib;C:\Program Files (x86)\Common Files\Oracle\Java\javapath;C:\Python311\Scripts\;C:\Python311\;C:\Program Files (x86)\Falcon\MinGW\bin;C:\WINDOWS\system32;C:\WINDOWS;C:\WINDOWS\System32\Wbem;C:\WINDOWS\System32\WindowsPowerShell\v1.0\;C:\WINDOWS\System32\OpenSSH\;C:\Program Files\Microsoft SQL Server\130\Tools\Binn\;C:\sqlite3;C:\Program Files (x86)\Microsoft SQL Server\150\DTS\Binn\;C:\Program Files\Azure Data Studio\bin;C:\Program Files\Microsoft SQL Server\Client SDK\ODBC\170\Tools\Binn\;C:\Program Files (x86)\Microsoft SQL Server\150\Tools\Binn\;C:\Program Files\Microsoft SQL Server\150\Tools\Binn\;C:\Program Files\Microsoft SQL Server\150\DTS\Binn\;C:\xampp\php;C:\ProgramData\ComposerSetup\bin;C:\Program Files\dotnet\;C:\Users\User\AppData\Local\Android\Sdk\cmdline-tools\bin;C:\Program Files\Java\;C:\Program Files\Git\cmd;C:\Program Files\nodejs\;C:\ProgramData\chocolatey\bin;C:\Program Files (x86)\GTK2-Runtime\lib;C:\Program Files\nodejs\node_modules\npm\bin;C:\Program Files\MySQL\MySQL Shell 8.0\bin\;C:\Users\User\AppData\Local\Microsoft\Windows
USERNAME=User
OS=Windows_NT
PROCESSOR_IDENTIFIER=Intel64 Family 6 Model 140 Stepping 1, GenuineIntel
TMP=C:\Users\User\AppData\Local\Temp
TEMP=C:\Users\User\AppData\Local\Temp


JNI global refs:
JNI global refs: 10, weak refs: 3

JNI global refs memory usage: 843, weak refs: 841


---------------  S Y S T E M  ---------------

OS:
 Windows 11 , 64 bit Build 22621 (10.0.22621.2506)
OS uptime: 0 days 7:39 hours

CPU: total 8 (initial active 8) (4 cores per cpu, 2 threads per core) family 6 model 140 stepping 1 microcode 0x78, cx8, cmov, fxsr, ht, mmx, 3dnowpref, sse, sse2, sse3, ssse3, sse4.1, sse4.2, popcnt, lzcnt, tsc, tscinvbit, avx, avx2, aes, erms, clmul, bmi1, bmi2, adx, avx512f, avx512dq, avx512cd, avx512bw, avx512vl, sha, fma, vzeroupper, avx512_vpopcntdq, avx512_vpclmulqdq, avx512_vaes, avx512_vnni, clflush, clflushopt, clwb, avx512_vbmi2, avx512_vbmi

Memory: 4k page, system-wide physical 7991M (454M free)
TotalPageFile size 10039M (AvailPageFile size 5M)
current process WorkingSet (physical memory assigned to process): 261M, peak: 269M
current process commit charge ("private bytes"): 323M, peak: 359M

vm_info: OpenJDK 64-Bit Server VM (17.0.6+0-b2043.56-10027231) for windows-amd64 JRE (17.0.6+0-b2043.56-10027231), built on Apr 28 2023 00:43:19 by "androidbuild" with MS VC++ 16.10 / 16.11 (VS2019)

END.
