#
# There is insufficient memory for the Java Runtime Environment to continue.
# Native memory allocation (mmap) failed to map 230686720 bytes for G1 virtual space
# Possible reasons:
#   The system is out of physical RAM or swap space
#   The process is running with CompressedOops enabled, and the Java Heap may be blocking the growth of the native heap
# Possible solutions:
#   Reduce memory load on the system
#   Increase physical memory or swap space
#   Check if swap backing store is full
#   Decrease Java heap size (-Xmx/-Xms)
#   Decrease number of Java threads
#   Decrease Java thread stack sizes (-Xss)
#   Set larger code cache with -XX:ReservedCodeCacheSize=
#   JVM is running with Unscaled Compressed Oops mode in which the Java heap is
#     placed in the first 4GB address space. The Java Heap base address is the
#     maximum limit for the native heap growth. Please use -XX:HeapBaseMinAddress
#     to set the Java Heap base and to place the Java Heap above 4GB virtual address.
# This output file may be truncated or incomplete.
#
#  Out of Memory Error (os_windows.cpp:3769), pid=1916, tid=11408
#
# JRE version: OpenJDK Runtime Environment (17.0.6) (build 17.0.6+0-b2043.56-10027231)
# Java VM: OpenJDK 64-Bit Server VM (17.0.6+0-b2043.56-10027231, mixed mode, tiered, compressed oops, compressed class ptrs, g1 gc, windows-amd64)
# No core dump will be written. Minidumps are not enabled by default on client versions of Windows
#

---------------  S U M M A R Y ------------

Command Line: org.jetbrains.kotlin.cli.jvm.K2JVMCompiler @C:\Users\User\AndroidStudioProjects\RepairPal\customer\build\20231202_17531788868591157422.compiler.options

Host: 11th Gen Intel(R) Core(TM) i5-1135G7 @ 2.40GHz, 8 cores, 7G,  Windows 11 , 64 bit Build 22621 (10.0.22621.2506)
Time: Sat Dec  2 09:18:35 2023 E. Africa Standard Time elapsed time: 13.300262 seconds (0d 0h 0m 13s)

---------------  T H R E A D  ---------------

Current thread (0x00000219c7e2ca60):  VMThread "VM Thread" [stack: 0x0000008daf600000,0x0000008daf700000] [id=11408]

Stack: [0x0000008daf600000,0x0000008daf700000]
Native frames: (J=compiled Java code, j=interpreted, Vv=VM code, C=native code)
V  [jvm.dll+0x683c9a]
V  [jvm.dll+0x8427a4]
V  [jvm.dll+0x843f9e]
V  [jvm.dll+0x844603]
V  [jvm.dll+0x249b75]
V  [jvm.dll+0x680b69]
V  [jvm.dll+0x67505a]
V  [jvm.dll+0x309acb]
V  [jvm.dll+0x310f86]
V  [jvm.dll+0x3608ee]
V  [jvm.dll+0x360b1f]
V  [jvm.dll+0x2dfbf8]
V  [jvm.dll+0x2ddec4]
V  [jvm.dll+0x2dd4cc]
V  [jvm.dll+0x321f3b]
V  [jvm.dll+0x848ccb]
V  [jvm.dll+0x849a04]
V  [jvm.dll+0x849f1d]
V  [jvm.dll+0x84a2f4]
V  [jvm.dll+0x84a3c0]
V  [jvm.dll+0x7f274a]
V  [jvm.dll+0x682ad5]
C  [ucrtbase.dll+0x29363]
C  [KERNEL32.DLL+0x1257d]
C  [ntdll.dll+0x5aa58]

VM_Operation (0x0000008daf0fd570): G1CollectForAllocation, mode: safepoint, requested by thread 0x00000219ac1dcd90


---------------  P R O C E S S  ---------------

Threads class SMR info:
_java_thread_list=0x00000219cc83c2f0, length=14, elements={
0x00000219ac1dcd90, 0x00000219c8814270, 0x00000219c8814e20, 0x00000219c7e43d10,
0x00000219c7e447d0, 0x00000219c7e45280, 0x00000219c8863030, 0x00000219c8863c20,
0x00000219c8864520, 0x00000219c8866e40, 0x00000219c89ac400, 0x00000219c89acb60,
0x00000219c8ae39d0, 0x00000219ccd02d00
}

Java Threads: ( => current thread )
  0x00000219ac1dcd90 JavaThread "main" [_thread_blocked, id=11728, stack(0x0000008daf000000,0x0000008daf100000)]
  0x00000219c8814270 JavaThread "Reference Handler" daemon [_thread_blocked, id=9480, stack(0x0000008daf700000,0x0000008daf800000)]
  0x00000219c8814e20 JavaThread "Finalizer" daemon [_thread_blocked, id=1552, stack(0x0000008daf800000,0x0000008daf900000)]
  0x00000219c7e43d10 JavaThread "Signal Dispatcher" daemon [_thread_blocked, id=9116, stack(0x0000008daf900000,0x0000008dafa00000)]
  0x00000219c7e447d0 JavaThread "Attach Listener" daemon [_thread_blocked, id=4416, stack(0x0000008dafa00000,0x0000008dafb00000)]
  0x00000219c7e45280 JavaThread "Service Thread" daemon [_thread_blocked, id=8232, stack(0x0000008dafb00000,0x0000008dafc00000)]
  0x00000219c8863030 JavaThread "Monitor Deflation Thread" daemon [_thread_blocked, id=10108, stack(0x0000008dafc00000,0x0000008dafd00000)]
  0x00000219c8863c20 JavaThread "C2 CompilerThread0" daemon [_thread_in_native, id=10916, stack(0x0000008dafd00000,0x0000008dafe00000)]
  0x00000219c8864520 JavaThread "C1 CompilerThread0" daemon [_thread_blocked, id=7436, stack(0x0000008dafe00000,0x0000008daff00000)]
  0x00000219c8866e40 JavaThread "Sweeper thread" daemon [_thread_blocked, id=5260, stack(0x0000008daff00000,0x0000008db0000000)]
  0x00000219c89ac400 JavaThread "Notification Thread" daemon [_thread_blocked, id=6956, stack(0x0000008db0000000,0x0000008db0100000)]
  0x00000219c89acb60 JavaThread "Common-Cleaner" daemon [_thread_blocked, id=7708, stack(0x0000008db0200000,0x0000008db0300000)]
  0x00000219c8ae39d0 JavaThread "C2 CompilerThread1" daemon [_thread_blocked, id=1484, stack(0x0000008db0300000,0x0000008db0400000)]
  0x00000219ccd02d00 JavaThread "C2 CompilerThread2" daemon [_thread_in_native, id=10288, stack(0x0000008db0800000,0x0000008db0900000)]

Other Threads:
=>0x00000219c7e2ca60 VMThread "VM Thread" [stack: 0x0000008daf600000,0x0000008daf700000] [id=11408]
  0x00000219c89ac8d0 WatcherThread [stack: 0x0000008db0100000,0x0000008db0200000] [id=5048]
  0x00000219ac237810 GCTaskThread "GC Thread#0" [stack: 0x0000008daf100000,0x0000008daf200000] [id=9764]
  0x00000219c8f8f8f0 GCTaskThread "GC Thread#1" [stack: 0x0000008db0400000,0x0000008db0500000] [id=6068]
  0x00000219c8ee6a10 GCTaskThread "GC Thread#2" [stack: 0x0000008db0500000,0x0000008db0600000] [id=12948]
  0x00000219c8fabf10 GCTaskThread "GC Thread#3" [stack: 0x0000008db0600000,0x0000008db0700000] [id=4504]
  0x00000219c8faf1e0 GCTaskThread "GC Thread#4" [stack: 0x0000008db0700000,0x0000008db0800000] [id=12800]
  0x00000219c9d1ac60 GCTaskThread "GC Thread#5" [stack: 0x0000008db0900000,0x0000008db0a00000] [id=9340]
  0x00000219c9c66a70 GCTaskThread "GC Thread#6" [stack: 0x0000008db0a00000,0x0000008db0b00000] [id=13108]
  0x00000219c9cf2840 GCTaskThread "GC Thread#7" [stack: 0x0000008db0b00000,0x0000008db0c00000] [id=12980]
  0x00000219ac248110 ConcurrentGCThread "G1 Main Marker" [stack: 0x0000008daf200000,0x0000008daf300000] [id=4900]
  0x00000219ac248b20 ConcurrentGCThread "G1 Conc#0" [stack: 0x0000008daf300000,0x0000008daf400000] [id=4400]
  0x00000219c8fa2fe0 ConcurrentGCThread "G1 Conc#1" [stack: 0x0000008db0c00000,0x0000008db0d00000] [id=11556]
  0x00000219c7c824c0 ConcurrentGCThread "G1 Refine#0" [stack: 0x0000008daf400000,0x0000008daf500000] [id=4472]
  0x00000219cd53d030 ConcurrentGCThread "G1 Refine#1" [stack: 0x0000008db0d00000,0x0000008db0e00000] [id=13260]
  0x00000219d0eea870 ConcurrentGCThread "G1 Refine#2" [stack: 0x0000008db0e00000,0x0000008db0f00000] [id=9560]
  0x00000219c7c82ee0 ConcurrentGCThread "G1 Service" [stack: 0x0000008daf500000,0x0000008daf600000] [id=13104]

Threads with active compile tasks:
C2 CompilerThread0    13317 15677       4       org.jetbrains.kotlin.ir.util.IrFakeOverrideUtilsKt::resolveFakeOverrideOrNull (240 bytes)
C1 CompilerThread0    13317 15862       3       org.jetbrains.kotlin.ir.visitors.IrElementTransformer$DefaultImpls::visitElseBranch (15 bytes)
C2 CompilerThread1    13317 15798       4       org.jetbrains.kotlin.backend.common.DeclarationTransformer$Visitor::visitFunction (78 bytes)
C2 CompilerThread2    13317 15735       4       org.jetbrains.kotlin.ir.util.IrFakeOverrideUtilsKt::collectAndFilterRealOverrides$collectRealOverrides (157 bytes)

VM state: at safepoint (normal execution)

VM Mutex/Monitor currently owned by a thread:  ([mutex/lock_event])
[0x00000219ac1d97b0] Threads_lock - owner thread: 0x00000219c7e2ca60
[0x00000219ac1d9cc0] Heap_lock - owner thread: 0x00000219ac1dcd90

Heap address: 0x0000000083200000, size: 1998 MB, Compressed Oops mode: 32-bit

CDS archive(s) not mapped
Compressed class space mapped at: 0x0000000100000000-0x0000000140000000, reserved size: 1073741824
Narrow klass base: 0x0000000000000000, Narrow klass shift: 3, Narrow klass range: 0x140000000

GC Precious Log:
 CPUs: 8 total, 8 available
 Memory: 7991M
 Large Page Support: Disabled
 NUMA Support: Disabled
 Compressed Oops: Enabled (32-bit)
 Heap Region Size: 1M
 Heap Min Capacity: 8M
 Heap Initial Capacity: 126M
 Heap Max Capacity: 1998M
 Pre-touch: Disabled
 Parallel Workers: 8
 Concurrent Workers: 2
 Concurrent Refinement Workers: 8
 Periodic GC: Disabled

Heap:
 garbage-first heap   total 201728K, used 118200K [0x0000000083200000, 0x0000000100000000)
  region size 1024K, 1 young (1024K), 1 survivors (1024K)
 Metaspace       used 87757K, committed 88128K, reserved 1130496K
  class space    used 9759K, committed 9920K, reserved 1048576K

Heap Regions: E=young(eden), S=young(survivor), O=old, HS=humongous(starts), HC=humongous(continues), CS=collection set, F=free, OA=open archive, CA=closed archive, TAMS=top-at-mark-start (previous, next)
|   0|0x0000000083200000, 0x0000000083300000, 0x0000000083300000|100%|HS|  |TAMS 0x0000000083300000, 0x0000000083300000| Complete 
|   1|0x0000000083300000, 0x0000000083400000, 0x0000000083400000|100%|HC|  |TAMS 0x0000000083400000, 0x0000000083400000| Complete 
|   2|0x0000000083400000, 0x0000000083500000, 0x0000000083500000|100%|HC|  |TAMS 0x0000000083500000, 0x0000000083500000| Complete 
|   3|0x0000000083500000, 0x0000000083600000, 0x0000000083600000|100%|HC|  |TAMS 0x0000000083600000, 0x0000000083600000| Complete 
|   4|0x0000000083600000, 0x0000000083700000, 0x0000000083700000|100%| O|  |TAMS 0x0000000083700000, 0x0000000083700000| Untracked 
|   5|0x0000000083700000, 0x0000000083800000, 0x0000000083800000|100%| O|  |TAMS 0x0000000083800000, 0x0000000083800000| Untracked 
|   6|0x0000000083800000, 0x0000000083900000, 0x0000000083900000|100%| O|  |TAMS 0x0000000083900000, 0x0000000083900000| Untracked 
|   7|0x0000000083900000, 0x0000000083a00000, 0x0000000083a00000|100%|HS|  |TAMS 0x0000000083a00000, 0x0000000083a00000| Complete 
|   8|0x0000000083a00000, 0x0000000083b00000, 0x0000000083b00000|100%|HC|  |TAMS 0x0000000083b00000, 0x0000000083b00000| Complete 
|   9|0x0000000083b00000, 0x0000000083c00000, 0x0000000083c00000|100%|HC|  |TAMS 0x0000000083c00000, 0x0000000083c00000| Complete 
|  10|0x0000000083c00000, 0x0000000083d00000, 0x0000000083d00000|100%|HC|  |TAMS 0x0000000083d00000, 0x0000000083d00000| Complete 
|  11|0x0000000083d00000, 0x0000000083e00000, 0x0000000083e00000|100%| O|  |TAMS 0x0000000083e00000, 0x0000000083e00000| Untracked 
|  12|0x0000000083e00000, 0x0000000083f00000, 0x0000000083f00000|100%| O|  |TAMS 0x0000000083f00000, 0x0000000083f00000| Untracked 
|  13|0x0000000083f00000, 0x0000000084000000, 0x0000000084000000|100%| O|  |TAMS 0x0000000084000000, 0x0000000084000000| Untracked 
|  14|0x0000000084000000, 0x0000000084100000, 0x0000000084100000|100%| O|  |TAMS 0x0000000084100000, 0x0000000084100000| Untracked 
|  15|0x0000000084100000, 0x0000000084200000, 0x0000000084200000|100%| O|  |TAMS 0x0000000084200000, 0x0000000084200000| Untracked 
|  16|0x0000000084200000, 0x0000000084300000, 0x0000000084300000|100%| O|  |TAMS 0x0000000084300000, 0x0000000084300000| Untracked 
|  17|0x0000000084300000, 0x0000000084400000, 0x0000000084400000|100%| O|  |TAMS 0x0000000084400000, 0x0000000084400000| Untracked 
|  18|0x0000000084400000, 0x0000000084500000, 0x0000000084500000|100%| O|  |TAMS 0x0000000084500000, 0x0000000084500000| Untracked 
|  19|0x0000000084500000, 0x0000000084600000, 0x0000000084600000|100%| O|  |TAMS 0x0000000084600000, 0x0000000084600000| Untracked 
|  20|0x0000000084600000, 0x0000000084700000, 0x0000000084700000|100%| O|  |TAMS 0x0000000084700000, 0x0000000084700000| Untracked 
|  21|0x0000000084700000, 0x0000000084800000, 0x0000000084800000|100%| O|  |TAMS 0x0000000084800000, 0x0000000084800000| Untracked 
|  22|0x0000000084800000, 0x0000000084900000, 0x0000000084900000|100%| O|  |TAMS 0x0000000084900000, 0x0000000084900000| Untracked 
|  23|0x0000000084900000, 0x0000000084a00000, 0x0000000084a00000|100%| O|  |TAMS 0x0000000084a00000, 0x0000000084a00000| Untracked 
|  24|0x0000000084a00000, 0x0000000084b00000, 0x0000000084b00000|100%| O|  |TAMS 0x0000000084b00000, 0x0000000084b00000| Untracked 
|  25|0x0000000084b00000, 0x0000000084c00000, 0x0000000084c00000|100%|HS|  |TAMS 0x0000000084c00000, 0x0000000084c00000| Complete 
|  26|0x0000000084c00000, 0x0000000084d00000, 0x0000000084d00000|100%|HC|  |TAMS 0x0000000084d00000, 0x0000000084d00000| Complete 
|  27|0x0000000084d00000, 0x0000000084e00000, 0x0000000084e00000|100%| O|  |TAMS 0x0000000084e00000, 0x0000000084e00000| Untracked 
|  28|0x0000000084e00000, 0x0000000084f00000, 0x0000000084f00000|100%| O|  |TAMS 0x0000000084f00000, 0x0000000084f00000| Untracked 
|  29|0x0000000084f00000, 0x0000000085000000, 0x0000000085000000|100%| O|  |TAMS 0x0000000085000000, 0x0000000085000000| Untracked 
|  30|0x0000000085000000, 0x0000000085100000, 0x0000000085100000|100%| O|  |TAMS 0x0000000085100000, 0x0000000085100000| Untracked 
|  31|0x0000000085100000, 0x0000000085200000, 0x0000000085200000|100%| O|  |TAMS 0x0000000085200000, 0x0000000085200000| Untracked 
|  32|0x0000000085200000, 0x0000000085300000, 0x0000000085300000|100%| O|  |TAMS 0x0000000085300000, 0x0000000085300000| Untracked 
|  33|0x0000000085300000, 0x0000000085400000, 0x0000000085400000|100%| O|  |TAMS 0x0000000085400000, 0x0000000085400000| Untracked 
|  34|0x0000000085400000, 0x0000000085500000, 0x0000000085500000|100%| O|  |TAMS 0x0000000085500000, 0x0000000085500000| Untracked 
|  35|0x0000000085500000, 0x0000000085600000, 0x0000000085600000|100%| O|  |TAMS 0x0000000085600000, 0x0000000085600000| Untracked 
|  36|0x0000000085600000, 0x0000000085700000, 0x0000000085700000|100%| O|  |TAMS 0x0000000085700000, 0x0000000085700000| Untracked 
|  37|0x0000000085700000, 0x0000000085800000, 0x0000000085800000|100%| O|  |TAMS 0x0000000085800000, 0x0000000085800000| Untracked 
|  38|0x0000000085800000, 0x0000000085900000, 0x0000000085900000|100%| O|  |TAMS 0x0000000085900000, 0x0000000085900000| Untracked 
|  39|0x0000000085900000, 0x0000000085a00000, 0x0000000085a00000|100%| O|  |TAMS 0x0000000085a00000, 0x0000000085a00000| Untracked 
|  40|0x0000000085a00000, 0x0000000085b00000, 0x0000000085b00000|100%| O|  |TAMS 0x0000000085b00000, 0x0000000085b00000| Untracked 
|  41|0x0000000085b00000, 0x0000000085c00000, 0x0000000085c00000|100%| O|  |TAMS 0x0000000085c00000, 0x0000000085c00000| Untracked 
|  42|0x0000000085c00000, 0x0000000085d00000, 0x0000000085d00000|100%| O|  |TAMS 0x0000000085d00000, 0x0000000085d00000| Untracked 
|  43|0x0000000085d00000, 0x0000000085e00000, 0x0000000085e00000|100%| O|  |TAMS 0x0000000085e00000, 0x0000000085e00000| Untracked 
|  44|0x0000000085e00000, 0x0000000085f00000, 0x0000000085f00000|100%| O|  |TAMS 0x0000000085f00000, 0x0000000085f00000| Untracked 
|  45|0x0000000085f00000, 0x0000000086000000, 0x0000000086000000|100%| O|  |TAMS 0x0000000086000000, 0x0000000086000000| Untracked 
|  46|0x0000000086000000, 0x0000000086100000, 0x0000000086100000|100%| O|  |TAMS 0x0000000086100000, 0x0000000086100000| Untracked 
|  47|0x0000000086100000, 0x0000000086200000, 0x0000000086200000|100%| O|  |TAMS 0x0000000086200000, 0x0000000086200000| Untracked 
|  48|0x0000000086200000, 0x0000000086300000, 0x0000000086300000|100%| O|  |TAMS 0x0000000086300000, 0x0000000086300000| Untracked 
|  49|0x0000000086300000, 0x0000000086400000, 0x0000000086400000|100%| O|  |TAMS 0x0000000086400000, 0x0000000086400000| Untracked 
|  50|0x0000000086400000, 0x0000000086500000, 0x0000000086500000|100%| O|  |TAMS 0x0000000086500000, 0x0000000086500000| Untracked 
|  51|0x0000000086500000, 0x0000000086600000, 0x0000000086600000|100%| O|  |TAMS 0x0000000086600000, 0x0000000086600000| Untracked 
|  52|0x0000000086600000, 0x0000000086700000, 0x0000000086700000|100%| O|  |TAMS 0x0000000086700000, 0x0000000086700000| Untracked 
|  53|0x0000000086700000, 0x0000000086800000, 0x0000000086800000|100%| O|  |TAMS 0x0000000086800000, 0x0000000086800000| Untracked 
|  54|0x0000000086800000, 0x0000000086900000, 0x0000000086900000|100%| O|  |TAMS 0x0000000086900000, 0x0000000086900000| Untracked 
|  55|0x0000000086900000, 0x0000000086a00000, 0x0000000086a00000|100%| O|  |TAMS 0x0000000086a00000, 0x0000000086a00000| Untracked 
|  56|0x0000000086a00000, 0x0000000086b00000, 0x0000000086b00000|100%| O|  |TAMS 0x0000000086b00000, 0x0000000086b00000| Untracked 
|  57|0x0000000086b00000, 0x0000000086c00000, 0x0000000086c00000|100%| O|  |TAMS 0x0000000086c00000, 0x0000000086c00000| Untracked 
|  58|0x0000000086c00000, 0x0000000086d00000, 0x0000000086d00000|100%| O|  |TAMS 0x0000000086d00000, 0x0000000086d00000| Untracked 
|  59|0x0000000086d00000, 0x0000000086e00000, 0x0000000086e00000|100%| O|  |TAMS 0x0000000086e00000, 0x0000000086e00000| Untracked 
|  60|0x0000000086e00000, 0x0000000086f00000, 0x0000000086f00000|100%| O|  |TAMS 0x0000000086f00000, 0x0000000086f00000| Untracked 
|  61|0x0000000086f00000, 0x0000000087000000, 0x0000000087000000|100%| O|  |TAMS 0x0000000087000000, 0x0000000087000000| Untracked 
|  62|0x0000000087000000, 0x0000000087100000, 0x0000000087100000|100%| O|  |TAMS 0x0000000087100000, 0x0000000087100000| Untracked 
|  63|0x0000000087100000, 0x0000000087200000, 0x0000000087200000|100%| O|  |TAMS 0x0000000087200000, 0x0000000087200000| Untracked 
|  64|0x0000000087200000, 0x0000000087300000, 0x0000000087300000|100%| O|  |TAMS 0x0000000087300000, 0x0000000087300000| Untracked 
|  65|0x0000000087300000, 0x0000000087400000, 0x0000000087400000|100%| O|  |TAMS 0x0000000087400000, 0x0000000087400000| Untracked 
|  66|0x0000000087400000, 0x0000000087500000, 0x0000000087500000|100%| O|  |TAMS 0x0000000087500000, 0x0000000087500000| Untracked 
|  67|0x0000000087500000, 0x0000000087600000, 0x0000000087600000|100%| O|  |TAMS 0x0000000087600000, 0x0000000087600000| Untracked 
|  68|0x0000000087600000, 0x0000000087700000, 0x0000000087700000|100%| O|  |TAMS 0x0000000087700000, 0x0000000087700000| Untracked 
|  69|0x0000000087700000, 0x0000000087800000, 0x0000000087800000|100%| O|  |TAMS 0x0000000087800000, 0x0000000087800000| Untracked 
|  70|0x0000000087800000, 0x0000000087900000, 0x0000000087900000|100%| O|  |TAMS 0x0000000087900000, 0x0000000087900000| Untracked 
|  71|0x0000000087900000, 0x0000000087900000, 0x0000000087a00000|  0%| F|  |TAMS 0x0000000087900000, 0x0000000087900000| Untracked 
|  72|0x0000000087a00000, 0x0000000087b00000, 0x0000000087b00000|100%| O|  |TAMS 0x0000000087b00000, 0x0000000087b00000| Untracked 
|  73|0x0000000087b00000, 0x0000000087c00000, 0x0000000087c00000|100%| O|  |TAMS 0x0000000087c00000, 0x0000000087c00000| Untracked 
|  74|0x0000000087c00000, 0x0000000087d00000, 0x0000000087d00000|100%| O|  |TAMS 0x0000000087d00000, 0x0000000087d00000| Untracked 
|  75|0x0000000087d00000, 0x0000000087e00000, 0x0000000087e00000|100%| O|  |TAMS 0x0000000087e00000, 0x0000000087e00000| Untracked 
|  76|0x0000000087e00000, 0x0000000087e00000, 0x0000000087f00000|  0%| F|  |TAMS 0x0000000087e00000, 0x0000000087e00000| Untracked 
|  77|0x0000000087f00000, 0x0000000088000000, 0x0000000088000000|100%| O|  |TAMS 0x0000000088000000, 0x0000000088000000| Untracked 
|  78|0x0000000088000000, 0x0000000088100000, 0x0000000088100000|100%| O|  |TAMS 0x0000000088100000, 0x0000000088100000| Untracked 
|  79|0x0000000088100000, 0x0000000088200000, 0x0000000088200000|100%| O|  |TAMS 0x0000000088200000, 0x0000000088200000| Untracked 
|  80|0x0000000088200000, 0x0000000088300000, 0x0000000088300000|100%| O|  |TAMS 0x0000000088300000, 0x0000000088300000| Untracked 
|  81|0x0000000088300000, 0x0000000088400000, 0x0000000088400000|100%| O|  |TAMS 0x0000000088400000, 0x0000000088400000| Untracked 
|  82|0x0000000088400000, 0x0000000088500000, 0x0000000088500000|100%| O|  |TAMS 0x0000000088500000, 0x0000000088500000| Untracked 
|  83|0x0000000088500000, 0x0000000088600000, 0x0000000088600000|100%| O|  |TAMS 0x0000000088600000, 0x0000000088600000| Untracked 
|  84|0x0000000088600000, 0x0000000088700000, 0x0000000088700000|100%| O|  |TAMS 0x0000000088700000, 0x0000000088700000| Untracked 
|  85|0x0000000088700000, 0x0000000088800000, 0x0000000088800000|100%| O|  |TAMS 0x0000000088800000, 0x0000000088800000| Untracked 
|  86|0x0000000088800000, 0x0000000088900000, 0x0000000088900000|100%| O|  |TAMS 0x0000000088900000, 0x0000000088900000| Untracked 
|  87|0x0000000088900000, 0x0000000088a00000, 0x0000000088a00000|100%| O|  |TAMS 0x0000000088a00000, 0x0000000088a00000| Untracked 
|  88|0x0000000088a00000, 0x0000000088b00000, 0x0000000088b00000|100%| O|  |TAMS 0x0000000088b00000, 0x0000000088b00000| Untracked 
|  89|0x0000000088b00000, 0x0000000088c00000, 0x0000000088c00000|100%| O|  |TAMS 0x0000000088c00000, 0x0000000088c00000| Untracked 
|  90|0x0000000088c00000, 0x0000000088d00000, 0x0000000088d00000|100%| O|  |TAMS 0x0000000088d00000, 0x0000000088d00000| Untracked 
|  91|0x0000000088d00000, 0x0000000088e00000, 0x0000000088e00000|100%| O|  |TAMS 0x0000000088e00000, 0x0000000088e00000| Untracked 
|  92|0x0000000088e00000, 0x0000000088f00000, 0x0000000088f00000|100%| O|  |TAMS 0x0000000088f00000, 0x0000000088f00000| Untracked 
|  93|0x0000000088f00000, 0x0000000089000000, 0x0000000089000000|100%| O|  |TAMS 0x0000000089000000, 0x0000000089000000| Untracked 
|  94|0x0000000089000000, 0x0000000089100000, 0x0000000089100000|100%| O|  |TAMS 0x0000000089100000, 0x0000000089100000| Untracked 
|  95|0x0000000089100000, 0x0000000089200000, 0x0000000089200000|100%| O|  |TAMS 0x0000000089200000, 0x0000000089200000| Untracked 
|  96|0x0000000089200000, 0x0000000089300000, 0x0000000089300000|100%| O|  |TAMS 0x0000000089300000, 0x0000000089300000| Untracked 
|  97|0x0000000089300000, 0x0000000089400000, 0x0000000089400000|100%| O|  |TAMS 0x0000000089300000, 0x0000000089400000| Untracked 
|  98|0x0000000089400000, 0x0000000089500000, 0x0000000089500000|100%| O|  |TAMS 0x0000000089400000, 0x0000000089500000| Untracked 
|  99|0x0000000089500000, 0x0000000089600000, 0x0000000089600000|100%| O|  |TAMS 0x0000000089500000, 0x0000000089600000| Untracked 
| 100|0x0000000089600000, 0x0000000089700000, 0x0000000089700000|100%| O|  |TAMS 0x0000000089600000, 0x0000000089700000| Untracked 
| 101|0x0000000089700000, 0x0000000089800000, 0x0000000089800000|100%| O|  |TAMS 0x0000000089700000, 0x0000000089800000| Untracked 
| 102|0x0000000089800000, 0x0000000089900000, 0x0000000089900000|100%| O|  |TAMS 0x0000000089800000, 0x0000000089900000| Untracked 
| 103|0x0000000089900000, 0x0000000089a00000, 0x0000000089a00000|100%| O|  |TAMS 0x0000000089900000, 0x0000000089a00000| Untracked 
| 104|0x0000000089a00000, 0x0000000089b00000, 0x0000000089b00000|100%| O|  |TAMS 0x0000000089a00000, 0x0000000089b00000| Untracked 
| 105|0x0000000089b00000, 0x0000000089c00000, 0x0000000089c00000|100%| O|  |TAMS 0x0000000089b00000, 0x0000000089c00000| Untracked 
| 106|0x0000000089c00000, 0x0000000089d00000, 0x0000000089d00000|100%| O|  |TAMS 0x0000000089c00000, 0x0000000089d00000| Untracked 
| 107|0x0000000089d00000, 0x0000000089e00000, 0x0000000089e00000|100%| O|  |TAMS 0x0000000089d00000, 0x0000000089e00000| Untracked 
| 108|0x0000000089e00000, 0x0000000089f00000, 0x0000000089f00000|100%| O|  |TAMS 0x0000000089e00000, 0x0000000089f00000| Untracked 
| 109|0x0000000089f00000, 0x000000008a000000, 0x000000008a000000|100%| O|  |TAMS 0x0000000089f00000, 0x000000008a000000| Untracked 
| 110|0x000000008a000000, 0x000000008a100000, 0x000000008a100000|100%| O|  |TAMS 0x000000008a000000, 0x000000008a100000| Untracked 
| 111|0x000000008a100000, 0x000000008a200000, 0x000000008a200000|100%| O|  |TAMS 0x000000008a100000, 0x000000008a200000| Untracked 
| 112|0x000000008a200000, 0x000000008a300000, 0x000000008a300000|100%| O|  |TAMS 0x000000008a200000, 0x000000008a300000| Untracked 
| 113|0x000000008a300000, 0x000000008a400000, 0x000000008a400000|100%| O|  |TAMS 0x000000008a300000, 0x000000008a400000| Untracked 
| 114|0x000000008a400000, 0x000000008a500000, 0x000000008a500000|100%| O|  |TAMS 0x000000008a400000, 0x000000008a500000| Untracked 
| 115|0x000000008a500000, 0x000000008a600000, 0x000000008a600000|100%| O|  |TAMS 0x000000008a500000, 0x000000008a600000| Untracked 
| 116|0x000000008a600000, 0x000000008a67fa00, 0x000000008a700000| 49%| O|  |TAMS 0x000000008a600000, 0x000000008a67fa00| Untracked 
| 117|0x000000008a700000, 0x000000008a700000, 0x000000008a800000|  0%| F|  |TAMS 0x000000008a700000, 0x000000008a700000| Untracked 
| 118|0x000000008a800000, 0x000000008a800000, 0x000000008a900000|  0%| F|  |TAMS 0x000000008a800000, 0x000000008a800000| Untracked 
| 119|0x000000008a900000, 0x000000008a900000, 0x000000008aa00000|  0%| F|  |TAMS 0x000000008a900000, 0x000000008a900000| Untracked 
| 120|0x000000008aa00000, 0x000000008aa00000, 0x000000008ab00000|  0%| F|  |TAMS 0x000000008aa00000, 0x000000008aa00000| Untracked 
| 121|0x000000008ab00000, 0x000000008ab00000, 0x000000008ac00000|  0%| F|  |TAMS 0x000000008ab00000, 0x000000008ab00000| Untracked 
| 122|0x000000008ac00000, 0x000000008ac00000, 0x000000008ad00000|  0%| F|  |TAMS 0x000000008ac00000, 0x000000008ac00000| Untracked 
| 123|0x000000008ad00000, 0x000000008ad00000, 0x000000008ae00000|  0%| F|  |TAMS 0x000000008ad00000, 0x000000008ad00000| Untracked 
| 124|0x000000008ae00000, 0x000000008ae00000, 0x000000008af00000|  0%| F|  |TAMS 0x000000008ae00000, 0x000000008ae00000| Untracked 
| 125|0x000000008af00000, 0x000000008af00000, 0x000000008b000000|  0%| F|  |TAMS 0x000000008af00000, 0x000000008af00000| Untracked 
| 126|0x000000008b000000, 0x000000008b000000, 0x000000008b100000|  0%| F|  |TAMS 0x000000008b000000, 0x000000008b000000| Untracked 
| 127|0x000000008b100000, 0x000000008b100000, 0x000000008b200000|  0%| F|  |TAMS 0x000000008b100000, 0x000000008b100000| Untracked 
| 128|0x000000008b200000, 0x000000008b200000, 0x000000008b300000|  0%| F|  |TAMS 0x000000008b200000, 0x000000008b200000| Untracked 
| 129|0x000000008b300000, 0x000000008b300000, 0x000000008b400000|  0%| F|  |TAMS 0x000000008b300000, 0x000000008b300000| Untracked 
| 130|0x000000008b400000, 0x000000008b400000, 0x000000008b500000|  0%| F|  |TAMS 0x000000008b400000, 0x000000008b400000| Untracked 
| 131|0x000000008b500000, 0x000000008b500000, 0x000000008b600000|  0%| F|  |TAMS 0x000000008b500000, 0x000000008b500000| Untracked 
| 132|0x000000008b600000, 0x000000008b600000, 0x000000008b700000|  0%| F|  |TAMS 0x000000008b600000, 0x000000008b600000| Untracked 
| 133|0x000000008b700000, 0x000000008b700000, 0x000000008b800000|  0%| F|  |TAMS 0x000000008b700000, 0x000000008b700000| Untracked 
| 134|0x000000008b800000, 0x000000008b800000, 0x000000008b900000|  0%| F|  |TAMS 0x000000008b800000, 0x000000008b800000| Untracked 
| 135|0x000000008b900000, 0x000000008b900000, 0x000000008ba00000|  0%| F|  |TAMS 0x000000008b900000, 0x000000008b900000| Untracked 
| 136|0x000000008ba00000, 0x000000008ba00000, 0x000000008bb00000|  0%| F|  |TAMS 0x000000008ba00000, 0x000000008ba00000| Untracked 
| 137|0x000000008bb00000, 0x000000008bb00000, 0x000000008bc00000|  0%| F|  |TAMS 0x000000008bb00000, 0x000000008bb00000| Untracked 
| 138|0x000000008bc00000, 0x000000008bc00000, 0x000000008bd00000|  0%| F|  |TAMS 0x000000008bc00000, 0x000000008bc00000| Untracked 
| 139|0x000000008bd00000, 0x000000008bd00000, 0x000000008be00000|  0%| F|  |TAMS 0x000000008bd00000, 0x000000008bd00000| Untracked 
| 140|0x000000008be00000, 0x000000008be00000, 0x000000008bf00000|  0%| F|  |TAMS 0x000000008be00000, 0x000000008be00000| Untracked 
| 141|0x000000008bf00000, 0x000000008bf00000, 0x000000008c000000|  0%| F|  |TAMS 0x000000008bf00000, 0x000000008bf00000| Untracked 
| 142|0x000000008c000000, 0x000000008c000000, 0x000000008c100000|  0%| F|  |TAMS 0x000000008c000000, 0x000000008c000000| Untracked 
| 143|0x000000008c100000, 0x000000008c100000, 0x000000008c200000|  0%| F|  |TAMS 0x000000008c100000, 0x000000008c100000| Untracked 
| 144|0x000000008c200000, 0x000000008c200000, 0x000000008c300000|  0%| F|  |TAMS 0x000000008c200000, 0x000000008c200000| Untracked 
| 145|0x000000008c300000, 0x000000008c300000, 0x000000008c400000|  0%| F|  |TAMS 0x000000008c300000, 0x000000008c300000| Untracked 
| 146|0x000000008c400000, 0x000000008c400000, 0x000000008c500000|  0%| F|  |TAMS 0x000000008c400000, 0x000000008c400000| Untracked 
| 147|0x000000008c500000, 0x000000008c500000, 0x000000008c600000|  0%| F|  |TAMS 0x000000008c500000, 0x000000008c500000| Untracked 
| 148|0x000000008c600000, 0x000000008c600000, 0x000000008c700000|  0%| F|  |TAMS 0x000000008c600000, 0x000000008c600000| Untracked 
| 149|0x000000008c700000, 0x000000008c700000, 0x000000008c800000|  0%| F|  |TAMS 0x000000008c700000, 0x000000008c700000| Untracked 
| 150|0x000000008c800000, 0x000000008c800000, 0x000000008c900000|  0%| F|  |TAMS 0x000000008c800000, 0x000000008c800000| Untracked 
| 151|0x000000008c900000, 0x000000008c900000, 0x000000008ca00000|  0%| F|  |TAMS 0x000000008c900000, 0x000000008c900000| Untracked 
| 152|0x000000008ca00000, 0x000000008ca00000, 0x000000008cb00000|  0%| F|  |TAMS 0x000000008ca00000, 0x000000008ca00000| Untracked 
| 153|0x000000008cb00000, 0x000000008cb00000, 0x000000008cc00000|  0%| F|  |TAMS 0x000000008cb00000, 0x000000008cb00000| Untracked 
| 154|0x000000008cc00000, 0x000000008ccee9e0, 0x000000008cd00000| 93%| S|CS|TAMS 0x000000008cc00000, 0x000000008cc00000| Complete 
| 155|0x000000008cd00000, 0x000000008cd00000, 0x000000008ce00000|  0%| F|  |TAMS 0x000000008cd00000, 0x000000008cd00000| Untracked 
| 156|0x000000008ce00000, 0x000000008ce00000, 0x000000008cf00000|  0%| F|  |TAMS 0x000000008ce00000, 0x000000008ce00000| Untracked 
| 157|0x000000008cf00000, 0x000000008cf00000, 0x000000008d000000|  0%| F|  |TAMS 0x000000008cf00000, 0x000000008cf00000| Untracked 
| 158|0x000000008d000000, 0x000000008d000000, 0x000000008d100000|  0%| F|  |TAMS 0x000000008d000000, 0x000000008d000000| Untracked 
| 159|0x000000008d100000, 0x000000008d100000, 0x000000008d200000|  0%| F|  |TAMS 0x000000008d100000, 0x000000008d100000| Untracked 
| 160|0x000000008d200000, 0x000000008d200000, 0x000000008d300000|  0%| F|  |TAMS 0x000000008d200000, 0x000000008d200000| Untracked 
| 161|0x000000008d300000, 0x000000008d300000, 0x000000008d400000|  0%| F|  |TAMS 0x000000008d300000, 0x000000008d300000| Untracked 
| 162|0x000000008d400000, 0x000000008d400000, 0x000000008d500000|  0%| F|  |TAMS 0x000000008d400000, 0x000000008d400000| Untracked 
| 163|0x000000008d500000, 0x000000008d500000, 0x000000008d600000|  0%| F|  |TAMS 0x000000008d500000, 0x000000008d500000| Untracked 
| 164|0x000000008d600000, 0x000000008d600000, 0x000000008d700000|  0%| F|  |TAMS 0x000000008d600000, 0x000000008d600000| Untracked 
| 165|0x000000008d700000, 0x000000008d700000, 0x000000008d800000|  0%| F|  |TAMS 0x000000008d700000, 0x000000008d700000| Untracked 
| 166|0x000000008d800000, 0x000000008d800000, 0x000000008d900000|  0%| F|  |TAMS 0x000000008d800000, 0x000000008d800000| Untracked 
| 167|0x000000008d900000, 0x000000008d900000, 0x000000008da00000|  0%| F|  |TAMS 0x000000008d900000, 0x000000008d900000| Untracked 
| 168|0x000000008da00000, 0x000000008da00000, 0x000000008db00000|  0%| F|  |TAMS 0x000000008da00000, 0x000000008da00000| Untracked 
| 169|0x000000008db00000, 0x000000008db00000, 0x000000008dc00000|  0%| F|  |TAMS 0x000000008db00000, 0x000000008db00000| Untracked 
| 170|0x000000008dc00000, 0x000000008dc00000, 0x000000008dd00000|  0%| F|  |TAMS 0x000000008dc00000, 0x000000008dc00000| Untracked 
| 171|0x000000008dd00000, 0x000000008dd00000, 0x000000008de00000|  0%| F|  |TAMS 0x000000008dd00000, 0x000000008dd00000| Untracked 
| 172|0x000000008de00000, 0x000000008de00000, 0x000000008df00000|  0%| F|  |TAMS 0x000000008de00000, 0x000000008de00000| Untracked 
| 173|0x000000008df00000, 0x000000008df00000, 0x000000008e000000|  0%| F|  |TAMS 0x000000008df00000, 0x000000008df00000| Untracked 
| 174|0x000000008e000000, 0x000000008e000000, 0x000000008e100000|  0%| F|  |TAMS 0x000000008e000000, 0x000000008e000000| Untracked 
| 175|0x000000008e100000, 0x000000008e100000, 0x000000008e200000|  0%| F|  |TAMS 0x000000008e100000, 0x000000008e100000| Untracked 
| 176|0x000000008e200000, 0x000000008e200000, 0x000000008e300000|  0%| F|  |TAMS 0x000000008e200000, 0x000000008e200000| Untracked 
| 177|0x000000008e300000, 0x000000008e300000, 0x000000008e400000|  0%| F|  |TAMS 0x000000008e300000, 0x000000008e300000| Untracked 
| 178|0x000000008e400000, 0x000000008e400000, 0x000000008e500000|  0%| F|  |TAMS 0x000000008e400000, 0x000000008e400000| Untracked 
| 179|0x000000008e500000, 0x000000008e500000, 0x000000008e600000|  0%| F|  |TAMS 0x000000008e500000, 0x000000008e500000| Untracked 
| 180|0x000000008e600000, 0x000000008e600000, 0x000000008e700000|  0%| F|  |TAMS 0x000000008e600000, 0x000000008e600000| Untracked 
| 181|0x000000008e700000, 0x000000008e700000, 0x000000008e800000|  0%| F|  |TAMS 0x000000008e700000, 0x000000008e700000| Untracked 
| 182|0x000000008e800000, 0x000000008e800000, 0x000000008e900000|  0%| F|  |TAMS 0x000000008e800000, 0x000000008e800000| Untracked 
| 183|0x000000008e900000, 0x000000008e900000, 0x000000008ea00000|  0%| F|  |TAMS 0x000000008e900000, 0x000000008e900000| Untracked 
| 184|0x000000008ea00000, 0x000000008ea00000, 0x000000008eb00000|  0%| F|  |TAMS 0x000000008ea00000, 0x000000008ea00000| Untracked 
| 185|0x000000008eb00000, 0x000000008eb00000, 0x000000008ec00000|  0%| F|  |TAMS 0x000000008eb00000, 0x000000008eb00000| Untracked 
| 186|0x000000008ec00000, 0x000000008ec00000, 0x000000008ed00000|  0%| F|  |TAMS 0x000000008ec00000, 0x000000008ec00000| Untracked 
| 187|0x000000008ed00000, 0x000000008ed00000, 0x000000008ee00000|  0%| F|  |TAMS 0x000000008ed00000, 0x000000008ed00000| Untracked 
| 188|0x000000008ee00000, 0x000000008ee00000, 0x000000008ef00000|  0%| F|  |TAMS 0x000000008ee00000, 0x000000008ee00000| Untracked 
| 189|0x000000008ef00000, 0x000000008ef00000, 0x000000008f000000|  0%| F|  |TAMS 0x000000008ef00000, 0x000000008ef00000| Untracked 
| 190|0x000000008f000000, 0x000000008f000000, 0x000000008f100000|  0%| F|  |TAMS 0x000000008f000000, 0x000000008f000000| Untracked 
| 191|0x000000008f100000, 0x000000008f100000, 0x000000008f200000|  0%| F|  |TAMS 0x000000008f100000, 0x000000008f100000| Untracked 
| 192|0x000000008f200000, 0x000000008f200000, 0x000000008f300000|  0%| F|  |TAMS 0x000000008f200000, 0x000000008f200000| Untracked 
| 193|0x000000008f300000, 0x000000008f300000, 0x000000008f400000|  0%| F|  |TAMS 0x000000008f300000, 0x000000008f300000| Untracked 
| 194|0x000000008f400000, 0x000000008f400000, 0x000000008f500000|  0%| F|  |TAMS 0x000000008f400000, 0x000000008f400000| Untracked 
| 195|0x000000008f500000, 0x000000008f500000, 0x000000008f600000|  0%| F|  |TAMS 0x000000008f500000, 0x000000008f500000| Untracked 
| 196|0x000000008f600000, 0x000000008f600000, 0x000000008f700000|  0%| F|  |TAMS 0x000000008f600000, 0x000000008f600000| Untracked 

Card table byte_map: [0x00000219c0cd0000,0x00000219c10c0000] _byte_map_base: 0x00000219c08b7000

Marking Bits (Prev, Next): (CMBitMap*) 0x00000219ac237e60, (CMBitMap*) 0x00000219ac237e20
 Prev Bits: [0x00000219c33f0000, 0x00000219c5328000)
 Next Bits: [0x00000219c14b0000, 0x00000219c33e8000)

Polling page: 0x00000219ac2a0000

Metaspace:

Usage:
  Non-class:     76.17 MB used.
      Class:      9.53 MB used.
       Both:     85.70 MB used.

Virtual space:
  Non-class space:       80.00 MB reserved,      76.38 MB ( 95%) committed,  10 nodes.
      Class space:        1.00 GB reserved,       9.69 MB ( <1%) committed,  1 nodes.
             Both:        1.08 GB reserved,      86.06 MB (  8%) committed. 

Chunk freelists:
   Non-Class:  2.91 MB
       Class:  2.28 MB
        Both:  5.19 MB

MaxMetaspaceSize: unlimited
CompressedClassSpaceSize: 1.00 GB
Initial GC threshold: 21.00 MB
Current GC threshold: 137.31 MB
CDS: off
MetaspaceReclaimPolicy: balanced
 - commit_granule_bytes: 65536.
 - commit_granule_words: 8192.
 - virtual_space_node_default_size: 1048576.
 - enlarge_chunks_in_place: 1.
 - new_chunks_are_fully_committed: 0.
 - uncommit_free_chunks: 1.
 - use_allocation_guard: 0.
 - handle_deallocations: 1.


Internal statistics:

num_allocs_failed_limit: 9.
num_arena_births: 470.
num_arena_deaths: 0.
num_vsnodes_births: 11.
num_vsnodes_deaths: 0.
num_space_committed: 1375.
num_space_uncommitted: 0.
num_chunks_returned_to_freelist: 9.
num_chunks_taken_from_freelist: 3307.
num_chunk_merges: 9.
num_chunk_splits: 2658.
num_chunks_enlarged: 2306.
num_purges: 0.
num_inconsistent_stats: 0.

CodeHeap 'non-profiled nmethods': size=120000Kb used=7897Kb max_used=7897Kb free=112102Kb
 bounds [0x00000219b8940000, 0x00000219b9100000, 0x00000219bfe70000]
CodeHeap 'profiled nmethods': size=120000Kb used=37621Kb max_used=37621Kb free=82378Kb
 bounds [0x00000219b0e70000, 0x00000219b3340000, 0x00000219b83a0000]
CodeHeap 'non-nmethods': size=5760Kb used=1417Kb max_used=1475Kb free=4342Kb
 bounds [0x00000219b83a0000, 0x00000219b8610000, 0x00000219b8940000]
 total_blobs=13957 nmethods=13219 adapters=647
 compilation: enabled
              stopped_count=0, restarted_count=0
 full_count=0

Compilation events (20 events):
Event: 13.283 Thread 0x00000219c8864520 nmethod 15852 0x00000219b3324210 code [0x00000219b33244e0, 0x00000219b33251d8]
Event: 13.283 Thread 0x00000219c8864520 15853       3       org.jetbrains.kotlin.backend.common.DeclarationTransformer$Visitor::visitBranch (7 bytes)
Event: 13.284 Thread 0x00000219c8864520 nmethod 15853 0x00000219b3325690 code [0x00000219b33259a0, 0x00000219b3326828]
Event: 13.284 Thread 0x00000219c8864520 15851       3       org.jetbrains.kotlin.backend.common.DeclarationTransformer$Visitor::visitBlockBody (6 bytes)
Event: 13.284 Thread 0x00000219c8864520 nmethod 15851 0x00000219b3326d90 code [0x00000219b33270a0, 0x00000219b3327f28]
Event: 13.285 Thread 0x00000219c8864520 15854       3       org.jetbrains.kotlin.backend.common.DeclarationTransformer$Visitor::visitElseBranch (13 bytes)
Event: 13.285 Thread 0x00000219c8864520 nmethod 15854 0x00000219b3328490 code [0x00000219b3328780, 0x00000219b3329608]
Event: 13.285 Thread 0x00000219c8864520 15855       3       org.jetbrains.kotlin.backend.common.DeclarationTransformer$Visitor::visitElseBranch (7 bytes)
Event: 13.286 Thread 0x00000219c8864520 nmethod 15855 0x00000219b3329b90 code [0x00000219b3329e80, 0x00000219b332abc8]
Event: 13.286 Thread 0x00000219c8864520 15856       3       org.jetbrains.kotlin.backend.common.DeclarationTransformer$Visitor::visitElseBranch (6 bytes)
Event: 13.287 Thread 0x00000219c8864520 nmethod 15856 0x00000219b332b110 code [0x00000219b332b420, 0x00000219b332c2a8]
Event: 13.287 Thread 0x00000219c8864520 15857       3       org.jetbrains.kotlin.backend.common.DeclarationTransformer$Visitor::visitReturn (13 bytes)
Event: 13.288 Thread 0x00000219c8864520 nmethod 15857 0x00000219b332c810 code [0x00000219b332cb00, 0x00000219b332d988]
Event: 13.288 Thread 0x00000219c8864520 15859       3       org.jetbrains.kotlin.backend.jvm.lower.ReplaceDefaultImplsOverriddenSymbols::visitConst (13 bytes)
Event: 13.289 Thread 0x00000219c8864520 nmethod 15859 0x00000219b332df10 code [0x00000219b332e200, 0x00000219b332f088]
Event: 13.289 Thread 0x00000219c8864520 15860       3       org.jetbrains.kotlin.backend.jvm.lower.ReplaceDefaultImplsOverriddenSymbols::visitConst (7 bytes)
Event: 13.290 Thread 0x00000219c8864520 nmethod 15860 0x00000219b332f610 code [0x00000219b332f900, 0x00000219b3330648]
Event: 13.290 Thread 0x00000219c8864520 15863       3       org.jetbrains.kotlin.ir.visitors.IrElementTransformer$DefaultImpls::visitReturn (18 bytes)
Event: 13.290 Thread 0x00000219c8864520 nmethod 15863 0x00000219b3330b90 code [0x00000219b3330da0, 0x00000219b33313e8]
Event: 13.290 Thread 0x00000219c8864520 15862       3       org.jetbrains.kotlin.ir.visitors.IrElementTransformer$DefaultImpls::visitElseBranch (15 bytes)

GC Heap History (20 events):
Event: 5.274 GC heap after
{Heap after GC invocations=22 (full 0):
 garbage-first heap   total 133120K, used 59796K [0x0000000083200000, 0x0000000100000000)
  region size 1024K, 6 young (6144K), 6 survivors (6144K)
 Metaspace       used 60292K, committed 60608K, reserved 1105920K
  class space    used 7051K, committed 7168K, reserved 1048576K
}
Event: 6.513 GC heap before
{Heap before GC invocations=22 (full 0):
 garbage-first heap   total 133120K, used 106900K [0x0000000083200000, 0x0000000100000000)
  region size 1024K, 52 young (53248K), 6 survivors (6144K)
 Metaspace       used 65135K, committed 65472K, reserved 1114112K
  class space    used 7676K, committed 7808K, reserved 1048576K
}
Event: 6.531 GC heap after
{Heap after GC invocations=23 (full 0):
 garbage-first heap   total 133120K, used 66751K [0x0000000083200000, 0x0000000100000000)
  region size 1024K, 7 young (7168K), 7 survivors (7168K)
 Metaspace       used 65135K, committed 65472K, reserved 1114112K
  class space    used 7676K, committed 7808K, reserved 1048576K
}
Event: 7.718 GC heap before
{Heap before GC invocations=23 (full 0):
 garbage-first heap   total 133120K, used 104639K [0x0000000083200000, 0x0000000100000000)
  region size 1024K, 44 young (45056K), 7 survivors (7168K)
 Metaspace       used 67793K, committed 68160K, reserved 1114112K
  class space    used 7837K, committed 8000K, reserved 1048576K
}
Event: 7.734 GC heap after
{Heap after GC invocations=24 (full 0):
 garbage-first heap   total 201728K, used 72970K [0x0000000083200000, 0x0000000100000000)
  region size 1024K, 6 young (6144K), 6 survivors (6144K)
 Metaspace       used 67793K, committed 68160K, reserved 1114112K
  class space    used 7837K, committed 8000K, reserved 1048576K
}
Event: 9.721 GC heap before
{Heap before GC invocations=25 (full 0):
 garbage-first heap   total 201728K, used 148746K [0x0000000083200000, 0x0000000100000000)
  region size 1024K, 79 young (80896K), 6 survivors (6144K)
 Metaspace       used 72308K, committed 72640K, reserved 1114112K
  class space    used 8200K, committed 8320K, reserved 1048576K
}
Event: 9.736 GC heap after
{Heap after GC invocations=26 (full 0):
 garbage-first heap   total 201728K, used 80896K [0x0000000083200000, 0x0000000100000000)
  region size 1024K, 8 young (8192K), 8 survivors (8192K)
 Metaspace       used 72308K, committed 72640K, reserved 1114112K
  class space    used 8200K, committed 8320K, reserved 1048576K
}
Event: 9.751 GC heap before
{Heap before GC invocations=26 (full 0):
 garbage-first heap   total 201728K, used 81920K [0x0000000083200000, 0x0000000100000000)
  region size 1024K, 9 young (9216K), 8 survivors (8192K)
 Metaspace       used 72655K, committed 72960K, reserved 1114112K
  class space    used 8218K, committed 8320K, reserved 1048576K
}
Event: 9.759 GC heap after
{Heap after GC invocations=27 (full 0):
 garbage-first heap   total 201728K, used 81515K [0x0000000083200000, 0x0000000100000000)
  region size 1024K, 2 young (2048K), 2 survivors (2048K)
 Metaspace       used 72655K, committed 72960K, reserved 1114112K
  class space    used 8218K, committed 8320K, reserved 1048576K
}
Event: 10.859 GC heap before
{Heap before GC invocations=27 (full 0):
 garbage-first heap   total 201728K, used 152171K [0x0000000083200000, 0x0000000100000000)
  region size 1024K, 71 young (72704K), 2 survivors (2048K)
 Metaspace       used 77026K, committed 77376K, reserved 1122304K
  class space    used 8660K, committed 8832K, reserved 1048576K
}
Event: 10.875 GC heap after
{Heap after GC invocations=28 (full 0):
 garbage-first heap   total 201728K, used 93184K [0x0000000083200000, 0x0000000100000000)
  region size 1024K, 9 young (9216K), 9 survivors (9216K)
 Metaspace       used 77026K, committed 77376K, reserved 1122304K
  class space    used 8660K, committed 8832K, reserved 1048576K
}
Event: 11.534 GC heap before
{Heap before GC invocations=28 (full 0):
 garbage-first heap   total 201728K, used 154624K [0x0000000083200000, 0x0000000100000000)
  region size 1024K, 69 young (70656K), 9 survivors (9216K)
 Metaspace       used 78343K, committed 78656K, reserved 1122304K
  class space    used 8798K, committed 8960K, reserved 1048576K
}
Event: 11.561 GC heap after
{Heap after GC invocations=29 (full 0):
 garbage-first heap   total 201728K, used 108544K [0x0000000083200000, 0x0000000100000000)
  region size 1024K, 9 young (9216K), 9 survivors (9216K)
 Metaspace       used 78343K, committed 78656K, reserved 1122304K
  class space    used 8798K, committed 8960K, reserved 1048576K
}
Event: 12.189 GC heap before
{Heap before GC invocations=29 (full 0):
 garbage-first heap   total 201728K, used 154624K [0x0000000083200000, 0x0000000100000000)
  region size 1024K, 54 young (55296K), 9 survivors (9216K)
 Metaspace       used 82822K, committed 83200K, reserved 1130496K
  class space    used 9255K, committed 9408K, reserved 1048576K
}
Event: 12.202 GC heap after
{Heap after GC invocations=30 (full 0):
 garbage-first heap   total 201728K, used 113514K [0x0000000083200000, 0x0000000100000000)
  region size 1024K, 4 young (4096K), 4 survivors (4096K)
 Metaspace       used 82822K, committed 83200K, reserved 1130496K
  class space    used 9255K, committed 9408K, reserved 1048576K
}
Event: 12.940 GC heap before
{Heap before GC invocations=31 (full 0):
 garbage-first heap   total 201728K, used 158570K [0x0000000083200000, 0x0000000100000000)
  region size 1024K, 48 young (49152K), 4 survivors (4096K)
 Metaspace       used 87414K, committed 87808K, reserved 1130496K
  class space    used 9754K, committed 9920K, reserved 1048576K
}
Event: 12.954 GC heap after
{Heap after GC invocations=32 (full 0):
 garbage-first heap   total 201728K, used 118650K [0x0000000083200000, 0x0000000100000000)
  region size 1024K, 5 young (5120K), 5 survivors (5120K)
 Metaspace       used 87414K, committed 87808K, reserved 1130496K
  class space    used 9754K, committed 9920K, reserved 1048576K
}
Event: 12.990 GC heap before
{Heap before GC invocations=32 (full 0):
 garbage-first heap   total 201728K, used 122746K [0x0000000083200000, 0x0000000100000000)
  region size 1024K, 9 young (9216K), 5 survivors (5120K)
 Metaspace       used 87463K, committed 87808K, reserved 1130496K
  class space    used 9759K, committed 9920K, reserved 1048576K
}
Event: 12.998 GC heap after
{Heap after GC invocations=33 (full 0):
 garbage-first heap   total 201728K, used 118168K [0x0000000083200000, 0x0000000100000000)
  region size 1024K, 1 young (1024K), 1 survivors (1024K)
 Metaspace       used 87463K, committed 87808K, reserved 1130496K
  class space    used 9759K, committed 9920K, reserved 1048576K
}
Event: 13.292 GC heap before
{Heap before GC invocations=33 (full 0):
 garbage-first heap   total 201728K, used 160152K [0x0000000083200000, 0x0000000100000000)
  region size 1024K, 42 young (43008K), 1 survivors (1024K)
 Metaspace       used 87757K, committed 88128K, reserved 1130496K
  class space    used 9759K, committed 9920K, reserved 1048576K
}

Dll operation events (2 events):
Event: 0.004 Loaded shared library C:\Program Files\Android\Android Studio\jbr\bin\java.dll
Event: 0.746 Loaded shared library C:\Program Files\Android\Android Studio\jbr\bin\verify.dll

Deoptimization events (20 events):
Event: 13.129 Thread 0x00000219ac1dcd90 Uncommon trap: trap_request=0xffffffde fr.pc=0x00000219b90da5bc relative=0x000000000000031c
Event: 13.129 Thread 0x00000219ac1dcd90 Uncommon trap: reason=class_check action=maybe_recompile pc=0x00000219b90da5bc method=org.jetbrains.kotlin.ir.expressions.IrBranch.transformChildren(Lorg/jetbrains/kotlin/ir/visitors/IrElementTransformer;Ljava/lang/Object;)V @ 8 c2
Event: 13.129 Thread 0x00000219ac1dcd90 DEOPT PACKING pc=0x00000219b90da5bc sp=0x0000008daf0fbbf0
Event: 13.129 Thread 0x00000219ac1dcd90 DEOPT UNPACKING pc=0x00000219b83fa1a3 sp=0x0000008daf0fbbc8 mode 2
Event: 13.170 Thread 0x00000219ac1dcd90 Uncommon trap: trap_request=0xffffff66 fr.pc=0x00000219b90eaa78 relative=0x0000000000000b18
Event: 13.170 Thread 0x00000219ac1dcd90 Uncommon trap: reason=speculate_class_check action=maybe_recompile pc=0x00000219b90eaa78 method=org.jetbrains.kotlin.ir.declarations.IrFunction.acceptChildren(Lorg/jetbrains/kotlin/ir/visitors/IrElementVisitor;Ljava/lang/Object;)V @ 7 c2
Event: 13.170 Thread 0x00000219ac1dcd90 DEOPT PACKING pc=0x00000219b90eaa78 sp=0x0000008daf0fdaf0
Event: 13.170 Thread 0x00000219ac1dcd90 DEOPT UNPACKING pc=0x00000219b83fa1a3 sp=0x0000008daf0fd990 mode 2
Event: 13.173 Thread 0x00000219ac1dcd90 Uncommon trap: trap_request=0xffffff66 fr.pc=0x00000219b90eaa78 relative=0x0000000000000b18
Event: 13.173 Thread 0x00000219ac1dcd90 Uncommon trap: reason=speculate_class_check action=maybe_recompile pc=0x00000219b90eaa78 method=org.jetbrains.kotlin.ir.declarations.IrFunction.acceptChildren(Lorg/jetbrains/kotlin/ir/visitors/IrElementVisitor;Ljava/lang/Object;)V @ 7 c2
Event: 13.173 Thread 0x00000219ac1dcd90 DEOPT PACKING pc=0x00000219b90eaa78 sp=0x0000008daf0fdaf0
Event: 13.173 Thread 0x00000219ac1dcd90 DEOPT UNPACKING pc=0x00000219b83fa1a3 sp=0x0000008daf0fd990 mode 2
Event: 13.173 Thread 0x00000219ac1dcd90 Uncommon trap: trap_request=0xffffff66 fr.pc=0x00000219b90eaa78 relative=0x0000000000000b18
Event: 13.173 Thread 0x00000219ac1dcd90 Uncommon trap: reason=speculate_class_check action=maybe_recompile pc=0x00000219b90eaa78 method=org.jetbrains.kotlin.ir.declarations.IrFunction.acceptChildren(Lorg/jetbrains/kotlin/ir/visitors/IrElementVisitor;Ljava/lang/Object;)V @ 7 c2
Event: 13.174 Thread 0x00000219ac1dcd90 DEOPT PACKING pc=0x00000219b90eaa78 sp=0x0000008daf0fdaf0
Event: 13.174 Thread 0x00000219ac1dcd90 DEOPT UNPACKING pc=0x00000219b83fa1a3 sp=0x0000008daf0fd990 mode 2
Event: 13.174 Thread 0x00000219ac1dcd90 Uncommon trap: trap_request=0xffffff66 fr.pc=0x00000219b90eaa78 relative=0x0000000000000b18
Event: 13.174 Thread 0x00000219ac1dcd90 Uncommon trap: reason=speculate_class_check action=maybe_recompile pc=0x00000219b90eaa78 method=org.jetbrains.kotlin.ir.declarations.IrFunction.acceptChildren(Lorg/jetbrains/kotlin/ir/visitors/IrElementVisitor;Ljava/lang/Object;)V @ 7 c2
Event: 13.174 Thread 0x00000219ac1dcd90 DEOPT PACKING pc=0x00000219b90eaa78 sp=0x0000008daf0fdaf0
Event: 13.174 Thread 0x00000219ac1dcd90 DEOPT UNPACKING pc=0x00000219b83fa1a3 sp=0x0000008daf0fd990 mode 2

Classes unloaded (0 events):
No events

Classes redefined (0 events):
No events

Internal exceptions (20 events):
Event: 4.803 Thread 0x00000219ac1dcd90 Implicit null exception at 0x00000219b89a68d8 to 0x00000219b89a696a
Event: 5.024 Thread 0x00000219ac1dcd90 Exception <a 'java/lang/NoSuchMethodError'{0x0000000088fab6b8}: 'java.lang.Object java.lang.invoke.DirectMethodHandle$Holder.invokeInterface(java.lang.Object, java.lang.Object, java.lang.Object)'> (0x0000000088fab6b8) 
thrown [s\src\hotspot\share\interpreter\linkResolver.cpp, line 771]
Event: 5.025 Thread 0x00000219ac1dcd90 Exception <a 'java/lang/IncompatibleClassChangeError'{0x0000000088faf2d0}: Found class java.lang.Object, but interface was expected> (0x0000000088faf2d0) 
thrown [s\src\hotspot\share\interpreter\linkResolver.cpp, line 838]
Event: 5.058 Thread 0x00000219ac1dcd90 Exception <a 'java/lang/NoSuchMethodError'{0x0000000088eebdf0}: 'int java.lang.invoke.DirectMethodHandle$Holder.invokeStaticInit(java.lang.Object, int)'> (0x0000000088eebdf0) 
thrown [s\src\hotspot\share\interpreter\linkResolver.cpp, line 771]
Event: 5.501 Thread 0x00000219ac1dcd90 Exception <a 'java/lang/NoSuchMethodError'{0x000000008a26dc90}: 'int java.lang.invoke.DirectMethodHandle$Holder.invokeVirtual(java.lang.Object, java.lang.Object, java.lang.Object)'> (0x000000008a26dc90) 
thrown [s\src\hotspot\share\interpreter\linkResolver.cpp, line 771]
Event: 5.600 Thread 0x00000219ac1dcd90 Exception <a 'java/lang/NoSuchMethodError'{0x0000000089fda8f0}: 'java.lang.Object java.lang.invoke.DirectMethodHandle$Holder.invokeStatic(java.lang.Object, java.lang.Object, java.lang.Object, java.lang.Object, int)'> (0x0000000089fda8f0) 
thrown [s\src\hotspot\share\interpreter\linkResolver.cpp, line 771]
Event: 5.600 Thread 0x00000219ac1dcd90 Exception <a 'java/lang/NoSuchMethodError'{0x0000000089fe45d8}: 'java.lang.Object java.lang.invoke.DirectMethodHandle$Holder.newInvokeSpecial(java.lang.Object, java.lang.Object, java.lang.Object, java.lang.Object, int)'> (0x0000000089fe45d8) 
thrown [s\src\hotspot\share\interpreter\linkResolver.cpp, line 771]
Event: 5.601 Thread 0x00000219ac1dcd90 Exception <a 'java/lang/NoSuchMethodError'{0x0000000089fe9108}: 'java.lang.Object java.lang.invoke.DirectMethodHandle$Holder.invokeSpecial(java.lang.Object, java.lang.Object, java.lang.Object, java.lang.Object, java.lang.Object, int)'> (0x0000000089fe9108) 
thrown [s\src\hotspot\share\interpreter\linkResolver.cpp, line 771]
Event: 5.601 Thread 0x00000219ac1dcd90 Exception <a 'java/lang/NoSuchMethodError'{0x0000000089fed5e8}: 'java.lang.Object java.lang.invoke.Invokers$Holder.linkToTargetMethod(java.lang.Object, java.lang.Object, java.lang.Object, int, java.lang.Object)'> (0x0000000089fed5e8) 
thrown [s\src\hotspot\share\interpreter\linkResolver.cpp, line 771]
Event: 5.650 Thread 0x00000219ac1dcd90 Exception <a 'java/lang/NoSuchMethodError'{0x0000000089d9ef80}: 'void java.lang.invoke.DirectMethodHandle$Holder.invokeInterface(java.lang.Object, java.lang.Object)'> (0x0000000089d9ef80) 
thrown [s\src\hotspot\share\interpreter\linkResolver.cpp, line 771]
Event: 5.726 Thread 0x00000219ac1dcd90 Exception <a 'java/lang/IncompatibleClassChangeError'{0x0000000089b91c78}: Found class java.lang.Object, but interface was expected> (0x0000000089b91c78) 
thrown [s\src\hotspot\share\interpreter\linkResolver.cpp, line 838]
Event: 5.987 Thread 0x00000219ac1dcd90 Implicit null exception at 0x00000219b89e865c to 0x00000219b89e9480
Event: 6.262 Thread 0x00000219ac1dcd90 Exception <a 'java/lang/NoSuchMethodError'{0x0000000088c7e090}: 'java.lang.Object java.lang.invoke.DirectMethodHandle$Holder.newInvokeSpecial(java.lang.Object, int, java.lang.Object, java.lang.Object)'> (0x0000000088c7e090) 
thrown [s\src\hotspot\share\interpreter\linkResolver.cpp, line 771]
Event: 9.614 Thread 0x00000219ac1dcd90 Exception <a 'java/lang/NoSuchMethodError'{0x000000008b6d5508}: 'java.lang.Object java.lang.invoke.DirectMethodHandle$Holder.invokeStaticInit(java.lang.Object, java.lang.Object, java.lang.Object, java.lang.Object)'> (0x000000008b6d5508) 
thrown [s\src\hotspot\share\interpreter\linkResolver.cpp, line 771]
Event: 9.803 Thread 0x00000219ac1dcd90 Exception <a 'java/lang/NoSuchMethodError'{0x000000008f142918}: 'java.lang.Object java.lang.invoke.DirectMethodHandle$Holder.newInvokeSpecial(java.lang.Object, java.lang.Object, java.lang.Object, int, int)'> (0x000000008f142918) 
thrown [s\src\hotspot\share\interpreter\linkResolver.cpp, line 771]
Event: 9.803 Thread 0x00000219ac1dcd90 Exception <a 'java/lang/NoSuchMethodError'{0x000000008f146758}: 'java.lang.Object java.lang.invoke.DirectMethodHandle$Holder.invokeSpecial(java.lang.Object, java.lang.Object, java.lang.Object, java.lang.Object, int, int)'> (0x000000008f146758) 
thrown [s\src\hotspot\share\interpreter\linkResolver.cpp, line 771]
Event: 9.831 Thread 0x00000219ac1dcd90 Exception <a 'java/lang/NoSuchMethodError'{0x000000008ef3d1f8}: 'java.lang.Object java.lang.invoke.DirectMethodHandle$Holder.invokeSpecial(java.lang.Object, java.lang.Object, int, int, java.lang.Object, java.lang.Object, java.lang.Object, java.lang.Object, java.lang.Object)'> (0x000000008ef3d1f8) 
thrown [s\src\hotspot\share\interpreter\linkResolver.cpp, line 771]
Event: 10.008 Thread 0x00000219ac1dcd90 Exception <a 'java/lang/NoSuchMethodError'{0x000000008e5eb898}: 'java.lang.Object java.lang.invoke.DirectMethodHandle$Holder.invokeStatic(java.lang.Object, int, java.lang.Object)'> (0x000000008e5eb898) 
thrown [s\src\hotspot\share\interpreter\linkResolver.cpp, line 771]
Event: 10.025 Thread 0x00000219ac1dcd90 Implicit null exception at 0x00000219b89ac16d to 0x00000219b89ac398
Event: 12.430 Thread 0x00000219ac1dcd90 Implicit null exception at 0x00000219b901e305 to 0x00000219b901f5e8

VM Operations (20 events):
Event: 12.418 Executing VM operation: HandshakeAllThreads done
Event: 12.588 Executing VM operation: ICBufferFull
Event: 12.589 Executing VM operation: ICBufferFull done
Event: 12.617 Executing VM operation: HandshakeAllThreads
Event: 12.617 Executing VM operation: HandshakeAllThreads done
Event: 12.671 Executing VM operation: HandshakeAllThreads
Event: 12.671 Executing VM operation: HandshakeAllThreads done
Event: 12.748 Executing VM operation: ICBufferFull
Event: 12.749 Executing VM operation: ICBufferFull done
Event: 12.866 Executing VM operation: ICBufferFull
Event: 12.874 Executing VM operation: ICBufferFull done
Event: 12.940 Executing VM operation: G1CollectForAllocation
Event: 12.954 Executing VM operation: G1CollectForAllocation done
Event: 12.990 Executing VM operation: G1CollectForAllocation
Event: 12.998 Executing VM operation: G1CollectForAllocation done
Event: 13.098 Executing VM operation: ICBufferFull
Event: 13.098 Executing VM operation: ICBufferFull done
Event: 13.254 Executing VM operation: ICBufferFull
Event: 13.254 Executing VM operation: ICBufferFull done
Event: 13.292 Executing VM operation: G1CollectForAllocation

Events (20 events):
Event: 11.818 loading class java/lang/invoke/BoundMethodHandle$Species_LLLLLLLLLL done
Event: 11.818 loading class java/lang/invoke/BoundMethodHandle$Species_LLLLLLLLLLL
Event: 11.819 loading class java/lang/invoke/BoundMethodHandle$Species_LLLLLLLLLLL done
Event: 12.138 Thread 0x00000219c8866e40 flushing nmethod 0x00000219b8fd5310
Event: 12.146 Thread 0x00000219c8866e40 flushing nmethod 0x00000219b1a6df90
Event: 12.146 Thread 0x00000219c8866e40 flushing nmethod 0x00000219b1a80e90
Event: 12.147 Thread 0x00000219c8866e40 flushing nmethod 0x00000219b1b82490
Event: 12.147 Thread 0x00000219c8866e40 flushing nmethod 0x00000219b1b88f10
Event: 12.148 Thread 0x00000219c8866e40 flushing nmethod 0x00000219b1d70990
Event: 12.149 Thread 0x00000219c8866e40 flushing nmethod 0x00000219b1df0b90
Event: 12.149 Thread 0x00000219c8866e40 flushing nmethod 0x00000219b1e1c190
Event: 12.150 Thread 0x00000219c8866e40 flushing nmethod 0x00000219b1fa0f90
Event: 12.150 Thread 0x00000219c8866e40 flushing nmethod 0x00000219b2097f10
Event: 12.150 Thread 0x00000219c8866e40 flushing nmethod 0x00000219b20bfa10
Event: 12.152 Thread 0x00000219c8866e40 flushing nmethod 0x00000219b234cb90
Event: 12.152 Thread 0x00000219c8866e40 flushing nmethod 0x00000219b23a8b90
Event: 12.152 Thread 0x00000219c8866e40 flushing nmethod 0x00000219b24b0410
Event: 12.153 Thread 0x00000219c8866e40 flushing nmethod 0x00000219b25d7310
Event: 12.156 Thread 0x00000219c8866e40 flushing nmethod 0x00000219b2b61a10
Event: 12.157 Thread 0x00000219c8866e40 flushing nmethod 0x00000219b2ce8a10


Dynamic libraries:
0x00007ff6b9570000 - 0x00007ff6b957a000 	C:\Program Files\Android\Android Studio\jbr\bin\java.exe
0x00007ff94fa30000 - 0x00007ff94fc47000 	C:\WINDOWS\SYSTEM32\ntdll.dll
0x00007ff94e5e0000 - 0x00007ff94e6a4000 	C:\WINDOWS\System32\KERNEL32.DLL
0x00007ff94cf80000 - 0x00007ff94d325000 	C:\WINDOWS\System32\KERNELBASE.dll
0x00007ff94cda0000 - 0x00007ff94ceb1000 	C:\WINDOWS\System32\ucrtbase.dll
0x00007ff917070000 - 0x00007ff917087000 	C:\Program Files\Android\Android Studio\jbr\bin\jli.dll
0x00007ff943ad0000 - 0x00007ff943aeb000 	C:\Program Files\Android\Android Studio\jbr\bin\VCRUNTIME140.dll
0x00007ff94f380000 - 0x00007ff94f52e000 	C:\WINDOWS\System32\USER32.dll
0x00007ff94d3a0000 - 0x00007ff94d3c6000 	C:\WINDOWS\System32\win32u.dll
0x00007ff94f350000 - 0x00007ff94f379000 	C:\WINDOWS\System32\GDI32.dll
0x00007ff94d3d0000 - 0x00007ff94d4e9000 	C:\WINDOWS\System32\gdi32full.dll
0x00007ff94d6e0000 - 0x00007ff94d77a000 	C:\WINDOWS\System32\msvcp_win.dll
0x00007ff931c70000 - 0x00007ff931f03000 	C:\WINDOWS\WinSxS\amd64_microsoft.windows.common-controls_6595b64144ccf1df_6.0.22621.2506_none_270c5ae97388e100\COMCTL32.dll
0x00007ff94f680000 - 0x00007ff94f727000 	C:\WINDOWS\System32\msvcrt.dll
0x00007ff94e5a0000 - 0x00007ff94e5d1000 	C:\WINDOWS\System32\IMM32.DLL
0x00007ff949930000 - 0x00007ff94993c000 	C:\Program Files\Android\Android Studio\jbr\bin\vcruntime140_1.dll
0x00007ff925e40000 - 0x00007ff925ecd000 	C:\Program Files\Android\Android Studio\jbr\bin\msvcp140.dll
0x00007ff8fa1a0000 - 0x00007ff8fae0e000 	C:\Program Files\Android\Android Studio\jbr\bin\server\jvm.dll
0x00007ff94f880000 - 0x00007ff94f931000 	C:\WINDOWS\System32\ADVAPI32.dll
0x00007ff94d820000 - 0x00007ff94d8c6000 	C:\WINDOWS\System32\sechost.dll
0x00007ff94e380000 - 0x00007ff94e497000 	C:\WINDOWS\System32\RPCRT4.dll
0x00007ff90e630000 - 0x00007ff90e639000 	C:\WINDOWS\SYSTEM32\WSOCK32.dll
0x00007ff94abb0000 - 0x00007ff94abba000 	C:\WINDOWS\SYSTEM32\VERSION.dll
0x00007ff947330000 - 0x00007ff947364000 	C:\WINDOWS\SYSTEM32\WINMM.dll
0x00007ff94f7e0000 - 0x00007ff94f851000 	C:\WINDOWS\System32\WS2_32.dll
0x00007ff94bd40000 - 0x00007ff94bd58000 	C:\WINDOWS\SYSTEM32\kernel.appcore.dll
0x00007ff90e620000 - 0x00007ff90e62a000 	C:\Program Files\Android\Android Studio\jbr\bin\jimage.dll
0x00007ff9466f0000 - 0x00007ff946923000 	C:\WINDOWS\SYSTEM32\DBGHELP.DLL
0x00007ff94d8d0000 - 0x00007ff94dc59000 	C:\WINDOWS\System32\combase.dll
0x00007ff94e4a0000 - 0x00007ff94e577000 	C:\WINDOWS\System32\OLEAUT32.dll
0x00007ff935780000 - 0x00007ff9357b2000 	C:\WINDOWS\SYSTEM32\dbgcore.DLL
0x00007ff94d660000 - 0x00007ff94d6da000 	C:\WINDOWS\System32\bcryptPrimitives.dll
0x00007ff90e5d0000 - 0x00007ff90e5f5000 	C:\Program Files\Android\Android Studio\jbr\bin\java.dll
0x00007ff905640000 - 0x00007ff905658000 	C:\Program Files\Android\Android Studio\jbr\bin\zip.dll
0x00007ff94e9f0000 - 0x00007ff94f249000 	C:\WINDOWS\System32\SHELL32.dll
0x00007ff94acc0000 - 0x00007ff94b5b4000 	C:\WINDOWS\SYSTEM32\windows.storage.dll
0x00007ff94a9c0000 - 0x00007ff94aafe000 	C:\WINDOWS\SYSTEM32\wintypes.dll
0x00007ff94e880000 - 0x00007ff94e973000 	C:\WINDOWS\System32\SHCORE.dll
0x00007ff94e990000 - 0x00007ff94e9ee000 	C:\WINDOWS\System32\shlwapi.dll
0x00007ff94ccd0000 - 0x00007ff94ccf6000 	C:\WINDOWS\SYSTEM32\profapi.dll
0x00007ff905620000 - 0x00007ff905639000 	C:\Program Files\Android\Android Studio\jbr\bin\net.dll
0x00007ff941850000 - 0x00007ff941987000 	C:\WINDOWS\SYSTEM32\WINHTTP.dll
0x00007ff94c220000 - 0x00007ff94c289000 	C:\WINDOWS\system32\mswsock.dll
0x00007ff904000000 - 0x00007ff904016000 	C:\Program Files\Android\Android Studio\jbr\bin\nio.dll
0x00007ff90a580000 - 0x00007ff90a590000 	C:\Program Files\Android\Android Studio\jbr\bin\verify.dll

dbghelp: loaded successfully - version: 4.0.5 - missing functions: none
symbol engine: initialized successfully - sym options: 0x614 - pdb path: .;C:\Program Files\Android\Android Studio\jbr\bin;C:\WINDOWS\SYSTEM32;C:\WINDOWS\WinSxS\amd64_microsoft.windows.common-controls_6595b64144ccf1df_6.0.22621.2506_none_270c5ae97388e100;C:\Program Files\Android\Android Studio\jbr\bin\server

VM Arguments:
java_command: org.jetbrains.kotlin.cli.jvm.K2JVMCompiler @C:\Users\User\AndroidStudioProjects\RepairPal\customer\build\20231202_17531788868591157422.compiler.options
java_class_path (initial): C:\Users\User\.gradle\caches\modules-2\files-2.1\org.jetbrains.kotlin\kotlin-compiler-embeddable\1.8.10\b0757fd774344d54ce93f5ad6c30ba1c1731c8ff\kotlin-compiler-embeddable-1.8.10.jar;C:\Users\User\.gradle\caches\modules-2\files-2.1\org.jetbrains.kotlin\kotlin-stdlib\1.8.10\6d5560a229477df9406943d5feda5618e98eb64c\kotlin-stdlib-1.8.10.jar;C:\Users\User\.gradle\caches\modules-2\files-2.1\org.jetbrains.kotlin\kotlin-script-runtime\1.8.10\b13ea9c7e46d589139e56086a878763290e20bd5\kotlin-script-runtime-1.8.10.jar;C:\Users\User\.gradle\caches\modules-2\files-2.1\org.jetbrains.kotlin\kotlin-reflect\1.6.10\1cbe9c92c12a94eea200d23c2bbaedaf3daf5132\kotlin-reflect-1.6.10.jar;C:\Users\User\.gradle\caches\modules-2\files-2.1\org.jetbrains.kotlin\kotlin-daemon-embeddable\1.8.10\ad8541d9bc1cf9e52c3204161247910c2cf601d4\kotlin-daemon-embeddable-1.8.10.jar;C:\Users\User\.gradle\caches\modules-2\files-2.1\org.jetbrains.intellij.deps\trove4j\1.0.20200330\3afb14d5f9ceb459d724e907a21145e8ff394f02\trove4j-1.0.20200330.jar;C:\Users\User\.gradle\caches\modules-2\files-2.1\net.java.dev.jna\jna\5.6.0\330f2244e9030119ab3030fc3fededc86713d9cc\jna-5.6.0.jar;C:\Users\User\.gradle\caches\modules-2\files-2.1\org.jetbrains.kotlin\kotlin-stdlib-common\1.8.10\a61b182458550492c12aee66157d7b524a63a5ec\kotlin-stdlib-common-1.8.10.jar;C:\Users\User\.gradle\caches\modules-2\files-2.1\org.jetbrains\annotations\13.0\919f0dfe192fb4e063e7dacadee7f8bb9a2672a9\annotations-13.0.jar
Launcher Type: SUN_STANDARD

[Global flags]
     intx CICompilerCount                          = 4                                         {product} {ergonomic}
     uint ConcGCThreads                            = 2                                         {product} {ergonomic}
     uint G1ConcRefinementThreads                  = 8                                         {product} {ergonomic}
   size_t G1HeapRegionSize                         = 1048576                                   {product} {ergonomic}
    uintx GCDrainStackTargetSize                   = 64                                        {product} {ergonomic}
   size_t InitialHeapSize                          = 132120576                                 {product} {ergonomic}
   size_t MarkStackSize                            = 4194304                                   {product} {ergonomic}
   size_t MaxHeapSize                              = 2095054848                                {product} {ergonomic}
   size_t MaxNewSize                               = 1256194048                                {product} {ergonomic}
   size_t MinHeapDeltaBytes                        = 1048576                                   {product} {ergonomic}
   size_t MinHeapSize                              = 8388608                                   {product} {ergonomic}
    uintx NonNMethodCodeHeapSize                   = 5839372                                {pd product} {ergonomic}
    uintx NonProfiledCodeHeapSize                  = 122909434                              {pd product} {ergonomic}
    uintx ProfiledCodeHeapSize                     = 122909434                              {pd product} {ergonomic}
    uintx ReservedCodeCacheSize                    = 251658240                              {pd product} {ergonomic}
     bool SegmentedCodeCache                       = true                                      {product} {ergonomic}
   size_t SoftMaxHeapSize                          = 2095054848                             {manageable} {ergonomic}
     bool UseCompressedClassPointers               = true                           {product lp64_product} {ergonomic}
     bool UseCompressedOops                        = true                           {product lp64_product} {ergonomic}
     bool UseG1GC                                  = true                                      {product} {ergonomic}
     bool UseLargePagesIndividualAllocation        = false                                  {pd product} {ergonomic}

Logging:
Log output configuration:
 #0: stdout all=warning uptime,level,tags
 #1: stderr all=off uptime,level,tags

Environment Variables:
JAVA_HOME=C:\Program Files\Java\jdk-20.0.1
PATH=C:\Program Files (x86)\Common Files\Oracle\Java\javapath;C:\Python311\Scripts\;C:\Python311\;C:\Program Files (x86)\Falcon\MinGW\bin;C:\WINDOWS\system32;C:\WINDOWS;C:\WINDOWS\System32\Wbem;C:\WINDOWS\System32\WindowsPowerShell\v1.0\;C:\WINDOWS\System32\OpenSSH\;C:\Program Files\Microsoft SQL Server\130\Tools\Binn\;C:\sqlite3;C:\Program Files (x86)\Microsoft SQL Server\150\DTS\Binn\;C:\Program Files\Azure Data Studio\bin;C:\Program Files\Microsoft SQL Server\Client SDK\ODBC\170\Tools\Binn\;C:\Program Files (x86)\Microsoft SQL Server\150\Tools\Binn\;C:\Program Files\Microsoft SQL Server\150\Tools\Binn\;C:\Program Files\Microsoft SQL Server\150\DTS\Binn\;C:\xampp\php;C:\ProgramData\ComposerSetup\bin;C:\Program Files\dotnet\;C:\Users\User\AppData\Local\Android\Sdk\cmdline-tools\bin;C:\Program Files\Java\;C:\Program Files\Git\cmd;C:\Program Files\nodejs\;C:\ProgramData\chocolatey\bin;C:\Program Files (x86)\GTK2-Runtime\lib;C:\Program Files (x86)\Common Files\Oracle\Java\javapath;C:\Python311\Scripts\;C:\Python311\;C:\Program Files (x86)\Falcon\MinGW\bin;C:\WINDOWS\system32;C:\WINDOWS;C:\WINDOWS\System32\Wbem;C:\WINDOWS\System32\WindowsPowerShell\v1.0\;C:\WINDOWS\System32\OpenSSH\;C:\Program Files\Microsoft SQL Server\130\Tools\Binn\;C:\sqlite3;C:\Program Files (x86)\Microsoft SQL Server\150\DTS\Binn\;C:\Program Files\Azure Data Studio\bin;C:\Program Files\Microsoft SQL Server\Client SDK\ODBC\170\Tools\Binn\;C:\Program Files (x86)\Microsoft SQL Server\150\Tools\Binn\;C:\Program Files\Microsoft SQL Server\150\Tools\Binn\;C:\Program Files\Microsoft SQL Server\150\DTS\Binn\;C:\xampp\php;C:\ProgramData\ComposerSetup\bin;C:\Program Files\dotnet\;C:\Users\User\AppData\Local\Android\Sdk\cmdline-tools\bin;C:\Program Files\Java\;C:\Program Files\Git\cmd;C:\Program Files\nodejs\;C:\ProgramData\chocolatey\bin;C:\Program Files (x86)\GTK2-Runtime\lib;C:\Program Files\nodejs\node_modules\npm\bin;C:\Program Files\MySQL\MySQL Shell 8.0\bin\;C:\Users\User\AppData\Local\Microsoft\Windows
USERNAME=User
OS=Windows_NT
PROCESSOR_IDENTIFIER=Intel64 Family 6 Model 140 Stepping 1, GenuineIntel
TMP=C:\Users\User\AppData\Local\Temp
TEMP=C:\Users\User\AppData\Local\Temp


JNI global refs:
JNI global refs: 13, weak refs: 26

JNI global refs memory usage: 843, weak refs: 841


---------------  S Y S T E M  ---------------

OS:
 Windows 11 , 64 bit Build 22621 (10.0.22621.2506)
OS uptime: 0 days 0:55 hours

CPU: total 8 (initial active 8) (4 cores per cpu, 2 threads per core) family 6 model 140 stepping 1 microcode 0x78, cx8, cmov, fxsr, ht, mmx, 3dnowpref, sse, sse2, sse3, ssse3, sse4.1, sse4.2, popcnt, lzcnt, tsc, tscinvbit, avx, avx2, aes, erms, clmul, bmi1, bmi2, adx, avx512f, avx512dq, avx512cd, avx512bw, avx512vl, sha, fma, vzeroupper, avx512_vpopcntdq, avx512_vpclmulqdq, avx512_vaes, avx512_vnni, clflush, clflushopt, clwb, avx512_vbmi2, avx512_vbmi

Memory: 4k page, system-wide physical 7991M (495M free)
TotalPageFile size 10039M (AvailPageFile size 160M)
current process WorkingSet (physical memory assigned to process): 463M, peak: 463M
current process commit charge ("private bytes"): 499M, peak: 715M

vm_info: OpenJDK 64-Bit Server VM (17.0.6+0-b2043.56-10027231) for windows-amd64 JRE (17.0.6+0-b2043.56-10027231), built on Apr 28 2023 00:43:19 by "androidbuild" with MS VC++ 16.10 / 16.11 (VS2019)

END.
