#
# There is insufficient memory for the Java Runtime Environment to continue.
# Native memory allocation (mmap) failed to map 374341632 bytes for G1 virtual space
# Possible reasons:
#   The system is out of physical RAM or swap space
#   The process is running with CompressedOops enabled, and the Java Heap may be blocking the growth of the native heap
# Possible solutions:
#   Reduce memory load on the system
#   Increase physical memory or swap space
#   Check if swap backing store is full
#   Decrease Java heap size (-Xmx/-Xms)
#   Decrease number of Java threads
#   Decrease Java thread stack sizes (-Xss)
#   Set larger code cache with -XX:ReservedCodeCacheSize=
#   JVM is running with Unscaled Compressed Oops mode in which the Java heap is
#     placed in the first 4GB address space. The Java Heap base address is the
#     maximum limit for the native heap growth. Please use -XX:HeapBaseMinAddress
#     to set the Java Heap base and to place the Java Heap above 4GB virtual address.
# This output file may be truncated or incomplete.
#
#  Out of Memory Error (os_windows.cpp:3769), pid=6356, tid=6568
#
# JRE version: OpenJDK Runtime Environment (17.0.6) (build 17.0.6+0-b2043.56-10027231)
# Java VM: OpenJDK 64-Bit Server VM (17.0.6+0-b2043.56-10027231, mixed mode, tiered, compressed oops, compressed class ptrs, g1 gc, windows-amd64)
# No core dump will be written. Minidumps are not enabled by default on client versions of Windows
#

---------------  S U M M A R Y ------------

Command Line: --add-opens=java.base/java.util=ALL-UNNAMED --add-opens=java.base/java.lang=ALL-UNNAMED --add-opens=java.base/java.lang.invoke=ALL-UNNAMED --add-opens=java.prefs/java.util.prefs=ALL-UNNAMED --add-opens=java.base/java.nio.charset=ALL-UNNAMED --add-opens=java.base/java.net=ALL-UNNAMED --add-opens=java.base/java.util.concurrent.atomic=ALL-UNNAMED -Xmx2048m -Dfile.encoding=UTF-8 -Duser.country=US -Duser.language=en -Duser.variant org.gradle.launcher.daemon.bootstrap.GradleDaemon 8.0

Host: 11th Gen Intel(R) Core(TM) i5-1135G7 @ 2.40GHz, 8 cores, 7G,  Windows 11 , 64 bit Build 22621 (10.0.22621.2506)
Time: Mon Nov 27 13:04:31 2023 E. Africa Standard Time elapsed time: 8.338665 seconds (0d 0h 0m 8s)

---------------  T H R E A D  ---------------

Current thread (0x0000021dc37e0460):  VMThread "VM Thread" [stack: 0x0000002ee6700000,0x0000002ee6800000] [id=6568]

Stack: [0x0000002ee6700000,0x0000002ee6800000]
Native frames: (J=compiled Java code, j=interpreted, Vv=VM code, C=native code)
V  [jvm.dll+0x683c9a]
V  [jvm.dll+0x8427a4]
V  [jvm.dll+0x843f9e]
V  [jvm.dll+0x844603]
V  [jvm.dll+0x249b75]
V  [jvm.dll+0x680b69]
V  [jvm.dll+0x67505a]
V  [jvm.dll+0x309acb]
V  [jvm.dll+0x310f86]
V  [jvm.dll+0x3608ee]
V  [jvm.dll+0x360b1f]
V  [jvm.dll+0x2dfbf8]
V  [jvm.dll+0x2ddec4]
V  [jvm.dll+0x2dd4cc]
V  [jvm.dll+0x321f3b]
V  [jvm.dll+0x848ccb]
V  [jvm.dll+0x849a04]
V  [jvm.dll+0x849f1d]
V  [jvm.dll+0x84a2f4]
V  [jvm.dll+0x84a3c0]
V  [jvm.dll+0x7f274a]
V  [jvm.dll+0x682ad5]
C  [ucrtbase.dll+0x29363]
C  [KERNEL32.DLL+0x1257d]
C  [ntdll.dll+0x5aa58]

VM_Operation (0x0000002ee80f3dd0): G1CollectForAllocation, mode: safepoint, requested by thread 0x0000021dc6e474d0


---------------  P R O C E S S  ---------------

Threads class SMR info:
_java_thread_list=0x0000021dc7fe7520, length=126, elements={
0x0000021da998c6f0, 0x0000021dc4012010, 0x0000021dc4016bd0, 0x0000021dc37f5bb0,
0x0000021dc37f6760, 0x0000021dc4037420, 0x0000021dc4037ce0, 0x0000021dc40389c0,
0x0000021dc40413c0, 0x0000021dc4041db0, 0x0000021dc41b0720, 0x0000021dc41b0bf0,
0x0000021dc429dff0, 0x0000021dc74f4c60, 0x0000021dc7af6760, 0x0000021dc6a7cf80,
0x0000021dc5c45840, 0x0000021dc58ca430, 0x0000021dc698c290, 0x0000021dc6e474d0,
0x0000021dc5838120, 0x0000021dc583a2d0, 0x0000021dc583b140, 0x0000021dc583ac70,
0x0000021dc583bae0, 0x0000021dc5838ac0, 0x0000021dc5838f90, 0x0000021dc58385f0,
0x0000021dc5839e00, 0x0000021dc5839460, 0x0000021dc583b610, 0x0000021dc583a7a0,
0x0000021dc5839930, 0x0000021dc9800f40, 0x0000021dc98030f0, 0x0000021dc9803f60,
0x0000021dc9801410, 0x0000021dc9801db0, 0x0000021dc9804430, 0x0000021dc9805770,
0x0000021dc9802280, 0x0000021dc9802c20, 0x0000021dc9802750, 0x0000021dc9806ab0,
0x0000021dc9806f80, 0x0000021dc98005a0, 0x0000021dc98035c0, 0x0000021dc9803a90,
0x0000021dc9800a70, 0x0000021dc98018e0, 0x0000021dc9cffce0, 0x0000021dc9cfe000,
0x0000021dc9d019c0, 0x0000021dc9cfc320, 0x0000021dc9cfb4b0, 0x0000021dc9cfc7f0,
0x0000021dc9cfab10, 0x0000021dc9d014f0, 0x0000021dc9cfe4d0, 0x0000021dc9cfd190,
0x0000021dc9cfafe0, 0x0000021dc9cfd660, 0x0000021dc9cfb980, 0x0000021dc9cfe9a0,
0x0000021dc9cfccc0, 0x0000021dc9d01e90, 0x0000021dc9cfa640, 0x0000021dc9cfdb30,
0x0000021dc9cff340, 0x0000021dc9cfee70, 0x0000021dc9d00680, 0x0000021dc9d00b50,
0x0000021dc9cfbe50, 0x0000021dc9cff810, 0x0000021dc9d001b0, 0x0000021dc9d01020,
0x0000021dcafea510, 0x0000021dcafeaeb0, 0x0000021dcafebd20, 0x0000021dcaff0a20,
0x0000021dcaff0ef0, 0x0000021dcafe9b70, 0x0000021dcafeb850, 0x0000021dcaff13c0,
0x0000021dcafeed40, 0x0000021dcaff0080, 0x0000021dcafea040, 0x0000021dcafeda00,
0x0000021dcafea9e0, 0x0000021dcafef6e0, 0x0000021dcafec6c0, 0x0000021dcafed060,
0x0000021dcafeb380, 0x0000021dcafee3a0, 0x0000021dcafeded0, 0x0000021dcafec1f0,
0x0000021dcafecb90, 0x0000021dcafef210, 0x0000021dcafed530, 0x0000021dcafee870,
0x0000021dcafefbb0, 0x0000021dcaff0550, 0x0000021dc86aed60, 0x0000021dc86ac210,
0x0000021dc86b0f10, 0x0000021dc86adef0, 0x0000021dc86aa060, 0x0000021dc86ad080,
0x0000021dc86aaed0, 0x0000021dc86afbd0, 0x0000021dc86ad550, 0x0000021dc86acbb0,
0x0000021dc86aaa00, 0x0000021dc86b18b0, 0x0000021dc86aa530, 0x0000021dc86ac6e0,
0x0000021dc86abd40, 0x0000021dc86b00a0, 0x0000021dc86ab3a0, 0x0000021dc86b0570,
0x0000021dc86ada20, 0x0000021dc86ae3c0, 0x0000021dc86b0a40, 0x0000021dc86ae890,
0x0000021dc86ab870, 0x0000021dc86b13e0
}

Java Threads: ( => current thread )
  0x0000021da998c6f0 JavaThread "main" [_thread_blocked, id=4968, stack(0x0000002ee6100000,0x0000002ee6200000)]
  0x0000021dc4012010 JavaThread "Reference Handler" daemon [_thread_blocked, id=6008, stack(0x0000002ee6800000,0x0000002ee6900000)]
  0x0000021dc4016bd0 JavaThread "Finalizer" daemon [_thread_blocked, id=15476, stack(0x0000002ee6900000,0x0000002ee6a00000)]
  0x0000021dc37f5bb0 JavaThread "Signal Dispatcher" daemon [_thread_blocked, id=10772, stack(0x0000002ee6a00000,0x0000002ee6b00000)]
  0x0000021dc37f6760 JavaThread "Attach Listener" daemon [_thread_blocked, id=16288, stack(0x0000002ee6b00000,0x0000002ee6c00000)]
  0x0000021dc4037420 JavaThread "Service Thread" daemon [_thread_blocked, id=2736, stack(0x0000002ee6c00000,0x0000002ee6d00000)]
  0x0000021dc4037ce0 JavaThread "Monitor Deflation Thread" daemon [_thread_blocked, id=11984, stack(0x0000002ee6d00000,0x0000002ee6e00000)]
  0x0000021dc40389c0 JavaThread "C2 CompilerThread0" daemon [_thread_in_native, id=12600, stack(0x0000002ee6e00000,0x0000002ee6f00000)]
  0x0000021dc40413c0 JavaThread "C1 CompilerThread0" daemon [_thread_blocked, id=13988, stack(0x0000002ee6f00000,0x0000002ee7000000)]
  0x0000021dc4041db0 JavaThread "Sweeper thread" daemon [_thread_blocked, id=13572, stack(0x0000002ee7000000,0x0000002ee7100000)]
  0x0000021dc41b0720 JavaThread "Common-Cleaner" daemon [_thread_blocked, id=14808, stack(0x0000002ee7100000,0x0000002ee7200000)]
  0x0000021dc41b0bf0 JavaThread "Notification Thread" daemon [_thread_blocked, id=15640, stack(0x0000002ee7200000,0x0000002ee7300000)]
  0x0000021dc429dff0 JavaThread "C2 CompilerThread1" daemon [_thread_blocked, id=15636, stack(0x0000002ee7400000,0x0000002ee7500000)]
  0x0000021dc74f4c60 JavaThread "Daemon health stats" [_thread_blocked, id=1548, stack(0x0000002ee7a00000,0x0000002ee7b00000)]
  0x0000021dc7af6760 JavaThread "Incoming local TCP Connector on port 55384" [_thread_in_native, id=15500, stack(0x0000002ee7b00000,0x0000002ee7c00000)]
  0x0000021dc6a7cf80 JavaThread "Daemon periodic checks" [_thread_blocked, id=14332, stack(0x0000002ee7c00000,0x0000002ee7d00000)]
  0x0000021dc5c45840 JavaThread "Daemon" [_thread_blocked, id=11444, stack(0x0000002ee7d00000,0x0000002ee7e00000)]
  0x0000021dc58ca430 JavaThread "Handler for socket connection from /127.0.0.1:55384 to /127.0.0.1:55385" [_thread_in_native, id=12880, stack(0x0000002ee7e00000,0x0000002ee7f00000)]
  0x0000021dc698c290 JavaThread "Cancel handler" [_thread_blocked, id=12240, stack(0x0000002ee7f00000,0x0000002ee8000000)]
  0x0000021dc6e474d0 JavaThread "Daemon worker" [_thread_blocked, id=10076, stack(0x0000002ee8000000,0x0000002ee8100000)]
  0x0000021dc5838120 JavaThread "Asynchronous log dispatcher for DefaultDaemonConnection: socket connection from /127.0.0.1:55384 to /127.0.0.1:55385" [_thread_blocked, id=10564, stack(0x0000002ee8100000,0x0000002ee8200000)]
  0x0000021dc583a2d0 JavaThread "Stdin handler" [_thread_blocked, id=12316, stack(0x0000002ee8200000,0x0000002ee8300000)]
  0x0000021dc583b140 JavaThread "Daemon client event forwarder" [_thread_blocked, id=10344, stack(0x0000002ee8300000,0x0000002ee8400000)]
  0x0000021dc583ac70 JavaThread "Cache worker for journal cache (C:\Users\User\.gradle\caches\journal-1)" [_thread_blocked, id=11712, stack(0x0000002ee8800000,0x0000002ee8900000)]
  0x0000021dc583bae0 JavaThread "File lock request listener" [_thread_in_native, id=680, stack(0x0000002ee8900000,0x0000002ee8a00000)]
  0x0000021dc5838ac0 JavaThread "Cache worker for file hash cache (C:\Users\User\.gradle\caches\8.0\fileHashes)" [_thread_blocked, id=13460, stack(0x0000002ee8a00000,0x0000002ee8b00000)]
  0x0000021dc5838f90 JavaThread "File watcher server" daemon [_thread_in_native, id=12168, stack(0x0000002ee8b00000,0x0000002ee8c00000)]
  0x0000021dc58385f0 JavaThread "File watcher consumer" daemon [_thread_blocked, id=11412, stack(0x0000002ee8c00000,0x0000002ee8d00000)]
  0x0000021dc5839e00 JavaThread "jar transforms" [_thread_blocked, id=4024, stack(0x0000002ee8d00000,0x0000002ee8e00000)]
  0x0000021dc5839460 JavaThread "jar transforms Thread 2" [_thread_blocked, id=11268, stack(0x0000002ee8e00000,0x0000002ee8f00000)]
  0x0000021dc583b610 JavaThread "jar transforms Thread 3" [_thread_blocked, id=13984, stack(0x0000002ee8f00000,0x0000002ee9000000)]
  0x0000021dc583a7a0 JavaThread "jar transforms Thread 4" [_thread_blocked, id=15512, stack(0x0000002ee9000000,0x0000002ee9100000)]
  0x0000021dc5839930 JavaThread "jar transforms Thread 5" [_thread_blocked, id=6360, stack(0x0000002ee9100000,0x0000002ee9200000)]
  0x0000021dc9800f40 JavaThread "jar transforms Thread 6" [_thread_blocked, id=16108, stack(0x0000002ee9200000,0x0000002ee9300000)]
  0x0000021dc98030f0 JavaThread "jar transforms Thread 7" [_thread_blocked, id=1280, stack(0x0000002ee9300000,0x0000002ee9400000)]
  0x0000021dc9803f60 JavaThread "jar transforms Thread 8" [_thread_blocked, id=5036, stack(0x0000002ee9400000,0x0000002ee9500000)]
  0x0000021dc9801410 JavaThread "Cache worker for checksums cache (C:\Users\User\AndroidStudioProjects\RepairPal\.gradle\8.0\checksums)" [_thread_blocked, id=14772, stack(0x0000002ee9500000,0x0000002ee9600000)]
  0x0000021dc9801db0 JavaThread "Cache worker for cache directory md-rule (C:\Users\User\.gradle\caches\8.0\md-rule)" [_thread_blocked, id=2948, stack(0x0000002ee9600000,0x0000002ee9700000)]
  0x0000021dc9804430 JavaThread "Cache worker for file content cache (C:\Users\User\.gradle\caches\8.0\fileContent)" [_thread_blocked, id=14184, stack(0x0000002ee9700000,0x0000002ee9800000)]
  0x0000021dc9805770 JavaThread "Cache worker for file hash cache (C:\Users\User\AndroidStudioProjects\RepairPal\.gradle\8.0\fileHashes)" [_thread_blocked, id=11016, stack(0x0000002ee9800000,0x0000002ee9900000)]
  0x0000021dc9802280 JavaThread "Cache worker for cache directory md-supplier (C:\Users\User\.gradle\caches\8.0\md-supplier)" [_thread_blocked, id=3096, stack(0x0000002ee9900000,0x0000002ee9a00000)]
  0x0000021dc9802c20 JavaThread "Cache worker for execution history cache (C:\Users\User\.gradle\caches\8.0\executionHistory)" [_thread_blocked, id=13208, stack(0x0000002ee9a00000,0x0000002ee9b00000)]
  0x0000021dc9802750 JavaThread "Cache worker for kotlin-dsl (C:\Users\User\.gradle\caches\8.0\kotlin-dsl)" [_thread_blocked, id=10072, stack(0x0000002ee9b00000,0x0000002ee9c00000)]
  0x0000021dc9806ab0 JavaThread "Cache worker for dependencies-accessors (C:\Users\User\AndroidStudioProjects\RepairPal\.gradle\8.0\dependencies-accessors)" [_thread_blocked, id=16156, stack(0x0000002ee9c00000,0x0000002ee9d00000)]
  0x0000021dc9806f80 JavaThread "Cache worker for Build Output Cleanup Cache (C:\Users\User\AndroidStudioProjects\RepairPal\.gradle\buildOutputCleanup)" [_thread_blocked, id=10252, stack(0x0000002ee9d00000,0x0000002ee9e00000)]
  0x0000021dc98005a0 JavaThread "Unconstrained build operations" [_thread_blocked, id=10648, stack(0x0000002ee9e00000,0x0000002ee9f00000)]
  0x0000021dc98035c0 JavaThread "Unconstrained build operations Thread 2" [_thread_blocked, id=14868, stack(0x0000002ee9f00000,0x0000002eea000000)]
  0x0000021dc9803a90 JavaThread "Unconstrained build operations Thread 3" [_thread_blocked, id=11176, stack(0x0000002eea000000,0x0000002eea100000)]
  0x0000021dc9800a70 JavaThread "Unconstrained build operations Thread 4" [_thread_blocked, id=8660, stack(0x0000002eea100000,0x0000002eea200000)]
  0x0000021dc98018e0 JavaThread "Unconstrained build operations Thread 5" [_thread_blocked, id=12488, stack(0x0000002eea200000,0x0000002eea300000)]
  0x0000021dc9cffce0 JavaThread "Unconstrained build operations Thread 6" [_thread_blocked, id=13764, stack(0x0000002eea300000,0x0000002eea400000)]
  0x0000021dc9cfe000 JavaThread "Unconstrained build operations Thread 7" [_thread_blocked, id=9936, stack(0x0000002eea400000,0x0000002eea500000)]
  0x0000021dc9d019c0 JavaThread "Unconstrained build operations Thread 8" [_thread_blocked, id=9416, stack(0x0000002eea500000,0x0000002eea600000)]
  0x0000021dc9cfc320 JavaThread "Unconstrained build operations Thread 9" [_thread_blocked, id=16132, stack(0x0000002eea600000,0x0000002eea700000)]
  0x0000021dc9cfb4b0 JavaThread "Unconstrained build operations Thread 10" [_thread_blocked, id=12652, stack(0x0000002eea700000,0x0000002eea800000)]
  0x0000021dc9cfc7f0 JavaThread "Unconstrained build operations Thread 11" [_thread_blocked, id=14984, stack(0x0000002eea800000,0x0000002eea900000)]
  0x0000021dc9cfab10 JavaThread "Unconstrained build operations Thread 12" [_thread_blocked, id=13640, stack(0x0000002eea900000,0x0000002eeaa00000)]
  0x0000021dc9d014f0 JavaThread "Unconstrained build operations Thread 13" [_thread_blocked, id=11544, stack(0x0000002eeaa00000,0x0000002eeab00000)]
  0x0000021dc9cfe4d0 JavaThread "Unconstrained build operations Thread 14" [_thread_blocked, id=6512, stack(0x0000002eeab00000,0x0000002eeac00000)]
  0x0000021dc9cfd190 JavaThread "Unconstrained build operations Thread 15" [_thread_blocked, id=7576, stack(0x0000002eeac00000,0x0000002eead00000)]
  0x0000021dc9cfafe0 JavaThread "Unconstrained build operations Thread 16" [_thread_blocked, id=15416, stack(0x0000002eead00000,0x0000002eeae00000)]
  0x0000021dc9cfd660 JavaThread "Unconstrained build operations Thread 17" [_thread_blocked, id=11464, stack(0x0000002eeae00000,0x0000002eeaf00000)]
  0x0000021dc9cfb980 JavaThread "Unconstrained build operations Thread 18" [_thread_blocked, id=15792, stack(0x0000002eeaf00000,0x0000002eeb000000)]
  0x0000021dc9cfe9a0 JavaThread "Unconstrained build operations Thread 19" [_thread_blocked, id=9056, stack(0x0000002eeb000000,0x0000002eeb100000)]
  0x0000021dc9cfccc0 JavaThread "Unconstrained build operations Thread 20" [_thread_blocked, id=7944, stack(0x0000002eeb100000,0x0000002eeb200000)]
  0x0000021dc9d01e90 JavaThread "Unconstrained build operations Thread 21" [_thread_blocked, id=4160, stack(0x0000002eeb200000,0x0000002eeb300000)]
  0x0000021dc9cfa640 JavaThread "Unconstrained build operations Thread 22" [_thread_blocked, id=2308, stack(0x0000002eeb300000,0x0000002eeb400000)]
  0x0000021dc9cfdb30 JavaThread "Unconstrained build operations Thread 23" [_thread_blocked, id=11284, stack(0x0000002eeb400000,0x0000002eeb500000)]
  0x0000021dc9cff340 JavaThread "Unconstrained build operations Thread 24" [_thread_blocked, id=5012, stack(0x0000002eeb500000,0x0000002eeb600000)]
  0x0000021dc9cfee70 JavaThread "Unconstrained build operations Thread 25" [_thread_blocked, id=5388, stack(0x0000002eeb600000,0x0000002eeb700000)]
  0x0000021dc9d00680 JavaThread "Unconstrained build operations Thread 26" [_thread_blocked, id=15956, stack(0x0000002eeb700000,0x0000002eeb800000)]
  0x0000021dc9d00b50 JavaThread "Unconstrained build operations Thread 27" [_thread_blocked, id=11516, stack(0x0000002eeb800000,0x0000002eeb900000)]
  0x0000021dc9cfbe50 JavaThread "Unconstrained build operations Thread 28" [_thread_blocked, id=3480, stack(0x0000002eeb900000,0x0000002eeba00000)]
  0x0000021dc9cff810 JavaThread "Unconstrained build operations Thread 29" [_thread_blocked, id=6480, stack(0x0000002eeba00000,0x0000002eebb00000)]
  0x0000021dc9d001b0 JavaThread "Unconstrained build operations Thread 30" [_thread_blocked, id=14168, stack(0x0000002eebb00000,0x0000002eebc00000)]
  0x0000021dc9d01020 JavaThread "Unconstrained build operations Thread 31" [_thread_blocked, id=11052, stack(0x0000002eebc00000,0x0000002eebd00000)]
  0x0000021dcafea510 JavaThread "Unconstrained build operations Thread 32" [_thread_blocked, id=14852, stack(0x0000002eebd00000,0x0000002eebe00000)]
  0x0000021dcafeaeb0 JavaThread "Unconstrained build operations Thread 33" [_thread_blocked, id=13956, stack(0x0000002eebe00000,0x0000002eebf00000)]
  0x0000021dcafebd20 JavaThread "Unconstrained build operations Thread 34" [_thread_blocked, id=13704, stack(0x0000002eebf00000,0x0000002eec000000)]
  0x0000021dcaff0a20 JavaThread "Unconstrained build operations Thread 35" [_thread_blocked, id=2544, stack(0x0000002eec000000,0x0000002eec100000)]
  0x0000021dcaff0ef0 JavaThread "Unconstrained build operations Thread 36" [_thread_blocked, id=2908, stack(0x0000002eec100000,0x0000002eec200000)]
  0x0000021dcafe9b70 JavaThread "Unconstrained build operations Thread 37" [_thread_blocked, id=14400, stack(0x0000002eec200000,0x0000002eec300000)]
  0x0000021dcafeb850 JavaThread "Unconstrained build operations Thread 38" [_thread_blocked, id=13432, stack(0x0000002eec300000,0x0000002eec400000)]
  0x0000021dcaff13c0 JavaThread "Unconstrained build operations Thread 39" [_thread_blocked, id=8732, stack(0x0000002eec400000,0x0000002eec500000)]
  0x0000021dcafeed40 JavaThread "Unconstrained build operations Thread 40" [_thread_blocked, id=15348, stack(0x0000002eec500000,0x0000002eec600000)]
  0x0000021dcaff0080 JavaThread "Unconstrained build operations Thread 41" [_thread_blocked, id=15396, stack(0x0000002eec600000,0x0000002eec700000)]
  0x0000021dcafea040 JavaThread "Unconstrained build operations Thread 42" [_thread_blocked, id=13708, stack(0x0000002eec700000,0x0000002eec800000)]
  0x0000021dcafeda00 JavaThread "Unconstrained build operations Thread 43" [_thread_blocked, id=12916, stack(0x0000002eec800000,0x0000002eec900000)]
  0x0000021dcafea9e0 JavaThread "Unconstrained build operations Thread 44" [_thread_blocked, id=15860, stack(0x0000002eec900000,0x0000002eeca00000)]
  0x0000021dcafef6e0 JavaThread "Unconstrained build operations Thread 45" [_thread_blocked, id=11964, stack(0x0000002eeca00000,0x0000002eecb00000)]
  0x0000021dcafec6c0 JavaThread "Unconstrained build operations Thread 46" [_thread_blocked, id=276, stack(0x0000002eecb00000,0x0000002eecc00000)]
  0x0000021dcafed060 JavaThread "Unconstrained build operations Thread 47" [_thread_blocked, id=7600, stack(0x0000002eecc00000,0x0000002eecd00000)]
  0x0000021dcafeb380 JavaThread "Unconstrained build operations Thread 48" [_thread_blocked, id=14236, stack(0x0000002eecd00000,0x0000002eece00000)]
  0x0000021dcafee3a0 JavaThread "Unconstrained build operations Thread 49" [_thread_blocked, id=1584, stack(0x0000002eece00000,0x0000002eecf00000)]
  0x0000021dcafeded0 JavaThread "Unconstrained build operations Thread 50" [_thread_blocked, id=13644, stack(0x0000002eecf00000,0x0000002eed000000)]
  0x0000021dcafec1f0 JavaThread "Unconstrained build operations Thread 51" [_thread_blocked, id=14836, stack(0x0000002eed000000,0x0000002eed100000)]
  0x0000021dcafecb90 JavaThread "Unconstrained build operations Thread 52" [_thread_blocked, id=14716, stack(0x0000002eed100000,0x0000002eed200000)]
  0x0000021dcafef210 JavaThread "Unconstrained build operations Thread 53" [_thread_blocked, id=15648, stack(0x0000002eed200000,0x0000002eed300000)]
  0x0000021dcafed530 JavaThread "Unconstrained build operations Thread 54" [_thread_blocked, id=8332, stack(0x0000002eed300000,0x0000002eed400000)]
  0x0000021dcafee870 JavaThread "Unconstrained build operations Thread 55" [_thread_blocked, id=14520, stack(0x0000002eed400000,0x0000002eed500000)]
  0x0000021dcafefbb0 JavaThread "Unconstrained build operations Thread 56" [_thread_blocked, id=13676, stack(0x0000002eed500000,0x0000002eed600000)]
  0x0000021dcaff0550 JavaThread "Unconstrained build operations Thread 57" [_thread_blocked, id=12044, stack(0x0000002eed600000,0x0000002eed700000)]
  0x0000021dc86aed60 JavaThread "Unconstrained build operations Thread 58" [_thread_blocked, id=13824, stack(0x0000002eed700000,0x0000002eed800000)]
  0x0000021dc86ac210 JavaThread "Unconstrained build operations Thread 59" [_thread_blocked, id=16112, stack(0x0000002eed800000,0x0000002eed900000)]
  0x0000021dc86b0f10 JavaThread "Unconstrained build operations Thread 60" [_thread_blocked, id=12356, stack(0x0000002eed900000,0x0000002eeda00000)]
  0x0000021dc86adef0 JavaThread "Unconstrained build operations Thread 61" [_thread_blocked, id=2484, stack(0x0000002eeda00000,0x0000002eedb00000)]
  0x0000021dc86aa060 JavaThread "Unconstrained build operations Thread 62" [_thread_blocked, id=8112, stack(0x0000002eedb00000,0x0000002eedc00000)]
  0x0000021dc86ad080 JavaThread "Unconstrained build operations Thread 63" [_thread_blocked, id=6744, stack(0x0000002eedc00000,0x0000002eedd00000)]
  0x0000021dc86aaed0 JavaThread "Unconstrained build operations Thread 64" [_thread_blocked, id=9124, stack(0x0000002eedd00000,0x0000002eede00000)]
  0x0000021dc86afbd0 JavaThread "Unconstrained build operations Thread 65" [_thread_blocked, id=12688, stack(0x0000002eede00000,0x0000002eedf00000)]
  0x0000021dc86ad550 JavaThread "Unconstrained build operations Thread 66" [_thread_blocked, id=6824, stack(0x0000002eedf00000,0x0000002eee000000)]
  0x0000021dc86acbb0 JavaThread "Unconstrained build operations Thread 67" [_thread_blocked, id=3776, stack(0x0000002eee000000,0x0000002eee100000)]
  0x0000021dc86aaa00 JavaThread "Unconstrained build operations Thread 68" [_thread_blocked, id=12264, stack(0x0000002eee100000,0x0000002eee200000)]
  0x0000021dc86b18b0 JavaThread "Unconstrained build operations Thread 69" [_thread_blocked, id=11184, stack(0x0000002eee200000,0x0000002eee300000)]
  0x0000021dc86aa530 JavaThread "Unconstrained build operations Thread 70" [_thread_blocked, id=6544, stack(0x0000002eee300000,0x0000002eee400000)]
  0x0000021dc86ac6e0 JavaThread "Unconstrained build operations Thread 71" [_thread_blocked, id=1852, stack(0x0000002eee400000,0x0000002eee500000)]
  0x0000021dc86abd40 JavaThread "Unconstrained build operations Thread 72" [_thread_blocked, id=11656, stack(0x0000002eee500000,0x0000002eee600000)]
  0x0000021dc86b00a0 JavaThread "Unconstrained build operations Thread 73" [_thread_blocked, id=9988, stack(0x0000002eee600000,0x0000002eee700000)]
  0x0000021dc86ab3a0 JavaThread "Unconstrained build operations Thread 74" [_thread_blocked, id=5676, stack(0x0000002eee700000,0x0000002eee800000)]
  0x0000021dc86b0570 JavaThread "Unconstrained build operations Thread 75" [_thread_blocked, id=10260, stack(0x0000002eee800000,0x0000002eee900000)]
  0x0000021dc86ada20 JavaThread "Unconstrained build operations Thread 76" [_thread_blocked, id=15808, stack(0x0000002eee900000,0x0000002eeea00000)]
  0x0000021dc86ae3c0 JavaThread "Unconstrained build operations Thread 77" [_thread_blocked, id=2056, stack(0x0000002eeea00000,0x0000002eeeb00000)]
  0x0000021dc86b0a40 JavaThread "Unconstrained build operations Thread 78" [_thread_blocked, id=16188, stack(0x0000002eeeb00000,0x0000002eeec00000)]
  0x0000021dc86ae890 JavaThread "Unconstrained build operations Thread 79" [_thread_blocked, id=10028, stack(0x0000002eeec00000,0x0000002eeed00000)]
  0x0000021dc86ab870 JavaThread "Unconstrained build operations Thread 80" [_thread_blocked, id=8256, stack(0x0000002eeed00000,0x0000002eeee00000)]
  0x0000021dc86b13e0 JavaThread "Memory manager" [_thread_blocked, id=13376, stack(0x0000002eeee00000,0x0000002eeef00000)]

Other Threads:
=>0x0000021dc37e0460 VMThread "VM Thread" [stack: 0x0000002ee6700000,0x0000002ee6800000] [id=6568]
  0x0000021dc41b10c0 WatcherThread [stack: 0x0000002ee7300000,0x0000002ee7400000] [id=11188]
  0x0000021da99ea310 GCTaskThread "GC Thread#0" [stack: 0x0000002ee6200000,0x0000002ee6300000] [id=11660]
  0x0000021dc52acdb0 GCTaskThread "GC Thread#1" [stack: 0x0000002ee7600000,0x0000002ee7700000] [id=11316]
  0x0000021dc5053bf0 GCTaskThread "GC Thread#2" [stack: 0x0000002ee7700000,0x0000002ee7800000] [id=13776]
  0x0000021dc504ad90 GCTaskThread "GC Thread#3" [stack: 0x0000002ee7800000,0x0000002ee7900000] [id=15116]
  0x0000021dc53f0070 GCTaskThread "GC Thread#4" [stack: 0x0000002ee7900000,0x0000002ee7a00000] [id=3820]
  0x0000021dc7518160 GCTaskThread "GC Thread#5" [stack: 0x0000002ee8400000,0x0000002ee8500000] [id=2888]
  0x0000021dc7b4b870 GCTaskThread "GC Thread#6" [stack: 0x0000002ee8500000,0x0000002ee8600000] [id=4636]
  0x0000021dc51064c0 GCTaskThread "GC Thread#7" [stack: 0x0000002ee8600000,0x0000002ee8700000] [id=15684]
  0x0000021da99fb250 ConcurrentGCThread "G1 Main Marker" [stack: 0x0000002ee6300000,0x0000002ee6400000] [id=11296]
  0x0000021da99fbc60 ConcurrentGCThread "G1 Conc#0" [stack: 0x0000002ee6400000,0x0000002ee6500000] [id=13284]
  0x0000021dc6b1fca0 ConcurrentGCThread "G1 Conc#1" [stack: 0x0000002ee8700000,0x0000002ee8800000] [id=11668]
  0x0000021da9a4e3a0 ConcurrentGCThread "G1 Refine#0" [stack: 0x0000002ee6500000,0x0000002ee6600000] [id=14148]
  0x0000021dce46a0d0 ConcurrentGCThread "G1 Refine#1" [stack: 0x0000002ee7500000,0x0000002ee7600000] [id=5392]
  0x0000021dce46a3b0 ConcurrentGCThread "G1 Refine#2" [stack: 0x0000002eeef00000,0x0000002eef000000] [id=14752]
  0x0000021dcd9515d0 ConcurrentGCThread "G1 Refine#3" [stack: 0x0000002eef000000,0x0000002eef100000] [id=3128]
  0x0000021dcd952430 ConcurrentGCThread "G1 Refine#4" [stack: 0x0000002eef100000,0x0000002eef200000] [id=8500]
  0x0000021dcd952150 ConcurrentGCThread "G1 Refine#5" [stack: 0x0000002eef200000,0x0000002eef300000] [id=14028]
  0x0000021dc363a100 ConcurrentGCThread "G1 Service" [stack: 0x0000002ee6600000,0x0000002ee6700000] [id=888]

Threads with active compile tasks:
C2 CompilerThread0     8350 9584   !   4       java.util.jar.Attributes::read (494 bytes)
C1 CompilerThread0     8350 9703       3       org.jetbrains.kotlin.metadata.jvm.deserialization.ModuleMapping$Companion::loadModuleMapping (1036 bytes)
C2 CompilerThread1     8350 9708       4       java.util.ArrayList::set (24 bytes)

VM state: at safepoint (normal execution)

VM Mutex/Monitor currently owned by a thread:  ([mutex/lock_event])
[0x0000021da777b640] Threads_lock - owner thread: 0x0000021dc37e0460
[0x0000021da777a0e0] Heap_lock - owner thread: 0x0000021dc6e474d0

Heap address: 0x0000000080000000, size: 2048 MB, Compressed Oops mode: 32-bit

CDS archive(s) not mapped
Compressed class space mapped at: 0x0000000100000000-0x0000000140000000, reserved size: 1073741824
Narrow klass base: 0x0000000000000000, Narrow klass shift: 3, Narrow klass range: 0x140000000

GC Precious Log:
 CPUs: 8 total, 8 available
 Memory: 7991M
 Large Page Support: Disabled
 NUMA Support: Disabled
 Compressed Oops: Enabled (32-bit)
 Heap Region Size: 1M
 Heap Min Capacity: 8M
 Heap Initial Capacity: 126M
 Heap Max Capacity: 2G
 Pre-touch: Disabled
 Parallel Workers: 8
 Concurrent Workers: 2
 Concurrent Refinement Workers: 8
 Periodic GC: Disabled

Heap:
 garbage-first heap   total 252928K, used 157236K [0x0000000080000000, 0x0000000100000000)
  region size 1024K, 2 young (2048K), 2 survivors (2048K)
 Metaspace       used 105229K, committed 106048K, reserved 1146880K
  class space    used 14520K, committed 14912K, reserved 1048576K

Heap Regions: E=young(eden), S=young(survivor), O=old, HS=humongous(starts), HC=humongous(continues), CS=collection set, F=free, OA=open archive, CA=closed archive, TAMS=top-at-mark-start (previous, next)
|   0|0x0000000080000000, 0x0000000080100000, 0x0000000080100000|100%|HS|  |TAMS 0x0000000080100000, 0x0000000080000000| Complete 
|   1|0x0000000080100000, 0x0000000080200000, 0x0000000080200000|100%|HC|  |TAMS 0x0000000080200000, 0x0000000080100000| Complete 
|   2|0x0000000080200000, 0x0000000080300000, 0x0000000080300000|100%|HC|  |TAMS 0x0000000080300000, 0x0000000080200000| Complete 
|   3|0x0000000080300000, 0x0000000080400000, 0x0000000080400000|100%|HC|  |TAMS 0x0000000080400000, 0x0000000080300000| Complete 
|   4|0x0000000080400000, 0x0000000080500000, 0x0000000080500000|100%| O|  |TAMS 0x0000000080500000, 0x0000000080400000| Untracked 
|   5|0x0000000080500000, 0x0000000080600000, 0x0000000080600000|100%| O|  |TAMS 0x0000000080600000, 0x0000000080500000| Untracked 
|   6|0x0000000080600000, 0x0000000080700000, 0x0000000080700000|100%| O|  |TAMS 0x0000000080700000, 0x0000000080600000| Untracked 
|   7|0x0000000080700000, 0x0000000080800000, 0x0000000080800000|100%| O|  |TAMS 0x0000000080800000, 0x0000000080700000| Untracked 
|   8|0x0000000080800000, 0x0000000080900000, 0x0000000080900000|100%| O|  |TAMS 0x0000000080900000, 0x0000000080800000| Untracked 
|   9|0x0000000080900000, 0x0000000080a00000, 0x0000000080a00000|100%| O|  |TAMS 0x0000000080a00000, 0x0000000080900000| Untracked 
|  10|0x0000000080a00000, 0x0000000080b00000, 0x0000000080b00000|100%| O|  |TAMS 0x0000000080b00000, 0x0000000080a00000| Untracked 
|  11|0x0000000080b00000, 0x0000000080c00000, 0x0000000080c00000|100%| O|  |TAMS 0x0000000080c00000, 0x0000000080b00000| Untracked 
|  12|0x0000000080c00000, 0x0000000080d00000, 0x0000000080d00000|100%| O|  |TAMS 0x0000000080d00000, 0x0000000080c00000| Untracked 
|  13|0x0000000080d00000, 0x0000000080e00000, 0x0000000080e00000|100%| O|  |TAMS 0x0000000080e00000, 0x0000000080d00000| Untracked 
|  14|0x0000000080e00000, 0x0000000080f00000, 0x0000000080f00000|100%| O|  |TAMS 0x0000000080f00000, 0x0000000080e00000| Untracked 
|  15|0x0000000080f00000, 0x0000000081000000, 0x0000000081000000|100%| O|  |TAMS 0x0000000081000000, 0x0000000080f00000| Untracked 
|  16|0x0000000081000000, 0x0000000081100000, 0x0000000081100000|100%| O|  |TAMS 0x0000000081100000, 0x0000000081000000| Untracked 
|  17|0x0000000081100000, 0x0000000081200000, 0x0000000081200000|100%| O|  |TAMS 0x0000000081200000, 0x0000000081100000| Untracked 
|  18|0x0000000081200000, 0x0000000081300000, 0x0000000081300000|100%| O|  |TAMS 0x0000000081300000, 0x0000000081200000| Untracked 
|  19|0x0000000081300000, 0x0000000081400000, 0x0000000081400000|100%|HS|  |TAMS 0x0000000081400000, 0x0000000081300000| Complete 
|  20|0x0000000081400000, 0x0000000081500000, 0x0000000081500000|100%|HC|  |TAMS 0x0000000081500000, 0x0000000081400000| Complete 
|  21|0x0000000081500000, 0x0000000081600000, 0x0000000081600000|100%|HS|  |TAMS 0x0000000081600000, 0x0000000081500000| Complete 
|  22|0x0000000081600000, 0x0000000081700000, 0x0000000081700000|100%|HC|  |TAMS 0x0000000081700000, 0x0000000081600000| Complete 
|  23|0x0000000081700000, 0x0000000081800000, 0x0000000081800000|100%|HC|  |TAMS 0x0000000081800000, 0x0000000081700000| Complete 
|  24|0x0000000081800000, 0x0000000081900000, 0x0000000081900000|100%| O|  |TAMS 0x0000000081900000, 0x0000000081800000| Untracked 
|  25|0x0000000081900000, 0x0000000081a00000, 0x0000000081a00000|100%| O|  |TAMS 0x0000000081a00000, 0x0000000081900000| Untracked 
|  26|0x0000000081a00000, 0x0000000081b00000, 0x0000000081b00000|100%| O|  |TAMS 0x0000000081b00000, 0x0000000081a00000| Untracked 
|  27|0x0000000081b00000, 0x0000000081c00000, 0x0000000081c00000|100%|HS|  |TAMS 0x0000000081c00000, 0x0000000081b00000| Complete 
|  28|0x0000000081c00000, 0x0000000081d00000, 0x0000000081d00000|100%|HC|  |TAMS 0x0000000081d00000, 0x0000000081c00000| Complete 
|  29|0x0000000081d00000, 0x0000000081e00000, 0x0000000081e00000|100%|HC|  |TAMS 0x0000000081e00000, 0x0000000081d00000| Complete 
|  30|0x0000000081e00000, 0x0000000081f00000, 0x0000000081f00000|100%| O|  |TAMS 0x0000000081f00000, 0x0000000081e00000| Untracked 
|  31|0x0000000081f00000, 0x0000000082000000, 0x0000000082000000|100%| O|  |TAMS 0x0000000082000000, 0x0000000081f00000| Untracked 
|  32|0x0000000082000000, 0x0000000082100000, 0x0000000082100000|100%| O|  |TAMS 0x0000000082100000, 0x0000000082000000| Untracked 
|  33|0x0000000082100000, 0x0000000082200000, 0x0000000082200000|100%|HS|  |TAMS 0x0000000082200000, 0x0000000082100000| Complete 
|  34|0x0000000082200000, 0x0000000082300000, 0x0000000082300000|100%|HC|  |TAMS 0x0000000082300000, 0x0000000082200000| Complete 
|  35|0x0000000082300000, 0x0000000082400000, 0x0000000082400000|100%| O|  |TAMS 0x0000000082400000, 0x0000000082300000| Untracked 
|  36|0x0000000082400000, 0x0000000082500000, 0x0000000082500000|100%| O|  |TAMS 0x0000000082500000, 0x0000000082400000| Untracked 
|  37|0x0000000082500000, 0x0000000082600000, 0x0000000082600000|100%| O|  |TAMS 0x0000000082600000, 0x0000000082500000| Untracked 
|  38|0x0000000082600000, 0x0000000082700000, 0x0000000082700000|100%| O|  |TAMS 0x0000000082700000, 0x0000000082600000| Untracked 
|  39|0x0000000082700000, 0x0000000082800000, 0x0000000082800000|100%| O|  |TAMS 0x0000000082800000, 0x0000000082700000| Untracked 
|  40|0x0000000082800000, 0x0000000082900000, 0x0000000082900000|100%| O|  |TAMS 0x0000000082900000, 0x0000000082800000| Untracked 
|  41|0x0000000082900000, 0x0000000082a00000, 0x0000000082a00000|100%| O|  |TAMS 0x0000000082a00000, 0x0000000082900000| Untracked 
|  42|0x0000000082a00000, 0x0000000082b00000, 0x0000000082b00000|100%|HS|  |TAMS 0x0000000082b00000, 0x0000000082a00000| Complete 
|  43|0x0000000082b00000, 0x0000000082c00000, 0x0000000082c00000|100%|HC|  |TAMS 0x0000000082c00000, 0x0000000082b00000| Complete 
|  44|0x0000000082c00000, 0x0000000082d00000, 0x0000000082d00000|100%|HC|  |TAMS 0x0000000082d00000, 0x0000000082c00000| Complete 
|  45|0x0000000082d00000, 0x0000000082e00000, 0x0000000082e00000|100%|HS|  |TAMS 0x0000000082e00000, 0x0000000082d00000| Complete 
|  46|0x0000000082e00000, 0x0000000082f00000, 0x0000000082f00000|100%|HC|  |TAMS 0x0000000082f00000, 0x0000000082e00000| Complete 
|  47|0x0000000082f00000, 0x0000000083000000, 0x0000000083000000|100%|HC|  |TAMS 0x0000000083000000, 0x0000000082f00000| Complete 
|  48|0x0000000083000000, 0x0000000083100000, 0x0000000083100000|100%|HC|  |TAMS 0x0000000083100000, 0x0000000083000000| Complete 
|  49|0x0000000083100000, 0x0000000083200000, 0x0000000083200000|100%|HC|  |TAMS 0x0000000083200000, 0x0000000083100000| Complete 
|  50|0x0000000083200000, 0x0000000083300000, 0x0000000083300000|100%|HC|  |TAMS 0x0000000083300000, 0x0000000083200000| Complete 
|  51|0x0000000083300000, 0x0000000083400000, 0x0000000083400000|100%|HC|  |TAMS 0x0000000083400000, 0x0000000083300000| Complete 
|  52|0x0000000083400000, 0x0000000083500000, 0x0000000083500000|100%|HC|  |TAMS 0x0000000083500000, 0x0000000083400000| Complete 
|  53|0x0000000083500000, 0x0000000083600000, 0x0000000083600000|100%|HC|  |TAMS 0x0000000083600000, 0x0000000083500000| Complete 
|  54|0x0000000083600000, 0x0000000083700000, 0x0000000083700000|100%|HC|  |TAMS 0x0000000083700000, 0x0000000083600000| Complete 
|  55|0x0000000083700000, 0x0000000083800000, 0x0000000083800000|100%|HC|  |TAMS 0x0000000083800000, 0x0000000083700000| Complete 
|  56|0x0000000083800000, 0x0000000083900000, 0x0000000083900000|100%|HC|  |TAMS 0x0000000083900000, 0x0000000083800000| Complete 
|  57|0x0000000083900000, 0x0000000083a00000, 0x0000000083a00000|100%| O|  |TAMS 0x0000000083a00000, 0x0000000083900000| Untracked 
|  58|0x0000000083a00000, 0x0000000083b00000, 0x0000000083b00000|100%| O|  |TAMS 0x0000000083b00000, 0x0000000083a00000| Untracked 
|  59|0x0000000083b00000, 0x0000000083c00000, 0x0000000083c00000|100%|HS|  |TAMS 0x0000000083c00000, 0x0000000083b00000| Complete 
|  60|0x0000000083c00000, 0x0000000083d00000, 0x0000000083d00000|100%|HC|  |TAMS 0x0000000083d00000, 0x0000000083c00000| Complete 
|  61|0x0000000083d00000, 0x0000000083e00000, 0x0000000083e00000|100%|HC|  |TAMS 0x0000000083e00000, 0x0000000083d00000| Complete 
|  62|0x0000000083e00000, 0x0000000083f00000, 0x0000000083f00000|100%| O|  |TAMS 0x0000000083f00000, 0x0000000083e00000| Untracked 
|  63|0x0000000083f00000, 0x0000000084000000, 0x0000000084000000|100%| O|  |TAMS 0x0000000084000000, 0x0000000083f00000| Untracked 
|  64|0x0000000084000000, 0x0000000084000000, 0x0000000084100000|  0%| F|  |TAMS 0x0000000084000000, 0x0000000084000000| Untracked 
|  65|0x0000000084100000, 0x0000000084200000, 0x0000000084200000|100%| O|  |TAMS 0x0000000084200000, 0x0000000084100000| Untracked 
|  66|0x0000000084200000, 0x0000000084300000, 0x0000000084300000|100%| O|  |TAMS 0x0000000084300000, 0x0000000084200000| Untracked 
|  67|0x0000000084300000, 0x0000000084400000, 0x0000000084400000|100%| O|  |TAMS 0x0000000084400000, 0x0000000084300000| Untracked 
|  68|0x0000000084400000, 0x0000000084500000, 0x0000000084500000|100%| O|  |TAMS 0x0000000084500000, 0x0000000084400000| Untracked 
|  69|0x0000000084500000, 0x0000000084600000, 0x0000000084600000|100%| O|  |TAMS 0x0000000084600000, 0x0000000084500000| Untracked 
|  70|0x0000000084600000, 0x0000000084700000, 0x0000000084700000|100%| O|  |TAMS 0x0000000084700000, 0x0000000084600000| Untracked 
|  71|0x0000000084700000, 0x0000000084800000, 0x0000000084800000|100%| O|  |TAMS 0x0000000084800000, 0x0000000084700000| Untracked 
|  72|0x0000000084800000, 0x0000000084900000, 0x0000000084900000|100%| O|  |TAMS 0x0000000084900000, 0x0000000084800000| Untracked 
|  73|0x0000000084900000, 0x0000000084900000, 0x0000000084a00000|  0%| F|  |TAMS 0x0000000084900000, 0x0000000084900000| Untracked 
|  74|0x0000000084a00000, 0x0000000084b00000, 0x0000000084b00000|100%|HS|  |TAMS 0x0000000084b00000, 0x0000000084a00000| Complete 
|  75|0x0000000084b00000, 0x0000000084c00000, 0x0000000084c00000|100%|HS|  |TAMS 0x0000000084c00000, 0x0000000084b00000| Complete 
|  76|0x0000000084c00000, 0x0000000084d00000, 0x0000000084d00000|100%|HS|  |TAMS 0x0000000084d00000, 0x0000000084c00000| Complete 
|  77|0x0000000084d00000, 0x0000000084e00000, 0x0000000084e00000|100%|HC|  |TAMS 0x0000000084e00000, 0x0000000084d00000| Complete 
|  78|0x0000000084e00000, 0x0000000084f00000, 0x0000000084f00000|100%|HS|  |TAMS 0x0000000084f00000, 0x0000000084e00000| Complete 
|  79|0x0000000084f00000, 0x0000000085000000, 0x0000000085000000|100%|HS|  |TAMS 0x0000000085000000, 0x0000000084f00000| Complete 
|  80|0x0000000085000000, 0x0000000085100000, 0x0000000085100000|100%|HC|  |TAMS 0x0000000085100000, 0x0000000085000000| Complete 
|  81|0x0000000085100000, 0x0000000085200000, 0x0000000085200000|100%|HC|  |TAMS 0x0000000085200000, 0x0000000085100000| Complete 
|  82|0x0000000085200000, 0x0000000085300000, 0x0000000085300000|100%|HC|  |TAMS 0x0000000085300000, 0x0000000085200000| Complete 
|  83|0x0000000085300000, 0x0000000085400000, 0x0000000085400000|100%| O|  |TAMS 0x0000000085400000, 0x0000000085300000| Untracked 
|  84|0x0000000085400000, 0x0000000085500000, 0x0000000085500000|100%| O|  |TAMS 0x0000000085500000, 0x0000000085400000| Untracked 
|  85|0x0000000085500000, 0x0000000085600000, 0x0000000085600000|100%| O|  |TAMS 0x0000000085500000, 0x0000000085500000| Untracked 
|  86|0x0000000085600000, 0x0000000085700000, 0x0000000085700000|100%| O|  |TAMS 0x0000000085600000, 0x0000000085600000| Untracked 
|  87|0x0000000085700000, 0x0000000085800000, 0x0000000085800000|100%| O|  |TAMS 0x0000000085800000, 0x0000000085700000| Untracked 
|  88|0x0000000085800000, 0x0000000085900000, 0x0000000085900000|100%| O|  |TAMS 0x0000000085900000, 0x0000000085800000| Untracked 
|  89|0x0000000085900000, 0x0000000085a00000, 0x0000000085a00000|100%| O|  |TAMS 0x0000000085a00000, 0x0000000085900000| Untracked 
|  90|0x0000000085a00000, 0x0000000085b00000, 0x0000000085b00000|100%| O|  |TAMS 0x0000000085b00000, 0x0000000085a00000| Untracked 
|  91|0x0000000085b00000, 0x0000000085c00000, 0x0000000085c00000|100%| O|  |TAMS 0x0000000085c00000, 0x0000000085b00000| Untracked 
|  92|0x0000000085c00000, 0x0000000085d00000, 0x0000000085d00000|100%| O|  |TAMS 0x0000000085d00000, 0x0000000085c00000| Untracked 
|  93|0x0000000085d00000, 0x0000000085e00000, 0x0000000085e00000|100%| O|  |TAMS 0x0000000085e00000, 0x0000000085d00000| Untracked 
|  94|0x0000000085e00000, 0x0000000085f00000, 0x0000000085f00000|100%| O|  |TAMS 0x0000000085f00000, 0x0000000085e00000| Untracked 
|  95|0x0000000085f00000, 0x0000000086000000, 0x0000000086000000|100%| O|  |TAMS 0x0000000086000000, 0x0000000085f00000| Untracked 
|  96|0x0000000086000000, 0x0000000086100000, 0x0000000086100000|100%| O|  |TAMS 0x0000000086100000, 0x0000000086000000| Untracked 
|  97|0x0000000086100000, 0x0000000086200000, 0x0000000086200000|100%| O|  |TAMS 0x0000000086200000, 0x0000000086100000| Untracked 
|  98|0x0000000086200000, 0x0000000086300000, 0x0000000086300000|100%| O|  |TAMS 0x0000000086300000, 0x0000000086200000| Untracked 
|  99|0x0000000086300000, 0x0000000086400000, 0x0000000086400000|100%| O|  |TAMS 0x0000000086400000, 0x0000000086300000| Untracked 
| 100|0x0000000086400000, 0x0000000086500000, 0x0000000086500000|100%| O|  |TAMS 0x0000000086500000, 0x0000000086400000| Untracked 
| 101|0x0000000086500000, 0x0000000086600000, 0x0000000086600000|100%| O|  |TAMS 0x0000000086600000, 0x0000000086500000| Untracked 
| 102|0x0000000086600000, 0x0000000086700000, 0x0000000086700000|100%| O|  |TAMS 0x0000000086700000, 0x0000000086600000| Untracked 
| 103|0x0000000086700000, 0x0000000086800000, 0x0000000086800000|100%| O|  |TAMS 0x0000000086800000, 0x0000000086700000| Untracked 
| 104|0x0000000086800000, 0x0000000086900000, 0x0000000086900000|100%| O|  |TAMS 0x0000000086900000, 0x0000000086800000| Untracked 
| 105|0x0000000086900000, 0x0000000086a00000, 0x0000000086a00000|100%| O|  |TAMS 0x0000000086a00000, 0x0000000086900000| Untracked 
| 106|0x0000000086a00000, 0x0000000086b00000, 0x0000000086b00000|100%|HS|  |TAMS 0x0000000086b00000, 0x0000000086a00000| Complete 
| 107|0x0000000086b00000, 0x0000000086c00000, 0x0000000086c00000|100%|HC|  |TAMS 0x0000000086c00000, 0x0000000086b00000| Complete 
| 108|0x0000000086c00000, 0x0000000086d00000, 0x0000000086d00000|100%|HC|  |TAMS 0x0000000086d00000, 0x0000000086c00000| Complete 
| 109|0x0000000086d00000, 0x0000000086e00000, 0x0000000086e00000|100%|HC|  |TAMS 0x0000000086e00000, 0x0000000086d00000| Complete 
| 110|0x0000000086e00000, 0x0000000086f00000, 0x0000000086f00000|100%| O|  |TAMS 0x0000000086e00000, 0x0000000086e00000| Untracked 
| 111|0x0000000086f00000, 0x0000000087000000, 0x0000000087000000|100%| O|  |TAMS 0x0000000086f00000, 0x0000000086f00000| Untracked 
| 112|0x0000000087000000, 0x0000000087100000, 0x0000000087100000|100%| O|  |TAMS 0x0000000087000000, 0x0000000087000000| Untracked 
| 113|0x0000000087100000, 0x0000000087200000, 0x0000000087200000|100%| O|  |TAMS 0x0000000087100000, 0x0000000087100000| Untracked 
| 114|0x0000000087200000, 0x0000000087300000, 0x0000000087300000|100%| O|  |TAMS 0x0000000087200000, 0x0000000087200000| Untracked 
| 115|0x0000000087300000, 0x0000000087400000, 0x0000000087400000|100%| O|  |TAMS 0x0000000087300000, 0x0000000087300000| Untracked 
| 116|0x0000000087400000, 0x0000000087500000, 0x0000000087500000|100%| O|  |TAMS 0x0000000087500000, 0x0000000087400000| Untracked 
| 117|0x0000000087500000, 0x0000000087600000, 0x0000000087600000|100%| O|  |TAMS 0x0000000087600000, 0x0000000087500000| Untracked 
| 118|0x0000000087600000, 0x0000000087700000, 0x0000000087700000|100%| O|  |TAMS 0x0000000087700000, 0x0000000087600000| Untracked 
| 119|0x0000000087700000, 0x0000000087800000, 0x0000000087800000|100%| O|  |TAMS 0x0000000087800000, 0x0000000087700000| Untracked 
| 120|0x0000000087800000, 0x0000000087900000, 0x0000000087900000|100%| O|  |TAMS 0x0000000087900000, 0x0000000087800000| Untracked 
| 121|0x0000000087900000, 0x0000000087a00000, 0x0000000087a00000|100%| O|  |TAMS 0x0000000087a00000, 0x0000000087900000| Untracked 
| 122|0x0000000087a00000, 0x0000000087b00000, 0x0000000087b00000|100%| O|  |TAMS 0x0000000087b00000, 0x0000000087a00000| Untracked 
| 123|0x0000000087b00000, 0x0000000087c00000, 0x0000000087c00000|100%| O|  |TAMS 0x0000000087c00000, 0x0000000087b00000| Untracked 
| 124|0x0000000087c00000, 0x0000000087d00000, 0x0000000087d00000|100%| O|  |TAMS 0x0000000087d00000, 0x0000000087c00000| Untracked 
| 125|0x0000000087d00000, 0x0000000087e00000, 0x0000000087e00000|100%| O|  |TAMS 0x0000000087e00000, 0x0000000087d00000| Untracked 
| 126|0x0000000087e00000, 0x0000000087f00000, 0x0000000087f00000|100%| O|  |TAMS 0x0000000087f00000, 0x0000000087e00000| Untracked 
| 127|0x0000000087f00000, 0x0000000088000000, 0x0000000088000000|100%| O|  |TAMS 0x0000000088000000, 0x0000000087f00000| Untracked 
| 128|0x0000000088000000, 0x0000000088100000, 0x0000000088100000|100%| O|  |TAMS 0x0000000088100000, 0x0000000088000000| Untracked 
| 129|0x0000000088100000, 0x0000000088200000, 0x0000000088200000|100%| O|  |TAMS 0x0000000088200000, 0x0000000088100000| Untracked 
| 130|0x0000000088200000, 0x0000000088300000, 0x0000000088300000|100%| O|  |TAMS 0x0000000088300000, 0x0000000088200000| Untracked 
| 131|0x0000000088300000, 0x0000000088400000, 0x0000000088400000|100%| O|  |TAMS 0x0000000088391a00, 0x0000000088300000| Untracked 
| 132|0x0000000088400000, 0x0000000088500000, 0x0000000088500000|100%| O|  |TAMS 0x0000000088400000, 0x0000000088400000| Untracked 
| 133|0x0000000088500000, 0x0000000088600000, 0x0000000088600000|100%| O|  |TAMS 0x0000000088500000, 0x0000000088500000| Untracked 
| 134|0x0000000088600000, 0x0000000088700000, 0x0000000088700000|100%| O|  |TAMS 0x0000000088600000, 0x0000000088600000| Untracked 
| 135|0x0000000088700000, 0x0000000088800000, 0x0000000088800000|100%| O|  |TAMS 0x0000000088700000, 0x0000000088700000| Untracked 
| 136|0x0000000088800000, 0x0000000088900000, 0x0000000088900000|100%| O|  |TAMS 0x0000000088800000, 0x0000000088800000| Untracked 
| 137|0x0000000088900000, 0x0000000088a00000, 0x0000000088a00000|100%| O|  |TAMS 0x0000000088900000, 0x0000000088900000| Untracked 
| 138|0x0000000088a00000, 0x0000000088b00000, 0x0000000088b00000|100%| O|  |TAMS 0x0000000088a00000, 0x0000000088a00000| Untracked 
| 139|0x0000000088b00000, 0x0000000088c00000, 0x0000000088c00000|100%| O|  |TAMS 0x0000000088b00000, 0x0000000088b00000| Untracked 
| 140|0x0000000088c00000, 0x0000000088d00000, 0x0000000088d00000|100%| O|  |TAMS 0x0000000088c00000, 0x0000000088c00000| Untracked 
| 141|0x0000000088d00000, 0x0000000088e00000, 0x0000000088e00000|100%| O|  |TAMS 0x0000000088d00000, 0x0000000088d00000| Untracked 
| 142|0x0000000088e00000, 0x0000000088f00000, 0x0000000088f00000|100%|HS|  |TAMS 0x0000000088e00000, 0x0000000088e00000| Complete 
| 143|0x0000000088f00000, 0x0000000089000000, 0x0000000089000000|100%|HC|  |TAMS 0x0000000088f00000, 0x0000000088f00000| Complete 
| 144|0x0000000089000000, 0x0000000089100000, 0x0000000089100000|100%|HC|  |TAMS 0x0000000089000000, 0x0000000089000000| Complete 
| 145|0x0000000089100000, 0x0000000089200000, 0x0000000089200000|100%|HC|  |TAMS 0x0000000089100000, 0x0000000089100000| Complete 
| 146|0x0000000089200000, 0x0000000089300000, 0x0000000089300000|100%|HC|  |TAMS 0x0000000089200000, 0x0000000089200000| Complete 
| 147|0x0000000089300000, 0x0000000089400000, 0x0000000089400000|100%|HC|  |TAMS 0x0000000089300000, 0x0000000089300000| Complete 
| 148|0x0000000089400000, 0x0000000089500000, 0x0000000089500000|100%| O|  |TAMS 0x0000000089400000, 0x0000000089400000| Untracked 
| 149|0x0000000089500000, 0x0000000089600000, 0x0000000089600000|100%| O|  |TAMS 0x0000000089500000, 0x0000000089500000| Untracked 
| 150|0x0000000089600000, 0x0000000089700000, 0x0000000089700000|100%| O|  |TAMS 0x0000000089600000, 0x0000000089600000| Untracked 
| 151|0x0000000089700000, 0x0000000089800000, 0x0000000089800000|100%| O|  |TAMS 0x0000000089700000, 0x0000000089700000| Untracked 
| 152|0x0000000089800000, 0x0000000089900000, 0x0000000089900000|100%| O|  |TAMS 0x0000000089800000, 0x0000000089800000| Untracked 
| 153|0x0000000089900000, 0x000000008998d208, 0x0000000089a00000| 55%| O|  |TAMS 0x0000000089900000, 0x0000000089900000| Untracked 
| 154|0x0000000089a00000, 0x0000000089a00000, 0x0000000089b00000|  0%| F|  |TAMS 0x0000000089a00000, 0x0000000089a00000| Untracked 
| 155|0x0000000089b00000, 0x0000000089b00000, 0x0000000089c00000|  0%| F|  |TAMS 0x0000000089b00000, 0x0000000089b00000| Untracked 
| 156|0x0000000089c00000, 0x0000000089c00000, 0x0000000089d00000|  0%| F|  |TAMS 0x0000000089c00000, 0x0000000089c00000| Untracked 
| 157|0x0000000089d00000, 0x0000000089d00000, 0x0000000089e00000|  0%| F|  |TAMS 0x0000000089d00000, 0x0000000089d00000| Untracked 
| 158|0x0000000089e00000, 0x0000000089e00000, 0x0000000089f00000|  0%| F|  |TAMS 0x0000000089e00000, 0x0000000089e00000| Untracked 
| 159|0x0000000089f00000, 0x0000000089f00000, 0x000000008a000000|  0%| F|  |TAMS 0x0000000089f00000, 0x0000000089f00000| Untracked 
| 160|0x000000008a000000, 0x000000008a000000, 0x000000008a100000|  0%| F|  |TAMS 0x000000008a000000, 0x000000008a000000| Untracked 
| 161|0x000000008a100000, 0x000000008a100000, 0x000000008a200000|  0%| F|  |TAMS 0x000000008a100000, 0x000000008a100000| Untracked 
| 162|0x000000008a200000, 0x000000008a200000, 0x000000008a300000|  0%| F|  |TAMS 0x000000008a200000, 0x000000008a200000| Untracked 
| 163|0x000000008a300000, 0x000000008a300000, 0x000000008a400000|  0%| F|  |TAMS 0x000000008a300000, 0x000000008a300000| Untracked 
| 164|0x000000008a400000, 0x000000008a400000, 0x000000008a500000|  0%| F|  |TAMS 0x000000008a400000, 0x000000008a400000| Untracked 
| 165|0x000000008a500000, 0x000000008a500000, 0x000000008a600000|  0%| F|  |TAMS 0x000000008a500000, 0x000000008a500000| Untracked 
| 166|0x000000008a600000, 0x000000008a600000, 0x000000008a700000|  0%| F|  |TAMS 0x000000008a600000, 0x000000008a600000| Untracked 
| 167|0x000000008a700000, 0x000000008a700000, 0x000000008a800000|  0%| F|  |TAMS 0x000000008a700000, 0x000000008a700000| Untracked 
| 168|0x000000008a800000, 0x000000008a800000, 0x000000008a900000|  0%| F|  |TAMS 0x000000008a800000, 0x000000008a800000| Untracked 
| 169|0x000000008a900000, 0x000000008a900000, 0x000000008aa00000|  0%| F|  |TAMS 0x000000008a900000, 0x000000008a900000| Untracked 
| 170|0x000000008aa00000, 0x000000008aa00000, 0x000000008ab00000|  0%| F|  |TAMS 0x000000008aa00000, 0x000000008aa00000| Untracked 
| 171|0x000000008ab00000, 0x000000008ab00000, 0x000000008ac00000|  0%| F|  |TAMS 0x000000008ab00000, 0x000000008ab00000| Untracked 
| 172|0x000000008ac00000, 0x000000008ac00000, 0x000000008ad00000|  0%| F|  |TAMS 0x000000008ac00000, 0x000000008ac00000| Untracked 
| 173|0x000000008ad00000, 0x000000008ad00000, 0x000000008ae00000|  0%| F|  |TAMS 0x000000008ad00000, 0x000000008ad00000| Untracked 
| 174|0x000000008ae00000, 0x000000008ae00000, 0x000000008af00000|  0%| F|  |TAMS 0x000000008ae00000, 0x000000008ae00000| Untracked 
| 175|0x000000008af00000, 0x000000008af00000, 0x000000008b000000|  0%| F|  |TAMS 0x000000008af00000, 0x000000008af00000| Untracked 
| 176|0x000000008b000000, 0x000000008b000000, 0x000000008b100000|  0%| F|  |TAMS 0x000000008b000000, 0x000000008b000000| Untracked 
| 177|0x000000008b100000, 0x000000008b100000, 0x000000008b200000|  0%| F|  |TAMS 0x000000008b100000, 0x000000008b100000| Untracked 
| 178|0x000000008b200000, 0x000000008b200000, 0x000000008b300000|  0%| F|  |TAMS 0x000000008b200000, 0x000000008b200000| Untracked 
| 179|0x000000008b300000, 0x000000008b300000, 0x000000008b400000|  0%| F|  |TAMS 0x000000008b300000, 0x000000008b300000| Untracked 
| 180|0x000000008b400000, 0x000000008b400000, 0x000000008b500000|  0%| F|  |TAMS 0x000000008b400000, 0x000000008b400000| Untracked 
| 181|0x000000008b500000, 0x000000008b500000, 0x000000008b600000|  0%| F|  |TAMS 0x000000008b500000, 0x000000008b500000| Untracked 
| 182|0x000000008b600000, 0x000000008b600000, 0x000000008b700000|  0%| F|  |TAMS 0x000000008b600000, 0x000000008b600000| Untracked 
| 183|0x000000008b700000, 0x000000008b700000, 0x000000008b800000|  0%| F|  |TAMS 0x000000008b700000, 0x000000008b700000| Untracked 
| 184|0x000000008b800000, 0x000000008b800000, 0x000000008b900000|  0%| F|  |TAMS 0x000000008b800000, 0x000000008b800000| Untracked 
| 185|0x000000008b900000, 0x000000008b900000, 0x000000008ba00000|  0%| F|  |TAMS 0x000000008b900000, 0x000000008b900000| Untracked 
| 186|0x000000008ba00000, 0x000000008ba00000, 0x000000008bb00000|  0%| F|  |TAMS 0x000000008ba00000, 0x000000008ba00000| Untracked 
| 187|0x000000008bb00000, 0x000000008bb00000, 0x000000008bc00000|  0%| F|  |TAMS 0x000000008bb00000, 0x000000008bb00000| Untracked 
| 188|0x000000008bc00000, 0x000000008bc00000, 0x000000008bd00000|  0%| F|  |TAMS 0x000000008bc00000, 0x000000008bc00000| Untracked 
| 189|0x000000008bd00000, 0x000000008bd00000, 0x000000008be00000|  0%| F|  |TAMS 0x000000008bd00000, 0x000000008bd00000| Untracked 
| 190|0x000000008be00000, 0x000000008be00000, 0x000000008bf00000|  0%| F|  |TAMS 0x000000008be00000, 0x000000008be00000| Untracked 
| 191|0x000000008bf00000, 0x000000008bf00000, 0x000000008c000000|  0%| F|  |TAMS 0x000000008bf00000, 0x000000008bf00000| Untracked 
| 192|0x000000008c000000, 0x000000008c000000, 0x000000008c100000|  0%| F|  |TAMS 0x000000008c000000, 0x000000008c000000| Untracked 
| 193|0x000000008c100000, 0x000000008c100000, 0x000000008c200000|  0%| F|  |TAMS 0x000000008c100000, 0x000000008c100000| Untracked 
| 194|0x000000008c200000, 0x000000008c200000, 0x000000008c300000|  0%| F|  |TAMS 0x000000008c200000, 0x000000008c200000| Untracked 
| 195|0x000000008c300000, 0x000000008c300000, 0x000000008c400000|  0%| F|  |TAMS 0x000000008c300000, 0x000000008c300000| Untracked 
| 196|0x000000008c400000, 0x000000008c400000, 0x000000008c500000|  0%| F|  |TAMS 0x000000008c400000, 0x000000008c400000| Untracked 
| 197|0x000000008c500000, 0x000000008c500000, 0x000000008c600000|  0%| F|  |TAMS 0x000000008c500000, 0x000000008c500000| Untracked 
| 198|0x000000008c600000, 0x000000008c600000, 0x000000008c700000|  0%| F|  |TAMS 0x000000008c600000, 0x000000008c600000| Untracked 
| 199|0x000000008c700000, 0x000000008c700000, 0x000000008c800000|  0%| F|  |TAMS 0x000000008c700000, 0x000000008c700000| Untracked 
| 200|0x000000008c800000, 0x000000008c800000, 0x000000008c900000|  0%| F|  |TAMS 0x000000008c800000, 0x000000008c800000| Untracked 
| 201|0x000000008c900000, 0x000000008c900000, 0x000000008ca00000|  0%| F|  |TAMS 0x000000008c900000, 0x000000008c900000| Untracked 
| 202|0x000000008ca00000, 0x000000008ca00000, 0x000000008cb00000|  0%| F|  |TAMS 0x000000008ca00000, 0x000000008ca00000| Untracked 
| 203|0x000000008cb00000, 0x000000008cb00000, 0x000000008cc00000|  0%| F|  |TAMS 0x000000008cb00000, 0x000000008cb00000| Untracked 
| 204|0x000000008cc00000, 0x000000008cc00000, 0x000000008cd00000|  0%| F|  |TAMS 0x000000008cc00000, 0x000000008cc00000| Untracked 
| 205|0x000000008cd00000, 0x000000008cd00000, 0x000000008ce00000|  0%| F|  |TAMS 0x000000008cd00000, 0x000000008cd00000| Untracked 
| 206|0x000000008ce00000, 0x000000008ce00000, 0x000000008cf00000|  0%| F|  |TAMS 0x000000008ce00000, 0x000000008ce00000| Untracked 
| 207|0x000000008cf00000, 0x000000008cf00000, 0x000000008d000000|  0%| F|  |TAMS 0x000000008cf00000, 0x000000008cf00000| Untracked 
| 208|0x000000008d000000, 0x000000008d000000, 0x000000008d100000|  0%| F|  |TAMS 0x000000008d000000, 0x000000008d000000| Untracked 
| 209|0x000000008d100000, 0x000000008d100000, 0x000000008d200000|  0%| F|  |TAMS 0x000000008d100000, 0x000000008d100000| Untracked 
| 210|0x000000008d200000, 0x000000008d200000, 0x000000008d300000|  0%| F|  |TAMS 0x000000008d200000, 0x000000008d200000| Untracked 
| 211|0x000000008d300000, 0x000000008d300000, 0x000000008d400000|  0%| F|  |TAMS 0x000000008d300000, 0x000000008d300000| Untracked 
| 212|0x000000008d400000, 0x000000008d400000, 0x000000008d500000|  0%| F|  |TAMS 0x000000008d400000, 0x000000008d400000| Untracked 
| 213|0x000000008d500000, 0x000000008d500000, 0x000000008d600000|  0%| F|  |TAMS 0x000000008d500000, 0x000000008d500000| Untracked 
| 214|0x000000008d600000, 0x000000008d600000, 0x000000008d700000|  0%| F|  |TAMS 0x000000008d600000, 0x000000008d600000| Untracked 
| 215|0x000000008d700000, 0x000000008d700000, 0x000000008d800000|  0%| F|  |TAMS 0x000000008d700000, 0x000000008d700000| Untracked 
| 216|0x000000008d800000, 0x000000008d800000, 0x000000008d900000|  0%| F|  |TAMS 0x000000008d800000, 0x000000008d800000| Untracked 
| 217|0x000000008d900000, 0x000000008d900000, 0x000000008da00000|  0%| F|  |TAMS 0x000000008d900000, 0x000000008d900000| Untracked 
| 218|0x000000008da00000, 0x000000008da00000, 0x000000008db00000|  0%| F|  |TAMS 0x000000008da00000, 0x000000008da00000| Untracked 
| 219|0x000000008db00000, 0x000000008db00000, 0x000000008dc00000|  0%| F|  |TAMS 0x000000008db00000, 0x000000008db00000| Untracked 
| 220|0x000000008dc00000, 0x000000008dc00000, 0x000000008dd00000|  0%| F|  |TAMS 0x000000008dc00000, 0x000000008dc00000| Untracked 
| 221|0x000000008dd00000, 0x000000008dd00000, 0x000000008de00000|  0%| F|  |TAMS 0x000000008dd00000, 0x000000008dd00000| Untracked 
| 222|0x000000008de00000, 0x000000008de00000, 0x000000008df00000|  0%| F|  |TAMS 0x000000008de00000, 0x000000008de00000| Untracked 
| 223|0x000000008df00000, 0x000000008df00000, 0x000000008e000000|  0%| F|  |TAMS 0x000000008df00000, 0x000000008df00000| Untracked 
| 224|0x000000008e000000, 0x000000008e000000, 0x000000008e100000|  0%| F|  |TAMS 0x000000008e000000, 0x000000008e000000| Untracked 
| 225|0x000000008e100000, 0x000000008e100000, 0x000000008e200000|  0%| F|  |TAMS 0x000000008e100000, 0x000000008e100000| Untracked 
| 226|0x000000008e200000, 0x000000008e200000, 0x000000008e300000|  0%| F|  |TAMS 0x000000008e200000, 0x000000008e200000| Untracked 
| 227|0x000000008e300000, 0x000000008e300000, 0x000000008e400000|  0%| F|  |TAMS 0x000000008e300000, 0x000000008e300000| Untracked 
| 228|0x000000008e400000, 0x000000008e400000, 0x000000008e500000|  0%| F|  |TAMS 0x000000008e400000, 0x000000008e400000| Untracked 
| 229|0x000000008e500000, 0x000000008e500000, 0x000000008e600000|  0%| F|  |TAMS 0x000000008e500000, 0x000000008e500000| Untracked 
| 230|0x000000008e600000, 0x000000008e600000, 0x000000008e700000|  0%| F|  |TAMS 0x000000008e600000, 0x000000008e600000| Untracked 
| 231|0x000000008e700000, 0x000000008e700000, 0x000000008e800000|  0%| F|  |TAMS 0x000000008e700000, 0x000000008e700000| Untracked 
| 232|0x000000008e800000, 0x000000008e800000, 0x000000008e900000|  0%| F|  |TAMS 0x000000008e800000, 0x000000008e800000| Untracked 
| 233|0x000000008e900000, 0x000000008e900000, 0x000000008ea00000|  0%| F|  |TAMS 0x000000008e900000, 0x000000008e900000| Untracked 
| 234|0x000000008ea00000, 0x000000008ea00000, 0x000000008eb00000|  0%| F|  |TAMS 0x000000008ea00000, 0x000000008ea00000| Untracked 
| 235|0x000000008eb00000, 0x000000008eb00000, 0x000000008ec00000|  0%| F|  |TAMS 0x000000008eb00000, 0x000000008eb00000| Untracked 
| 236|0x000000008ec00000, 0x000000008ec00000, 0x000000008ed00000|  0%| F|  |TAMS 0x000000008ec00000, 0x000000008ec00000| Untracked 
| 237|0x000000008ed00000, 0x000000008ee00000, 0x000000008ee00000|100%| S|CS|TAMS 0x000000008ed00000, 0x000000008ed00000| Complete 
| 238|0x000000008ee00000, 0x000000008ef00000, 0x000000008ef00000|100%| S|CS|TAMS 0x000000008ee00000, 0x000000008ee00000| Complete 
| 239|0x000000008ef00000, 0x000000008ef00000, 0x000000008f000000|  0%| F|  |TAMS 0x000000008ef00000, 0x000000008ef00000| Untracked 
| 240|0x000000008f000000, 0x000000008f000000, 0x000000008f100000|  0%| F|  |TAMS 0x000000008f000000, 0x000000008f000000| Untracked 
| 241|0x000000008f100000, 0x000000008f100000, 0x000000008f200000|  0%| F|  |TAMS 0x000000008f100000, 0x000000008f100000| Untracked 
| 242|0x000000008f200000, 0x000000008f200000, 0x000000008f300000|  0%| F|  |TAMS 0x000000008f200000, 0x000000008f200000| Untracked 
| 243|0x000000008f300000, 0x000000008f300000, 0x000000008f400000|  0%| F|  |TAMS 0x000000008f300000, 0x000000008f300000| Untracked 
| 244|0x000000008f400000, 0x000000008f400000, 0x000000008f500000|  0%| F|  |TAMS 0x000000008f400000, 0x000000008f400000| Untracked 
| 245|0x000000008f500000, 0x000000008f500000, 0x000000008f600000|  0%| F|  |TAMS 0x000000008f500000, 0x000000008f500000| Untracked 
| 246|0x000000008f600000, 0x000000008f600000, 0x000000008f700000|  0%| F|  |TAMS 0x000000008f600000, 0x000000008f600000| Untracked 

Card table byte_map: [0x0000021dbc580000,0x0000021dbc980000] _byte_map_base: 0x0000021dbc180000

Marking Bits (Prev, Next): (CMBitMap*) 0x0000021da99ea920, (CMBitMap*) 0x0000021da99ea960
 Prev Bits: [0x0000021dbcd80000, 0x0000021dbed80000)
 Next Bits: [0x0000021dbed80000, 0x0000021dc0d80000)

Polling page: 0x0000021da7960000

Metaspace:

Usage:
  Non-class:     88.58 MB used.
      Class:     14.18 MB used.
       Both:    102.76 MB used.

Virtual space:
  Non-class space:       96.00 MB reserved,      89.00 MB ( 93%) committed,  12 nodes.
      Class space:        1.00 GB reserved,      14.56 MB (  1%) committed,  1 nodes.
             Both:        1.09 GB reserved,     103.56 MB (  9%) committed. 

Chunk freelists:
   Non-Class:  2.66 MB
       Class:  1.48 MB
        Both:  4.14 MB

MaxMetaspaceSize: unlimited
CompressedClassSpaceSize: 1.00 GB
Initial GC threshold: 21.00 MB
Current GC threshold: 165.88 MB
CDS: off
MetaspaceReclaimPolicy: balanced
 - commit_granule_bytes: 65536.
 - commit_granule_words: 8192.
 - virtual_space_node_default_size: 1048576.
 - enlarge_chunks_in_place: 1.
 - new_chunks_are_fully_committed: 0.
 - uncommit_free_chunks: 1.
 - use_allocation_guard: 0.
 - handle_deallocations: 1.


Internal statistics:

num_allocs_failed_limit: 3.
num_arena_births: 984.
num_arena_deaths: 0.
num_vsnodes_births: 13.
num_vsnodes_deaths: 0.
num_space_committed: 1656.
num_space_uncommitted: 0.
num_chunks_returned_to_freelist: 3.
num_chunks_taken_from_freelist: 4738.
num_chunk_merges: 3.
num_chunk_splits: 3312.
num_chunks_enlarged: 2407.
num_purges: 0.
num_inconsistent_stats: 0.

CodeHeap 'non-profiled nmethods': size=120000Kb used=5042Kb max_used=5409Kb free=114957Kb
 bounds [0x0000021db4920000, 0x0000021db4e70000, 0x0000021dbbe50000]
CodeHeap 'profiled nmethods': size=120000Kb used=15167Kb max_used=16108Kb free=104832Kb
 bounds [0x0000021dace50000, 0x0000021dade20000, 0x0000021db4380000]
CodeHeap 'non-nmethods': size=5760Kb used=2421Kb max_used=2456Kb free=3338Kb
 bounds [0x0000021db4380000, 0x0000021db45f0000, 0x0000021db4920000]
 total_blobs=9138 nmethods=8192 adapters=858
 compilation: enabled
              stopped_count=0, restarted_count=0
 full_count=0

Compilation events (20 events):
Event: 8.330 Thread 0x0000021dc40413c0 nmethod 9696 0x0000021dacf22510 code [0x0000021dacf227c0, 0x0000021dacf23378]
Event: 8.330 Thread 0x0000021dc40413c0 9698       3       org.jetbrains.kotlin.metadata.jvm.JvmModuleProtoBuf$PackageParts::<init> (7 bytes)
Event: 8.330 Thread 0x0000021dc40413c0 nmethod 9698 0x0000021dada0e090 code [0x0000021dada0e220, 0x0000021dada0e368]
Event: 8.330 Thread 0x0000021dc40413c0 9699       3       org.jetbrains.kotlin.metadata.jvm.JvmModuleProtoBuf$PackageParts::isInitialized (39 bytes)
Event: 8.330 Thread 0x0000021dc40413c0 nmethod 9699 0x0000021dadbea590 code [0x0000021dadbea740, 0x0000021dadbeaa58]
Event: 8.330 Thread 0x0000021dc40413c0 9700       3       org.jetbrains.kotlin.metadata.jvm.JvmModuleProtoBuf$PackageParts::hasPackageFqName (16 bytes)
Event: 8.330 Thread 0x0000021dc40413c0 nmethod 9700 0x0000021dada0e890 code [0x0000021dada0ea20, 0x0000021dada0eb98]
Event: 8.330 Thread 0x0000021dc40413c0 9701       3       org.jetbrains.kotlin.metadata.jvm.deserialization.PackageParts::<init> (41 bytes)
Event: 8.330 Thread 0x0000021dc40413c0 nmethod 9701 0x0000021dad3e7910 code [0x0000021dad3e7ba0, 0x0000021dad3e85a8]
Event: 8.330 Thread 0x0000021dc40413c0 9702       3       org.jetbrains.kotlin.metadata.jvm.JvmModuleProtoBuf$PackageParts$1::parsePartialFrom (11 bytes)
Event: 8.331 Thread 0x0000021dc40413c0 nmethod 9702 0x0000021dadbe2a90 code [0x0000021dadbe2c40, 0x0000021dadbe2e48]
Event: 8.331 Thread 0x0000021dc40413c0 9697       3       org.jetbrains.kotlin.com.intellij.openapi.util.Couple::of (10 bytes)
Event: 8.331 Thread 0x0000021dc40413c0 nmethod 9697 0x0000021dad81e210 code [0x0000021dad81e3c0, 0x0000021dad81e6d8]
Event: 8.331 Thread 0x0000021dc40413c0 9703       3       org.jetbrains.kotlin.metadata.jvm.deserialization.ModuleMapping$Companion::loadModuleMapping (1036 bytes)
Event: 8.331 Thread 0x0000021dc429dff0 nmethod 9669 0x0000021db4b11990 code [0x0000021db4b11b40, 0x0000021db4b12088]
Event: 8.331 Thread 0x0000021dc429dff0 9682       4       java.util.HashSet::<init> (18 bytes)
Event: 8.333 Thread 0x0000021dc429dff0 nmethod 9682 0x0000021db4b11390 code [0x0000021db4b11520, 0x0000021db4b117f8]
Event: 8.333 Thread 0x0000021dc429dff0 9705       4       kotlin.jvm.internal.Intrinsics::areEqual (22 bytes)
Event: 8.333 Thread 0x0000021dc429dff0 nmethod 9705 0x0000021db4b11090 code [0x0000021db4b11200, 0x0000021db4b11298]
Event: 8.333 Thread 0x0000021dc429dff0 9708       4       java.util.ArrayList::set (24 bytes)

GC Heap History (20 events):
Event: 4.972 GC heap after
{Heap after GC invocations=31 (full 0):
 garbage-first heap   total 232448K, used 93673K [0x0000000080000000, 0x0000000100000000)
  region size 1024K, 1 young (1024K), 1 survivors (1024K)
 Metaspace       used 63098K, committed 63680K, reserved 1105920K
  class space    used 8389K, committed 8640K, reserved 1048576K
}
Event: 5.584 GC heap before
{Heap before GC invocations=32 (full 0):
 garbage-first heap   total 232448K, used 167401K [0x0000000080000000, 0x0000000100000000)
  region size 1024K, 67 young (68608K), 1 survivors (1024K)
 Metaspace       used 70720K, committed 71424K, reserved 1114112K
  class space    used 9398K, committed 9728K, reserved 1048576K
}
Event: 5.588 GC heap after
{Heap after GC invocations=33 (full 0):
 garbage-first heap   total 232448K, used 99494K [0x0000000080000000, 0x0000000100000000)
  region size 1024K, 7 young (7168K), 7 survivors (7168K)
 Metaspace       used 70720K, committed 71424K, reserved 1114112K
  class space    used 9398K, committed 9728K, reserved 1048576K
}
Event: 5.632 GC heap before
{Heap before GC invocations=33 (full 0):
 garbage-first heap   total 232448K, used 103590K [0x0000000080000000, 0x0000000100000000)
  region size 1024K, 11 young (11264K), 7 survivors (7168K)
 Metaspace       used 71182K, committed 71872K, reserved 1114112K
  class space    used 9472K, committed 9792K, reserved 1048576K
}
Event: 5.636 GC heap after
{Heap after GC invocations=34 (full 0):
 garbage-first heap   total 232448K, used 99974K [0x0000000080000000, 0x0000000100000000)
  region size 1024K, 1 young (1024K), 1 survivors (1024K)
 Metaspace       used 71182K, committed 71872K, reserved 1114112K
  class space    used 9472K, committed 9792K, reserved 1048576K
}
Event: 6.214 GC heap before
{Heap before GC invocations=34 (full 0):
 garbage-first heap   total 232448K, used 175750K [0x0000000080000000, 0x0000000100000000)
  region size 1024K, 76 young (77824K), 1 survivors (1024K)
 Metaspace       used 78569K, committed 79232K, reserved 1122304K
  class space    used 10444K, committed 10752K, reserved 1048576K
}
Event: 6.218 GC heap after
{Heap after GC invocations=35 (full 0):
 garbage-first heap   total 232448K, used 106134K [0x0000000080000000, 0x0000000100000000)
  region size 1024K, 7 young (7168K), 7 survivors (7168K)
 Metaspace       used 78569K, committed 79232K, reserved 1122304K
  class space    used 10444K, committed 10752K, reserved 1048576K
}
Event: 6.821 GC heap before
{Heap before GC invocations=35 (full 0):
 garbage-first heap   total 232448K, used 180886K [0x0000000080000000, 0x0000000100000000)
  region size 1024K, 79 young (80896K), 7 survivors (7168K)
 Metaspace       used 85943K, committed 86592K, reserved 1130496K
  class space    used 11657K, committed 11968K, reserved 1048576K
}
Event: 6.827 GC heap after
{Heap after GC invocations=36 (full 0):
 garbage-first heap   total 232448K, used 110191K [0x0000000080000000, 0x0000000100000000)
  region size 1024K, 6 young (6144K), 6 survivors (6144K)
 Metaspace       used 85943K, committed 86592K, reserved 1130496K
  class space    used 11657K, committed 11968K, reserved 1048576K
}
Event: 7.326 GC heap before
{Heap before GC invocations=36 (full 0):
 garbage-first heap   total 232448K, used 177775K [0x0000000080000000, 0x0000000100000000)
  region size 1024K, 73 young (74752K), 6 survivors (6144K)
 Metaspace       used 92225K, committed 92928K, reserved 1130496K
  class space    used 12465K, committed 12800K, reserved 1048576K
}
Event: 7.332 GC heap after
{Heap after GC invocations=37 (full 0):
 garbage-first heap   total 232448K, used 113943K [0x0000000080000000, 0x0000000100000000)
  region size 1024K, 6 young (6144K), 6 survivors (6144K)
 Metaspace       used 92225K, committed 92928K, reserved 1130496K
  class space    used 12465K, committed 12800K, reserved 1048576K
}
Event: 7.799 GC heap before
{Heap before GC invocations=38 (full 0):
 garbage-first heap   total 232448K, used 196887K [0x0000000080000000, 0x0000000100000000)
  region size 1024K, 77 young (78848K), 6 survivors (6144K)
 Metaspace       used 100746K, committed 101568K, reserved 1138688K
  class space    used 14007K, committed 14400K, reserved 1048576K
}
Event: 7.807 GC heap after
{Heap after GC invocations=39 (full 0):
 garbage-first heap   total 232448K, used 133671K [0x0000000080000000, 0x0000000100000000)
  region size 1024K, 10 young (10240K), 10 survivors (10240K)
 Metaspace       used 100746K, committed 101568K, reserved 1138688K
  class space    used 14007K, committed 14400K, reserved 1048576K
}
Event: 7.810 GC heap before
{Heap before GC invocations=39 (full 0):
 garbage-first heap   total 232448K, used 134695K [0x0000000080000000, 0x0000000100000000)
  region size 1024K, 11 young (11264K), 10 survivors (10240K)
 Metaspace       used 100746K, committed 101568K, reserved 1138688K
  class space    used 14007K, committed 14400K, reserved 1048576K
}
Event: 7.815 GC heap after
{Heap after GC invocations=40 (full 0):
 garbage-first heap   total 232448K, used 134070K [0x0000000080000000, 0x0000000100000000)
  region size 1024K, 2 young (2048K), 2 survivors (2048K)
 Metaspace       used 100746K, committed 101568K, reserved 1138688K
  class space    used 14007K, committed 14400K, reserved 1048576K
}
Event: 7.954 GC heap before
{Heap before GC invocations=40 (full 0):
 garbage-first heap   total 232448K, used 187318K [0x0000000080000000, 0x0000000100000000)
  region size 1024K, 54 young (55296K), 2 survivors (2048K)
 Metaspace       used 100814K, committed 101568K, reserved 1138688K
  class space    used 14008K, committed 14400K, reserved 1048576K
}
Event: 7.964 GC heap after
{Heap after GC invocations=41 (full 0):
 garbage-first heap   total 232448K, used 144349K [0x0000000080000000, 0x0000000100000000)
  region size 1024K, 7 young (7168K), 7 survivors (7168K)
 Metaspace       used 100814K, committed 101568K, reserved 1138688K
  class space    used 14008K, committed 14400K, reserved 1048576K
}
Event: 8.279 GC heap before
{Heap before GC invocations=42 (full 0):
 garbage-first heap   total 252928K, used 185309K [0x0000000080000000, 0x0000000100000000)
  region size 1024K, 47 young (48128K), 7 survivors (7168K)
 Metaspace       used 104903K, committed 105664K, reserved 1146880K
  class space    used 14502K, committed 14848K, reserved 1048576K
}
Event: 8.285 GC heap after
{Heap after GC invocations=43 (full 0):
 garbage-first heap   total 252928K, used 149079K [0x0000000080000000, 0x0000000100000000)
  region size 1024K, 4 young (4096K), 4 survivors (4096K)
 Metaspace       used 104903K, committed 105664K, reserved 1146880K
  class space    used 14502K, committed 14848K, reserved 1048576K
}
Event: 8.334 GC heap before
{Heap before GC invocations=43 (full 0):
 garbage-first heap   total 252928K, used 162391K [0x0000000080000000, 0x0000000100000000)
  region size 1024K, 12 young (12288K), 4 survivors (4096K)
 Metaspace       used 105229K, committed 106048K, reserved 1146880K
  class space    used 14520K, committed 14912K, reserved 1048576K
}

Dll operation events (2 events):
Event: 0.005 Loaded shared library C:\Program Files\Android\Android Studio\jbr\bin\java.dll
Event: 0.240 Loaded shared library C:\Program Files\Android\Android Studio\jbr\bin\verify.dll

Deoptimization events (20 events):
Event: 8.224 Thread 0x0000021dc6e474d0 DEOPT PACKING pc=0x0000021db4944694 sp=0x0000002ee80f1610
Event: 8.224 Thread 0x0000021dc6e474d0 DEOPT UNPACKING pc=0x0000021db43da1a3 sp=0x0000002ee80f1598 mode 2
Event: 8.274 Thread 0x0000021dc6e474d0 DEOPT PACKING pc=0x0000021dad265467 sp=0x0000002ee80f50e0
Event: 8.274 Thread 0x0000021dc6e474d0 DEOPT UNPACKING pc=0x0000021db43dace3 sp=0x0000002ee80f4698 mode 0
Event: 8.301 Thread 0x0000021dc6e474d0 Uncommon trap: trap_request=0xffffffde fr.pc=0x0000021db4cc740c relative=0x00000000000004ac
Event: 8.301 Thread 0x0000021dc6e474d0 Uncommon trap: reason=class_check action=maybe_recompile pc=0x0000021db4cc740c method=org.jetbrains.kotlin.protobuf.CodedInputStream.tryRefillBuffer(I)Z @ 177 c2
Event: 8.301 Thread 0x0000021dc6e474d0 DEOPT PACKING pc=0x0000021db4cc740c sp=0x0000002ee80f5050
Event: 8.301 Thread 0x0000021dc6e474d0 DEOPT UNPACKING pc=0x0000021db43da1a3 sp=0x0000002ee80f4f38 mode 2
Event: 8.302 Thread 0x0000021dc6e474d0 Uncommon trap: trap_request=0xffffffde fr.pc=0x0000021db4cc740c relative=0x00000000000004ac
Event: 8.302 Thread 0x0000021dc6e474d0 Uncommon trap: reason=class_check action=maybe_recompile pc=0x0000021db4cc740c method=org.jetbrains.kotlin.protobuf.CodedInputStream.tryRefillBuffer(I)Z @ 177 c2
Event: 8.302 Thread 0x0000021dc6e474d0 DEOPT PACKING pc=0x0000021db4cc740c sp=0x0000002ee80f5050
Event: 8.302 Thread 0x0000021dc6e474d0 DEOPT UNPACKING pc=0x0000021db43da1a3 sp=0x0000002ee80f4f38 mode 2
Event: 8.304 Thread 0x0000021dc6e474d0 Uncommon trap: trap_request=0xffffffde fr.pc=0x0000021db4cc740c relative=0x00000000000004ac
Event: 8.304 Thread 0x0000021dc6e474d0 Uncommon trap: reason=class_check action=maybe_recompile pc=0x0000021db4cc740c method=org.jetbrains.kotlin.protobuf.CodedInputStream.tryRefillBuffer(I)Z @ 177 c2
Event: 8.304 Thread 0x0000021dc6e474d0 DEOPT PACKING pc=0x0000021db4cc740c sp=0x0000002ee80f5050
Event: 8.304 Thread 0x0000021dc6e474d0 DEOPT UNPACKING pc=0x0000021db43da1a3 sp=0x0000002ee80f4f38 mode 2
Event: 8.304 Thread 0x0000021dc6e474d0 Uncommon trap: trap_request=0xffffffde fr.pc=0x0000021db4cc740c relative=0x00000000000004ac
Event: 8.304 Thread 0x0000021dc6e474d0 Uncommon trap: reason=class_check action=maybe_recompile pc=0x0000021db4cc740c method=org.jetbrains.kotlin.protobuf.CodedInputStream.tryRefillBuffer(I)Z @ 177 c2
Event: 8.304 Thread 0x0000021dc6e474d0 DEOPT PACKING pc=0x0000021db4cc740c sp=0x0000002ee80f5050
Event: 8.304 Thread 0x0000021dc6e474d0 DEOPT UNPACKING pc=0x0000021db43da1a3 sp=0x0000002ee80f4f38 mode 2

Classes unloaded (0 events):
No events

Classes redefined (0 events):
No events

Internal exceptions (20 events):
Event: 6.803 Thread 0x0000021dc6e474d0 Exception <a 'java/lang/ClassNotFoundException'{0x0000000089d8d590}: com/android/build/gradle/internal/api/ApkVariantOutputImplCustomizer> (0x0000000089d8d590) 
thrown [s\src\hotspot\share\classfile\systemDictionary.cpp, line 256]
Event: 6.803 Thread 0x0000021dc6e474d0 Exception <a 'java/lang/ClassNotFoundException'{0x0000000089da8ea0}: com/android/build/gradle/internal/api/ApkVariantOutputImpl_DecoratedCustomizer> (0x0000000089da8ea0) 
thrown [s\src\hotspot\share\classfile\systemDictionary.cpp, line 256]
Event: 6.845 Thread 0x0000021dc6e474d0 Exception <a 'java/lang/ClassNotFoundException'{0x000000008e025648}: com/android/build/gradle/internal/api/ReadOnlyBuildTypeBeanInfo> (0x000000008e025648) 
thrown [s\src\hotspot\share\classfile\systemDictionary.cpp, line 256]
Event: 6.845 Thread 0x0000021dc6e474d0 Exception <a 'java/lang/ClassNotFoundException'{0x000000008e033d18}: com/android/build/gradle/internal/api/ReadOnlyBaseConfigBeanInfo> (0x000000008e033d18) 
thrown [s\src\hotspot\share\classfile\systemDictionary.cpp, line 256]
Event: 6.845 Thread 0x0000021dc6e474d0 Exception <a 'java/lang/ClassNotFoundException'{0x000000008e041968}: com/android/build/gradle/internal/api/ReadOnlyBaseConfigCustomizer> (0x000000008e041968) 
thrown [s\src\hotspot\share\classfile\systemDictionary.cpp, line 256]
Event: 6.846 Thread 0x0000021dc6e474d0 Exception <a 'java/lang/ClassNotFoundException'{0x000000008e05feb8}: com/android/build/gradle/internal/api/ReadOnlyBuildTypeCustomizer> (0x000000008e05feb8) 
thrown [s\src\hotspot\share\classfile\systemDictionary.cpp, line 256]
Event: 7.053 Thread 0x0000021dc6e474d0 Exception <a 'java/lang/NoSuchMethodError'{0x000000008beec068}: 'void java.lang.invoke.DirectMethodHandle$Holder.invokeVirtual(java.lang.Object, java.lang.Object)'> (0x000000008beec068) 
thrown [s\src\hotspot\share\interpreter\linkResolver.cpp, line 771]
Event: 7.126 Thread 0x0000021dc6e474d0 Exception <a 'java/lang/NoSuchMethodError'{0x000000008b731f30}: 'int java.lang.invoke.DelegatingMethodHandle$Holder.reinvoke_L(java.lang.Object, java.lang.Object, java.lang.Object, long, int, int)'> (0x000000008b731f30) 
thrown [s\src\hotspot\share\interpreter\linkResolver.cpp, line 771]
Event: 7.127 Thread 0x0000021dc6e474d0 Exception <a 'java/lang/NoSuchMethodError'{0x000000008b741cd8}: 'int java.lang.invoke.DelegatingMethodHandle$Holder.reinvoke_L(java.lang.Object, java.lang.Object, java.lang.Object, long, long, long)'> (0x000000008b741cd8) 
thrown [s\src\hotspot\share\interpreter\linkResolver.cpp, line 771]
Event: 7.127 Thread 0x0000021dc6e474d0 Exception <a 'java/lang/NoSuchMethodError'{0x000000008b751d88}: 'int java.lang.invoke.DelegatingMethodHandle$Holder.reinvoke_L(java.lang.Object, java.lang.Object, java.lang.Object, long, java.lang.Object, java.lang.Object)'> (0x000000008b751d88) 
thrown [s\src\hotspot\share\interpreter\linkResolver.cpp, line 771]
Event: 7.128 Thread 0x0000021dc6e474d0 Exception <a 'java/lang/NoSuchMethodError'{0x000000008b761c80}: 'void java.lang.invoke.DelegatingMethodHandle$Holder.reinvoke_L(java.lang.Object, java.lang.Object, java.lang.Object, long, java.lang.Object)'> (0x000000008b761c80) 
thrown [s\src\hotspot\share\interpreter\linkResolver.cpp, line 771]
Event: 7.128 Thread 0x0000021dc6e474d0 Exception <a 'java/lang/NoSuchMethodError'{0x000000008b76a570}: 'java.lang.Object java.lang.invoke.DirectMethodHandle$Holder.invokeSpecial(java.lang.Object, java.lang.Object, java.lang.Object, java.lang.Object, long)'> (0x000000008b76a570) 
thrown [s\src\hotspot\share\interpreter\linkResolver.cpp, line 771]
Event: 7.130 Thread 0x0000021dc6e474d0 Exception <a 'java/lang/NoSuchMethodError'{0x000000008b78f6d8}: 'long java.lang.invoke.Invokers$Holder.invoke_MT(java.lang.Object, java.lang.Object, java.lang.Object, java.lang.Object)'> (0x000000008b78f6d8) 
thrown [s\src\hotspot\share\interpreter\linkResolver.cpp, line 771]
Event: 7.130 Thread 0x0000021dc6e474d0 Exception <a 'java/lang/NoSuchMethodError'{0x000000008b7987a0}: 'int java.lang.invoke.Invokers$Holder.invoke_MT(java.lang.Object, java.lang.Object, java.lang.Object, java.lang.Object)'> (0x000000008b7987a0) 
thrown [s\src\hotspot\share\interpreter\linkResolver.cpp, line 771]
Event: 7.131 Thread 0x0000021dc6e474d0 Exception <a 'java/lang/NoSuchMethodError'{0x000000008b7a96e8}: 'int java.lang.invoke.DelegatingMethodHandle$Holder.reinvoke_L(java.lang.Object, java.lang.Object, java.lang.Object, long, int)'> (0x000000008b7a96e8) 
thrown [s\src\hotspot\share\interpreter\linkResolver.cpp, line 771]
Event: 7.132 Thread 0x0000021dc6e474d0 Exception <a 'java/lang/NoSuchMethodError'{0x000000008b7bcc98}: 'java.lang.Object java.lang.invoke.Invokers$Holder.invokeExact_MT(java.lang.Object, java.lang.Object, long, java.lang.Object)'> (0x000000008b7bcc98) 
thrown [s\src\hotspot\share\interpreter\linkResolver.cpp, line 771]
Event: 7.198 Thread 0x0000021dc6e474d0 Exception <a 'java/lang/NoSuchMethodError'{0x000000008afc8710}: 'java.lang.Object java.lang.invoke.DirectMethodHandle$Holder.invokeStaticInit(java.lang.Object, int)'> (0x000000008afc8710) 
thrown [s\src\hotspot\share\interpreter\linkResolver.cpp, line 771]
Event: 7.222 Thread 0x0000021dc6e474d0 Exception <a 'java/lang/NoSuchMethodError'{0x000000008aca71d0}: 'long java.lang.invoke.DirectMethodHandle$Holder.invokeStatic(java.lang.Object)'> (0x000000008aca71d0) 
thrown [s\src\hotspot\share\interpreter\linkResolver.cpp, line 771]
Event: 7.222 Thread 0x0000021dc6e474d0 Exception <a 'java/lang/NoSuchMethodError'{0x000000008acabd70}: 'long java.lang.invoke.DirectMethodHandle$Holder.invokeStaticInit(java.lang.Object)'> (0x000000008acabd70) 
thrown [s\src\hotspot\share\interpreter\linkResolver.cpp, line 771]
Event: 7.685 Thread 0x0000021dc6e474d0 Exception <a 'java/lang/NoSuchMethodError'{0x000000008b68a2f8}: 'java.lang.Object java.lang.invoke.Invokers$Holder.invoke_MT(java.lang.Object, java.lang.Object, java.lang.Object)'> (0x000000008b68a2f8) 
thrown [s\src\hotspot\share\interpreter\linkResolver.cpp, line 771]

VM Operations (20 events):
Event: 7.697 Executing VM operation: HandshakeAllThreads done
Event: 7.773 Executing VM operation: HandshakeAllThreads
Event: 7.773 Executing VM operation: HandshakeAllThreads done
Event: 7.799 Executing VM operation: G1CollectForAllocation
Event: 7.807 Executing VM operation: G1CollectForAllocation done
Event: 7.809 Executing VM operation: HandshakeAllThreads
Event: 7.809 Executing VM operation: HandshakeAllThreads done
Event: 7.809 Executing VM operation: G1CollectForAllocation
Event: 7.815 Executing VM operation: G1CollectForAllocation done
Event: 7.824 Executing VM operation: HandshakeAllThreads
Event: 7.825 Executing VM operation: HandshakeAllThreads done
Event: 7.954 Executing VM operation: G1CollectForAllocation
Event: 7.964 Executing VM operation: G1CollectForAllocation done
Event: 8.022 Executing VM operation: G1Concurrent
Event: 8.024 Executing VM operation: G1Concurrent done
Event: 8.050 Executing VM operation: G1Concurrent
Event: 8.050 Executing VM operation: G1Concurrent done
Event: 8.279 Executing VM operation: G1CollectForAllocation
Event: 8.285 Executing VM operation: G1CollectForAllocation done
Event: 8.334 Executing VM operation: G1CollectForAllocation

Events (20 events):
Event: 7.835 Thread 0x0000021dc4041db0 flushing nmethod 0x0000021dadc99c90
Event: 7.835 Thread 0x0000021dc4041db0 flushing nmethod 0x0000021dadcccb10
Event: 7.835 Thread 0x0000021dc4041db0 flushing nmethod 0x0000021dadccef10
Event: 7.835 Thread 0x0000021dc4041db0 flushing nmethod 0x0000021dadd68610
Event: 7.835 Thread 0x0000021dc4041db0 flushing nmethod 0x0000021dadd88d90
Event: 7.835 Thread 0x0000021dc4041db0 flushing nmethod 0x0000021daddc3310
Event: 7.835 Thread 0x0000021dc4041db0 flushing nmethod 0x0000021daddc3c90
Event: 7.835 Thread 0x0000021dc4041db0 flushing nmethod 0x0000021daddd0310
Event: 7.835 Thread 0x0000021dc4041db0 flushing nmethod 0x0000021daddd0610
Event: 7.835 Thread 0x0000021dc4041db0 flushing nmethod 0x0000021dadde8690
Event: 7.835 Thread 0x0000021dc4041db0 flushing nmethod 0x0000021dadde9c10
Event: 7.835 Thread 0x0000021dc4041db0 flushing nmethod 0x0000021daddea790
Event: 7.835 Thread 0x0000021dc4041db0 flushing nmethod 0x0000021daddeb990
Event: 7.835 Thread 0x0000021dc4041db0 flushing nmethod 0x0000021dadded310
Event: 7.835 Thread 0x0000021dc4041db0 flushing nmethod 0x0000021daddf4590
Event: 7.835 Thread 0x0000021dc4041db0 flushing nmethod 0x0000021daddf8f10
Event: 7.997 loading class java/nio/channels/Channels$ReadableByteChannelImpl
Event: 7.997 loading class java/nio/channels/Channels$ReadableByteChannelImpl done
Event: 7.998 loading class java/nio/channels/NonWritableChannelException
Event: 7.998 loading class java/nio/channels/NonWritableChannelException done


Dynamic libraries:
0x00007ff69eb80000 - 0x00007ff69eb8a000 	C:\Program Files\Android\Android Studio\jbr\bin\java.exe
0x00007ff9dfd70000 - 0x00007ff9dff87000 	C:\WINDOWS\SYSTEM32\ntdll.dll
0x00007ff9dee90000 - 0x00007ff9def54000 	C:\WINDOWS\System32\KERNEL32.DLL
0x00007ff9dd0e0000 - 0x00007ff9dd485000 	C:\WINDOWS\System32\KERNELBASE.dll
0x00007ff9dd5e0000 - 0x00007ff9dd6f1000 	C:\WINDOWS\System32\ucrtbase.dll
0x00007ff9af380000 - 0x00007ff9af397000 	C:\Program Files\Android\Android Studio\jbr\bin\jli.dll
0x00007ff9ba090000 - 0x00007ff9ba0ab000 	C:\Program Files\Android\Android Studio\jbr\bin\VCRUNTIME140.dll
0x00007ff9de860000 - 0x00007ff9dea0e000 	C:\WINDOWS\System32\USER32.dll
0x00007ff9dd5b0000 - 0x00007ff9dd5d6000 	C:\WINDOWS\System32\win32u.dll
0x00007ff9c0720000 - 0x00007ff9c09b3000 	C:\WINDOWS\WinSxS\amd64_microsoft.windows.common-controls_6595b64144ccf1df_6.0.22621.2506_none_270c5ae97388e100\COMCTL32.dll
0x00007ff9df360000 - 0x00007ff9df389000 	C:\WINDOWS\System32\GDI32.dll
0x00007ff9dd490000 - 0x00007ff9dd5a9000 	C:\WINDOWS\System32\gdi32full.dll
0x00007ff9df120000 - 0x00007ff9df1c7000 	C:\WINDOWS\System32\msvcrt.dll
0x00007ff9dd9b0000 - 0x00007ff9dda4a000 	C:\WINDOWS\System32\msvcp_win.dll
0x00007ff9de720000 - 0x00007ff9de751000 	C:\WINDOWS\System32\IMM32.DLL
0x00007ff9c8b40000 - 0x00007ff9c8b4c000 	C:\Program Files\Android\Android Studio\jbr\bin\vcruntime140_1.dll
0x00007ff9b86d0000 - 0x00007ff9b875d000 	C:\Program Files\Android\Android Studio\jbr\bin\msvcp140.dll
0x00007ff997f00000 - 0x00007ff998b6e000 	C:\Program Files\Android\Android Studio\jbr\bin\server\jvm.dll
0x00007ff9ddb20000 - 0x00007ff9ddbd1000 	C:\WINDOWS\System32\ADVAPI32.dll
0x00007ff9df390000 - 0x00007ff9df436000 	C:\WINDOWS\System32\sechost.dll
0x00007ff9dfc10000 - 0x00007ff9dfd27000 	C:\WINDOWS\System32\RPCRT4.dll
0x00007ff9d7f20000 - 0x00007ff9d7f29000 	C:\WINDOWS\SYSTEM32\WSOCK32.dll
0x00007ff9d59c0000 - 0x00007ff9d59f4000 	C:\WINDOWS\SYSTEM32\WINMM.dll
0x00007ff9d3c70000 - 0x00007ff9d3c7a000 	C:\WINDOWS\SYSTEM32\VERSION.dll
0x00007ff9df2b0000 - 0x00007ff9df321000 	C:\WINDOWS\System32\WS2_32.dll
0x00007ff9dc080000 - 0x00007ff9dc098000 	C:\WINDOWS\SYSTEM32\kernel.appcore.dll
0x00007ff9d5b30000 - 0x00007ff9d5b3a000 	C:\Program Files\Android\Android Studio\jbr\bin\jimage.dll
0x00007ff9da910000 - 0x00007ff9dab43000 	C:\WINDOWS\SYSTEM32\DBGHELP.DLL
0x00007ff9dea10000 - 0x00007ff9ded99000 	C:\WINDOWS\System32\combase.dll
0x00007ff9df1d0000 - 0x00007ff9df2a7000 	C:\WINDOWS\System32\OLEAUT32.dll
0x00007ff9cb1a0000 - 0x00007ff9cb1d2000 	C:\WINDOWS\SYSTEM32\dbgcore.DLL
0x00007ff9dd930000 - 0x00007ff9dd9aa000 	C:\WINDOWS\System32\bcryptPrimitives.dll
0x00007ff9ba040000 - 0x00007ff9ba065000 	C:\Program Files\Android\Android Studio\jbr\bin\java.dll
0x00007ff9b9490000 - 0x00007ff9b94a8000 	C:\Program Files\Android\Android Studio\jbr\bin\zip.dll
0x00007ff9ddda0000 - 0x00007ff9de5f9000 	C:\WINDOWS\System32\SHELL32.dll
0x00007ff9db100000 - 0x00007ff9db9f4000 	C:\WINDOWS\SYSTEM32\windows.storage.dll
0x00007ff9dafc0000 - 0x00007ff9db0fe000 	C:\WINDOWS\SYSTEM32\wintypes.dll
0x00007ff9de760000 - 0x00007ff9de853000 	C:\WINDOWS\System32\SHCORE.dll
0x00007ff9de6c0000 - 0x00007ff9de71e000 	C:\WINDOWS\System32\shlwapi.dll
0x00007ff9dd010000 - 0x00007ff9dd036000 	C:\WINDOWS\SYSTEM32\profapi.dll
0x00007ff9af7c0000 - 0x00007ff9af7d9000 	C:\Program Files\Android\Android Studio\jbr\bin\net.dll
0x00007ff9d7350000 - 0x00007ff9d7487000 	C:\WINDOWS\SYSTEM32\WINHTTP.dll
0x00007ff9dc560000 - 0x00007ff9dc5c9000 	C:\WINDOWS\system32\mswsock.dll
0x00007ff9af540000 - 0x00007ff9af556000 	C:\Program Files\Android\Android Studio\jbr\bin\nio.dll
0x00007ff9c0c00000 - 0x00007ff9c0c10000 	C:\Program Files\Android\Android Studio\jbr\bin\verify.dll
0x00007ff9ba140000 - 0x00007ff9ba167000 	C:\Users\User\.gradle\native\68d5fa5c4cc2d200863cafc0d521ce42e7d3e7ee720ec0a83991735586a16f82\windows-amd64\native-platform.dll
0x00007ff9aea70000 - 0x00007ff9aebb4000 	C:\Users\User\.gradle\native\e376f236ea51e6404a007f0833ffe2c6e607c4080706a723a18a27aeea778392\windows-amd64\native-platform-file-events.dll
0x00007ff9bf220000 - 0x00007ff9bf229000 	C:\Program Files\Android\Android Studio\jbr\bin\management.dll
0x00007ff9b8420000 - 0x00007ff9b842b000 	C:\Program Files\Android\Android Studio\jbr\bin\management_ext.dll
0x00007ff9df8c0000 - 0x00007ff9df8c8000 	C:\WINDOWS\System32\PSAPI.DLL
0x00007ff9dc830000 - 0x00007ff9dc84b000 	C:\WINDOWS\SYSTEM32\CRYPTSP.dll
0x00007ff9dc040000 - 0x00007ff9dc075000 	C:\WINDOWS\system32\rsaenh.dll
0x00007ff9dc650000 - 0x00007ff9dc67c000 	C:\WINDOWS\SYSTEM32\USERENV.dll
0x00007ff9dca80000 - 0x00007ff9dcaa8000 	C:\WINDOWS\SYSTEM32\bcrypt.dll
0x00007ff9dc7b0000 - 0x00007ff9dc7bc000 	C:\WINDOWS\SYSTEM32\CRYPTBASE.dll
0x00007ff9dbb50000 - 0x00007ff9dbb7d000 	C:\WINDOWS\SYSTEM32\IPHLPAPI.DLL
0x00007ff9ddc00000 - 0x00007ff9ddc09000 	C:\WINDOWS\System32\NSI.dll
0x00007ff9d54b0000 - 0x00007ff9d54c9000 	C:\WINDOWS\SYSTEM32\dhcpcsvc6.DLL
0x00007ff9d5490000 - 0x00007ff9d54af000 	C:\WINDOWS\SYSTEM32\dhcpcsvc.DLL
0x00007ff9dbb80000 - 0x00007ff9dbc79000 	C:\WINDOWS\SYSTEM32\DNSAPI.dll
0x00007ff9af630000 - 0x00007ff9af638000 	C:\WINDOWS\system32\wshunix.dll

dbghelp: loaded successfully - version: 4.0.5 - missing functions: none
symbol engine: initialized successfully - sym options: 0x614 - pdb path: .;C:\Program Files\Android\Android Studio\jbr\bin;C:\WINDOWS\SYSTEM32;C:\WINDOWS\WinSxS\amd64_microsoft.windows.common-controls_6595b64144ccf1df_6.0.22621.2506_none_270c5ae97388e100;C:\Program Files\Android\Android Studio\jbr\bin\server;C:\Users\User\.gradle\native\68d5fa5c4cc2d200863cafc0d521ce42e7d3e7ee720ec0a83991735586a16f82\windows-amd64;C:\Users\User\.gradle\native\e376f236ea51e6404a007f0833ffe2c6e607c4080706a723a18a27aeea778392\windows-amd64

VM Arguments:
jvm_args: --add-opens=java.base/java.util=ALL-UNNAMED --add-opens=java.base/java.lang=ALL-UNNAMED --add-opens=java.base/java.lang.invoke=ALL-UNNAMED --add-opens=java.prefs/java.util.prefs=ALL-UNNAMED --add-opens=java.base/java.nio.charset=ALL-UNNAMED --add-opens=java.base/java.net=ALL-UNNAMED --add-opens=java.base/java.util.concurrent.atomic=ALL-UNNAMED -Xmx2048m -Dfile.encoding=UTF-8 -Duser.country=US -Duser.language=en -Duser.variant 
java_command: org.gradle.launcher.daemon.bootstrap.GradleDaemon 8.0
java_class_path (initial): C:\Users\User\.gradle\wrapper\dists\gradle-8.0-bin\ca5e32bp14vu59qr306oxotwh\gradle-8.0\lib\gradle-launcher-8.0.jar
Launcher Type: SUN_STANDARD

[Global flags]
     intx CICompilerCount                          = 4                                         {product} {ergonomic}
     uint ConcGCThreads                            = 2                                         {product} {ergonomic}
     uint G1ConcRefinementThreads                  = 8                                         {product} {ergonomic}
   size_t G1HeapRegionSize                         = 1048576                                   {product} {ergonomic}
    uintx GCDrainStackTargetSize                   = 64                                        {product} {ergonomic}
   size_t InitialHeapSize                          = 132120576                                 {product} {ergonomic}
   size_t MarkStackSize                            = 4194304                                   {product} {ergonomic}
   size_t MaxHeapSize                              = 2147483648                                {product} {command line}
   size_t MaxNewSize                               = 1287651328                                {product} {ergonomic}
   size_t MinHeapDeltaBytes                        = 1048576                                   {product} {ergonomic}
   size_t MinHeapSize                              = 8388608                                   {product} {ergonomic}
    uintx NonNMethodCodeHeapSize                   = 5839372                                {pd product} {ergonomic}
    uintx NonProfiledCodeHeapSize                  = 122909434                              {pd product} {ergonomic}
    uintx ProfiledCodeHeapSize                     = 122909434                              {pd product} {ergonomic}
    uintx ReservedCodeCacheSize                    = 251658240                              {pd product} {ergonomic}
     bool SegmentedCodeCache                       = true                                      {product} {ergonomic}
   size_t SoftMaxHeapSize                          = 2147483648                             {manageable} {ergonomic}
     bool UseCompressedClassPointers               = true                           {product lp64_product} {ergonomic}
     bool UseCompressedOops                        = true                           {product lp64_product} {ergonomic}
     bool UseG1GC                                  = true                                      {product} {ergonomic}
     bool UseLargePagesIndividualAllocation        = false                                  {pd product} {ergonomic}

Logging:
Log output configuration:
 #0: stdout all=warning uptime,level,tags
 #1: stderr all=off uptime,level,tags

Environment Variables:
JAVA_HOME=C:\Program Files\Java\jdk-20.0.1
PATH=C:\Program Files (x86)\Common Files\Oracle\Java\javapath;C:\Python311\Scripts\;C:\Python311\;C:\Program Files (x86)\Falcon\MinGW\bin;C:\WINDOWS\system32;C:\WINDOWS;C:\WINDOWS\System32\Wbem;C:\WINDOWS\System32\WindowsPowerShell\v1.0\;C:\WINDOWS\System32\OpenSSH\;C:\Program Files\Microsoft SQL Server\130\Tools\Binn\;C:\sqlite3;C:\Program Files (x86)\Microsoft SQL Server\150\DTS\Binn\;C:\Program Files\Azure Data Studio\bin;C:\Program Files\Microsoft SQL Server\Client SDK\ODBC\170\Tools\Binn\;C:\Program Files (x86)\Microsoft SQL Server\150\Tools\Binn\;C:\Program Files\Microsoft SQL Server\150\Tools\Binn\;C:\Program Files\Microsoft SQL Server\150\DTS\Binn\;C:\xampp\php;C:\ProgramData\ComposerSetup\bin;C:\Program Files\dotnet\;C:\Users\User\AppData\Local\Android\Sdk\cmdline-tools\bin;C:\Program Files\Java\;C:\Program Files\Git\cmd;C:\Program Files\nodejs\;C:\ProgramData\chocolatey\bin;C:\Program Files (x86)\GTK2-Runtime\lib;C:\Program Files (x86)\Common Files\Oracle\Java\javapath;C:\Python311\Scripts\;C:\Python311\;C:\Program Files (x86)\Falcon\MinGW\bin;C:\WINDOWS\system32;C:\WINDOWS;C:\WINDOWS\System32\Wbem;C:\WINDOWS\System32\WindowsPowerShell\v1.0\;C:\WINDOWS\System32\OpenSSH\;C:\Program Files\Microsoft SQL Server\130\Tools\Binn\;C:\sqlite3;C:\Program Files (x86)\Microsoft SQL Server\150\DTS\Binn\;C:\Program Files\Azure Data Studio\bin;C:\Program Files\Microsoft SQL Server\Client SDK\ODBC\170\Tools\Binn\;C:\Program Files (x86)\Microsoft SQL Server\150\Tools\Binn\;C:\Program Files\Microsoft SQL Server\150\Tools\Binn\;C:\Program Files\Microsoft SQL Server\150\DTS\Binn\;C:\xampp\php;C:\ProgramData\ComposerSetup\bin;C:\Program Files\dotnet\;C:\Users\User\AppData\Local\Android\Sdk\cmdline-tools\bin;C:\Program Files\Java\;C:\Program Files\Git\cmd;C:\Program Files\nodejs\;C:\ProgramData\chocolatey\bin;C:\Program Files (x86)\GTK2-Runtime\lib;C:\Program Files\nodejs\node_modules\npm\bin;C:\Program Files\MySQL\MySQL Shell 8.0\bin\;C:\Users\User\AppData\Local\Microsoft\Windows
USERNAME=User
OS=Windows_NT
PROCESSOR_IDENTIFIER=Intel64 Family 6 Model 140 Stepping 1, GenuineIntel
TMP=C:\Users\User\AppData\Local\Temp
TEMP=C:\Users\User\AppData\Local\Temp


JNI global refs:
JNI global refs: 26, weak refs: 4

JNI global refs memory usage: 843, weak refs: 841


---------------  S Y S T E M  ---------------

OS:
 Windows 11 , 64 bit Build 22621 (10.0.22621.2506)
OS uptime: 0 days 16:34 hours

CPU: total 8 (initial active 8) (4 cores per cpu, 2 threads per core) family 6 model 140 stepping 1 microcode 0x78, cx8, cmov, fxsr, ht, mmx, 3dnowpref, sse, sse2, sse3, ssse3, sse4.1, sse4.2, popcnt, lzcnt, tsc, tscinvbit, avx, avx2, aes, erms, clmul, bmi1, bmi2, adx, avx512f, avx512dq, avx512cd, avx512bw, avx512vl, sha, fma, vzeroupper, avx512_vpopcntdq, avx512_vpclmulqdq, avx512_vaes, avx512_vnni, clflush, clflushopt, clwb, avx512_vbmi2, avx512_vbmi

Memory: 4k page, system-wide physical 7991M (485M free)
TotalPageFile size 10039M (AvailPageFile size 18M)
current process WorkingSet (physical memory assigned to process): 528M, peak: 530M
current process commit charge ("private bytes"): 563M, peak: 921M

vm_info: OpenJDK 64-Bit Server VM (17.0.6+0-b2043.56-10027231) for windows-amd64 JRE (17.0.6+0-b2043.56-10027231), built on Apr 28 2023 00:43:19 by "androidbuild" with MS VC++ 16.10 / 16.11 (VS2019)

END.
