#
# There is insufficient memory for the Java Runtime Environment to continue.
# Native memory allocation (mmap) failed to map 17825792 bytes for G1 virtual space
# Possible reasons:
#   The system is out of physical RAM or swap space
#   The process is running with CompressedOops enabled, and the Java Heap may be blocking the growth of the native heap
# Possible solutions:
#   Reduce memory load on the system
#   Increase physical memory or swap space
#   Check if swap backing store is full
#   Decrease Java heap size (-Xmx/-Xms)
#   Decrease number of Java threads
#   Decrease Java thread stack sizes (-Xss)
#   Set larger code cache with -XX:ReservedCodeCacheSize=
#   JVM is running with Unscaled Compressed Oops mode in which the Java heap is
#     placed in the first 4GB address space. The Java Heap base address is the
#     maximum limit for the native heap growth. Please use -XX:HeapBaseMinAddress
#     to set the Java Heap base and to place the Java Heap above 4GB virtual address.
# This output file may be truncated or incomplete.
#
#  Out of Memory Error (os_windows.cpp:3769), pid=11948, tid=10600
#
# JRE version: OpenJDK Runtime Environment (17.0.6) (build 17.0.6+0-b2043.56-10027231)
# Java VM: OpenJDK 64-Bit Server VM (17.0.6+0-b2043.56-10027231, mixed mode, tiered, compressed oops, compressed class ptrs, g1 gc, windows-amd64)
# No core dump will be written. Minidumps are not enabled by default on client versions of Windows
#

---------------  S U M M A R Y ------------

Command Line: org.jetbrains.kotlin.cli.jvm.K2JVMCompiler @C:\Users\User\AndroidStudioProjects\RepairPal\customer\build\20231128_5407702011945344944.compiler.options

Host: 11th Gen Intel(R) Core(TM) i5-1135G7 @ 2.40GHz, 8 cores, 7G,  Windows 11 , 64 bit Build 22621 (10.0.22621.2506)
Time: Tue Nov 28 10:30:19 2023 E. Africa Standard Time elapsed time: 7.761882 seconds (0d 0h 0m 7s)

---------------  T H R E A D  ---------------

Current thread (0x000001525cc4f930):  VMThread "VM Thread" [stack: 0x0000002832100000,0x0000002832200000] [id=10600]

Stack: [0x0000002832100000,0x0000002832200000]
Native frames: (J=compiled Java code, j=interpreted, Vv=VM code, C=native code)
V  [jvm.dll+0x683c9a]
V  [jvm.dll+0x8427a4]
V  [jvm.dll+0x843f9e]
V  [jvm.dll+0x844603]
V  [jvm.dll+0x249b75]
V  [jvm.dll+0x680b69]
V  [jvm.dll+0x67505a]
V  [jvm.dll+0x309acb]
V  [jvm.dll+0x310f86]
V  [jvm.dll+0x3608ee]
V  [jvm.dll+0x360b1f]
V  [jvm.dll+0x2dfbf8]
V  [jvm.dll+0x2e2ce6]
V  [jvm.dll+0x2ed478]
V  [jvm.dll+0x322150]
V  [jvm.dll+0x848ccb]
V  [jvm.dll+0x849a04]
V  [jvm.dll+0x849f1d]
V  [jvm.dll+0x84a2f4]
V  [jvm.dll+0x84a3c0]
V  [jvm.dll+0x7f274a]
V  [jvm.dll+0x682ad5]
C  [ucrtbase.dll+0x29363]
C  [KERNEL32.DLL+0x1257d]
C  [ntdll.dll+0x5aa58]

VM_Operation (0x0000002831dff870): G1Concurrent, mode: safepoint, requested by thread 0x0000015241078b80


---------------  P R O C E S S  ---------------

Threads class SMR info:
_java_thread_list=0x000001525dc0f2d0, length=14, elements={
0x000001524100c590, 0x000001525d816680, 0x000001525d817140, 0x000001525cc67990,
0x000001525d83d500, 0x000001525d83fdd0, 0x000001525d8426a0, 0x000001525d843340,
0x000001525d843cf0, 0x000001525d8445f0, 0x000001525d9b9040, 0x000001525d9c4960,
0x000001525da11820, 0x000001525e0639d0
}

Java Threads: ( => current thread )
  0x000001524100c590 JavaThread "main" [_thread_blocked, id=15776, stack(0x0000002831b00000,0x0000002831c00000)]
  0x000001525d816680 JavaThread "Reference Handler" daemon [_thread_blocked, id=15208, stack(0x0000002832200000,0x0000002832300000)]
  0x000001525d817140 JavaThread "Finalizer" daemon [_thread_blocked, id=14868, stack(0x0000002832300000,0x0000002832400000)]
  0x000001525cc67990 JavaThread "Signal Dispatcher" daemon [_thread_blocked, id=15124, stack(0x0000002832400000,0x0000002832500000)]
  0x000001525d83d500 JavaThread "Attach Listener" daemon [_thread_blocked, id=13188, stack(0x0000002832500000,0x0000002832600000)]
  0x000001525d83fdd0 JavaThread "Service Thread" daemon [_thread_blocked, id=16088, stack(0x0000002832600000,0x0000002832700000)]
  0x000001525d8426a0 JavaThread "Monitor Deflation Thread" daemon [_thread_blocked, id=8048, stack(0x0000002832700000,0x0000002832800000)]
  0x000001525d843340 JavaThread "C2 CompilerThread0" daemon [_thread_blocked, id=13044, stack(0x0000002832800000,0x0000002832900000)]
  0x000001525d843cf0 JavaThread "C1 CompilerThread0" daemon [_thread_blocked, id=12492, stack(0x0000002832900000,0x0000002832a00000)]
  0x000001525d8445f0 JavaThread "Sweeper thread" daemon [_thread_blocked, id=10184, stack(0x0000002832a00000,0x0000002832b00000)]
  0x000001525d9b9040 JavaThread "Notification Thread" daemon [_thread_blocked, id=15136, stack(0x0000002832b00000,0x0000002832c00000)]
  0x000001525d9c4960 JavaThread "Common-Cleaner" daemon [_thread_blocked, id=11372, stack(0x0000002832d00000,0x0000002832e00000)]
  0x000001525da11820 JavaThread "C2 CompilerThread1" daemon [_thread_blocked, id=7084, stack(0x0000002832e00000,0x0000002832f00000)]
  0x000001525e0639d0 JavaThread "C2 CompilerThread2" daemon [_thread_blocked, id=15052, stack(0x0000002833300000,0x0000002833400000)]

Other Threads:
=>0x000001525cc4f930 VMThread "VM Thread" [stack: 0x0000002832100000,0x0000002832200000] [id=10600]
  0x000001524107f170 WatcherThread [stack: 0x0000002832c00000,0x0000002832d00000] [id=8332]
  0x0000015241068370 GCTaskThread "GC Thread#0" [stack: 0x0000002831c00000,0x0000002831d00000] [id=11688]
  0x000001525dfcb440 GCTaskThread "GC Thread#1" [stack: 0x0000002832f00000,0x0000002833000000] [id=3544]
  0x000001525dfcb6f0 GCTaskThread "GC Thread#2" [stack: 0x0000002833000000,0x0000002833100000] [id=9568]
  0x000001525e007030 GCTaskThread "GC Thread#3" [stack: 0x0000002833100000,0x0000002833200000] [id=11956]
  0x000001525e0074f0 GCTaskThread "GC Thread#4" [stack: 0x0000002833200000,0x0000002833300000] [id=1780]
  0x000001525e2acf30 GCTaskThread "GC Thread#5" [stack: 0x0000002833400000,0x0000002833500000] [id=11464]
  0x000001525effcd00 GCTaskThread "GC Thread#6" [stack: 0x0000002833500000,0x0000002833600000] [id=14340]
  0x000001525edae220 GCTaskThread "GC Thread#7" [stack: 0x0000002833600000,0x0000002833700000] [id=7196]
  0x0000015241078b80 ConcurrentGCThread "G1 Main Marker" [stack: 0x0000002831d00000,0x0000002831e00000] [id=12964]
  0x00000152410794a0 ConcurrentGCThread "G1 Conc#0" [stack: 0x0000002831e00000,0x0000002831f00000] [id=1756]
  0x000001525edacca0 ConcurrentGCThread "G1 Conc#1" [stack: 0x0000002833700000,0x0000002833800000] [id=9824]
  0x00000152410ce850 ConcurrentGCThread "G1 Refine#0" [stack: 0x0000002831f00000,0x0000002832000000] [id=15896]
  0x00000152624e0720 ConcurrentGCThread "G1 Refine#1" [stack: 0x0000002833800000,0x0000002833900000] [id=10344]
  0x00000152624dd640 ConcurrentGCThread "G1 Refine#2" [stack: 0x0000002833900000,0x0000002833a00000] [id=1828]
  0x00000152624e0a00 ConcurrentGCThread "G1 Refine#3" [stack: 0x0000002833a00000,0x0000002833b00000] [id=11708]
  0x000001525caa7350 ConcurrentGCThread "G1 Service" [stack: 0x0000002832000000,0x0000002832100000] [id=10956]

Threads with active compile tasks:
C2 CompilerThread0     8292 13050       4       org.jetbrains.kotlin.ir.declarations.IrFunction::transformChildren (99 bytes)
C2 CompilerThread2     8292 13051       4       org.jetbrains.kotlin.ir.declarations.IrValueParameter::transform (25 bytes)

VM state: at safepoint (normal execution)

VM Mutex/Monitor currently owned by a thread:  ([mutex/lock_event])
[0x00000152410092f0] Threads_lock - owner thread: 0x000001525cc4f930
[0x0000015241008180] Heap_lock - owner thread: 0x0000015241078b80

Heap address: 0x0000000083200000, size: 1998 MB, Compressed Oops mode: 32-bit

CDS archive(s) not mapped
Compressed class space mapped at: 0x0000000100000000-0x0000000140000000, reserved size: 1073741824
Narrow klass base: 0x0000000000000000, Narrow klass shift: 3, Narrow klass range: 0x140000000

GC Precious Log:
 CPUs: 8 total, 8 available
 Memory: 7991M
 Large Page Support: Disabled
 NUMA Support: Disabled
 Compressed Oops: Enabled (32-bit)
 Heap Region Size: 1M
 Heap Min Capacity: 8M
 Heap Initial Capacity: 126M
 Heap Max Capacity: 1998M
 Pre-touch: Disabled
 Parallel Workers: 8
 Concurrent Workers: 2
 Concurrent Refinement Workers: 8
 Periodic GC: Disabled

Heap:
 garbage-first heap   total 155648K, used 101802K [0x0000000083200000, 0x0000000100000000)
  region size 1024K, 8 young (8192K), 2 survivors (2048K)
 Metaspace       used 81584K, committed 81984K, reserved 1122304K
  class space    used 9283K, committed 9472K, reserved 1048576K

Heap Regions: E=young(eden), S=young(survivor), O=old, HS=humongous(starts), HC=humongous(continues), CS=collection set, F=free, OA=open archive, CA=closed archive, TAMS=top-at-mark-start (previous, next)
|   0|0x0000000083200000, 0x0000000083300000, 0x0000000083300000|100%|HS|  |TAMS 0x0000000083300000, 0x0000000083200000| Complete 
|   1|0x0000000083300000, 0x0000000083400000, 0x0000000083400000|100%|HC|  |TAMS 0x0000000083400000, 0x0000000083300000| Complete 
|   2|0x0000000083400000, 0x0000000083500000, 0x0000000083500000|100%|HC|  |TAMS 0x0000000083500000, 0x0000000083400000| Complete 
|   3|0x0000000083500000, 0x0000000083600000, 0x0000000083600000|100%|HC|  |TAMS 0x0000000083600000, 0x0000000083500000| Complete 
|   4|0x0000000083600000, 0x0000000083700000, 0x0000000083700000|100%| O|  |TAMS 0x0000000083700000, 0x0000000083600000| Untracked 
|   5|0x0000000083700000, 0x0000000083800000, 0x0000000083800000|100%| O|  |TAMS 0x0000000083800000, 0x0000000083700000| Untracked 
|   6|0x0000000083800000, 0x0000000083900000, 0x0000000083900000|100%| O|  |TAMS 0x0000000083900000, 0x0000000083800000| Untracked 
|   7|0x0000000083900000, 0x0000000083a00000, 0x0000000083a00000|100%|HS|  |TAMS 0x0000000083a00000, 0x0000000083900000| Complete 
|   8|0x0000000083a00000, 0x0000000083b00000, 0x0000000083b00000|100%|HC|  |TAMS 0x0000000083b00000, 0x0000000083a00000| Complete 
|   9|0x0000000083b00000, 0x0000000083c00000, 0x0000000083c00000|100%|HC|  |TAMS 0x0000000083c00000, 0x0000000083b00000| Complete 
|  10|0x0000000083c00000, 0x0000000083d00000, 0x0000000083d00000|100%|HC|  |TAMS 0x0000000083d00000, 0x0000000083c00000| Complete 
|  11|0x0000000083d00000, 0x0000000083e00000, 0x0000000083e00000|100%| O|  |TAMS 0x0000000083e00000, 0x0000000083d00000| Untracked 
|  12|0x0000000083e00000, 0x0000000083f00000, 0x0000000083f00000|100%| O|  |TAMS 0x0000000083f00000, 0x0000000083e00000| Untracked 
|  13|0x0000000083f00000, 0x0000000084000000, 0x0000000084000000|100%| O|  |TAMS 0x0000000084000000, 0x0000000083f00000| Untracked 
|  14|0x0000000084000000, 0x0000000084100000, 0x0000000084100000|100%| O|  |TAMS 0x0000000084100000, 0x0000000084000000| Untracked 
|  15|0x0000000084100000, 0x0000000084200000, 0x0000000084200000|100%| O|  |TAMS 0x0000000084200000, 0x0000000084100000| Updating 
|  16|0x0000000084200000, 0x0000000084300000, 0x0000000084300000|100%| O|  |TAMS 0x0000000084300000, 0x0000000084200000| Untracked 
|  17|0x0000000084300000, 0x0000000084400000, 0x0000000084400000|100%| O|  |TAMS 0x0000000084400000, 0x0000000084300000| Untracked 
|  18|0x0000000084400000, 0x0000000084500000, 0x0000000084500000|100%| O|  |TAMS 0x0000000084500000, 0x0000000084400000| Untracked 
|  19|0x0000000084500000, 0x0000000084600000, 0x0000000084600000|100%| O|  |TAMS 0x0000000084600000, 0x0000000084500000| Untracked 
|  20|0x0000000084600000, 0x0000000084700000, 0x0000000084700000|100%| O|  |TAMS 0x0000000084700000, 0x0000000084600000| Untracked 
|  21|0x0000000084700000, 0x0000000084800000, 0x0000000084800000|100%| O|  |TAMS 0x0000000084800000, 0x0000000084700000| Untracked 
|  22|0x0000000084800000, 0x0000000084900000, 0x0000000084900000|100%| O|  |TAMS 0x0000000084900000, 0x0000000084800000| Updating 
|  23|0x0000000084900000, 0x0000000084a00000, 0x0000000084a00000|100%| O|  |TAMS 0x0000000084a00000, 0x0000000084900000| Untracked 
|  24|0x0000000084a00000, 0x0000000084b00000, 0x0000000084b00000|100%| O|  |TAMS 0x0000000084b00000, 0x0000000084a00000| Untracked 
|  25|0x0000000084b00000, 0x0000000084c00000, 0x0000000084c00000|100%| O|  |TAMS 0x0000000084c00000, 0x0000000084b00000| Untracked 
|  26|0x0000000084c00000, 0x0000000084d00000, 0x0000000084d00000|100%| O|  |TAMS 0x0000000084d00000, 0x0000000084c00000| Untracked 
|  27|0x0000000084d00000, 0x0000000084e00000, 0x0000000084e00000|100%| O|  |TAMS 0x0000000084e00000, 0x0000000084d00000| Updating 
|  28|0x0000000084e00000, 0x0000000084f00000, 0x0000000084f00000|100%|HS|  |TAMS 0x0000000084f00000, 0x0000000084e00000| Complete 
|  29|0x0000000084f00000, 0x0000000085000000, 0x0000000085000000|100%|HC|  |TAMS 0x0000000085000000, 0x0000000084f00000| Complete 
|  30|0x0000000085000000, 0x0000000085100000, 0x0000000085100000|100%| O|  |TAMS 0x0000000085100000, 0x0000000085000000| Untracked 
|  31|0x0000000085100000, 0x0000000085200000, 0x0000000085200000|100%| O|  |TAMS 0x0000000085200000, 0x0000000085100000| Untracked 
|  32|0x0000000085200000, 0x0000000085300000, 0x0000000085300000|100%| O|  |TAMS 0x0000000085300000, 0x0000000085200000| Updating 
|  33|0x0000000085300000, 0x0000000085400000, 0x0000000085400000|100%| O|  |TAMS 0x0000000085400000, 0x0000000085300000| Updating 
|  34|0x0000000085400000, 0x0000000085500000, 0x0000000085500000|100%| O|  |TAMS 0x0000000085500000, 0x0000000085400000| Untracked 
|  35|0x0000000085500000, 0x0000000085600000, 0x0000000085600000|100%| O|  |TAMS 0x0000000085600000, 0x0000000085500000| Untracked 
|  36|0x0000000085600000, 0x0000000085700000, 0x0000000085700000|100%| O|  |TAMS 0x0000000085700000, 0x0000000085600000| Updating 
|  37|0x0000000085700000, 0x0000000085800000, 0x0000000085800000|100%| O|  |TAMS 0x0000000085800000, 0x0000000085700000| Updating 
|  38|0x0000000085800000, 0x0000000085900000, 0x0000000085900000|100%| O|  |TAMS 0x0000000085900000, 0x0000000085800000| Untracked 
|  39|0x0000000085900000, 0x0000000085a00000, 0x0000000085a00000|100%| O|  |TAMS 0x0000000085a00000, 0x0000000085900000| Untracked 
|  40|0x0000000085a00000, 0x0000000085b00000, 0x0000000085b00000|100%| O|  |TAMS 0x0000000085b00000, 0x0000000085a00000| Untracked 
|  41|0x0000000085b00000, 0x0000000085c00000, 0x0000000085c00000|100%| O|  |TAMS 0x0000000085c00000, 0x0000000085b00000| Untracked 
|  42|0x0000000085c00000, 0x0000000085d00000, 0x0000000085d00000|100%| O|  |TAMS 0x0000000085d00000, 0x0000000085c00000| Updating 
|  43|0x0000000085d00000, 0x0000000085e00000, 0x0000000085e00000|100%| O|  |TAMS 0x0000000085e00000, 0x0000000085d00000| Untracked 
|  44|0x0000000085e00000, 0x0000000085f00000, 0x0000000085f00000|100%| O|  |TAMS 0x0000000085f00000, 0x0000000085e00000| Untracked 
|  45|0x0000000085f00000, 0x0000000086000000, 0x0000000086000000|100%| O|  |TAMS 0x0000000086000000, 0x0000000085f00000| Untracked 
|  46|0x0000000086000000, 0x0000000086100000, 0x0000000086100000|100%| O|  |TAMS 0x0000000086100000, 0x0000000086000000| Untracked 
|  47|0x0000000086100000, 0x0000000086200000, 0x0000000086200000|100%| O|  |TAMS 0x0000000086200000, 0x0000000086100000| Untracked 
|  48|0x0000000086200000, 0x0000000086300000, 0x0000000086300000|100%| O|  |TAMS 0x0000000086300000, 0x0000000086200000| Updating 
|  49|0x0000000086300000, 0x0000000086400000, 0x0000000086400000|100%| O|  |TAMS 0x0000000086400000, 0x0000000086300000| Updating 
|  50|0x0000000086400000, 0x0000000086500000, 0x0000000086500000|100%| O|  |TAMS 0x0000000086500000, 0x0000000086400000| Untracked 
|  51|0x0000000086500000, 0x0000000086600000, 0x0000000086600000|100%| O|  |TAMS 0x0000000086600000, 0x0000000086500000| Untracked 
|  52|0x0000000086600000, 0x0000000086700000, 0x0000000086700000|100%| O|  |TAMS 0x0000000086700000, 0x0000000086600000| Updating 
|  53|0x0000000086700000, 0x0000000086800000, 0x0000000086800000|100%| O|  |TAMS 0x0000000086800000, 0x0000000086700000| Updating 
|  54|0x0000000086800000, 0x0000000086900000, 0x0000000086900000|100%| O|  |TAMS 0x0000000086900000, 0x0000000086800000| Untracked 
|  55|0x0000000086900000, 0x0000000086a00000, 0x0000000086a00000|100%| O|  |TAMS 0x0000000086a00000, 0x0000000086900000| Untracked 
|  56|0x0000000086a00000, 0x0000000086b00000, 0x0000000086b00000|100%| O|  |TAMS 0x0000000086b00000, 0x0000000086a00000| Untracked 
|  57|0x0000000086b00000, 0x0000000086c00000, 0x0000000086c00000|100%| O|  |TAMS 0x0000000086c00000, 0x0000000086b00000| Untracked 
|  58|0x0000000086c00000, 0x0000000086d00000, 0x0000000086d00000|100%| O|  |TAMS 0x0000000086d00000, 0x0000000086c00000| Untracked 
|  59|0x0000000086d00000, 0x0000000086e00000, 0x0000000086e00000|100%| O|  |TAMS 0x0000000086e00000, 0x0000000086d00000| Untracked 
|  60|0x0000000086e00000, 0x0000000086f00000, 0x0000000086f00000|100%| O|  |TAMS 0x0000000086f00000, 0x0000000086e00000| Untracked 
|  61|0x0000000086f00000, 0x0000000087000000, 0x0000000087000000|100%| O|  |TAMS 0x0000000087000000, 0x0000000086f00000| Untracked 
|  62|0x0000000087000000, 0x0000000087100000, 0x0000000087100000|100%| O|  |TAMS 0x0000000087100000, 0x0000000087000000| Untracked 
|  63|0x0000000087100000, 0x0000000087200000, 0x0000000087200000|100%| O|  |TAMS 0x0000000087200000, 0x0000000087100000| Untracked 
|  64|0x0000000087200000, 0x0000000087300000, 0x0000000087300000|100%| O|  |TAMS 0x0000000087300000, 0x0000000087200000| Untracked 
|  65|0x0000000087300000, 0x0000000087400000, 0x0000000087400000|100%| O|  |TAMS 0x0000000087400000, 0x0000000087300000| Untracked 
|  66|0x0000000087400000, 0x0000000087500000, 0x0000000087500000|100%| O|  |TAMS 0x0000000087500000, 0x0000000087400000| Untracked 
|  67|0x0000000087500000, 0x0000000087600000, 0x0000000087600000|100%| O|  |TAMS 0x0000000087600000, 0x0000000087500000| Untracked 
|  68|0x0000000087600000, 0x0000000087700000, 0x0000000087700000|100%| O|  |TAMS 0x0000000087700000, 0x0000000087600000| Updating 
|  69|0x0000000087700000, 0x0000000087800000, 0x0000000087800000|100%| O|  |TAMS 0x0000000087800000, 0x0000000087700000| Updating 
|  70|0x0000000087800000, 0x0000000087800000, 0x0000000087900000|  0%| F|  |TAMS 0x0000000087800000, 0x0000000087800000| Untracked 
|  71|0x0000000087900000, 0x0000000087a00000, 0x0000000087a00000|100%| O|  |TAMS 0x0000000087a00000, 0x0000000087900000| Untracked 
|  72|0x0000000087a00000, 0x0000000087b00000, 0x0000000087b00000|100%| O|  |TAMS 0x0000000087b00000, 0x0000000087a00000| Untracked 
|  73|0x0000000087b00000, 0x0000000087c00000, 0x0000000087c00000|100%| O|  |TAMS 0x0000000087c00000, 0x0000000087b00000| Untracked 
|  74|0x0000000087c00000, 0x0000000087d00000, 0x0000000087d00000|100%| O|  |TAMS 0x0000000087d00000, 0x0000000087c00000| Untracked 
|  75|0x0000000087d00000, 0x0000000087e00000, 0x0000000087e00000|100%| O|  |TAMS 0x0000000087e00000, 0x0000000087d00000| Untracked 
|  76|0x0000000087e00000, 0x0000000087f00000, 0x0000000087f00000|100%| O|  |TAMS 0x0000000087f00000, 0x0000000087e00000| Updating 
|  77|0x0000000087f00000, 0x0000000088000000, 0x0000000088000000|100%| O|  |TAMS 0x0000000088000000, 0x0000000087f00000| Untracked 
|  78|0x0000000088000000, 0x0000000088100000, 0x0000000088100000|100%| O|  |TAMS 0x0000000088100000, 0x0000000088000000| Untracked 
|  79|0x0000000088100000, 0x0000000088200000, 0x0000000088200000|100%| O|  |TAMS 0x0000000088200000, 0x0000000088100000| Untracked 
|  80|0x0000000088200000, 0x0000000088300000, 0x0000000088300000|100%| O|  |TAMS 0x0000000088300000, 0x0000000088200000| Untracked 
|  81|0x0000000088300000, 0x0000000088400000, 0x0000000088400000|100%| O|  |TAMS 0x0000000088400000, 0x0000000088300000| Untracked 
|  82|0x0000000088400000, 0x0000000088500000, 0x0000000088500000|100%| O|  |TAMS 0x0000000088500000, 0x0000000088400000| Untracked 
|  83|0x0000000088500000, 0x0000000088600000, 0x0000000088600000|100%| O|  |TAMS 0x0000000088600000, 0x0000000088500000| Untracked 
|  84|0x0000000088600000, 0x0000000088700000, 0x0000000088700000|100%| O|  |TAMS 0x0000000088700000, 0x0000000088600000| Untracked 
|  85|0x0000000088700000, 0x0000000088800000, 0x0000000088800000|100%| O|  |TAMS 0x0000000088800000, 0x0000000088700000| Untracked 
|  86|0x0000000088800000, 0x0000000088900000, 0x0000000088900000|100%| O|  |TAMS 0x0000000088900000, 0x0000000088800000| Updating 
|  87|0x0000000088900000, 0x0000000088a00000, 0x0000000088a00000|100%| O|  |TAMS 0x0000000088a00000, 0x0000000088900000| Untracked 
|  88|0x0000000088a00000, 0x0000000088b00000, 0x0000000088b00000|100%| O|  |TAMS 0x0000000088b00000, 0x0000000088a00000| Untracked 
|  89|0x0000000088b00000, 0x0000000088c00000, 0x0000000088c00000|100%| O|  |TAMS 0x0000000088c00000, 0x0000000088b00000| Untracked 
|  90|0x0000000088c00000, 0x0000000088d00000, 0x0000000088d00000|100%| O|  |TAMS 0x0000000088d00000, 0x0000000088c00000| Untracked 
|  91|0x0000000088d00000, 0x0000000088e00000, 0x0000000088e00000|100%| O|  |TAMS 0x0000000088e00000, 0x0000000088d00000| Untracked 
|  92|0x0000000088e00000, 0x0000000088f00000, 0x0000000088f00000|100%| O|  |TAMS 0x0000000088f00000, 0x0000000088e00000| Updating 
|  93|0x0000000088f00000, 0x0000000088f80000, 0x0000000089000000| 50%| O|  |TAMS 0x0000000088f80000, 0x0000000088f00000| Updating 
|  94|0x0000000089000000, 0x0000000089000000, 0x0000000089100000|  0%| F|  |TAMS 0x0000000089000000, 0x0000000089000000| Untracked 
|  95|0x0000000089100000, 0x0000000089100000, 0x0000000089200000|  0%| F|  |TAMS 0x0000000089100000, 0x0000000089100000| Untracked 
|  96|0x0000000089200000, 0x0000000089200000, 0x0000000089300000|  0%| F|  |TAMS 0x0000000089200000, 0x0000000089200000| Untracked 
|  97|0x0000000089300000, 0x0000000089300000, 0x0000000089400000|  0%| F|  |TAMS 0x0000000089300000, 0x0000000089300000| Untracked 
|  98|0x0000000089400000, 0x0000000089400000, 0x0000000089500000|  0%| F|  |TAMS 0x0000000089400000, 0x0000000089400000| Untracked 
|  99|0x0000000089500000, 0x0000000089500000, 0x0000000089600000|  0%| F|  |TAMS 0x0000000089500000, 0x0000000089500000| Untracked 
| 100|0x0000000089600000, 0x0000000089600000, 0x0000000089700000|  0%| F|  |TAMS 0x0000000089600000, 0x0000000089600000| Untracked 
| 101|0x0000000089700000, 0x0000000089700000, 0x0000000089800000|  0%| F|  |TAMS 0x0000000089700000, 0x0000000089700000| Untracked 
| 102|0x0000000089800000, 0x0000000089800000, 0x0000000089900000|  0%| F|  |TAMS 0x0000000089800000, 0x0000000089800000| Untracked 
| 103|0x0000000089900000, 0x0000000089900000, 0x0000000089a00000|  0%| F|  |TAMS 0x0000000089900000, 0x0000000089900000| Untracked 
| 104|0x0000000089a00000, 0x0000000089a00000, 0x0000000089b00000|  0%| F|  |TAMS 0x0000000089a00000, 0x0000000089a00000| Untracked 
| 105|0x0000000089b00000, 0x0000000089b00000, 0x0000000089c00000|  0%| F|  |TAMS 0x0000000089b00000, 0x0000000089b00000| Untracked 
| 106|0x0000000089c00000, 0x0000000089c00000, 0x0000000089d00000|  0%| F|  |TAMS 0x0000000089c00000, 0x0000000089c00000| Untracked 
| 107|0x0000000089d00000, 0x0000000089d00000, 0x0000000089e00000|  0%| F|  |TAMS 0x0000000089d00000, 0x0000000089d00000| Untracked 
| 108|0x0000000089e00000, 0x0000000089e00000, 0x0000000089f00000|  0%| F|  |TAMS 0x0000000089e00000, 0x0000000089e00000| Untracked 
| 109|0x0000000089f00000, 0x0000000089f00000, 0x000000008a000000|  0%| F|  |TAMS 0x0000000089f00000, 0x0000000089f00000| Untracked 
| 110|0x000000008a000000, 0x000000008a000000, 0x000000008a100000|  0%| F|  |TAMS 0x000000008a000000, 0x000000008a000000| Untracked 
| 111|0x000000008a100000, 0x000000008a100000, 0x000000008a200000|  0%| F|  |TAMS 0x000000008a100000, 0x000000008a100000| Untracked 
| 112|0x000000008a200000, 0x000000008a200000, 0x000000008a300000|  0%| F|  |TAMS 0x000000008a200000, 0x000000008a200000| Untracked 
| 113|0x000000008a300000, 0x000000008a300000, 0x000000008a400000|  0%| F|  |TAMS 0x000000008a300000, 0x000000008a300000| Untracked 
| 114|0x000000008a400000, 0x000000008a400000, 0x000000008a500000|  0%| F|  |TAMS 0x000000008a400000, 0x000000008a400000| Untracked 
| 115|0x000000008a500000, 0x000000008a500000, 0x000000008a600000|  0%| F|  |TAMS 0x000000008a500000, 0x000000008a500000| Untracked 
| 116|0x000000008a600000, 0x000000008a600000, 0x000000008a700000|  0%| F|  |TAMS 0x000000008a600000, 0x000000008a600000| Untracked 
| 117|0x000000008a700000, 0x000000008a700000, 0x000000008a800000|  0%| F|  |TAMS 0x000000008a700000, 0x000000008a700000| Untracked 
| 118|0x000000008a800000, 0x000000008a800000, 0x000000008a900000|  0%| F|  |TAMS 0x000000008a800000, 0x000000008a800000| Untracked 
| 119|0x000000008a900000, 0x000000008a900000, 0x000000008aa00000|  0%| F|  |TAMS 0x000000008a900000, 0x000000008a900000| Untracked 
| 120|0x000000008aa00000, 0x000000008aa00000, 0x000000008ab00000|  0%| F|  |TAMS 0x000000008aa00000, 0x000000008aa00000| Untracked 
| 121|0x000000008ab00000, 0x000000008ab00000, 0x000000008ac00000|  0%| F|  |TAMS 0x000000008ab00000, 0x000000008ab00000| Untracked 
| 122|0x000000008ac00000, 0x000000008ac00000, 0x000000008ad00000|  0%| F|  |TAMS 0x000000008ac00000, 0x000000008ac00000| Untracked 
| 123|0x000000008ad00000, 0x000000008adeaab0, 0x000000008ae00000| 91%| S|CS|TAMS 0x000000008ad00000, 0x000000008ad00000| Complete 
| 124|0x000000008ae00000, 0x000000008af00000, 0x000000008af00000|100%| S|CS|TAMS 0x000000008ae00000, 0x000000008ae00000| Complete 
| 125|0x000000008af00000, 0x000000008af00000, 0x000000008b000000|  0%| F|  |TAMS 0x000000008af00000, 0x000000008af00000| Untracked 
| 126|0x000000008b000000, 0x000000008b000000, 0x000000008b100000|  0%| F|  |TAMS 0x000000008b000000, 0x000000008b000000| Untracked 
| 127|0x000000008b100000, 0x000000008b100000, 0x000000008b200000|  0%| F|  |TAMS 0x000000008b100000, 0x000000008b100000| Untracked 
| 128|0x000000008b200000, 0x000000008b200000, 0x000000008b300000|  0%| F|  |TAMS 0x000000008b200000, 0x000000008b200000| Untracked 
| 129|0x000000008b300000, 0x000000008b300000, 0x000000008b400000|  0%| F|  |TAMS 0x000000008b300000, 0x000000008b300000| Untracked 
| 130|0x000000008b400000, 0x000000008b400000, 0x000000008b500000|  0%| F|  |TAMS 0x000000008b400000, 0x000000008b400000| Untracked 
| 131|0x000000008b500000, 0x000000008b500000, 0x000000008b600000|  0%| F|  |TAMS 0x000000008b500000, 0x000000008b500000| Untracked 
| 132|0x000000008b600000, 0x000000008b600000, 0x000000008b700000|  0%| F|  |TAMS 0x000000008b600000, 0x000000008b600000| Untracked 
| 133|0x000000008b700000, 0x000000008b700000, 0x000000008b800000|  0%| F|  |TAMS 0x000000008b700000, 0x000000008b700000| Untracked 
| 134|0x000000008b800000, 0x000000008b800000, 0x000000008b900000|  0%| F|  |TAMS 0x000000008b800000, 0x000000008b800000| Untracked 
| 135|0x000000008b900000, 0x000000008b900000, 0x000000008ba00000|  0%| F|  |TAMS 0x000000008b900000, 0x000000008b900000| Untracked 
| 136|0x000000008ba00000, 0x000000008ba00000, 0x000000008bb00000|  0%| F|  |TAMS 0x000000008ba00000, 0x000000008ba00000| Untracked 
| 137|0x000000008bb00000, 0x000000008bb00000, 0x000000008bc00000|  0%| F|  |TAMS 0x000000008bb00000, 0x000000008bb00000| Untracked 
| 138|0x000000008bc00000, 0x000000008bc00000, 0x000000008bd00000|  0%| F|  |TAMS 0x000000008bc00000, 0x000000008bc00000| Untracked 
| 139|0x000000008bd00000, 0x000000008bd00000, 0x000000008be00000|  0%| F|  |TAMS 0x000000008bd00000, 0x000000008bd00000| Untracked 
| 140|0x000000008be00000, 0x000000008be00000, 0x000000008bf00000|  0%| F|  |TAMS 0x000000008be00000, 0x000000008be00000| Untracked 
| 141|0x000000008bf00000, 0x000000008bf00000, 0x000000008c000000|  0%| F|  |TAMS 0x000000008bf00000, 0x000000008bf00000| Untracked 
| 142|0x000000008c000000, 0x000000008c000000, 0x000000008c100000|  0%| F|  |TAMS 0x000000008c000000, 0x000000008c000000| Untracked 
| 143|0x000000008c100000, 0x000000008c100000, 0x000000008c200000|  0%| F|  |TAMS 0x000000008c100000, 0x000000008c100000| Untracked 
| 144|0x000000008c200000, 0x000000008c200000, 0x000000008c300000|  0%| F|  |TAMS 0x000000008c200000, 0x000000008c200000| Untracked 
| 145|0x000000008c300000, 0x000000008c300000, 0x000000008c400000|  0%| F|  |TAMS 0x000000008c300000, 0x000000008c300000| Untracked 
| 146|0x000000008c400000, 0x000000008c482300, 0x000000008c500000| 50%| E|  |TAMS 0x000000008c400000, 0x000000008c400000| Complete 
| 147|0x000000008c500000, 0x000000008c600000, 0x000000008c600000|100%| E|CS|TAMS 0x000000008c500000, 0x000000008c500000| Complete 
| 148|0x000000008c600000, 0x000000008c700000, 0x000000008c700000|100%| E|CS|TAMS 0x000000008c600000, 0x000000008c600000| Complete 
| 149|0x000000008c700000, 0x000000008c800000, 0x000000008c800000|100%| E|CS|TAMS 0x000000008c700000, 0x000000008c700000| Complete 
| 150|0x000000008c800000, 0x000000008c900000, 0x000000008c900000|100%| E|CS|TAMS 0x000000008c800000, 0x000000008c800000| Complete 
| 151|0x000000008c900000, 0x000000008ca00000, 0x000000008ca00000|100%| E|CS|TAMS 0x000000008c900000, 0x000000008c900000| Complete 

Card table byte_map: [0x0000015255b00000,0x0000015255ef0000] _byte_map_base: 0x00000152556e7000

Marking Bits (Prev, Next): (CMBitMap*) 0x00000152410688d0, (CMBitMap*) 0x0000015241068890
 Prev Bits: [0x0000015258220000, 0x000001525a158000)
 Next Bits: [0x00000152562e0000, 0x0000015258218000)

Polling page: 0x00000152410d0000

Metaspace:

Usage:
  Non-class:     70.61 MB used.
      Class:      9.07 MB used.
       Both:     79.67 MB used.

Virtual space:
  Non-class space:       72.00 MB reserved,      70.81 MB ( 98%) committed,  9 nodes.
      Class space:        1.00 GB reserved,       9.25 MB ( <1%) committed,  1 nodes.
             Both:        1.07 GB reserved,      80.06 MB (  7%) committed. 

Chunk freelists:
   Non-Class:  944.00 KB
       Class:  2.73 MB
        Both:  3.66 MB

MaxMetaspaceSize: unlimited
CompressedClassSpaceSize: 1.00 GB
Initial GC threshold: 21.00 MB
Current GC threshold: 124.69 MB
CDS: off
MetaspaceReclaimPolicy: balanced
 - commit_granule_bytes: 65536.
 - commit_granule_words: 8192.
 - virtual_space_node_default_size: 1048576.
 - enlarge_chunks_in_place: 1.
 - new_chunks_are_fully_committed: 0.
 - uncommit_free_chunks: 1.
 - use_allocation_guard: 0.
 - handle_deallocations: 1.


Internal statistics:

num_allocs_failed_limit: 6.
num_arena_births: 458.
num_arena_deaths: 0.
num_vsnodes_births: 10.
num_vsnodes_deaths: 0.
num_space_committed: 1279.
num_space_uncommitted: 0.
num_chunks_returned_to_freelist: 6.
num_chunks_taken_from_freelist: 3109.
num_chunk_merges: 6.
num_chunk_splits: 2453.
num_chunks_enlarged: 2097.
num_purges: 0.
num_inconsistent_stats: 0.

CodeHeap 'non-profiled nmethods': size=120000Kb used=6257Kb max_used=6407Kb free=113742Kb
 bounds [0x000001524d780000, 0x000001524ddd0000, 0x0000015254cb0000]
CodeHeap 'profiled nmethods': size=120000Kb used=30750Kb max_used=30895Kb free=89249Kb
 bounds [0x0000015245cb0000, 0x0000015247ae0000, 0x000001524d1e0000]
CodeHeap 'non-nmethods': size=5760Kb used=1417Kb max_used=1462Kb free=4342Kb
 bounds [0x000001524d1e0000, 0x000001524d450000, 0x000001524d780000]
 total_blobs=11814 nmethods=11079 adapters=644
 compilation: enabled
              stopped_count=0, restarted_count=0
 full_count=0

Compilation events (20 events):
Event: 7.726 Thread 0x000001525d843cf0 13041       3       org.jetbrains.kotlin.backend.jvm.intrinsics.IrIntrinsicMethods::getSymbol (28 bytes)
Event: 7.726 Thread 0x000001525d843cf0 nmethod 13041 0x0000015247adb490 code [0x0000015247adb720, 0x0000015247adc298]
Event: 7.726 Thread 0x000001525d843cf0 13042       3       org.jetbrains.kotlin.backend.jvm.intrinsics.IrIntrinsicMethods$Companion::access$createKeyMapping (10 bytes)
Event: 7.726 Thread 0x000001525d843cf0 nmethod 13042 0x0000015245d24810 code [0x0000015245d249a0, 0x0000015245d24ac8]
Event: 7.726 Thread 0x000001525d843cf0 13043       3       org.jetbrains.kotlin.backend.jvm.intrinsics.IrIntrinsicMethods$Companion::getParameterFqName (74 bytes)
Event: 7.726 Thread 0x000001525d843cf0 nmethod 13043 0x0000015247adc690 code [0x0000015247adc8c0, 0x0000015247add208]
Event: 7.728 Thread 0x000001525d843cf0 13044       3       org.jetbrains.kotlin.backend.jvm.intrinsics.IrIntrinsicMethods$Key::hashCode (60 bytes)
Event: 7.728 Thread 0x000001525d843cf0 nmethod 13044 0x0000015246669d90 code [0x0000015246669f80, 0x000001524666a438]
Event: 7.728 Thread 0x000001525d843cf0 13045       3       kotlin.collections.MapsKt__MapsKt::putAll (65 bytes)
Event: 7.728 Thread 0x000001525e0639d0 13046       4       java.util.ArrayList::hashCodeRange (68 bytes)
Event: 7.728 Thread 0x000001525d843cf0 nmethod 13045 0x0000015247add410 code [0x0000015247add700, 0x0000015247ade5d8]
Event: 7.729 Thread 0x000001525e0639d0 nmethod 13046 0x000001524ddc1a10 code [0x000001524ddc1ba0, 0x000001524ddc1da8]
Event: 7.734 Thread 0x000001525e0639d0 13047       4       org.jetbrains.kotlin.ir.declarations.impl.IrFunctionCommonImpl::setAnnotations (12 bytes)
Event: 7.735 Thread 0x000001525e0639d0 nmethod 13047 0x000001524da46a90 code [0x000001524da46c00, 0x000001524da46d58]
Event: 7.736 Thread 0x000001525e0639d0 13048       4       org.jetbrains.kotlin.ir.declarations.impl.IrFunctionCommonImpl::setValueParameters (12 bytes)
Event: 7.736 Thread 0x000001525da11820 13049       4       org.jetbrains.kotlin.ir.declarations.impl.IrFunctionCommonImpl::setTypeParameters (12 bytes)
Event: 7.736 Thread 0x000001525d843340 13050       4       org.jetbrains.kotlin.ir.declarations.IrFunction::transformChildren (99 bytes)
Event: 7.737 Thread 0x000001525e0639d0 nmethod 13048 0x000001524dcd3290 code [0x000001524dcd3400, 0x000001524dcd3558]
Event: 7.737 Thread 0x000001525da11820 nmethod 13049 0x000001524db35c10 code [0x000001524db35d80, 0x000001524db35ed8]
Event: 7.737 Thread 0x000001525e0639d0 13051       4       org.jetbrains.kotlin.ir.declarations.IrValueParameter::transform (25 bytes)

GC Heap History (20 events):
Event: 3.333 GC heap before
{Heap before GC invocations=13 (full 0):
 garbage-first heap   total 106496K, used 79431K [0x0000000083200000, 0x0000000100000000)
  region size 1024K, 41 young (41984K), 6 survivors (6144K)
 Metaspace       used 56864K, committed 57152K, reserved 1105920K
  class space    used 6651K, committed 6784K, reserved 1048576K
}
Event: 3.349 GC heap after
{Heap after GC invocations=14 (full 0):
 garbage-first heap   total 106496K, used 50143K [0x0000000083200000, 0x0000000100000000)
  region size 1024K, 6 young (6144K), 6 survivors (6144K)
 Metaspace       used 56864K, committed 57152K, reserved 1105920K
  class space    used 6651K, committed 6784K, reserved 1048576K
}
Event: 3.532 GC heap before
{Heap before GC invocations=14 (full 0):
 garbage-first heap   total 106496K, used 80863K [0x0000000083200000, 0x0000000100000000)
  region size 1024K, 36 young (36864K), 6 survivors (6144K)
 Metaspace       used 57836K, committed 58176K, reserved 1105920K
  class space    used 6751K, committed 6912K, reserved 1048576K
}
Event: 3.547 GC heap after
{Heap after GC invocations=15 (full 0):
 garbage-first heap   total 106496K, used 54272K [0x0000000083200000, 0x0000000100000000)
  region size 1024K, 4 young (4096K), 4 survivors (4096K)
 Metaspace       used 57836K, committed 58176K, reserved 1105920K
  class space    used 6751K, committed 6912K, reserved 1048576K
}
Event: 3.624 GC heap before
{Heap before GC invocations=15 (full 0):
 garbage-first heap   total 106496K, used 81920K [0x0000000083200000, 0x0000000100000000)
  region size 1024K, 31 young (31744K), 4 survivors (4096K)
 Metaspace       used 58166K, committed 58432K, reserved 1105920K
  class space    used 6792K, committed 6912K, reserved 1048576K
}
Event: 3.628 GC heap after
{Heap after GC invocations=16 (full 0):
 garbage-first heap   total 155648K, used 55007K [0x0000000083200000, 0x0000000100000000)
  region size 1024K, 1 young (1024K), 1 survivors (1024K)
 Metaspace       used 58166K, committed 58432K, reserved 1105920K
  class space    used 6792K, committed 6912K, reserved 1048576K
}
Event: 4.597 GC heap before
{Heap before GC invocations=17 (full 0):
 garbage-first heap   total 155648K, used 119519K [0x0000000083200000, 0x0000000100000000)
  region size 1024K, 64 young (65536K), 1 survivors (1024K)
 Metaspace       used 64417K, committed 64640K, reserved 1105920K
  class space    used 7625K, committed 7744K, reserved 1048576K
}
Event: 4.606 GC heap after
{Heap after GC invocations=18 (full 0):
 garbage-first heap   total 155648K, used 63448K [0x0000000083200000, 0x0000000100000000)
  region size 1024K, 8 young (8192K), 8 survivors (8192K)
 Metaspace       used 64417K, committed 64640K, reserved 1105920K
  class space    used 7625K, committed 7744K, reserved 1048576K
}
Event: 5.916 GC heap before
{Heap before GC invocations=18 (full 0):
 garbage-first heap   total 155648K, used 115672K [0x0000000083200000, 0x0000000100000000)
  region size 1024K, 59 young (60416K), 8 survivors (8192K)
 Metaspace       used 67465K, committed 67776K, reserved 1114112K
  class space    used 7787K, committed 7936K, reserved 1048576K
}
Event: 5.929 GC heap after
{Heap after GC invocations=19 (full 0):
 garbage-first heap   total 155648K, used 71779K [0x0000000083200000, 0x0000000100000000)
  region size 1024K, 8 young (8192K), 8 survivors (8192K)
 Metaspace       used 67465K, committed 67776K, reserved 1114112K
  class space    used 7787K, committed 7936K, reserved 1048576K
}
Event: 6.465 GC heap before
{Heap before GC invocations=19 (full 0):
 garbage-first heap   total 155648K, used 116835K [0x0000000083200000, 0x0000000100000000)
  region size 1024K, 52 young (53248K), 8 survivors (8192K)
 Metaspace       used 73927K, committed 74240K, reserved 1122304K
  class space    used 8453K, committed 8576K, reserved 1048576K
}
Event: 6.475 GC heap after
{Heap after GC invocations=20 (full 0):
 garbage-first heap   total 155648K, used 76646K [0x0000000083200000, 0x0000000100000000)
  region size 1024K, 4 young (4096K), 4 survivors (4096K)
 Metaspace       used 73927K, committed 74240K, reserved 1122304K
  class space    used 8453K, committed 8576K, reserved 1048576K
}
Event: 6.952 GC heap before
{Heap before GC invocations=20 (full 0):
 garbage-first heap   total 155648K, used 121702K [0x0000000083200000, 0x0000000100000000)
  region size 1024K, 48 young (49152K), 4 survivors (4096K)
 Metaspace       used 75984K, committed 76352K, reserved 1122304K
  class space    used 8686K, committed 8832K, reserved 1048576K
}
Event: 6.967 GC heap after
{Heap after GC invocations=21 (full 0):
 garbage-first heap   total 155648K, used 84992K [0x0000000083200000, 0x0000000100000000)
  region size 1024K, 6 young (6144K), 6 survivors (6144K)
 Metaspace       used 75984K, committed 76352K, reserved 1122304K
  class space    used 8686K, committed 8832K, reserved 1048576K
}
Event: 7.341 GC heap before
{Heap before GC invocations=22 (full 0):
 garbage-first heap   total 155648K, used 122880K [0x0000000083200000, 0x0000000100000000)
  region size 1024K, 43 young (44032K), 6 survivors (6144K)
 Metaspace       used 77051K, committed 77376K, reserved 1122304K
  class space    used 8796K, committed 8960K, reserved 1048576K
}
Event: 7.356 GC heap after
{Heap after GC invocations=23 (full 0):
 garbage-first heap   total 155648K, used 95033K [0x0000000083200000, 0x0000000100000000)
  region size 1024K, 6 young (6144K), 6 survivors (6144K)
 Metaspace       used 77051K, committed 77376K, reserved 1122304K
  class space    used 8796K, committed 8960K, reserved 1048576K
}
Event: 7.367 GC heap before
{Heap before GC invocations=23 (full 0):
 garbage-first heap   total 155648K, used 96057K [0x0000000083200000, 0x0000000100000000)
  region size 1024K, 7 young (7168K), 6 survivors (6144K)
 Metaspace       used 77074K, committed 77440K, reserved 1122304K
  class space    used 8796K, committed 8960K, reserved 1048576K
}
Event: 7.383 GC heap after
{Heap after GC invocations=24 (full 0):
 garbage-first heap   total 155648K, used 95744K [0x0000000083200000, 0x0000000100000000)
  region size 1024K, 1 young (1024K), 1 survivors (1024K)
 Metaspace       used 77074K, committed 77440K, reserved 1122304K
  class space    used 8796K, committed 8960K, reserved 1048576K
}
Event: 7.664 GC heap before
{Heap before GC invocations=24 (full 0):
 garbage-first heap   total 155648K, used 122368K [0x0000000083200000, 0x0000000100000000)
  region size 1024K, 27 young (27648K), 1 survivors (1024K)
 Metaspace       used 80418K, committed 80768K, reserved 1122304K
  class space    used 9167K, committed 9344K, reserved 1048576K
}
Event: 7.669 GC heap after
{Heap after GC invocations=25 (full 0):
 garbage-first heap   total 155648K, used 96682K [0x0000000083200000, 0x0000000100000000)
  region size 1024K, 2 young (2048K), 2 survivors (2048K)
 Metaspace       used 80418K, committed 80768K, reserved 1122304K
  class space    used 9167K, committed 9344K, reserved 1048576K
}

Dll operation events (2 events):
Event: 0.004 Loaded shared library C:\Program Files\Android\Android Studio\jbr\bin\java.dll
Event: 0.648 Loaded shared library C:\Program Files\Android\Android Studio\jbr\bin\verify.dll

Deoptimization events (20 events):
Event: 7.732 Thread 0x000001524100c590 DEOPT PACKING pc=0x000001524dcee5c4 sp=0x0000002831bfcd90
Event: 7.732 Thread 0x000001524100c590 DEOPT UNPACKING pc=0x000001524d23a1a3 sp=0x0000002831bfcd18 mode 2
Event: 7.732 Thread 0x000001524100c590 Uncommon trap: trap_request=0xffffffde fr.pc=0x000001524dced92c relative=0x000000000000008c
Event: 7.732 Thread 0x000001524100c590 Uncommon trap: reason=class_check action=maybe_recompile pc=0x000001524dced92c method=org.jetbrains.kotlin.ir.declarations.IrValueParameter.acceptChildren(Lorg/jetbrains/kotlin/ir/visitors/IrElementVisitor;Ljava/lang/Object;)V @ 7 c2
Event: 7.732 Thread 0x000001524100c590 DEOPT PACKING pc=0x000001524dced92c sp=0x0000002831bfca80
Event: 7.732 Thread 0x000001524100c590 DEOPT UNPACKING pc=0x000001524d23a1a3 sp=0x0000002831bfca18 mode 2
Event: 7.734 Thread 0x000001524100c590 Uncommon trap: trap_request=0xffffffde fr.pc=0x000001524dd50310 relative=0x0000000000000070
Event: 7.734 Thread 0x000001524100c590 Uncommon trap: reason=class_check action=maybe_recompile pc=0x000001524dd50310 method=org.jetbrains.kotlin.ir.util.DeepCopyIrTreeWithSymbols.remapType(Lorg/jetbrains/kotlin/ir/types/IrType;)Lorg/jetbrains/kotlin/ir/types/IrType; @ 12 c2
Event: 7.734 Thread 0x000001524100c590 DEOPT PACKING pc=0x000001524dd50310 sp=0x0000002831bfcb40
Event: 7.734 Thread 0x000001524100c590 DEOPT UNPACKING pc=0x000001524d23a1a3 sp=0x0000002831bfcad8 mode 2
Event: 7.734 Thread 0x000001524100c590 Uncommon trap: trap_request=0xffffffde fr.pc=0x000001524dd50310 relative=0x0000000000000070
Event: 7.734 Thread 0x000001524100c590 Uncommon trap: reason=class_check action=maybe_recompile pc=0x000001524dd50310 method=org.jetbrains.kotlin.ir.util.DeepCopyIrTreeWithSymbols.remapType(Lorg/jetbrains/kotlin/ir/types/IrType;)Lorg/jetbrains/kotlin/ir/types/IrType; @ 12 c2
Event: 7.734 Thread 0x000001524100c590 DEOPT PACKING pc=0x000001524dd50310 sp=0x0000002831bfcb50
Event: 7.734 Thread 0x000001524100c590 DEOPT UNPACKING pc=0x000001524d23a1a3 sp=0x0000002831bfcae8 mode 2
Event: 7.734 Thread 0x000001524100c590 Uncommon trap: trap_request=0xffffffde fr.pc=0x000001524dd50310 relative=0x0000000000000070
Event: 7.734 Thread 0x000001524100c590 Uncommon trap: reason=class_check action=maybe_recompile pc=0x000001524dd50310 method=org.jetbrains.kotlin.ir.util.DeepCopyIrTreeWithSymbols.remapType(Lorg/jetbrains/kotlin/ir/types/IrType;)Lorg/jetbrains/kotlin/ir/types/IrType; @ 12 c2
Event: 7.734 Thread 0x000001524100c590 DEOPT PACKING pc=0x000001524dd50310 sp=0x0000002831bfc700
Event: 7.734 Thread 0x000001524100c590 DEOPT UNPACKING pc=0x000001524d23a1a3 sp=0x0000002831bfc698 mode 2
Event: 7.736 Thread 0x000001524100c590 DEOPT PACKING pc=0x000001524dccecf4 sp=0x0000002831bfdaa0
Event: 7.736 Thread 0x000001524100c590 DEOPT UNPACKING pc=0x000001524d23ace3 sp=0x0000002831bfced8 mode 0

Classes unloaded (0 events):
No events

Classes redefined (0 events):
No events

Internal exceptions (20 events):
Event: 3.785 Thread 0x000001524100c590 Exception <a 'java/lang/IncompatibleClassChangeError'{0x000000008b909f68}: Found class java.lang.Object, but interface was expected> (0x000000008b909f68) 
thrown [s\src\hotspot\share\interpreter\linkResolver.cpp, line 838]
Event: 3.803 Thread 0x000001524100c590 Exception <a 'java/lang/NoSuchMethodError'{0x000000008b8483f8}: 'int java.lang.invoke.DirectMethodHandle$Holder.invokeStaticInit(java.lang.Object, int)'> (0x000000008b8483f8) 
thrown [s\src\hotspot\share\interpreter\linkResolver.cpp, line 771]
Event: 4.109 Thread 0x000001524100c590 Exception <a 'java/lang/NoSuchMethodError'{0x0000000089d63048}: 'int java.lang.invoke.DirectMethodHandle$Holder.invokeVirtual(java.lang.Object, java.lang.Object, java.lang.Object)'> (0x0000000089d63048) 
thrown [s\src\hotspot\share\interpreter\linkResolver.cpp, line 771]
Event: 4.176 Thread 0x000001524100c590 Exception <a 'java/lang/NoSuchMethodError'{0x0000000089acd340}: 'java.lang.Object java.lang.invoke.DirectMethodHandle$Holder.invokeStatic(java.lang.Object, java.lang.Object, java.lang.Object, java.lang.Object, int)'> (0x0000000089acd340) 
thrown [s\src\hotspot\share\interpreter\linkResolver.cpp, line 771]
Event: 4.176 Thread 0x000001524100c590 Exception <a 'java/lang/NoSuchMethodError'{0x0000000089ad7028}: 'java.lang.Object java.lang.invoke.DirectMethodHandle$Holder.newInvokeSpecial(java.lang.Object, java.lang.Object, java.lang.Object, java.lang.Object, int)'> (0x0000000089ad7028) 
thrown [s\src\hotspot\share\interpreter\linkResolver.cpp, line 771]
Event: 4.177 Thread 0x000001524100c590 Exception <a 'java/lang/NoSuchMethodError'{0x0000000089adbb58}: 'java.lang.Object java.lang.invoke.DirectMethodHandle$Holder.invokeSpecial(java.lang.Object, java.lang.Object, java.lang.Object, java.lang.Object, java.lang.Object, int)'> (0x0000000089adbb58) 
thrown [s\src\hotspot\share\interpreter\linkResolver.cpp, line 771]
Event: 4.177 Thread 0x000001524100c590 Exception <a 'java/lang/NoSuchMethodError'{0x0000000089ae0038}: 'java.lang.Object java.lang.invoke.Invokers$Holder.linkToTargetMethod(java.lang.Object, java.lang.Object, java.lang.Object, int, java.lang.Object)'> (0x0000000089ae0038) 
thrown [s\src\hotspot\share\interpreter\linkResolver.cpp, line 771]
Event: 4.216 Thread 0x000001524100c590 Exception <a 'java/lang/NoSuchMethodError'{0x00000000898902c0}: 'void java.lang.invoke.DirectMethodHandle$Holder.invokeInterface(java.lang.Object, java.lang.Object)'> (0x00000000898902c0) 
thrown [s\src\hotspot\share\interpreter\linkResolver.cpp, line 771]
Event: 4.268 Thread 0x000001524100c590 Exception <a 'java/lang/IncompatibleClassChangeError'{0x0000000089683df0}: Found class java.lang.Object, but interface was expected> (0x0000000089683df0) 
thrown [s\src\hotspot\share\interpreter\linkResolver.cpp, line 838]
Event: 4.477 Thread 0x000001524100c590 Implicit null exception at 0x000001524da6653c to 0x000001524da66cf4
Event: 4.692 Thread 0x000001524100c590 Exception <a 'java/lang/NoSuchMethodError'{0x000000008c7e66d8}: 'java.lang.Object java.lang.invoke.DirectMethodHandle$Holder.newInvokeSpecial(java.lang.Object, int, java.lang.Object, java.lang.Object)'> (0x000000008c7e66d8) 
thrown [s\src\hotspot\share\interpreter\linkResolver.cpp, line 771]
Event: 5.698 Thread 0x000001524100c590 Implicit null exception at 0x000001524dbda0f5 to 0x000001524dbda8b0
Event: 5.709 Thread 0x000001524100c590 Implicit null exception at 0x000001524db9f7f2 to 0x000001524db9ff9c
Event: 6.178 Thread 0x000001524100c590 Exception <a 'java/lang/NoSuchMethodError'{0x000000008b67c278}: 'java.lang.Object java.lang.invoke.DirectMethodHandle$Holder.invokeStaticInit(java.lang.Object, java.lang.Object, java.lang.Object, java.lang.Object)'> (0x000000008b67c278) 
thrown [s\src\hotspot\share\interpreter\linkResolver.cpp, line 771]
Event: 6.292 Thread 0x000001524100c590 Exception <a 'java/lang/NoSuchMethodError'{0x000000008aadf410}: 'java.lang.Object java.lang.invoke.DirectMethodHandle$Holder.newInvokeSpecial(java.lang.Object, java.lang.Object, java.lang.Object, int, int)'> (0x000000008aadf410) 
thrown [s\src\hotspot\share\interpreter\linkResolver.cpp, line 771]
Event: 6.292 Thread 0x000001524100c590 Exception <a 'java/lang/NoSuchMethodError'{0x000000008aae3250}: 'java.lang.Object java.lang.invoke.DirectMethodHandle$Holder.invokeSpecial(java.lang.Object, java.lang.Object, java.lang.Object, java.lang.Object, int, int)'> (0x000000008aae3250) 
thrown [s\src\hotspot\share\interpreter\linkResolver.cpp, line 771]
Event: 6.318 Thread 0x000001524100c590 Exception <a 'java/lang/NoSuchMethodError'{0x000000008a721748}: 'java.lang.Object java.lang.invoke.DirectMethodHandle$Holder.invokeSpecial(java.lang.Object, java.lang.Object, int, int, java.lang.Object, java.lang.Object, java.lang.Object, java.lang.Object, java.lang.Object)'> (0x000000008a721748) 
thrown [s\src\hotspot\share\interpreter\linkResolver.cpp, line 771]
Event: 6.494 Thread 0x000001524100c590 Exception <a 'java/lang/NoSuchMethodError'{0x000000008c9dbac8}: 'java.lang.Object java.lang.invoke.DirectMethodHandle$Holder.invokeStatic(java.lang.Object, int, java.lang.Object)'> (0x000000008c9dbac8) 
thrown [s\src\hotspot\share\interpreter\linkResolver.cpp, line 771]
Event: 6.503 Thread 0x000001524100c590 Implicit null exception at 0x000001524d7ee66d to 0x000001524d7ee898
Event: 7.041 Thread 0x000001524100c590 Implicit null exception at 0x000001524da46c64 to 0x000001524da46cdc

VM Operations (20 events):
Event: 7.565 Executing VM operation: HandshakeAllThreads done
Event: 7.638 Executing VM operation: HandshakeAllThreads
Event: 7.638 Executing VM operation: HandshakeAllThreads done
Event: 7.662 Executing VM operation: ICBufferFull
Event: 7.662 Executing VM operation: ICBufferFull done
Event: 7.664 Executing VM operation: G1CollectForAllocation
Event: 7.669 Executing VM operation: G1CollectForAllocation done
Event: 7.678 Executing VM operation: HandshakeAllThreads
Event: 7.678 Executing VM operation: HandshakeAllThreads done
Event: 7.678 Executing VM operation: HandshakeAllThreads
Event: 7.678 Executing VM operation: HandshakeAllThreads done
Event: 7.697 Executing VM operation: HandshakeAllThreads
Event: 7.697 Executing VM operation: HandshakeAllThreads done
Event: 7.731 Executing VM operation: HandshakeAllThreads
Event: 7.731 Executing VM operation: HandshakeAllThreads done
Event: 7.733 Executing VM operation: HandshakeAllThreads
Event: 7.734 Executing VM operation: HandshakeAllThreads done
Event: 7.734 Executing VM operation: HandshakeAllThreads
Event: 7.734 Executing VM operation: HandshakeAllThreads done
Event: 7.738 Executing VM operation: G1Concurrent

Events (20 events):
Event: 7.736 Thread 0x000001525d8445f0 flushing nmethod 0x0000015245d95810
Event: 7.736 Thread 0x000001525d8445f0 flushing nmethod 0x0000015245d96990
Event: 7.736 Thread 0x000001525d8445f0 flushing nmethod 0x0000015245d97e10
Event: 7.736 Thread 0x000001525d8445f0 flushing nmethod 0x0000015245d9ac90
Event: 7.736 Thread 0x000001525d8445f0 flushing nmethod 0x0000015245f07c90
Event: 7.736 Thread 0x000001525d8445f0 flushing nmethod 0x0000015245f13390
Event: 7.737 Thread 0x000001525d8445f0 flushing nmethod 0x0000015245f33c10
Event: 7.737 Thread 0x000001525d8445f0 flushing nmethod 0x0000015245f61c90
Event: 7.737 Thread 0x000001525d8445f0 flushing nmethod 0x0000015245f72b10
Event: 7.737 Thread 0x000001525d8445f0 flushing nmethod 0x0000015245f75a10
Event: 7.737 Thread 0x000001525d8445f0 flushing nmethod 0x0000015245ffdb10
Event: 7.737 Thread 0x000001525d8445f0 flushing nmethod 0x0000015246029f90
Event: 7.737 Thread 0x000001525d8445f0 flushing nmethod 0x0000015246046e10
Event: 7.737 Thread 0x000001525d8445f0 flushing nmethod 0x0000015246047390
Event: 7.737 Thread 0x000001525d8445f0 flushing nmethod 0x000001524605a090
Event: 7.737 Thread 0x000001525d8445f0 flushing nmethod 0x0000015246061090
Event: 7.738 Thread 0x000001525d8445f0 flushing nmethod 0x00000152460f8d90
Event: 7.738 Thread 0x000001525d8445f0 flushing nmethod 0x00000152460f9c90
Event: 7.738 Thread 0x000001525d8445f0 flushing nmethod 0x000001524611ea90
Event: 7.738 Thread 0x000001525d8445f0 flushing nmethod 0x0000015246132f90


Dynamic libraries:
0x00007ff627000000 - 0x00007ff62700a000 	C:\Program Files\Android\Android Studio\jbr\bin\java.exe
0x00007ff910db0000 - 0x00007ff910fc7000 	C:\WINDOWS\SYSTEM32\ntdll.dll
0x00007ff910000000 - 0x00007ff9100c4000 	C:\WINDOWS\System32\KERNEL32.DLL
0x00007ff90e450000 - 0x00007ff90e7f5000 	C:\WINDOWS\System32\KERNELBASE.dll
0x00007ff90e9e0000 - 0x00007ff90eaf1000 	C:\WINDOWS\System32\ucrtbase.dll
0x00007ff8e63f0000 - 0x00007ff8e6407000 	C:\Program Files\Android\Android Studio\jbr\bin\jli.dll
0x00007ff9049e0000 - 0x00007ff9049fb000 	C:\Program Files\Android\Android Studio\jbr\bin\VCRUNTIME140.dll
0x00007ff9100d0000 - 0x00007ff91027e000 	C:\WINDOWS\System32\USER32.dll
0x00007ff90d1a0000 - 0x00007ff90d433000 	C:\WINDOWS\WinSxS\amd64_microsoft.windows.common-controls_6595b64144ccf1df_6.0.22621.2506_none_270c5ae97388e100\COMCTL32.dll
0x00007ff90e120000 - 0x00007ff90e146000 	C:\WINDOWS\System32\win32u.dll
0x00007ff910c10000 - 0x00007ff910cb7000 	C:\WINDOWS\System32\msvcrt.dll
0x00007ff9102e0000 - 0x00007ff910309000 	C:\WINDOWS\System32\GDI32.dll
0x00007ff90e800000 - 0x00007ff90e919000 	C:\WINDOWS\System32\gdi32full.dll
0x00007ff90e150000 - 0x00007ff90e1ea000 	C:\WINDOWS\System32\msvcp_win.dll
0x00007ff90ffb0000 - 0x00007ff90ffe1000 	C:\WINDOWS\System32\IMM32.DLL
0x00007ff90ac80000 - 0x00007ff90ac8c000 	C:\Program Files\Android\Android Studio\jbr\bin\vcruntime140_1.dll
0x00007ff8ddef0000 - 0x00007ff8ddf7d000 	C:\Program Files\Android\Android Studio\jbr\bin\msvcp140.dll
0x00007ff8bbcc0000 - 0x00007ff8bc92e000 	C:\Program Files\Android\Android Studio\jbr\bin\server\jvm.dll
0x00007ff90f600000 - 0x00007ff90f6b1000 	C:\WINDOWS\System32\ADVAPI32.dll
0x00007ff90ef80000 - 0x00007ff90f026000 	C:\WINDOWS\System32\sechost.dll
0x00007ff90ee60000 - 0x00007ff90ef77000 	C:\WINDOWS\System32\RPCRT4.dll
0x00007ff904860000 - 0x00007ff904869000 	C:\WINDOWS\SYSTEM32\WSOCK32.dll
0x00007ff90ede0000 - 0x00007ff90ee51000 	C:\WINDOWS\System32\WS2_32.dll
0x00007ff9046e0000 - 0x00007ff9046ea000 	C:\WINDOWS\SYSTEM32\VERSION.dll
0x00007ff906890000 - 0x00007ff9068c4000 	C:\WINDOWS\SYSTEM32\WINMM.dll
0x00007ff90c9e0000 - 0x00007ff90c9f8000 	C:\WINDOWS\SYSTEM32\kernel.appcore.dll
0x00007ff903210000 - 0x00007ff90321a000 	C:\Program Files\Android\Android Studio\jbr\bin\jimage.dll
0x00007ff90d910000 - 0x00007ff90db43000 	C:\WINDOWS\SYSTEM32\DBGHELP.DLL
0x00007ff90f030000 - 0x00007ff90f3b9000 	C:\WINDOWS\System32\combase.dll
0x00007ff910380000 - 0x00007ff910457000 	C:\WINDOWS\System32\OLEAUT32.dll
0x00007ff90d490000 - 0x00007ff90d4c2000 	C:\WINDOWS\SYSTEM32\dbgcore.DLL
0x00007ff90e3d0000 - 0x00007ff90e44a000 	C:\WINDOWS\System32\bcryptPrimitives.dll
0x00007ff8f4ca0000 - 0x00007ff8f4cc5000 	C:\Program Files\Android\Android Studio\jbr\bin\java.dll
0x00007ff8f97a0000 - 0x00007ff8f97b8000 	C:\Program Files\Android\Android Studio\jbr\bin\zip.dll
0x00007ff90f6c0000 - 0x00007ff90ff19000 	C:\WINDOWS\System32\SHELL32.dll
0x00007ff90b960000 - 0x00007ff90c254000 	C:\WINDOWS\SYSTEM32\windows.storage.dll
0x00007ff90b820000 - 0x00007ff90b95e000 	C:\WINDOWS\SYSTEM32\wintypes.dll
0x00007ff910af0000 - 0x00007ff910be3000 	C:\WINDOWS\System32\SHCORE.dll
0x00007ff910280000 - 0x00007ff9102de000 	C:\WINDOWS\System32\shlwapi.dll
0x00007ff90e050000 - 0x00007ff90e076000 	C:\WINDOWS\SYSTEM32\profapi.dll
0x00007ff8f9060000 - 0x00007ff8f9079000 	C:\Program Files\Android\Android Studio\jbr\bin\net.dll
0x00007ff907bd0000 - 0x00007ff907d07000 	C:\WINDOWS\SYSTEM32\WINHTTP.dll
0x00007ff90ce80000 - 0x00007ff90cee9000 	C:\WINDOWS\system32\mswsock.dll
0x00007ff8f26b0000 - 0x00007ff8f26c6000 	C:\Program Files\Android\Android Studio\jbr\bin\nio.dll
0x00007ff902380000 - 0x00007ff902390000 	C:\Program Files\Android\Android Studio\jbr\bin\verify.dll

dbghelp: loaded successfully - version: 4.0.5 - missing functions: none
symbol engine: initialized successfully - sym options: 0x614 - pdb path: .;C:\Program Files\Android\Android Studio\jbr\bin;C:\WINDOWS\SYSTEM32;C:\WINDOWS\WinSxS\amd64_microsoft.windows.common-controls_6595b64144ccf1df_6.0.22621.2506_none_270c5ae97388e100;C:\Program Files\Android\Android Studio\jbr\bin\server

VM Arguments:
java_command: org.jetbrains.kotlin.cli.jvm.K2JVMCompiler @C:\Users\User\AndroidStudioProjects\RepairPal\customer\build\20231128_5407702011945344944.compiler.options
java_class_path (initial): C:\Users\User\.gradle\caches\modules-2\files-2.1\org.jetbrains.kotlin\kotlin-compiler-embeddable\1.8.10\b0757fd774344d54ce93f5ad6c30ba1c1731c8ff\kotlin-compiler-embeddable-1.8.10.jar;C:\Users\User\.gradle\caches\modules-2\files-2.1\org.jetbrains.kotlin\kotlin-stdlib\1.8.10\6d5560a229477df9406943d5feda5618e98eb64c\kotlin-stdlib-1.8.10.jar;C:\Users\User\.gradle\caches\modules-2\files-2.1\org.jetbrains.kotlin\kotlin-script-runtime\1.8.10\b13ea9c7e46d589139e56086a878763290e20bd5\kotlin-script-runtime-1.8.10.jar;C:\Users\User\.gradle\caches\modules-2\files-2.1\org.jetbrains.kotlin\kotlin-reflect\1.6.10\1cbe9c92c12a94eea200d23c2bbaedaf3daf5132\kotlin-reflect-1.6.10.jar;C:\Users\User\.gradle\caches\modules-2\files-2.1\org.jetbrains.kotlin\kotlin-daemon-embeddable\1.8.10\ad8541d9bc1cf9e52c3204161247910c2cf601d4\kotlin-daemon-embeddable-1.8.10.jar;C:\Users\User\.gradle\caches\modules-2\files-2.1\org.jetbrains.intellij.deps\trove4j\1.0.20200330\3afb14d5f9ceb459d724e907a21145e8ff394f02\trove4j-1.0.20200330.jar;C:\Users\User\.gradle\caches\modules-2\files-2.1\net.java.dev.jna\jna\5.6.0\330f2244e9030119ab3030fc3fededc86713d9cc\jna-5.6.0.jar;C:\Users\User\.gradle\caches\modules-2\files-2.1\org.jetbrains.kotlin\kotlin-stdlib-common\1.8.10\a61b182458550492c12aee66157d7b524a63a5ec\kotlin-stdlib-common-1.8.10.jar;C:\Users\User\.gradle\caches\modules-2\files-2.1\org.jetbrains\annotations\13.0\919f0dfe192fb4e063e7dacadee7f8bb9a2672a9\annotations-13.0.jar
Launcher Type: SUN_STANDARD

[Global flags]
     intx CICompilerCount                          = 4                                         {product} {ergonomic}
     uint ConcGCThreads                            = 2                                         {product} {ergonomic}
     uint G1ConcRefinementThreads                  = 8                                         {product} {ergonomic}
   size_t G1HeapRegionSize                         = 1048576                                   {product} {ergonomic}
    uintx GCDrainStackTargetSize                   = 64                                        {product} {ergonomic}
   size_t InitialHeapSize                          = 132120576                                 {product} {ergonomic}
   size_t MarkStackSize                            = 4194304                                   {product} {ergonomic}
   size_t MaxHeapSize                              = 2095054848                                {product} {ergonomic}
   size_t MaxNewSize                               = 1256194048                                {product} {ergonomic}
   size_t MinHeapDeltaBytes                        = 1048576                                   {product} {ergonomic}
   size_t MinHeapSize                              = 8388608                                   {product} {ergonomic}
    uintx NonNMethodCodeHeapSize                   = 5839372                                {pd product} {ergonomic}
    uintx NonProfiledCodeHeapSize                  = 122909434                              {pd product} {ergonomic}
    uintx ProfiledCodeHeapSize                     = 122909434                              {pd product} {ergonomic}
    uintx ReservedCodeCacheSize                    = 251658240                              {pd product} {ergonomic}
     bool SegmentedCodeCache                       = true                                      {product} {ergonomic}
   size_t SoftMaxHeapSize                          = 2095054848                             {manageable} {ergonomic}
     bool UseCompressedClassPointers               = true                           {product lp64_product} {ergonomic}
     bool UseCompressedOops                        = true                           {product lp64_product} {ergonomic}
     bool UseG1GC                                  = true                                      {product} {ergonomic}
     bool UseLargePagesIndividualAllocation        = false                                  {pd product} {ergonomic}

Logging:
Log output configuration:
 #0: stdout all=warning uptime,level,tags
 #1: stderr all=off uptime,level,tags

Environment Variables:
JAVA_HOME=C:\Program Files\Java\jdk-20.0.1
PATH=C:\Program Files (x86)\Common Files\Oracle\Java\javapath;C:\Python311\Scripts\;C:\Python311\;C:\Program Files (x86)\Falcon\MinGW\bin;C:\WINDOWS\system32;C:\WINDOWS;C:\WINDOWS\System32\Wbem;C:\WINDOWS\System32\WindowsPowerShell\v1.0\;C:\WINDOWS\System32\OpenSSH\;C:\Program Files\Microsoft SQL Server\130\Tools\Binn\;C:\sqlite3;C:\Program Files (x86)\Microsoft SQL Server\150\DTS\Binn\;C:\Program Files\Azure Data Studio\bin;C:\Program Files\Microsoft SQL Server\Client SDK\ODBC\170\Tools\Binn\;C:\Program Files (x86)\Microsoft SQL Server\150\Tools\Binn\;C:\Program Files\Microsoft SQL Server\150\Tools\Binn\;C:\Program Files\Microsoft SQL Server\150\DTS\Binn\;C:\xampp\php;C:\ProgramData\ComposerSetup\bin;C:\Program Files\dotnet\;C:\Users\User\AppData\Local\Android\Sdk\cmdline-tools\bin;C:\Program Files\Java\;C:\Program Files\Git\cmd;C:\Program Files\nodejs\;C:\ProgramData\chocolatey\bin;C:\Program Files (x86)\GTK2-Runtime\lib;C:\Program Files (x86)\Common Files\Oracle\Java\javapath;C:\Python311\Scripts\;C:\Python311\;C:\Program Files (x86)\Falcon\MinGW\bin;C:\WINDOWS\system32;C:\WINDOWS;C:\WINDOWS\System32\Wbem;C:\WINDOWS\System32\WindowsPowerShell\v1.0\;C:\WINDOWS\System32\OpenSSH\;C:\Program Files\Microsoft SQL Server\130\Tools\Binn\;C:\sqlite3;C:\Program Files (x86)\Microsoft SQL Server\150\DTS\Binn\;C:\Program Files\Azure Data Studio\bin;C:\Program Files\Microsoft SQL Server\Client SDK\ODBC\170\Tools\Binn\;C:\Program Files (x86)\Microsoft SQL Server\150\Tools\Binn\;C:\Program Files\Microsoft SQL Server\150\Tools\Binn\;C:\Program Files\Microsoft SQL Server\150\DTS\Binn\;C:\xampp\php;C:\ProgramData\ComposerSetup\bin;C:\Program Files\dotnet\;C:\Users\User\AppData\Local\Android\Sdk\cmdline-tools\bin;C:\Program Files\Java\;C:\Program Files\Git\cmd;C:\Program Files\nodejs\;C:\ProgramData\chocolatey\bin;C:\Program Files (x86)\GTK2-Runtime\lib;C:\Program Files\nodejs\node_modules\npm\bin;C:\Program Files\MySQL\MySQL Shell 8.0\bin\;C:\Users\User\AppData\Local\Microsoft\Windows
USERNAME=User
OS=Windows_NT
PROCESSOR_IDENTIFIER=Intel64 Family 6 Model 140 Stepping 1, GenuineIntel
TMP=C:\Users\User\AppData\Local\Temp
TEMP=C:\Users\User\AppData\Local\Temp


JNI global refs:
JNI global refs: 11, weak refs: 0

JNI global refs memory usage: 843, weak refs: 841


---------------  S Y S T E M  ---------------

OS:
 Windows 11 , 64 bit Build 22621 (10.0.22621.2506)
OS uptime: 0 days 20:35 hours

CPU: total 8 (initial active 8) (4 cores per cpu, 2 threads per core) family 6 model 140 stepping 1 microcode 0x78, cx8, cmov, fxsr, ht, mmx, 3dnowpref, sse, sse2, sse3, ssse3, sse4.1, sse4.2, popcnt, lzcnt, tsc, tscinvbit, avx, avx2, aes, erms, clmul, bmi1, bmi2, adx, avx512f, avx512dq, avx512cd, avx512bw, avx512vl, sha, fma, vzeroupper, avx512_vpopcntdq, avx512_vpclmulqdq, avx512_vaes, avx512_vnni, clflush, clflushopt, clwb, avx512_vbmi2, avx512_vbmi

Memory: 4k page, system-wide physical 7991M (871M free)
TotalPageFile size 10039M (AvailPageFile size 15M)
current process WorkingSet (physical memory assigned to process): 391M, peak: 391M
current process commit charge ("private bytes"): 426M, peak: 443M

vm_info: OpenJDK 64-Bit Server VM (17.0.6+0-b2043.56-10027231) for windows-amd64 JRE (17.0.6+0-b2043.56-10027231), built on Apr 28 2023 00:43:19 by "androidbuild" with MS VC++ 16.10 / 16.11 (VS2019)

END.
