#
# There is insufficient memory for the Java Runtime Environment to continue.
# Native memory allocation (mmap) failed to map 190840832 bytes for G1 virtual space
# Possible reasons:
#   The system is out of physical RAM or swap space
#   The process is running with CompressedOops enabled, and the Java Heap may be blocking the growth of the native heap
# Possible solutions:
#   Reduce memory load on the system
#   Increase physical memory or swap space
#   Check if swap backing store is full
#   Decrease Java heap size (-Xmx/-Xms)
#   Decrease number of Java threads
#   Decrease Java thread stack sizes (-Xss)
#   Set larger code cache with -XX:ReservedCodeCacheSize=
#   JVM is running with Unscaled Compressed Oops mode in which the Java heap is
#     placed in the first 4GB address space. The Java Heap base address is the
#     maximum limit for the native heap growth. Please use -XX:HeapBaseMinAddress
#     to set the Java Heap base and to place the Java Heap above 4GB virtual address.
# This output file may be truncated or incomplete.
#
#  Out of Memory Error (os_windows.cpp:3769), pid=2232, tid=16524
#
# JRE version: OpenJDK Runtime Environment (17.0.6) (build 17.0.6+0-b2043.56-10027231)
# Java VM: OpenJDK 64-Bit Server VM (17.0.6+0-b2043.56-10027231, mixed mode, tiered, compressed oops, compressed class ptrs, g1 gc, windows-amd64)
# No core dump will be written. Minidumps are not enabled by default on client versions of Windows
#

---------------  S U M M A R Y ------------

Command Line: org.jetbrains.kotlin.cli.jvm.K2JVMCompiler @C:\Users\User\AndroidStudioProjects\RepairPal\customer\build\20231112_13126187494443242668.compiler.options

Host: 11th Gen Intel(R) Core(TM) i5-1135G7 @ 2.40GHz, 8 cores, 7G,  Windows 11 , 64 bit Build 22621 (10.0.22621.2428)
Time: Sun Nov 12 13:53:21 2023 E. Africa Standard Time elapsed time: 7.834747 seconds (0d 0h 0m 7s)

---------------  T H R E A D  ---------------

Current thread (0x0000017a77dfea70):  VMThread "VM Thread" [stack: 0x0000004309500000,0x0000004309600000] [id=16524]

Stack: [0x0000004309500000,0x0000004309600000]
Native frames: (J=compiled Java code, j=interpreted, Vv=VM code, C=native code)
V  [jvm.dll+0x683c9a]
V  [jvm.dll+0x8427a4]
V  [jvm.dll+0x843f9e]
V  [jvm.dll+0x844603]
V  [jvm.dll+0x249b75]
V  [jvm.dll+0x680b69]
V  [jvm.dll+0x67505a]
V  [jvm.dll+0x309acb]
V  [jvm.dll+0x310f86]
V  [jvm.dll+0x3608ee]
V  [jvm.dll+0x360b1f]
V  [jvm.dll+0x2dfbf8]
V  [jvm.dll+0x2ddec4]
V  [jvm.dll+0x2dd4cc]
V  [jvm.dll+0x321f3b]
V  [jvm.dll+0x848ccb]
V  [jvm.dll+0x849a04]
V  [jvm.dll+0x849f1d]
V  [jvm.dll+0x84a2f4]
V  [jvm.dll+0x84a3c0]
V  [jvm.dll+0x7f274a]
V  [jvm.dll+0x682ad5]
C  [ucrtbase.dll+0x29363]
C  [KERNEL32.DLL+0x1257d]
C  [ntdll.dll+0x5aa78]

VM_Operation (0x0000004308ffd760): G1CollectForAllocation, mode: safepoint, requested by thread 0x0000017a5e13b8d0


---------------  P R O C E S S  ---------------

Threads class SMR info:
_java_thread_list=0x0000017a78c0f2d0, length=14, elements={
0x0000017a5e13b8d0, 0x0000017a78814270, 0x0000017a78814e20, 0x0000017a77e0fb10,
0x0000017a77e106c0, 0x0000017a77e13080, 0x0000017a77e13a30, 0x0000017a77e147c0,
0x0000017a78845510, 0x0000017a78845e10, 0x0000017a789b8e20, 0x0000017a789c2f80,
0x0000017a789d7ab0, 0x0000017a7901ad40
}

Java Threads: ( => current thread )
  0x0000017a5e13b8d0 JavaThread "main" [_thread_blocked, id=15632, stack(0x0000004308f00000,0x0000004309000000)]
  0x0000017a78814270 JavaThread "Reference Handler" daemon [_thread_blocked, id=14776, stack(0x0000004309600000,0x0000004309700000)]
  0x0000017a78814e20 JavaThread "Finalizer" daemon [_thread_blocked, id=2744, stack(0x0000004309700000,0x0000004309800000)]
  0x0000017a77e0fb10 JavaThread "Signal Dispatcher" daemon [_thread_blocked, id=6888, stack(0x0000004309800000,0x0000004309900000)]
  0x0000017a77e106c0 JavaThread "Attach Listener" daemon [_thread_blocked, id=7316, stack(0x0000004309900000,0x0000004309a00000)]
  0x0000017a77e13080 JavaThread "Service Thread" daemon [_thread_blocked, id=16100, stack(0x0000004309a00000,0x0000004309b00000)]
  0x0000017a77e13a30 JavaThread "Monitor Deflation Thread" daemon [_thread_blocked, id=3152, stack(0x0000004309b00000,0x0000004309c00000)]
  0x0000017a77e147c0 JavaThread "C2 CompilerThread0" daemon [_thread_blocked, id=11860, stack(0x0000004309c00000,0x0000004309d00000)]
  0x0000017a78845510 JavaThread "C1 CompilerThread0" daemon [_thread_blocked, id=11356, stack(0x0000004309d00000,0x0000004309e00000)]
  0x0000017a78845e10 JavaThread "Sweeper thread" daemon [_thread_blocked, id=11748, stack(0x0000004309e00000,0x0000004309f00000)]
  0x0000017a789b8e20 JavaThread "Notification Thread" daemon [_thread_blocked, id=15000, stack(0x0000004309f00000,0x000000430a000000)]
  0x0000017a789c2f80 JavaThread "Common-Cleaner" daemon [_thread_blocked, id=17016, stack(0x000000430a100000,0x000000430a200000)]
  0x0000017a789d7ab0 JavaThread "C2 CompilerThread1" daemon [_thread_blocked, id=14736, stack(0x000000430a200000,0x000000430a300000)]
  0x0000017a7901ad40 JavaThread "C2 CompilerThread2" daemon [_thread_in_native, id=2168, stack(0x000000430a700000,0x000000430a800000)]

Other Threads:
=>0x0000017a77dfea70 VMThread "VM Thread" [stack: 0x0000004309500000,0x0000004309600000] [id=16524]
  0x0000017a788fb910 WatcherThread [stack: 0x000000430a000000,0x000000430a100000] [id=17104]
  0x0000017a5e196d40 GCTaskThread "GC Thread#0" [stack: 0x0000004309000000,0x0000004309100000] [id=5508]
  0x0000017a78e706f0 GCTaskThread "GC Thread#1" [stack: 0x000000430a300000,0x000000430a400000] [id=16972]
  0x0000017a78e70190 GCTaskThread "GC Thread#2" [stack: 0x000000430a400000,0x000000430a500000] [id=9312]
  0x0000017a78e70f00 GCTaskThread "GC Thread#3" [stack: 0x000000430a500000,0x000000430a600000] [id=14688]
  0x0000017a78e711b0 GCTaskThread "GC Thread#4" [stack: 0x000000430a600000,0x000000430a700000] [id=13596]
  0x0000017a78e709a0 GCTaskThread "GC Thread#5" [stack: 0x000000430a800000,0x000000430a900000] [id=7292]
  0x0000017a78e70c50 GCTaskThread "GC Thread#6" [stack: 0x000000430a900000,0x000000430aa00000] [id=13144]
  0x0000017a78e6f6d0 GCTaskThread "GC Thread#7" [stack: 0x000000430aa00000,0x000000430ab00000] [id=10412]
  0x0000017a5e1a7640 ConcurrentGCThread "G1 Main Marker" [stack: 0x0000004309100000,0x0000004309200000] [id=14160]
  0x0000017a5e1a8050 ConcurrentGCThread "G1 Conc#0" [stack: 0x0000004309200000,0x0000004309300000] [id=5608]
  0x0000017a78e6fc30 ConcurrentGCThread "G1 Conc#1" [stack: 0x000000430ab00000,0x000000430ac00000] [id=15588]
  0x0000017a5e1fe910 ConcurrentGCThread "G1 Refine#0" [stack: 0x0000004309300000,0x0000004309400000] [id=6052]
  0x0000017a7ab834d0 ConcurrentGCThread "G1 Refine#1" [stack: 0x000000430ac00000,0x000000430ad00000] [id=11352]
  0x0000017a7ab809b0 ConcurrentGCThread "G1 Refine#2" [stack: 0x000000430ad00000,0x000000430ae00000] [id=14984]
  0x0000017a7ab81250 ConcurrentGCThread "G1 Refine#3" [stack: 0x000000430ae00000,0x000000430af00000] [id=13496]
  0x0000017a7ab81530 ConcurrentGCThread "G1 Refine#4" [stack: 0x000000430af00000,0x000000430b000000] [id=15856]
  0x0000017a77c564d0 ConcurrentGCThread "G1 Service" [stack: 0x0000004309400000,0x0000004309500000] [id=16268]

Threads with active compile tasks:
C2 CompilerThread0     7843 13711       4       org.jetbrains.kotlin.types.AbstractTypeMapper::mapType (540 bytes)
C2 CompilerThread1     7843 13732       4       org.jetbrains.kotlin.load.kotlin.TypeSignatureMappingKt::mapBuiltInType (339 bytes)
C2 CompilerThread2     7843 13673       4       org.jetbrains.kotlin.backend.jvm.mapping.IrTypeMapper::computeClassInternalName (302 bytes)

VM state: at safepoint (normal execution)

VM Mutex/Monitor currently owned by a thread:  ([mutex/lock_event])
[0x0000017a5e137f00] Threads_lock - owner thread: 0x0000017a77dfea70
[0x0000017a5e137690] Heap_lock - owner thread: 0x0000017a5e13b8d0

Heap address: 0x0000000083200000, size: 1998 MB, Compressed Oops mode: 32-bit

CDS archive(s) not mapped
Compressed class space mapped at: 0x0000000100000000-0x0000000140000000, reserved size: 1073741824
Narrow klass base: 0x0000000000000000, Narrow klass shift: 3, Narrow klass range: 0x140000000

GC Precious Log:
 CPUs: 8 total, 8 available
 Memory: 7991M
 Large Page Support: Disabled
 NUMA Support: Disabled
 Compressed Oops: Enabled (32-bit)
 Heap Region Size: 1M
 Heap Min Capacity: 8M
 Heap Initial Capacity: 126M
 Heap Max Capacity: 1998M
 Pre-touch: Disabled
 Parallel Workers: 8
 Concurrent Workers: 2
 Concurrent Refinement Workers: 8
 Periodic GC: Disabled

Heap:
 garbage-first heap   total 214016K, used 100946K [0x0000000083200000, 0x0000000100000000)
  region size 1024K, 5 young (5120K), 5 survivors (5120K)
 Metaspace       used 88618K, committed 89024K, reserved 1130496K
  class space    used 9946K, committed 10112K, reserved 1048576K

Heap Regions: E=young(eden), S=young(survivor), O=old, HS=humongous(starts), HC=humongous(continues), CS=collection set, F=free, OA=open archive, CA=closed archive, TAMS=top-at-mark-start (previous, next)
|   0|0x0000000083200000, 0x0000000083300000, 0x0000000083300000|100%|HS|  |TAMS 0x0000000083300000, 0x0000000083300000| Complete 
|   1|0x0000000083300000, 0x0000000083400000, 0x0000000083400000|100%|HC|  |TAMS 0x0000000083400000, 0x0000000083400000| Complete 
|   2|0x0000000083400000, 0x0000000083500000, 0x0000000083500000|100%|HC|  |TAMS 0x0000000083500000, 0x0000000083500000| Complete 
|   3|0x0000000083500000, 0x0000000083600000, 0x0000000083600000|100%|HC|  |TAMS 0x0000000083600000, 0x0000000083600000| Complete 
|   4|0x0000000083600000, 0x0000000083700000, 0x0000000083700000|100%| O|  |TAMS 0x0000000083700000, 0x0000000083700000| Untracked 
|   5|0x0000000083700000, 0x0000000083800000, 0x0000000083800000|100%| O|  |TAMS 0x0000000083800000, 0x0000000083800000| Untracked 
|   6|0x0000000083800000, 0x0000000083900000, 0x0000000083900000|100%| O|  |TAMS 0x0000000083900000, 0x0000000083900000| Untracked 
|   7|0x0000000083900000, 0x0000000083a00000, 0x0000000083a00000|100%|HS|  |TAMS 0x0000000083a00000, 0x0000000083a00000| Complete 
|   8|0x0000000083a00000, 0x0000000083b00000, 0x0000000083b00000|100%|HC|  |TAMS 0x0000000083b00000, 0x0000000083b00000| Complete 
|   9|0x0000000083b00000, 0x0000000083c00000, 0x0000000083c00000|100%|HC|  |TAMS 0x0000000083c00000, 0x0000000083c00000| Complete 
|  10|0x0000000083c00000, 0x0000000083d00000, 0x0000000083d00000|100%|HC|  |TAMS 0x0000000083d00000, 0x0000000083d00000| Complete 
|  11|0x0000000083d00000, 0x0000000083e00000, 0x0000000083e00000|100%| O|  |TAMS 0x0000000083e00000, 0x0000000083e00000| Untracked 
|  12|0x0000000083e00000, 0x0000000083f00000, 0x0000000083f00000|100%| O|  |TAMS 0x0000000083f00000, 0x0000000083f00000| Untracked 
|  13|0x0000000083f00000, 0x0000000084000000, 0x0000000084000000|100%| O|  |TAMS 0x0000000084000000, 0x0000000084000000| Untracked 
|  14|0x0000000084000000, 0x0000000084100000, 0x0000000084100000|100%| O|  |TAMS 0x0000000084100000, 0x0000000084100000| Untracked 
|  15|0x0000000084100000, 0x0000000084200000, 0x0000000084200000|100%| O|  |TAMS 0x0000000084200000, 0x0000000084200000| Untracked 
|  16|0x0000000084200000, 0x0000000084300000, 0x0000000084300000|100%| O|  |TAMS 0x0000000084300000, 0x0000000084300000| Untracked 
|  17|0x0000000084300000, 0x0000000084400000, 0x0000000084400000|100%| O|  |TAMS 0x0000000084400000, 0x0000000084400000| Untracked 
|  18|0x0000000084400000, 0x0000000084500000, 0x0000000084500000|100%| O|  |TAMS 0x0000000084500000, 0x0000000084500000| Untracked 
|  19|0x0000000084500000, 0x0000000084600000, 0x0000000084600000|100%| O|  |TAMS 0x0000000084600000, 0x0000000084600000| Untracked 
|  20|0x0000000084600000, 0x0000000084700000, 0x0000000084700000|100%| O|  |TAMS 0x0000000084700000, 0x0000000084700000| Untracked 
|  21|0x0000000084700000, 0x0000000084800000, 0x0000000084800000|100%| O|  |TAMS 0x0000000084800000, 0x0000000084800000| Untracked 
|  22|0x0000000084800000, 0x0000000084900000, 0x0000000084900000|100%| O|  |TAMS 0x0000000084900000, 0x0000000084900000| Untracked 
|  23|0x0000000084900000, 0x0000000084a00000, 0x0000000084a00000|100%| O|  |TAMS 0x0000000084a00000, 0x0000000084a00000| Untracked 
|  24|0x0000000084a00000, 0x0000000084b00000, 0x0000000084b00000|100%| O|  |TAMS 0x0000000084b00000, 0x0000000084b00000| Untracked 
|  25|0x0000000084b00000, 0x0000000084c00000, 0x0000000084c00000|100%| O|  |TAMS 0x0000000084c00000, 0x0000000084c00000| Untracked 
|  26|0x0000000084c00000, 0x0000000084d00000, 0x0000000084d00000|100%| O|  |TAMS 0x0000000084d00000, 0x0000000084d00000| Untracked 
|  27|0x0000000084d00000, 0x0000000084e00000, 0x0000000084e00000|100%|HS|  |TAMS 0x0000000084e00000, 0x0000000084e00000| Complete 
|  28|0x0000000084e00000, 0x0000000084f00000, 0x0000000084f00000|100%|HC|  |TAMS 0x0000000084f00000, 0x0000000084f00000| Complete 
|  29|0x0000000084f00000, 0x0000000085000000, 0x0000000085000000|100%| O|  |TAMS 0x0000000085000000, 0x0000000085000000| Untracked 
|  30|0x0000000085000000, 0x0000000085100000, 0x0000000085100000|100%| O|  |TAMS 0x0000000085100000, 0x0000000085100000| Untracked 
|  31|0x0000000085100000, 0x0000000085200000, 0x0000000085200000|100%| O|  |TAMS 0x0000000085200000, 0x0000000085200000| Untracked 
|  32|0x0000000085200000, 0x0000000085300000, 0x0000000085300000|100%| O|  |TAMS 0x0000000085300000, 0x0000000085300000| Untracked 
|  33|0x0000000085300000, 0x0000000085400000, 0x0000000085400000|100%| O|  |TAMS 0x0000000085300000, 0x0000000085400000| Untracked 
|  34|0x0000000085400000, 0x0000000085500000, 0x0000000085500000|100%| O|  |TAMS 0x0000000085500000, 0x0000000085500000| Untracked 
|  35|0x0000000085500000, 0x0000000085600000, 0x0000000085600000|100%| O|  |TAMS 0x0000000085600000, 0x0000000085600000| Untracked 
|  36|0x0000000085600000, 0x0000000085700000, 0x0000000085700000|100%| O|  |TAMS 0x0000000085700000, 0x0000000085700000| Untracked 
|  37|0x0000000085700000, 0x0000000085800000, 0x0000000085800000|100%| O|  |TAMS 0x0000000085800000, 0x0000000085800000| Untracked 
|  38|0x0000000085800000, 0x0000000085900000, 0x0000000085900000|100%| O|  |TAMS 0x0000000085900000, 0x0000000085900000| Untracked 
|  39|0x0000000085900000, 0x0000000085a00000, 0x0000000085a00000|100%| O|  |TAMS 0x0000000085a00000, 0x0000000085a00000| Untracked 
|  40|0x0000000085a00000, 0x0000000085b00000, 0x0000000085b00000|100%| O|  |TAMS 0x0000000085b00000, 0x0000000085b00000| Untracked 
|  41|0x0000000085b00000, 0x0000000085c00000, 0x0000000085c00000|100%| O|  |TAMS 0x0000000085c00000, 0x0000000085c00000| Untracked 
|  42|0x0000000085c00000, 0x0000000085d00000, 0x0000000085d00000|100%| O|  |TAMS 0x0000000085d00000, 0x0000000085d00000| Untracked 
|  43|0x0000000085d00000, 0x0000000085e00000, 0x0000000085e00000|100%| O|  |TAMS 0x0000000085e00000, 0x0000000085e00000| Untracked 
|  44|0x0000000085e00000, 0x0000000085f00000, 0x0000000085f00000|100%| O|  |TAMS 0x0000000085f00000, 0x0000000085f00000| Untracked 
|  45|0x0000000085f00000, 0x0000000086000000, 0x0000000086000000|100%| O|  |TAMS 0x0000000086000000, 0x0000000086000000| Untracked 
|  46|0x0000000086000000, 0x0000000086100000, 0x0000000086100000|100%| O|  |TAMS 0x0000000086100000, 0x0000000086100000| Untracked 
|  47|0x0000000086100000, 0x0000000086200000, 0x0000000086200000|100%| O|  |TAMS 0x0000000086200000, 0x0000000086200000| Untracked 
|  48|0x0000000086200000, 0x0000000086300000, 0x0000000086300000|100%| O|  |TAMS 0x0000000086300000, 0x0000000086300000| Untracked 
|  49|0x0000000086300000, 0x0000000086400000, 0x0000000086400000|100%| O|  |TAMS 0x0000000086400000, 0x0000000086400000| Untracked 
|  50|0x0000000086400000, 0x0000000086500000, 0x0000000086500000|100%| O|  |TAMS 0x0000000086500000, 0x0000000086500000| Untracked 
|  51|0x0000000086500000, 0x0000000086600000, 0x0000000086600000|100%| O|  |TAMS 0x0000000086600000, 0x0000000086600000| Untracked 
|  52|0x0000000086600000, 0x0000000086700000, 0x0000000086700000|100%| O|  |TAMS 0x0000000086700000, 0x0000000086700000| Untracked 
|  53|0x0000000086700000, 0x0000000086800000, 0x0000000086800000|100%| O|  |TAMS 0x0000000086800000, 0x0000000086800000| Untracked 
|  54|0x0000000086800000, 0x0000000086900000, 0x0000000086900000|100%| O|  |TAMS 0x0000000086800000, 0x0000000086900000| Untracked 
|  55|0x0000000086900000, 0x0000000086a00000, 0x0000000086a00000|100%| O|  |TAMS 0x0000000086900000, 0x0000000086a00000| Untracked 
|  56|0x0000000086a00000, 0x0000000086b00000, 0x0000000086b00000|100%| O|  |TAMS 0x0000000086a00000, 0x0000000086b00000| Untracked 
|  57|0x0000000086b00000, 0x0000000086c00000, 0x0000000086c00000|100%| O|  |TAMS 0x0000000086b00000, 0x0000000086c00000| Untracked 
|  58|0x0000000086c00000, 0x0000000086d00000, 0x0000000086d00000|100%| O|  |TAMS 0x0000000086c00000, 0x0000000086d00000| Untracked 
|  59|0x0000000086d00000, 0x0000000086e00000, 0x0000000086e00000|100%| O|  |TAMS 0x0000000086d00000, 0x0000000086e00000| Untracked 
|  60|0x0000000086e00000, 0x0000000086f00000, 0x0000000086f00000|100%| O|  |TAMS 0x0000000086e00000, 0x0000000086f00000| Untracked 
|  61|0x0000000086f00000, 0x0000000087000000, 0x0000000087000000|100%| O|  |TAMS 0x0000000086f00000, 0x0000000087000000| Untracked 
|  62|0x0000000087000000, 0x0000000087100000, 0x0000000087100000|100%| O|  |TAMS 0x0000000087000000, 0x0000000087100000| Untracked 
|  63|0x0000000087100000, 0x0000000087200000, 0x0000000087200000|100%| O|  |TAMS 0x0000000087100000, 0x0000000087200000| Untracked 
|  64|0x0000000087200000, 0x0000000087300000, 0x0000000087300000|100%| O|  |TAMS 0x0000000087200000, 0x0000000087300000| Untracked 
|  65|0x0000000087300000, 0x0000000087400000, 0x0000000087400000|100%| O|  |TAMS 0x0000000087300000, 0x0000000087400000| Untracked 
|  66|0x0000000087400000, 0x0000000087500000, 0x0000000087500000|100%| O|  |TAMS 0x0000000087400000, 0x0000000087500000| Untracked 
|  67|0x0000000087500000, 0x0000000087600000, 0x0000000087600000|100%| O|  |TAMS 0x0000000087500000, 0x0000000087600000| Untracked 
|  68|0x0000000087600000, 0x0000000087700000, 0x0000000087700000|100%| O|  |TAMS 0x0000000087600000, 0x0000000087700000| Untracked 
|  69|0x0000000087700000, 0x0000000087800000, 0x0000000087800000|100%| O|  |TAMS 0x0000000087700000, 0x0000000087800000| Untracked 
|  70|0x0000000087800000, 0x0000000087900000, 0x0000000087900000|100%| O|  |TAMS 0x0000000087800000, 0x0000000087900000| Untracked 
|  71|0x0000000087900000, 0x0000000087a00000, 0x0000000087a00000|100%| O|  |TAMS 0x0000000087900000, 0x0000000087a00000| Untracked 
|  72|0x0000000087a00000, 0x0000000087b00000, 0x0000000087b00000|100%| O|  |TAMS 0x0000000087a00000, 0x0000000087b00000| Untracked 
|  73|0x0000000087b00000, 0x0000000087c00000, 0x0000000087c00000|100%| O|  |TAMS 0x0000000087b00000, 0x0000000087c00000| Untracked 
|  74|0x0000000087c00000, 0x0000000087d00000, 0x0000000087d00000|100%| O|  |TAMS 0x0000000087c00000, 0x0000000087d00000| Untracked 
|  75|0x0000000087d00000, 0x0000000087e00000, 0x0000000087e00000|100%| O|  |TAMS 0x0000000087d00000, 0x0000000087e00000| Untracked 
|  76|0x0000000087e00000, 0x0000000087f00000, 0x0000000087f00000|100%| O|  |TAMS 0x0000000087e00000, 0x0000000087f00000| Untracked 
|  77|0x0000000087f00000, 0x0000000088000000, 0x0000000088000000|100%| O|  |TAMS 0x0000000087f00000, 0x0000000088000000| Untracked 
|  78|0x0000000088000000, 0x0000000088100000, 0x0000000088100000|100%| O|  |TAMS 0x0000000088000000, 0x0000000088100000| Untracked 
|  79|0x0000000088100000, 0x0000000088200000, 0x0000000088200000|100%| O|  |TAMS 0x0000000088100000, 0x0000000088200000| Untracked 
|  80|0x0000000088200000, 0x0000000088300000, 0x0000000088300000|100%| O|  |TAMS 0x0000000088200000, 0x0000000088300000| Untracked 
|  81|0x0000000088300000, 0x0000000088400000, 0x0000000088400000|100%| O|  |TAMS 0x0000000088300000, 0x0000000088400000| Untracked 
|  82|0x0000000088400000, 0x0000000088500000, 0x0000000088500000|100%| O|  |TAMS 0x0000000088400000, 0x0000000088500000| Untracked 
|  83|0x0000000088500000, 0x0000000088600000, 0x0000000088600000|100%| O|  |TAMS 0x0000000088500000, 0x0000000088600000| Untracked 
|  84|0x0000000088600000, 0x0000000088700000, 0x0000000088700000|100%| O|  |TAMS 0x0000000088600000, 0x0000000088700000| Untracked 
|  85|0x0000000088700000, 0x0000000088800000, 0x0000000088800000|100%| O|  |TAMS 0x0000000088700000, 0x0000000088800000| Untracked 
|  86|0x0000000088800000, 0x0000000088900000, 0x0000000088900000|100%| O|  |TAMS 0x0000000088800000, 0x0000000088900000| Untracked 
|  87|0x0000000088900000, 0x0000000088a00000, 0x0000000088a00000|100%| O|  |TAMS 0x0000000088900000, 0x0000000088a00000| Untracked 
|  88|0x0000000088a00000, 0x0000000088b00000, 0x0000000088b00000|100%| O|  |TAMS 0x0000000088a00000, 0x0000000088b00000| Untracked 
|  89|0x0000000088b00000, 0x0000000088c00000, 0x0000000088c00000|100%| O|  |TAMS 0x0000000088b00000, 0x0000000088c00000| Untracked 
|  90|0x0000000088c00000, 0x0000000088d00000, 0x0000000088d00000|100%| O|  |TAMS 0x0000000088c00000, 0x0000000088d00000| Untracked 
|  91|0x0000000088d00000, 0x0000000088e00000, 0x0000000088e00000|100%| O|  |TAMS 0x0000000088d00000, 0x0000000088e00000| Untracked 
|  92|0x0000000088e00000, 0x0000000088f00000, 0x0000000088f00000|100%| O|  |TAMS 0x0000000088e00000, 0x0000000088f00000| Untracked 
|  93|0x0000000088f00000, 0x0000000089000000, 0x0000000089000000|100%| O|  |TAMS 0x0000000088f00000, 0x0000000089000000| Untracked 
|  94|0x0000000089000000, 0x0000000089073800, 0x0000000089100000| 45%| O|  |TAMS 0x0000000089000000, 0x0000000089073800| Untracked 
|  95|0x0000000089100000, 0x0000000089100000, 0x0000000089200000|  0%| F|  |TAMS 0x0000000089100000, 0x0000000089100000| Untracked 
|  96|0x0000000089200000, 0x0000000089200000, 0x0000000089300000|  0%| F|  |TAMS 0x0000000089200000, 0x0000000089200000| Untracked 
|  97|0x0000000089300000, 0x0000000089300000, 0x0000000089400000|  0%| F|  |TAMS 0x0000000089300000, 0x0000000089300000| Untracked 
|  98|0x0000000089400000, 0x0000000089400000, 0x0000000089500000|  0%| F|  |TAMS 0x0000000089400000, 0x0000000089400000| Untracked 
|  99|0x0000000089500000, 0x0000000089500000, 0x0000000089600000|  0%| F|  |TAMS 0x0000000089500000, 0x0000000089500000| Untracked 
| 100|0x0000000089600000, 0x0000000089600000, 0x0000000089700000|  0%| F|  |TAMS 0x0000000089600000, 0x0000000089600000| Untracked 
| 101|0x0000000089700000, 0x0000000089700000, 0x0000000089800000|  0%| F|  |TAMS 0x0000000089700000, 0x0000000089700000| Untracked 
| 102|0x0000000089800000, 0x0000000089800000, 0x0000000089900000|  0%| F|  |TAMS 0x0000000089800000, 0x0000000089800000| Untracked 
| 103|0x0000000089900000, 0x0000000089900000, 0x0000000089a00000|  0%| F|  |TAMS 0x0000000089900000, 0x0000000089900000| Untracked 
| 104|0x0000000089a00000, 0x0000000089a00000, 0x0000000089b00000|  0%| F|  |TAMS 0x0000000089a00000, 0x0000000089a00000| Untracked 
| 105|0x0000000089b00000, 0x0000000089b00000, 0x0000000089c00000|  0%| F|  |TAMS 0x0000000089b00000, 0x0000000089b00000| Untracked 
| 106|0x0000000089c00000, 0x0000000089c00000, 0x0000000089d00000|  0%| F|  |TAMS 0x0000000089c00000, 0x0000000089c00000| Untracked 
| 107|0x0000000089d00000, 0x0000000089d00000, 0x0000000089e00000|  0%| F|  |TAMS 0x0000000089d00000, 0x0000000089d00000| Untracked 
| 108|0x0000000089e00000, 0x0000000089e00000, 0x0000000089f00000|  0%| F|  |TAMS 0x0000000089e00000, 0x0000000089e00000| Untracked 
| 109|0x0000000089f00000, 0x0000000089f00000, 0x000000008a000000|  0%| F|  |TAMS 0x0000000089f00000, 0x0000000089f00000| Untracked 
| 110|0x000000008a000000, 0x000000008a000000, 0x000000008a100000|  0%| F|  |TAMS 0x000000008a000000, 0x000000008a000000| Untracked 
| 111|0x000000008a100000, 0x000000008a100000, 0x000000008a200000|  0%| F|  |TAMS 0x000000008a100000, 0x000000008a100000| Untracked 
| 112|0x000000008a200000, 0x000000008a200000, 0x000000008a300000|  0%| F|  |TAMS 0x000000008a200000, 0x000000008a200000| Untracked 
| 113|0x000000008a300000, 0x000000008a300000, 0x000000008a400000|  0%| F|  |TAMS 0x000000008a300000, 0x000000008a300000| Untracked 
| 114|0x000000008a400000, 0x000000008a400000, 0x000000008a500000|  0%| F|  |TAMS 0x000000008a400000, 0x000000008a400000| Untracked 
| 115|0x000000008a500000, 0x000000008a500000, 0x000000008a600000|  0%| F|  |TAMS 0x000000008a500000, 0x000000008a500000| Untracked 
| 116|0x000000008a600000, 0x000000008a600000, 0x000000008a700000|  0%| F|  |TAMS 0x000000008a600000, 0x000000008a600000| Untracked 
| 117|0x000000008a700000, 0x000000008a700000, 0x000000008a800000|  0%| F|  |TAMS 0x000000008a700000, 0x000000008a700000| Untracked 
| 118|0x000000008a800000, 0x000000008a800000, 0x000000008a900000|  0%| F|  |TAMS 0x000000008a800000, 0x000000008a800000| Untracked 
| 119|0x000000008a900000, 0x000000008a900000, 0x000000008aa00000|  0%| F|  |TAMS 0x000000008a900000, 0x000000008a900000| Untracked 
| 120|0x000000008aa00000, 0x000000008aa00000, 0x000000008ab00000|  0%| F|  |TAMS 0x000000008aa00000, 0x000000008aa00000| Untracked 
| 121|0x000000008ab00000, 0x000000008ab00000, 0x000000008ac00000|  0%| F|  |TAMS 0x000000008ab00000, 0x000000008ab00000| Untracked 
| 122|0x000000008ac00000, 0x000000008ac00000, 0x000000008ad00000|  0%| F|  |TAMS 0x000000008ac00000, 0x000000008ac00000| Untracked 
| 123|0x000000008ad00000, 0x000000008ad00000, 0x000000008ae00000|  0%| F|  |TAMS 0x000000008ad00000, 0x000000008ad00000| Untracked 
| 124|0x000000008ae00000, 0x000000008ae00000, 0x000000008af00000|  0%| F|  |TAMS 0x000000008ae00000, 0x000000008ae00000| Untracked 
| 125|0x000000008af00000, 0x000000008af00000, 0x000000008b000000|  0%| F|  |TAMS 0x000000008af00000, 0x000000008af00000| Untracked 
| 126|0x000000008b000000, 0x000000008b000000, 0x000000008b100000|  0%| F|  |TAMS 0x000000008b000000, 0x000000008b000000| Untracked 
| 127|0x000000008b100000, 0x000000008b100000, 0x000000008b200000|  0%| F|  |TAMS 0x000000008b100000, 0x000000008b100000| Untracked 
| 128|0x000000008b200000, 0x000000008b200000, 0x000000008b300000|  0%| F|  |TAMS 0x000000008b200000, 0x000000008b200000| Untracked 
| 129|0x000000008b300000, 0x000000008b300000, 0x000000008b400000|  0%| F|  |TAMS 0x000000008b300000, 0x000000008b300000| Untracked 
| 130|0x000000008b400000, 0x000000008b400000, 0x000000008b500000|  0%| F|  |TAMS 0x000000008b400000, 0x000000008b400000| Untracked 
| 131|0x000000008b500000, 0x000000008b500000, 0x000000008b600000|  0%| F|  |TAMS 0x000000008b500000, 0x000000008b500000| Untracked 
| 132|0x000000008b600000, 0x000000008b600000, 0x000000008b700000|  0%| F|  |TAMS 0x000000008b600000, 0x000000008b600000| Untracked 
| 133|0x000000008b700000, 0x000000008b721210, 0x000000008b800000| 12%| S|CS|TAMS 0x000000008b700000, 0x000000008b700000| Complete 
| 134|0x000000008b800000, 0x000000008b900000, 0x000000008b900000|100%| S|CS|TAMS 0x000000008b800000, 0x000000008b800000| Complete 
| 135|0x000000008b900000, 0x000000008ba00000, 0x000000008ba00000|100%| S|CS|TAMS 0x000000008b900000, 0x000000008b900000| Complete 
| 136|0x000000008ba00000, 0x000000008bb00000, 0x000000008bb00000|100%| S|CS|TAMS 0x000000008ba00000, 0x000000008ba00000| Complete 
| 137|0x000000008bb00000, 0x000000008bc00000, 0x000000008bc00000|100%| S|CS|TAMS 0x000000008bb00000, 0x000000008bb00000| Complete 
| 138|0x000000008bc00000, 0x000000008bc00000, 0x000000008bd00000|  0%| F|  |TAMS 0x000000008bc00000, 0x000000008bc00000| Untracked 
| 139|0x000000008bd00000, 0x000000008bd00000, 0x000000008be00000|  0%| F|  |TAMS 0x000000008bd00000, 0x000000008bd00000| Untracked 
| 140|0x000000008be00000, 0x000000008be00000, 0x000000008bf00000|  0%| F|  |TAMS 0x000000008be00000, 0x000000008be00000| Untracked 
| 141|0x000000008bf00000, 0x000000008bf00000, 0x000000008c000000|  0%| F|  |TAMS 0x000000008bf00000, 0x000000008bf00000| Untracked 
| 142|0x000000008c000000, 0x000000008c000000, 0x000000008c100000|  0%| F|  |TAMS 0x000000008c000000, 0x000000008c000000| Untracked 
| 143|0x000000008c100000, 0x000000008c100000, 0x000000008c200000|  0%| F|  |TAMS 0x000000008c100000, 0x000000008c100000| Untracked 
| 144|0x000000008c200000, 0x000000008c200000, 0x000000008c300000|  0%| F|  |TAMS 0x000000008c200000, 0x000000008c200000| Untracked 
| 145|0x000000008c300000, 0x000000008c300000, 0x000000008c400000|  0%| F|  |TAMS 0x000000008c300000, 0x000000008c300000| Untracked 
| 146|0x000000008c400000, 0x000000008c400000, 0x000000008c500000|  0%| F|  |TAMS 0x000000008c400000, 0x000000008c400000| Untracked 
| 147|0x000000008c500000, 0x000000008c500000, 0x000000008c600000|  0%| F|  |TAMS 0x000000008c500000, 0x000000008c500000| Untracked 
| 148|0x000000008c600000, 0x000000008c600000, 0x000000008c700000|  0%| F|  |TAMS 0x000000008c600000, 0x000000008c600000| Untracked 
| 149|0x000000008c700000, 0x000000008c700000, 0x000000008c800000|  0%| F|  |TAMS 0x000000008c700000, 0x000000008c700000| Untracked 
| 150|0x000000008c800000, 0x000000008c800000, 0x000000008c900000|  0%| F|  |TAMS 0x000000008c800000, 0x000000008c800000| Untracked 
| 151|0x000000008c900000, 0x000000008c900000, 0x000000008ca00000|  0%| F|  |TAMS 0x000000008c900000, 0x000000008c900000| Untracked 
| 152|0x000000008ca00000, 0x000000008ca00000, 0x000000008cb00000|  0%| F|  |TAMS 0x000000008ca00000, 0x000000008ca00000| Untracked 
| 153|0x000000008cb00000, 0x000000008cb00000, 0x000000008cc00000|  0%| F|  |TAMS 0x000000008cb00000, 0x000000008cb00000| Untracked 
| 154|0x000000008cc00000, 0x000000008cc00000, 0x000000008cd00000|  0%| F|  |TAMS 0x000000008cc00000, 0x000000008cc00000| Untracked 
| 155|0x000000008cd00000, 0x000000008cd00000, 0x000000008ce00000|  0%| F|  |TAMS 0x000000008cd00000, 0x000000008cd00000| Untracked 
| 156|0x000000008ce00000, 0x000000008ce00000, 0x000000008cf00000|  0%| F|  |TAMS 0x000000008ce00000, 0x000000008ce00000| Untracked 
| 157|0x000000008cf00000, 0x000000008cf00000, 0x000000008d000000|  0%| F|  |TAMS 0x000000008cf00000, 0x000000008cf00000| Untracked 
| 158|0x000000008d000000, 0x000000008d000000, 0x000000008d100000|  0%| F|  |TAMS 0x000000008d000000, 0x000000008d000000| Untracked 
| 159|0x000000008d100000, 0x000000008d100000, 0x000000008d200000|  0%| F|  |TAMS 0x000000008d100000, 0x000000008d100000| Untracked 
| 160|0x000000008d200000, 0x000000008d200000, 0x000000008d300000|  0%| F|  |TAMS 0x000000008d200000, 0x000000008d200000| Untracked 
| 161|0x000000008d300000, 0x000000008d300000, 0x000000008d400000|  0%| F|  |TAMS 0x000000008d300000, 0x000000008d300000| Untracked 
| 162|0x000000008d400000, 0x000000008d400000, 0x000000008d500000|  0%| F|  |TAMS 0x000000008d400000, 0x000000008d400000| Untracked 
| 163|0x000000008d500000, 0x000000008d500000, 0x000000008d600000|  0%| F|  |TAMS 0x000000008d500000, 0x000000008d500000| Untracked 
| 164|0x000000008d600000, 0x000000008d600000, 0x000000008d700000|  0%| F|  |TAMS 0x000000008d600000, 0x000000008d600000| Untracked 
| 165|0x000000008d700000, 0x000000008d700000, 0x000000008d800000|  0%| F|  |TAMS 0x000000008d700000, 0x000000008d700000| Untracked 
| 166|0x000000008d800000, 0x000000008d800000, 0x000000008d900000|  0%| F|  |TAMS 0x000000008d800000, 0x000000008d800000| Untracked 
| 167|0x000000008d900000, 0x000000008d900000, 0x000000008da00000|  0%| F|  |TAMS 0x000000008d900000, 0x000000008d900000| Untracked 
| 168|0x000000008da00000, 0x000000008da00000, 0x000000008db00000|  0%| F|  |TAMS 0x000000008da00000, 0x000000008da00000| Untracked 
| 169|0x000000008db00000, 0x000000008db00000, 0x000000008dc00000|  0%| F|  |TAMS 0x000000008db00000, 0x000000008db00000| Untracked 
| 170|0x000000008dc00000, 0x000000008dc00000, 0x000000008dd00000|  0%| F|  |TAMS 0x000000008dc00000, 0x000000008dc00000| Untracked 
| 171|0x000000008dd00000, 0x000000008dd00000, 0x000000008de00000|  0%| F|  |TAMS 0x000000008dd00000, 0x000000008dd00000| Untracked 
| 172|0x000000008de00000, 0x000000008de00000, 0x000000008df00000|  0%| F|  |TAMS 0x000000008de00000, 0x000000008de00000| Untracked 
| 173|0x000000008df00000, 0x000000008df00000, 0x000000008e000000|  0%| F|  |TAMS 0x000000008df00000, 0x000000008df00000| Untracked 
| 174|0x000000008e000000, 0x000000008e000000, 0x000000008e100000|  0%| F|  |TAMS 0x000000008e000000, 0x000000008e000000| Untracked 
| 175|0x000000008e100000, 0x000000008e100000, 0x000000008e200000|  0%| F|  |TAMS 0x000000008e100000, 0x000000008e100000| Untracked 
| 176|0x000000008e200000, 0x000000008e200000, 0x000000008e300000|  0%| F|  |TAMS 0x000000008e200000, 0x000000008e200000| Untracked 
| 177|0x000000008e300000, 0x000000008e300000, 0x000000008e400000|  0%| F|  |TAMS 0x000000008e300000, 0x000000008e300000| Untracked 
| 178|0x000000008e400000, 0x000000008e400000, 0x000000008e500000|  0%| F|  |TAMS 0x000000008e400000, 0x000000008e400000| Untracked 
| 179|0x000000008e500000, 0x000000008e500000, 0x000000008e600000|  0%| F|  |TAMS 0x000000008e500000, 0x000000008e500000| Untracked 
| 180|0x000000008e600000, 0x000000008e600000, 0x000000008e700000|  0%| F|  |TAMS 0x000000008e600000, 0x000000008e600000| Untracked 
| 181|0x000000008e700000, 0x000000008e700000, 0x000000008e800000|  0%| F|  |TAMS 0x000000008e700000, 0x000000008e700000| Untracked 
| 182|0x000000008e800000, 0x000000008e800000, 0x000000008e900000|  0%| F|  |TAMS 0x000000008e800000, 0x000000008e800000| Untracked 
| 183|0x000000008e900000, 0x000000008e900000, 0x000000008ea00000|  0%| F|  |TAMS 0x000000008e900000, 0x000000008e900000| Untracked 
| 184|0x000000008ea00000, 0x000000008ea00000, 0x000000008eb00000|  0%| F|  |TAMS 0x000000008ea00000, 0x000000008ea00000| Untracked 
| 185|0x000000008eb00000, 0x000000008eb00000, 0x000000008ec00000|  0%| F|  |TAMS 0x000000008eb00000, 0x000000008eb00000| Untracked 
| 186|0x000000008ec00000, 0x000000008ec00000, 0x000000008ed00000|  0%| F|  |TAMS 0x000000008ec00000, 0x000000008ec00000| Untracked 
| 187|0x000000008ed00000, 0x000000008ed00000, 0x000000008ee00000|  0%| F|  |TAMS 0x000000008ed00000, 0x000000008ed00000| Untracked 
| 188|0x000000008ee00000, 0x000000008ee00000, 0x000000008ef00000|  0%| F|  |TAMS 0x000000008ee00000, 0x000000008ee00000| Untracked 
| 189|0x000000008ef00000, 0x000000008ef00000, 0x000000008f000000|  0%| F|  |TAMS 0x000000008ef00000, 0x000000008ef00000| Untracked 
| 190|0x000000008f000000, 0x000000008f000000, 0x000000008f100000|  0%| F|  |TAMS 0x000000008f000000, 0x000000008f000000| Untracked 
| 191|0x000000008f100000, 0x000000008f100000, 0x000000008f200000|  0%| F|  |TAMS 0x000000008f100000, 0x000000008f100000| Untracked 
| 192|0x000000008f200000, 0x000000008f200000, 0x000000008f300000|  0%| F|  |TAMS 0x000000008f200000, 0x000000008f200000| Untracked 
| 193|0x000000008f300000, 0x000000008f300000, 0x000000008f400000|  0%| F|  |TAMS 0x000000008f300000, 0x000000008f300000| Untracked 
| 194|0x000000008f400000, 0x000000008f400000, 0x000000008f500000|  0%| F|  |TAMS 0x000000008f400000, 0x000000008f400000| Untracked 
| 195|0x000000008f500000, 0x000000008f500000, 0x000000008f600000|  0%| F|  |TAMS 0x000000008f500000, 0x000000008f500000| Untracked 
| 196|0x000000008f600000, 0x000000008f600000, 0x000000008f700000|  0%| F|  |TAMS 0x000000008f600000, 0x000000008f600000| Untracked 
| 197|0x000000008f700000, 0x000000008f700000, 0x000000008f800000|  0%| F|  |TAMS 0x000000008f700000, 0x000000008f700000| Untracked 
| 198|0x000000008f800000, 0x000000008f800000, 0x000000008f900000|  0%| F|  |TAMS 0x000000008f800000, 0x000000008f800000| Untracked 
| 199|0x000000008f900000, 0x000000008f900000, 0x000000008fa00000|  0%| F|  |TAMS 0x000000008f900000, 0x000000008f900000| Untracked 
| 200|0x000000008fa00000, 0x000000008fa00000, 0x000000008fb00000|  0%| F|  |TAMS 0x000000008fa00000, 0x000000008fa00000| Untracked 
| 201|0x000000008fb00000, 0x000000008fb00000, 0x000000008fc00000|  0%| F|  |TAMS 0x000000008fb00000, 0x000000008fb00000| Untracked 
| 202|0x000000008fc00000, 0x000000008fc00000, 0x000000008fd00000|  0%| F|  |TAMS 0x000000008fc00000, 0x000000008fc00000| Untracked 
| 203|0x000000008fd00000, 0x000000008fd00000, 0x000000008fe00000|  0%| F|  |TAMS 0x000000008fd00000, 0x000000008fd00000| Untracked 
| 204|0x000000008fe00000, 0x000000008fe00000, 0x000000008ff00000|  0%| F|  |TAMS 0x000000008fe00000, 0x000000008fe00000| Untracked 
| 205|0x000000008ff00000, 0x000000008ff00000, 0x0000000090000000|  0%| F|  |TAMS 0x000000008ff00000, 0x000000008ff00000| Untracked 
| 206|0x0000000090000000, 0x0000000090000000, 0x0000000090100000|  0%| F|  |TAMS 0x0000000090000000, 0x0000000090000000| Untracked 
| 207|0x0000000090100000, 0x0000000090100000, 0x0000000090200000|  0%| F|  |TAMS 0x0000000090100000, 0x0000000090100000| Untracked 
| 208|0x0000000090200000, 0x0000000090200000, 0x0000000090300000|  0%| F|  |TAMS 0x0000000090200000, 0x0000000090200000| Untracked 

Card table byte_map: [0x0000017a70d20000,0x0000017a71110000] _byte_map_base: 0x0000017a70907000

Marking Bits (Prev, Next): (CMBitMap*) 0x0000017a5e197390, (CMBitMap*) 0x0000017a5e197350
 Prev Bits: [0x0000017a73440000, 0x0000017a75378000)
 Next Bits: [0x0000017a71500000, 0x0000017a73438000)

Polling page: 0x0000017a5c0d0000

Metaspace:

Usage:
  Non-class:     76.83 MB used.
      Class:      9.71 MB used.
       Both:     86.54 MB used.

Virtual space:
  Non-class space:       80.00 MB reserved,      77.06 MB ( 96%) committed,  10 nodes.
      Class space:        1.00 GB reserved,       9.88 MB ( <1%) committed,  1 nodes.
             Both:        1.08 GB reserved,      86.94 MB (  8%) committed. 

Chunk freelists:
   Non-Class:  2.78 MB
       Class:  2.14 MB
        Both:  4.92 MB

MaxMetaspaceSize: unlimited
CompressedClassSpaceSize: 1.00 GB
Initial GC threshold: 21.00 MB
Current GC threshold: 98.75 MB
CDS: off
MetaspaceReclaimPolicy: balanced
 - commit_granule_bytes: 65536.
 - commit_granule_words: 8192.
 - virtual_space_node_default_size: 1048576.
 - enlarge_chunks_in_place: 1.
 - new_chunks_are_fully_committed: 0.
 - uncommit_free_chunks: 1.
 - use_allocation_guard: 0.
 - handle_deallocations: 1.


Internal statistics:

num_allocs_failed_limit: 9.
num_arena_births: 440.
num_arena_deaths: 0.
num_vsnodes_births: 11.
num_vsnodes_deaths: 0.
num_space_committed: 1389.
num_space_uncommitted: 0.
num_chunks_returned_to_freelist: 9.
num_chunks_taken_from_freelist: 3256.
num_chunk_merges: 9.
num_chunk_splits: 2646.
num_chunks_enlarged: 2325.
num_purges: 0.
num_inconsistent_stats: 0.

CodeHeap 'non-profiled nmethods': size=120000Kb used=6680Kb max_used=6744Kb free=113319Kb
 bounds [0x0000017a690d0000, 0x0000017a69770000, 0x0000017a70600000]
CodeHeap 'profiled nmethods': size=120000Kb used=30395Kb max_used=31365Kb free=89604Kb
 bounds [0x0000017a61600000, 0x0000017a634b0000, 0x0000017a68b30000]
CodeHeap 'non-nmethods': size=5760Kb used=1428Kb max_used=1491Kb free=4331Kb
 bounds [0x0000017a68b30000, 0x0000017a68da0000, 0x0000017a690d0000]
 total_blobs=12210 nmethods=11462 adapters=657
 compilation: enabled
              stopped_count=0, restarted_count=0
 full_count=0

Compilation events (20 events):
Event: 7.814 Thread 0x0000017a78845510 13796       1       org.jetbrains.org.objectweb.asm.tree.analysis.Frame::setReturn (6 bytes)
Event: 7.814 Thread 0x0000017a78845510 nmethod 13796 0x0000017a692ada10 code [0x0000017a692adba0, 0x0000017a692adcb8]
Event: 7.814 Thread 0x0000017a78845510 13798       1       org.jetbrains.kotlin.codegen.state.GenerationState::getShouldInlineConstVals (5 bytes)
Event: 7.814 Thread 0x0000017a78845510 nmethod 13798 0x0000017a692ad510 code [0x0000017a692ad6a0, 0x0000017a692ad778]
Event: 7.814 Thread 0x0000017a78845510 13800       2       org.jetbrains.kotlin.codegen.optimization.common.InsnSequence::<init> (22 bytes)
Event: 7.815 Thread 0x0000017a78845510 nmethod 13800 0x0000017a62eb0d90 code [0x0000017a62eb0fc0, 0x0000017a62eb14c8]
Event: 7.815 Thread 0x0000017a78845510 13801       2       org.jetbrains.org.objectweb.asm.ByteVector::<init> (13 bytes)
Event: 7.815 Thread 0x0000017a78845510 nmethod 13801 0x0000017a63025310 code [0x0000017a630254a0, 0x0000017a63025698]
Event: 7.815 Thread 0x0000017a78845510 13802       1       org.jetbrains.org.objectweb.asm.tree.InvokeDynamicInsnNode::getType (3 bytes)
Event: 7.815 Thread 0x0000017a78845510 nmethod 13802 0x0000017a6970f710 code [0x0000017a6970f8a0, 0x0000017a6970f978]
Event: 7.815 Thread 0x0000017a78845510 13803       1       org.jetbrains.org.objectweb.asm.tree.IntInsnNode::getType (2 bytes)
Event: 7.815 Thread 0x0000017a78845510 nmethod 13803 0x0000017a6970f410 code [0x0000017a6970f5a0, 0x0000017a6970f678]
Event: 7.815 Thread 0x0000017a78845510 13804       2       org.jetbrains.org.objectweb.asm.SymbolTable$Entry::<init> (20 bytes)
Event: 7.815 Thread 0x0000017a78845510 nmethod 13804 0x0000017a63024f10 code [0x0000017a630250a0, 0x0000017a630251e8]
Event: 7.815 Thread 0x0000017a78845510 13805       2       org.jetbrains.org.objectweb.asm.SymbolTable::addConstantNameAndType (137 bytes)
Event: 7.816 Thread 0x0000017a78845510 nmethod 13805 0x0000017a62eb0310 code [0x0000017a62eb0520, 0x0000017a62eb09c8]
Event: 7.816 Thread 0x0000017a78845510 13807       2       org.jetbrains.org.objectweb.asm.Frame::push (59 bytes)
Event: 7.816 Thread 0x0000017a78845510 nmethod 13807 0x0000017a62eafb90 code [0x0000017a62eafd80, 0x0000017a62eb00b8]
Event: 7.816 Thread 0x0000017a78845510 13806       2       org.jetbrains.org.objectweb.asm.SymbolTable::hash (15 bytes)
Event: 7.816 Thread 0x0000017a78845510 nmethod 13806 0x0000017a62eaf690 code [0x0000017a62eaf840, 0x0000017a62eaf998]

GC Heap History (20 events):
Event: 2.505 GC heap after
{Heap after GC invocations=13 (full 0):
 garbage-first heap   total 116736K, used 42612K [0x0000000083200000, 0x0000000100000000)
  region size 1024K, 3 young (3072K), 3 survivors (3072K)
 Metaspace       used 51353K, committed 51648K, reserved 1097728K
  class space    used 6139K, committed 6272K, reserved 1048576K
}
Event: 3.135 GC heap before
{Heap before GC invocations=13 (full 0):
 garbage-first heap   total 116736K, used 84596K [0x0000000083200000, 0x0000000100000000)
  region size 1024K, 44 young (45056K), 3 survivors (3072K)
 Metaspace       used 56396K, committed 56704K, reserved 1105920K
  class space    used 6618K, committed 6784K, reserved 1048576K
}
Event: 3.151 GC heap after
{Heap after GC invocations=14 (full 0):
 garbage-first heap   total 116736K, used 48933K [0x0000000083200000, 0x0000000100000000)
  region size 1024K, 6 young (6144K), 6 survivors (6144K)
 Metaspace       used 56396K, committed 56704K, reserved 1105920K
  class space    used 6618K, committed 6784K, reserved 1048576K
}
Event: 3.432 GC heap before
{Heap before GC invocations=14 (full 0):
 garbage-first heap   total 116736K, used 87845K [0x0000000083200000, 0x0000000100000000)
  region size 1024K, 44 young (45056K), 6 survivors (6144K)
 Metaspace       used 57652K, committed 57920K, reserved 1105920K
  class space    used 6742K, committed 6848K, reserved 1048576K
}
Event: 3.446 GC heap after
{Heap after GC invocations=15 (full 0):
 garbage-first heap   total 116736K, used 55180K [0x0000000083200000, 0x0000000100000000)
  region size 1024K, 6 young (6144K), 6 survivors (6144K)
 Metaspace       used 57652K, committed 57920K, reserved 1105920K
  class space    used 6742K, committed 6848K, reserved 1048576K
}
Event: 3.492 GC heap before
{Heap before GC invocations=15 (full 0):
 garbage-first heap   total 116736K, used 88972K [0x0000000083200000, 0x0000000100000000)
  region size 1024K, 39 young (39936K), 6 survivors (6144K)
 Metaspace       used 57682K, committed 57984K, reserved 1105920K
  class space    used 6742K, committed 6848K, reserved 1048576K
}
Event: 3.502 GC heap after
{Heap after GC invocations=16 (full 0):
 garbage-first heap   total 116736K, used 56320K [0x0000000083200000, 0x0000000100000000)
  region size 1024K, 1 young (1024K), 1 survivors (1024K)
 Metaspace       used 57682K, committed 57984K, reserved 1105920K
  class space    used 6742K, committed 6848K, reserved 1048576K
}
Event: 3.856 GC heap before
{Heap before GC invocations=16 (full 0):
 garbage-first heap   total 116736K, used 90112K [0x0000000083200000, 0x0000000100000000)
  region size 1024K, 35 young (35840K), 1 survivors (1024K)
 Metaspace       used 60192K, committed 60416K, reserved 1105920K
  class space    used 7056K, committed 7168K, reserved 1048576K
}
Event: 3.862 GC heap after
{Heap after GC invocations=17 (full 0):
 garbage-first heap   total 214016K, used 58943K [0x0000000083200000, 0x0000000100000000)
  region size 1024K, 4 young (4096K), 4 survivors (4096K)
 Metaspace       used 60192K, committed 60416K, reserved 1105920K
  class space    used 7056K, committed 7168K, reserved 1048576K
}
Event: 5.565 GC heap before
{Heap before GC invocations=18 (full 0):
 garbage-first heap   total 208896K, used 161343K [0x0000000083200000, 0x0000000100000000)
  region size 1024K, 104 young (106496K), 4 survivors (4096K)
 Metaspace       used 71929K, committed 72256K, reserved 1114112K
  class space    used 8276K, committed 8384K, reserved 1048576K
}
Event: 5.577 GC heap after
{Heap after GC invocations=19 (full 0):
 garbage-first heap   total 208896K, used 72609K [0x0000000083200000, 0x0000000100000000)
  region size 1024K, 13 young (13312K), 13 survivors (13312K)
 Metaspace       used 71929K, committed 72256K, reserved 1114112K
  class space    used 8276K, committed 8384K, reserved 1048576K
}
Event: 5.593 GC heap before
{Heap before GC invocations=19 (full 0):
 garbage-first heap   total 208896K, used 73633K [0x0000000083200000, 0x0000000100000000)
  region size 1024K, 14 young (14336K), 13 survivors (13312K)
 Metaspace       used 72019K, committed 72384K, reserved 1114112K
  class space    used 8287K, committed 8448K, reserved 1048576K
}
Event: 5.599 GC heap after
{Heap after GC invocations=20 (full 0):
 garbage-first heap   total 208896K, used 74017K [0x0000000083200000, 0x0000000100000000)
  region size 1024K, 2 young (2048K), 2 survivors (2048K)
 Metaspace       used 72019K, committed 72384K, reserved 1114112K
  class space    used 8287K, committed 8448K, reserved 1048576K
}
Event: 6.323 GC heap before
{Heap before GC invocations=20 (full 0):
 garbage-first heap   total 208896K, used 147745K [0x0000000083200000, 0x0000000100000000)
  region size 1024K, 74 young (75776K), 2 survivors (2048K)
 Metaspace       used 74993K, committed 75328K, reserved 1122304K
  class space    used 8614K, committed 8768K, reserved 1048576K
}
Event: 6.337 GC heap after
{Heap after GC invocations=21 (full 0):
 garbage-first heap   total 208896K, used 88574K [0x0000000083200000, 0x0000000100000000)
  region size 1024K, 10 young (10240K), 10 survivors (10240K)
 Metaspace       used 74993K, committed 75328K, reserved 1122304K
  class space    used 8614K, committed 8768K, reserved 1048576K
}
Event: 6.973 GC heap before
{Heap before GC invocations=21 (full 0):
 garbage-first heap   total 208896K, used 153086K [0x0000000083200000, 0x0000000100000000)
  region size 1024K, 73 young (74752K), 10 survivors (10240K)
 Metaspace       used 82962K, committed 83328K, reserved 1130496K
  class space    used 9499K, committed 9664K, reserved 1048576K
}
Event: 6.988 GC heap after
{Heap after GC invocations=22 (full 0):
 garbage-first heap   total 208896K, used 96674K [0x0000000083200000, 0x0000000100000000)
  region size 1024K, 8 young (8192K), 8 survivors (8192K)
 Metaspace       used 82962K, committed 83328K, reserved 1130496K
  class space    used 9499K, committed 9664K, reserved 1048576K
}
Event: 7.263 GC heap before
{Heap before GC invocations=22 (full 0):
 garbage-first heap   total 208896K, used 159138K [0x0000000083200000, 0x0000000100000000)
  region size 1024K, 69 young (70656K), 8 survivors (8192K)
 Metaspace       used 83766K, committed 84160K, reserved 1130496K
  class space    used 9534K, committed 9728K, reserved 1048576K
}
Event: 7.269 GC heap after
{Heap after GC invocations=23 (full 0):
 garbage-first heap   total 208896K, used 98465K [0x0000000083200000, 0x0000000100000000)
  region size 1024K, 2 young (2048K), 2 survivors (2048K)
 Metaspace       used 83766K, committed 84160K, reserved 1130496K
  class space    used 9534K, committed 9728K, reserved 1048576K
}
Event: 7.827 GC heap before
{Heap before GC invocations=23 (full 0):
 garbage-first heap   total 208896K, used 164001K [0x0000000083200000, 0x0000000100000000)
  region size 1024K, 66 young (67584K), 2 survivors (2048K)
 Metaspace       used 88618K, committed 89024K, reserved 1130496K
  class space    used 9946K, committed 10112K, reserved 1048576K
}

Dll operation events (2 events):
Event: 0.004 Loaded shared library C:\Program Files\Android\Android Studio\jbr\bin\java.dll
Event: 0.629 Loaded shared library C:\Program Files\Android\Android Studio\jbr\bin\verify.dll

Deoptimization events (20 events):
Event: 7.683 Thread 0x0000017a5e13b8d0 Uncommon trap: trap_request=0xffffff45 fr.pc=0x0000017a693a9af4 relative=0x0000000000000074
Event: 7.683 Thread 0x0000017a5e13b8d0 Uncommon trap: reason=unstable_if action=reinterpret pc=0x0000017a693a9af4 method=org.jetbrains.org.objectweb.asm.ClassVisitor.visitMethod(ILjava/lang/String;Ljava/lang/String;Ljava/lang/String;[Ljava/lang/String;)Lorg/jetbrains/org/objectweb/asm/MethodVi
Event: 7.683 Thread 0x0000017a5e13b8d0 DEOPT PACKING pc=0x0000017a693a9af4 sp=0x0000004308ffc7e0
Event: 7.683 Thread 0x0000017a5e13b8d0 DEOPT UNPACKING pc=0x0000017a68b8a1a3 sp=0x0000004308ffc7a0 mode 2
Event: 7.721 Thread 0x0000017a5e13b8d0 Uncommon trap: trap_request=0xffffffc6 fr.pc=0x0000017a6925b174 relative=0x0000000000001cf4
Event: 7.721 Thread 0x0000017a5e13b8d0 Uncommon trap: reason=bimorphic_or_optimized_type_check action=maybe_recompile pc=0x0000017a6925b174 method=java.util.concurrent.ConcurrentHashMap.computeIfAbsent(Ljava/lang/Object;Ljava/util/function/Function;)Ljava/lang/Object; @ 356 c2
Event: 7.721 Thread 0x0000017a5e13b8d0 DEOPT PACKING pc=0x0000017a6925b174 sp=0x0000004308ffded0
Event: 7.721 Thread 0x0000017a5e13b8d0 DEOPT UNPACKING pc=0x0000017a68b8a1a3 sp=0x0000004308ffde58 mode 2
Event: 7.731 Thread 0x0000017a5e13b8d0 Uncommon trap: trap_request=0xffffffc6 fr.pc=0x0000017a6925b174 relative=0x0000000000001cf4
Event: 7.731 Thread 0x0000017a5e13b8d0 Uncommon trap: reason=bimorphic_or_optimized_type_check action=maybe_recompile pc=0x0000017a6925b174 method=java.util.concurrent.ConcurrentHashMap.computeIfAbsent(Ljava/lang/Object;Ljava/util/function/Function;)Ljava/lang/Object; @ 356 c2
Event: 7.731 Thread 0x0000017a5e13b8d0 DEOPT PACKING pc=0x0000017a6925b174 sp=0x0000004308ffded0
Event: 7.731 Thread 0x0000017a5e13b8d0 DEOPT UNPACKING pc=0x0000017a68b8a1a3 sp=0x0000004308ffde58 mode 2
Event: 7.753 Thread 0x0000017a5e13b8d0 Uncommon trap: trap_request=0xffffffc6 fr.pc=0x0000017a6925b174 relative=0x0000000000001cf4
Event: 7.753 Thread 0x0000017a5e13b8d0 Uncommon trap: reason=bimorphic_or_optimized_type_check action=maybe_recompile pc=0x0000017a6925b174 method=java.util.concurrent.ConcurrentHashMap.computeIfAbsent(Ljava/lang/Object;Ljava/util/function/Function;)Ljava/lang/Object; @ 356 c2
Event: 7.753 Thread 0x0000017a5e13b8d0 DEOPT PACKING pc=0x0000017a6925b174 sp=0x0000004308ffded0
Event: 7.753 Thread 0x0000017a5e13b8d0 DEOPT UNPACKING pc=0x0000017a68b8a1a3 sp=0x0000004308ffde58 mode 2
Event: 7.754 Thread 0x0000017a5e13b8d0 Uncommon trap: trap_request=0xffffff54 fr.pc=0x0000017a69552b44 relative=0x0000000000004d44
Event: 7.754 Thread 0x0000017a5e13b8d0 Uncommon trap: reason=speculate_null_assert action=make_not_entrant pc=0x0000017a69552b44 method=org.jetbrains.kotlin.backend.jvm.mapping.IrTypeMapper.classInternalName(Lorg/jetbrains/kotlin/ir/declarations/IrClass;)Ljava/lang/String; @ 53 c2
Event: 7.754 Thread 0x0000017a5e13b8d0 DEOPT PACKING pc=0x0000017a69552b44 sp=0x0000004308ffcf70
Event: 7.754 Thread 0x0000017a5e13b8d0 DEOPT UNPACKING pc=0x0000017a68b8a1a3 sp=0x0000004308ffcdb8 mode 2

Classes unloaded (0 events):
No events

Classes redefined (0 events):
No events

Internal exceptions (20 events):
Event: 3.757 Thread 0x0000017a5e13b8d0 Exception <a 'java/lang/NoSuchMethodError'{0x00000000890df9d8}: 'int java.lang.invoke.DirectMethodHandle$Holder.invokeStaticInit(java.lang.Object, int)'> (0x00000000890df9d8) 
thrown [s\src\hotspot\share\interpreter\linkResolver.cpp, line 771]
Event: 3.986 Thread 0x0000017a5e13b8d0 Exception <a 'java/lang/NoSuchMethodError'{0x000000008f4e4fd0}: 'int java.lang.invoke.DirectMethodHandle$Holder.invokeVirtual(java.lang.Object, java.lang.Object, java.lang.Object)'> (0x000000008f4e4fd0) 
thrown [s\src\hotspot\share\interpreter\linkResolver.cpp, line 771]
Event: 4.049 Thread 0x0000017a5e13b8d0 Exception <a 'java/lang/NoSuchMethodError'{0x000000008f04eee0}: 'java.lang.Object java.lang.invoke.DirectMethodHandle$Holder.invokeStatic(java.lang.Object, java.lang.Object, java.lang.Object, java.lang.Object, int)'> (0x000000008f04eee0) 
thrown [s\src\hotspot\share\interpreter\linkResolver.cpp, line 771]
Event: 4.050 Thread 0x0000017a5e13b8d0 Exception <a 'java/lang/NoSuchMethodError'{0x000000008f058bc8}: 'java.lang.Object java.lang.invoke.DirectMethodHandle$Holder.newInvokeSpecial(java.lang.Object, java.lang.Object, java.lang.Object, java.lang.Object, int)'> (0x000000008f058bc8) 
thrown [s\src\hotspot\share\interpreter\linkResolver.cpp, line 771]
Event: 4.050 Thread 0x0000017a5e13b8d0 Exception <a 'java/lang/NoSuchMethodError'{0x000000008f05d6f8}: 'java.lang.Object java.lang.invoke.DirectMethodHandle$Holder.invokeSpecial(java.lang.Object, java.lang.Object, java.lang.Object, java.lang.Object, java.lang.Object, int)'> (0x000000008f05d6f8) 
thrown [s\src\hotspot\share\interpreter\linkResolver.cpp, line 771]
Event: 4.050 Thread 0x0000017a5e13b8d0 Exception <a 'java/lang/NoSuchMethodError'{0x000000008f061bd8}: 'java.lang.Object java.lang.invoke.Invokers$Holder.linkToTargetMethod(java.lang.Object, java.lang.Object, java.lang.Object, int, java.lang.Object)'> (0x000000008f061bd8) 
thrown [s\src\hotspot\share\interpreter\linkResolver.cpp, line 771]
Event: 4.085 Thread 0x0000017a5e13b8d0 Exception <a 'java/lang/NoSuchMethodError'{0x000000008ee10678}: 'void java.lang.invoke.DirectMethodHandle$Holder.invokeInterface(java.lang.Object, java.lang.Object)'> (0x000000008ee10678) 
thrown [s\src\hotspot\share\interpreter\linkResolver.cpp, line 771]
Event: 4.133 Thread 0x0000017a5e13b8d0 Exception <a 'java/lang/IncompatibleClassChangeError'{0x000000008ec09d08}: Found class java.lang.Object, but interface was expected> (0x000000008ec09d08) 
thrown [s\src\hotspot\share\interpreter\linkResolver.cpp, line 838]
Event: 4.195 Thread 0x0000017a5e13b8d0 Implicit null exception at 0x0000017a693a5bbc to 0x0000017a693a647c
Event: 5.012 Thread 0x0000017a5e13b8d0 Implicit null exception at 0x0000017a695083b4 to 0x0000017a6950843d
Event: 5.168 Thread 0x0000017a5e13b8d0 Implicit null exception at 0x0000017a6916d06a to 0x0000017a6916d228
Event: 5.424 Thread 0x0000017a5e13b8d0 Exception <a 'java/lang/NoSuchMethodError'{0x000000008a545e70}: 'java.lang.Object java.lang.invoke.DirectMethodHandle$Holder.newInvokeSpecial(java.lang.Object, java.lang.Object, java.lang.Object, int, int)'> (0x000000008a545e70) 
thrown [s\src\hotspot\share\interpreter\linkResolver.cpp, line 771]
Event: 5.424 Thread 0x0000017a5e13b8d0 Exception <a 'java/lang/NoSuchMethodError'{0x000000008a549cb0}: 'java.lang.Object java.lang.invoke.DirectMethodHandle$Holder.invokeSpecial(java.lang.Object, java.lang.Object, java.lang.Object, java.lang.Object, int, int)'> (0x000000008a549cb0) 
thrown [s\src\hotspot\share\interpreter\linkResolver.cpp, line 771]
Event: 5.451 Thread 0x0000017a5e13b8d0 Exception <a 'java/lang/NoSuchMethodError'{0x000000008a35fac8}: 'java.lang.Object java.lang.invoke.DirectMethodHandle$Holder.invokeSpecial(java.lang.Object, java.lang.Object, int, int, java.lang.Object, java.lang.Object, java.lang.Object, java.lang.Object, java.lang.Object)'> (0x000000008a35fac8) 
thrown [s\src\hotspot\share\interpreter\linkResolver.cpp, line 771]
Event: 5.797 Thread 0x0000017a5e13b8d0 Exception <a 'java/lang/NoSuchMethodError'{0x000000008e7e1d00}: 'java.lang.Object java.lang.invoke.DirectMethodHandle$Holder.invokeStatic(java.lang.Object, int, java.lang.Object)'> (0x000000008e7e1d00) 
thrown [s\src\hotspot\share\interpreter\linkResolver.cpp, line 771]
Event: 5.801 Thread 0x0000017a5e13b8d0 Exception <a 'java/lang/NoSuchMethodError'{0x000000008e609e60}: 'java.lang.Object java.lang.invoke.DirectMethodHandle$Holder.newInvokeSpecial(java.lang.Object, int, java.lang.Object, java.lang.Object)'> (0x000000008e609e60) 
thrown [s\src\hotspot\share\interpreter\linkResolver.cpp, line 771]
Event: 5.813 Thread 0x0000017a5e13b8d0 Implicit null exception at 0x0000017a694e75b5 to 0x0000017a694e7dd7
Event: 6.055 Thread 0x0000017a5e13b8d0 Implicit null exception at 0x0000017a694e8de4 to 0x0000017a694e8e5c
Event: 6.060 Thread 0x0000017a5e13b8d0 Implicit null exception at 0x0000017a694ec830 to 0x0000017a694ec890
Event: 6.487 Thread 0x0000017a5e13b8d0 Implicit null exception at 0x0000017a6913d46d to 0x0000017a6913d698

VM Operations (20 events):
Event: 7.395 Executing VM operation: HandshakeAllThreads done
Event: 7.397 Executing VM operation: HandshakeAllThreads
Event: 7.397 Executing VM operation: HandshakeAllThreads done
Event: 7.409 Executing VM operation: HandshakeAllThreads
Event: 7.409 Executing VM operation: HandshakeAllThreads done
Event: 7.456 Executing VM operation: HandshakeAllThreads
Event: 7.456 Executing VM operation: HandshakeAllThreads done
Event: 7.517 Executing VM operation: HandshakeAllThreads
Event: 7.517 Executing VM operation: HandshakeAllThreads done
Event: 7.533 Executing VM operation: ICBufferFull
Event: 7.534 Executing VM operation: ICBufferFull done
Event: 7.542 Executing VM operation: HandshakeAllThreads
Event: 7.542 Executing VM operation: HandshakeAllThreads done
Event: 7.616 Executing VM operation: ICBufferFull
Event: 7.616 Executing VM operation: ICBufferFull done
Event: 7.657 Executing VM operation: HandshakeAllThreads
Event: 7.657 Executing VM operation: HandshakeAllThreads done
Event: 7.657 Executing VM operation: HandshakeAllThreads
Event: 7.657 Executing VM operation: HandshakeAllThreads done
Event: 7.827 Executing VM operation: G1CollectForAllocation

Events (20 events):
Event: 7.670 Thread 0x0000017a78845e10 flushing nmethod 0x0000017a630dd790
Event: 7.670 Thread 0x0000017a78845e10 flushing nmethod 0x0000017a630f5810
Event: 7.670 Thread 0x0000017a78845e10 flushing nmethod 0x0000017a630f7a10
Event: 7.670 Thread 0x0000017a78845e10 flushing nmethod 0x0000017a630fa110
Event: 7.671 Thread 0x0000017a78845e10 flushing nmethod 0x0000017a630fb290
Event: 7.671 Thread 0x0000017a78845e10 flushing nmethod 0x0000017a63121b90
Event: 7.671 Thread 0x0000017a78845e10 flushing nmethod 0x0000017a63122010
Event: 7.671 Thread 0x0000017a78845e10 flushing nmethod 0x0000017a63139a90
Event: 7.671 Thread 0x0000017a78845e10 flushing nmethod 0x0000017a6313a010
Event: 7.671 Thread 0x0000017a78845e10 flushing nmethod 0x0000017a6313b710
Event: 7.671 Thread 0x0000017a78845e10 flushing nmethod 0x0000017a6313d090
Event: 7.671 Thread 0x0000017a78845e10 flushing nmethod 0x0000017a63144110
Event: 7.671 Thread 0x0000017a78845e10 flushing nmethod 0x0000017a6315a610
Event: 7.671 Thread 0x0000017a78845e10 flushing nmethod 0x0000017a63160f90
Event: 7.671 Thread 0x0000017a78845e10 flushing nmethod 0x0000017a631fe590
Event: 7.671 Thread 0x0000017a78845e10 flushing nmethod 0x0000017a63259c90
Event: 7.671 Thread 0x0000017a78845e10 flushing nmethod 0x0000017a6332ce10
Event: 7.671 Thread 0x0000017a78845e10 flushing nmethod 0x0000017a6333ab90
Event: 7.672 Thread 0x0000017a78845e10 flushing nmethod 0x0000017a63468110
Event: 7.672 Thread 0x0000017a78845e10 flushing nmethod 0x0000017a63468590


Dynamic libraries:
0x00007ff70d8f0000 - 0x00007ff70d8fa000 	C:\Program Files\Android\Android Studio\jbr\bin\java.exe
0x00007fff530f0000 - 0x00007fff53307000 	C:\WINDOWS\SYSTEM32\ntdll.dll
0x00007fff514d0000 - 0x00007fff51594000 	C:\WINDOWS\System32\KERNEL32.DLL
0x00007fff50a20000 - 0x00007fff50dc6000 	C:\WINDOWS\System32\KERNELBASE.dll
0x00007fff507b0000 - 0x00007fff508c1000 	C:\WINDOWS\System32\ucrtbase.dll
0x00007fff4bc40000 - 0x00007fff4bc57000 	C:\Program Files\Android\Android Studio\jbr\bin\jli.dll
0x00007fff3a230000 - 0x00007fff3a24b000 	C:\Program Files\Android\Android Studio\jbr\bin\VCRUNTIME140.dll
0x00007fff52690000 - 0x00007fff5283d000 	C:\WINDOWS\System32\USER32.dll
0x00007fff509f0000 - 0x00007fff50a16000 	C:\WINDOWS\System32\win32u.dll
0x00007fff35350000 - 0x00007fff355e3000 	C:\WINDOWS\WinSxS\amd64_microsoft.windows.common-controls_6595b64144ccf1df_6.0.22621.2361_none_2712ced57382f843\COMCTL32.dll
0x00007fff51ae0000 - 0x00007fff51b09000 	C:\WINDOWS\System32\GDI32.dll
0x00007fff529b0000 - 0x00007fff52a57000 	C:\WINDOWS\System32\msvcrt.dll
0x00007fff508d0000 - 0x00007fff509e8000 	C:\WINDOWS\System32\gdi32full.dll
0x00007fff50650000 - 0x00007fff506ea000 	C:\WINDOWS\System32\msvcp_win.dll
0x00007fff51960000 - 0x00007fff51991000 	C:\WINDOWS\System32\IMM32.DLL
0x00007fff4bad0000 - 0x00007fff4badc000 	C:\Program Files\Android\Android Studio\jbr\bin\vcruntime140_1.dll
0x00007fff30ca0000 - 0x00007fff30d2d000 	C:\Program Files\Android\Android Studio\jbr\bin\msvcp140.dll
0x00007fff077b0000 - 0x00007fff0841e000 	C:\Program Files\Android\Android Studio\jbr\bin\server\jvm.dll
0x00007fff515a0000 - 0x00007fff51650000 	C:\WINDOWS\System32\ADVAPI32.dll
0x00007fff51a30000 - 0x00007fff51ad6000 	C:\WINDOWS\System32\sechost.dll
0x00007fff52840000 - 0x00007fff52957000 	C:\WINDOWS\System32\RPCRT4.dll
0x00007fff4d440000 - 0x00007fff4d449000 	C:\WINDOWS\SYSTEM32\WSOCK32.dll
0x00007fff48b90000 - 0x00007fff48bc4000 	C:\WINDOWS\SYSTEM32\WINMM.dll
0x00007fff51650000 - 0x00007fff516c1000 	C:\WINDOWS\System32\WS2_32.dll
0x00007fff44d90000 - 0x00007fff44d9a000 	C:\WINDOWS\SYSTEM32\VERSION.dll
0x00007fff4f410000 - 0x00007fff4f428000 	C:\WINDOWS\SYSTEM32\kernel.appcore.dll
0x00007fff4d430000 - 0x00007fff4d43a000 	C:\Program Files\Android\Android Studio\jbr\bin\jimage.dll
0x00007fff4dbc0000 - 0x00007fff4ddee000 	C:\WINDOWS\SYSTEM32\DBGHELP.DLL
0x00007fff52d20000 - 0x00007fff530aa000 	C:\WINDOWS\System32\combase.dll
0x00007fff51870000 - 0x00007fff51947000 	C:\WINDOWS\System32\OLEAUT32.dll
0x00007fff38b80000 - 0x00007fff38bb2000 	C:\WINDOWS\SYSTEM32\dbgcore.DLL
0x00007fff50dd0000 - 0x00007fff50e4a000 	C:\WINDOWS\System32\bcryptPrimitives.dll
0x00007fff4d400000 - 0x00007fff4d425000 	C:\Program Files\Android\Android Studio\jbr\bin\java.dll
0x00007fff4d3b0000 - 0x00007fff4d3c8000 	C:\Program Files\Android\Android Studio\jbr\bin\zip.dll
0x00007fff51db0000 - 0x00007fff52608000 	C:\WINDOWS\System32\SHELL32.dll
0x00007fff4e3d0000 - 0x00007fff4ecc2000 	C:\WINDOWS\SYSTEM32\windows.storage.dll
0x00007fff4e290000 - 0x00007fff4e3ce000 	C:\WINDOWS\SYSTEM32\wintypes.dll
0x00007fff512d0000 - 0x00007fff513c3000 	C:\WINDOWS\System32\SHCORE.dll
0x00007fff51d40000 - 0x00007fff51d9e000 	C:\WINDOWS\System32\shlwapi.dll
0x00007fff503a0000 - 0x00007fff503c6000 	C:\WINDOWS\SYSTEM32\profapi.dll
0x00007fff4d390000 - 0x00007fff4d3a9000 	C:\Program Files\Android\Android Studio\jbr\bin\net.dll
0x00007fff4a9c0000 - 0x00007fff4aaf7000 	C:\WINDOWS\SYSTEM32\WINHTTP.dll
0x00007fff4f930000 - 0x00007fff4f999000 	C:\WINDOWS\system32\mswsock.dll
0x00007fff4d350000 - 0x00007fff4d366000 	C:\Program Files\Android\Android Studio\jbr\bin\nio.dll
0x00007fff4d3f0000 - 0x00007fff4d400000 	C:\Program Files\Android\Android Studio\jbr\bin\verify.dll

dbghelp: loaded successfully - version: 4.0.5 - missing functions: none
symbol engine: initialized successfully - sym options: 0x614 - pdb path: .;C:\Program Files\Android\Android Studio\jbr\bin;C:\WINDOWS\SYSTEM32;C:\WINDOWS\WinSxS\amd64_microsoft.windows.common-controls_6595b64144ccf1df_6.0.22621.2361_none_2712ced57382f843;C:\Program Files\Android\Android Studio\jbr\bin\server

VM Arguments:
java_command: org.jetbrains.kotlin.cli.jvm.K2JVMCompiler @C:\Users\User\AndroidStudioProjects\RepairPal\customer\build\20231112_13126187494443242668.compiler.options
java_class_path (initial): C:\Users\User\.gradle\caches\modules-2\files-2.1\org.jetbrains.kotlin\kotlin-compiler-embeddable\1.8.10\b0757fd774344d54ce93f5ad6c30ba1c1731c8ff\kotlin-compiler-embeddable-1.8.10.jar;C:\Users\User\.gradle\caches\modules-2\files-2.1\org.jetbrains.kotlin\kotlin-stdlib\1.8.10\6d5560a229477df9406943d5feda5618e98eb64c\kotlin-stdlib-1.8.10.jar;C:\Users\User\.gradle\caches\modules-2\files-2.1\org.jetbrains.kotlin\kotlin-script-runtime\1.8.10\b13ea9c7e46d589139e56086a878763290e20bd5\kotlin-script-runtime-1.8.10.jar;C:\Users\User\.gradle\caches\modules-2\files-2.1\org.jetbrains.kotlin\kotlin-reflect\1.6.10\1cbe9c92c12a94eea200d23c2bbaedaf3daf5132\kotlin-reflect-1.6.10.jar;C:\Users\User\.gradle\caches\modules-2\files-2.1\org.jetbrains.kotlin\kotlin-daemon-embeddable\1.8.10\ad8541d9bc1cf9e52c3204161247910c2cf601d4\kotlin-daemon-embeddable-1.8.10.jar;C:\Users\User\.gradle\caches\modules-2\files-2.1\org.jetbrains.intellij.deps\trove4j\1.0.20200330\3afb14d5f9ceb459d724e907a21145e8ff394f02\trove4j-1.0.20200330.jar;C:\Users\User\.gradle\caches\modules-2\files-2.1\net.java.dev.jna\jna\5.6.0\330f2244e9030119ab3030fc3fededc86713d9cc\jna-5.6.0.jar;C:\Users\User\.gradle\caches\modules-2\files-2.1\org.jetbrains.kotlin\kotlin-stdlib-common\1.8.10\a61b182458550492c12aee66157d7b524a63a5ec\kotlin-stdlib-common-1.8.10.jar;C:\Users\User\.gradle\caches\modules-2\files-2.1\org.jetbrains\annotations\13.0\919f0dfe192fb4e063e7dacadee7f8bb9a2672a9\annotations-13.0.jar
Launcher Type: SUN_STANDARD

[Global flags]
     intx CICompilerCount                          = 4                                         {product} {ergonomic}
     uint ConcGCThreads                            = 2                                         {product} {ergonomic}
     uint G1ConcRefinementThreads                  = 8                                         {product} {ergonomic}
   size_t G1HeapRegionSize                         = 1048576                                   {product} {ergonomic}
    uintx GCDrainStackTargetSize                   = 64                                        {product} {ergonomic}
   size_t InitialHeapSize                          = 132120576                                 {product} {ergonomic}
   size_t MarkStackSize                            = 4194304                                   {product} {ergonomic}
   size_t MaxHeapSize                              = 2095054848                                {product} {ergonomic}
   size_t MaxNewSize                               = 1256194048                                {product} {ergonomic}
   size_t MinHeapDeltaBytes                        = 1048576                                   {product} {ergonomic}
   size_t MinHeapSize                              = 8388608                                   {product} {ergonomic}
    uintx NonNMethodCodeHeapSize                   = 5839372                                {pd product} {ergonomic}
    uintx NonProfiledCodeHeapSize                  = 122909434                              {pd product} {ergonomic}
    uintx ProfiledCodeHeapSize                     = 122909434                              {pd product} {ergonomic}
    uintx ReservedCodeCacheSize                    = 251658240                              {pd product} {ergonomic}
     bool SegmentedCodeCache                       = true                                      {product} {ergonomic}
   size_t SoftMaxHeapSize                          = 2095054848                             {manageable} {ergonomic}
     bool UseCompressedClassPointers               = true                           {product lp64_product} {ergonomic}
     bool UseCompressedOops                        = true                           {product lp64_product} {ergonomic}
     bool UseG1GC                                  = true                                      {product} {ergonomic}
     bool UseLargePagesIndividualAllocation        = false                                  {pd product} {ergonomic}

Logging:
Log output configuration:
 #0: stdout all=warning uptime,level,tags
 #1: stderr all=off uptime,level,tags

Environment Variables:
JAVA_HOME=C:\Program Files\Java\jdk-20.0.1
PATH=C:\Program Files (x86)\Common Files\Oracle\Java\javapath;C:\Python311\Scripts\;C:\Python311\;C:\Program Files (x86)\Falcon\MinGW\bin;C:\WINDOWS\system32;C:\WINDOWS;C:\WINDOWS\System32\Wbem;C:\WINDOWS\System32\WindowsPowerShell\v1.0\;C:\WINDOWS\System32\OpenSSH\;C:\Program Files\Microsoft SQL Server\130\Tools\Binn\;C:\sqlite3;C:\Program Files (x86)\Microsoft SQL Server\150\DTS\Binn\;C:\Program Files\Azure Data Studio\bin;C:\Program Files\Microsoft SQL Server\Client SDK\ODBC\170\Tools\Binn\;C:\Program Files (x86)\Microsoft SQL Server\150\Tools\Binn\;C:\Program Files\Microsoft SQL Server\150\Tools\Binn\;C:\Program Files\Microsoft SQL Server\150\DTS\Binn\;C:\xampp\php;C:\ProgramData\ComposerSetup\bin;C:\Program Files\dotnet\;C:\Users\User\AppData\Local\Android\Sdk\cmdline-tools\bin;C:\Program Files\Java\;C:\Program Files\Git\cmd;C:\Program Files\nodejs\;C:\ProgramData\chocolatey\bin;C:\Program Files (x86)\GTK2-Runtime\lib;C:\Program Files (x86)\Common Files\Oracle\Java\javapath;C:\Python311\Scripts\;C:\Python311\;C:\Program Files (x86)\Falcon\MinGW\bin;C:\WINDOWS\system32;C:\WINDOWS;C:\WINDOWS\System32\Wbem;C:\WINDOWS\System32\WindowsPowerShell\v1.0\;C:\WINDOWS\System32\OpenSSH\;C:\Program Files\Microsoft SQL Server\130\Tools\Binn\;C:\sqlite3;C:\Program Files (x86)\Microsoft SQL Server\150\DTS\Binn\;C:\Program Files\Azure Data Studio\bin;C:\Program Files\Microsoft SQL Server\Client SDK\ODBC\170\Tools\Binn\;C:\Program Files (x86)\Microsoft SQL Server\150\Tools\Binn\;C:\Program Files\Microsoft SQL Server\150\Tools\Binn\;C:\Program Files\Microsoft SQL Server\150\DTS\Binn\;C:\xampp\php;C:\ProgramData\ComposerSetup\bin;C:\Program Files\dotnet\;C:\Users\User\AppData\Local\Android\Sdk\cmdline-tools\bin;C:\Program Files\Java\;C:\Program Files\Git\cmd;C:\Program Files\nodejs\;C:\ProgramData\chocolatey\bin;C:\Program Files\nodejs\node_modules\npm\bin;C:\Program Files\MySQL\MySQL Shell 8.0\bin\;C:\Users\User\AppData\Local\Microsoft\WindowsApps;C:\Users\User\.dotnet\tools;C:\User
USERNAME=User
OS=Windows_NT
PROCESSOR_IDENTIFIER=Intel64 Family 6 Model 140 Stepping 1, GenuineIntel
TMP=C:\Users\User\AppData\Local\Temp
TEMP=C:\Users\User\AppData\Local\Temp


JNI global refs:
JNI global refs: 12, weak refs: 28

JNI global refs memory usage: 843, weak refs: 841


---------------  S Y S T E M  ---------------

OS:
 Windows 11 , 64 bit Build 22621 (10.0.22621.2428)
OS uptime: 1 days 5:11 hours

CPU: total 8 (initial active 8) (4 cores per cpu, 2 threads per core) family 6 model 140 stepping 1 microcode 0x78, cx8, cmov, fxsr, ht, mmx, 3dnowpref, sse, sse2, sse3, ssse3, sse4.1, sse4.2, popcnt, lzcnt, tsc, tscinvbit, avx, avx2, aes, erms, clmul, bmi1, bmi2, adx, avx512f, avx512dq, avx512cd, avx512bw, avx512vl, sha, fma, vzeroupper, avx512_vpopcntdq, avx512_vpclmulqdq, avx512_vaes, avx512_vnni, clflush, clflushopt, clwb, avx512_vbmi2, avx512_vbmi

Memory: 4k page, system-wide physical 7991M (590M free)
TotalPageFile size 10039M (AvailPageFile size 16M)
current process WorkingSet (physical memory assigned to process): 447M, peak: 447M
current process commit charge ("private bytes"): 492M, peak: 671M

vm_info: OpenJDK 64-Bit Server VM (17.0.6+0-b2043.56-10027231) for windows-amd64 JRE (17.0.6+0-b2043.56-10027231), built on Apr 28 2023 00:43:19 by "androidbuild" with MS VC++ 16.10 / 16.11 (VS2019)

END.
