#
# There is insufficient memory for the Java Runtime Environment to continue.
# Native memory allocation (malloc) failed to allocate 1083856 bytes for Chunk::new
# Possible reasons:
#   The system is out of physical RAM or swap space
#   The process is running with CompressedOops enabled, and the Java Heap may be blocking the growth of the native heap
# Possible solutions:
#   Reduce memory load on the system
#   Increase physical memory or swap space
#   Check if swap backing store is full
#   Decrease Java heap size (-Xmx/-Xms)
#   Decrease number of Java threads
#   Decrease Java thread stack sizes (-Xss)
#   Set larger code cache with -XX:ReservedCodeCacheSize=
#   JVM is running with Unscaled Compressed Oops mode in which the Java heap is
#     placed in the first 4GB address space. The Java Heap base address is the
#     maximum limit for the native heap growth. Please use -XX:HeapBaseMinAddress
#     to set the Java Heap base and to place the Java Heap above 4GB virtual address.
# This output file may be truncated or incomplete.
#
#  Out of Memory Error (arena.cpp:189), pid=4824, tid=14516
#
# JRE version: OpenJDK Runtime Environment (17.0.6) (build 17.0.6+0-b2043.56-10027231)
# Java VM: OpenJDK 64-Bit Server VM (17.0.6+0-b2043.56-10027231, mixed mode, tiered, compressed oops, compressed class ptrs, g1 gc, windows-amd64)
# No core dump will be written. Minidumps are not enabled by default on client versions of Windows
#

---------------  S U M M A R Y ------------

Command Line: --add-opens=java.base/java.util=ALL-UNNAMED --add-opens=java.base/java.lang=ALL-UNNAMED --add-opens=java.base/java.lang.invoke=ALL-UNNAMED --add-opens=java.prefs/java.util.prefs=ALL-UNNAMED --add-opens=java.base/java.nio.charset=ALL-UNNAMED --add-opens=java.base/java.net=ALL-UNNAMED --add-opens=java.base/java.util.concurrent.atomic=ALL-UNNAMED -Xmx2048m -Dfile.encoding=UTF-8 -Duser.country=US -Duser.language=en -Duser.variant org.gradle.launcher.daemon.bootstrap.GradleDaemon 8.0

Host: 11th Gen Intel(R) Core(TM) i5-1135G7 @ 2.40GHz, 8 cores, 7G,  Windows 11 , 64 bit Build 22621 (10.0.22621.2506)
Time: Tue Nov 28 07:31:41 2023 E. Africa Standard Time elapsed time: 6.419816 seconds (0d 0h 0m 6s)

---------------  T H R E A D  ---------------

Current thread (0x000001bbc1c3bb80):  JavaThread "C2 CompilerThread0" daemon [_thread_in_native, id=14516, stack(0x00000056c2700000,0x00000056c2800000)]


Current CompileTask:
C2:   6419 7832       4       org.gradle.internal.instantiation.generator.AbstractClassGenerator::inspectType (560 bytes)

Stack: [0x00000056c2700000,0x00000056c2800000]
Native frames: (J=compiled Java code, j=interpreted, Vv=VM code, C=native code)
V  [jvm.dll+0x683c9a]
V  [jvm.dll+0x8427a4]
V  [jvm.dll+0x843f9e]
V  [jvm.dll+0x844603]
V  [jvm.dll+0x249b75]
V  [jvm.dll+0xabcac]
V  [jvm.dll+0xac27c]
V  [jvm.dll+0x2b0eef]
V  [jvm.dll+0x58a267]
V  [jvm.dll+0x2243b2]
V  [jvm.dll+0x21dd02]
V  [jvm.dll+0x21b51b]
V  [jvm.dll+0x1a4fdd]
V  [jvm.dll+0x22b098]
V  [jvm.dll+0x229159]
V  [jvm.dll+0x7f81ec]
V  [jvm.dll+0x7f274a]
V  [jvm.dll+0x682ad5]
C  [ucrtbase.dll+0x29363]
C  [KERNEL32.DLL+0x1257d]
C  [ntdll.dll+0x5aa58]


---------------  P R O C E S S  ---------------

Threads class SMR info:
_java_thread_list=0x000001bbc8715150, length=128, elements={
0x000001bba74dc930, 0x000001bbc1c12250, 0x000001bbc1c12e00, 0x000001bbc13564e0,
0x000001bbc1c33340, 0x000001bbc1c37e10, 0x000001bbc1c387c0, 0x000001bbc1c3bb80,
0x000001bbc1c3ca30, 0x000001bbc1c3dc30, 0x000001bbc1db17b0, 0x000001bbc1db30a0,
0x000001bbc1f43d00, 0x000001bbc4646d20, 0x000001bbc2bb0ca0, 0x000001bbc5a67030,
0x000001bbc449d900, 0x000001bbc53c7380, 0x000001bbc3214f50, 0x000001bbc4eabba0,
0x000001bbc2db5c10, 0x000001bbc2db2250, 0x000001bbc2db2720, 0x000001bbc2db3590,
0x000001bbc2db4da0, 0x000001bbc2db3f30, 0x000001bbc2db2bf0, 0x000001bbc2db5270,
0x000001bbc2db4400, 0x000001bbc2db3a60, 0x000001bbc2db48d0, 0x000001bbc2db5740,
0x000001bbc840fa40, 0x000001bbc840a3a0, 0x000001bbc840cef0, 0x000001bbc840f0a0,
0x000001bbc84103e0, 0x000001bbc840dd60, 0x000001bbc8409ed0, 0x000001bbc840a870,
0x000001bbc840d3c0, 0x000001bbc840ca20, 0x000001bbc790cdf0, 0x000001bbc840d890,
0x000001bbc840ad40, 0x000001bbc840b6e0, 0x000001bbc840e230, 0x000001bbc840bbb0,
0x000001bbc840c550, 0x000001bbcb566fb0, 0x000001bbcb564e00, 0x000001bbcb563f90,
0x000001bbcb5622b0, 0x000001bbcb55fc30, 0x000001bbcb566610, 0x000001bbcb5652d0,
0x000001bbcb5657a0, 0x000001bbcb564460, 0x000001bbcb566ae0, 0x000001bbcb5605d0,
0x000001bbcb564930, 0x000001bbcb565c70, 0x000001bbcb566140, 0x000001bbcb563120,
0x000001bbcb567480, 0x000001bbcb561440, 0x000001bbcb561910, 0x000001bbcb560aa0,
0x000001bbcb561de0, 0x000001bbcb5635f0, 0x000001bbcb562780, 0x000001bbcb562c50,
0x000001bbcb560100, 0x000001bbcb563ac0, 0x000001bbcb560f70, 0x000001bbc78abd30,
0x000001bbc78af6f0, 0x000001bbc78ae880, 0x000001bbc78b0090, 0x000001bbc78ad070,
0x000001bbc78ab860, 0x000001bbc78ac200, 0x000001bbc78aa050, 0x000001bbc78aed50,
0x000001bbc78acba0, 0x000001bbc78aa9f0, 0x000001bbc78aaec0, 0x000001bbc78aa520,
0x000001bbc78ab390, 0x000001bbc78ad540, 0x000001bbc78b0560, 0x000001bbc78ac6d0,
0x000001bbc78b18a0, 0x000001bbc78ada10, 0x000001bbc78ae3b0, 0x000001bbc78afbc0,
0x000001bbc78adee0, 0x000001bbc78af220, 0x000001bbc78b0a30, 0x000001bbc78b0f00,
0x000001bbc78b13d0, 0x000001bbc5e436c0, 0x000001bbc5e42d20, 0x000001bbc5e42380,
0x000001bbc5e431f0, 0x000001bbc5e41eb0, 0x000001bbc5e42850, 0x000001bbc5e41510,
0x000001bbc5e44530, 0x000001bbc5e43b90, 0x000001bbc5e401d0, 0x000001bbc5e3f830,
0x000001bbc5e406a0, 0x000001bbc5e419e0, 0x000001bbc5e3e9c0, 0x000001bbc5e3ee90,
0x000001bbc5e44060, 0x000001bbc5e3f360, 0x000001bbc5e44a00, 0x000001bbc5e3fd00,
0x000001bbc5e3d1b0, 0x000001bbc5e40b70, 0x000001bbc5e41040, 0x000001bbc5e3d680,
0x000001bbc5e3db50, 0x000001bbc5e3e020, 0x000001bbc7d8fae0, 0x000001bbc7d8ec70
}

Java Threads: ( => current thread )
  0x000001bba74dc930 JavaThread "main" [_thread_blocked, id=7768, stack(0x00000056c1a00000,0x00000056c1b00000)]
  0x000001bbc1c12250 JavaThread "Reference Handler" daemon [_thread_blocked, id=11708, stack(0x00000056c2100000,0x00000056c2200000)]
  0x000001bbc1c12e00 JavaThread "Finalizer" daemon [_thread_blocked, id=10760, stack(0x00000056c2200000,0x00000056c2300000)]
  0x000001bbc13564e0 JavaThread "Signal Dispatcher" daemon [_thread_blocked, id=1828, stack(0x00000056c2300000,0x00000056c2400000)]
  0x000001bbc1c33340 JavaThread "Attach Listener" daemon [_thread_blocked, id=13936, stack(0x00000056c2400000,0x00000056c2500000)]
  0x000001bbc1c37e10 JavaThread "Service Thread" daemon [_thread_blocked, id=15060, stack(0x00000056c2500000,0x00000056c2600000)]
  0x000001bbc1c387c0 JavaThread "Monitor Deflation Thread" daemon [_thread_blocked, id=12168, stack(0x00000056c2600000,0x00000056c2700000)]
=>0x000001bbc1c3bb80 JavaThread "C2 CompilerThread0" daemon [_thread_in_native, id=14516, stack(0x00000056c2700000,0x00000056c2800000)]
  0x000001bbc1c3ca30 JavaThread "C1 CompilerThread0" daemon [_thread_blocked, id=12316, stack(0x00000056c2800000,0x00000056c2900000)]
  0x000001bbc1c3dc30 JavaThread "Sweeper thread" daemon [_thread_blocked, id=1920, stack(0x00000056c2900000,0x00000056c2a00000)]
  0x000001bbc1db17b0 JavaThread "Common-Cleaner" daemon [_thread_blocked, id=10216, stack(0x00000056c2a00000,0x00000056c2b00000)]
  0x000001bbc1db30a0 JavaThread "Notification Thread" daemon [_thread_blocked, id=13572, stack(0x00000056c2b00000,0x00000056c2c00000)]
  0x000001bbc1f43d00 JavaThread "C2 CompilerThread1" daemon [_thread_in_native, id=6380, stack(0x00000056c2d00000,0x00000056c2e00000)]
  0x000001bbc4646d20 JavaThread "Daemon health stats" [_thread_blocked, id=4516, stack(0x00000056c3300000,0x00000056c3400000)]
  0x000001bbc2bb0ca0 JavaThread "Incoming local TCP Connector on port 51775" [_thread_in_native, id=15524, stack(0x00000056c3400000,0x00000056c3500000)]
  0x000001bbc5a67030 JavaThread "Daemon periodic checks" [_thread_blocked, id=3136, stack(0x00000056c3500000,0x00000056c3600000)]
  0x000001bbc449d900 JavaThread "Daemon" [_thread_blocked, id=15520, stack(0x00000056c3600000,0x00000056c3700000)]
  0x000001bbc53c7380 JavaThread "Handler for socket connection from /127.0.0.1:51775 to /127.0.0.1:51776" [_thread_in_native, id=10444, stack(0x00000056c3700000,0x00000056c3800000)]
  0x000001bbc3214f50 JavaThread "Cancel handler" [_thread_blocked, id=14536, stack(0x00000056c3800000,0x00000056c3900000)]
  0x000001bbc4eabba0 JavaThread "Daemon worker" [_thread_in_vm, id=14412, stack(0x00000056c3900000,0x00000056c3a00000)]
  0x000001bbc2db5c10 JavaThread "Asynchronous log dispatcher for DefaultDaemonConnection: socket connection from /127.0.0.1:51775 to /127.0.0.1:51776" [_thread_blocked, id=6964, stack(0x00000056c3a00000,0x00000056c3b00000)]
  0x000001bbc2db2250 JavaThread "Stdin handler" [_thread_blocked, id=8416, stack(0x00000056c3b00000,0x00000056c3c00000)]
  0x000001bbc2db2720 JavaThread "Daemon client event forwarder" [_thread_blocked, id=14428, stack(0x00000056c3c00000,0x00000056c3d00000)]
  0x000001bbc2db3590 JavaThread "Cache worker for journal cache (C:\Users\User\.gradle\caches\journal-1)" [_thread_blocked, id=12120, stack(0x00000056c4100000,0x00000056c4200000)]
  0x000001bbc2db4da0 JavaThread "File lock request listener" [_thread_in_native, id=2240, stack(0x00000056c4200000,0x00000056c4300000)]
  0x000001bbc2db3f30 JavaThread "Cache worker for file hash cache (C:\Users\User\.gradle\caches\8.0\fileHashes)" [_thread_blocked, id=12648, stack(0x00000056c4300000,0x00000056c4400000)]
  0x000001bbc2db2bf0 JavaThread "File watcher server" daemon [_thread_in_native, id=7596, stack(0x00000056c4400000,0x00000056c4500000)]
  0x000001bbc2db5270 JavaThread "File watcher consumer" daemon [_thread_blocked, id=13656, stack(0x00000056c4500000,0x00000056c4600000)]
  0x000001bbc2db4400 JavaThread "Cache worker for checksums cache (C:\Users\User\AndroidStudioProjects\RepairPal\.gradle\8.0\checksums)" [_thread_blocked, id=13420, stack(0x00000056c4600000,0x00000056c4700000)]
  0x000001bbc2db3a60 JavaThread "Cache worker for cache directory md-rule (C:\Users\User\.gradle\caches\8.0\md-rule)" [_thread_blocked, id=16108, stack(0x00000056c4700000,0x00000056c4800000)]
  0x000001bbc2db48d0 JavaThread "Cache worker for file content cache (C:\Users\User\.gradle\caches\8.0\fileContent)" [_thread_blocked, id=15092, stack(0x00000056c4800000,0x00000056c4900000)]
  0x000001bbc2db5740 JavaThread "Cache worker for file hash cache (C:\Users\User\AndroidStudioProjects\RepairPal\.gradle\8.0\fileHashes)" [_thread_blocked, id=15936, stack(0x00000056c4900000,0x00000056c4a00000)]
  0x000001bbc840fa40 JavaThread "Cache worker for cache directory md-supplier (C:\Users\User\.gradle\caches\8.0\md-supplier)" [_thread_blocked, id=9632, stack(0x00000056c4a00000,0x00000056c4b00000)]
  0x000001bbc840a3a0 JavaThread "Cache worker for execution history cache (C:\Users\User\.gradle\caches\8.0\executionHistory)" [_thread_blocked, id=7312, stack(0x00000056c4b00000,0x00000056c4c00000)]
  0x000001bbc840cef0 JavaThread "jar transforms" [_thread_blocked, id=14896, stack(0x00000056c4c00000,0x00000056c4d00000)]
  0x000001bbc840f0a0 JavaThread "jar transforms Thread 2" [_thread_blocked, id=7808, stack(0x00000056c4d00000,0x00000056c4e00000)]
  0x000001bbc84103e0 JavaThread "Cache worker for kotlin-dsl (C:\Users\User\.gradle\caches\8.0\kotlin-dsl)" [_thread_blocked, id=12512, stack(0x00000056c4f00000,0x00000056c5000000)]
  0x000001bbc840dd60 JavaThread "jar transforms Thread 3" [_thread_blocked, id=12336, stack(0x00000056c5000000,0x00000056c5100000)]
  0x000001bbc8409ed0 JavaThread "jar transforms Thread 4" [_thread_blocked, id=13684, stack(0x00000056c5100000,0x00000056c5200000)]
  0x000001bbc840a870 JavaThread "Cache worker for dependencies-accessors (C:\Users\User\AndroidStudioProjects\RepairPal\.gradle\8.0\dependencies-accessors)" [_thread_blocked, id=12448, stack(0x00000056c5200000,0x00000056c5300000)]
  0x000001bbc840d3c0 JavaThread "Cache worker for Build Output Cleanup Cache (C:\Users\User\AndroidStudioProjects\RepairPal\.gradle\buildOutputCleanup)" [_thread_blocked, id=14624, stack(0x00000056c5300000,0x00000056c5400000)]
  0x000001bbc840ca20 JavaThread "jar transforms Thread 5" [_thread_blocked, id=11228, stack(0x00000056c5400000,0x00000056c5500000)]
  0x000001bbc790cdf0 JavaThread "C2 CompilerThread2" daemon [_thread_in_native, id=3804, stack(0x00000056c2e00000,0x00000056c2f00000)]
  0x000001bbc840d890 JavaThread "Unconstrained build operations" [_thread_blocked, id=15100, stack(0x00000056c5500000,0x00000056c5600000)]
  0x000001bbc840ad40 JavaThread "Unconstrained build operations Thread 2" [_thread_blocked, id=13832, stack(0x00000056c5600000,0x00000056c5700000)]
  0x000001bbc840b6e0 JavaThread "Unconstrained build operations Thread 3" [_thread_blocked, id=7476, stack(0x00000056c5700000,0x00000056c5800000)]
  0x000001bbc840e230 JavaThread "Unconstrained build operations Thread 4" [_thread_blocked, id=14004, stack(0x00000056c5800000,0x00000056c5900000)]
  0x000001bbc840bbb0 JavaThread "Unconstrained build operations Thread 5" [_thread_blocked, id=2360, stack(0x00000056c5900000,0x00000056c5a00000)]
  0x000001bbc840c550 JavaThread "Unconstrained build operations Thread 6" [_thread_blocked, id=1208, stack(0x00000056c5a00000,0x00000056c5b00000)]
  0x000001bbcb566fb0 JavaThread "Unconstrained build operations Thread 7" [_thread_blocked, id=12328, stack(0x00000056c5b00000,0x00000056c5c00000)]
  0x000001bbcb564e00 JavaThread "Unconstrained build operations Thread 8" [_thread_blocked, id=7292, stack(0x00000056c5c00000,0x00000056c5d00000)]
  0x000001bbcb563f90 JavaThread "Unconstrained build operations Thread 9" [_thread_blocked, id=8660, stack(0x00000056c5d00000,0x00000056c5e00000)]
  0x000001bbcb5622b0 JavaThread "Unconstrained build operations Thread 10" [_thread_blocked, id=16148, stack(0x00000056c5e00000,0x00000056c5f00000)]
  0x000001bbcb55fc30 JavaThread "Unconstrained build operations Thread 11" [_thread_blocked, id=14276, stack(0x00000056c5f00000,0x00000056c6000000)]
  0x000001bbcb566610 JavaThread "Unconstrained build operations Thread 12" [_thread_blocked, id=14936, stack(0x00000056c6000000,0x00000056c6100000)]
  0x000001bbcb5652d0 JavaThread "Unconstrained build operations Thread 13" [_thread_blocked, id=15664, stack(0x00000056c6100000,0x00000056c6200000)]
  0x000001bbcb5657a0 JavaThread "Unconstrained build operations Thread 14" [_thread_blocked, id=13976, stack(0x00000056c6200000,0x00000056c6300000)]
  0x000001bbcb564460 JavaThread "Unconstrained build operations Thread 15" [_thread_blocked, id=6772, stack(0x00000056c6300000,0x00000056c6400000)]
  0x000001bbcb566ae0 JavaThread "Unconstrained build operations Thread 16" [_thread_blocked, id=11400, stack(0x00000056c6400000,0x00000056c6500000)]
  0x000001bbcb5605d0 JavaThread "Unconstrained build operations Thread 17" [_thread_blocked, id=10064, stack(0x00000056c6500000,0x00000056c6600000)]
  0x000001bbcb564930 JavaThread "Unconstrained build operations Thread 18" [_thread_blocked, id=14284, stack(0x00000056c6600000,0x00000056c6700000)]
  0x000001bbcb565c70 JavaThread "Unconstrained build operations Thread 19" [_thread_blocked, id=12984, stack(0x00000056c6700000,0x00000056c6800000)]
  0x000001bbcb566140 JavaThread "Unconstrained build operations Thread 20" [_thread_blocked, id=4764, stack(0x00000056c6800000,0x00000056c6900000)]
  0x000001bbcb563120 JavaThread "Unconstrained build operations Thread 21" [_thread_blocked, id=9900, stack(0x00000056c6900000,0x00000056c6a00000)]
  0x000001bbcb567480 JavaThread "Unconstrained build operations Thread 22" [_thread_blocked, id=10428, stack(0x00000056c6a00000,0x00000056c6b00000)]
  0x000001bbcb561440 JavaThread "Unconstrained build operations Thread 23" [_thread_blocked, id=9180, stack(0x00000056c6b00000,0x00000056c6c00000)]
  0x000001bbcb561910 JavaThread "Unconstrained build operations Thread 24" [_thread_blocked, id=13876, stack(0x00000056c6c00000,0x00000056c6d00000)]
  0x000001bbcb560aa0 JavaThread "Unconstrained build operations Thread 25" [_thread_blocked, id=14704, stack(0x00000056c6d00000,0x00000056c6e00000)]
  0x000001bbcb561de0 JavaThread "Unconstrained build operations Thread 26" [_thread_blocked, id=1756, stack(0x00000056c6e00000,0x00000056c6f00000)]
  0x000001bbcb5635f0 JavaThread "Unconstrained build operations Thread 27" [_thread_blocked, id=6784, stack(0x00000056c6f00000,0x00000056c7000000)]
  0x000001bbcb562780 JavaThread "Unconstrained build operations Thread 28" [_thread_blocked, id=13060, stack(0x00000056c7000000,0x00000056c7100000)]
  0x000001bbcb562c50 JavaThread "Unconstrained build operations Thread 29" [_thread_blocked, id=16220, stack(0x00000056c7100000,0x00000056c7200000)]
  0x000001bbcb560100 JavaThread "Unconstrained build operations Thread 30" [_thread_blocked, id=10516, stack(0x00000056c7200000,0x00000056c7300000)]
  0x000001bbcb563ac0 JavaThread "Unconstrained build operations Thread 31" [_thread_blocked, id=11688, stack(0x00000056c7300000,0x00000056c7400000)]
  0x000001bbcb560f70 JavaThread "Unconstrained build operations Thread 32" [_thread_blocked, id=5076, stack(0x00000056c7400000,0x00000056c7500000)]
  0x000001bbc78abd30 JavaThread "Unconstrained build operations Thread 33" [_thread_blocked, id=12100, stack(0x00000056c7500000,0x00000056c7600000)]
  0x000001bbc78af6f0 JavaThread "Unconstrained build operations Thread 34" [_thread_blocked, id=7372, stack(0x00000056c7600000,0x00000056c7700000)]
  0x000001bbc78ae880 JavaThread "Unconstrained build operations Thread 35" [_thread_blocked, id=12684, stack(0x00000056c7700000,0x00000056c7800000)]
  0x000001bbc78b0090 JavaThread "Unconstrained build operations Thread 36" [_thread_blocked, id=11552, stack(0x00000056c7800000,0x00000056c7900000)]
  0x000001bbc78ad070 JavaThread "Unconstrained build operations Thread 37" [_thread_blocked, id=11104, stack(0x00000056c7900000,0x00000056c7a00000)]
  0x000001bbc78ab860 JavaThread "Unconstrained build operations Thread 38" [_thread_blocked, id=16352, stack(0x00000056c7a00000,0x00000056c7b00000)]
  0x000001bbc78ac200 JavaThread "Unconstrained build operations Thread 39" [_thread_blocked, id=2392, stack(0x00000056c7b00000,0x00000056c7c00000)]
  0x000001bbc78aa050 JavaThread "Unconstrained build operations Thread 40" [_thread_blocked, id=10108, stack(0x00000056c7c00000,0x00000056c7d00000)]
  0x000001bbc78aed50 JavaThread "Unconstrained build operations Thread 41" [_thread_blocked, id=14832, stack(0x00000056c7d00000,0x00000056c7e00000)]
  0x000001bbc78acba0 JavaThread "Unconstrained build operations Thread 42" [_thread_blocked, id=8536, stack(0x00000056c7e00000,0x00000056c7f00000)]
  0x000001bbc78aa9f0 JavaThread "Unconstrained build operations Thread 43" [_thread_blocked, id=13628, stack(0x00000056c7f00000,0x00000056c8000000)]
  0x000001bbc78aaec0 JavaThread "Unconstrained build operations Thread 44" [_thread_blocked, id=5208, stack(0x00000056c8000000,0x00000056c8100000)]
  0x000001bbc78aa520 JavaThread "Unconstrained build operations Thread 45" [_thread_blocked, id=9056, stack(0x00000056c8100000,0x00000056c8200000)]
  0x000001bbc78ab390 JavaThread "Unconstrained build operations Thread 46" [_thread_blocked, id=4456, stack(0x00000056c8200000,0x00000056c8300000)]
  0x000001bbc78ad540 JavaThread "Unconstrained build operations Thread 47" [_thread_blocked, id=12380, stack(0x00000056c8300000,0x00000056c8400000)]
  0x000001bbc78b0560 JavaThread "Unconstrained build operations Thread 48" [_thread_blocked, id=12484, stack(0x00000056c8400000,0x00000056c8500000)]
  0x000001bbc78ac6d0 JavaThread "Unconstrained build operations Thread 49" [_thread_blocked, id=13392, stack(0x00000056c8500000,0x00000056c8600000)]
  0x000001bbc78b18a0 JavaThread "Unconstrained build operations Thread 50" [_thread_blocked, id=12792, stack(0x00000056c8600000,0x00000056c8700000)]
  0x000001bbc78ada10 JavaThread "Unconstrained build operations Thread 51" [_thread_blocked, id=3936, stack(0x00000056c8700000,0x00000056c8800000)]
  0x000001bbc78ae3b0 JavaThread "Unconstrained build operations Thread 52" [_thread_blocked, id=13680, stack(0x00000056c8800000,0x00000056c8900000)]
  0x000001bbc78afbc0 JavaThread "Unconstrained build operations Thread 53" [_thread_blocked, id=9044, stack(0x00000056c8900000,0x00000056c8a00000)]
  0x000001bbc78adee0 JavaThread "Unconstrained build operations Thread 54" [_thread_blocked, id=15168, stack(0x00000056c8a00000,0x00000056c8b00000)]
  0x000001bbc78af220 JavaThread "Unconstrained build operations Thread 55" [_thread_blocked, id=15072, stack(0x00000056c8b00000,0x00000056c8c00000)]
  0x000001bbc78b0a30 JavaThread "Unconstrained build operations Thread 56" [_thread_blocked, id=8876, stack(0x00000056c8c00000,0x00000056c8d00000)]
  0x000001bbc78b0f00 JavaThread "Unconstrained build operations Thread 57" [_thread_blocked, id=8268, stack(0x00000056c8d00000,0x00000056c8e00000)]
  0x000001bbc78b13d0 JavaThread "Unconstrained build operations Thread 58" [_thread_blocked, id=14404, stack(0x00000056c8e00000,0x00000056c8f00000)]
  0x000001bbc5e436c0 JavaThread "Unconstrained build operations Thread 59" [_thread_blocked, id=12560, stack(0x00000056c8f00000,0x00000056c9000000)]
  0x000001bbc5e42d20 JavaThread "Unconstrained build operations Thread 60" [_thread_blocked, id=15916, stack(0x00000056c9000000,0x00000056c9100000)]
  0x000001bbc5e42380 JavaThread "Unconstrained build operations Thread 61" [_thread_blocked, id=14024, stack(0x00000056c9100000,0x00000056c9200000)]
  0x000001bbc5e431f0 JavaThread "Unconstrained build operations Thread 62" [_thread_blocked, id=5548, stack(0x00000056c9200000,0x00000056c9300000)]
  0x000001bbc5e41eb0 JavaThread "Unconstrained build operations Thread 63" [_thread_blocked, id=9324, stack(0x00000056c9300000,0x00000056c9400000)]
  0x000001bbc5e42850 JavaThread "Unconstrained build operations Thread 64" [_thread_blocked, id=10152, stack(0x00000056c9400000,0x00000056c9500000)]
  0x000001bbc5e41510 JavaThread "Unconstrained build operations Thread 65" [_thread_blocked, id=14968, stack(0x00000056c9500000,0x00000056c9600000)]
  0x000001bbc5e44530 JavaThread "Unconstrained build operations Thread 66" [_thread_blocked, id=14260, stack(0x00000056c9600000,0x00000056c9700000)]
  0x000001bbc5e43b90 JavaThread "Unconstrained build operations Thread 67" [_thread_blocked, id=13448, stack(0x00000056c9700000,0x00000056c9800000)]
  0x000001bbc5e401d0 JavaThread "Unconstrained build operations Thread 68" [_thread_blocked, id=2168, stack(0x00000056c9800000,0x00000056c9900000)]
  0x000001bbc5e3f830 JavaThread "Unconstrained build operations Thread 69" [_thread_blocked, id=7588, stack(0x00000056c9900000,0x00000056c9a00000)]
  0x000001bbc5e406a0 JavaThread "Unconstrained build operations Thread 70" [_thread_blocked, id=7844, stack(0x00000056c9a00000,0x00000056c9b00000)]
  0x000001bbc5e419e0 JavaThread "Unconstrained build operations Thread 71" [_thread_blocked, id=10168, stack(0x00000056c9b00000,0x00000056c9c00000)]
  0x000001bbc5e3e9c0 JavaThread "Unconstrained build operations Thread 72" [_thread_blocked, id=11440, stack(0x00000056c9c00000,0x00000056c9d00000)]
  0x000001bbc5e3ee90 JavaThread "Unconstrained build operations Thread 73" [_thread_blocked, id=10204, stack(0x00000056c9d00000,0x00000056c9e00000)]
  0x000001bbc5e44060 JavaThread "Unconstrained build operations Thread 74" [_thread_blocked, id=4240, stack(0x00000056c9e00000,0x00000056c9f00000)]
  0x000001bbc5e3f360 JavaThread "Unconstrained build operations Thread 75" [_thread_blocked, id=11184, stack(0x00000056c9f00000,0x00000056ca000000)]
  0x000001bbc5e44a00 JavaThread "Unconstrained build operations Thread 76" [_thread_blocked, id=10976, stack(0x00000056ca000000,0x00000056ca100000)]
  0x000001bbc5e3fd00 JavaThread "Unconstrained build operations Thread 77" [_thread_blocked, id=4568, stack(0x00000056ca100000,0x00000056ca200000)]
  0x000001bbc5e3d1b0 JavaThread "Unconstrained build operations Thread 78" [_thread_blocked, id=12784, stack(0x00000056ca200000,0x00000056ca300000)]
  0x000001bbc5e40b70 JavaThread "Unconstrained build operations Thread 79" [_thread_blocked, id=2856, stack(0x00000056ca300000,0x00000056ca400000)]
  0x000001bbc5e41040 JavaThread "Unconstrained build operations Thread 80" [_thread_blocked, id=15568, stack(0x00000056ca400000,0x00000056ca500000)]
  0x000001bbc5e3d680 JavaThread "jar transforms Thread 6" [_thread_blocked, id=5780, stack(0x00000056ca500000,0x00000056ca600000)]
  0x000001bbc5e3db50 JavaThread "jar transforms Thread 7" [_thread_blocked, id=11436, stack(0x00000056ca600000,0x00000056ca700000)]
  0x000001bbc5e3e020 JavaThread "jar transforms Thread 8" [_thread_blocked, id=14948, stack(0x00000056ca700000,0x00000056ca800000)]
  0x000001bbc7d8fae0 JavaThread "build event listener" [_thread_blocked, id=10360, stack(0x00000056ca800000,0x00000056ca900000)]
  0x000001bbc7d8ec70 JavaThread "Memory manager" [_thread_blocked, id=7392, stack(0x00000056ca900000,0x00000056caa00000)]

Other Threads:
  0x000001bbc133f160 VMThread "VM Thread" [stack: 0x00000056c2000000,0x00000056c2100000] [id=7692]
  0x000001bbc1da6740 WatcherThread [stack: 0x00000056c2c00000,0x00000056c2d00000] [id=15388]
  0x000001bba75379d0 GCTaskThread "GC Thread#0" [stack: 0x00000056c1b00000,0x00000056c1c00000] [id=12300]
  0x000001bbc2501780 GCTaskThread "GC Thread#1" [stack: 0x00000056c2f00000,0x00000056c3000000] [id=15164]
  0x000001bbc232aeb0 GCTaskThread "GC Thread#2" [stack: 0x00000056c3000000,0x00000056c3100000] [id=11584]
  0x000001bbc2c45740 GCTaskThread "GC Thread#3" [stack: 0x00000056c3100000,0x00000056c3200000] [id=11924]
  0x000001bbc32fbab0 GCTaskThread "GC Thread#4" [stack: 0x00000056c3200000,0x00000056c3300000] [id=12924]
  0x000001bbc36f7290 GCTaskThread "GC Thread#5" [stack: 0x00000056c3d00000,0x00000056c3e00000] [id=9572]
  0x000001bbc4972f50 GCTaskThread "GC Thread#6" [stack: 0x00000056c3e00000,0x00000056c3f00000] [id=14728]
  0x000001bbc4af1f80 GCTaskThread "GC Thread#7" [stack: 0x00000056c3f00000,0x00000056c4000000] [id=4572]
  0x000001bba7548910 ConcurrentGCThread "G1 Main Marker" [stack: 0x00000056c1c00000,0x00000056c1d00000] [id=14188]
  0x000001bba7549320 ConcurrentGCThread "G1 Conc#0" [stack: 0x00000056c1d00000,0x00000056c1e00000] [id=3208]
  0x000001bbc3154a00 ConcurrentGCThread "G1 Conc#1" [stack: 0x00000056c4000000,0x00000056c4100000] [id=7680]
  0x000001bba759e3b0 ConcurrentGCThread "G1 Refine#0" [stack: 0x00000056c1e00000,0x00000056c1f00000] [id=1064]
  0x000001bbc4dd64d0 ConcurrentGCThread "G1 Refine#1" [stack: 0x00000056c4e00000,0x00000056c4f00000] [id=10756]
  0x000001bbc11960e0 ConcurrentGCThread "G1 Service" [stack: 0x00000056c1f00000,0x00000056c2000000] [id=7464]

Threads with active compile tasks:
C2 CompilerThread0     6455 7832       4       org.gradle.internal.instantiation.generator.AbstractClassGenerator::inspectType (560 bytes)
C2 CompilerThread1     6455 7804       4       jdk.internal.loader.URLClassPath::getResource (74 bytes)
C2 CompilerThread2     6455 7834   !   4       java.net.URLClassLoader::findClass (47 bytes)

VM state: not at safepoint (normal execution)

VM Mutex/Monitor currently owned by a thread: None

Heap address: 0x0000000080000000, size: 2048 MB, Compressed Oops mode: 32-bit

CDS archive(s) not mapped
Compressed class space mapped at: 0x0000000100000000-0x0000000140000000, reserved size: 1073741824
Narrow klass base: 0x0000000000000000, Narrow klass shift: 3, Narrow klass range: 0x140000000

GC Precious Log:
 CPUs: 8 total, 8 available
 Memory: 7991M
 Large Page Support: Disabled
 NUMA Support: Disabled
 Compressed Oops: Enabled (32-bit)
 Heap Region Size: 1M
 Heap Min Capacity: 8M
 Heap Initial Capacity: 126M
 Heap Max Capacity: 2G
 Pre-touch: Disabled
 Parallel Workers: 8
 Concurrent Workers: 2
 Concurrent Refinement Workers: 8
 Periodic GC: Disabled

Heap:
 garbage-first heap   total 144384K, used 98182K [0x0000000080000000, 0x0000000100000000)
  region size 1024K, 34 young (34816K), 5 survivors (5120K)
 Metaspace       used 78471K, committed 79040K, reserved 1122304K
  class space    used 10376K, committed 10624K, reserved 1048576K

Heap Regions: E=young(eden), S=young(survivor), O=old, HS=humongous(starts), HC=humongous(continues), CS=collection set, F=free, OA=open archive, CA=closed archive, TAMS=top-at-mark-start (previous, next)
|   0|0x0000000080000000, 0x0000000080100000, 0x0000000080100000|100%|HS|  |TAMS 0x0000000080100000, 0x0000000080000000| Complete 
|   1|0x0000000080100000, 0x0000000080200000, 0x0000000080200000|100%|HC|  |TAMS 0x0000000080200000, 0x0000000080100000| Complete 
|   2|0x0000000080200000, 0x0000000080300000, 0x0000000080300000|100%|HC|  |TAMS 0x0000000080300000, 0x0000000080200000| Complete 
|   3|0x0000000080300000, 0x0000000080400000, 0x0000000080400000|100%|HC|  |TAMS 0x0000000080400000, 0x0000000080300000| Complete 
|   4|0x0000000080400000, 0x0000000080500000, 0x0000000080500000|100%| O|  |TAMS 0x0000000080500000, 0x0000000080400000| Untracked 
|   5|0x0000000080500000, 0x0000000080600000, 0x0000000080600000|100%| O|  |TAMS 0x0000000080600000, 0x0000000080500000| Untracked 
|   6|0x0000000080600000, 0x0000000080700000, 0x0000000080700000|100%| O|  |TAMS 0x0000000080700000, 0x0000000080600000| Untracked 
|   7|0x0000000080700000, 0x0000000080800000, 0x0000000080800000|100%| O|  |TAMS 0x0000000080800000, 0x0000000080700000| Untracked 
|   8|0x0000000080800000, 0x0000000080900000, 0x0000000080900000|100%| O|  |TAMS 0x0000000080900000, 0x0000000080800000| Untracked 
|   9|0x0000000080900000, 0x0000000080a00000, 0x0000000080a00000|100%| O|  |TAMS 0x0000000080a00000, 0x0000000080900000| Untracked 
|  10|0x0000000080a00000, 0x0000000080b00000, 0x0000000080b00000|100%| O|  |TAMS 0x0000000080b00000, 0x0000000080a00000| Untracked 
|  11|0x0000000080b00000, 0x0000000080c00000, 0x0000000080c00000|100%| O|  |TAMS 0x0000000080b00000, 0x0000000080b00000| Untracked 
|  12|0x0000000080c00000, 0x0000000080d00000, 0x0000000080d00000|100%| O|  |TAMS 0x0000000080d00000, 0x0000000080c00000| Untracked 
|  13|0x0000000080d00000, 0x0000000080e00000, 0x0000000080e00000|100%| O|  |TAMS 0x0000000080e00000, 0x0000000080d00000| Untracked 
|  14|0x0000000080e00000, 0x0000000080f00000, 0x0000000080f00000|100%| O|  |TAMS 0x0000000080f00000, 0x0000000080e00000| Untracked 
|  15|0x0000000080f00000, 0x0000000081000000, 0x0000000081000000|100%| O|  |TAMS 0x0000000081000000, 0x0000000080f00000| Untracked 
|  16|0x0000000081000000, 0x0000000081100000, 0x0000000081100000|100%| O|  |TAMS 0x0000000081100000, 0x0000000081000000| Untracked 
|  17|0x0000000081100000, 0x0000000081200000, 0x0000000081200000|100%| O|  |TAMS 0x0000000081200000, 0x0000000081100000| Untracked 
|  18|0x0000000081200000, 0x0000000081300000, 0x0000000081300000|100%| O|  |TAMS 0x0000000081300000, 0x0000000081200000| Untracked 
|  19|0x0000000081300000, 0x0000000081400000, 0x0000000081400000|100%| O|  |TAMS 0x0000000081400000, 0x0000000081300000| Untracked 
|  20|0x0000000081400000, 0x0000000081500000, 0x0000000081500000|100%| O|  |TAMS 0x0000000081500000, 0x0000000081400000| Untracked 
|  21|0x0000000081500000, 0x0000000081600000, 0x0000000081600000|100%| O|  |TAMS 0x0000000081600000, 0x0000000081500000| Untracked 
|  22|0x0000000081600000, 0x0000000081700000, 0x0000000081700000|100%| O|  |TAMS 0x0000000081700000, 0x0000000081600000| Untracked 
|  23|0x0000000081700000, 0x0000000081800000, 0x0000000081800000|100%| O|  |TAMS 0x0000000081800000, 0x0000000081700000| Untracked 
|  24|0x0000000081800000, 0x0000000081900000, 0x0000000081900000|100%| O|  |TAMS 0x0000000081800000, 0x0000000081800000| Untracked 
|  25|0x0000000081900000, 0x0000000081a00000, 0x0000000081a00000|100%| O|  |TAMS 0x0000000081a00000, 0x0000000081900000| Untracked 
|  26|0x0000000081a00000, 0x0000000081b00000, 0x0000000081b00000|100%| O|  |TAMS 0x0000000081b00000, 0x0000000081a00000| Untracked 
|  27|0x0000000081b00000, 0x0000000081c00000, 0x0000000081c00000|100%| O|  |TAMS 0x0000000081c00000, 0x0000000081b00000| Untracked 
|  28|0x0000000081c00000, 0x0000000081d00000, 0x0000000081d00000|100%| O|  |TAMS 0x0000000081d00000, 0x0000000081c00000| Untracked 
|  29|0x0000000081d00000, 0x0000000081e00000, 0x0000000081e00000|100%| O|  |TAMS 0x0000000081e00000, 0x0000000081d00000| Untracked 
|  30|0x0000000081e00000, 0x0000000081f00000, 0x0000000081f00000|100%| O|  |TAMS 0x0000000081f00000, 0x0000000081e00000| Untracked 
|  31|0x0000000081f00000, 0x0000000082000000, 0x0000000082000000|100%| O|  |TAMS 0x0000000082000000, 0x0000000081f00000| Untracked 
|  32|0x0000000082000000, 0x0000000082100000, 0x0000000082100000|100%|HS|  |TAMS 0x0000000082100000, 0x0000000082000000| Complete 
|  33|0x0000000082100000, 0x0000000082200000, 0x0000000082200000|100%|HS|  |TAMS 0x0000000082200000, 0x0000000082100000| Complete 
|  34|0x0000000082200000, 0x0000000082300000, 0x0000000082300000|100%|HS|  |TAMS 0x0000000082300000, 0x0000000082200000| Complete 
|  35|0x0000000082300000, 0x0000000082400000, 0x0000000082400000|100%|HC|  |TAMS 0x0000000082400000, 0x0000000082300000| Complete 
|  36|0x0000000082400000, 0x0000000082500000, 0x0000000082500000|100%| O|  |TAMS 0x0000000082500000, 0x0000000082400000| Untracked 
|  37|0x0000000082500000, 0x0000000082600000, 0x0000000082600000|100%| O|  |TAMS 0x0000000082600000, 0x0000000082500000| Untracked 
|  38|0x0000000082600000, 0x0000000082700000, 0x0000000082700000|100%| O|  |TAMS 0x0000000082700000, 0x0000000082600000| Untracked 
|  39|0x0000000082700000, 0x0000000082800000, 0x0000000082800000|100%| O|  |TAMS 0x0000000082800000, 0x0000000082700000| Untracked 
|  40|0x0000000082800000, 0x0000000082900000, 0x0000000082900000|100%|HS|  |TAMS 0x0000000082900000, 0x0000000082800000| Complete 
|  41|0x0000000082900000, 0x0000000082a00000, 0x0000000082a00000|100%|HS|  |TAMS 0x0000000082a00000, 0x0000000082900000| Complete 
|  42|0x0000000082a00000, 0x0000000082b00000, 0x0000000082b00000|100%|HC|  |TAMS 0x0000000082b00000, 0x0000000082a00000| Complete 
|  43|0x0000000082b00000, 0x0000000082c00000, 0x0000000082c00000|100%|HC|  |TAMS 0x0000000082c00000, 0x0000000082b00000| Complete 
|  44|0x0000000082c00000, 0x0000000082d00000, 0x0000000082d00000|100%|HC|  |TAMS 0x0000000082d00000, 0x0000000082c00000| Complete 
|  45|0x0000000082d00000, 0x0000000082e00000, 0x0000000082e00000|100%| O|  |TAMS 0x0000000082e00000, 0x0000000082d00000| Untracked 
|  46|0x0000000082e00000, 0x0000000082f00000, 0x0000000082f00000|100%| O|  |TAMS 0x0000000082f00000, 0x0000000082e00000| Untracked 
|  47|0x0000000082f00000, 0x0000000083000000, 0x0000000083000000|100%| O|  |TAMS 0x0000000083000000, 0x0000000082f00000| Untracked 
|  48|0x0000000083000000, 0x0000000083100000, 0x0000000083100000|100%| O|  |TAMS 0x0000000083100000, 0x0000000083000000| Untracked 
|  49|0x0000000083100000, 0x0000000083200000, 0x0000000083200000|100%| O|  |TAMS 0x0000000083200000, 0x0000000083100000| Untracked 
|  50|0x0000000083200000, 0x0000000083300000, 0x0000000083300000|100%| O|  |TAMS 0x0000000083300000, 0x0000000083200000| Untracked 
|  51|0x0000000083300000, 0x0000000083400000, 0x0000000083400000|100%| O|  |TAMS 0x0000000083400000, 0x0000000083300000| Untracked 
|  52|0x0000000083400000, 0x0000000083500000, 0x0000000083500000|100%| O|  |TAMS 0x0000000083500000, 0x0000000083400000| Untracked 
|  53|0x0000000083500000, 0x0000000083600000, 0x0000000083600000|100%| O|  |TAMS 0x0000000083600000, 0x0000000083500000| Untracked 
|  54|0x0000000083600000, 0x0000000083700000, 0x0000000083700000|100%| O|  |TAMS 0x0000000083683200, 0x0000000083600000| Untracked 
|  55|0x0000000083700000, 0x0000000083800000, 0x0000000083800000|100%| O|  |TAMS 0x0000000083700000, 0x0000000083700000| Untracked 
|  56|0x0000000083800000, 0x0000000083900000, 0x0000000083900000|100%| O|  |TAMS 0x0000000083800000, 0x0000000083800000| Untracked 
|  57|0x0000000083900000, 0x0000000083a00000, 0x0000000083a00000|100%| O|  |TAMS 0x0000000083900000, 0x0000000083900000| Untracked 
|  58|0x0000000083a00000, 0x0000000083b00000, 0x0000000083b00000|100%| O|  |TAMS 0x0000000083a00000, 0x0000000083a00000| Untracked 
|  59|0x0000000083b00000, 0x0000000083c00000, 0x0000000083c00000|100%| O|  |TAMS 0x0000000083b00000, 0x0000000083b00000| Untracked 
|  60|0x0000000083c00000, 0x0000000083d00000, 0x0000000083d00000|100%| O|  |TAMS 0x0000000083c00000, 0x0000000083c00000| Untracked 
|  61|0x0000000083d00000, 0x0000000083e00000, 0x0000000083e00000|100%| O|  |TAMS 0x0000000083d00000, 0x0000000083d00000| Untracked 
|  62|0x0000000083e00000, 0x0000000083f00000, 0x0000000083f00000|100%| O|  |TAMS 0x0000000083e00000, 0x0000000083e00000| Untracked 
|  63|0x0000000083f00000, 0x0000000083f16000, 0x0000000084000000|  8%| O|  |TAMS 0x0000000083f00000, 0x0000000083f00000| Untracked 
|  64|0x0000000084000000, 0x0000000084000000, 0x0000000084100000|  0%| F|  |TAMS 0x0000000084000000, 0x0000000084000000| Untracked 
|  65|0x0000000084100000, 0x0000000084100000, 0x0000000084200000|  0%| F|  |TAMS 0x0000000084100000, 0x0000000084100000| Untracked 
|  66|0x0000000084200000, 0x0000000084200000, 0x0000000084300000|  0%| F|  |TAMS 0x0000000084200000, 0x0000000084200000| Untracked 
|  67|0x0000000084300000, 0x0000000084300000, 0x0000000084400000|  0%| F|  |TAMS 0x0000000084300000, 0x0000000084300000| Untracked 
|  68|0x0000000084400000, 0x0000000084400000, 0x0000000084500000|  0%| F|  |TAMS 0x0000000084400000, 0x0000000084400000| Untracked 
|  69|0x0000000084500000, 0x0000000084500000, 0x0000000084600000|  0%| F|  |TAMS 0x0000000084500000, 0x0000000084500000| Untracked 
|  70|0x0000000084600000, 0x0000000084600000, 0x0000000084700000|  0%| F|  |TAMS 0x0000000084600000, 0x0000000084600000| Untracked 
|  71|0x0000000084700000, 0x0000000084700000, 0x0000000084800000|  0%| F|  |TAMS 0x0000000084700000, 0x0000000084700000| Untracked 
|  72|0x0000000084800000, 0x0000000084800000, 0x0000000084900000|  0%| F|  |TAMS 0x0000000084800000, 0x0000000084800000| Untracked 
|  73|0x0000000084900000, 0x0000000084900000, 0x0000000084a00000|  0%| F|  |TAMS 0x0000000084900000, 0x0000000084900000| Untracked 
|  74|0x0000000084a00000, 0x0000000084a00000, 0x0000000084b00000|  0%| F|  |TAMS 0x0000000084a00000, 0x0000000084a00000| Untracked 
|  75|0x0000000084b00000, 0x0000000084b00000, 0x0000000084c00000|  0%| F|  |TAMS 0x0000000084b00000, 0x0000000084b00000| Untracked 
|  76|0x0000000084c00000, 0x0000000084c00000, 0x0000000084d00000|  0%| F|  |TAMS 0x0000000084c00000, 0x0000000084c00000| Untracked 
|  77|0x0000000084d00000, 0x0000000084d00000, 0x0000000084e00000|  0%| F|  |TAMS 0x0000000084d00000, 0x0000000084d00000| Untracked 
|  78|0x0000000084e00000, 0x0000000084e00000, 0x0000000084f00000|  0%| F|  |TAMS 0x0000000084e00000, 0x0000000084e00000| Untracked 
|  79|0x0000000084f00000, 0x0000000084f00000, 0x0000000085000000|  0%| F|  |TAMS 0x0000000084f00000, 0x0000000084f00000| Untracked 
|  80|0x0000000085000000, 0x0000000085000000, 0x0000000085100000|  0%| F|  |TAMS 0x0000000085000000, 0x0000000085000000| Untracked 
|  81|0x0000000085100000, 0x0000000085100000, 0x0000000085200000|  0%| F|  |TAMS 0x0000000085100000, 0x0000000085100000| Untracked 
|  82|0x0000000085200000, 0x0000000085200000, 0x0000000085300000|  0%| F|  |TAMS 0x0000000085200000, 0x0000000085200000| Untracked 
|  83|0x0000000085300000, 0x0000000085300000, 0x0000000085400000|  0%| F|  |TAMS 0x0000000085300000, 0x0000000085300000| Untracked 
|  84|0x0000000085400000, 0x0000000085400000, 0x0000000085500000|  0%| F|  |TAMS 0x0000000085400000, 0x0000000085400000| Untracked 
|  85|0x0000000085500000, 0x0000000085500000, 0x0000000085600000|  0%| F|  |TAMS 0x0000000085500000, 0x0000000085500000| Untracked 
|  86|0x0000000085600000, 0x0000000085600000, 0x0000000085700000|  0%| F|  |TAMS 0x0000000085600000, 0x0000000085600000| Untracked 
|  87|0x0000000085700000, 0x0000000085700000, 0x0000000085800000|  0%| F|  |TAMS 0x0000000085700000, 0x0000000085700000| Untracked 
|  88|0x0000000085800000, 0x0000000085800000, 0x0000000085900000|  0%| F|  |TAMS 0x0000000085800000, 0x0000000085800000| Untracked 
|  89|0x0000000085900000, 0x0000000085900000, 0x0000000085a00000|  0%| F|  |TAMS 0x0000000085900000, 0x0000000085900000| Untracked 
|  90|0x0000000085a00000, 0x0000000085acbac0, 0x0000000085b00000| 79%| S|CS|TAMS 0x0000000085a00000, 0x0000000085a00000| Complete 
|  91|0x0000000085b00000, 0x0000000085c00000, 0x0000000085c00000|100%| S|CS|TAMS 0x0000000085b00000, 0x0000000085b00000| Complete 
|  92|0x0000000085c00000, 0x0000000085d00000, 0x0000000085d00000|100%| S|CS|TAMS 0x0000000085c00000, 0x0000000085c00000| Complete 
|  93|0x0000000085d00000, 0x0000000085e00000, 0x0000000085e00000|100%| S|CS|TAMS 0x0000000085d00000, 0x0000000085d00000| Complete 
|  94|0x0000000085e00000, 0x0000000085f00000, 0x0000000085f00000|100%| S|CS|TAMS 0x0000000085e00000, 0x0000000085e00000| Complete 
|  95|0x0000000085f00000, 0x0000000085f00000, 0x0000000086000000|  0%| F|  |TAMS 0x0000000085f00000, 0x0000000085f00000| Untracked 
|  96|0x0000000086000000, 0x0000000086000000, 0x0000000086100000|  0%| F|  |TAMS 0x0000000086000000, 0x0000000086000000| Untracked 
|  97|0x0000000086100000, 0x0000000086100000, 0x0000000086200000|  0%| F|  |TAMS 0x0000000086100000, 0x0000000086100000| Untracked 
|  98|0x0000000086200000, 0x0000000086200000, 0x0000000086300000|  0%| F|  |TAMS 0x0000000086200000, 0x0000000086200000| Untracked 
|  99|0x0000000086300000, 0x0000000086300000, 0x0000000086400000|  0%| F|  |TAMS 0x0000000086300000, 0x0000000086300000| Untracked 
| 100|0x0000000086400000, 0x0000000086400000, 0x0000000086500000|  0%| F|  |TAMS 0x0000000086400000, 0x0000000086400000| Untracked 
| 101|0x0000000086500000, 0x0000000086500000, 0x0000000086600000|  0%| F|  |TAMS 0x0000000086500000, 0x0000000086500000| Untracked 
| 102|0x0000000086600000, 0x0000000086600000, 0x0000000086700000|  0%| F|  |TAMS 0x0000000086600000, 0x0000000086600000| Untracked 
| 103|0x0000000086700000, 0x0000000086700000, 0x0000000086800000|  0%| F|  |TAMS 0x0000000086700000, 0x0000000086700000| Untracked 
| 104|0x0000000086800000, 0x0000000086800000, 0x0000000086900000|  0%| F|  |TAMS 0x0000000086800000, 0x0000000086800000| Untracked 
| 105|0x0000000086900000, 0x0000000086900000, 0x0000000086a00000|  0%| F|  |TAMS 0x0000000086900000, 0x0000000086900000| Untracked 
| 106|0x0000000086a00000, 0x0000000086a00000, 0x0000000086b00000|  0%| F|  |TAMS 0x0000000086a00000, 0x0000000086a00000| Untracked 
| 107|0x0000000086b00000, 0x0000000086b00000, 0x0000000086c00000|  0%| F|  |TAMS 0x0000000086b00000, 0x0000000086b00000| Untracked 
| 108|0x0000000086c00000, 0x0000000086c00000, 0x0000000086d00000|  0%| F|  |TAMS 0x0000000086c00000, 0x0000000086c00000| Untracked 
| 109|0x0000000086d00000, 0x0000000086d00000, 0x0000000086e00000|  0%| F|  |TAMS 0x0000000086d00000, 0x0000000086d00000| Untracked 
| 110|0x0000000086e00000, 0x0000000086e00000, 0x0000000086f00000|  0%| F|  |TAMS 0x0000000086e00000, 0x0000000086e00000| Untracked 
| 111|0x0000000086f00000, 0x0000000086f00000, 0x0000000087000000|  0%| F|  |TAMS 0x0000000086f00000, 0x0000000086f00000| Untracked 
| 112|0x0000000087000000, 0x00000000870805e0, 0x0000000087100000| 50%| E|  |TAMS 0x0000000087000000, 0x0000000087000000| Complete 
| 113|0x0000000087100000, 0x0000000087200000, 0x0000000087200000|100%| E|CS|TAMS 0x0000000087100000, 0x0000000087100000| Complete 
| 114|0x0000000087200000, 0x0000000087300000, 0x0000000087300000|100%| E|CS|TAMS 0x0000000087200000, 0x0000000087200000| Complete 
| 115|0x0000000087300000, 0x0000000087400000, 0x0000000087400000|100%| E|CS|TAMS 0x0000000087300000, 0x0000000087300000| Complete 
| 116|0x0000000087400000, 0x0000000087500000, 0x0000000087500000|100%| E|CS|TAMS 0x0000000087400000, 0x0000000087400000| Complete 
| 117|0x0000000087500000, 0x0000000087600000, 0x0000000087600000|100%| E|CS|TAMS 0x0000000087500000, 0x0000000087500000| Complete 
| 118|0x0000000087600000, 0x0000000087700000, 0x0000000087700000|100%| E|CS|TAMS 0x0000000087600000, 0x0000000087600000| Complete 
| 119|0x0000000087700000, 0x0000000087800000, 0x0000000087800000|100%| E|CS|TAMS 0x0000000087700000, 0x0000000087700000| Complete 
| 120|0x0000000087800000, 0x0000000087900000, 0x0000000087900000|100%| E|CS|TAMS 0x0000000087800000, 0x0000000087800000| Complete 
| 121|0x0000000087900000, 0x0000000087a00000, 0x0000000087a00000|100%| E|CS|TAMS 0x0000000087900000, 0x0000000087900000| Complete 
| 122|0x0000000087a00000, 0x0000000087b00000, 0x0000000087b00000|100%| E|CS|TAMS 0x0000000087a00000, 0x0000000087a00000| Complete 
| 123|0x0000000087b00000, 0x0000000087c00000, 0x0000000087c00000|100%| E|CS|TAMS 0x0000000087b00000, 0x0000000087b00000| Complete 
| 124|0x0000000087c00000, 0x0000000087d00000, 0x0000000087d00000|100%| E|CS|TAMS 0x0000000087c00000, 0x0000000087c00000| Complete 
| 125|0x0000000087d00000, 0x0000000087e00000, 0x0000000087e00000|100%| E|CS|TAMS 0x0000000087d00000, 0x0000000087d00000| Complete 
| 126|0x0000000087e00000, 0x0000000087f00000, 0x0000000087f00000|100%| E|CS|TAMS 0x0000000087e00000, 0x0000000087e00000| Complete 
| 127|0x0000000087f00000, 0x0000000088000000, 0x0000000088000000|100%| E|CS|TAMS 0x0000000087f00000, 0x0000000087f00000| Complete 
| 128|0x0000000088000000, 0x0000000088100000, 0x0000000088100000|100%| E|CS|TAMS 0x0000000088000000, 0x0000000088000000| Complete 
| 129|0x0000000088100000, 0x0000000088200000, 0x0000000088200000|100%| E|CS|TAMS 0x0000000088100000, 0x0000000088100000| Complete 
| 130|0x0000000088200000, 0x0000000088300000, 0x0000000088300000|100%| E|CS|TAMS 0x0000000088200000, 0x0000000088200000| Complete 
| 131|0x0000000088300000, 0x0000000088400000, 0x0000000088400000|100%| E|CS|TAMS 0x0000000088300000, 0x0000000088300000| Complete 
| 132|0x0000000088400000, 0x0000000088500000, 0x0000000088500000|100%| E|CS|TAMS 0x0000000088400000, 0x0000000088400000| Complete 
| 133|0x0000000088500000, 0x0000000088600000, 0x0000000088600000|100%| E|CS|TAMS 0x0000000088500000, 0x0000000088500000| Complete 
| 134|0x0000000088600000, 0x0000000088700000, 0x0000000088700000|100%| E|CS|TAMS 0x0000000088600000, 0x0000000088600000| Complete 
| 135|0x0000000088700000, 0x0000000088800000, 0x0000000088800000|100%| E|CS|TAMS 0x0000000088700000, 0x0000000088700000| Complete 
| 136|0x0000000088800000, 0x0000000088900000, 0x0000000088900000|100%| E|CS|TAMS 0x0000000088800000, 0x0000000088800000| Complete 
| 137|0x0000000088900000, 0x0000000088a00000, 0x0000000088a00000|100%| E|CS|TAMS 0x0000000088900000, 0x0000000088900000| Complete 
| 138|0x0000000088a00000, 0x0000000088b00000, 0x0000000088b00000|100%| E|CS|TAMS 0x0000000088a00000, 0x0000000088a00000| Complete 
| 139|0x0000000088b00000, 0x0000000088c00000, 0x0000000088c00000|100%| E|CS|TAMS 0x0000000088b00000, 0x0000000088b00000| Complete 
| 140|0x0000000088c00000, 0x0000000088d00000, 0x0000000088d00000|100%| E|CS|TAMS 0x0000000088c00000, 0x0000000088c00000| Complete 

Card table byte_map: [0x000001bbba0d0000,0x000001bbba4d0000] _byte_map_base: 0x000001bbb9cd0000

Marking Bits (Prev, Next): (CMBitMap*) 0x000001bba7537fe0, (CMBitMap*) 0x000001bba7538020
 Prev Bits: [0x000001bbba8d0000, 0x000001bbbc8d0000)
 Next Bits: [0x000001bbbc8d0000, 0x000001bbbe8d0000)

Polling page: 0x000001bba5470000

Metaspace:

Usage:
  Non-class:     66.53 MB used.
      Class:     10.14 MB used.
       Both:     76.67 MB used.

Virtual space:
  Non-class space:       72.00 MB reserved,      66.88 MB ( 93%) committed,  9 nodes.
      Class space:        1.00 GB reserved,      10.44 MB (  1%) committed,  1 nodes.
             Both:        1.07 GB reserved,      77.31 MB (  7%) committed. 

Chunk freelists:
   Non-Class:  1.17 MB
       Class:  1.42 MB
        Both:  2.59 MB

MaxMetaspaceSize: unlimited
CompressedClassSpaceSize: 1.00 GB
Initial GC threshold: 21.00 MB
Current GC threshold: 98.75 MB
CDS: off
MetaspaceReclaimPolicy: balanced
 - commit_granule_bytes: 65536.
 - commit_granule_words: 8192.
 - virtual_space_node_default_size: 1048576.
 - enlarge_chunks_in_place: 1.
 - new_chunks_are_fully_committed: 0.
 - uncommit_free_chunks: 1.
 - use_allocation_guard: 0.
 - handle_deallocations: 1.


Internal statistics:

num_allocs_failed_limit: 6.
num_arena_births: 740.
num_arena_deaths: 0.
num_vsnodes_births: 10.
num_vsnodes_deaths: 0.
num_space_committed: 1237.
num_space_uncommitted: 0.
num_chunks_returned_to_freelist: 6.
num_chunks_taken_from_freelist: 3406.
num_chunk_merges: 6.
num_chunk_splits: 2328.
num_chunks_enlarged: 1650.
num_purges: 0.
num_inconsistent_stats: 0.

CodeHeap 'non-profiled nmethods': size=120000Kb used=4225Kb max_used=4225Kb free=115774Kb
 bounds [0x000001bbb2470000, 0x000001bbb28a0000, 0x000001bbb99a0000]
CodeHeap 'profiled nmethods': size=120000Kb used=13272Kb max_used=13272Kb free=106727Kb
 bounds [0x000001bbaa9a0000, 0x000001bbab6a0000, 0x000001bbb1ed0000]
CodeHeap 'non-nmethods': size=5760Kb used=2381Kb max_used=2435Kb free=3378Kb
 bounds [0x000001bbb1ed0000, 0x000001bbb2140000, 0x000001bbb2470000]
 total_blobs=7950 nmethods=7052 adapters=810
 compilation: enabled
              stopped_count=0, restarted_count=0
 full_count=0

Compilation events (20 events):
Event: 6.371 Thread 0x000001bbc1c3ca30 7841       3       com.google.common.cache.LocalCache::createSegment (13 bytes)
Event: 6.371 Thread 0x000001bbc1c3ca30 nmethod 7841 0x000001bbab683790 code [0x000001bbab683940, 0x000001bbab683b08]
Event: 6.371 Thread 0x000001bbc1c3ca30 7842       3       com.google.common.cache.LocalCache$Segment::<init> (163 bytes)
Event: 6.373 Thread 0x000001bbc1c3ca30 nmethod 7842 0x000001bbab683c10 code [0x000001bbab684040, 0x000001bbab686688]
Event: 6.373 Thread 0x000001bbc790cdf0 nmethod 7825 0x000001bbb288c010 code [0x000001bbb288c2c0, 0x000001bbb288efa8]
Event: 6.373 Thread 0x000001bbc790cdf0 7834   !   4       java.net.URLClassLoader::findClass (47 bytes)
Event: 6.374 Thread 0x000001bbc1c3ca30 7843       3       org.gradle.internal.event.DefaultListenerManager$EventBroadcast::getDispatch (16 bytes)
Event: 6.374 Thread 0x000001bbc1c3ca30 nmethod 7843 0x000001bbab687110 code [0x000001bbab6872a0, 0x000001bbab687418]
Event: 6.374 Thread 0x000001bbc1c3ca30 7844   !   3       org.gradle.configuration.internal.DefaultUserCodeApplicationContext$CurrentApplication$1::execute (79 bytes)
Event: 6.375 Thread 0x000001bbc1c3ca30 nmethod 7844 0x000001bbab687490 code [0x000001bbab6876a0, 0x000001bbab687d68]
Event: 6.375 Thread 0x000001bbc1c3ca30 7845       3       org.gradle.api.internal.DefaultCollectionCallbackActionDecorator$Operation::description (20 bytes)
Event: 6.375 Thread 0x000001bbc1c3ca30 nmethod 7845 0x000001bbab688090 code [0x000001bbab688280, 0x000001bbab6888f8]
Event: 6.375 Thread 0x000001bbc1c3ca30 7846       3       org.gradle.api.internal.DefaultCollectionCallbackActionDecorator$OperationDetails::<init> (10 bytes)
Event: 6.375 Thread 0x000001bbc1c3ca30 nmethod 7846 0x000001bbab688b10 code [0x000001bbab688ca0, 0x000001bbab688e58]
Event: 6.375 Thread 0x000001bbc1c3ca30 7847       3       org.gradle.api.internal.DefaultCollectionCallbackActionDecorator$BuildOperationEmittingAction$1::run (26 bytes)
Event: 6.375 Thread 0x000001bbc1c3ca30 nmethod 7847 0x000001bbab688f10 code [0x000001bbab6890c0, 0x000001bbab689388]
Event: 6.375 Thread 0x000001bbc1c3ca30 7848       3       com.google.common.collect.Maps::newConcurrentMap (8 bytes)
Event: 6.376 Thread 0x000001bbc1c3ca30 nmethod 7848 0x000001bbab689510 code [0x000001bbab6896c0, 0x000001bbab689938]
Event: 6.408 Thread 0x000001bbc1c3ca30 7851       3       org.gradle.api.internal.provider.DefaultProvider::<init> (10 bytes)
Event: 6.408 Thread 0x000001bbc1c3ca30 nmethod 7851 0x000001bbab689a90 code [0x000001bbab689c40, 0x000001bbab689e58]

GC Heap History (20 events):
Event: 4.272 GC heap before
{Heap before GC invocations=14 (full 0):
 garbage-first heap   total 82944K, used 64873K [0x0000000080000000, 0x0000000100000000)
  region size 1024K, 31 young (31744K), 5 survivors (5120K)
 Metaspace       used 53495K, committed 53952K, reserved 1097728K
  class space    used 7141K, committed 7360K, reserved 1048576K
}
Event: 4.277 GC heap after
{Heap after GC invocations=15 (full 0):
 garbage-first heap   total 100352K, used 44197K [0x0000000080000000, 0x0000000100000000)
  region size 1024K, 4 young (4096K), 4 survivors (4096K)
 Metaspace       used 53495K, committed 53952K, reserved 1097728K
  class space    used 7141K, committed 7360K, reserved 1048576K
}
Event: 4.306 GC heap before
{Heap before GC invocations=15 (full 0):
 garbage-first heap   total 100352K, used 52389K [0x0000000080000000, 0x0000000100000000)
  region size 1024K, 9 young (9216K), 4 survivors (4096K)
 Metaspace       used 53505K, committed 54016K, reserved 1097728K
  class space    used 7141K, committed 7360K, reserved 1048576K
}
Event: 4.308 GC heap after
{Heap after GC invocations=16 (full 0):
 garbage-first heap   total 100352K, used 53036K [0x0000000080000000, 0x0000000100000000)
  region size 1024K, 4 young (4096K), 4 survivors (4096K)
 Metaspace       used 53505K, committed 54016K, reserved 1097728K
  class space    used 7141K, committed 7360K, reserved 1048576K
}
Event: 4.507 GC heap before
{Heap before GC invocations=17 (full 0):
 garbage-first heap   total 100352K, used 75564K [0x0000000080000000, 0x0000000100000000)
  region size 1024K, 25 young (25600K), 4 survivors (4096K)
 Metaspace       used 56145K, committed 56704K, reserved 1097728K
  class space    used 7512K, committed 7744K, reserved 1048576K
}
Event: 4.509 GC heap after
{Heap after GC invocations=18 (full 0):
 garbage-first heap   total 100352K, used 54913K [0x0000000080000000, 0x0000000100000000)
  region size 1024K, 3 young (3072K), 3 survivors (3072K)
 Metaspace       used 56145K, committed 56704K, reserved 1097728K
  class space    used 7512K, committed 7744K, reserved 1048576K
}
Event: 4.517 GC heap before
{Heap before GC invocations=18 (full 0):
 garbage-first heap   total 100352K, used 55937K [0x0000000080000000, 0x0000000100000000)
  region size 1024K, 4 young (4096K), 3 survivors (3072K)
 Metaspace       used 56290K, committed 56768K, reserved 1097728K
  class space    used 7532K, committed 7744K, reserved 1048576K
}
Event: 4.519 GC heap after
{Heap after GC invocations=19 (full 0):
 garbage-first heap   total 100352K, used 55018K [0x0000000080000000, 0x0000000100000000)
  region size 1024K, 1 young (1024K), 1 survivors (1024K)
 Metaspace       used 56290K, committed 56768K, reserved 1097728K
  class space    used 7532K, committed 7744K, reserved 1048576K
}
Event: 4.715 GC heap before
{Heap before GC invocations=19 (full 0):
 garbage-first heap   total 100352K, used 75498K [0x0000000080000000, 0x0000000100000000)
  region size 1024K, 21 young (21504K), 1 survivors (1024K)
 Metaspace       used 59858K, committed 60352K, reserved 1105920K
  class space    used 7917K, committed 8128K, reserved 1048576K
}
Event: 4.717 GC heap after
{Heap after GC invocations=20 (full 0):
 garbage-first heap   total 100352K, used 55607K [0x0000000080000000, 0x0000000100000000)
  region size 1024K, 1 young (1024K), 1 survivors (1024K)
 Metaspace       used 59858K, committed 60352K, reserved 1105920K
  class space    used 7917K, committed 8128K, reserved 1048576K
}
Event: 5.015 GC heap before
{Heap before GC invocations=21 (full 0):
 garbage-first heap   total 100352K, used 77111K [0x0000000080000000, 0x0000000100000000)
  region size 1024K, 22 young (22528K), 1 survivors (1024K)
 Metaspace       used 63471K, committed 64000K, reserved 1105920K
  class space    used 8420K, committed 8640K, reserved 1048576K
}
Event: 5.017 GC heap after
{Heap after GC invocations=22 (full 0):
 garbage-first heap   total 144384K, used 56904K [0x0000000080000000, 0x0000000100000000)
  region size 1024K, 3 young (3072K), 3 survivors (3072K)
 Metaspace       used 63471K, committed 64000K, reserved 1105920K
  class space    used 8420K, committed 8640K, reserved 1048576K
}
Event: 5.062 GC heap before
{Heap before GC invocations=22 (full 0):
 garbage-first heap   total 144384K, used 59976K [0x0000000080000000, 0x0000000100000000)
  region size 1024K, 7 young (7168K), 3 survivors (3072K)
 Metaspace       used 64551K, committed 65088K, reserved 1105920K
  class space    used 8545K, committed 8768K, reserved 1048576K
}
Event: 5.065 GC heap after
{Heap after GC invocations=23 (full 0):
 garbage-first heap   total 144384K, used 57427K [0x0000000080000000, 0x0000000100000000)
  region size 1024K, 1 young (1024K), 1 survivors (1024K)
 Metaspace       used 64551K, committed 65088K, reserved 1105920K
  class space    used 8545K, committed 8768K, reserved 1048576K
}
Event: 5.451 GC heap before
{Heap before GC invocations=23 (full 0):
 garbage-first heap   total 144384K, used 108627K [0x0000000080000000, 0x0000000100000000)
  region size 1024K, 45 young (46080K), 1 survivors (1024K)
 Metaspace       used 68098K, committed 68608K, reserved 1114112K
  class space    used 9002K, committed 9216K, reserved 1048576K
}
Event: 5.453 GC heap after
{Heap after GC invocations=24 (full 0):
 garbage-first heap   total 144384K, used 61269K [0x0000000080000000, 0x0000000100000000)
  region size 1024K, 5 young (5120K), 5 survivors (5120K)
 Metaspace       used 68098K, committed 68608K, reserved 1114112K
  class space    used 9002K, committed 9216K, reserved 1048576K
}
Event: 5.887 GC heap before
{Heap before GC invocations=24 (full 0):
 garbage-first heap   total 144384K, used 103253K [0x0000000080000000, 0x0000000100000000)
  region size 1024K, 46 young (47104K), 5 survivors (5120K)
 Metaspace       used 72501K, committed 73088K, reserved 1114112K
  class space    used 9580K, committed 9856K, reserved 1048576K
}
Event: 5.892 GC heap after
{Heap after GC invocations=25 (full 0):
 garbage-first heap   total 144384K, used 64716K [0x0000000080000000, 0x0000000100000000)
  region size 1024K, 4 young (4096K), 4 survivors (4096K)
 Metaspace       used 72501K, committed 73088K, reserved 1114112K
  class space    used 9580K, committed 9856K, reserved 1048576K
}
Event: 6.216 GC heap before
{Heap before GC invocations=25 (full 0):
 garbage-first heap   total 144384K, used 107724K [0x0000000080000000, 0x0000000100000000)
  region size 1024K, 46 young (47104K), 4 survivors (4096K)
 Metaspace       used 76398K, committed 76928K, reserved 1122304K
  class space    used 10090K, committed 10368K, reserved 1048576K
}
Event: 6.221 GC heap after
{Heap after GC invocations=26 (full 0):
 garbage-first heap   total 144384K, used 69510K [0x0000000080000000, 0x0000000100000000)
  region size 1024K, 5 young (5120K), 5 survivors (5120K)
 Metaspace       used 76398K, committed 76928K, reserved 1122304K
  class space    used 10090K, committed 10368K, reserved 1048576K
}

Dll operation events (2 events):
Event: 0.005 Loaded shared library C:\Program Files\Android\Android Studio\jbr\bin\java.dll
Event: 0.262 Loaded shared library C:\Program Files\Android\Android Studio\jbr\bin\verify.dll

Deoptimization events (20 events):
Event: 6.288 Thread 0x000001bbc4eabba0 DEOPT PACKING pc=0x000001bbb249722c sp=0x00000056c39f84b0
Event: 6.288 Thread 0x000001bbc4eabba0 DEOPT UNPACKING pc=0x000001bbb1f2a1a3 sp=0x00000056c39f8490 mode 2
Event: 6.289 Thread 0x000001bbc4eabba0 Uncommon trap: trap_request=0xffffffde fr.pc=0x000001bbb2634bd4 relative=0x0000000000005474
Event: 6.289 Thread 0x000001bbc4eabba0 Uncommon trap: reason=class_check action=maybe_recompile pc=0x000001bbb2634bd4 method=jdk.internal.loader.URLClassPath.getLoader(I)Ljdk/internal/loader/URLClassPath$Loader; @ 190 c2
Event: 6.289 Thread 0x000001bbc4eabba0 DEOPT PACKING pc=0x000001bbb2634bd4 sp=0x00000056c39f8600
Event: 6.289 Thread 0x000001bbc4eabba0 DEOPT UNPACKING pc=0x000001bbb1f2a1a3 sp=0x00000056c39f8620 mode 2
Event: 6.289 Thread 0x000001bbc4eabba0 Uncommon trap: trap_request=0xffffffde fr.pc=0x000001bbb267f3a8 relative=0x0000000000000508
Event: 6.289 Thread 0x000001bbc4eabba0 Uncommon trap: reason=class_check action=maybe_recompile pc=0x000001bbb267f3a8 method=jdk.internal.loader.URLClassPath.getResource(Ljava/lang/String;Z)Ljdk/internal/loader/Resource; @ 53 c2
Event: 6.289 Thread 0x000001bbc4eabba0 DEOPT PACKING pc=0x000001bbb267f3a8 sp=0x00000056c39f86f0
Event: 6.289 Thread 0x000001bbc4eabba0 DEOPT UNPACKING pc=0x000001bbb1f2a1a3 sp=0x00000056c39f86b0 mode 2
Event: 6.289 Thread 0x000001bbc4eabba0 Uncommon trap: trap_request=0xffffffde fr.pc=0x000001bbb27cfa3c relative=0x000000000000573c
Event: 6.289 Thread 0x000001bbc4eabba0 Uncommon trap: reason=class_check action=maybe_recompile pc=0x000001bbb27cfa3c method=java.net.URLClassLoader.defineClass(Ljava/lang/String;Ljdk/internal/loader/Resource;)Ljava/lang/Class; @ 13 c2
Event: 6.289 Thread 0x000001bbc4eabba0 DEOPT PACKING pc=0x000001bbb27cfa3c sp=0x00000056c39f8780
Event: 6.289 Thread 0x000001bbc4eabba0 DEOPT UNPACKING pc=0x000001bbb1f2a1a3 sp=0x00000056c39f8578 mode 2
Event: 6.289 Thread 0x000001bbc4eabba0 Uncommon trap: trap_request=0xffffffde fr.pc=0x000001bbb249722c relative=0x0000000000001c8c
Event: 6.289 Thread 0x000001bbc4eabba0 Uncommon trap: reason=class_check action=maybe_recompile pc=0x000001bbb249722c method=jdk.internal.loader.Resource.cachedInputStream()Ljava/io/InputStream; @ 9 c2
Event: 6.289 Thread 0x000001bbc4eabba0 DEOPT PACKING pc=0x000001bbb249722c sp=0x00000056c39f84b0
Event: 6.289 Thread 0x000001bbc4eabba0 DEOPT UNPACKING pc=0x000001bbb1f2a1a3 sp=0x00000056c39f8490 mode 2
Event: 6.357 Thread 0x000001bbc4eabba0 DEOPT PACKING pc=0x000001bbaa9c0cae sp=0x00000056c39f8350
Event: 6.357 Thread 0x000001bbc4eabba0 DEOPT UNPACKING pc=0x000001bbb1f2ace3 sp=0x00000056c39f78f0 mode 0

Classes unloaded (0 events):
No events

Classes redefined (0 events):
No events

Internal exceptions (20 events):
Event: 5.669 Thread 0x000001bbc4eabba0 Exception <a 'java/lang/ClassNotFoundException'{0x0000000087899478}: org/gradle/api/plugins/internal/DefaultBasePluginConventionCustomizer> (0x0000000087899478) 
thrown [s\src\hotspot\share\classfile\systemDictionary.cpp, line 256]
Event: 5.670 Thread 0x000001bbc4eabba0 Exception <a 'java/lang/ClassNotFoundException'{0x00000000878c2060}: org/gradle/api/plugins/internal/DefaultBasePluginConvention_DecoratedCustomizer> (0x00000000878c2060) 
thrown [s\src\hotspot\share\classfile\systemDictionary.cpp, line 256]
Event: 5.674 Thread 0x000001bbc4eabba0 Exception <a 'java/lang/ClassNotFoundException'{0x000000008773a5f0}: org/gradle/api/plugins/internal/DefaultJavaPluginConvention_DecoratedBeanInfo> (0x000000008773a5f0) 
thrown [s\src\hotspot\share\classfile\systemDictionary.cpp, line 256]
Event: 5.675 Thread 0x000001bbc4eabba0 Exception <a 'java/lang/ClassNotFoundException'{0x0000000087750cb0}: org/gradle/api/plugins/internal/DefaultJavaPluginConventionBeanInfo> (0x0000000087750cb0) 
thrown [s\src\hotspot\share\classfile\systemDictionary.cpp, line 256]
Event: 5.675 Thread 0x000001bbc4eabba0 Exception <a 'java/lang/ClassNotFoundException'{0x0000000087766c98}: org/gradle/api/plugins/JavaPluginConventionBeanInfo> (0x0000000087766c98) 
thrown [s\src\hotspot\share\classfile\systemDictionary.cpp, line 256]
Event: 5.676 Thread 0x000001bbc4eabba0 Exception <a 'java/lang/ClassNotFoundException'{0x000000008777cc48}: org/gradle/api/plugins/JavaPluginConventionCustomizer> (0x000000008777cc48) 
thrown [s\src\hotspot\share\classfile\systemDictionary.cpp, line 256]
Event: 5.677 Thread 0x000001bbc4eabba0 Exception <a 'java/lang/ClassNotFoundException'{0x00000000877a72e8}: org/gradle/api/plugins/internal/DefaultJavaPluginConventionCustomizer> (0x00000000877a72e8) 
thrown [s\src\hotspot\share\classfile\systemDictionary.cpp, line 256]
Event: 5.679 Thread 0x000001bbc4eabba0 Exception <a 'java/lang/ClassNotFoundException'{0x00000000877e40c0}: org/gradle/api/plugins/internal/DefaultJavaPluginConvention_DecoratedCustomizer> (0x00000000877e40c0) 
thrown [s\src\hotspot\share\classfile\systemDictionary.cpp, line 256]
Event: 5.840 Thread 0x000001bbc4eabba0 Exception <a 'java/lang/ClassNotFoundException'{0x000000008694a498}: org/jetbrains/kotlin/gradle/targets/js/npm/DefaultNpmDependencyExtensionBeanInfo> (0x000000008694a498) 
thrown [s\src\hotspot\share\classfile\systemDictionary.cpp, line 256]
Event: 5.840 Thread 0x000001bbc4eabba0 Exception <a 'java/lang/ClassNotFoundException'{0x0000000086955ad8}: org/jetbrains/kotlin/gradle/targets/js/npm/DefaultNpmDependencyExtensionCustomizer> (0x0000000086955ad8) 
thrown [s\src\hotspot\share\classfile\systemDictionary.cpp, line 256]
Event: 5.845 Thread 0x000001bbc4eabba0 Exception <a 'java/lang/ClassNotFoundException'{0x00000000869cb368}: org/jetbrains/kotlin/gradle/targets/js/npm/NpmDependencyExtensionKt$defaultNpmDependencyDelegate$1BeanInfo> (0x00000000869cb368) 
thrown [s\src\hotspot\share\classfile\systemDictionary.cpp, line 256]
Event: 5.845 Thread 0x000001bbc4eabba0 Exception <a 'java/lang/ClassNotFoundException'{0x00000000869d69f0}: org/jetbrains/kotlin/gradle/targets/js/npm/NpmDependencyExtensionDelegateBeanInfo> (0x00000000869d69f0) 
thrown [s\src\hotspot\share\classfile\systemDictionary.cpp, line 256]
Event: 5.845 Thread 0x000001bbc4eabba0 Exception <a 'java/lang/ClassNotFoundException'{0x00000000869e2040}: org/jetbrains/kotlin/gradle/targets/js/npm/NpmDependencyExtensionDelegateCustomizer> (0x00000000869e2040) 
thrown [s\src\hotspot\share\classfile\systemDictionary.cpp, line 256]
Event: 5.846 Thread 0x000001bbc4eabba0 Exception <a 'java/lang/ClassNotFoundException'{0x0000000086805840}: org/jetbrains/kotlin/gradle/targets/js/npm/NpmDependencyExtensionKt$defaultNpmDependencyDelegate$1Customizer> (0x0000000086805840) 
thrown [s\src\hotspot\share\classfile\systemDictionary.cpp, line 256]
Event: 5.848 Thread 0x000001bbc4eabba0 Exception <a 'java/lang/ClassNotFoundException'{0x000000008683ff78}: org/jetbrains/kotlin/gradle/targets/js/npm/DefaultDevNpmDependencyExtensionBeanInfo> (0x000000008683ff78) 
thrown [s\src\hotspot\share\classfile\systemDictionary.cpp, line 256]
Event: 5.849 Thread 0x000001bbc4eabba0 Exception <a 'java/lang/ClassNotFoundException'{0x000000008684b5d0}: org/jetbrains/kotlin/gradle/targets/js/npm/DefaultDevNpmDependencyExtensionCustomizer> (0x000000008684b5d0) 
thrown [s\src\hotspot\share\classfile\systemDictionary.cpp, line 256]
Event: 5.850 Thread 0x000001bbc4eabba0 Exception <a 'java/lang/ClassNotFoundException'{0x000000008688a2b0}: org/jetbrains/kotlin/gradle/targets/js/npm/DefaultPeerNpmDependencyExtensionBeanInfo> (0x000000008688a2b0) 
thrown [s\src\hotspot\share\classfile\systemDictionary.cpp, line 256]
Event: 5.851 Thread 0x000001bbc4eabba0 Exception <a 'java/lang/ClassNotFoundException'{0x0000000086895938}: org/jetbrains/kotlin/gradle/targets/js/npm/DefaultPeerNpmDependencyExtensionCustomizer> (0x0000000086895938) 
thrown [s\src\hotspot\share\classfile\systemDictionary.cpp, line 256]
Event: 5.852 Thread 0x000001bbc4eabba0 Exception <a 'java/lang/ClassNotFoundException'{0x00000000868e0368}: org/jetbrains/kotlin/gradle/targets/js/npm/DefaultPeerNpmDependencyExtension$delegate$1BeanInfo> (0x00000000868e0368) 
thrown [s\src\hotspot\share\classfile\systemDictionary.cpp, line 256]
Event: 5.853 Thread 0x000001bbc4eabba0 Exception <a 'java/lang/ClassNotFoundException'{0x00000000868ebbb8}: org/jetbrains/kotlin/gradle/targets/js/npm/DefaultPeerNpmDependencyExtension$delegate$1Customizer> (0x00000000868ebbb8) 
thrown [s\src\hotspot\share\classfile\systemDictionary.cpp, line 256]

VM Operations (20 events):
Event: 5.079 Executing VM operation: HandshakeAllThreads
Event: 5.079 Executing VM operation: HandshakeAllThreads done
Event: 5.349 Executing VM operation: ICBufferFull
Event: 5.349 Executing VM operation: ICBufferFull done
Event: 5.450 Executing VM operation: G1CollectForAllocation
Event: 5.453 Executing VM operation: G1CollectForAllocation done
Event: 5.532 Executing VM operation: HandshakeAllThreads
Event: 5.533 Executing VM operation: HandshakeAllThreads done
Event: 5.664 Executing VM operation: HandshakeAllThreads
Event: 5.664 Executing VM operation: HandshakeAllThreads done
Event: 5.774 Executing VM operation: ICBufferFull
Event: 5.774 Executing VM operation: ICBufferFull done
Event: 5.887 Executing VM operation: G1CollectForAllocation
Event: 5.892 Executing VM operation: G1CollectForAllocation done
Event: 6.216 Executing VM operation: G1CollectForAllocation
Event: 6.221 Executing VM operation: G1CollectForAllocation done
Event: 6.289 Executing VM operation: HandshakeAllThreads
Event: 6.290 Executing VM operation: HandshakeAllThreads done
Event: 6.326 Executing VM operation: HandshakeAllThreads
Event: 6.326 Executing VM operation: HandshakeAllThreads done

Events (20 events):
Event: 5.563 loading class org/xml/sax/DTDHandler done
Event: 5.567 loading class java/util/Spliterators$IntArraySpliterator
Event: 5.567 loading class java/util/Spliterators$IntArraySpliterator done
Event: 5.569 loading class java/text/ParsePosition
Event: 5.569 loading class java/text/ParsePosition done
Event: 5.573 loading class java/text/CharacterIterator
Event: 5.573 loading class java/text/CharacterIterator done
Event: 5.608 loading class java/time/format/DateTimeFormatterBuilder$WeekBasedFieldPrinterParser
Event: 5.608 loading class java/time/format/DateTimeFormatterBuilder$WeekBasedFieldPrinterParser done
Event: 5.616 loading class com/sun/jmx/mbeanserver/StandardMBeanSupport
Event: 5.616 loading class com/sun/jmx/mbeanserver/StandardMBeanSupport done
Event: 5.616 loading class com/sun/jmx/mbeanserver/StandardMBeanIntrospector
Event: 5.617 loading class com/sun/jmx/mbeanserver/StandardMBeanIntrospector done
Event: 6.079 loading class java/util/ArrayList$SubList$1
Event: 6.079 loading class java/util/ArrayList$SubList$1 done
Event: 6.278 loading class jdk/internal/loader/URLClassPath$FileLoader
Event: 6.279 loading class jdk/internal/loader/URLClassPath$FileLoader done
Event: 6.279 loading class jdk/internal/loader/URLClassPath$FileLoader$1
Event: 6.279 loading class jdk/internal/loader/URLClassPath$FileLoader$1 done
Event: 6.293 Thread 0x000001bbc1c3dc30 flushing nmethod 0x000001bbaadfcb10


Dynamic libraries:
0x00007ff627000000 - 0x00007ff62700a000 	C:\Program Files\Android\Android Studio\jbr\bin\java.exe
0x00007ff910db0000 - 0x00007ff910fc7000 	C:\WINDOWS\SYSTEM32\ntdll.dll
0x00007ff910000000 - 0x00007ff9100c4000 	C:\WINDOWS\System32\KERNEL32.DLL
0x00007ff90e450000 - 0x00007ff90e7f5000 	C:\WINDOWS\System32\KERNELBASE.dll
0x00007ff90e9e0000 - 0x00007ff90eaf1000 	C:\WINDOWS\System32\ucrtbase.dll
0x00007ff8e2630000 - 0x00007ff8e2647000 	C:\Program Files\Android\Android Studio\jbr\bin\jli.dll
0x00007ff9049d0000 - 0x00007ff9049eb000 	C:\Program Files\Android\Android Studio\jbr\bin\VCRUNTIME140.dll
0x00007ff9100d0000 - 0x00007ff91027e000 	C:\WINDOWS\System32\USER32.dll
0x00007ff90e120000 - 0x00007ff90e146000 	C:\WINDOWS\System32\win32u.dll
0x00007ff9102e0000 - 0x00007ff910309000 	C:\WINDOWS\System32\GDI32.dll
0x00007ff90d1a0000 - 0x00007ff90d433000 	C:\WINDOWS\WinSxS\amd64_microsoft.windows.common-controls_6595b64144ccf1df_6.0.22621.2506_none_270c5ae97388e100\COMCTL32.dll
0x00007ff90e800000 - 0x00007ff90e919000 	C:\WINDOWS\System32\gdi32full.dll
0x00007ff90e150000 - 0x00007ff90e1ea000 	C:\WINDOWS\System32\msvcp_win.dll
0x00007ff910c10000 - 0x00007ff910cb7000 	C:\WINDOWS\System32\msvcrt.dll
0x00007ff90ffb0000 - 0x00007ff90ffe1000 	C:\WINDOWS\System32\IMM32.DLL
0x00007ff90ac80000 - 0x00007ff90ac8c000 	C:\Program Files\Android\Android Studio\jbr\bin\vcruntime140_1.dll
0x00007ff8f7210000 - 0x00007ff8f729d000 	C:\Program Files\Android\Android Studio\jbr\bin\msvcp140.dll
0x00007ff8842c0000 - 0x00007ff884f2e000 	C:\Program Files\Android\Android Studio\jbr\bin\server\jvm.dll
0x00007ff90f600000 - 0x00007ff90f6b1000 	C:\WINDOWS\System32\ADVAPI32.dll
0x00007ff90ef80000 - 0x00007ff90f026000 	C:\WINDOWS\System32\sechost.dll
0x00007ff90ee60000 - 0x00007ff90ef77000 	C:\WINDOWS\System32\RPCRT4.dll
0x00007ff8f6ec0000 - 0x00007ff8f6ec9000 	C:\WINDOWS\SYSTEM32\WSOCK32.dll
0x00007ff906890000 - 0x00007ff9068c4000 	C:\WINDOWS\SYSTEM32\WINMM.dll
0x00007ff90ede0000 - 0x00007ff90ee51000 	C:\WINDOWS\System32\WS2_32.dll
0x00007ff9046e0000 - 0x00007ff9046ea000 	C:\WINDOWS\SYSTEM32\VERSION.dll
0x00007ff90c9e0000 - 0x00007ff90c9f8000 	C:\WINDOWS\SYSTEM32\kernel.appcore.dll
0x00007ff8f5c60000 - 0x00007ff8f5c6a000 	C:\Program Files\Android\Android Studio\jbr\bin\jimage.dll
0x00007ff90d910000 - 0x00007ff90db43000 	C:\WINDOWS\SYSTEM32\DBGHELP.DLL
0x00007ff90f030000 - 0x00007ff90f3b9000 	C:\WINDOWS\System32\combase.dll
0x00007ff910380000 - 0x00007ff910457000 	C:\WINDOWS\System32\OLEAUT32.dll
0x00007ff90d490000 - 0x00007ff90d4c2000 	C:\WINDOWS\SYSTEM32\dbgcore.DLL
0x00007ff90e3d0000 - 0x00007ff90e44a000 	C:\WINDOWS\System32\bcryptPrimitives.dll
0x00007ff8e1670000 - 0x00007ff8e1695000 	C:\Program Files\Android\Android Studio\jbr\bin\java.dll
0x00007ff8f26b0000 - 0x00007ff8f26c8000 	C:\Program Files\Android\Android Studio\jbr\bin\zip.dll
0x00007ff90f6c0000 - 0x00007ff90ff19000 	C:\WINDOWS\System32\SHELL32.dll
0x00007ff90b960000 - 0x00007ff90c254000 	C:\WINDOWS\SYSTEM32\windows.storage.dll
0x00007ff90b820000 - 0x00007ff90b95e000 	C:\WINDOWS\SYSTEM32\wintypes.dll
0x00007ff910af0000 - 0x00007ff910be3000 	C:\WINDOWS\System32\SHCORE.dll
0x00007ff910280000 - 0x00007ff9102de000 	C:\WINDOWS\System32\shlwapi.dll
0x00007ff90e050000 - 0x00007ff90e076000 	C:\WINDOWS\SYSTEM32\profapi.dll
0x00007ff8e1ff0000 - 0x00007ff8e2009000 	C:\Program Files\Android\Android Studio\jbr\bin\net.dll
0x00007ff907bd0000 - 0x00007ff907d07000 	C:\WINDOWS\SYSTEM32\WINHTTP.dll
0x00007ff90ce80000 - 0x00007ff90cee9000 	C:\WINDOWS\system32\mswsock.dll
0x00007ff8e0480000 - 0x00007ff8e0496000 	C:\Program Files\Android\Android Studio\jbr\bin\nio.dll
0x00007ff904860000 - 0x00007ff904870000 	C:\Program Files\Android\Android Studio\jbr\bin\verify.dll
0x00007ff9049f0000 - 0x00007ff904a17000 	C:\Users\User\.gradle\native\68d5fa5c4cc2d200863cafc0d521ce42e7d3e7ee720ec0a83991735586a16f82\windows-amd64\native-platform.dll
0x00007ff8f4ec0000 - 0x00007ff8f5004000 	C:\Users\User\.gradle\native\e376f236ea51e6404a007f0833ffe2c6e607c4080706a723a18a27aeea778392\windows-amd64\native-platform-file-events.dll
0x00007ff8f9190000 - 0x00007ff8f9199000 	C:\Program Files\Android\Android Studio\jbr\bin\management.dll
0x00007ff8f5b10000 - 0x00007ff8f5b1b000 	C:\Program Files\Android\Android Studio\jbr\bin\management_ext.dll
0x00007ff910a90000 - 0x00007ff910a98000 	C:\WINDOWS\System32\PSAPI.DLL
0x00007ff90dcd0000 - 0x00007ff90dceb000 	C:\WINDOWS\SYSTEM32\CRYPTSP.dll
0x00007ff90c9a0000 - 0x00007ff90c9d5000 	C:\WINDOWS\system32\rsaenh.dll
0x00007ff90cf70000 - 0x00007ff90cf9c000 	C:\WINDOWS\SYSTEM32\USERENV.dll
0x00007ff90db70000 - 0x00007ff90db98000 	C:\WINDOWS\SYSTEM32\bcrypt.dll
0x00007ff90d0d0000 - 0x00007ff90d0dc000 	C:\WINDOWS\SYSTEM32\CRYPTBASE.dll
0x00007ff90c4b0000 - 0x00007ff90c4dd000 	C:\WINDOWS\SYSTEM32\IPHLPAPI.DLL
0x00007ff90ed70000 - 0x00007ff90ed79000 	C:\WINDOWS\System32\NSI.dll
0x00007ff905f60000 - 0x00007ff905f79000 	C:\WINDOWS\SYSTEM32\dhcpcsvc6.DLL
0x00007ff905f40000 - 0x00007ff905f5f000 	C:\WINDOWS\SYSTEM32\dhcpcsvc.DLL
0x00007ff90c4e0000 - 0x00007ff90c5d9000 	C:\WINDOWS\SYSTEM32\DNSAPI.dll
0x00007ff8da800000 - 0x00007ff8da808000 	C:\WINDOWS\system32\wshunix.dll

dbghelp: loaded successfully - version: 4.0.5 - missing functions: none
symbol engine: initialized successfully - sym options: 0x614 - pdb path: .;C:\Program Files\Android\Android Studio\jbr\bin;C:\WINDOWS\SYSTEM32;C:\WINDOWS\WinSxS\amd64_microsoft.windows.common-controls_6595b64144ccf1df_6.0.22621.2506_none_270c5ae97388e100;C:\Program Files\Android\Android Studio\jbr\bin\server;C:\Users\User\.gradle\native\68d5fa5c4cc2d200863cafc0d521ce42e7d3e7ee720ec0a83991735586a16f82\windows-amd64;C:\Users\User\.gradle\native\e376f236ea51e6404a007f0833ffe2c6e607c4080706a723a18a27aeea778392\windows-amd64

VM Arguments:
jvm_args: --add-opens=java.base/java.util=ALL-UNNAMED --add-opens=java.base/java.lang=ALL-UNNAMED --add-opens=java.base/java.lang.invoke=ALL-UNNAMED --add-opens=java.prefs/java.util.prefs=ALL-UNNAMED --add-opens=java.base/java.nio.charset=ALL-UNNAMED --add-opens=java.base/java.net=ALL-UNNAMED --add-opens=java.base/java.util.concurrent.atomic=ALL-UNNAMED -Xmx2048m -Dfile.encoding=UTF-8 -Duser.country=US -Duser.language=en -Duser.variant 
java_command: org.gradle.launcher.daemon.bootstrap.GradleDaemon 8.0
java_class_path (initial): C:\Users\User\.gradle\wrapper\dists\gradle-8.0-bin\ca5e32bp14vu59qr306oxotwh\gradle-8.0\lib\gradle-launcher-8.0.jar
Launcher Type: SUN_STANDARD

[Global flags]
     intx CICompilerCount                          = 4                                         {product} {ergonomic}
     uint ConcGCThreads                            = 2                                         {product} {ergonomic}
     uint G1ConcRefinementThreads                  = 8                                         {product} {ergonomic}
   size_t G1HeapRegionSize                         = 1048576                                   {product} {ergonomic}
    uintx GCDrainStackTargetSize                   = 64                                        {product} {ergonomic}
   size_t InitialHeapSize                          = 132120576                                 {product} {ergonomic}
   size_t MarkStackSize                            = 4194304                                   {product} {ergonomic}
   size_t MaxHeapSize                              = 2147483648                                {product} {command line}
   size_t MaxNewSize                               = 1287651328                                {product} {ergonomic}
   size_t MinHeapDeltaBytes                        = 1048576                                   {product} {ergonomic}
   size_t MinHeapSize                              = 8388608                                   {product} {ergonomic}
    uintx NonNMethodCodeHeapSize                   = 5839372                                {pd product} {ergonomic}
    uintx NonProfiledCodeHeapSize                  = 122909434                              {pd product} {ergonomic}
    uintx ProfiledCodeHeapSize                     = 122909434                              {pd product} {ergonomic}
    uintx ReservedCodeCacheSize                    = 251658240                              {pd product} {ergonomic}
     bool SegmentedCodeCache                       = true                                      {product} {ergonomic}
   size_t SoftMaxHeapSize                          = 2147483648                             {manageable} {ergonomic}
     bool UseCompressedClassPointers               = true                           {product lp64_product} {ergonomic}
     bool UseCompressedOops                        = true                           {product lp64_product} {ergonomic}
     bool UseG1GC                                  = true                                      {product} {ergonomic}
     bool UseLargePagesIndividualAllocation        = false                                  {pd product} {ergonomic}

Logging:
Log output configuration:
 #0: stdout all=warning uptime,level,tags
 #1: stderr all=off uptime,level,tags

Environment Variables:
JAVA_HOME=C:\Program Files\Java\jdk-20.0.1
PATH=C:\Program Files (x86)\Common Files\Oracle\Java\javapath;C:\Python311\Scripts\;C:\Python311\;C:\Program Files (x86)\Falcon\MinGW\bin;C:\WINDOWS\system32;C:\WINDOWS;C:\WINDOWS\System32\Wbem;C:\WINDOWS\System32\WindowsPowerShell\v1.0\;C:\WINDOWS\System32\OpenSSH\;C:\Program Files\Microsoft SQL Server\130\Tools\Binn\;C:\sqlite3;C:\Program Files (x86)\Microsoft SQL Server\150\DTS\Binn\;C:\Program Files\Azure Data Studio\bin;C:\Program Files\Microsoft SQL Server\Client SDK\ODBC\170\Tools\Binn\;C:\Program Files (x86)\Microsoft SQL Server\150\Tools\Binn\;C:\Program Files\Microsoft SQL Server\150\Tools\Binn\;C:\Program Files\Microsoft SQL Server\150\DTS\Binn\;C:\xampp\php;C:\ProgramData\ComposerSetup\bin;C:\Program Files\dotnet\;C:\Users\User\AppData\Local\Android\Sdk\cmdline-tools\bin;C:\Program Files\Java\;C:\Program Files\Git\cmd;C:\Program Files\nodejs\;C:\ProgramData\chocolatey\bin;C:\Program Files (x86)\GTK2-Runtime\lib;C:\Program Files (x86)\Common Files\Oracle\Java\javapath;C:\Python311\Scripts\;C:\Python311\;C:\Program Files (x86)\Falcon\MinGW\bin;C:\WINDOWS\system32;C:\WINDOWS;C:\WINDOWS\System32\Wbem;C:\WINDOWS\System32\WindowsPowerShell\v1.0\;C:\WINDOWS\System32\OpenSSH\;C:\Program Files\Microsoft SQL Server\130\Tools\Binn\;C:\sqlite3;C:\Program Files (x86)\Microsoft SQL Server\150\DTS\Binn\;C:\Program Files\Azure Data Studio\bin;C:\Program Files\Microsoft SQL Server\Client SDK\ODBC\170\Tools\Binn\;C:\Program Files (x86)\Microsoft SQL Server\150\Tools\Binn\;C:\Program Files\Microsoft SQL Server\150\Tools\Binn\;C:\Program Files\Microsoft SQL Server\150\DTS\Binn\;C:\xampp\php;C:\ProgramData\ComposerSetup\bin;C:\Program Files\dotnet\;C:\Users\User\AppData\Local\Android\Sdk\cmdline-tools\bin;C:\Program Files\Java\;C:\Program Files\Git\cmd;C:\Program Files\nodejs\;C:\ProgramData\chocolatey\bin;C:\Program Files (x86)\GTK2-Runtime\lib;C:\Program Files\nodejs\node_modules\npm\bin;C:\Program Files\MySQL\MySQL Shell 8.0\bin\;C:\Users\User\AppData\Local\Microsoft\Windows
USERNAME=User
OS=Windows_NT
PROCESSOR_IDENTIFIER=Intel64 Family 6 Model 140 Stepping 1, GenuineIntel
TMP=C:\Users\User\AppData\Local\Temp
TEMP=C:\Users\User\AppData\Local\Temp


JNI global refs:
JNI global refs: 26, weak refs: 4

JNI global refs memory usage: 843, weak refs: 841


---------------  S Y S T E M  ---------------

OS:
 Windows 11 , 64 bit Build 22621 (10.0.22621.2506)
OS uptime: 0 days 17:36 hours

CPU: total 8 (initial active 8) (4 cores per cpu, 2 threads per core) family 6 model 140 stepping 1 microcode 0x78, cx8, cmov, fxsr, ht, mmx, 3dnowpref, sse, sse2, sse3, ssse3, sse4.1, sse4.2, popcnt, lzcnt, tsc, tscinvbit, avx, avx2, aes, erms, clmul, bmi1, bmi2, adx, avx512f, avx512dq, avx512cd, avx512bw, avx512vl, sha, fma, vzeroupper, avx512_vpopcntdq, avx512_vpclmulqdq, avx512_vaes, avx512_vnni, clflush, clflushopt, clwb, avx512_vbmi2, avx512_vbmi

Memory: 4k page, system-wide physical 7991M (640M free)
TotalPageFile size 10039M (AvailPageFile size 5M)
current process WorkingSet (physical memory assigned to process): 378M, peak: 378M
current process commit charge ("private bytes"): 415M, peak: 416M

vm_info: OpenJDK 64-Bit Server VM (17.0.6+0-b2043.56-10027231) for windows-amd64 JRE (17.0.6+0-b2043.56-10027231), built on Apr 28 2023 00:43:19 by "androidbuild" with MS VC++ 16.10 / 16.11 (VS2019)

END.
