#
# There is insufficient memory for the Java Runtime Environment to continue.
# Native memory allocation (mmap) failed to map 88080384 bytes for G1 virtual space
# Possible reasons:
#   The system is out of physical RAM or swap space
#   The process is running with CompressedOops enabled, and the Java Heap may be blocking the growth of the native heap
# Possible solutions:
#   Reduce memory load on the system
#   Increase physical memory or swap space
#   Check if swap backing store is full
#   Decrease Java heap size (-Xmx/-Xms)
#   Decrease number of Java threads
#   Decrease Java thread stack sizes (-Xss)
#   Set larger code cache with -XX:ReservedCodeCacheSize=
#   JVM is running with Unscaled Compressed Oops mode in which the Java heap is
#     placed in the first 4GB address space. The Java Heap base address is the
#     maximum limit for the native heap growth. Please use -XX:HeapBaseMinAddress
#     to set the Java Heap base and to place the Java Heap above 4GB virtual address.
# This output file may be truncated or incomplete.
#
#  Out of Memory Error (os_windows.cpp:3769), pid=1696, tid=15032
#
# JRE version: OpenJDK Runtime Environment (17.0.6) (build 17.0.6+0-b2043.56-10027231)
# Java VM: OpenJDK 64-Bit Server VM (17.0.6+0-b2043.56-10027231, mixed mode, tiered, compressed oops, compressed class ptrs, g1 gc, windows-amd64)
# No core dump will be written. Minidumps are not enabled by default on client versions of Windows
#

---------------  S U M M A R Y ------------

Command Line: --add-opens=java.base/java.util=ALL-UNNAMED --add-opens=java.base/java.lang=ALL-UNNAMED --add-opens=java.base/java.lang.invoke=ALL-UNNAMED --add-opens=java.prefs/java.util.prefs=ALL-UNNAMED --add-opens=java.base/java.nio.charset=ALL-UNNAMED --add-opens=java.base/java.net=ALL-UNNAMED --add-opens=java.base/java.util.concurrent.atomic=ALL-UNNAMED -Xmx2048m -Dfile.encoding=UTF-8 -Duser.country=US -Duser.language=en -Duser.variant org.gradle.launcher.daemon.bootstrap.GradleDaemon 8.0

Host: 11th Gen Intel(R) Core(TM) i5-1135G7 @ 2.40GHz, 8 cores, 7G,  Windows 11 , 64 bit Build 22621 (10.0.22621.2506)
Time: Thu Nov 23 11:16:12 2023 E. Africa Standard Time elapsed time: 22.178957 seconds (0d 0h 0m 22s)

---------------  T H R E A D  ---------------

Current thread (0x0000014c2039c950):  VMThread "VM Thread" [stack: 0x00000024fd600000,0x00000024fd700000] [id=15032]

Stack: [0x00000024fd600000,0x00000024fd700000]
Native frames: (J=compiled Java code, j=interpreted, Vv=VM code, C=native code)
V  [jvm.dll+0x683c9a]
V  [jvm.dll+0x8427a4]
V  [jvm.dll+0x843f9e]
V  [jvm.dll+0x844603]
V  [jvm.dll+0x249b75]
V  [jvm.dll+0x680b69]
V  [jvm.dll+0x67505a]
V  [jvm.dll+0x309acb]
V  [jvm.dll+0x310f86]
V  [jvm.dll+0x3608ee]
V  [jvm.dll+0x360b1f]
V  [jvm.dll+0x2dfbf8]
V  [jvm.dll+0x2ddec4]
V  [jvm.dll+0x2dd4cc]
V  [jvm.dll+0x321f3b]
V  [jvm.dll+0x848ccb]
V  [jvm.dll+0x849a04]
V  [jvm.dll+0x849f1d]
V  [jvm.dll+0x84a2f4]
V  [jvm.dll+0x84a3c0]
V  [jvm.dll+0x7f274a]
V  [jvm.dll+0x682ad5]
C  [ucrtbase.dll+0x29363]
C  [KERNEL32.DLL+0x1257d]
C  [ntdll.dll+0x5aa58]

VM_Operation (0x00000024feff7680): G1CollectForAllocation, mode: safepoint, requested by thread 0x0000014c22155d80


---------------  P R O C E S S  ---------------

Threads class SMR info:
_java_thread_list=0x0000014c26c67f50, length=127, elements={
0x0000014c0459bda0, 0x0000014c20c12250, 0x0000014c20c12e00, 0x0000014c203b2a90,
0x0000014c203b3640, 0x0000014c20c37620, 0x0000014c20c39fe0, 0x0000014c20c3b460,
0x0000014c20c3ccb0, 0x0000014c20c3de40, 0x0000014c20dce010, 0x0000014c20dd81e0,
0x0000014c2374d6d0, 0x0000014c23ba6020, 0x0000014c225e1f50, 0x0000014c23e90aa0,
0x0000014c2284e830, 0x0000014c22155460, 0x0000014c22155d80, 0x0000014c23bd2a60,
0x0000014c23bcd1d0, 0x0000014c23bceeb0, 0x0000014c23bcd6a0, 0x0000014c23bce510,
0x0000014c23bcfd20, 0x0000014c23bcdb70, 0x0000014c23bd01f0, 0x0000014c23bd0b90,
0x0000014c23bce040, 0x0000014c23bce9e0, 0x0000014c23bcf380, 0x0000014c23bcf850,
0x0000014c26b58d40, 0x0000014c26b5aa20, 0x0000014c26b57a00, 0x0000014c26b57060,
0x0000014c26b596e0, 0x0000014c26b5c230, 0x0000014c26b5cbd0, 0x0000014c26b5d570,
0x0000014c26b5bd60, 0x0000014c26b58870, 0x0000014c26b59210, 0x0000014c26b5da40,
0x0000014c26b5a550, 0x0000014c26b59bb0, 0x0000014c26b5e3e0, 0x0000014c26b5a080,
0x0000014c26b5c700, 0x0000014c25914e60, 0x0000014c2590f7c0, 0x0000014c25911e40,
0x0000014c25912310, 0x0000014c25914990, 0x0000014c2590dfb0, 0x0000014c2590e480,
0x0000014c25913650, 0x0000014c25915800, 0x0000014c2590e950, 0x0000014c25915330,
0x0000014c25910fd0, 0x0000014c2590ee20, 0x0000014c2590f2f0, 0x0000014c259114a0,
0x0000014c25910b00, 0x0000014c25910160, 0x0000014c25913180, 0x0000014c2590fc90,
0x0000014c25910630, 0x0000014c25911970, 0x0000014c259127e0, 0x0000014c25912cb0,
0x0000014c25913b20, 0x0000014c25913ff0, 0x0000014c259144c0, 0x0000014c26e000f0,
0x0000014c26dfd0d0, 0x0000014c26dfda70, 0x0000014c26e03ab0, 0x0000014c26dfdf40,
0x0000014c26e03f80, 0x0000014c26dfc730, 0x0000014c26dff750, 0x0000014c26dfcc00,
0x0000014c26dff280, 0x0000014c26dfd5a0, 0x0000014c26e02770, 0x0000014c26e00a90,
0x0000014c26dfe410, 0x0000014c26e035e0, 0x0000014c26dfe8e0, 0x0000014c26dfedb0,
0x0000014c26dffc20, 0x0000014c26e005c0, 0x0000014c26e00f60, 0x0000014c26e022a0,
0x0000014c26e01430, 0x0000014c26e02c40, 0x0000014c26e01900, 0x0000014c26e01dd0,
0x0000014c26e03110, 0x0000014c26d17bb0, 0x0000014c26d15530, 0x0000014c26d1a230,
0x0000014c26d16870, 0x0000014c26d1abd0, 0x0000014c26d18a20, 0x0000014c26d1c3e0,
0x0000014c26d1c8b0, 0x0000014c26d15ed0, 0x0000014c26d1ba40, 0x0000014c26d18080,
0x0000014c26d176e0, 0x0000014c26d15060, 0x0000014c26d15a00, 0x0000014c26d16d40,
0x0000014c26d18550, 0x0000014c26d163a0, 0x0000014c26d18ef0, 0x0000014c26d17210,
0x0000014c26d193c0, 0x0000014c26d1b0a0, 0x0000014c26d19890, 0x0000014c26d1b570,
0x0000014c26d1a700, 0x0000014c217e0550, 0x0000014c266ae690
}

Java Threads: ( => current thread )
  0x0000014c0459bda0 JavaThread "main" [_thread_blocked, id=16508, stack(0x00000024fd000000,0x00000024fd100000)]
  0x0000014c20c12250 JavaThread "Reference Handler" daemon [_thread_blocked, id=6512, stack(0x00000024fd700000,0x00000024fd800000)]
  0x0000014c20c12e00 JavaThread "Finalizer" daemon [_thread_blocked, id=2568, stack(0x00000024fd800000,0x00000024fd900000)]
  0x0000014c203b2a90 JavaThread "Signal Dispatcher" daemon [_thread_blocked, id=16000, stack(0x00000024fd900000,0x00000024fda00000)]
  0x0000014c203b3640 JavaThread "Attach Listener" daemon [_thread_blocked, id=2400, stack(0x00000024fda00000,0x00000024fdb00000)]
  0x0000014c20c37620 JavaThread "Service Thread" daemon [_thread_blocked, id=3252, stack(0x00000024fdb00000,0x00000024fdc00000)]
  0x0000014c20c39fe0 JavaThread "Monitor Deflation Thread" daemon [_thread_blocked, id=8596, stack(0x00000024fdc00000,0x00000024fdd00000)]
  0x0000014c20c3b460 JavaThread "C2 CompilerThread0" daemon [_thread_blocked, id=440, stack(0x00000024fdd00000,0x00000024fde00000)]
  0x0000014c20c3ccb0 JavaThread "C1 CompilerThread0" daemon [_thread_blocked, id=3164, stack(0x00000024fde00000,0x00000024fdf00000)]
  0x0000014c20c3de40 JavaThread "Sweeper thread" daemon [_thread_blocked, id=10448, stack(0x00000024fdf00000,0x00000024fe000000)]
  0x0000014c20dce010 JavaThread "Common-Cleaner" daemon [_thread_blocked, id=8080, stack(0x00000024fe000000,0x00000024fe100000)]
  0x0000014c20dd81e0 JavaThread "Notification Thread" daemon [_thread_blocked, id=16500, stack(0x00000024fe100000,0x00000024fe200000)]
  0x0000014c2374d6d0 JavaThread "Daemon health stats" [_thread_blocked, id=11464, stack(0x00000024fe900000,0x00000024fea00000)]
  0x0000014c23ba6020 JavaThread "Incoming local TCP Connector on port 58433" [_thread_in_native, id=13084, stack(0x00000024fea00000,0x00000024feb00000)]
  0x0000014c225e1f50 JavaThread "Daemon periodic checks" [_thread_blocked, id=10680, stack(0x00000024feb00000,0x00000024fec00000)]
  0x0000014c23e90aa0 JavaThread "Daemon" [_thread_blocked, id=9564, stack(0x00000024fec00000,0x00000024fed00000)]
  0x0000014c2284e830 JavaThread "Handler for socket connection from /127.0.0.1:58433 to /127.0.0.1:58434" [_thread_in_native, id=14764, stack(0x00000024fed00000,0x00000024fee00000)]
  0x0000014c22155460 JavaThread "Cancel handler" [_thread_blocked, id=3836, stack(0x00000024fee00000,0x00000024fef00000)]
  0x0000014c22155d80 JavaThread "Daemon worker" [_thread_blocked, id=14604, stack(0x00000024fef00000,0x00000024ff000000)]
  0x0000014c23bd2a60 JavaThread "Asynchronous log dispatcher for DefaultDaemonConnection: socket connection from /127.0.0.1:58433 to /127.0.0.1:58434" [_thread_blocked, id=15808, stack(0x00000024ff000000,0x00000024ff100000)]
  0x0000014c23bcd1d0 JavaThread "Stdin handler" [_thread_blocked, id=11224, stack(0x00000024ff100000,0x00000024ff200000)]
  0x0000014c23bceeb0 JavaThread "Daemon client event forwarder" [_thread_blocked, id=10136, stack(0x00000024ff200000,0x00000024ff300000)]
  0x0000014c23bcd6a0 JavaThread "Cache worker for journal cache (C:\Users\User\.gradle\caches\journal-1)" [_thread_blocked, id=12068, stack(0x00000024ff700000,0x00000024ff800000)]
  0x0000014c23bce510 JavaThread "File lock request listener" [_thread_in_native, id=4412, stack(0x00000024ff800000,0x00000024ff900000)]
  0x0000014c23bcfd20 JavaThread "Cache worker for file hash cache (C:\Users\User\.gradle\caches\8.0\fileHashes)" [_thread_blocked, id=9876, stack(0x00000024ff900000,0x00000024ffa00000)]
  0x0000014c23bcdb70 JavaThread "File watcher server" daemon [_thread_in_native, id=12716, stack(0x00000024ffa00000,0x00000024ffb00000)]
  0x0000014c23bd01f0 JavaThread "File watcher consumer" daemon [_thread_blocked, id=3600, stack(0x00000024ffb00000,0x00000024ffc00000)]
  0x0000014c23bd0b90 JavaThread "Cache worker for checksums cache (C:\Users\User\AndroidStudioProjects\RepairPal\.gradle\8.0\checksums)" [_thread_blocked, id=6636, stack(0x00000024ffc00000,0x00000024ffd00000)]
  0x0000014c23bce040 JavaThread "Cache worker for cache directory md-rule (C:\Users\User\.gradle\caches\8.0\md-rule)" [_thread_blocked, id=13544, stack(0x00000024ffd00000,0x00000024ffe00000)]
  0x0000014c23bce9e0 JavaThread "Cache worker for file content cache (C:\Users\User\.gradle\caches\8.0\fileContent)" [_thread_blocked, id=9292, stack(0x00000024ffe00000,0x00000024fff00000)]
  0x0000014c23bcf380 JavaThread "Cache worker for file hash cache (C:\Users\User\AndroidStudioProjects\RepairPal\.gradle\8.0\fileHashes)" [_thread_blocked, id=8592, stack(0x00000024fff00000,0x0000002500000000)]
  0x0000014c23bcf850 JavaThread "Cache worker for cache directory md-supplier (C:\Users\User\.gradle\caches\8.0\md-supplier)" [_thread_blocked, id=8324, stack(0x0000002480000000,0x0000002480100000)]
  0x0000014c26b58d40 JavaThread "Cache worker for execution history cache (C:\Users\User\.gradle\caches\8.0\executionHistory)" [_thread_blocked, id=12668, stack(0x0000002480100000,0x0000002480200000)]
  0x0000014c26b5aa20 JavaThread "jar transforms" [_thread_blocked, id=6448, stack(0x0000002480200000,0x0000002480300000)]
  0x0000014c26b57a00 JavaThread "jar transforms Thread 2" [_thread_blocked, id=9020, stack(0x0000002480300000,0x0000002480400000)]
  0x0000014c26b57060 JavaThread "Cache worker for kotlin-dsl (C:\Users\User\.gradle\caches\8.0\kotlin-dsl)" [_thread_blocked, id=16864, stack(0x0000002480600000,0x0000002480700000)]
  0x0000014c26b596e0 JavaThread "jar transforms Thread 3" [_thread_blocked, id=4896, stack(0x0000002480400000,0x0000002480500000)]
  0x0000014c26b5c230 JavaThread "jar transforms Thread 4" [_thread_blocked, id=11968, stack(0x0000002480700000,0x0000002480800000)]
  0x0000014c26b5cbd0 JavaThread "Cache worker for dependencies-accessors (C:\Users\User\AndroidStudioProjects\RepairPal\.gradle\8.0\dependencies-accessors)" [_thread_blocked, id=9376, stack(0x0000002480800000,0x0000002480900000)]
  0x0000014c26b5d570 JavaThread "Cache worker for Build Output Cleanup Cache (C:\Users\User\AndroidStudioProjects\RepairPal\.gradle\buildOutputCleanup)" [_thread_blocked, id=11512, stack(0x0000002480900000,0x0000002480a00000)]
  0x0000014c26b5bd60 JavaThread "jar transforms Thread 5" [_thread_blocked, id=7584, stack(0x0000002480a00000,0x0000002480b00000)]
  0x0000014c26b58870 JavaThread "Unconstrained build operations" [_thread_blocked, id=12632, stack(0x0000002480500000,0x0000002480600000)]
  0x0000014c26b59210 JavaThread "Unconstrained build operations Thread 2" [_thread_blocked, id=16216, stack(0x0000002480b00000,0x0000002480c00000)]
  0x0000014c26b5da40 JavaThread "Unconstrained build operations Thread 3" [_thread_blocked, id=12268, stack(0x0000002480c00000,0x0000002480d00000)]
  0x0000014c26b5a550 JavaThread "Unconstrained build operations Thread 4" [_thread_blocked, id=15576, stack(0x0000002480d00000,0x0000002480e00000)]
  0x0000014c26b59bb0 JavaThread "Unconstrained build operations Thread 5" [_thread_blocked, id=13248, stack(0x0000002480e00000,0x0000002480f00000)]
  0x0000014c26b5e3e0 JavaThread "Unconstrained build operations Thread 6" [_thread_blocked, id=5608, stack(0x0000002480f00000,0x0000002481000000)]
  0x0000014c26b5a080 JavaThread "Unconstrained build operations Thread 7" [_thread_blocked, id=7164, stack(0x0000002481000000,0x0000002481100000)]
  0x0000014c26b5c700 JavaThread "Unconstrained build operations Thread 8" [_thread_blocked, id=15136, stack(0x0000002481100000,0x0000002481200000)]
  0x0000014c25914e60 JavaThread "Unconstrained build operations Thread 9" [_thread_blocked, id=8084, stack(0x0000002481200000,0x0000002481300000)]
  0x0000014c2590f7c0 JavaThread "Unconstrained build operations Thread 10" [_thread_blocked, id=16288, stack(0x0000002481300000,0x0000002481400000)]
  0x0000014c25911e40 JavaThread "Unconstrained build operations Thread 11" [_thread_blocked, id=5476, stack(0x0000002481400000,0x0000002481500000)]
  0x0000014c25912310 JavaThread "Unconstrained build operations Thread 12" [_thread_blocked, id=15328, stack(0x0000002481500000,0x0000002481600000)]
  0x0000014c25914990 JavaThread "Unconstrained build operations Thread 13" [_thread_blocked, id=14364, stack(0x0000002481600000,0x0000002481700000)]
  0x0000014c2590dfb0 JavaThread "Unconstrained build operations Thread 14" [_thread_blocked, id=3000, stack(0x0000002481700000,0x0000002481800000)]
  0x0000014c2590e480 JavaThread "Unconstrained build operations Thread 15" [_thread_blocked, id=11492, stack(0x0000002481800000,0x0000002481900000)]
  0x0000014c25913650 JavaThread "Unconstrained build operations Thread 16" [_thread_blocked, id=8988, stack(0x0000002481900000,0x0000002481a00000)]
  0x0000014c25915800 JavaThread "Unconstrained build operations Thread 17" [_thread_blocked, id=15836, stack(0x0000002481a00000,0x0000002481b00000)]
  0x0000014c2590e950 JavaThread "Unconstrained build operations Thread 18" [_thread_blocked, id=9956, stack(0x0000002481b00000,0x0000002481c00000)]
  0x0000014c25915330 JavaThread "Unconstrained build operations Thread 19" [_thread_blocked, id=15252, stack(0x0000002481c00000,0x0000002481d00000)]
  0x0000014c25910fd0 JavaThread "Unconstrained build operations Thread 20" [_thread_blocked, id=13944, stack(0x0000002481d00000,0x0000002481e00000)]
  0x0000014c2590ee20 JavaThread "Unconstrained build operations Thread 21" [_thread_blocked, id=15572, stack(0x0000002481e00000,0x0000002481f00000)]
  0x0000014c2590f2f0 JavaThread "Unconstrained build operations Thread 22" [_thread_blocked, id=5376, stack(0x0000002481f00000,0x0000002482000000)]
  0x0000014c259114a0 JavaThread "Unconstrained build operations Thread 23" [_thread_blocked, id=3588, stack(0x0000002482000000,0x0000002482100000)]
  0x0000014c25910b00 JavaThread "Unconstrained build operations Thread 24" [_thread_blocked, id=12416, stack(0x0000002482100000,0x0000002482200000)]
  0x0000014c25910160 JavaThread "Unconstrained build operations Thread 25" [_thread_blocked, id=13928, stack(0x0000002482200000,0x0000002482300000)]
  0x0000014c25913180 JavaThread "Unconstrained build operations Thread 26" [_thread_blocked, id=8008, stack(0x0000002482300000,0x0000002482400000)]
  0x0000014c2590fc90 JavaThread "Unconstrained build operations Thread 27" [_thread_blocked, id=12800, stack(0x0000002482400000,0x0000002482500000)]
  0x0000014c25910630 JavaThread "Unconstrained build operations Thread 28" [_thread_blocked, id=14752, stack(0x0000002482500000,0x0000002482600000)]
  0x0000014c25911970 JavaThread "Unconstrained build operations Thread 29" [_thread_blocked, id=7948, stack(0x0000002482600000,0x0000002482700000)]
  0x0000014c259127e0 JavaThread "Unconstrained build operations Thread 30" [_thread_blocked, id=1508, stack(0x0000002482700000,0x0000002482800000)]
  0x0000014c25912cb0 JavaThread "Unconstrained build operations Thread 31" [_thread_blocked, id=15536, stack(0x0000002482800000,0x0000002482900000)]
  0x0000014c25913b20 JavaThread "Unconstrained build operations Thread 32" [_thread_blocked, id=15440, stack(0x0000002482900000,0x0000002482a00000)]
  0x0000014c25913ff0 JavaThread "Unconstrained build operations Thread 33" [_thread_blocked, id=11368, stack(0x0000002482a00000,0x0000002482b00000)]
  0x0000014c259144c0 JavaThread "Unconstrained build operations Thread 34" [_thread_blocked, id=1584, stack(0x0000002482b00000,0x0000002482c00000)]
  0x0000014c26e000f0 JavaThread "Unconstrained build operations Thread 35" [_thread_blocked, id=112, stack(0x0000002482c00000,0x0000002482d00000)]
  0x0000014c26dfd0d0 JavaThread "Unconstrained build operations Thread 36" [_thread_blocked, id=3236, stack(0x0000002482d00000,0x0000002482e00000)]
  0x0000014c26dfda70 JavaThread "Unconstrained build operations Thread 37" [_thread_blocked, id=16936, stack(0x0000002482e00000,0x0000002482f00000)]
  0x0000014c26e03ab0 JavaThread "Unconstrained build operations Thread 38" [_thread_blocked, id=13432, stack(0x0000002482f00000,0x0000002483000000)]
  0x0000014c26dfdf40 JavaThread "Unconstrained build operations Thread 39" [_thread_blocked, id=12452, stack(0x0000002483000000,0x0000002483100000)]
  0x0000014c26e03f80 JavaThread "Unconstrained build operations Thread 40" [_thread_blocked, id=8124, stack(0x0000002483100000,0x0000002483200000)]
  0x0000014c26dfc730 JavaThread "Unconstrained build operations Thread 41" [_thread_blocked, id=13180, stack(0x0000002483200000,0x0000002483300000)]
  0x0000014c26dff750 JavaThread "Unconstrained build operations Thread 42" [_thread_blocked, id=10300, stack(0x0000002483300000,0x0000002483400000)]
  0x0000014c26dfcc00 JavaThread "Unconstrained build operations Thread 43" [_thread_blocked, id=15680, stack(0x0000002483400000,0x0000002483500000)]
  0x0000014c26dff280 JavaThread "Unconstrained build operations Thread 44" [_thread_blocked, id=14544, stack(0x0000002483500000,0x0000002483600000)]
  0x0000014c26dfd5a0 JavaThread "Unconstrained build operations Thread 45" [_thread_blocked, id=15256, stack(0x0000002483600000,0x0000002483700000)]
  0x0000014c26e02770 JavaThread "Unconstrained build operations Thread 46" [_thread_blocked, id=6548, stack(0x0000002483700000,0x0000002483800000)]
  0x0000014c26e00a90 JavaThread "Unconstrained build operations Thread 47" [_thread_blocked, id=16276, stack(0x0000002483800000,0x0000002483900000)]
  0x0000014c26dfe410 JavaThread "Unconstrained build operations Thread 48" [_thread_blocked, id=13232, stack(0x0000002483900000,0x0000002483a00000)]
  0x0000014c26e035e0 JavaThread "Unconstrained build operations Thread 49" [_thread_blocked, id=14888, stack(0x0000002483a00000,0x0000002483b00000)]
  0x0000014c26dfe8e0 JavaThread "Unconstrained build operations Thread 50" [_thread_blocked, id=7248, stack(0x0000002483b00000,0x0000002483c00000)]
  0x0000014c26dfedb0 JavaThread "Unconstrained build operations Thread 51" [_thread_blocked, id=12564, stack(0x0000002483c00000,0x0000002483d00000)]
  0x0000014c26dffc20 JavaThread "Unconstrained build operations Thread 52" [_thread_blocked, id=11744, stack(0x0000002483d00000,0x0000002483e00000)]
  0x0000014c26e005c0 JavaThread "Unconstrained build operations Thread 53" [_thread_blocked, id=8652, stack(0x0000002483e00000,0x0000002483f00000)]
  0x0000014c26e00f60 JavaThread "Unconstrained build operations Thread 54" [_thread_blocked, id=11740, stack(0x0000002483f00000,0x0000002484000000)]
  0x0000014c26e022a0 JavaThread "Unconstrained build operations Thread 55" [_thread_blocked, id=15184, stack(0x0000002484000000,0x0000002484100000)]
  0x0000014c26e01430 JavaThread "Unconstrained build operations Thread 56" [_thread_blocked, id=14896, stack(0x0000002484100000,0x0000002484200000)]
  0x0000014c26e02c40 JavaThread "Unconstrained build operations Thread 57" [_thread_blocked, id=11552, stack(0x0000002484200000,0x0000002484300000)]
  0x0000014c26e01900 JavaThread "Unconstrained build operations Thread 58" [_thread_blocked, id=3892, stack(0x0000002484300000,0x0000002484400000)]
  0x0000014c26e01dd0 JavaThread "Unconstrained build operations Thread 59" [_thread_blocked, id=16168, stack(0x0000002484400000,0x0000002484500000)]
  0x0000014c26e03110 JavaThread "Unconstrained build operations Thread 60" [_thread_blocked, id=14980, stack(0x0000002484500000,0x0000002484600000)]
  0x0000014c26d17bb0 JavaThread "Unconstrained build operations Thread 61" [_thread_blocked, id=16940, stack(0x0000002484600000,0x0000002484700000)]
  0x0000014c26d15530 JavaThread "Unconstrained build operations Thread 62" [_thread_blocked, id=1216, stack(0x0000002484700000,0x0000002484800000)]
  0x0000014c26d1a230 JavaThread "Unconstrained build operations Thread 63" [_thread_blocked, id=16676, stack(0x0000002484800000,0x0000002484900000)]
  0x0000014c26d16870 JavaThread "Unconstrained build operations Thread 64" [_thread_blocked, id=13100, stack(0x0000002484900000,0x0000002484a00000)]
  0x0000014c26d1abd0 JavaThread "Unconstrained build operations Thread 65" [_thread_blocked, id=16536, stack(0x0000002484a00000,0x0000002484b00000)]
  0x0000014c26d18a20 JavaThread "Unconstrained build operations Thread 66" [_thread_blocked, id=16452, stack(0x0000002484b00000,0x0000002484c00000)]
  0x0000014c26d1c3e0 JavaThread "Unconstrained build operations Thread 67" [_thread_blocked, id=12340, stack(0x0000002484c00000,0x0000002484d00000)]
  0x0000014c26d1c8b0 JavaThread "Unconstrained build operations Thread 68" [_thread_blocked, id=17208, stack(0x0000002484d00000,0x0000002484e00000)]
  0x0000014c26d15ed0 JavaThread "Unconstrained build operations Thread 69" [_thread_blocked, id=6744, stack(0x0000002484e00000,0x0000002484f00000)]
  0x0000014c26d1ba40 JavaThread "Unconstrained build operations Thread 70" [_thread_blocked, id=16744, stack(0x0000002484f00000,0x0000002485000000)]
  0x0000014c26d18080 JavaThread "Unconstrained build operations Thread 71" [_thread_blocked, id=17312, stack(0x0000002485000000,0x0000002485100000)]
  0x0000014c26d176e0 JavaThread "Unconstrained build operations Thread 72" [_thread_blocked, id=17152, stack(0x0000002485100000,0x0000002485200000)]
  0x0000014c26d15060 JavaThread "Unconstrained build operations Thread 73" [_thread_blocked, id=10876, stack(0x0000002485200000,0x0000002485300000)]
  0x0000014c26d15a00 JavaThread "Unconstrained build operations Thread 74" [_thread_blocked, id=13896, stack(0x0000002485300000,0x0000002485400000)]
  0x0000014c26d16d40 JavaThread "Unconstrained build operations Thread 75" [_thread_blocked, id=7260, stack(0x0000002485400000,0x0000002485500000)]
  0x0000014c26d18550 JavaThread "Unconstrained build operations Thread 76" [_thread_blocked, id=3924, stack(0x0000002485500000,0x0000002485600000)]
  0x0000014c26d163a0 JavaThread "Unconstrained build operations Thread 77" [_thread_blocked, id=300, stack(0x0000002485600000,0x0000002485700000)]
  0x0000014c26d18ef0 JavaThread "Unconstrained build operations Thread 78" [_thread_blocked, id=2360, stack(0x0000002485700000,0x0000002485800000)]
  0x0000014c26d17210 JavaThread "Unconstrained build operations Thread 79" [_thread_blocked, id=17072, stack(0x0000002485800000,0x0000002485900000)]
  0x0000014c26d193c0 JavaThread "Unconstrained build operations Thread 80" [_thread_blocked, id=6992, stack(0x0000002485900000,0x0000002485a00000)]
  0x0000014c26d1b0a0 JavaThread "jar transforms Thread 6" [_thread_blocked, id=944, stack(0x0000002485a00000,0x0000002485b00000)]
  0x0000014c26d19890 JavaThread "jar transforms Thread 7" [_thread_blocked, id=4948, stack(0x0000002485b00000,0x0000002485c00000)]
  0x0000014c26d1b570 JavaThread "jar transforms Thread 8" [_thread_blocked, id=2692, stack(0x0000002485c00000,0x0000002485d00000)]
  0x0000014c26d1a700 JavaThread "build event listener" [_thread_blocked, id=16944, stack(0x0000002485d00000,0x0000002485e00000)]
  0x0000014c217e0550 JavaThread "Memory manager" [_thread_blocked, id=3232, stack(0x0000002485f00000,0x0000002486000000)]
  0x0000014c266ae690 JavaThread "C2 CompilerThread1" daemon [_thread_blocked, id=15148, stack(0x0000002485e00000,0x0000002485f00000)]

Other Threads:
=>0x0000014c2039c950 VMThread "VM Thread" [stack: 0x00000024fd600000,0x00000024fd700000] [id=15032]
  0x0000014c20dda6c0 WatcherThread [stack: 0x00000024fe200000,0x00000024fe300000] [id=14288]
  0x0000014c045f6fc0 GCTaskThread "GC Thread#0" [stack: 0x00000024fd100000,0x00000024fd200000] [id=6376]
  0x0000014c21a92280 GCTaskThread "GC Thread#1" [stack: 0x00000024fe400000,0x00000024fe500000] [id=10512]
  0x0000014c21860410 GCTaskThread "GC Thread#2" [stack: 0x00000024fe500000,0x00000024fe600000] [id=11332]
  0x0000014c218fec60 GCTaskThread "GC Thread#3" [stack: 0x00000024fe600000,0x00000024fe700000] [id=13844]
  0x0000014c21c26ae0 GCTaskThread "GC Thread#4" [stack: 0x00000024fe700000,0x00000024fe800000] [id=16376]
  0x0000014c21c26d90 GCTaskThread "GC Thread#5" [stack: 0x00000024ff300000,0x00000024ff400000] [id=8544]
  0x0000014c21c27040 GCTaskThread "GC Thread#6" [stack: 0x00000024ff400000,0x00000024ff500000] [id=16568]
  0x0000014c21c26020 GCTaskThread "GC Thread#7" [stack: 0x00000024ff500000,0x00000024ff600000] [id=1804]
  0x0000014c04607f00 ConcurrentGCThread "G1 Main Marker" [stack: 0x00000024fd200000,0x00000024fd300000] [id=17256]
  0x0000014c04608910 ConcurrentGCThread "G1 Conc#0" [stack: 0x00000024fd300000,0x00000024fd400000] [id=14128]
  0x0000014c21c272f0 ConcurrentGCThread "G1 Conc#1" [stack: 0x00000024ff600000,0x00000024ff700000] [id=10656]
  0x0000014c0465dce0 ConcurrentGCThread "G1 Refine#0" [stack: 0x00000024fd400000,0x00000024fd500000] [id=8852]
  0x0000014c0465e700 ConcurrentGCThread "G1 Service" [stack: 0x00000024fd500000,0x00000024fd600000] [id=12844]

Threads with active compile tasks:
C2 CompilerThread0    22277 9688       4       java.lang.Class::annotationData (44 bytes)
C1 CompilerThread0    22277 9737       3       com.sun.xml.bind.v2.model.annotation.RuntimeInlineAnnotationReader::hasFieldAnnotation (6 bytes)
C2 CompilerThread1    22277 9706       4       java.util.TreeMap$KeyIterator::next (8 bytes)

VM state: at safepoint (normal execution)

VM Mutex/Monitor currently owned by a thread:  ([mutex/lock_event])
[0x0000014c045982f0] Threads_lock - owner thread: 0x0000014c2039c950
[0x0000014c04597600] Heap_lock - owner thread: 0x0000014c22155d80

Heap address: 0x0000000080000000, size: 2048 MB, Compressed Oops mode: 32-bit

CDS archive(s) not mapped
Compressed class space mapped at: 0x0000000100000000-0x0000000140000000, reserved size: 1073741824
Narrow klass base: 0x0000000000000000, Narrow klass shift: 3, Narrow klass range: 0x140000000

GC Precious Log:
 CPUs: 8 total, 8 available
 Memory: 7991M
 Large Page Support: Disabled
 NUMA Support: Disabled
 Compressed Oops: Enabled (32-bit)
 Heap Region Size: 1M
 Heap Min Capacity: 8M
 Heap Initial Capacity: 126M
 Heap Max Capacity: 2G
 Pre-touch: Disabled
 Parallel Workers: 8
 Concurrent Workers: 2
 Concurrent Refinement Workers: 8
 Periodic GC: Disabled

Heap:
 garbage-first heap   total 157696K, used 82806K [0x0000000080000000, 0x0000000100000000)
  region size 1024K, 3 young (3072K), 3 survivors (3072K)
 Metaspace       used 90940K, committed 91584K, reserved 1130496K
  class space    used 12344K, committed 12672K, reserved 1048576K

Heap Regions: E=young(eden), S=young(survivor), O=old, HS=humongous(starts), HC=humongous(continues), CS=collection set, F=free, OA=open archive, CA=closed archive, TAMS=top-at-mark-start (previous, next)
|   0|0x0000000080000000, 0x0000000080100000, 0x0000000080100000|100%|HS|  |TAMS 0x0000000080100000, 0x0000000080100000| Complete 
|   1|0x0000000080100000, 0x0000000080200000, 0x0000000080200000|100%|HC|  |TAMS 0x0000000080200000, 0x0000000080200000| Complete 
|   2|0x0000000080200000, 0x0000000080300000, 0x0000000080300000|100%|HC|  |TAMS 0x0000000080300000, 0x0000000080300000| Complete 
|   3|0x0000000080300000, 0x0000000080400000, 0x0000000080400000|100%|HC|  |TAMS 0x0000000080400000, 0x0000000080400000| Complete 
|   4|0x0000000080400000, 0x0000000080500000, 0x0000000080500000|100%| O|  |TAMS 0x0000000080500000, 0x0000000080500000| Untracked 
|   5|0x0000000080500000, 0x0000000080600000, 0x0000000080600000|100%| O|  |TAMS 0x0000000080600000, 0x0000000080600000| Untracked 
|   6|0x0000000080600000, 0x0000000080700000, 0x0000000080700000|100%| O|  |TAMS 0x0000000080700000, 0x0000000080700000| Untracked 
|   7|0x0000000080700000, 0x0000000080800000, 0x0000000080800000|100%| O|  |TAMS 0x0000000080800000, 0x0000000080800000| Untracked 
|   8|0x0000000080800000, 0x0000000080900000, 0x0000000080900000|100%| O|  |TAMS 0x0000000080900000, 0x0000000080900000| Untracked 
|   9|0x0000000080900000, 0x0000000080a00000, 0x0000000080a00000|100%| O|  |TAMS 0x0000000080a00000, 0x0000000080a00000| Untracked 
|  10|0x0000000080a00000, 0x0000000080b00000, 0x0000000080b00000|100%| O|  |TAMS 0x0000000080b00000, 0x0000000080b00000| Untracked 
|  11|0x0000000080b00000, 0x0000000080c00000, 0x0000000080c00000|100%| O|  |TAMS 0x0000000080c00000, 0x0000000080c00000| Untracked 
|  12|0x0000000080c00000, 0x0000000080d00000, 0x0000000080d00000|100%| O|  |TAMS 0x0000000080d00000, 0x0000000080d00000| Untracked 
|  13|0x0000000080d00000, 0x0000000080e00000, 0x0000000080e00000|100%| O|  |TAMS 0x0000000080e00000, 0x0000000080e00000| Untracked 
|  14|0x0000000080e00000, 0x0000000080f00000, 0x0000000080f00000|100%| O|  |TAMS 0x0000000080f00000, 0x0000000080f00000| Untracked 
|  15|0x0000000080f00000, 0x0000000081000000, 0x0000000081000000|100%| O|  |TAMS 0x0000000081000000, 0x0000000081000000| Untracked 
|  16|0x0000000081000000, 0x0000000081100000, 0x0000000081100000|100%| O|  |TAMS 0x0000000081100000, 0x0000000081100000| Untracked 
|  17|0x0000000081100000, 0x0000000081200000, 0x0000000081200000|100%| O|  |TAMS 0x0000000081200000, 0x0000000081200000| Untracked 
|  18|0x0000000081200000, 0x0000000081300000, 0x0000000081300000|100%| O|  |TAMS 0x0000000081300000, 0x0000000081300000| Untracked 
|  19|0x0000000081300000, 0x0000000081400000, 0x0000000081400000|100%| O|  |TAMS 0x0000000081400000, 0x0000000081400000| Untracked 
|  20|0x0000000081400000, 0x00000000814d4e00, 0x0000000081500000| 83%| O|  |TAMS 0x00000000814d4e00, 0x00000000814d4e00| Untracked 
|  21|0x0000000081500000, 0x0000000081600000, 0x0000000081600000|100%| O|  |TAMS 0x0000000081600000, 0x0000000081600000| Untracked 
|  22|0x0000000081600000, 0x0000000081700000, 0x0000000081700000|100%| O|  |TAMS 0x0000000081700000, 0x0000000081700000| Untracked 
|  23|0x0000000081700000, 0x0000000081800000, 0x0000000081800000|100%| O|  |TAMS 0x0000000081800000, 0x0000000081800000| Untracked 
|  24|0x0000000081800000, 0x0000000081900000, 0x0000000081900000|100%| O|  |TAMS 0x0000000081900000, 0x0000000081900000| Untracked 
|  25|0x0000000081900000, 0x0000000081a00000, 0x0000000081a00000|100%| O|  |TAMS 0x0000000081a00000, 0x0000000081a00000| Untracked 
|  26|0x0000000081a00000, 0x0000000081b00000, 0x0000000081b00000|100%| O|  |TAMS 0x0000000081b00000, 0x0000000081b00000| Untracked 
|  27|0x0000000081b00000, 0x0000000081c00000, 0x0000000081c00000|100%| O|  |TAMS 0x0000000081c00000, 0x0000000081c00000| Untracked 
|  28|0x0000000081c00000, 0x0000000081d00000, 0x0000000081d00000|100%| O|  |TAMS 0x0000000081d00000, 0x0000000081d00000| Untracked 
|  29|0x0000000081d00000, 0x0000000081e00000, 0x0000000081e00000|100%|HS|  |TAMS 0x0000000081e00000, 0x0000000081e00000| Complete 
|  30|0x0000000081e00000, 0x0000000081f00000, 0x0000000081f00000|100%|HS|  |TAMS 0x0000000081f00000, 0x0000000081f00000| Complete 
|  31|0x0000000081f00000, 0x0000000082000000, 0x0000000082000000|100%|HS|  |TAMS 0x0000000082000000, 0x0000000082000000| Complete 
|  32|0x0000000082000000, 0x0000000082100000, 0x0000000082100000|100%|HC|  |TAMS 0x0000000082100000, 0x0000000082100000| Complete 
|  33|0x0000000082100000, 0x0000000082200000, 0x0000000082200000|100%|HS|  |TAMS 0x0000000082200000, 0x0000000082200000| Complete 
|  34|0x0000000082200000, 0x0000000082300000, 0x0000000082300000|100%| O|  |TAMS 0x0000000082300000, 0x0000000082300000| Untracked 
|  35|0x0000000082300000, 0x0000000082400000, 0x0000000082400000|100%| O|  |TAMS 0x0000000082400000, 0x0000000082400000| Untracked 
|  36|0x0000000082400000, 0x0000000082500000, 0x0000000082500000|100%| O|  |TAMS 0x0000000082500000, 0x0000000082500000| Untracked 
|  37|0x0000000082500000, 0x0000000082600000, 0x0000000082600000|100%|HS|  |TAMS 0x0000000082600000, 0x0000000082600000| Complete 
|  38|0x0000000082600000, 0x0000000082700000, 0x0000000082700000|100%|HC|  |TAMS 0x0000000082700000, 0x0000000082700000| Complete 
|  39|0x0000000082700000, 0x0000000082800000, 0x0000000082800000|100%|HC|  |TAMS 0x0000000082800000, 0x0000000082800000| Complete 
|  40|0x0000000082800000, 0x0000000082900000, 0x0000000082900000|100%|HC|  |TAMS 0x0000000082900000, 0x0000000082900000| Complete 
|  41|0x0000000082900000, 0x0000000082a00000, 0x0000000082a00000|100%| O|  |TAMS 0x0000000082a00000, 0x0000000082a00000| Untracked 
|  42|0x0000000082a00000, 0x0000000082b00000, 0x0000000082b00000|100%| O|  |TAMS 0x0000000082b00000, 0x0000000082b00000| Untracked 
|  43|0x0000000082b00000, 0x0000000082c00000, 0x0000000082c00000|100%| O|  |TAMS 0x0000000082c00000, 0x0000000082c00000| Untracked 
|  44|0x0000000082c00000, 0x0000000082d00000, 0x0000000082d00000|100%| O|  |TAMS 0x0000000082c00000, 0x0000000082d00000| Untracked 
|  45|0x0000000082d00000, 0x0000000082e00000, 0x0000000082e00000|100%| O|  |TAMS 0x0000000082e00000, 0x0000000082e00000| Untracked 
|  46|0x0000000082e00000, 0x0000000082f00000, 0x0000000082f00000|100%| O|  |TAMS 0x0000000082f00000, 0x0000000082f00000| Untracked 
|  47|0x0000000082f00000, 0x0000000083000000, 0x0000000083000000|100%| O|  |TAMS 0x0000000083000000, 0x0000000083000000| Untracked 
|  48|0x0000000083000000, 0x0000000083100000, 0x0000000083100000|100%| O|  |TAMS 0x0000000083100000, 0x0000000083100000| Untracked 
|  49|0x0000000083100000, 0x0000000083200000, 0x0000000083200000|100%| O|  |TAMS 0x0000000083200000, 0x0000000083200000| Untracked 
|  50|0x0000000083200000, 0x0000000083300000, 0x0000000083300000|100%| O|  |TAMS 0x0000000083300000, 0x0000000083300000| Untracked 
|  51|0x0000000083300000, 0x0000000083400000, 0x0000000083400000|100%| O|  |TAMS 0x0000000083400000, 0x0000000083400000| Untracked 
|  52|0x0000000083400000, 0x0000000083500000, 0x0000000083500000|100%| O|  |TAMS 0x0000000083500000, 0x0000000083500000| Untracked 
|  53|0x0000000083500000, 0x0000000083600000, 0x0000000083600000|100%| O|  |TAMS 0x0000000083600000, 0x0000000083600000| Untracked 
|  54|0x0000000083600000, 0x0000000083700000, 0x0000000083700000|100%| O|  |TAMS 0x0000000083700000, 0x0000000083700000| Untracked 
|  55|0x0000000083700000, 0x0000000083800000, 0x0000000083800000|100%| O|  |TAMS 0x0000000083800000, 0x0000000083800000| Untracked 
|  56|0x0000000083800000, 0x0000000083900000, 0x0000000083900000|100%| O|  |TAMS 0x0000000083900000, 0x0000000083900000| Untracked 
|  57|0x0000000083900000, 0x0000000083a00000, 0x0000000083a00000|100%| O|  |TAMS 0x0000000083a00000, 0x0000000083a00000| Untracked 
|  58|0x0000000083a00000, 0x0000000083b00000, 0x0000000083b00000|100%| O|  |TAMS 0x0000000083b00000, 0x0000000083b00000| Untracked 
|  59|0x0000000083b00000, 0x0000000083c00000, 0x0000000083c00000|100%| O|  |TAMS 0x0000000083c00000, 0x0000000083c00000| Untracked 
|  60|0x0000000083c00000, 0x0000000083d00000, 0x0000000083d00000|100%| O|  |TAMS 0x0000000083d00000, 0x0000000083d00000| Untracked 
|  61|0x0000000083d00000, 0x0000000083e00000, 0x0000000083e00000|100%| O|  |TAMS 0x0000000083e00000, 0x0000000083e00000| Untracked 
|  62|0x0000000083e00000, 0x0000000083f00000, 0x0000000083f00000|100%| O|  |TAMS 0x0000000083f00000, 0x0000000083f00000| Untracked 
|  63|0x0000000083f00000, 0x0000000084000000, 0x0000000084000000|100%| O|  |TAMS 0x0000000084000000, 0x0000000084000000| Untracked 
|  64|0x0000000084000000, 0x0000000084100000, 0x0000000084100000|100%| O|  |TAMS 0x0000000084100000, 0x0000000084100000| Untracked 
|  65|0x0000000084100000, 0x0000000084200000, 0x0000000084200000|100%| O|  |TAMS 0x0000000084200000, 0x0000000084200000| Untracked 
|  66|0x0000000084200000, 0x0000000084300000, 0x0000000084300000|100%| O|  |TAMS 0x0000000084300000, 0x0000000084300000| Untracked 
|  67|0x0000000084300000, 0x0000000084300000, 0x0000000084400000|  0%| F|  |TAMS 0x0000000084300000, 0x0000000084300000| Untracked 
|  68|0x0000000084400000, 0x0000000084500000, 0x0000000084500000|100%| O|  |TAMS 0x0000000084500000, 0x0000000084500000| Untracked 
|  69|0x0000000084500000, 0x0000000084600000, 0x0000000084600000|100%| O|  |TAMS 0x0000000084600000, 0x0000000084600000| Untracked 
|  70|0x0000000084600000, 0x0000000084700000, 0x0000000084700000|100%| O|  |TAMS 0x0000000084700000, 0x0000000084700000| Untracked 
|  71|0x0000000084700000, 0x0000000084800000, 0x0000000084800000|100%| O|  |TAMS 0x0000000084700000, 0x0000000084800000| Untracked 
|  72|0x0000000084800000, 0x0000000084900000, 0x0000000084900000|100%| O|  |TAMS 0x0000000084800000, 0x0000000084900000| Untracked 
|  73|0x0000000084900000, 0x0000000084a00000, 0x0000000084a00000|100%| O|  |TAMS 0x0000000084900000, 0x0000000084a00000| Untracked 
|  74|0x0000000084a00000, 0x0000000084b00000, 0x0000000084b00000|100%| O|  |TAMS 0x0000000084a00000, 0x0000000084b00000| Untracked 
|  75|0x0000000084b00000, 0x0000000084c00000, 0x0000000084c00000|100%| O|  |TAMS 0x0000000084b00000, 0x0000000084c00000| Untracked 
|  76|0x0000000084c00000, 0x0000000084d00000, 0x0000000084d00000|100%| O|  |TAMS 0x0000000084c00000, 0x0000000084d00000| Untracked 
|  77|0x0000000084d00000, 0x0000000084e00000, 0x0000000084e00000|100%| O|  |TAMS 0x0000000084d00000, 0x0000000084e00000| Untracked 
|  78|0x0000000084e00000, 0x0000000084f00000, 0x0000000084f00000|100%| O|  |TAMS 0x0000000084e00000, 0x0000000084f00000| Untracked 
|  79|0x0000000084f00000, 0x0000000085000000, 0x0000000085000000|100%| O|  |TAMS 0x0000000084f00000, 0x0000000085000000| Untracked 
|  80|0x0000000085000000, 0x0000000085000000, 0x0000000085100000|  0%| F|  |TAMS 0x0000000085000000, 0x0000000085000000| Untracked 
|  81|0x0000000085100000, 0x0000000085100000, 0x0000000085200000|  0%| F|  |TAMS 0x0000000085100000, 0x0000000085100000| Untracked 
|  82|0x0000000085200000, 0x0000000085200000, 0x0000000085300000|  0%| F|  |TAMS 0x0000000085200000, 0x0000000085200000| Untracked 
|  83|0x0000000085300000, 0x0000000085300000, 0x0000000085400000|  0%| F|  |TAMS 0x0000000085300000, 0x0000000085300000| Untracked 
|  84|0x0000000085400000, 0x0000000085400000, 0x0000000085500000|  0%| F|  |TAMS 0x0000000085400000, 0x0000000085400000| Untracked 
|  85|0x0000000085500000, 0x0000000085500000, 0x0000000085600000|  0%| F|  |TAMS 0x0000000085500000, 0x0000000085500000| Untracked 
|  86|0x0000000085600000, 0x0000000085600000, 0x0000000085700000|  0%| F|  |TAMS 0x0000000085600000, 0x0000000085600000| Untracked 
|  87|0x0000000085700000, 0x0000000085700000, 0x0000000085800000|  0%| F|  |TAMS 0x0000000085700000, 0x0000000085700000| Untracked 
|  88|0x0000000085800000, 0x0000000085800000, 0x0000000085900000|  0%| F|  |TAMS 0x0000000085800000, 0x0000000085800000| Untracked 
|  89|0x0000000085900000, 0x0000000085900000, 0x0000000085a00000|  0%| F|  |TAMS 0x0000000085900000, 0x0000000085900000| Untracked 
|  90|0x0000000085a00000, 0x0000000085a00000, 0x0000000085b00000|  0%| F|  |TAMS 0x0000000085a00000, 0x0000000085a00000| Untracked 
|  91|0x0000000085b00000, 0x0000000085b00000, 0x0000000085c00000|  0%| F|  |TAMS 0x0000000085b00000, 0x0000000085b00000| Untracked 
|  92|0x0000000085c00000, 0x0000000085c00000, 0x0000000085d00000|  0%| F|  |TAMS 0x0000000085c00000, 0x0000000085c00000| Untracked 
|  93|0x0000000085d00000, 0x0000000085d00000, 0x0000000085e00000|  0%| F|  |TAMS 0x0000000085d00000, 0x0000000085d00000| Untracked 
|  94|0x0000000085e00000, 0x0000000085e00000, 0x0000000085f00000|  0%| F|  |TAMS 0x0000000085e00000, 0x0000000085e00000| Untracked 
|  95|0x0000000085f00000, 0x0000000085f00000, 0x0000000086000000|  0%| F|  |TAMS 0x0000000085f00000, 0x0000000085f00000| Untracked 
|  96|0x0000000086000000, 0x0000000086000000, 0x0000000086100000|  0%| F|  |TAMS 0x0000000086000000, 0x0000000086000000| Untracked 
|  97|0x0000000086100000, 0x0000000086100000, 0x0000000086200000|  0%| F|  |TAMS 0x0000000086100000, 0x0000000086100000| Untracked 
|  98|0x0000000086200000, 0x0000000086200000, 0x0000000086300000|  0%| F|  |TAMS 0x0000000086200000, 0x0000000086200000| Untracked 
|  99|0x0000000086300000, 0x0000000086300000, 0x0000000086400000|  0%| F|  |TAMS 0x0000000086300000, 0x0000000086300000| Untracked 
| 100|0x0000000086400000, 0x0000000086400000, 0x0000000086500000|  0%| F|  |TAMS 0x0000000086400000, 0x0000000086400000| Untracked 
| 101|0x0000000086500000, 0x0000000086500000, 0x0000000086600000|  0%| F|  |TAMS 0x0000000086500000, 0x0000000086500000| Untracked 
| 102|0x0000000086600000, 0x0000000086600000, 0x0000000086700000|  0%| F|  |TAMS 0x0000000086600000, 0x0000000086600000| Untracked 
| 103|0x0000000086700000, 0x0000000086700000, 0x0000000086800000|  0%| F|  |TAMS 0x0000000086700000, 0x0000000086700000| Untracked 
| 104|0x0000000086800000, 0x0000000086800000, 0x0000000086900000|  0%| F|  |TAMS 0x0000000086800000, 0x0000000086800000| Untracked 
| 105|0x0000000086900000, 0x0000000086908b60, 0x0000000086a00000|  3%| S|CS|TAMS 0x0000000086900000, 0x0000000086900000| Complete 
| 106|0x0000000086a00000, 0x0000000086b00000, 0x0000000086b00000|100%| S|CS|TAMS 0x0000000086a00000, 0x0000000086a00000| Complete 
| 107|0x0000000086b00000, 0x0000000086c00000, 0x0000000086c00000|100%| S|CS|TAMS 0x0000000086b00000, 0x0000000086b00000| Complete 
| 108|0x0000000086c00000, 0x0000000086c00000, 0x0000000086d00000|  0%| F|  |TAMS 0x0000000086c00000, 0x0000000086c00000| Untracked 
| 109|0x0000000086d00000, 0x0000000086d00000, 0x0000000086e00000|  0%| F|  |TAMS 0x0000000086d00000, 0x0000000086d00000| Untracked 
| 110|0x0000000086e00000, 0x0000000086e00000, 0x0000000086f00000|  0%| F|  |TAMS 0x0000000086e00000, 0x0000000086e00000| Untracked 
| 111|0x0000000086f00000, 0x0000000086f00000, 0x0000000087000000|  0%| F|  |TAMS 0x0000000086f00000, 0x0000000086f00000| Untracked 
| 112|0x0000000087000000, 0x0000000087000000, 0x0000000087100000|  0%| F|  |TAMS 0x0000000087000000, 0x0000000087000000| Untracked 
| 113|0x0000000087100000, 0x0000000087100000, 0x0000000087200000|  0%| F|  |TAMS 0x0000000087100000, 0x0000000087100000| Untracked 
| 114|0x0000000087200000, 0x0000000087200000, 0x0000000087300000|  0%| F|  |TAMS 0x0000000087200000, 0x0000000087200000| Untracked 
| 115|0x0000000087300000, 0x0000000087300000, 0x0000000087400000|  0%| F|  |TAMS 0x0000000087300000, 0x0000000087300000| Untracked 
| 116|0x0000000087400000, 0x0000000087400000, 0x0000000087500000|  0%| F|  |TAMS 0x0000000087400000, 0x0000000087400000| Untracked 
| 117|0x0000000087500000, 0x0000000087500000, 0x0000000087600000|  0%| F|  |TAMS 0x0000000087500000, 0x0000000087500000| Untracked 
| 118|0x0000000087600000, 0x0000000087600000, 0x0000000087700000|  0%| F|  |TAMS 0x0000000087600000, 0x0000000087600000| Untracked 
| 119|0x0000000087700000, 0x0000000087700000, 0x0000000087800000|  0%| F|  |TAMS 0x0000000087700000, 0x0000000087700000| Untracked 
| 120|0x0000000087800000, 0x0000000087800000, 0x0000000087900000|  0%| F|  |TAMS 0x0000000087800000, 0x0000000087800000| Untracked 
| 121|0x0000000087900000, 0x0000000087900000, 0x0000000087a00000|  0%| F|  |TAMS 0x0000000087900000, 0x0000000087900000| Untracked 
| 122|0x0000000087a00000, 0x0000000087a00000, 0x0000000087b00000|  0%| F|  |TAMS 0x0000000087a00000, 0x0000000087a00000| Untracked 
| 123|0x0000000087b00000, 0x0000000087b00000, 0x0000000087c00000|  0%| F|  |TAMS 0x0000000087b00000, 0x0000000087b00000| Untracked 
| 124|0x0000000087c00000, 0x0000000087c00000, 0x0000000087d00000|  0%| F|  |TAMS 0x0000000087c00000, 0x0000000087c00000| Untracked 
| 125|0x0000000087d00000, 0x0000000087d00000, 0x0000000087e00000|  0%| F|  |TAMS 0x0000000087d00000, 0x0000000087d00000| Untracked 
| 126|0x0000000087e00000, 0x0000000087e00000, 0x0000000087f00000|  0%| F|  |TAMS 0x0000000087e00000, 0x0000000087e00000| Untracked 
| 127|0x0000000087f00000, 0x0000000087f00000, 0x0000000088000000|  0%| F|  |TAMS 0x0000000087f00000, 0x0000000087f00000| Untracked 
| 128|0x0000000088000000, 0x0000000088000000, 0x0000000088100000|  0%| F|  |TAMS 0x0000000088000000, 0x0000000088000000| Untracked 
| 129|0x0000000088100000, 0x0000000088100000, 0x0000000088200000|  0%| F|  |TAMS 0x0000000088100000, 0x0000000088100000| Untracked 
| 130|0x0000000088200000, 0x0000000088200000, 0x0000000088300000|  0%| F|  |TAMS 0x0000000088200000, 0x0000000088200000| Untracked 
| 131|0x0000000088300000, 0x0000000088300000, 0x0000000088400000|  0%| F|  |TAMS 0x0000000088300000, 0x0000000088300000| Untracked 
| 132|0x0000000088400000, 0x0000000088400000, 0x0000000088500000|  0%| F|  |TAMS 0x0000000088400000, 0x0000000088400000| Untracked 
| 133|0x0000000088500000, 0x0000000088500000, 0x0000000088600000|  0%| F|  |TAMS 0x0000000088500000, 0x0000000088500000| Untracked 
| 134|0x0000000088600000, 0x0000000088600000, 0x0000000088700000|  0%| F|  |TAMS 0x0000000088600000, 0x0000000088600000| Untracked 
| 135|0x0000000088700000, 0x0000000088700000, 0x0000000088800000|  0%| F|  |TAMS 0x0000000088700000, 0x0000000088700000| Untracked 
| 136|0x0000000088800000, 0x0000000088800000, 0x0000000088900000|  0%| F|  |TAMS 0x0000000088800000, 0x0000000088800000| Untracked 
| 137|0x0000000088900000, 0x0000000088900000, 0x0000000088a00000|  0%| F|  |TAMS 0x0000000088900000, 0x0000000088900000| Untracked 
| 138|0x0000000088a00000, 0x0000000088a00000, 0x0000000088b00000|  0%| F|  |TAMS 0x0000000088a00000, 0x0000000088a00000| Untracked 
| 139|0x0000000088b00000, 0x0000000088b00000, 0x0000000088c00000|  0%| F|  |TAMS 0x0000000088b00000, 0x0000000088b00000| Untracked 
| 140|0x0000000088c00000, 0x0000000088c00000, 0x0000000088d00000|  0%| F|  |TAMS 0x0000000088c00000, 0x0000000088c00000| Untracked 
| 141|0x0000000088d00000, 0x0000000088d00000, 0x0000000088e00000|  0%| F|  |TAMS 0x0000000088d00000, 0x0000000088d00000| Untracked 
| 142|0x0000000088e00000, 0x0000000088e00000, 0x0000000088f00000|  0%| F|  |TAMS 0x0000000088e00000, 0x0000000088e00000| Untracked 
| 143|0x0000000088f00000, 0x0000000088f00000, 0x0000000089000000|  0%| F|  |TAMS 0x0000000088f00000, 0x0000000088f00000| Untracked 
| 144|0x0000000089000000, 0x0000000089000000, 0x0000000089100000|  0%| F|  |TAMS 0x0000000089000000, 0x0000000089000000| Untracked 
| 145|0x0000000089100000, 0x0000000089100000, 0x0000000089200000|  0%| F|  |TAMS 0x0000000089100000, 0x0000000089100000| Untracked 
| 146|0x0000000089200000, 0x0000000089200000, 0x0000000089300000|  0%| F|  |TAMS 0x0000000089200000, 0x0000000089200000| Untracked 
| 147|0x0000000089300000, 0x0000000089300000, 0x0000000089400000|  0%| F|  |TAMS 0x0000000089300000, 0x0000000089300000| Untracked 
| 148|0x0000000089400000, 0x0000000089400000, 0x0000000089500000|  0%| F|  |TAMS 0x0000000089400000, 0x0000000089400000| Untracked 
| 149|0x0000000089500000, 0x0000000089500000, 0x0000000089600000|  0%| F|  |TAMS 0x0000000089500000, 0x0000000089500000| Untracked 
| 150|0x0000000089600000, 0x0000000089600000, 0x0000000089700000|  0%| F|  |TAMS 0x0000000089600000, 0x0000000089600000| Untracked 
| 151|0x0000000089700000, 0x0000000089700000, 0x0000000089800000|  0%| F|  |TAMS 0x0000000089700000, 0x0000000089700000| Untracked 
| 152|0x0000000089800000, 0x0000000089800000, 0x0000000089900000|  0%| F|  |TAMS 0x0000000089800000, 0x0000000089800000| Untracked 
| 153|0x0000000089900000, 0x0000000089900000, 0x0000000089a00000|  0%| F|  |TAMS 0x0000000089900000, 0x0000000089900000| Untracked 

Card table byte_map: [0x0000014c190b0000,0x0000014c194b0000] _byte_map_base: 0x0000014c18cb0000

Marking Bits (Prev, Next): (CMBitMap*) 0x0000014c045f7610, (CMBitMap*) 0x0000014c045f75d0
 Prev Bits: [0x0000014c1b8b0000, 0x0000014c1d8b0000)
 Next Bits: [0x0000014c198b0000, 0x0000014c1b8b0000)

Polling page: 0x0000014c04660000

Metaspace:

Usage:
  Non-class:     76.75 MB used.
      Class:     12.06 MB used.
       Both:     88.81 MB used.

Virtual space:
  Non-class space:       80.00 MB reserved,      77.06 MB ( 96%) committed,  10 nodes.
      Class space:        1.00 GB reserved,      12.38 MB (  1%) committed,  1 nodes.
             Both:        1.08 GB reserved,      89.44 MB (  8%) committed. 

Chunk freelists:
   Non-Class:  2.82 MB
       Class:  3.50 MB
        Both:  6.32 MB

MaxMetaspaceSize: unlimited
CompressedClassSpaceSize: 1.00 GB
Initial GC threshold: 21.00 MB
Current GC threshold: 139.69 MB
CDS: off
MetaspaceReclaimPolicy: balanced
 - commit_granule_bytes: 65536.
 - commit_granule_words: 8192.
 - virtual_space_node_default_size: 1048576.
 - enlarge_chunks_in_place: 1.
 - new_chunks_are_fully_committed: 0.
 - uncommit_free_chunks: 1.
 - use_allocation_guard: 0.
 - handle_deallocations: 1.


Internal statistics:

num_allocs_failed_limit: 6.
num_arena_births: 880.
num_arena_deaths: 0.
num_vsnodes_births: 11.
num_vsnodes_deaths: 0.
num_space_committed: 1431.
num_space_uncommitted: 0.
num_chunks_returned_to_freelist: 6.
num_chunks_taken_from_freelist: 4175.
num_chunk_merges: 6.
num_chunk_splits: 2818.
num_chunks_enlarged: 1934.
num_purges: 0.
num_inconsistent_stats: 0.

CodeHeap 'non-profiled nmethods': size=120000Kb used=5460Kb max_used=5460Kb free=114539Kb
 bounds [0x0000014c10d20000, 0x0000014c11280000, 0x0000014c18250000]
CodeHeap 'profiled nmethods': size=120000Kb used=17220Kb max_used=17220Kb free=102779Kb
 bounds [0x0000014c09250000, 0x0000014c0a330000, 0x0000014c10780000]
CodeHeap 'non-nmethods': size=5760Kb used=2391Kb max_used=2428Kb free=3369Kb
 bounds [0x0000014c10780000, 0x0000014c109f0000, 0x0000014c10d20000]
 total_blobs=9796 nmethods=8881 adapters=827
 compilation: enabled
              stopped_count=0, restarted_count=0
 full_count=0

Compilation events (20 events):
Event: 22.137 Thread 0x0000014c20c3ccb0 nmethod 9728 0x0000014c0a318310 code [0x0000014c0a318580, 0x0000014c0a319248]
Event: 22.137 Thread 0x0000014c20c3ccb0 9730       3       com.sun.xml.bind.v2.model.annotation.RuntimeInlineAnnotationReader::getPackageAnnotation (107 bytes)
Event: 22.138 Thread 0x0000014c20c3ccb0 nmethod 9730 0x0000014c0a319690 code [0x0000014c0a319960, 0x0000014c0a31a808]
Event: 22.138 Thread 0x0000014c20c3ccb0 9729       3       com.sun.xml.bind.v2.model.nav.ReflectionNavigator::getReturnType (9 bytes)
Event: 22.138 Thread 0x0000014c266ae690 nmethod 9694 0x0000014c11273710 code [0x0000014c112738e0, 0x0000014c11274648]
Event: 22.138 Thread 0x0000014c266ae690 9691       4       com.sun.xml.bind.v2.model.impl.TypeInfoImpl::nav (8 bytes)
Event: 22.138 Thread 0x0000014c266ae690 nmethod 9691 0x0000014c11274b10 code [0x0000014c11274c80, 0x0000014c11274d18]
Event: 22.138 Thread 0x0000014c266ae690 9715       4       com.sun.xml.bind.v2.model.impl.TypeInfoImpl::reader (8 bytes)
Event: 22.139 Thread 0x0000014c266ae690 nmethod 9715 0x0000014c11274e10 code [0x0000014c11274f80, 0x0000014c11275018]
Event: 22.139 Thread 0x0000014c266ae690 9706       4       java.util.TreeMap$KeyIterator::next (8 bytes)
Event: 22.139 Thread 0x0000014c20c3ccb0 nmethod 9729 0x0000014c0a31ad10 code [0x0000014c0a31afc0, 0x0000014c0a31c0b8]
Event: 22.139 Thread 0x0000014c20c3ccb0 9732       3       java.lang.reflect.Field::getGenericType (20 bytes)
Event: 22.139 Thread 0x0000014c20c3ccb0 nmethod 9732 0x0000014c0a31c690 code [0x0000014c0a31c980, 0x0000014c0a31dde8]
Event: 22.139 Thread 0x0000014c20c3ccb0 9731       3       java.lang.Class::getDeclaredMethod (63 bytes)
Event: 22.140 Thread 0x0000014c20c3ccb0 nmethod 9731 0x0000014c0a31e410 code [0x0000014c0a31e6e0, 0x0000014c0a31f318]
Event: 22.140 Thread 0x0000014c20c3ccb0 9733       3       com.sun.xml.bind.v2.model.annotation.RuntimeInlineAnnotationReader::hasClassAnnotation (10 bytes)
Event: 22.140 Thread 0x0000014c20c3ccb0 nmethod 9733 0x0000014c0a31f810 code [0x0000014c0a31fa20, 0x0000014c0a320168]
Event: 22.140 Thread 0x0000014c20c3ccb0 9736       3       com.sun.xml.bind.v2.model.annotation.RuntimeInlineAnnotationReader::hasFieldAnnotation (10 bytes)
Event: 22.141 Thread 0x0000014c20c3ccb0 nmethod 9736 0x0000014c0a320410 code [0x0000014c0a320660, 0x0000014c0a321048]
Event: 22.141 Thread 0x0000014c20c3ccb0 9737       3       com.sun.xml.bind.v2.model.annotation.RuntimeInlineAnnotationReader::hasFieldAnnotation (6 bytes)

GC Heap History (20 events):
Event: 16.511 GC heap after
{Heap after GC invocations=27 (full 0):
 garbage-first heap   total 119808K, used 63092K [0x0000000080000000, 0x0000000100000000)
  region size 1024K, 4 young (4096K), 4 survivors (4096K)
 Metaspace       used 70077K, committed 70656K, reserved 1114112K
  class space    used 9256K, committed 9536K, reserved 1048576K
}
Event: 17.061 GC heap before
{Heap before GC invocations=28 (full 0):
 garbage-first heap   total 119808K, used 89716K [0x0000000080000000, 0x0000000100000000)
  region size 1024K, 31 young (31744K), 4 survivors (4096K)
 Metaspace       used 72953K, committed 73536K, reserved 1114112K
  class space    used 9645K, committed 9920K, reserved 1048576K
}
Event: 17.066 GC heap after
{Heap after GC invocations=29 (full 0):
 garbage-first heap   total 119808K, used 64138K [0x0000000080000000, 0x0000000100000000)
  region size 1024K, 4 young (4096K), 4 survivors (4096K)
 Metaspace       used 72953K, committed 73536K, reserved 1114112K
  class space    used 9645K, committed 9920K, reserved 1048576K
}
Event: 17.476 GC heap before
{Heap before GC invocations=29 (full 0):
 garbage-first heap   total 119808K, used 92810K [0x0000000080000000, 0x0000000100000000)
  region size 1024K, 32 young (32768K), 4 survivors (4096K)
 Metaspace       used 76452K, committed 76992K, reserved 1122304K
  class space    used 10091K, committed 10368K, reserved 1048576K
}
Event: 17.482 GC heap after
{Heap after GC invocations=30 (full 0):
 garbage-first heap   total 144384K, used 67039K [0x0000000080000000, 0x0000000100000000)
  region size 1024K, 4 young (4096K), 4 survivors (4096K)
 Metaspace       used 76452K, committed 76992K, reserved 1122304K
  class space    used 10091K, committed 10368K, reserved 1048576K
}
Event: 18.513 GC heap before
{Heap before GC invocations=31 (full 0):
 garbage-first heap   total 144384K, used 110047K [0x0000000080000000, 0x0000000100000000)
  region size 1024K, 46 young (47104K), 4 survivors (4096K)
 Metaspace       used 78901K, committed 79424K, reserved 1122304K
  class space    used 10428K, committed 10688K, reserved 1048576K
}
Event: 18.525 GC heap after
{Heap after GC invocations=32 (full 0):
 garbage-first heap   total 144384K, used 70280K [0x0000000080000000, 0x0000000100000000)
  region size 1024K, 6 young (6144K), 6 survivors (6144K)
 Metaspace       used 78901K, committed 79424K, reserved 1122304K
  class space    used 10428K, committed 10688K, reserved 1048576K
}
Event: 18.556 GC heap before
{Heap before GC invocations=32 (full 0):
 garbage-first heap   total 144384K, used 70280K [0x0000000080000000, 0x0000000100000000)
  region size 1024K, 7 young (7168K), 6 survivors (6144K)
 Metaspace       used 78980K, committed 79552K, reserved 1122304K
  class space    used 10434K, committed 10688K, reserved 1048576K
}
Event: 18.562 GC heap after
{Heap after GC invocations=33 (full 0):
 garbage-first heap   total 144384K, used 71292K [0x0000000080000000, 0x0000000100000000)
  region size 1024K, 2 young (2048K), 2 survivors (2048K)
 Metaspace       used 78980K, committed 79552K, reserved 1122304K
  class space    used 10434K, committed 10688K, reserved 1048576K
}
Event: 19.447 GC heap before
{Heap before GC invocations=34 (full 0):
 garbage-first heap   total 144384K, used 108156K [0x0000000080000000, 0x0000000100000000)
  region size 1024K, 37 young (37888K), 2 survivors (2048K)
 Metaspace       used 83286K, committed 83904K, reserved 1122304K
  class space    used 11218K, committed 11520K, reserved 1048576K
}
Event: 19.450 GC heap after
{Heap after GC invocations=35 (full 0):
 garbage-first heap   total 144384K, used 72224K [0x0000000080000000, 0x0000000100000000)
  region size 1024K, 3 young (3072K), 3 survivors (3072K)
 Metaspace       used 83286K, committed 83904K, reserved 1122304K
  class space    used 11218K, committed 11520K, reserved 1048576K
}
Event: 19.483 GC heap before
{Heap before GC invocations=35 (full 0):
 garbage-first heap   total 144384K, used 76320K [0x0000000080000000, 0x0000000100000000)
  region size 1024K, 7 young (7168K), 3 survivors (3072K)
 Metaspace       used 83657K, committed 84288K, reserved 1122304K
  class space    used 11280K, committed 11584K, reserved 1048576K
}
Event: 19.485 GC heap after
{Heap after GC invocations=36 (full 0):
 garbage-first heap   total 144384K, used 71887K [0x0000000080000000, 0x0000000100000000)
  region size 1024K, 1 young (1024K), 1 survivors (1024K)
 Metaspace       used 83657K, committed 84288K, reserved 1122304K
  class space    used 11280K, committed 11584K, reserved 1048576K
}
Event: 20.098 GC heap before
{Heap before GC invocations=36 (full 0):
 garbage-first heap   total 144384K, used 110799K [0x0000000080000000, 0x0000000100000000)
  region size 1024K, 39 young (39936K), 1 survivors (1024K)
 Metaspace       used 85184K, committed 85824K, reserved 1130496K
  class space    used 11490K, committed 11776K, reserved 1048576K
}
Event: 20.103 GC heap after
{Heap after GC invocations=37 (full 0):
 garbage-first heap   total 144384K, used 76770K [0x0000000080000000, 0x0000000100000000)
  region size 1024K, 5 young (5120K), 5 survivors (5120K)
 Metaspace       used 85184K, committed 85824K, reserved 1130496K
  class space    used 11490K, committed 11776K, reserved 1048576K
}
Event: 21.189 GC heap before
{Heap before GC invocations=38 (full 0):
 garbage-first heap   total 144384K, used 112610K [0x0000000080000000, 0x0000000100000000)
  region size 1024K, 40 young (40960K), 5 survivors (5120K)
 Metaspace       used 87317K, committed 87936K, reserved 1130496K
  class space    used 11772K, committed 12096K, reserved 1048576K
}
Event: 21.198 GC heap after
{Heap after GC invocations=39 (full 0):
 garbage-first heap   total 144384K, used 81624K [0x0000000080000000, 0x0000000100000000)
  region size 1024K, 5 young (5120K), 5 survivors (5120K)
 Metaspace       used 87317K, committed 87936K, reserved 1130496K
  class space    used 11772K, committed 12096K, reserved 1048576K
}
Event: 21.252 GC heap before
{Heap before GC invocations=39 (full 0):
 garbage-first heap   total 144384K, used 83672K [0x0000000080000000, 0x0000000100000000)
  region size 1024K, 7 young (7168K), 5 survivors (5120K)
 Metaspace       used 87492K, committed 88192K, reserved 1130496K
  class space    used 11796K, committed 12096K, reserved 1048576K
}
Event: 21.262 GC heap after
{Heap after GC invocations=40 (full 0):
 garbage-first heap   total 144384K, used 81655K [0x0000000080000000, 0x0000000100000000)
  region size 1024K, 1 young (1024K), 1 survivors (1024K)
 Metaspace       used 87492K, committed 88192K, reserved 1130496K
  class space    used 11796K, committed 12096K, reserved 1048576K
}
Event: 22.141 GC heap before
{Heap before GC invocations=40 (full 0):
 garbage-first heap   total 144384K, used 114423K [0x0000000080000000, 0x0000000100000000)
  region size 1024K, 33 young (33792K), 1 survivors (1024K)
 Metaspace       used 90940K, committed 91584K, reserved 1130496K
  class space    used 12344K, committed 12672K, reserved 1048576K
}

Dll operation events (2 events):
Event: 0.005 Loaded shared library C:\Program Files\Android\Android Studio\jbr\bin\java.dll
Event: 0.275 Loaded shared library C:\Program Files\Android\Android Studio\jbr\bin\verify.dll

Deoptimization events (20 events):
Event: 22.084 Thread 0x0000014c22155d80 Uncommon trap: trap_request=0xffffffde fr.pc=0x0000014c1107315c relative=0x000000000000211c
Event: 22.084 Thread 0x0000014c22155d80 Uncommon trap: reason=class_check action=maybe_recompile pc=0x0000014c1107315c method=java.lang.Class.createAnnotationData(I)Ljava/lang/Class$AnnotationData; @ 103 c2
Event: 22.084 Thread 0x0000014c22155d80 DEOPT PACKING pc=0x0000014c1107315c sp=0x00000024feff8660
Event: 22.084 Thread 0x0000014c22155d80 DEOPT UNPACKING pc=0x0000014c107da1a3 sp=0x00000024feff84b8 mode 2
Event: 22.104 Thread 0x0000014c22155d80 Uncommon trap: trap_request=0xffffffc6 fr.pc=0x0000014c110dbd98 relative=0x0000000000000078
Event: 22.104 Thread 0x0000014c22155d80 Uncommon trap: reason=bimorphic_or_optimized_type_check action=maybe_recompile pc=0x0000014c110dbd98 method=java.util.Collections$UnmodifiableCollection.size()I @ 4 c2
Event: 22.104 Thread 0x0000014c22155d80 DEOPT PACKING pc=0x0000014c110dbd98 sp=0x00000024feff8850
Event: 22.104 Thread 0x0000014c22155d80 DEOPT UNPACKING pc=0x0000014c107da1a3 sp=0x00000024feff87e0 mode 2
Event: 22.105 Thread 0x0000014c22155d80 Uncommon trap: trap_request=0xfffffff4 fr.pc=0x0000014c110732b0 relative=0x0000000000002270
Event: 22.105 Thread 0x0000014c22155d80 Uncommon trap: reason=null_check action=make_not_entrant pc=0x0000014c110732b0 method=java.lang.Class.createAnnotationData(I)Ljava/lang/Class$AnnotationData; @ 14 c2
Event: 22.105 Thread 0x0000014c22155d80 DEOPT PACKING pc=0x0000014c110732b0 sp=0x00000024feff7b00
Event: 22.105 Thread 0x0000014c22155d80 DEOPT UNPACKING pc=0x0000014c107da1a3 sp=0x00000024feff7a80 mode 2
Event: 22.106 Thread 0x0000014c22155d80 Uncommon trap: trap_request=0xffffffc6 fr.pc=0x0000014c110dbd98 relative=0x0000000000000078
Event: 22.106 Thread 0x0000014c22155d80 Uncommon trap: reason=bimorphic_or_optimized_type_check action=maybe_recompile pc=0x0000014c110dbd98 method=java.util.Collections$UnmodifiableCollection.size()I @ 4 c2
Event: 22.106 Thread 0x0000014c22155d80 DEOPT PACKING pc=0x0000014c110dbd98 sp=0x00000024feff8850
Event: 22.106 Thread 0x0000014c22155d80 DEOPT UNPACKING pc=0x0000014c107da1a3 sp=0x00000024feff87e0 mode 2
Event: 22.106 Thread 0x0000014c22155d80 Uncommon trap: trap_request=0xffffffc6 fr.pc=0x0000014c110dbd98 relative=0x0000000000000078
Event: 22.106 Thread 0x0000014c22155d80 Uncommon trap: reason=bimorphic_or_optimized_type_check action=maybe_recompile pc=0x0000014c110dbd98 method=java.util.Collections$UnmodifiableCollection.size()I @ 4 c2
Event: 22.106 Thread 0x0000014c22155d80 DEOPT PACKING pc=0x0000014c110dbd98 sp=0x00000024feff8560
Event: 22.106 Thread 0x0000014c22155d80 DEOPT UNPACKING pc=0x0000014c107da1a3 sp=0x00000024feff84f0 mode 2

Classes unloaded (0 events):
No events

Classes redefined (0 events):
No events

Internal exceptions (20 events):
Event: 19.486 Thread 0x0000014c22155d80 Exception <a 'java/lang/ClassNotFoundException'{0x0000000089925bd0}: com/android/build/gradle/internal/api/ApkVariantOutputImplBeanInfo> (0x0000000089925bd0) 
thrown [s\src\hotspot\share\classfile\systemDictionary.cpp, line 256]
Event: 19.487 Thread 0x0000014c22155d80 Exception <a 'java/lang/ClassNotFoundException'{0x0000000089933590}: com/android/build/gradle/internal/api/BaseVariantOutputImplBeanInfo> (0x0000000089933590) 
thrown [s\src\hotspot\share\classfile\systemDictionary.cpp, line 256]
Event: 19.487 Thread 0x0000014c22155d80 Exception <a 'java/lang/ClassNotFoundException'{0x0000000089940f28}: com/android/build/gradle/internal/api/BaseVariantOutputImplCustomizer> (0x0000000089940f28) 
thrown [s\src\hotspot\share\classfile\systemDictionary.cpp, line 256]
Event: 19.488 Thread 0x0000014c22155d80 Exception <a 'java/lang/ClassNotFoundException'{0x00000000899617c0}: com/android/build/gradle/internal/api/ApkVariantOutputImplCustomizer> (0x00000000899617c0) 
thrown [s\src\hotspot\share\classfile\systemDictionary.cpp, line 256]
Event: 19.488 Thread 0x0000014c22155d80 Exception <a 'java/lang/ClassNotFoundException'{0x000000008997c8a8}: com/android/build/gradle/internal/api/ApkVariantOutputImpl_DecoratedCustomizer> (0x000000008997c8a8) 
thrown [s\src\hotspot\share\classfile\systemDictionary.cpp, line 256]
Event: 19.755 Thread 0x0000014c22155d80 Exception <a 'java/lang/ClassNotFoundException'{0x00000000887e7310}: com/android/build/gradle/internal/api/ReadOnlyBuildTypeBeanInfo> (0x00000000887e7310) 
thrown [s\src\hotspot\share\classfile\systemDictionary.cpp, line 256]
Event: 19.756 Thread 0x0000014c22155d80 Exception <a 'java/lang/ClassNotFoundException'{0x00000000887f4c68}: com/android/build/gradle/internal/api/ReadOnlyBaseConfigBeanInfo> (0x00000000887f4c68) 
thrown [s\src\hotspot\share\classfile\systemDictionary.cpp, line 256]
Event: 19.757 Thread 0x0000014c22155d80 Exception <a 'java/lang/ClassNotFoundException'{0x0000000088602b00}: com/android/build/gradle/internal/api/ReadOnlyBaseConfigCustomizer> (0x0000000088602b00) 
thrown [s\src\hotspot\share\classfile\systemDictionary.cpp, line 256]
Event: 19.758 Thread 0x0000014c22155d80 Exception <a 'java/lang/ClassNotFoundException'{0x0000000088621020}: com/android/build/gradle/internal/api/ReadOnlyBuildTypeCustomizer> (0x0000000088621020) 
thrown [s\src\hotspot\share\classfile\systemDictionary.cpp, line 256]
Event: 20.006 Thread 0x0000014c22155d80 Implicit null exception at 0x0000014c111a5bb8 to 0x0000014c111a5e6c
Event: 20.941 Thread 0x0000014c22155d80 Implicit null exception at 0x0000014c111d3199 to 0x0000014c111d3bd8
Event: 20.941 Thread 0x0000014c22155d80 Implicit null exception at 0x0000014c11209e79 to 0x0000014c1120a0ac
Event: 20.941 Thread 0x0000014c22155d80 Implicit null exception at 0x0000014c1120409a to 0x0000014c112043ac
Event: 20.941 Thread 0x0000014c22155d80 Implicit null exception at 0x0000014c111d5798 to 0x0000014c111d5ef0
Event: 20.941 Thread 0x0000014c22155d80 Implicit null exception at 0x0000014c11170c04 to 0x0000014c11170d70
Event: 20.941 Thread 0x0000014c22155d80 Implicit null exception at 0x0000014c1116ef5b to 0x0000014c1116efe4
Event: 20.943 Thread 0x0000014c22155d80 Implicit null exception at 0x0000014c111e5c8c to 0x0000014c111e5f2c
Event: 21.718 Thread 0x0000014c22155d80 Exception <a 'sun/nio/fs/WindowsException'{0x0000000087bcad28}> (0x0000000087bcad28) 
thrown [s\src\hotspot\share\prims\jni.cpp, line 517]
Event: 22.037 Thread 0x0000014c22155d80 Exception <a 'java/lang/NullPointerException'{0x0000000087341f60}> (0x0000000087341f60) 
thrown [s\src\hotspot\share\interpreter\linkResolver.cpp, line 1447]
Event: 22.105 Thread 0x0000014c22155d80 Implicit null exception at 0x0000014c11071110 to 0x0000014c110732a0

VM Operations (20 events):
Event: 20.153 Executing VM operation: G1Concurrent done
Event: 20.593 Executing VM operation: ICBufferFull
Event: 20.593 Executing VM operation: ICBufferFull done
Event: 20.773 Executing VM operation: HandshakeAllThreads
Event: 20.773 Executing VM operation: HandshakeAllThreads done
Event: 21.010 Executing VM operation: ICBufferFull
Event: 21.011 Executing VM operation: ICBufferFull done
Event: 21.012 Executing VM operation: HandshakeAllThreads
Event: 21.012 Executing VM operation: HandshakeAllThreads done
Event: 21.057 Executing VM operation: HandshakeAllThreads
Event: 21.057 Executing VM operation: HandshakeAllThreads done
Event: 21.061 Executing VM operation: HandshakeAllThreads
Event: 21.061 Executing VM operation: HandshakeAllThreads done
Event: 21.189 Executing VM operation: G1CollectForAllocation
Event: 21.199 Executing VM operation: G1CollectForAllocation done
Event: 21.252 Executing VM operation: G1CollectForAllocation
Event: 21.262 Executing VM operation: G1CollectForAllocation done
Event: 21.645 Executing VM operation: ICBufferFull
Event: 21.645 Executing VM operation: ICBufferFull done
Event: 22.141 Executing VM operation: G1CollectForAllocation

Events (20 events):
Event: 22.047 loading class java/awt/image/BufferedImage done
Event: 22.047 loading class java/awt/Graphics2D
Event: 22.047 loading class java/awt/Graphics2D done
Event: 22.066 loading class java/awt/datatransfer/Transferable
Event: 22.066 loading class java/awt/datatransfer/Transferable done
Event: 22.068 loading class javax/xml/transform/Result
Event: 22.069 loading class javax/xml/transform/Result done
Event: 22.069 loading class javax/xml/datatype/XMLGregorianCalendar
Event: 22.069 loading class javax/xml/datatype/XMLGregorianCalendar done
Event: 22.073 loading class javax/xml/namespace/NamespaceContext
Event: 22.073 loading class javax/xml/namespace/NamespaceContext done
Event: 22.073 loading class javax/xml/datatype/Duration
Event: 22.073 loading class javax/xml/datatype/Duration done
Event: 22.099 loading class java/lang/Short$ShortCache
Event: 22.099 loading class java/lang/Short$ShortCache done
Event: 22.116 loading class jdk/internal/ValueBased
Event: 22.116 loading class jdk/internal/ValueBased done
Event: 22.125 Thread 0x0000014c266ae690 Thread added: 0x0000014c266ae690
Event: 22.129 loading class java/lang/Package$1PackageInfoProxy
Event: 22.129 loading class java/lang/Package$1PackageInfoProxy done


Dynamic libraries:
0x00007ff77a210000 - 0x00007ff77a21a000 	C:\Program Files\Android\Android Studio\jbr\bin\java.exe
0x00007ffeedf10000 - 0x00007ffeee127000 	C:\WINDOWS\SYSTEM32\ntdll.dll
0x00007ffeed750000 - 0x00007ffeed814000 	C:\WINDOWS\System32\KERNEL32.DLL
0x00007ffeeb830000 - 0x00007ffeebbd5000 	C:\WINDOWS\System32\KERNELBASE.dll
0x00007ffeeb650000 - 0x00007ffeeb761000 	C:\WINDOWS\System32\ucrtbase.dll
0x00007ffee32e0000 - 0x00007ffee32fb000 	C:\Program Files\Android\Android Studio\jbr\bin\VCRUNTIME140.dll
0x00007ffee4da0000 - 0x00007ffee4db7000 	C:\Program Files\Android\Android Studio\jbr\bin\jli.dll
0x00007ffeebce0000 - 0x00007ffeebe8e000 	C:\WINDOWS\System32\USER32.dll
0x00007ffeeb460000 - 0x00007ffeeb486000 	C:\WINDOWS\System32\win32u.dll
0x00007ffed4f30000 - 0x00007ffed51c3000 	C:\WINDOWS\WinSxS\amd64_microsoft.windows.common-controls_6595b64144ccf1df_6.0.22621.2506_none_270c5ae97388e100\COMCTL32.dll
0x00007ffeec5e0000 - 0x00007ffeec687000 	C:\WINDOWS\System32\msvcrt.dll
0x00007ffeecef0000 - 0x00007ffeecf19000 	C:\WINDOWS\System32\GDI32.dll
0x00007ffeeb490000 - 0x00007ffeeb5a9000 	C:\WINDOWS\System32\gdi32full.dll
0x00007ffeeb5b0000 - 0x00007ffeeb64a000 	C:\WINDOWS\System32\msvcp_win.dll
0x00007ffeedc90000 - 0x00007ffeedcc1000 	C:\WINDOWS\System32\IMM32.DLL
0x00007ffee7a70000 - 0x00007ffee7a7c000 	C:\Program Files\Android\Android Studio\jbr\bin\vcruntime140_1.dll
0x00007ffec2de0000 - 0x00007ffec2e6d000 	C:\Program Files\Android\Android Studio\jbr\bin\msvcp140.dll
0x00007ffe9d900000 - 0x00007ffe9e56e000 	C:\Program Files\Android\Android Studio\jbr\bin\server\jvm.dll
0x00007ffeed690000 - 0x00007ffeed741000 	C:\WINDOWS\System32\ADVAPI32.dll
0x00007ffeebe90000 - 0x00007ffeebf36000 	C:\WINDOWS\System32\sechost.dll
0x00007ffeed3b0000 - 0x00007ffeed4c7000 	C:\WINDOWS\System32\RPCRT4.dll
0x00007ffed5c10000 - 0x00007ffed5c19000 	C:\WINDOWS\SYSTEM32\WSOCK32.dll
0x00007ffeec010000 - 0x00007ffeec081000 	C:\WINDOWS\System32\WS2_32.dll
0x00007ffee2990000 - 0x00007ffee29c4000 	C:\WINDOWS\SYSTEM32\WINMM.dll
0x00007ffee9a90000 - 0x00007ffee9a9a000 	C:\WINDOWS\SYSTEM32\VERSION.dll
0x00007ffeea1e0000 - 0x00007ffeea1f8000 	C:\WINDOWS\SYSTEM32\kernel.appcore.dll
0x00007ffee8e60000 - 0x00007ffee8e6a000 	C:\Program Files\Android\Android Studio\jbr\bin\jimage.dll
0x00007ffee7d70000 - 0x00007ffee7fa3000 	C:\WINDOWS\SYSTEM32\DBGHELP.DLL
0x00007ffeec250000 - 0x00007ffeec5d9000 	C:\WINDOWS\System32\combase.dll
0x00007ffeed820000 - 0x00007ffeed8f7000 	C:\WINDOWS\System32\OLEAUT32.dll
0x00007ffedbee0000 - 0x00007ffedbf12000 	C:\WINDOWS\SYSTEM32\dbgcore.DLL
0x00007ffeebbe0000 - 0x00007ffeebc5a000 	C:\WINDOWS\System32\bcryptPrimitives.dll
0x00007ffee7a90000 - 0x00007ffee7ab5000 	C:\Program Files\Android\Android Studio\jbr\bin\java.dll
0x00007ffee7a50000 - 0x00007ffee7a68000 	C:\Program Files\Android\Android Studio\jbr\bin\zip.dll
0x00007ffeec690000 - 0x00007ffeecee9000 	C:\WINDOWS\System32\SHELL32.dll
0x00007ffee9190000 - 0x00007ffee9a84000 	C:\WINDOWS\SYSTEM32\windows.storage.dll
0x00007ffee9050000 - 0x00007ffee918e000 	C:\WINDOWS\SYSTEM32\wintypes.dll
0x00007ffeedaa0000 - 0x00007ffeedb93000 	C:\WINDOWS\System32\SHCORE.dll
0x00007ffeebc80000 - 0x00007ffeebcde000 	C:\WINDOWS\System32\shlwapi.dll
0x00007ffeeb1b0000 - 0x00007ffeeb1d6000 	C:\WINDOWS\SYSTEM32\profapi.dll
0x00007ffee66f0000 - 0x00007ffee6709000 	C:\Program Files\Android\Android Studio\jbr\bin\net.dll
0x00007ffee3540000 - 0x00007ffee3677000 	C:\WINDOWS\SYSTEM32\WINHTTP.dll
0x00007ffeea700000 - 0x00007ffeea769000 	C:\WINDOWS\system32\mswsock.dll
0x00007ffee64b0000 - 0x00007ffee64c6000 	C:\Program Files\Android\Android Studio\jbr\bin\nio.dll
0x00007ffee8ca0000 - 0x00007ffee8cb0000 	C:\Program Files\Android\Android Studio\jbr\bin\verify.dll
0x00007ffee48b0000 - 0x00007ffee48d7000 	C:\Users\User\.gradle\native\68d5fa5c4cc2d200863cafc0d521ce42e7d3e7ee720ec0a83991735586a16f82\windows-amd64\native-platform.dll
0x00007ffec8830000 - 0x00007ffec8974000 	C:\Users\User\.gradle\native\e376f236ea51e6404a007f0833ffe2c6e607c4080706a723a18a27aeea778392\windows-amd64\native-platform-file-events.dll
0x00007ffee7ba0000 - 0x00007ffee7ba9000 	C:\Program Files\Android\Android Studio\jbr\bin\management.dll
0x00007ffee7b70000 - 0x00007ffee7b7b000 	C:\Program Files\Android\Android Studio\jbr\bin\management_ext.dll
0x00007ffeebfe0000 - 0x00007ffeebfe8000 	C:\WINDOWS\System32\PSAPI.DLL
0x00007ffeea950000 - 0x00007ffeea96b000 	C:\WINDOWS\SYSTEM32\CRYPTSP.dll
0x00007ffeea200000 - 0x00007ffeea235000 	C:\WINDOWS\system32\rsaenh.dll
0x00007ffeea7f0000 - 0x00007ffeea81c000 	C:\WINDOWS\SYSTEM32\USERENV.dll
0x00007ffeeab20000 - 0x00007ffeeab48000 	C:\WINDOWS\SYSTEM32\bcrypt.dll
0x00007ffeea970000 - 0x00007ffeea97c000 	C:\WINDOWS\SYSTEM32\CRYPTBASE.dll
0x00007ffee9d00000 - 0x00007ffee9d2d000 	C:\WINDOWS\SYSTEM32\IPHLPAPI.DLL
0x00007ffeedba0000 - 0x00007ffeedba9000 	C:\WINDOWS\System32\NSI.dll
0x00007ffee29d0000 - 0x00007ffee29e9000 	C:\WINDOWS\SYSTEM32\dhcpcsvc6.DLL
0x00007ffee2830000 - 0x00007ffee284f000 	C:\WINDOWS\SYSTEM32\dhcpcsvc.DLL
0x00007ffee9d70000 - 0x00007ffee9e69000 	C:\WINDOWS\SYSTEM32\DNSAPI.dll
0x00007ffee8ec0000 - 0x00007ffee8ec8000 	C:\WINDOWS\system32\wshunix.dll

dbghelp: loaded successfully - version: 4.0.5 - missing functions: none
symbol engine: initialized successfully - sym options: 0x614 - pdb path: .;C:\Program Files\Android\Android Studio\jbr\bin;C:\WINDOWS\SYSTEM32;C:\WINDOWS\WinSxS\amd64_microsoft.windows.common-controls_6595b64144ccf1df_6.0.22621.2506_none_270c5ae97388e100;C:\Program Files\Android\Android Studio\jbr\bin\server;C:\Users\User\.gradle\native\68d5fa5c4cc2d200863cafc0d521ce42e7d3e7ee720ec0a83991735586a16f82\windows-amd64;C:\Users\User\.gradle\native\e376f236ea51e6404a007f0833ffe2c6e607c4080706a723a18a27aeea778392\windows-amd64

VM Arguments:
jvm_args: --add-opens=java.base/java.util=ALL-UNNAMED --add-opens=java.base/java.lang=ALL-UNNAMED --add-opens=java.base/java.lang.invoke=ALL-UNNAMED --add-opens=java.prefs/java.util.prefs=ALL-UNNAMED --add-opens=java.base/java.nio.charset=ALL-UNNAMED --add-opens=java.base/java.net=ALL-UNNAMED --add-opens=java.base/java.util.concurrent.atomic=ALL-UNNAMED -Xmx2048m -Dfile.encoding=UTF-8 -Duser.country=US -Duser.language=en -Duser.variant 
java_command: org.gradle.launcher.daemon.bootstrap.GradleDaemon 8.0
java_class_path (initial): C:\Users\User\.gradle\wrapper\dists\gradle-8.0-bin\ca5e32bp14vu59qr306oxotwh\gradle-8.0\lib\gradle-launcher-8.0.jar
Launcher Type: SUN_STANDARD

[Global flags]
     intx CICompilerCount                          = 4                                         {product} {ergonomic}
     uint ConcGCThreads                            = 2                                         {product} {ergonomic}
     uint G1ConcRefinementThreads                  = 8                                         {product} {ergonomic}
   size_t G1HeapRegionSize                         = 1048576                                   {product} {ergonomic}
    uintx GCDrainStackTargetSize                   = 64                                        {product} {ergonomic}
   size_t InitialHeapSize                          = 132120576                                 {product} {ergonomic}
   size_t MarkStackSize                            = 4194304                                   {product} {ergonomic}
   size_t MaxHeapSize                              = 2147483648                                {product} {command line}
   size_t MaxNewSize                               = 1287651328                                {product} {ergonomic}
   size_t MinHeapDeltaBytes                        = 1048576                                   {product} {ergonomic}
   size_t MinHeapSize                              = 8388608                                   {product} {ergonomic}
    uintx NonNMethodCodeHeapSize                   = 5839372                                {pd product} {ergonomic}
    uintx NonProfiledCodeHeapSize                  = 122909434                              {pd product} {ergonomic}
    uintx ProfiledCodeHeapSize                     = 122909434                              {pd product} {ergonomic}
    uintx ReservedCodeCacheSize                    = 251658240                              {pd product} {ergonomic}
     bool SegmentedCodeCache                       = true                                      {product} {ergonomic}
   size_t SoftMaxHeapSize                          = 2147483648                             {manageable} {ergonomic}
     bool UseCompressedClassPointers               = true                           {product lp64_product} {ergonomic}
     bool UseCompressedOops                        = true                           {product lp64_product} {ergonomic}
     bool UseG1GC                                  = true                                      {product} {ergonomic}
     bool UseLargePagesIndividualAllocation        = false                                  {pd product} {ergonomic}

Logging:
Log output configuration:
 #0: stdout all=warning uptime,level,tags
 #1: stderr all=off uptime,level,tags

Environment Variables:
JAVA_HOME=C:\Program Files\Java\jdk-20.0.1
PATH=C:\Program Files (x86)\Common Files\Oracle\Java\javapath;C:\Python311\Scripts\;C:\Python311\;C:\Program Files (x86)\Falcon\MinGW\bin;C:\WINDOWS\system32;C:\WINDOWS;C:\WINDOWS\System32\Wbem;C:\WINDOWS\System32\WindowsPowerShell\v1.0\;C:\WINDOWS\System32\OpenSSH\;C:\Program Files\Microsoft SQL Server\130\Tools\Binn\;C:\sqlite3;C:\Program Files (x86)\Microsoft SQL Server\150\DTS\Binn\;C:\Program Files\Azure Data Studio\bin;C:\Program Files\Microsoft SQL Server\Client SDK\ODBC\170\Tools\Binn\;C:\Program Files (x86)\Microsoft SQL Server\150\Tools\Binn\;C:\Program Files\Microsoft SQL Server\150\Tools\Binn\;C:\Program Files\Microsoft SQL Server\150\DTS\Binn\;C:\xampp\php;C:\ProgramData\ComposerSetup\bin;C:\Program Files\dotnet\;C:\Users\User\AppData\Local\Android\Sdk\cmdline-tools\bin;C:\Program Files\Java\;C:\Program Files\Git\cmd;C:\Program Files\nodejs\;C:\ProgramData\chocolatey\bin;C:\Program Files (x86)\GTK2-Runtime\lib;C:\Program Files (x86)\Common Files\Oracle\Java\javapath;C:\Python311\Scripts\;C:\Python311\;C:\Program Files (x86)\Falcon\MinGW\bin;C:\WINDOWS\system32;C:\WINDOWS;C:\WINDOWS\System32\Wbem;C:\WINDOWS\System32\WindowsPowerShell\v1.0\;C:\WINDOWS\System32\OpenSSH\;C:\Program Files\Microsoft SQL Server\130\Tools\Binn\;C:\sqlite3;C:\Program Files (x86)\Microsoft SQL Server\150\DTS\Binn\;C:\Program Files\Azure Data Studio\bin;C:\Program Files\Microsoft SQL Server\Client SDK\ODBC\170\Tools\Binn\;C:\Program Files (x86)\Microsoft SQL Server\150\Tools\Binn\;C:\Program Files\Microsoft SQL Server\150\Tools\Binn\;C:\Program Files\Microsoft SQL Server\150\DTS\Binn\;C:\xampp\php;C:\ProgramData\ComposerSetup\bin;C:\Program Files\dotnet\;C:\Users\User\AppData\Local\Android\Sdk\cmdline-tools\bin;C:\Program Files\Java\;C:\Program Files\Git\cmd;C:\Program Files\nodejs\;C:\ProgramData\chocolatey\bin;C:\Program Files (x86)\GTK2-Runtime\lib;C:\Program Files\nodejs\node_modules\npm\bin;C:\Program Files\MySQL\MySQL Shell 8.0\bin\;C:\Users\User\AppData\Local\Microsoft\Windows
USERNAME=User
OS=Windows_NT
PROCESSOR_IDENTIFIER=Intel64 Family 6 Model 140 Stepping 1, GenuineIntel
TMP=C:\Users\User\AppData\Local\Temp
TEMP=C:\Users\User\AppData\Local\Temp


JNI global refs:
JNI global refs: 26, weak refs: 1

JNI global refs memory usage: 843, weak refs: 841


---------------  S Y S T E M  ---------------

OS:
 Windows 11 , 64 bit Build 22621 (10.0.22621.2506)
OS uptime: 2 days 0:12 hours

CPU: total 8 (initial active 8) (4 cores per cpu, 2 threads per core) family 6 model 140 stepping 1 microcode 0x78, cx8, cmov, fxsr, ht, mmx, 3dnowpref, sse, sse2, sse3, ssse3, sse4.1, sse4.2, popcnt, lzcnt, tsc, tscinvbit, avx, avx2, aes, erms, clmul, bmi1, bmi2, adx, avx512f, avx512dq, avx512cd, avx512bw, avx512vl, sha, fma, vzeroupper, avx512_vpopcntdq, avx512_vpclmulqdq, avx512_vaes, avx512_vnni, clflush, clflushopt, clwb, avx512_vbmi2, avx512_vbmi

Memory: 4k page, system-wide physical 7991M (716M free)
TotalPageFile size 10039M (AvailPageFile size 72M)
current process WorkingSet (physical memory assigned to process): 381M, peak: 381M
current process commit charge ("private bytes"): 429M, peak: 513M

vm_info: OpenJDK 64-Bit Server VM (17.0.6+0-b2043.56-10027231) for windows-amd64 JRE (17.0.6+0-b2043.56-10027231), built on Apr 28 2023 00:43:19 by "androidbuild" with MS VC++ 16.10 / 16.11 (VS2019)

END.
