#
# There is insufficient memory for the Java Runtime Environment to continue.
# Native memory allocation (mmap) failed to map 222298112 bytes for G1 virtual space
# Possible reasons:
#   The system is out of physical RAM or swap space
#   The process is running with CompressedOops enabled, and the Java Heap may be blocking the growth of the native heap
# Possible solutions:
#   Reduce memory load on the system
#   Increase physical memory or swap space
#   Check if swap backing store is full
#   Decrease Java heap size (-Xmx/-Xms)
#   Decrease number of Java threads
#   Decrease Java thread stack sizes (-Xss)
#   Set larger code cache with -XX:ReservedCodeCacheSize=
#   JVM is running with Unscaled Compressed Oops mode in which the Java heap is
#     placed in the first 4GB address space. The Java Heap base address is the
#     maximum limit for the native heap growth. Please use -XX:HeapBaseMinAddress
#     to set the Java Heap base and to place the Java Heap above 4GB virtual address.
# This output file may be truncated or incomplete.
#
#  Out of Memory Error (os_windows.cpp:3769), pid=12536, tid=9120
#
# JRE version: OpenJDK Runtime Environment (17.0.6) (build 17.0.6+0-b2043.56-10027231)
# Java VM: OpenJDK 64-Bit Server VM (17.0.6+0-b2043.56-10027231, mixed mode, tiered, compressed oops, compressed class ptrs, g1 gc, windows-amd64)
# No core dump will be written. Minidumps are not enabled by default on client versions of Windows
#

---------------  S U M M A R Y ------------

Command Line: org.jetbrains.kotlin.cli.jvm.K2JVMCompiler @C:\Users\User\AndroidStudioProjects\RepairPal\customer\build\20231201_10344419336990982007.compiler.options

Host: 11th Gen Intel(R) Core(TM) i5-1135G7 @ 2.40GHz, 8 cores, 7G,  Windows 11 , 64 bit Build 22621 (10.0.22621.2506)
Time: Fri Dec  1 08:23:08 2023 E. Africa Standard Time elapsed time: 9.059825 seconds (0d 0h 0m 9s)

---------------  T H R E A D  ---------------

Current thread (0x0000028c2e08d930):  VMThread "VM Thread" [stack: 0x000000d68b400000,0x000000d68b500000] [id=9120]

Stack: [0x000000d68b400000,0x000000d68b500000]
Native frames: (J=compiled Java code, j=interpreted, Vv=VM code, C=native code)
V  [jvm.dll+0x683c9a]
V  [jvm.dll+0x8427a4]
V  [jvm.dll+0x843f9e]
V  [jvm.dll+0x844603]
V  [jvm.dll+0x249b75]
V  [jvm.dll+0x680b69]
V  [jvm.dll+0x67505a]
V  [jvm.dll+0x309acb]
V  [jvm.dll+0x310f86]
V  [jvm.dll+0x3608ee]
V  [jvm.dll+0x360b1f]
V  [jvm.dll+0x2dfbf8]
V  [jvm.dll+0x2ddec4]
V  [jvm.dll+0x2dd4cc]
V  [jvm.dll+0x321f3b]
V  [jvm.dll+0x848ccb]
V  [jvm.dll+0x849a04]
V  [jvm.dll+0x849f1d]
V  [jvm.dll+0x84a2f4]
V  [jvm.dll+0x84a3c0]
V  [jvm.dll+0x7f274a]
V  [jvm.dll+0x682ad5]
C  [ucrtbase.dll+0x29363]
C  [KERNEL32.DLL+0x1257d]
C  [ntdll.dll+0x5aa58]

VM_Operation (0x000000d68aefa040): G1CollectForAllocation, mode: safepoint, requested by thread 0x0000028c1244bad0


---------------  P R O C E S S  ---------------

Threads class SMR info:
_java_thread_list=0x0000028c335fd150, length=13, elements={
0x0000028c1244bad0, 0x0000028c2ec14270, 0x0000028c2ec14e20, 0x0000028c2e0a0d40,
0x0000028c2e0a18f0, 0x0000028c2e0a6840, 0x0000028c2ec45120, 0x0000028c2ec45d10,
0x0000028c2ec467b0, 0x0000028c2ec480c0, 0x0000028c2eda9460, 0x0000028c2edd7c20,
0x0000028c33123370
}

Java Threads: ( => current thread )
  0x0000028c1244bad0 JavaThread "main" [_thread_blocked, id=2016, stack(0x000000d68ae00000,0x000000d68af00000)]
  0x0000028c2ec14270 JavaThread "Reference Handler" daemon [_thread_blocked, id=15020, stack(0x000000d68b500000,0x000000d68b600000)]
  0x0000028c2ec14e20 JavaThread "Finalizer" daemon [_thread_blocked, id=14244, stack(0x000000d68b600000,0x000000d68b700000)]
  0x0000028c2e0a0d40 JavaThread "Signal Dispatcher" daemon [_thread_blocked, id=11052, stack(0x000000d68b700000,0x000000d68b800000)]
  0x0000028c2e0a18f0 JavaThread "Attach Listener" daemon [_thread_blocked, id=5492, stack(0x000000d68b800000,0x000000d68b900000)]
  0x0000028c2e0a6840 JavaThread "Service Thread" daemon [_thread_blocked, id=5124, stack(0x000000d68b900000,0x000000d68ba00000)]
  0x0000028c2ec45120 JavaThread "Monitor Deflation Thread" daemon [_thread_blocked, id=15788, stack(0x000000d68ba00000,0x000000d68bb00000)]
  0x0000028c2ec45d10 JavaThread "C2 CompilerThread0" daemon [_thread_blocked, id=11464, stack(0x000000d68bb00000,0x000000d68bc00000)]
  0x0000028c2ec467b0 JavaThread "C1 CompilerThread0" daemon [_thread_blocked, id=16004, stack(0x000000d68bc00000,0x000000d68bd00000)]
  0x0000028c2ec480c0 JavaThread "Sweeper thread" daemon [_thread_blocked, id=12220, stack(0x000000d68bd00000,0x000000d68be00000)]
  0x0000028c2eda9460 JavaThread "Notification Thread" daemon [_thread_blocked, id=14516, stack(0x000000d68be00000,0x000000d68bf00000)]
  0x0000028c2edd7c20 JavaThread "Common-Cleaner" daemon [_thread_blocked, id=14788, stack(0x000000d68c000000,0x000000d68c100000)]
  0x0000028c33123370 JavaThread "C2 CompilerThread1" daemon [_thread_blocked, id=2932, stack(0x000000d68c100000,0x000000d68c200000)]

Other Threads:
=>0x0000028c2e08d930 VMThread "VM Thread" [stack: 0x000000d68b400000,0x000000d68b500000] [id=9120]
  0x0000028c124d3020 WatcherThread [stack: 0x000000d68bf00000,0x000000d68c000000] [id=11808]
  0x0000028c124a73d0 GCTaskThread "GC Thread#0" [stack: 0x000000d68af00000,0x000000d68b000000] [id=8248]
  0x0000028c2f414c00 GCTaskThread "GC Thread#1" [stack: 0x000000d68c200000,0x000000d68c300000] [id=14312]
  0x0000028c2f414eb0 GCTaskThread "GC Thread#2" [stack: 0x000000d68c300000,0x000000d68c400000] [id=13456]
  0x0000028c2f44be60 GCTaskThread "GC Thread#3" [stack: 0x000000d68c400000,0x000000d68c500000] [id=3580]
  0x0000028c2f44c110 GCTaskThread "GC Thread#4" [stack: 0x000000d68c500000,0x000000d68c600000] [id=6840]
  0x0000028c30351880 GCTaskThread "GC Thread#5" [stack: 0x000000d68c700000,0x000000d68c800000] [id=10588]
  0x0000028c303525f0 GCTaskThread "GC Thread#6" [stack: 0x000000d68c800000,0x000000d68c900000] [id=7592]
  0x0000028c30351b30 GCTaskThread "GC Thread#7" [stack: 0x000000d68c900000,0x000000d68ca00000] [id=2596]
  0x0000028c124b7cd0 ConcurrentGCThread "G1 Main Marker" [stack: 0x000000d68b000000,0x000000d68b100000] [id=1040]
  0x0000028c124b86e0 ConcurrentGCThread "G1 Conc#0" [stack: 0x000000d68b100000,0x000000d68b200000] [id=6336]
  0x0000028c30351070 ConcurrentGCThread "G1 Conc#1" [stack: 0x000000d68ca00000,0x000000d68cb00000] [id=12332]
  0x0000028c1250d450 ConcurrentGCThread "G1 Refine#0" [stack: 0x000000d68b200000,0x000000d68b300000] [id=16196]
  0x0000028c341acaf0 ConcurrentGCThread "G1 Refine#1" [stack: 0x000000d68cb00000,0x000000d68cc00000] [id=9136]
  0x0000028c361d2d20 ConcurrentGCThread "G1 Refine#2" [stack: 0x000000d68c600000,0x000000d68c700000] [id=13152]
  0x0000028c1250de70 ConcurrentGCThread "G1 Service" [stack: 0x000000d68b300000,0x000000d68b400000] [id=11600]

Threads with active compile tasks:
C2 CompilerThread0     9071 13171       4       androidx.compose.compiler.plugins.kotlin.lower.ComposerTypeRemapper::underlyingRemapType (327 bytes)
C2 CompilerThread1     9071 13473       4       org.jetbrains.kotlin.descriptors.impl.FunctionDescriptorImpl::initialize (296 bytes)

VM state: at safepoint (normal execution)

VM Mutex/Monitor currently owned by a thread:  ([mutex/lock_event])
[0x0000028c124486a0] Threads_lock - owner thread: 0x0000028c2e08d930
[0x0000028c12448df0] Heap_lock - owner thread: 0x0000028c1244bad0

Heap address: 0x0000000083200000, size: 1998 MB, Compressed Oops mode: 32-bit

CDS archive(s) not mapped
Compressed class space mapped at: 0x0000000100000000-0x0000000140000000, reserved size: 1073741824
Narrow klass base: 0x0000000000000000, Narrow klass shift: 3, Narrow klass range: 0x140000000

GC Precious Log:
 CPUs: 8 total, 8 available
 Memory: 7991M
 Large Page Support: Disabled
 NUMA Support: Disabled
 Compressed Oops: Enabled (32-bit)
 Heap Region Size: 1M
 Heap Min Capacity: 8M
 Heap Initial Capacity: 126M
 Heap Max Capacity: 1998M
 Pre-touch: Disabled
 Parallel Workers: 8
 Concurrent Workers: 2
 Concurrent Refinement Workers: 8
 Periodic GC: Disabled

Heap:
 garbage-first heap   total 174080K, used 107130K [0x0000000083200000, 0x0000000100000000)
  region size 1024K, 1 young (1024K), 1 survivors (1024K)
 Metaspace       used 77991K, committed 78272K, reserved 1122304K
  class space    used 8790K, committed 8896K, reserved 1048576K

Heap Regions: E=young(eden), S=young(survivor), O=old, HS=humongous(starts), HC=humongous(continues), CS=collection set, F=free, OA=open archive, CA=closed archive, TAMS=top-at-mark-start (previous, next)
|   0|0x0000000083200000, 0x0000000083300000, 0x0000000083300000|100%|HS|  |TAMS 0x0000000083300000, 0x0000000083200000| Complete 
|   1|0x0000000083300000, 0x0000000083400000, 0x0000000083400000|100%|HC|  |TAMS 0x0000000083400000, 0x0000000083300000| Complete 
|   2|0x0000000083400000, 0x0000000083500000, 0x0000000083500000|100%|HC|  |TAMS 0x0000000083500000, 0x0000000083400000| Complete 
|   3|0x0000000083500000, 0x0000000083600000, 0x0000000083600000|100%|HC|  |TAMS 0x0000000083600000, 0x0000000083500000| Complete 
|   4|0x0000000083600000, 0x0000000083700000, 0x0000000083700000|100%| O|  |TAMS 0x0000000083700000, 0x0000000083600000| Untracked 
|   5|0x0000000083700000, 0x0000000083800000, 0x0000000083800000|100%| O|  |TAMS 0x0000000083800000, 0x0000000083700000| Untracked 
|   6|0x0000000083800000, 0x0000000083900000, 0x0000000083900000|100%| O|  |TAMS 0x0000000083900000, 0x0000000083800000| Untracked 
|   7|0x0000000083900000, 0x0000000083a00000, 0x0000000083a00000|100%|HS|  |TAMS 0x0000000083a00000, 0x0000000083900000| Complete 
|   8|0x0000000083a00000, 0x0000000083b00000, 0x0000000083b00000|100%|HC|  |TAMS 0x0000000083b00000, 0x0000000083a00000| Complete 
|   9|0x0000000083b00000, 0x0000000083c00000, 0x0000000083c00000|100%|HC|  |TAMS 0x0000000083c00000, 0x0000000083b00000| Complete 
|  10|0x0000000083c00000, 0x0000000083d00000, 0x0000000083d00000|100%|HC|  |TAMS 0x0000000083d00000, 0x0000000083c00000| Complete 
|  11|0x0000000083d00000, 0x0000000083e00000, 0x0000000083e00000|100%| O|  |TAMS 0x0000000083e00000, 0x0000000083d00000| Untracked 
|  12|0x0000000083e00000, 0x0000000083f00000, 0x0000000083f00000|100%| O|  |TAMS 0x0000000083f00000, 0x0000000083e00000| Untracked 
|  13|0x0000000083f00000, 0x0000000084000000, 0x0000000084000000|100%| O|  |TAMS 0x0000000084000000, 0x0000000083f00000| Untracked 
|  14|0x0000000084000000, 0x0000000084100000, 0x0000000084100000|100%| O|  |TAMS 0x0000000084100000, 0x0000000084000000| Untracked 
|  15|0x0000000084100000, 0x0000000084200000, 0x0000000084200000|100%| O|  |TAMS 0x0000000084200000, 0x0000000084100000| Untracked 
|  16|0x0000000084200000, 0x0000000084300000, 0x0000000084300000|100%| O|  |TAMS 0x0000000084300000, 0x0000000084200000| Untracked 
|  17|0x0000000084300000, 0x0000000084400000, 0x0000000084400000|100%| O|  |TAMS 0x0000000084400000, 0x0000000084300000| Untracked 
|  18|0x0000000084400000, 0x0000000084500000, 0x0000000084500000|100%| O|  |TAMS 0x0000000084500000, 0x0000000084400000| Untracked 
|  19|0x0000000084500000, 0x0000000084600000, 0x0000000084600000|100%| O|  |TAMS 0x0000000084600000, 0x0000000084500000| Untracked 
|  20|0x0000000084600000, 0x0000000084700000, 0x0000000084700000|100%| O|  |TAMS 0x0000000084700000, 0x0000000084600000| Untracked 
|  21|0x0000000084700000, 0x0000000084800000, 0x0000000084800000|100%| O|  |TAMS 0x0000000084800000, 0x0000000084700000| Untracked 
|  22|0x0000000084800000, 0x0000000084900000, 0x0000000084900000|100%| O|  |TAMS 0x0000000084900000, 0x0000000084800000| Untracked 
|  23|0x0000000084900000, 0x0000000084a00000, 0x0000000084a00000|100%| O|  |TAMS 0x0000000084a00000, 0x0000000084900000| Untracked 
|  24|0x0000000084a00000, 0x0000000084b00000, 0x0000000084b00000|100%| O|  |TAMS 0x0000000084b00000, 0x0000000084a00000| Untracked 
|  25|0x0000000084b00000, 0x0000000084c00000, 0x0000000084c00000|100%| O|  |TAMS 0x0000000084c00000, 0x0000000084b00000| Untracked 
|  26|0x0000000084c00000, 0x0000000084d00000, 0x0000000084d00000|100%| O|  |TAMS 0x0000000084d00000, 0x0000000084c00000| Untracked 
|  27|0x0000000084d00000, 0x0000000084e00000, 0x0000000084e00000|100%| O|  |TAMS 0x0000000084e00000, 0x0000000084d00000| Untracked 
|  28|0x0000000084e00000, 0x0000000084f00000, 0x0000000084f00000|100%|HS|  |TAMS 0x0000000084f00000, 0x0000000084e00000| Complete 
|  29|0x0000000084f00000, 0x0000000085000000, 0x0000000085000000|100%|HC|  |TAMS 0x0000000085000000, 0x0000000084f00000| Complete 
|  30|0x0000000085000000, 0x0000000085100000, 0x0000000085100000|100%| O|  |TAMS 0x0000000085100000, 0x0000000085000000| Untracked 
|  31|0x0000000085100000, 0x0000000085200000, 0x0000000085200000|100%| O|  |TAMS 0x0000000085200000, 0x0000000085100000| Untracked 
|  32|0x0000000085200000, 0x0000000085300000, 0x0000000085300000|100%| O|  |TAMS 0x0000000085300000, 0x0000000085200000| Untracked 
|  33|0x0000000085300000, 0x0000000085400000, 0x0000000085400000|100%| O|  |TAMS 0x0000000085300000, 0x0000000085300000| Untracked 
|  34|0x0000000085400000, 0x0000000085500000, 0x0000000085500000|100%| O|  |TAMS 0x0000000085500000, 0x0000000085400000| Untracked 
|  35|0x0000000085500000, 0x0000000085600000, 0x0000000085600000|100%| O|  |TAMS 0x0000000085600000, 0x0000000085500000| Untracked 
|  36|0x0000000085600000, 0x0000000085700000, 0x0000000085700000|100%| O|  |TAMS 0x0000000085700000, 0x0000000085600000| Untracked 
|  37|0x0000000085700000, 0x0000000085800000, 0x0000000085800000|100%| O|  |TAMS 0x0000000085800000, 0x0000000085700000| Untracked 
|  38|0x0000000085800000, 0x0000000085900000, 0x0000000085900000|100%| O|  |TAMS 0x0000000085900000, 0x0000000085800000| Untracked 
|  39|0x0000000085900000, 0x0000000085a00000, 0x0000000085a00000|100%| O|  |TAMS 0x0000000085a00000, 0x0000000085900000| Untracked 
|  40|0x0000000085a00000, 0x0000000085b00000, 0x0000000085b00000|100%| O|  |TAMS 0x0000000085b00000, 0x0000000085a00000| Untracked 
|  41|0x0000000085b00000, 0x0000000085c00000, 0x0000000085c00000|100%| O|  |TAMS 0x0000000085c00000, 0x0000000085b00000| Untracked 
|  42|0x0000000085c00000, 0x0000000085d00000, 0x0000000085d00000|100%| O|  |TAMS 0x0000000085d00000, 0x0000000085c00000| Untracked 
|  43|0x0000000085d00000, 0x0000000085e00000, 0x0000000085e00000|100%| O|  |TAMS 0x0000000085e00000, 0x0000000085d00000| Untracked 
|  44|0x0000000085e00000, 0x0000000085f00000, 0x0000000085f00000|100%| O|  |TAMS 0x0000000085f00000, 0x0000000085e00000| Untracked 
|  45|0x0000000085f00000, 0x0000000086000000, 0x0000000086000000|100%| O|  |TAMS 0x0000000086000000, 0x0000000085f00000| Untracked 
|  46|0x0000000086000000, 0x0000000086100000, 0x0000000086100000|100%| O|  |TAMS 0x0000000086100000, 0x0000000086000000| Untracked 
|  47|0x0000000086100000, 0x0000000086200000, 0x0000000086200000|100%| O|  |TAMS 0x0000000086200000, 0x0000000086100000| Untracked 
|  48|0x0000000086200000, 0x0000000086300000, 0x0000000086300000|100%| O|  |TAMS 0x0000000086300000, 0x0000000086200000| Untracked 
|  49|0x0000000086300000, 0x0000000086400000, 0x0000000086400000|100%| O|  |TAMS 0x0000000086400000, 0x0000000086300000| Untracked 
|  50|0x0000000086400000, 0x0000000086500000, 0x0000000086500000|100%| O|  |TAMS 0x0000000086500000, 0x0000000086400000| Untracked 
|  51|0x0000000086500000, 0x0000000086600000, 0x0000000086600000|100%| O|  |TAMS 0x0000000086600000, 0x0000000086500000| Untracked 
|  52|0x0000000086600000, 0x0000000086700000, 0x0000000086700000|100%| O|  |TAMS 0x0000000086700000, 0x0000000086600000| Untracked 
|  53|0x0000000086700000, 0x0000000086800000, 0x0000000086800000|100%| O|  |TAMS 0x0000000086800000, 0x0000000086700000| Untracked 
|  54|0x0000000086800000, 0x0000000086900000, 0x0000000086900000|100%| O|  |TAMS 0x0000000086900000, 0x0000000086800000| Untracked 
|  55|0x0000000086900000, 0x0000000086a00000, 0x0000000086a00000|100%| O|  |TAMS 0x0000000086a00000, 0x0000000086900000| Untracked 
|  56|0x0000000086a00000, 0x0000000086b00000, 0x0000000086b00000|100%| O|  |TAMS 0x0000000086b00000, 0x0000000086a00000| Untracked 
|  57|0x0000000086b00000, 0x0000000086c00000, 0x0000000086c00000|100%| O|  |TAMS 0x0000000086c00000, 0x0000000086b00000| Untracked 
|  58|0x0000000086c00000, 0x0000000086d00000, 0x0000000086d00000|100%| O|  |TAMS 0x0000000086d00000, 0x0000000086c00000| Untracked 
|  59|0x0000000086d00000, 0x0000000086e00000, 0x0000000086e00000|100%| O|  |TAMS 0x0000000086e00000, 0x0000000086d00000| Untracked 
|  60|0x0000000086e00000, 0x0000000086f00000, 0x0000000086f00000|100%| O|  |TAMS 0x0000000086f00000, 0x0000000086e00000| Untracked 
|  61|0x0000000086f00000, 0x0000000087000000, 0x0000000087000000|100%| O|  |TAMS 0x0000000087000000, 0x0000000086f00000| Untracked 
|  62|0x0000000087000000, 0x0000000087100000, 0x0000000087100000|100%| O|  |TAMS 0x0000000087100000, 0x0000000087000000| Untracked 
|  63|0x0000000087100000, 0x0000000087200000, 0x0000000087200000|100%| O|  |TAMS 0x0000000087200000, 0x0000000087100000| Untracked 
|  64|0x0000000087200000, 0x0000000087300000, 0x0000000087300000|100%| O|  |TAMS 0x0000000087300000, 0x0000000087200000| Untracked 
|  65|0x0000000087300000, 0x0000000087400000, 0x0000000087400000|100%| O|  |TAMS 0x0000000087400000, 0x0000000087300000| Untracked 
|  66|0x0000000087400000, 0x0000000087500000, 0x0000000087500000|100%| O|  |TAMS 0x0000000087500000, 0x0000000087400000| Untracked 
|  67|0x0000000087500000, 0x0000000087600000, 0x0000000087600000|100%| O|  |TAMS 0x0000000087600000, 0x0000000087500000| Untracked 
|  68|0x0000000087600000, 0x0000000087700000, 0x0000000087700000|100%| O|  |TAMS 0x0000000087700000, 0x0000000087600000| Untracked 
|  69|0x0000000087700000, 0x0000000087800000, 0x0000000087800000|100%| O|  |TAMS 0x0000000087800000, 0x0000000087700000| Untracked 
|  70|0x0000000087800000, 0x0000000087900000, 0x0000000087900000|100%| O|  |TAMS 0x0000000087900000, 0x0000000087800000| Untracked 
|  71|0x0000000087900000, 0x0000000087a00000, 0x0000000087a00000|100%| O|  |TAMS 0x0000000087a00000, 0x0000000087900000| Untracked 
|  72|0x0000000087a00000, 0x0000000087b00000, 0x0000000087b00000|100%| O|  |TAMS 0x0000000087b00000, 0x0000000087a00000| Untracked 
|  73|0x0000000087b00000, 0x0000000087c00000, 0x0000000087c00000|100%| O|  |TAMS 0x0000000087c00000, 0x0000000087b00000| Untracked 
|  74|0x0000000087c00000, 0x0000000087d00000, 0x0000000087d00000|100%| O|  |TAMS 0x0000000087d00000, 0x0000000087c00000| Untracked 
|  75|0x0000000087d00000, 0x0000000087e00000, 0x0000000087e00000|100%| O|  |TAMS 0x0000000087e00000, 0x0000000087d00000| Untracked 
|  76|0x0000000087e00000, 0x0000000087f00000, 0x0000000087f00000|100%| O|  |TAMS 0x0000000087f00000, 0x0000000087e00000| Untracked 
|  77|0x0000000087f00000, 0x0000000088000000, 0x0000000088000000|100%| O|  |TAMS 0x0000000088000000, 0x0000000087f00000| Untracked 
|  78|0x0000000088000000, 0x0000000088100000, 0x0000000088100000|100%| O|  |TAMS 0x0000000088100000, 0x0000000088000000| Untracked 
|  79|0x0000000088100000, 0x0000000088200000, 0x0000000088200000|100%| O|  |TAMS 0x0000000088200000, 0x0000000088100000| Untracked 
|  80|0x0000000088200000, 0x0000000088300000, 0x0000000088300000|100%| O|  |TAMS 0x0000000088300000, 0x0000000088200000| Untracked 
|  81|0x0000000088300000, 0x0000000088400000, 0x0000000088400000|100%| O|  |TAMS 0x0000000088400000, 0x0000000088300000| Untracked 
|  82|0x0000000088400000, 0x0000000088400000, 0x0000000088500000|  0%| F|  |TAMS 0x0000000088400000, 0x0000000088400000| Untracked 
|  83|0x0000000088500000, 0x0000000088600000, 0x0000000088600000|100%| O|  |TAMS 0x0000000088600000, 0x0000000088500000| Untracked 
|  84|0x0000000088600000, 0x0000000088700000, 0x0000000088700000|100%| O|  |TAMS 0x0000000088700000, 0x0000000088600000| Untracked 
|  85|0x0000000088700000, 0x0000000088800000, 0x0000000088800000|100%| O|  |TAMS 0x0000000088800000, 0x0000000088700000| Untracked 
|  86|0x0000000088800000, 0x0000000088900000, 0x0000000088900000|100%| O|  |TAMS 0x0000000088900000, 0x0000000088800000| Untracked 
|  87|0x0000000088900000, 0x0000000088a00000, 0x0000000088a00000|100%| O|  |TAMS 0x0000000088a00000, 0x0000000088900000| Untracked 
|  88|0x0000000088a00000, 0x0000000088b00000, 0x0000000088b00000|100%| O|  |TAMS 0x0000000088b00000, 0x0000000088a00000| Untracked 
|  89|0x0000000088b00000, 0x0000000088c00000, 0x0000000088c00000|100%| O|  |TAMS 0x0000000088be2200, 0x0000000088b00000| Untracked 
|  90|0x0000000088c00000, 0x0000000088d00000, 0x0000000088d00000|100%| O|  |TAMS 0x0000000088c00000, 0x0000000088c00000| Untracked 
|  91|0x0000000088d00000, 0x0000000088e00000, 0x0000000088e00000|100%| O|  |TAMS 0x0000000088d00000, 0x0000000088d00000| Untracked 
|  92|0x0000000088e00000, 0x0000000088f00000, 0x0000000088f00000|100%| O|  |TAMS 0x0000000088e00000, 0x0000000088e00000| Untracked 
|  93|0x0000000088f00000, 0x0000000089000000, 0x0000000089000000|100%| O|  |TAMS 0x0000000088f00000, 0x0000000088f00000| Untracked 
|  94|0x0000000089000000, 0x0000000089100000, 0x0000000089100000|100%| O|  |TAMS 0x0000000089000000, 0x0000000089000000| Untracked 
|  95|0x0000000089100000, 0x0000000089200000, 0x0000000089200000|100%| O|  |TAMS 0x0000000089100000, 0x0000000089100000| Untracked 
|  96|0x0000000089200000, 0x0000000089300000, 0x0000000089300000|100%| O|  |TAMS 0x0000000089200000, 0x0000000089200000| Untracked 
|  97|0x0000000089300000, 0x0000000089400000, 0x0000000089400000|100%| O|  |TAMS 0x0000000089300000, 0x0000000089300000| Untracked 
|  98|0x0000000089400000, 0x0000000089500000, 0x0000000089500000|100%| O|  |TAMS 0x0000000089400000, 0x0000000089400000| Untracked 
|  99|0x0000000089500000, 0x0000000089600000, 0x0000000089600000|100%| O|  |TAMS 0x0000000089500000, 0x0000000089500000| Untracked 
| 100|0x0000000089600000, 0x0000000089700000, 0x0000000089700000|100%| O|  |TAMS 0x0000000089600000, 0x0000000089600000| Untracked 
| 101|0x0000000089700000, 0x0000000089800000, 0x0000000089800000|100%| O|  |TAMS 0x0000000089700000, 0x0000000089700000| Untracked 
| 102|0x0000000089800000, 0x0000000089900000, 0x0000000089900000|100%| O|  |TAMS 0x0000000089800000, 0x0000000089800000| Untracked 
| 103|0x0000000089900000, 0x0000000089a00000, 0x0000000089a00000|100%| O|  |TAMS 0x0000000089900000, 0x0000000089900000| Untracked 
| 104|0x0000000089a00000, 0x0000000089abd800, 0x0000000089b00000| 74%| O|  |TAMS 0x0000000089a00000, 0x0000000089a00000| Untracked 
| 105|0x0000000089b00000, 0x0000000089b00000, 0x0000000089c00000|  0%| F|  |TAMS 0x0000000089b00000, 0x0000000089b00000| Untracked 
| 106|0x0000000089c00000, 0x0000000089c00000, 0x0000000089d00000|  0%| F|  |TAMS 0x0000000089c00000, 0x0000000089c00000| Untracked 
| 107|0x0000000089d00000, 0x0000000089d00000, 0x0000000089e00000|  0%| F|  |TAMS 0x0000000089d00000, 0x0000000089d00000| Untracked 
| 108|0x0000000089e00000, 0x0000000089e00000, 0x0000000089f00000|  0%| F|  |TAMS 0x0000000089e00000, 0x0000000089e00000| Untracked 
| 109|0x0000000089f00000, 0x0000000089f00000, 0x000000008a000000|  0%| F|  |TAMS 0x0000000089f00000, 0x0000000089f00000| Untracked 
| 110|0x000000008a000000, 0x000000008a000000, 0x000000008a100000|  0%| F|  |TAMS 0x000000008a000000, 0x000000008a000000| Untracked 
| 111|0x000000008a100000, 0x000000008a100000, 0x000000008a200000|  0%| F|  |TAMS 0x000000008a100000, 0x000000008a100000| Untracked 
| 112|0x000000008a200000, 0x000000008a200000, 0x000000008a300000|  0%| F|  |TAMS 0x000000008a200000, 0x000000008a200000| Untracked 
| 113|0x000000008a300000, 0x000000008a300000, 0x000000008a400000|  0%| F|  |TAMS 0x000000008a300000, 0x000000008a300000| Untracked 
| 114|0x000000008a400000, 0x000000008a400000, 0x000000008a500000|  0%| F|  |TAMS 0x000000008a400000, 0x000000008a400000| Untracked 
| 115|0x000000008a500000, 0x000000008a500000, 0x000000008a600000|  0%| F|  |TAMS 0x000000008a500000, 0x000000008a500000| Untracked 
| 116|0x000000008a600000, 0x000000008a600000, 0x000000008a700000|  0%| F|  |TAMS 0x000000008a600000, 0x000000008a600000| Untracked 
| 117|0x000000008a700000, 0x000000008a700000, 0x000000008a800000|  0%| F|  |TAMS 0x000000008a700000, 0x000000008a700000| Untracked 
| 118|0x000000008a800000, 0x000000008a800000, 0x000000008a900000|  0%| F|  |TAMS 0x000000008a800000, 0x000000008a800000| Untracked 
| 119|0x000000008a900000, 0x000000008a900000, 0x000000008aa00000|  0%| F|  |TAMS 0x000000008a900000, 0x000000008a900000| Untracked 
| 120|0x000000008aa00000, 0x000000008aa00000, 0x000000008ab00000|  0%| F|  |TAMS 0x000000008aa00000, 0x000000008aa00000| Untracked 
| 121|0x000000008ab00000, 0x000000008ab00000, 0x000000008ac00000|  0%| F|  |TAMS 0x000000008ab00000, 0x000000008ab00000| Untracked 
| 122|0x000000008ac00000, 0x000000008ac00000, 0x000000008ad00000|  0%| F|  |TAMS 0x000000008ac00000, 0x000000008ac00000| Untracked 
| 123|0x000000008ad00000, 0x000000008ad00000, 0x000000008ae00000|  0%| F|  |TAMS 0x000000008ad00000, 0x000000008ad00000| Untracked 
| 124|0x000000008ae00000, 0x000000008ae00000, 0x000000008af00000|  0%| F|  |TAMS 0x000000008ae00000, 0x000000008ae00000| Untracked 
| 125|0x000000008af00000, 0x000000008af00000, 0x000000008b000000|  0%| F|  |TAMS 0x000000008af00000, 0x000000008af00000| Untracked 
| 126|0x000000008b000000, 0x000000008b000000, 0x000000008b100000|  0%| F|  |TAMS 0x000000008b000000, 0x000000008b000000| Untracked 
| 127|0x000000008b100000, 0x000000008b100000, 0x000000008b200000|  0%| F|  |TAMS 0x000000008b100000, 0x000000008b100000| Untracked 
| 128|0x000000008b200000, 0x000000008b200000, 0x000000008b300000|  0%| F|  |TAMS 0x000000008b200000, 0x000000008b200000| Untracked 
| 129|0x000000008b300000, 0x000000008b300000, 0x000000008b400000|  0%| F|  |TAMS 0x000000008b300000, 0x000000008b300000| Untracked 
| 130|0x000000008b400000, 0x000000008b400000, 0x000000008b500000|  0%| F|  |TAMS 0x000000008b400000, 0x000000008b400000| Untracked 
| 131|0x000000008b500000, 0x000000008b500000, 0x000000008b600000|  0%| F|  |TAMS 0x000000008b500000, 0x000000008b500000| Untracked 
| 132|0x000000008b600000, 0x000000008b600000, 0x000000008b700000|  0%| F|  |TAMS 0x000000008b600000, 0x000000008b600000| Untracked 
| 133|0x000000008b700000, 0x000000008b700000, 0x000000008b800000|  0%| F|  |TAMS 0x000000008b700000, 0x000000008b700000| Untracked 
| 134|0x000000008b800000, 0x000000008b800000, 0x000000008b900000|  0%| F|  |TAMS 0x000000008b800000, 0x000000008b800000| Untracked 
| 135|0x000000008b900000, 0x000000008b900000, 0x000000008ba00000|  0%| F|  |TAMS 0x000000008b900000, 0x000000008b900000| Untracked 
| 136|0x000000008ba00000, 0x000000008ba00000, 0x000000008bb00000|  0%| F|  |TAMS 0x000000008ba00000, 0x000000008ba00000| Untracked 
| 137|0x000000008bb00000, 0x000000008bb00000, 0x000000008bc00000|  0%| F|  |TAMS 0x000000008bb00000, 0x000000008bb00000| Untracked 
| 138|0x000000008bc00000, 0x000000008bc00000, 0x000000008bd00000|  0%| F|  |TAMS 0x000000008bc00000, 0x000000008bc00000| Untracked 
| 139|0x000000008bd00000, 0x000000008bd00000, 0x000000008be00000|  0%| F|  |TAMS 0x000000008bd00000, 0x000000008bd00000| Untracked 
| 140|0x000000008be00000, 0x000000008be00000, 0x000000008bf00000|  0%| F|  |TAMS 0x000000008be00000, 0x000000008be00000| Untracked 
| 141|0x000000008bf00000, 0x000000008bf00000, 0x000000008c000000|  0%| F|  |TAMS 0x000000008bf00000, 0x000000008bf00000| Untracked 
| 142|0x000000008c000000, 0x000000008c000000, 0x000000008c100000|  0%| F|  |TAMS 0x000000008c000000, 0x000000008c000000| Untracked 
| 143|0x000000008c100000, 0x000000008c100000, 0x000000008c200000|  0%| F|  |TAMS 0x000000008c100000, 0x000000008c100000| Untracked 
| 144|0x000000008c200000, 0x000000008c200000, 0x000000008c300000|  0%| F|  |TAMS 0x000000008c200000, 0x000000008c200000| Untracked 
| 145|0x000000008c300000, 0x000000008c300000, 0x000000008c400000|  0%| F|  |TAMS 0x000000008c300000, 0x000000008c300000| Untracked 
| 146|0x000000008c400000, 0x000000008c400000, 0x000000008c500000|  0%| F|  |TAMS 0x000000008c400000, 0x000000008c400000| Untracked 
| 147|0x000000008c500000, 0x000000008c500000, 0x000000008c600000|  0%| F|  |TAMS 0x000000008c500000, 0x000000008c500000| Untracked 
| 148|0x000000008c600000, 0x000000008c600000, 0x000000008c700000|  0%| F|  |TAMS 0x000000008c600000, 0x000000008c600000| Untracked 
| 149|0x000000008c700000, 0x000000008c700000, 0x000000008c800000|  0%| F|  |TAMS 0x000000008c700000, 0x000000008c700000| Untracked 
| 150|0x000000008c800000, 0x000000008c800000, 0x000000008c900000|  0%| F|  |TAMS 0x000000008c800000, 0x000000008c800000| Untracked 
| 151|0x000000008c900000, 0x000000008c900000, 0x000000008ca00000|  0%| F|  |TAMS 0x000000008c900000, 0x000000008c900000| Untracked 
| 152|0x000000008ca00000, 0x000000008ca00000, 0x000000008cb00000|  0%| F|  |TAMS 0x000000008ca00000, 0x000000008ca00000| Untracked 
| 153|0x000000008cb00000, 0x000000008cb00000, 0x000000008cc00000|  0%| F|  |TAMS 0x000000008cb00000, 0x000000008cb00000| Untracked 
| 154|0x000000008cc00000, 0x000000008cc00000, 0x000000008cd00000|  0%| F|  |TAMS 0x000000008cc00000, 0x000000008cc00000| Untracked 
| 155|0x000000008cd00000, 0x000000008cd00000, 0x000000008ce00000|  0%| F|  |TAMS 0x000000008cd00000, 0x000000008cd00000| Untracked 
| 156|0x000000008ce00000, 0x000000008ce00000, 0x000000008cf00000|  0%| F|  |TAMS 0x000000008ce00000, 0x000000008ce00000| Untracked 
| 157|0x000000008cf00000, 0x000000008cf00000, 0x000000008d000000|  0%| F|  |TAMS 0x000000008cf00000, 0x000000008cf00000| Untracked 
| 158|0x000000008d000000, 0x000000008d000000, 0x000000008d100000|  0%| F|  |TAMS 0x000000008d000000, 0x000000008d000000| Untracked 
| 159|0x000000008d100000, 0x000000008d100000, 0x000000008d200000|  0%| F|  |TAMS 0x000000008d100000, 0x000000008d100000| Untracked 
| 160|0x000000008d200000, 0x000000008d200000, 0x000000008d300000|  0%| F|  |TAMS 0x000000008d200000, 0x000000008d200000| Untracked 
| 161|0x000000008d300000, 0x000000008d300000, 0x000000008d400000|  0%| F|  |TAMS 0x000000008d300000, 0x000000008d300000| Untracked 
| 162|0x000000008d400000, 0x000000008d400000, 0x000000008d500000|  0%| F|  |TAMS 0x000000008d400000, 0x000000008d400000| Untracked 
| 163|0x000000008d500000, 0x000000008d500000, 0x000000008d600000|  0%| F|  |TAMS 0x000000008d500000, 0x000000008d500000| Untracked 
| 164|0x000000008d600000, 0x000000008d600000, 0x000000008d700000|  0%| F|  |TAMS 0x000000008d600000, 0x000000008d600000| Untracked 
| 165|0x000000008d700000, 0x000000008d700000, 0x000000008d800000|  0%| F|  |TAMS 0x000000008d700000, 0x000000008d700000| Untracked 
| 166|0x000000008d800000, 0x000000008d8e11c0, 0x000000008d900000| 87%| S|CS|TAMS 0x000000008d800000, 0x000000008d800000| Complete 
| 167|0x000000008d900000, 0x000000008d900000, 0x000000008da00000|  0%| F|  |TAMS 0x000000008d900000, 0x000000008d900000| Untracked 
| 168|0x000000008da00000, 0x000000008da00000, 0x000000008db00000|  0%| F|  |TAMS 0x000000008da00000, 0x000000008da00000| Untracked 
| 169|0x000000008db00000, 0x000000008db00000, 0x000000008dc00000|  0%| F|  |TAMS 0x000000008db00000, 0x000000008db00000| Untracked 

Card table byte_map: [0x0000028c26f40000,0x0000028c27330000] _byte_map_base: 0x0000028c26b27000

Marking Bits (Prev, Next): (CMBitMap*) 0x0000028c124a7a20, (CMBitMap*) 0x0000028c124a79e0
 Prev Bits: [0x0000028c29660000, 0x0000028c2b598000)
 Next Bits: [0x0000028c27720000, 0x0000028c29658000)

Polling page: 0x0000028c12510000

Metaspace:

Usage:
  Non-class:     67.58 MB used.
      Class:      8.58 MB used.
       Both:     76.16 MB used.

Virtual space:
  Non-class space:       72.00 MB reserved,      67.75 MB ( 94%) committed,  9 nodes.
      Class space:        1.00 GB reserved,       8.69 MB ( <1%) committed,  1 nodes.
             Both:        1.07 GB reserved,      76.44 MB (  7%) committed. 

Chunk freelists:
   Non-Class:  176.00 KB
       Class:  3.25 MB
        Both:  3.42 MB

MaxMetaspaceSize: unlimited
CompressedClassSpaceSize: 1.00 GB
Initial GC threshold: 21.00 MB
Current GC threshold: 127.00 MB
CDS: off
MetaspaceReclaimPolicy: balanced
 - commit_granule_bytes: 65536.
 - commit_granule_words: 8192.
 - virtual_space_node_default_size: 1048576.
 - enlarge_chunks_in_place: 1.
 - new_chunks_are_fully_committed: 0.
 - uncommit_free_chunks: 1.
 - use_allocation_guard: 0.
 - handle_deallocations: 1.


Internal statistics:

num_allocs_failed_limit: 6.
num_arena_births: 390.
num_arena_deaths: 0.
num_vsnodes_births: 10.
num_vsnodes_deaths: 0.
num_space_committed: 1221.
num_space_uncommitted: 0.
num_chunks_returned_to_freelist: 6.
num_chunks_taken_from_freelist: 2909.
num_chunk_merges: 6.
num_chunk_splits: 2302.
num_chunks_enlarged: 1972.
num_purges: 0.
num_inconsistent_stats: 0.

CodeHeap 'non-profiled nmethods': size=120000Kb used=6568Kb max_used=6737Kb free=113431Kb
 bounds [0x0000028c1ebb0000, 0x0000028c1f250000, 0x0000028c260e0000]
CodeHeap 'profiled nmethods': size=120000Kb used=29921Kb max_used=30901Kb free=90078Kb
 bounds [0x0000028c170e0000, 0x0000028c18f30000, 0x0000028c1e610000]
CodeHeap 'non-nmethods': size=5760Kb used=1467Kb max_used=1473Kb free=4292Kb
 bounds [0x0000028c1e610000, 0x0000028c1e880000, 0x0000028c1ebb0000]
 total_blobs=11823 nmethods=11096 adapters=634
 compilation: enabled
              stopped_count=0, restarted_count=0
 full_count=0

Compilation events (20 events):
Event: 9.023 Thread 0x0000028c2ec467b0 13512       2       org.jetbrains.kotlin.ir.declarations.impl.IrClassImpl::setTypeParameters (12 bytes)
Event: 9.023 Thread 0x0000028c2ec467b0 nmethod 13512 0x0000028c1815d610 code [0x0000028c1815d7e0, 0x0000028c1815dad8]
Event: 9.023 Thread 0x0000028c2ec467b0 13517       2       org.jetbrains.kotlin.ir.visitors.IrElementTransformerVoid::visitConstructor (10 bytes)
Event: 9.023 Thread 0x0000028c2ec467b0 nmethod 13517 0x0000028c18d17390 code [0x0000028c18d17580, 0x0000028c18d17888]
Event: 9.023 Thread 0x0000028c2ec467b0 13518       2       org.jetbrains.kotlin.ir.visitors.IrElementTransformerVoid::visitConstructor (12 bytes)
Event: 9.023 Thread 0x0000028c2ec467b0 nmethod 13518 0x0000028c18d16d10 code [0x0000028c18d16f00, 0x0000028c18d171c8]
Event: 9.023 Thread 0x0000028c2ec467b0 13519       2       org.jetbrains.kotlin.ir.declarations.impl.IrConstructorImpl::setTypeParameters (12 bytes)
Event: 9.024 Thread 0x0000028c2ec467b0 nmethod 13519 0x0000028c18d16610 code [0x0000028c18d167e0, 0x0000028c18d16ad8]
Event: 9.024 Thread 0x0000028c2ec467b0 13520       2       org.jetbrains.kotlin.ir.visitors.IrElementTransformerVoid::visitDelegatingConstructorCall (10 bytes)
Event: 9.024 Thread 0x0000028c2ec467b0 nmethod 13520 0x0000028c180a4f10 code [0x0000028c180a5100, 0x0000028c180a5408]
Event: 9.024 Thread 0x0000028c2ec467b0 13521       2       org.jetbrains.kotlin.ir.visitors.IrElementTransformerVoid::visitDelegatingConstructorCall (13 bytes)
Event: 9.024 Thread 0x0000028c2ec467b0 nmethod 13521 0x0000028c180a4890 code [0x0000028c180a4a80, 0x0000028c180a4d48]
Event: 9.024 Thread 0x0000028c2ec467b0 13523       2       org.jetbrains.kotlin.ir.visitors.IrElementTransformerVoid::visitDelegatingConstructorCall (16 bytes)
Event: 9.025 Thread 0x0000028c2ec467b0 nmethod 13523 0x0000028c180a3f10 code [0x0000028c180a4140, 0x0000028c180a4588]
Event: 9.026 Thread 0x0000028c2ec467b0 13524       2       org.jetbrains.kotlin.ir.declarations.lazy.IrLazyFunction::getAnnotations (19 bytes)
Event: 9.026 Thread 0x0000028c2ec467b0 nmethod 13524 0x0000028c18d20e10 code [0x0000028c18d20fc0, 0x0000028c18d21168]
Event: 9.028 Thread 0x0000028c33123370 nmethod 13349 0x0000028c1f18ff90 code [0x0000028c1f1901e0, 0x0000028c1f1908e0]
Event: 9.028 Thread 0x0000028c33123370 13473       4       org.jetbrains.kotlin.descriptors.impl.FunctionDescriptorImpl::initialize (296 bytes)
Event: 9.029 Thread 0x0000028c2ec467b0 13525       2       org.jetbrains.kotlin.serialization.deserialization.DeserializationContext::childContext$default (68 bytes)
Event: 9.029 Thread 0x0000028c2ec467b0 nmethod 13525 0x0000028c17b52990 code [0x0000028c17b52b40, 0x0000028c17b52ca8]

GC Heap History (20 events):
Event: 3.884 GC heap after
{Heap after GC invocations=15 (full 0):
 garbage-first heap   total 109568K, used 55296K [0x0000000083200000, 0x0000000100000000)
  region size 1024K, 5 young (5120K), 5 survivors (5120K)
 Metaspace       used 58045K, committed 58368K, reserved 1105920K
  class space    used 6754K, committed 6912K, reserved 1048576K
}
Event: 3.922 GC heap before
{Heap before GC invocations=15 (full 0):
 garbage-first heap   total 109568K, used 84992K [0x0000000083200000, 0x0000000100000000)
  region size 1024K, 34 young (34816K), 5 survivors (5120K)
 Metaspace       used 58072K, committed 58368K, reserved 1105920K
  class space    used 6754K, committed 6912K, reserved 1048576K
}
Event: 3.928 GC heap after
{Heap after GC invocations=16 (full 0):
 garbage-first heap   total 155648K, used 56822K [0x0000000083200000, 0x0000000100000000)
  region size 1024K, 1 young (1024K), 1 survivors (1024K)
 Metaspace       used 58072K, committed 58368K, reserved 1105920K
  class space    used 6754K, committed 6912K, reserved 1048576K
}
Event: 4.404 GC heap before
{Heap before GC invocations=17 (full 0):
 garbage-first heap   total 155648K, used 116214K [0x0000000083200000, 0x0000000100000000)
  region size 1024K, 59 young (60416K), 1 survivors (1024K)
 Metaspace       used 60742K, committed 61056K, reserved 1105920K
  class space    used 7093K, committed 7232K, reserved 1048576K
}
Event: 4.409 GC heap after
{Heap after GC invocations=18 (full 0):
 garbage-first heap   total 155648K, used 61098K [0x0000000083200000, 0x0000000100000000)
  region size 1024K, 6 young (6144K), 6 survivors (6144K)
 Metaspace       used 60742K, committed 61056K, reserved 1105920K
  class space    used 7093K, committed 7232K, reserved 1048576K
}
Event: 5.665 GC heap before
{Heap before GC invocations=18 (full 0):
 garbage-first heap   total 155648K, used 122538K [0x0000000083200000, 0x0000000100000000)
  region size 1024K, 66 young (67584K), 6 survivors (6144K)
 Metaspace       used 67271K, committed 67584K, reserved 1114112K
  class space    used 7820K, committed 7936K, reserved 1048576K
}
Event: 5.679 GC heap after
{Heap after GC invocations=19 (full 0):
 garbage-first heap   total 155648K, used 70742K [0x0000000083200000, 0x0000000100000000)
  region size 1024K, 9 young (9216K), 9 survivors (9216K)
 Metaspace       used 67271K, committed 67584K, reserved 1114112K
  class space    used 7820K, committed 7936K, reserved 1048576K
}
Event: 6.880 GC heap before
{Heap before GC invocations=19 (full 0):
 garbage-first heap   total 155648K, used 120918K [0x0000000083200000, 0x0000000100000000)
  region size 1024K, 57 young (58368K), 9 survivors (9216K)
 Metaspace       used 69449K, committed 69760K, reserved 1114112K
  class space    used 7917K, committed 8064K, reserved 1048576K
}
Event: 6.891 GC heap after
{Heap after GC invocations=20 (full 0):
 garbage-first heap   total 155648K, used 77595K [0x0000000083200000, 0x0000000100000000)
  region size 1024K, 7 young (7168K), 7 survivors (7168K)
 Metaspace       used 69449K, committed 69760K, reserved 1114112K
  class space    used 7917K, committed 8064K, reserved 1048576K
}
Event: 7.506 GC heap before
{Heap before GC invocations=20 (full 0):
 garbage-first heap   total 155648K, used 121627K [0x0000000083200000, 0x0000000100000000)
  region size 1024K, 50 young (51200K), 7 survivors (7168K)
 Metaspace       used 75111K, committed 75456K, reserved 1122304K
  class space    used 8488K, committed 8640K, reserved 1048576K
}
Event: 7.517 GC heap after
{Heap after GC invocations=21 (full 0):
 garbage-first heap   total 155648K, used 82419K [0x0000000083200000, 0x0000000100000000)
  region size 1024K, 5 young (5120K), 5 survivors (5120K)
 Metaspace       used 75111K, committed 75456K, reserved 1122304K
  class space    used 8488K, committed 8640K, reserved 1048576K
}
Event: 8.127 GC heap before
{Heap before GC invocations=22 (full 0):
 garbage-first heap   total 155648K, used 123379K [0x0000000083200000, 0x0000000100000000)
  region size 1024K, 45 young (46080K), 5 survivors (5120K)
 Metaspace       used 76578K, committed 76864K, reserved 1122304K
  class space    used 8640K, committed 8768K, reserved 1048576K
}
Event: 8.149 GC heap after
{Heap after GC invocations=23 (full 0):
 garbage-first heap   total 155648K, used 91136K [0x0000000083200000, 0x0000000100000000)
  region size 1024K, 6 young (6144K), 6 survivors (6144K)
 Metaspace       used 76578K, committed 76864K, reserved 1122304K
  class space    used 8640K, committed 8768K, reserved 1048576K
}
Event: 8.157 GC heap before
{Heap before GC invocations=23 (full 0):
 garbage-first heap   total 155648K, used 92160K [0x0000000083200000, 0x0000000100000000)
  region size 1024K, 7 young (7168K), 6 survivors (6144K)
 Metaspace       used 76580K, committed 76864K, reserved 1122304K
  class space    used 8640K, committed 8768K, reserved 1048576K
}
Event: 8.168 GC heap after
{Heap after GC invocations=24 (full 0):
 garbage-first heap   total 155648K, used 91793K [0x0000000083200000, 0x0000000100000000)
  region size 1024K, 1 young (1024K), 1 survivors (1024K)
 Metaspace       used 76580K, committed 76864K, reserved 1122304K
  class space    used 8640K, committed 8768K, reserved 1048576K
}
Event: 8.427 GC heap before
{Heap before GC invocations=24 (full 0):
 garbage-first heap   total 155648K, used 123537K [0x0000000083200000, 0x0000000100000000)
  region size 1024K, 32 young (32768K), 1 survivors (1024K)
 Metaspace       used 77568K, committed 77888K, reserved 1122304K
  class space    used 8770K, committed 8896K, reserved 1048576K
}
Event: 8.441 GC heap after
{Heap after GC invocations=25 (full 0):
 garbage-first heap   total 155648K, used 94191K [0x0000000083200000, 0x0000000100000000)
  region size 1024K, 4 young (4096K), 4 survivors (4096K)
 Metaspace       used 77568K, committed 77888K, reserved 1122304K
  class space    used 8770K, committed 8896K, reserved 1048576K
}
Event: 8.994 GC heap before
{Heap before GC invocations=26 (full 0):
 garbage-first heap   total 174080K, used 124911K [0x0000000083200000, 0x0000000100000000)
  region size 1024K, 34 young (34816K), 4 survivors (4096K)
 Metaspace       used 77962K, committed 78208K, reserved 1122304K
  class space    used 8790K, committed 8896K, reserved 1048576K
}
Event: 9.009 GC heap after
{Heap after GC invocations=27 (full 0):
 garbage-first heap   total 174080K, used 105957K [0x0000000083200000, 0x0000000100000000)
  region size 1024K, 5 young (5120K), 5 survivors (5120K)
 Metaspace       used 77962K, committed 78208K, reserved 1122304K
  class space    used 8790K, committed 8896K, reserved 1048576K
}
Event: 9.052 GC heap before
{Heap before GC invocations=27 (full 0):
 garbage-first heap   total 174080K, used 109029K [0x0000000083200000, 0x0000000100000000)
  region size 1024K, 8 young (8192K), 5 survivors (5120K)
 Metaspace       used 77991K, committed 78272K, reserved 1122304K
  class space    used 8790K, committed 8896K, reserved 1048576K
}

Dll operation events (2 events):
Event: 0.004 Loaded shared library C:\Program Files\Android\Android Studio\jbr\bin\java.dll
Event: 0.667 Loaded shared library C:\Program Files\Android\Android Studio\jbr\bin\verify.dll

Deoptimization events (20 events):
Event: 8.751 Thread 0x0000028c1244bad0 Uncommon trap: trap_request=0xffffff45 fr.pc=0x0000028c1f033e4c relative=0x00000000000001ec
Event: 8.751 Thread 0x0000028c1244bad0 Uncommon trap: reason=unstable_if action=reinterpret pc=0x0000028c1f033e4c method=org.jetbrains.kotlin.types.TypeWithEnhancementKt.getEnhancement(Lorg/jetbrains/kotlin/types/KotlinType;)Lorg/jetbrains/kotlin/types/KotlinType; @ 10 c2
Event: 8.751 Thread 0x0000028c1244bad0 DEOPT PACKING pc=0x0000028c1f033e4c sp=0x000000d68aefb140
Event: 8.751 Thread 0x0000028c1244bad0 DEOPT UNPACKING pc=0x0000028c1e66a1a3 sp=0x000000d68aefaf90 mode 2
Event: 8.751 Thread 0x0000028c1244bad0 Uncommon trap: trap_request=0xffffff45 fr.pc=0x0000028c1eea21dc relative=0x000000000000023c
Event: 8.751 Thread 0x0000028c1244bad0 Uncommon trap: reason=unstable_if action=reinterpret pc=0x0000028c1eea21dc method=org.jetbrains.kotlin.types.TypeWithEnhancementKt.wrapEnhancement(Lorg/jetbrains/kotlin/types/UnwrappedType;Lorg/jetbrains/kotlin/types/KotlinType;)Lorg/jetbrains/kotlin/type
Event: 8.751 Thread 0x0000028c1244bad0 DEOPT PACKING pc=0x0000028c1eea21dc sp=0x000000d68aefafa0
Event: 8.751 Thread 0x0000028c1244bad0 DEOPT UNPACKING pc=0x0000028c1e66a1a3 sp=0x000000d68aefaf78 mode 2
Event: 8.751 Thread 0x0000028c1244bad0 Uncommon trap: trap_request=0xffffff45 fr.pc=0x0000028c1f09c0a0 relative=0x00000000000001e0
Event: 8.751 Thread 0x0000028c1244bad0 Uncommon trap: reason=unstable_if action=reinterpret pc=0x0000028c1f09c0a0 method=org.jetbrains.kotlin.types.TypeWithEnhancementKt.getEnhancement(Lorg/jetbrains/kotlin/types/KotlinType;)Lorg/jetbrains/kotlin/types/KotlinType; @ 10 c2
Event: 8.751 Thread 0x0000028c1244bad0 DEOPT PACKING pc=0x0000028c1f09c0a0 sp=0x000000d68aefb0b0
Event: 8.751 Thread 0x0000028c1244bad0 DEOPT UNPACKING pc=0x0000028c1e66a1a3 sp=0x000000d68aefaf78 mode 2
Event: 8.752 Thread 0x0000028c1244bad0 Uncommon trap: trap_request=0xffffff45 fr.pc=0x0000028c1f12d650 relative=0x0000000000006ff0
Event: 8.752 Thread 0x0000028c1244bad0 Uncommon trap: reason=unstable_if action=reinterpret pc=0x0000028c1f12d650 method=org.jetbrains.kotlin.types.AbstractTypeChecker.completeIsSubTypeOf(Lorg/jetbrains/kotlin/types/TypeCheckerState;Lorg/jetbrains/kotlin/types/model/KotlinTypeMarker;Lorg/jetbr
Event: 8.752 Thread 0x0000028c1244bad0 DEOPT PACKING pc=0x0000028c1f12d650 sp=0x000000d68aefab70
Event: 8.752 Thread 0x0000028c1244bad0 DEOPT UNPACKING pc=0x0000028c1e66a1a3 sp=0x000000d68aefab30 mode 2
Event: 8.760 Thread 0x0000028c1244bad0 Uncommon trap: trap_request=0xffffffc6 fr.pc=0x0000028c1f0b9e08 relative=0x0000000000005208
Event: 8.760 Thread 0x0000028c1244bad0 Uncommon trap: reason=bimorphic_or_optimized_type_check action=maybe_recompile pc=0x0000028c1f0b9e08 method=org.jetbrains.kotlin.resolve.OverridingUtil.allHasSameContainingDeclaration(Ljava/util/Collection;)Z @ 35 c2
Event: 8.760 Thread 0x0000028c1244bad0 DEOPT PACKING pc=0x0000028c1f0b9e08 sp=0x000000d68aefb4f0
Event: 8.760 Thread 0x0000028c1244bad0 DEOPT UNPACKING pc=0x0000028c1e66a1a3 sp=0x000000d68aefb4e8 mode 2

Classes unloaded (0 events):
No events

Classes redefined (0 events):
No events

Internal exceptions (20 events):
Event: 4.030 Thread 0x0000028c1244bad0 Implicit null exception at 0x0000028c1ec16a58 to 0x0000028c1ec16aea
Event: 4.127 Thread 0x0000028c1244bad0 Exception <a 'java/lang/NoSuchMethodError'{0x000000008a997098}: 'java.lang.Object java.lang.invoke.DirectMethodHandle$Holder.invokeInterface(java.lang.Object, java.lang.Object, java.lang.Object)'> (0x000000008a997098) 
thrown [s\src\hotspot\share\interpreter\linkResolver.cpp, line 771]
Event: 4.127 Thread 0x0000028c1244bad0 Exception <a 'java/lang/IncompatibleClassChangeError'{0x000000008a99acb0}: Found class java.lang.Object, but interface was expected> (0x000000008a99acb0) 
thrown [s\src\hotspot\share\interpreter\linkResolver.cpp, line 838]
Event: 4.144 Thread 0x0000028c1244bad0 Exception <a 'java/lang/NoSuchMethodError'{0x000000008a8d8870}: 'int java.lang.invoke.DirectMethodHandle$Holder.invokeStaticInit(java.lang.Object, int)'> (0x000000008a8d8870) 
thrown [s\src\hotspot\share\interpreter\linkResolver.cpp, line 771]
Event: 4.442 Thread 0x0000028c1244bad0 Exception <a 'java/lang/NoSuchMethodError'{0x000000008c761420}: 'int java.lang.invoke.DirectMethodHandle$Holder.invokeVirtual(java.lang.Object, java.lang.Object, java.lang.Object)'> (0x000000008c761420) 
thrown [s\src\hotspot\share\interpreter\linkResolver.cpp, line 771]
Event: 4.495 Thread 0x0000028c1244bad0 Exception <a 'java/lang/NoSuchMethodError'{0x000000008c4cee10}: 'java.lang.Object java.lang.invoke.DirectMethodHandle$Holder.invokeStatic(java.lang.Object, java.lang.Object, java.lang.Object, java.lang.Object, int)'> (0x000000008c4cee10) 
thrown [s\src\hotspot\share\interpreter\linkResolver.cpp, line 771]
Event: 4.495 Thread 0x0000028c1244bad0 Exception <a 'java/lang/NoSuchMethodError'{0x000000008c4d8af8}: 'java.lang.Object java.lang.invoke.DirectMethodHandle$Holder.newInvokeSpecial(java.lang.Object, java.lang.Object, java.lang.Object, java.lang.Object, int)'> (0x000000008c4d8af8) 
thrown [s\src\hotspot\share\interpreter\linkResolver.cpp, line 771]
Event: 4.496 Thread 0x0000028c1244bad0 Exception <a 'java/lang/NoSuchMethodError'{0x000000008c4dd628}: 'java.lang.Object java.lang.invoke.DirectMethodHandle$Holder.invokeSpecial(java.lang.Object, java.lang.Object, java.lang.Object, java.lang.Object, java.lang.Object, int)'> (0x000000008c4dd628) 
thrown [s\src\hotspot\share\interpreter\linkResolver.cpp, line 771]
Event: 4.496 Thread 0x0000028c1244bad0 Exception <a 'java/lang/NoSuchMethodError'{0x000000008c4e1b08}: 'java.lang.Object java.lang.invoke.Invokers$Holder.linkToTargetMethod(java.lang.Object, java.lang.Object, java.lang.Object, int, java.lang.Object)'> (0x000000008c4e1b08) 
thrown [s\src\hotspot\share\interpreter\linkResolver.cpp, line 771]
Event: 4.527 Thread 0x0000028c1244bad0 Exception <a 'java/lang/NoSuchMethodError'{0x000000008c292920}: 'void java.lang.invoke.DirectMethodHandle$Holder.invokeInterface(java.lang.Object, java.lang.Object)'> (0x000000008c292920) 
thrown [s\src\hotspot\share\interpreter\linkResolver.cpp, line 771]
Event: 4.573 Thread 0x0000028c1244bad0 Exception <a 'java/lang/IncompatibleClassChangeError'{0x000000008c086628}: Found class java.lang.Object, but interface was expected> (0x000000008c086628) 
thrown [s\src\hotspot\share\interpreter\linkResolver.cpp, line 838]
Event: 4.768 Thread 0x0000028c1244bad0 Implicit null exception at 0x0000028c1ebe68bc to 0x0000028c1ebe781c
Event: 4.970 Thread 0x0000028c1244bad0 Exception <a 'java/lang/NoSuchMethodError'{0x000000008b2ac448}: 'java.lang.Object java.lang.invoke.DirectMethodHandle$Holder.newInvokeSpecial(java.lang.Object, int, java.lang.Object, java.lang.Object)'> (0x000000008b2ac448) 
thrown [s\src\hotspot\share\interpreter\linkResolver.cpp, line 771]
Event: 5.174 Thread 0x0000028c1244bad0 Implicit null exception at 0x0000028c1efeae72 to 0x0000028c1efeb61c
Event: 6.739 Thread 0x0000028c1244bad0 Implicit null exception at 0x0000028c1eee93b9 to 0x0000028c1eee9460
Event: 7.078 Thread 0x0000028c1244bad0 Exception <a 'java/lang/NoSuchMethodError'{0x000000008bc9f7c8}: 'java.lang.Object java.lang.invoke.DirectMethodHandle$Holder.invokeStaticInit(java.lang.Object, java.lang.Object, java.lang.Object, java.lang.Object)'> (0x000000008bc9f7c8) 
thrown [s\src\hotspot\share\interpreter\linkResolver.cpp, line 771]
Event: 7.275 Thread 0x0000028c1244bad0 Exception <a 'java/lang/NoSuchMethodError'{0x000000008b0a5b80}: 'java.lang.Object java.lang.invoke.DirectMethodHandle$Holder.newInvokeSpecial(java.lang.Object, java.lang.Object, java.lang.Object, int, int)'> (0x000000008b0a5b80) 
thrown [s\src\hotspot\share\interpreter\linkResolver.cpp, line 771]
Event: 7.275 Thread 0x0000028c1244bad0 Exception <a 'java/lang/NoSuchMethodError'{0x000000008b0a99c0}: 'java.lang.Object java.lang.invoke.DirectMethodHandle$Holder.invokeSpecial(java.lang.Object, java.lang.Object, java.lang.Object, java.lang.Object, int, int)'> (0x000000008b0a99c0) 
thrown [s\src\hotspot\share\interpreter\linkResolver.cpp, line 771]
Event: 7.303 Thread 0x0000028c1244bad0 Exception <a 'java/lang/NoSuchMethodError'{0x000000008aea0000}: 'java.lang.Object java.lang.invoke.DirectMethodHandle$Holder.invokeSpecial(java.lang.Object, java.lang.Object, int, int, java.lang.Object, java.lang.Object, java.lang.Object, java.lang.Object, java.lang.Object)'> (0x000000008aea0000) 
thrown [s\src\hotspot\share\interpreter\linkResolver.cpp, line 771]
Event: 7.430 Thread 0x0000028c1244bad0 Exception <a 'java/lang/NoSuchMethodError'{0x000000008a385b98}: 'java.lang.Object java.lang.invoke.DirectMethodHandle$Holder.invokeStatic(java.lang.Object, int, java.lang.Object)'> (0x000000008a385b98) 
thrown [s\src\hotspot\share\interpreter\linkResolver.cpp, line 771]

VM Operations (20 events):
Event: 8.384 Executing VM operation: HandshakeAllThreads done
Event: 8.384 Executing VM operation: HandshakeAllThreads
Event: 8.384 Executing VM operation: HandshakeAllThreads done
Event: 8.423 Executing VM operation: HandshakeAllThreads
Event: 8.423 Executing VM operation: HandshakeAllThreads done
Event: 8.427 Executing VM operation: G1CollectForAllocation
Event: 8.441 Executing VM operation: G1CollectForAllocation done
Event: 8.501 Executing VM operation: HandshakeAllThreads
Event: 8.501 Executing VM operation: HandshakeAllThreads done
Event: 8.560 Executing VM operation: G1Concurrent
Event: 8.567 Executing VM operation: G1Concurrent done
Event: 8.608 Executing VM operation: G1Concurrent
Event: 8.608 Executing VM operation: G1Concurrent done
Event: 8.707 Executing VM operation: ICBufferFull
Event: 8.708 Executing VM operation: ICBufferFull done
Event: 8.763 Executing VM operation: ICBufferFull
Event: 8.763 Executing VM operation: ICBufferFull done
Event: 8.994 Executing VM operation: G1CollectForAllocation
Event: 9.009 Executing VM operation: G1CollectForAllocation done
Event: 9.052 Executing VM operation: G1CollectForAllocation

Events (20 events):
Event: 8.522 Thread 0x0000028c2ec480c0 flushing nmethod 0x0000028c18e45090
Event: 8.522 Thread 0x0000028c2ec480c0 flushing nmethod 0x0000028c18e46c90
Event: 8.522 Thread 0x0000028c2ec480c0 flushing nmethod 0x0000028c18e52f90
Event: 8.522 Thread 0x0000028c2ec480c0 flushing nmethod 0x0000028c18e58810
Event: 8.522 Thread 0x0000028c2ec480c0 flushing nmethod 0x0000028c18e5b710
Event: 8.522 Thread 0x0000028c2ec480c0 flushing nmethod 0x0000028c18e5cb10
Event: 8.522 Thread 0x0000028c2ec480c0 flushing nmethod 0x0000028c18e5f790
Event: 8.522 Thread 0x0000028c2ec480c0 flushing nmethod 0x0000028c18e61790
Event: 8.522 Thread 0x0000028c2ec480c0 flushing nmethod 0x0000028c18e66710
Event: 8.522 Thread 0x0000028c2ec480c0 flushing nmethod 0x0000028c18e6fd10
Event: 8.522 Thread 0x0000028c2ec480c0 flushing nmethod 0x0000028c18e7b310
Event: 8.522 Thread 0x0000028c2ec480c0 flushing nmethod 0x0000028c18e7d710
Event: 8.522 Thread 0x0000028c2ec480c0 flushing nmethod 0x0000028c18e85310
Event: 8.522 Thread 0x0000028c2ec480c0 flushing nmethod 0x0000028c18e86710
Event: 8.522 Thread 0x0000028c2ec480c0 flushing nmethod 0x0000028c18e97610
Event: 8.522 Thread 0x0000028c2ec480c0 flushing nmethod 0x0000028c18e9bf10
Event: 8.522 Thread 0x0000028c2ec480c0 flushing nmethod 0x0000028c18eaac10
Event: 8.522 Thread 0x0000028c2ec480c0 flushing nmethod 0x0000028c18eacc90
Event: 8.522 Thread 0x0000028c2ec480c0 flushing nmethod 0x0000028c18eaf810
Event: 8.522 Thread 0x0000028c2ec480c0 flushing nmethod 0x0000028c18ed1190


Dynamic libraries:
0x00007ff760d00000 - 0x00007ff760d0a000 	C:\Program Files\Android\Android Studio\jbr\bin\java.exe
0x00007ffbf9db0000 - 0x00007ffbf9fc7000 	C:\WINDOWS\SYSTEM32\ntdll.dll
0x00007ffbf9680000 - 0x00007ffbf9744000 	C:\WINDOWS\System32\KERNEL32.DLL
0x00007ffbf7380000 - 0x00007ffbf7725000 	C:\WINDOWS\System32\KERNELBASE.dll
0x00007ffbf7260000 - 0x00007ffbf7371000 	C:\WINDOWS\System32\ucrtbase.dll
0x00007ffbeeae0000 - 0x00007ffbeeaf7000 	C:\Program Files\Android\Android Studio\jbr\bin\jli.dll
0x00007ffbf0210000 - 0x00007ffbf022b000 	C:\Program Files\Android\Android Studio\jbr\bin\VCRUNTIME140.dll
0x00007ffbf8540000 - 0x00007ffbf86ee000 	C:\WINDOWS\System32\USER32.dll
0x00007ffbf71c0000 - 0x00007ffbf71e6000 	C:\WINDOWS\System32\win32u.dll
0x00007ffbdff30000 - 0x00007ffbe01c3000 	C:\WINDOWS\WinSxS\amd64_microsoft.windows.common-controls_6595b64144ccf1df_6.0.22621.2506_none_270c5ae97388e100\COMCTL32.dll
0x00007ffbf8840000 - 0x00007ffbf8869000 	C:\WINDOWS\System32\GDI32.dll
0x00007ffbf9ba0000 - 0x00007ffbf9c47000 	C:\WINDOWS\System32\msvcrt.dll
0x00007ffbf7960000 - 0x00007ffbf7a79000 	C:\WINDOWS\System32\gdi32full.dll
0x00007ffbf7120000 - 0x00007ffbf71ba000 	C:\WINDOWS\System32\msvcp_win.dll
0x00007ffbf8870000 - 0x00007ffbf88a1000 	C:\WINDOWS\System32\IMM32.DLL
0x00007ffbf0200000 - 0x00007ffbf020c000 	C:\Program Files\Android\Android Studio\jbr\bin\vcruntime140_1.dll
0x00007ffbcdc60000 - 0x00007ffbcdced000 	C:\Program Files\Android\Android Studio\jbr\bin\msvcp140.dll
0x00007ffbb41f0000 - 0x00007ffbb4e5e000 	C:\Program Files\Android\Android Studio\jbr\bin\server\jvm.dll
0x00007ffbf9750000 - 0x00007ffbf9801000 	C:\WINDOWS\System32\ADVAPI32.dll
0x00007ffbf9cc0000 - 0x00007ffbf9d66000 	C:\WINDOWS\System32\sechost.dll
0x00007ffbf8310000 - 0x00007ffbf8427000 	C:\WINDOWS\System32\RPCRT4.dll
0x00007ffbee9a0000 - 0x00007ffbee9d4000 	C:\WINDOWS\SYSTEM32\WINMM.dll
0x00007ffbf4df0000 - 0x00007ffbf4dfa000 	C:\WINDOWS\SYSTEM32\VERSION.dll
0x00007ffbf5030000 - 0x00007ffbf5039000 	C:\WINDOWS\SYSTEM32\WSOCK32.dll
0x00007ffbf7b00000 - 0x00007ffbf7b71000 	C:\WINDOWS\System32\WS2_32.dll
0x00007ffbf6080000 - 0x00007ffbf6098000 	C:\WINDOWS\SYSTEM32\kernel.appcore.dll
0x00007ffbf5020000 - 0x00007ffbf502a000 	C:\Program Files\Android\Android Studio\jbr\bin\jimage.dll
0x00007ffbf2a40000 - 0x00007ffbf2c73000 	C:\WINDOWS\SYSTEM32\DBGHELP.DLL
0x00007ffbf9810000 - 0x00007ffbf9b99000 	C:\WINDOWS\System32\combase.dll
0x00007ffbf8450000 - 0x00007ffbf8527000 	C:\WINDOWS\System32\OLEAUT32.dll
0x00007ffbe6140000 - 0x00007ffbe6172000 	C:\WINDOWS\SYSTEM32\dbgcore.DLL
0x00007ffbf7a80000 - 0x00007ffbf7afa000 	C:\WINDOWS\System32\bcryptPrimitives.dll
0x00007ffbe9b30000 - 0x00007ffbe9b55000 	C:\Program Files\Android\Android Studio\jbr\bin\java.dll
0x00007ffbf0e50000 - 0x00007ffbf0e68000 	C:\Program Files\Android\Android Studio\jbr\bin\zip.dll
0x00007ffbf8940000 - 0x00007ffbf9199000 	C:\WINDOWS\System32\SHELL32.dll
0x00007ffbf5040000 - 0x00007ffbf5934000 	C:\WINDOWS\SYSTEM32\windows.storage.dll
0x00007ffbf4e00000 - 0x00007ffbf4f3e000 	C:\WINDOWS\SYSTEM32\wintypes.dll
0x00007ffbf7d80000 - 0x00007ffbf7e73000 	C:\WINDOWS\System32\SHCORE.dll
0x00007ffbf7d20000 - 0x00007ffbf7d7e000 	C:\WINDOWS\System32\shlwapi.dll
0x00007ffbf7050000 - 0x00007ffbf7076000 	C:\WINDOWS\SYSTEM32\profapi.dll
0x00007ffbf0230000 - 0x00007ffbf0249000 	C:\Program Files\Android\Android Studio\jbr\bin\net.dll
0x00007ffbef9d0000 - 0x00007ffbefb07000 	C:\WINDOWS\SYSTEM32\WINHTTP.dll
0x00007ffbf65a0000 - 0x00007ffbf6609000 	C:\WINDOWS\system32\mswsock.dll
0x00007ffbeeff0000 - 0x00007ffbef006000 	C:\Program Files\Android\Android Studio\jbr\bin\nio.dll
0x00007ffbf4d50000 - 0x00007ffbf4d60000 	C:\Program Files\Android\Android Studio\jbr\bin\verify.dll

dbghelp: loaded successfully - version: 4.0.5 - missing functions: none
symbol engine: initialized successfully - sym options: 0x614 - pdb path: .;C:\Program Files\Android\Android Studio\jbr\bin;C:\WINDOWS\SYSTEM32;C:\WINDOWS\WinSxS\amd64_microsoft.windows.common-controls_6595b64144ccf1df_6.0.22621.2506_none_270c5ae97388e100;C:\Program Files\Android\Android Studio\jbr\bin\server

VM Arguments:
java_command: org.jetbrains.kotlin.cli.jvm.K2JVMCompiler @C:\Users\User\AndroidStudioProjects\RepairPal\customer\build\20231201_10344419336990982007.compiler.options
java_class_path (initial): C:\Users\User\.gradle\caches\modules-2\files-2.1\org.jetbrains.kotlin\kotlin-compiler-embeddable\1.8.10\b0757fd774344d54ce93f5ad6c30ba1c1731c8ff\kotlin-compiler-embeddable-1.8.10.jar;C:\Users\User\.gradle\caches\modules-2\files-2.1\org.jetbrains.kotlin\kotlin-stdlib\1.8.10\6d5560a229477df9406943d5feda5618e98eb64c\kotlin-stdlib-1.8.10.jar;C:\Users\User\.gradle\caches\modules-2\files-2.1\org.jetbrains.kotlin\kotlin-script-runtime\1.8.10\b13ea9c7e46d589139e56086a878763290e20bd5\kotlin-script-runtime-1.8.10.jar;C:\Users\User\.gradle\caches\modules-2\files-2.1\org.jetbrains.kotlin\kotlin-reflect\1.6.10\1cbe9c92c12a94eea200d23c2bbaedaf3daf5132\kotlin-reflect-1.6.10.jar;C:\Users\User\.gradle\caches\modules-2\files-2.1\org.jetbrains.kotlin\kotlin-daemon-embeddable\1.8.10\ad8541d9bc1cf9e52c3204161247910c2cf601d4\kotlin-daemon-embeddable-1.8.10.jar;C:\Users\User\.gradle\caches\modules-2\files-2.1\org.jetbrains.intellij.deps\trove4j\1.0.20200330\3afb14d5f9ceb459d724e907a21145e8ff394f02\trove4j-1.0.20200330.jar;C:\Users\User\.gradle\caches\modules-2\files-2.1\net.java.dev.jna\jna\5.6.0\330f2244e9030119ab3030fc3fededc86713d9cc\jna-5.6.0.jar;C:\Users\User\.gradle\caches\modules-2\files-2.1\org.jetbrains.kotlin\kotlin-stdlib-common\1.8.10\a61b182458550492c12aee66157d7b524a63a5ec\kotlin-stdlib-common-1.8.10.jar;C:\Users\User\.gradle\caches\modules-2\files-2.1\org.jetbrains\annotations\13.0\919f0dfe192fb4e063e7dacadee7f8bb9a2672a9\annotations-13.0.jar
Launcher Type: SUN_STANDARD

[Global flags]
     intx CICompilerCount                          = 4                                         {product} {ergonomic}
     uint ConcGCThreads                            = 2                                         {product} {ergonomic}
     uint G1ConcRefinementThreads                  = 8                                         {product} {ergonomic}
   size_t G1HeapRegionSize                         = 1048576                                   {product} {ergonomic}
    uintx GCDrainStackTargetSize                   = 64                                        {product} {ergonomic}
   size_t InitialHeapSize                          = 132120576                                 {product} {ergonomic}
   size_t MarkStackSize                            = 4194304                                   {product} {ergonomic}
   size_t MaxHeapSize                              = 2095054848                                {product} {ergonomic}
   size_t MaxNewSize                               = 1256194048                                {product} {ergonomic}
   size_t MinHeapDeltaBytes                        = 1048576                                   {product} {ergonomic}
   size_t MinHeapSize                              = 8388608                                   {product} {ergonomic}
    uintx NonNMethodCodeHeapSize                   = 5839372                                {pd product} {ergonomic}
    uintx NonProfiledCodeHeapSize                  = 122909434                              {pd product} {ergonomic}
    uintx ProfiledCodeHeapSize                     = 122909434                              {pd product} {ergonomic}
    uintx ReservedCodeCacheSize                    = 251658240                              {pd product} {ergonomic}
     bool SegmentedCodeCache                       = true                                      {product} {ergonomic}
   size_t SoftMaxHeapSize                          = 2095054848                             {manageable} {ergonomic}
     bool UseCompressedClassPointers               = true                           {product lp64_product} {ergonomic}
     bool UseCompressedOops                        = true                           {product lp64_product} {ergonomic}
     bool UseG1GC                                  = true                                      {product} {ergonomic}
     bool UseLargePagesIndividualAllocation        = false                                  {pd product} {ergonomic}

Logging:
Log output configuration:
 #0: stdout all=warning uptime,level,tags
 #1: stderr all=off uptime,level,tags

Environment Variables:
JAVA_HOME=C:\Program Files\Java\jdk-20.0.1
PATH=C:\Program Files (x86)\Common Files\Oracle\Java\javapath;C:\Python311\Scripts\;C:\Python311\;C:\Program Files (x86)\Falcon\MinGW\bin;C:\WINDOWS\system32;C:\WINDOWS;C:\WINDOWS\System32\Wbem;C:\WINDOWS\System32\WindowsPowerShell\v1.0\;C:\WINDOWS\System32\OpenSSH\;C:\Program Files\Microsoft SQL Server\130\Tools\Binn\;C:\sqlite3;C:\Program Files (x86)\Microsoft SQL Server\150\DTS\Binn\;C:\Program Files\Azure Data Studio\bin;C:\Program Files\Microsoft SQL Server\Client SDK\ODBC\170\Tools\Binn\;C:\Program Files (x86)\Microsoft SQL Server\150\Tools\Binn\;C:\Program Files\Microsoft SQL Server\150\Tools\Binn\;C:\Program Files\Microsoft SQL Server\150\DTS\Binn\;C:\xampp\php;C:\ProgramData\ComposerSetup\bin;C:\Program Files\dotnet\;C:\Users\User\AppData\Local\Android\Sdk\cmdline-tools\bin;C:\Program Files\Java\;C:\Program Files\Git\cmd;C:\Program Files\nodejs\;C:\ProgramData\chocolatey\bin;C:\Program Files (x86)\GTK2-Runtime\lib;C:\Program Files (x86)\Common Files\Oracle\Java\javapath;C:\Python311\Scripts\;C:\Python311\;C:\Program Files (x86)\Falcon\MinGW\bin;C:\WINDOWS\system32;C:\WINDOWS;C:\WINDOWS\System32\Wbem;C:\WINDOWS\System32\WindowsPowerShell\v1.0\;C:\WINDOWS\System32\OpenSSH\;C:\Program Files\Microsoft SQL Server\130\Tools\Binn\;C:\sqlite3;C:\Program Files (x86)\Microsoft SQL Server\150\DTS\Binn\;C:\Program Files\Azure Data Studio\bin;C:\Program Files\Microsoft SQL Server\Client SDK\ODBC\170\Tools\Binn\;C:\Program Files (x86)\Microsoft SQL Server\150\Tools\Binn\;C:\Program Files\Microsoft SQL Server\150\Tools\Binn\;C:\Program Files\Microsoft SQL Server\150\DTS\Binn\;C:\xampp\php;C:\ProgramData\ComposerSetup\bin;C:\Program Files\dotnet\;C:\Users\User\AppData\Local\Android\Sdk\cmdline-tools\bin;C:\Program Files\Java\;C:\Program Files\Git\cmd;C:\Program Files\nodejs\;C:\ProgramData\chocolatey\bin;C:\Program Files (x86)\GTK2-Runtime\lib;C:\Program Files\nodejs\node_modules\npm\bin;C:\Program Files\MySQL\MySQL Shell 8.0\bin\;C:\Users\User\AppData\Local\Microsoft\Windows
USERNAME=User
OS=Windows_NT
PROCESSOR_IDENTIFIER=Intel64 Family 6 Model 140 Stepping 1, GenuineIntel
TMP=C:\Users\User\AppData\Local\Temp
TEMP=C:\Users\User\AppData\Local\Temp


JNI global refs:
JNI global refs: 11, weak refs: 27

JNI global refs memory usage: 843, weak refs: 841


---------------  S Y S T E M  ---------------

OS:
 Windows 11 , 64 bit Build 22621 (10.0.22621.2506)
OS uptime: 0 days 21:37 hours

CPU: total 8 (initial active 8) (4 cores per cpu, 2 threads per core) family 6 model 140 stepping 1 microcode 0x78, cx8, cmov, fxsr, ht, mmx, 3dnowpref, sse, sse2, sse3, ssse3, sse4.1, sse4.2, popcnt, lzcnt, tsc, tscinvbit, avx, avx2, aes, erms, clmul, bmi1, bmi2, adx, avx512f, avx512dq, avx512cd, avx512bw, avx512vl, sha, fma, vzeroupper, avx512_vpopcntdq, avx512_vpclmulqdq, avx512_vaes, avx512_vnni, clflush, clflushopt, clwb, avx512_vbmi2, avx512_vbmi

Memory: 4k page, system-wide physical 7991M (460M free)
TotalPageFile size 10039M (AvailPageFile size 193M)
current process WorkingSet (physical memory assigned to process): 402M, peak: 414M
current process commit charge ("private bytes"): 438M, peak: 650M

vm_info: OpenJDK 64-Bit Server VM (17.0.6+0-b2043.56-10027231) for windows-amd64 JRE (17.0.6+0-b2043.56-10027231), built on Apr 28 2023 00:43:19 by "androidbuild" with MS VC++ 16.10 / 16.11 (VS2019)

END.
