#
# There is insufficient memory for the Java Runtime Environment to continue.
# Native memory allocation (mmap) failed to map 97517568 bytes for G1 virtual space
# Possible reasons:
#   The system is out of physical RAM or swap space
#   The process is running with CompressedOops enabled, and the Java Heap may be blocking the growth of the native heap
# Possible solutions:
#   Reduce memory load on the system
#   Increase physical memory or swap space
#   Check if swap backing store is full
#   Decrease Java heap size (-Xmx/-Xms)
#   Decrease number of Java threads
#   Decrease Java thread stack sizes (-Xss)
#   Set larger code cache with -XX:ReservedCodeCacheSize=
#   JVM is running with Unscaled Compressed Oops mode in which the Java heap is
#     placed in the first 4GB address space. The Java Heap base address is the
#     maximum limit for the native heap growth. Please use -XX:HeapBaseMinAddress
#     to set the Java Heap base and to place the Java Heap above 4GB virtual address.
# This output file may be truncated or incomplete.
#
#  Out of Memory Error (os_windows.cpp:3769), pid=11276, tid=15820
#
# JRE version: OpenJDK Runtime Environment (17.0.6) (build 17.0.6+0-b2043.56-10027231)
# Java VM: OpenJDK 64-Bit Server VM (17.0.6+0-b2043.56-10027231, mixed mode, tiered, compressed oops, compressed class ptrs, g1 gc, windows-amd64)
# No core dump will be written. Minidumps are not enabled by default on client versions of Windows
#

---------------  S U M M A R Y ------------

Command Line: --add-opens=java.base/java.util=ALL-UNNAMED --add-opens=java.base/java.lang=ALL-UNNAMED --add-opens=java.base/java.lang.invoke=ALL-UNNAMED --add-opens=java.prefs/java.util.prefs=ALL-UNNAMED --add-opens=java.base/java.nio.charset=ALL-UNNAMED --add-opens=java.base/java.net=ALL-UNNAMED --add-opens=java.base/java.util.concurrent.atomic=ALL-UNNAMED -Xmx2048m -Dfile.encoding=UTF-8 -Duser.country=US -Duser.language=en -Duser.variant org.gradle.launcher.daemon.bootstrap.GradleDaemon 8.0

Host: 11th Gen Intel(R) Core(TM) i5-1135G7 @ 2.40GHz, 8 cores, 7G,  Windows 11 , 64 bit Build 22621 (10.0.22621.2506)
Time: Thu Nov 23 11:17:46 2023 E. Africa Standard Time elapsed time: 4.571729 seconds (0d 0h 0m 4s)

---------------  T H R E A D  ---------------

Current thread (0x00000219ddac4930):  VMThread "VM Thread" [stack: 0x00000058aac00000,0x00000058aad00000] [id=15820]

Stack: [0x00000058aac00000,0x00000058aad00000]
Native frames: (J=compiled Java code, j=interpreted, Vv=VM code, C=native code)
V  [jvm.dll+0x683c9a]
V  [jvm.dll+0x8427a4]
V  [jvm.dll+0x843f9e]
V  [jvm.dll+0x844603]
V  [jvm.dll+0x249b75]
V  [jvm.dll+0x680b69]
V  [jvm.dll+0x67505a]
V  [jvm.dll+0x309acb]
V  [jvm.dll+0x310f86]
V  [jvm.dll+0x3608ee]
V  [jvm.dll+0x360b1f]
V  [jvm.dll+0x2dfbf8]
V  [jvm.dll+0x2ddec4]
V  [jvm.dll+0x2dd4cc]
V  [jvm.dll+0x321f3b]
V  [jvm.dll+0x848ccb]
V  [jvm.dll+0x849a04]
V  [jvm.dll+0x849f1d]
V  [jvm.dll+0x84a2f4]
V  [jvm.dll+0x84a3c0]
V  [jvm.dll+0x7f274a]
V  [jvm.dll+0x682ad5]
C  [ucrtbase.dll+0x29363]
C  [KERNEL32.DLL+0x1257d]
C  [ntdll.dll+0x5aa58]

VM_Operation (0x00000058ac5f7420): G1CollectForAllocation, mode: safepoint, requested by thread 0x00000219def16660


---------------  P R O C E S S  ---------------

Threads class SMR info:
_java_thread_list=0x00000219e43ee8f0, length=127, elements={
0x00000219c3c4cea0, 0x00000219de412250, 0x00000219de412d10, 0x00000219ddadd7c0,
0x00000219ddade280, 0x00000219de42c090, 0x00000219de430970, 0x00000219de431560,
0x00000219de431e60, 0x00000219de432760, 0x00000219de5c0820, 0x00000219de5d8ba0,
0x00000219de7f2f90, 0x00000219def14e50, 0x00000219def13fe0, 0x00000219def16190,
0x00000219def15320, 0x00000219def157f0, 0x00000219def144b0, 0x00000219def16660,
0x00000219def14980, 0x00000219def16b30, 0x00000219def17000, 0x00000219def13b10,
0x00000219e0f56800, 0x00000219e0f51630, 0x00000219e0f51b00, 0x00000219e0f524a0,
0x00000219e0f55990, 0x00000219e0f54ff0, 0x00000219e0f584e0, 0x00000219e0f53310,
0x00000219e0f52970, 0x00000219e0f55e60, 0x00000219e0f52e40, 0x00000219e0f56cd0,
0x00000219e0f54b20, 0x00000219e0f554c0, 0x00000219e27433c0, 0x00000219e27403a0,
0x00000219e273f060, 0x00000219e27468b0, 0x00000219e2742a20, 0x00000219e2741210,
0x00000219e2743d60, 0x00000219e2742550, 0x00000219e2744700, 0x00000219e2742ef0,
0x00000219e2743890, 0x00000219e273fa00, 0x00000219e2742080, 0x00000219e2745f10,
0x00000219e273fed0, 0x00000219e2740d40, 0x00000219e2744bd0, 0x00000219e27416e0,
0x00000219e2745a40, 0x00000219e2741bb0, 0x00000219e27450a0, 0x00000219e204f880,
0x00000219e20553f0, 0x00000219e2053710, 0x00000219e2054580, 0x00000219e204e070,
0x00000219e2054f20, 0x00000219e20528a0, 0x00000219e2053240, 0x00000219e204f3b0,
0x00000219e20540b0, 0x00000219e20506f0, 0x00000219e204e540, 0x00000219e2053be0,
0x00000219e204ea10, 0x00000219e2054a50, 0x00000219e2050bc0, 0x00000219e204eee0,
0x00000219e2051090, 0x00000219e20558c0, 0x00000219e204fd50, 0x00000219e20523d0,
0x00000219e2050220, 0x00000219e2051560, 0x00000219e2051a30, 0x00000219e2051f00,
0x00000219e2052d70, 0x00000219e53c9cd0, 0x00000219e53cb9b0, 0x00000219e53ca1a0,
0x00000219e53ca670, 0x00000219e53c8e60, 0x00000219e53c9330, 0x00000219e53c7ff0,
0x00000219e53c84c0, 0x00000219e53cbe80, 0x00000219e53cd690, 0x00000219e53cb4e0,
0x00000219e53c8990, 0x00000219e53c9800, 0x00000219e53cd1c0, 0x00000219e53ce9d0,
0x00000219e53cc350, 0x00000219e53cab40, 0x00000219e4cc48e0, 0x00000219e53cb010,
0x00000219e53cc820, 0x00000219e53cccf0, 0x00000219e53cdb60, 0x00000219e53ce030,
0x00000219e53ce500, 0x00000219e53ceea0, 0x00000219e53cf370, 0x00000219e53c7b20,
0x00000219e4f2b570, 0x00000219e4f2d720, 0x00000219e4f30740, 0x00000219e4f2c3e0,
0x00000219e4f2b0a0, 0x00000219e4f2e590, 0x00000219e4f2dbf0, 0x00000219e4f2e0c0,
0x00000219e4f2d250, 0x00000219e4f2c8b0, 0x00000219e4f2ba40, 0x00000219e4f2cd80,
0x00000219e4f2bf10, 0x00000219e4f29d60, 0x00000219e4f2a230
}

Java Threads: ( => current thread )
  0x00000219c3c4cea0 JavaThread "main" [_thread_blocked, id=8020, stack(0x00000058aa600000,0x00000058aa700000)]
  0x00000219de412250 JavaThread "Reference Handler" daemon [_thread_blocked, id=2020, stack(0x00000058aad00000,0x00000058aae00000)]
  0x00000219de412d10 JavaThread "Finalizer" daemon [_thread_blocked, id=6040, stack(0x00000058aae00000,0x00000058aaf00000)]
  0x00000219ddadd7c0 JavaThread "Signal Dispatcher" daemon [_thread_blocked, id=13256, stack(0x00000058aaf00000,0x00000058ab000000)]
  0x00000219ddade280 JavaThread "Attach Listener" daemon [_thread_blocked, id=11532, stack(0x00000058ab000000,0x00000058ab100000)]
  0x00000219de42c090 JavaThread "Service Thread" daemon [_thread_blocked, id=14380, stack(0x00000058ab100000,0x00000058ab200000)]
  0x00000219de430970 JavaThread "Monitor Deflation Thread" daemon [_thread_blocked, id=14252, stack(0x00000058ab200000,0x00000058ab300000)]
  0x00000219de431560 JavaThread "C2 CompilerThread0" daemon [_thread_blocked, id=15108, stack(0x00000058ab300000,0x00000058ab400000)]
  0x00000219de431e60 JavaThread "C1 CompilerThread0" daemon [_thread_blocked, id=15992, stack(0x00000058ab400000,0x00000058ab500000)]
  0x00000219de432760 JavaThread "Sweeper thread" daemon [_thread_blocked, id=13376, stack(0x00000058ab500000,0x00000058ab600000)]
  0x00000219de5c0820 JavaThread "Common-Cleaner" daemon [_thread_blocked, id=13780, stack(0x00000058ab600000,0x00000058ab700000)]
  0x00000219de5d8ba0 JavaThread "Notification Thread" daemon [_thread_blocked, id=6320, stack(0x00000058ab700000,0x00000058ab800000)]
  0x00000219de7f2f90 JavaThread "C2 CompilerThread1" daemon [_thread_blocked, id=16380, stack(0x00000058ab900000,0x00000058aba00000)]
  0x00000219def14e50 JavaThread "Daemon health stats" [_thread_blocked, id=12512, stack(0x00000058abf00000,0x00000058ac000000)]
  0x00000219def13fe0 JavaThread "Incoming local TCP Connector on port 58450" [_thread_in_native, id=15660, stack(0x00000058ac000000,0x00000058ac100000)]
  0x00000219def16190 JavaThread "Daemon periodic checks" [_thread_blocked, id=1892, stack(0x00000058ac100000,0x00000058ac200000)]
  0x00000219def15320 JavaThread "Daemon" [_thread_blocked, id=15040, stack(0x00000058ac200000,0x00000058ac300000)]
  0x00000219def157f0 JavaThread "Handler for socket connection from /127.0.0.1:58450 to /127.0.0.1:58451" [_thread_in_native, id=2328, stack(0x00000058ac300000,0x00000058ac400000)]
  0x00000219def144b0 JavaThread "Cancel handler" [_thread_blocked, id=2232, stack(0x00000058ac400000,0x00000058ac500000)]
  0x00000219def16660 JavaThread "Daemon worker" [_thread_blocked, id=8784, stack(0x00000058ac500000,0x00000058ac600000)]
  0x00000219def14980 JavaThread "Asynchronous log dispatcher for DefaultDaemonConnection: socket connection from /127.0.0.1:58450 to /127.0.0.1:58451" [_thread_blocked, id=14472, stack(0x00000058ac600000,0x00000058ac700000)]
  0x00000219def16b30 JavaThread "Stdin handler" [_thread_blocked, id=10980, stack(0x00000058ac700000,0x00000058ac800000)]
  0x00000219def17000 JavaThread "Daemon client event forwarder" [_thread_blocked, id=5252, stack(0x00000058ac800000,0x00000058ac900000)]
  0x00000219def13b10 JavaThread "Cache worker for journal cache (C:\Users\User\.gradle\caches\journal-1)" [_thread_blocked, id=13040, stack(0x00000058acd00000,0x00000058ace00000)]
  0x00000219e0f56800 JavaThread "File lock request listener" [_thread_in_native, id=14708, stack(0x00000058ace00000,0x00000058acf00000)]
  0x00000219e0f51630 JavaThread "Cache worker for file hash cache (C:\Users\User\.gradle\caches\8.0\fileHashes)" [_thread_blocked, id=17272, stack(0x00000058acf00000,0x00000058ad000000)]
  0x00000219e0f51b00 JavaThread "File watcher server" daemon [_thread_in_native, id=11872, stack(0x00000058ad000000,0x00000058ad100000)]
  0x00000219e0f524a0 JavaThread "File watcher consumer" daemon [_thread_blocked, id=3488, stack(0x00000058ad100000,0x00000058ad200000)]
  0x00000219e0f55990 JavaThread "Cache worker for checksums cache (C:\Users\User\AndroidStudioProjects\RepairPal\.gradle\8.0\checksums)" [_thread_blocked, id=8448, stack(0x00000058ad200000,0x00000058ad300000)]
  0x00000219e0f54ff0 JavaThread "Cache worker for cache directory md-rule (C:\Users\User\.gradle\caches\8.0\md-rule)" [_thread_blocked, id=8992, stack(0x00000058ad300000,0x00000058ad400000)]
  0x00000219e0f584e0 JavaThread "Cache worker for file content cache (C:\Users\User\.gradle\caches\8.0\fileContent)" [_thread_blocked, id=13840, stack(0x00000058ad400000,0x00000058ad500000)]
  0x00000219e0f53310 JavaThread "Cache worker for file hash cache (C:\Users\User\AndroidStudioProjects\RepairPal\.gradle\8.0\fileHashes)" [_thread_blocked, id=15940, stack(0x00000058ad500000,0x00000058ad600000)]
  0x00000219e0f52970 JavaThread "Cache worker for cache directory md-supplier (C:\Users\User\.gradle\caches\8.0\md-supplier)" [_thread_blocked, id=16848, stack(0x00000058ad600000,0x00000058ad700000)]
  0x00000219e0f55e60 JavaThread "Cache worker for execution history cache (C:\Users\User\.gradle\caches\8.0\executionHistory)" [_thread_blocked, id=1624, stack(0x00000058ad700000,0x00000058ad800000)]
  0x00000219e0f52e40 JavaThread "jar transforms" [_thread_blocked, id=9612, stack(0x00000058ad800000,0x00000058ad900000)]
  0x00000219e0f56cd0 JavaThread "jar transforms Thread 2" [_thread_blocked, id=964, stack(0x00000058ad900000,0x00000058ada00000)]
  0x00000219e0f54b20 JavaThread "Cache worker for kotlin-dsl (C:\Users\User\.gradle\caches\8.0\kotlin-dsl)" [_thread_blocked, id=4940, stack(0x00000058ada00000,0x00000058adb00000)]
  0x00000219e0f554c0 JavaThread "jar transforms Thread 3" [_thread_blocked, id=5200, stack(0x00000058adb00000,0x00000058adc00000)]
  0x00000219e27433c0 JavaThread "jar transforms Thread 4" [_thread_blocked, id=10548, stack(0x00000058adc00000,0x00000058add00000)]
  0x00000219e27403a0 JavaThread "Cache worker for dependencies-accessors (C:\Users\User\AndroidStudioProjects\RepairPal\.gradle\8.0\dependencies-accessors)" [_thread_blocked, id=7392, stack(0x00000058add00000,0x00000058ade00000)]
  0x00000219e273f060 JavaThread "Cache worker for Build Output Cleanup Cache (C:\Users\User\AndroidStudioProjects\RepairPal\.gradle\buildOutputCleanup)" [_thread_blocked, id=14140, stack(0x00000058ade00000,0x00000058adf00000)]
  0x00000219e27468b0 JavaThread "jar transforms Thread 5" [_thread_blocked, id=11808, stack(0x00000058adf00000,0x00000058ae000000)]
  0x00000219e2742a20 JavaThread "Unconstrained build operations" [_thread_blocked, id=4796, stack(0x00000058aba00000,0x00000058abb00000)]
  0x00000219e2741210 JavaThread "Unconstrained build operations Thread 2" [_thread_blocked, id=14900, stack(0x00000058ae000000,0x00000058ae100000)]
  0x00000219e2743d60 JavaThread "Unconstrained build operations Thread 3" [_thread_blocked, id=12864, stack(0x00000058ae100000,0x00000058ae200000)]
  0x00000219e2742550 JavaThread "Unconstrained build operations Thread 4" [_thread_blocked, id=3516, stack(0x00000058ae200000,0x00000058ae300000)]
  0x00000219e2744700 JavaThread "Unconstrained build operations Thread 5" [_thread_blocked, id=15196, stack(0x00000058ae300000,0x00000058ae400000)]
  0x00000219e2742ef0 JavaThread "Unconstrained build operations Thread 6" [_thread_blocked, id=3452, stack(0x00000058ae400000,0x00000058ae500000)]
  0x00000219e2743890 JavaThread "Unconstrained build operations Thread 7" [_thread_blocked, id=13348, stack(0x00000058ae500000,0x00000058ae600000)]
  0x00000219e273fa00 JavaThread "Unconstrained build operations Thread 8" [_thread_blocked, id=2580, stack(0x00000058ae600000,0x00000058ae700000)]
  0x00000219e2742080 JavaThread "Unconstrained build operations Thread 9" [_thread_blocked, id=8632, stack(0x00000058ae700000,0x00000058ae800000)]
  0x00000219e2745f10 JavaThread "Unconstrained build operations Thread 10" [_thread_blocked, id=15896, stack(0x00000058ae800000,0x00000058ae900000)]
  0x00000219e273fed0 JavaThread "Unconstrained build operations Thread 11" [_thread_blocked, id=8796, stack(0x00000058ae900000,0x00000058aea00000)]
  0x00000219e2740d40 JavaThread "Unconstrained build operations Thread 12" [_thread_blocked, id=11788, stack(0x00000058aea00000,0x00000058aeb00000)]
  0x00000219e2744bd0 JavaThread "Unconstrained build operations Thread 13" [_thread_blocked, id=13216, stack(0x00000058aeb00000,0x00000058aec00000)]
  0x00000219e27416e0 JavaThread "Unconstrained build operations Thread 14" [_thread_blocked, id=15076, stack(0x00000058aec00000,0x00000058aed00000)]
  0x00000219e2745a40 JavaThread "Unconstrained build operations Thread 15" [_thread_blocked, id=11032, stack(0x00000058aed00000,0x00000058aee00000)]
  0x00000219e2741bb0 JavaThread "Unconstrained build operations Thread 16" [_thread_blocked, id=15956, stack(0x00000058aee00000,0x00000058aef00000)]
  0x00000219e27450a0 JavaThread "Unconstrained build operations Thread 17" [_thread_blocked, id=15272, stack(0x00000058aef00000,0x00000058af000000)]
  0x00000219e204f880 JavaThread "Unconstrained build operations Thread 18" [_thread_blocked, id=10864, stack(0x00000058af000000,0x00000058af100000)]
  0x00000219e20553f0 JavaThread "Unconstrained build operations Thread 19" [_thread_blocked, id=3260, stack(0x00000058af100000,0x00000058af200000)]
  0x00000219e2053710 JavaThread "Unconstrained build operations Thread 20" [_thread_blocked, id=12692, stack(0x00000058af200000,0x00000058af300000)]
  0x00000219e2054580 JavaThread "Unconstrained build operations Thread 21" [_thread_blocked, id=16648, stack(0x00000058af300000,0x00000058af400000)]
  0x00000219e204e070 JavaThread "Unconstrained build operations Thread 22" [_thread_blocked, id=8072, stack(0x00000058af400000,0x00000058af500000)]
  0x00000219e2054f20 JavaThread "Unconstrained build operations Thread 23" [_thread_blocked, id=14504, stack(0x00000058af500000,0x00000058af600000)]
  0x00000219e20528a0 JavaThread "Unconstrained build operations Thread 24" [_thread_blocked, id=10956, stack(0x00000058af600000,0x00000058af700000)]
  0x00000219e2053240 JavaThread "Unconstrained build operations Thread 25" [_thread_blocked, id=12536, stack(0x00000058af700000,0x00000058af800000)]
  0x00000219e204f3b0 JavaThread "Unconstrained build operations Thread 26" [_thread_blocked, id=8012, stack(0x00000058af800000,0x00000058af900000)]
  0x00000219e20540b0 JavaThread "Unconstrained build operations Thread 27" [_thread_blocked, id=10700, stack(0x00000058af900000,0x00000058afa00000)]
  0x00000219e20506f0 JavaThread "Unconstrained build operations Thread 28" [_thread_blocked, id=10652, stack(0x00000058afa00000,0x00000058afb00000)]
  0x00000219e204e540 JavaThread "Unconstrained build operations Thread 29" [_thread_blocked, id=10536, stack(0x00000058afb00000,0x00000058afc00000)]
  0x00000219e2053be0 JavaThread "Unconstrained build operations Thread 30" [_thread_blocked, id=14800, stack(0x00000058afc00000,0x00000058afd00000)]
  0x00000219e204ea10 JavaThread "Unconstrained build operations Thread 31" [_thread_blocked, id=16468, stack(0x00000058afd00000,0x00000058afe00000)]
  0x00000219e2054a50 JavaThread "Unconstrained build operations Thread 32" [_thread_blocked, id=7892, stack(0x00000058afe00000,0x00000058aff00000)]
  0x00000219e2050bc0 JavaThread "Unconstrained build operations Thread 33" [_thread_blocked, id=13996, stack(0x00000058aff00000,0x00000058b0000000)]
  0x00000219e204eee0 JavaThread "Unconstrained build operations Thread 34" [_thread_blocked, id=2516, stack(0x00000058b0000000,0x00000058b0100000)]
  0x00000219e2051090 JavaThread "Unconstrained build operations Thread 35" [_thread_blocked, id=16056, stack(0x00000058b0100000,0x00000058b0200000)]
  0x00000219e20558c0 JavaThread "Unconstrained build operations Thread 36" [_thread_blocked, id=15916, stack(0x00000058b0200000,0x00000058b0300000)]
  0x00000219e204fd50 JavaThread "Unconstrained build operations Thread 37" [_thread_blocked, id=13512, stack(0x00000058b0300000,0x00000058b0400000)]
  0x00000219e20523d0 JavaThread "Unconstrained build operations Thread 38" [_thread_blocked, id=10372, stack(0x00000058b0400000,0x00000058b0500000)]
  0x00000219e2050220 JavaThread "Unconstrained build operations Thread 39" [_thread_blocked, id=10468, stack(0x00000058b0500000,0x00000058b0600000)]
  0x00000219e2051560 JavaThread "Unconstrained build operations Thread 40" [_thread_blocked, id=13340, stack(0x00000058b0600000,0x00000058b0700000)]
  0x00000219e2051a30 JavaThread "Unconstrained build operations Thread 41" [_thread_blocked, id=17360, stack(0x00000058b0700000,0x00000058b0800000)]
  0x00000219e2051f00 JavaThread "Unconstrained build operations Thread 42" [_thread_blocked, id=8664, stack(0x00000058b0800000,0x00000058b0900000)]
  0x00000219e2052d70 JavaThread "Unconstrained build operations Thread 43" [_thread_blocked, id=15368, stack(0x00000058b0900000,0x00000058b0a00000)]
  0x00000219e53c9cd0 JavaThread "Unconstrained build operations Thread 44" [_thread_blocked, id=16872, stack(0x00000058b0a00000,0x00000058b0b00000)]
  0x00000219e53cb9b0 JavaThread "Unconstrained build operations Thread 45" [_thread_blocked, id=12640, stack(0x00000058b0b00000,0x00000058b0c00000)]
  0x00000219e53ca1a0 JavaThread "Unconstrained build operations Thread 46" [_thread_blocked, id=12108, stack(0x00000058b0c00000,0x00000058b0d00000)]
  0x00000219e53ca670 JavaThread "Unconstrained build operations Thread 47" [_thread_blocked, id=904, stack(0x00000058b0d00000,0x00000058b0e00000)]
  0x00000219e53c8e60 JavaThread "Unconstrained build operations Thread 48" [_thread_blocked, id=10288, stack(0x00000058b0e00000,0x00000058b0f00000)]
  0x00000219e53c9330 JavaThread "Unconstrained build operations Thread 49" [_thread_blocked, id=17176, stack(0x00000058b0f00000,0x00000058b1000000)]
  0x00000219e53c7ff0 JavaThread "Unconstrained build operations Thread 50" [_thread_blocked, id=1228, stack(0x00000058b1000000,0x00000058b1100000)]
  0x00000219e53c84c0 JavaThread "Unconstrained build operations Thread 51" [_thread_blocked, id=16560, stack(0x00000058b1100000,0x00000058b1200000)]
  0x00000219e53cbe80 JavaThread "Unconstrained build operations Thread 52" [_thread_blocked, id=9504, stack(0x00000058b1200000,0x00000058b1300000)]
  0x00000219e53cd690 JavaThread "Unconstrained build operations Thread 53" [_thread_blocked, id=14224, stack(0x00000058b1300000,0x00000058b1400000)]
  0x00000219e53cb4e0 JavaThread "Unconstrained build operations Thread 54" [_thread_blocked, id=13908, stack(0x00000058b1400000,0x00000058b1500000)]
  0x00000219e53c8990 JavaThread "Unconstrained build operations Thread 55" [_thread_blocked, id=15724, stack(0x00000058b1500000,0x00000058b1600000)]
  0x00000219e53c9800 JavaThread "Unconstrained build operations Thread 56" [_thread_blocked, id=10524, stack(0x00000058b1600000,0x00000058b1700000)]
  0x00000219e53cd1c0 JavaThread "Unconstrained build operations Thread 57" [_thread_blocked, id=16004, stack(0x00000058b1700000,0x00000058b1800000)]
  0x00000219e53ce9d0 JavaThread "Unconstrained build operations Thread 58" [_thread_blocked, id=8624, stack(0x00000058b1800000,0x00000058b1900000)]
  0x00000219e53cc350 JavaThread "Unconstrained build operations Thread 59" [_thread_blocked, id=12732, stack(0x00000058b1900000,0x00000058b1a00000)]
  0x00000219e53cab40 JavaThread "Unconstrained build operations Thread 60" [_thread_blocked, id=11360, stack(0x00000058b1a00000,0x00000058b1b00000)]
  0x00000219e4cc48e0 JavaThread "C2 CompilerThread2" daemon [_thread_blocked, id=15348, stack(0x00000058b1b00000,0x00000058b1c00000)]
  0x00000219e53cb010 JavaThread "Unconstrained build operations Thread 61" [_thread_blocked, id=16444, stack(0x00000058b1c00000,0x00000058b1d00000)]
  0x00000219e53cc820 JavaThread "Unconstrained build operations Thread 62" [_thread_blocked, id=7996, stack(0x00000058b1d00000,0x00000058b1e00000)]
  0x00000219e53cccf0 JavaThread "Unconstrained build operations Thread 63" [_thread_blocked, id=13688, stack(0x00000058b1e00000,0x00000058b1f00000)]
  0x00000219e53cdb60 JavaThread "Unconstrained build operations Thread 64" [_thread_blocked, id=13504, stack(0x00000058b1f00000,0x00000058b2000000)]
  0x00000219e53ce030 JavaThread "Unconstrained build operations Thread 65" [_thread_blocked, id=11592, stack(0x00000058b2000000,0x00000058b2100000)]
  0x00000219e53ce500 JavaThread "Unconstrained build operations Thread 66" [_thread_blocked, id=16776, stack(0x00000058b2100000,0x00000058b2200000)]
  0x00000219e53ceea0 JavaThread "Unconstrained build operations Thread 67" [_thread_blocked, id=5892, stack(0x00000058b2200000,0x00000058b2300000)]
  0x00000219e53cf370 JavaThread "Unconstrained build operations Thread 68" [_thread_blocked, id=8196, stack(0x00000058b2300000,0x00000058b2400000)]
  0x00000219e53c7b20 JavaThread "Unconstrained build operations Thread 69" [_thread_blocked, id=6868, stack(0x00000058b2400000,0x00000058b2500000)]
  0x00000219e4f2b570 JavaThread "Unconstrained build operations Thread 70" [_thread_blocked, id=11420, stack(0x00000058b2500000,0x00000058b2600000)]
  0x00000219e4f2d720 JavaThread "Unconstrained build operations Thread 71" [_thread_blocked, id=10020, stack(0x00000058b2600000,0x00000058b2700000)]
  0x00000219e4f30740 JavaThread "Unconstrained build operations Thread 72" [_thread_blocked, id=12840, stack(0x00000058b2700000,0x00000058b2800000)]
  0x00000219e4f2c3e0 JavaThread "Unconstrained build operations Thread 73" [_thread_blocked, id=16920, stack(0x00000058b2800000,0x00000058b2900000)]
  0x00000219e4f2b0a0 JavaThread "Unconstrained build operations Thread 74" [_thread_blocked, id=12492, stack(0x00000058b2900000,0x00000058b2a00000)]
  0x00000219e4f2e590 JavaThread "Unconstrained build operations Thread 75" [_thread_blocked, id=16948, stack(0x00000058b2a00000,0x00000058b2b00000)]
  0x00000219e4f2dbf0 JavaThread "Unconstrained build operations Thread 76" [_thread_blocked, id=3612, stack(0x00000058b2b00000,0x00000058b2c00000)]
  0x00000219e4f2e0c0 JavaThread "Unconstrained build operations Thread 77" [_thread_blocked, id=13472, stack(0x00000058b2c00000,0x00000058b2d00000)]
  0x00000219e4f2d250 JavaThread "Unconstrained build operations Thread 78" [_thread_blocked, id=4772, stack(0x00000058b2d00000,0x00000058b2e00000)]
  0x00000219e4f2c8b0 JavaThread "Unconstrained build operations Thread 79" [_thread_blocked, id=11428, stack(0x00000058b2e00000,0x00000058b2f00000)]
  0x00000219e4f2ba40 JavaThread "Unconstrained build operations Thread 80" [_thread_blocked, id=4808, stack(0x00000058b2f00000,0x00000058b3000000)]
  0x00000219e4f2cd80 JavaThread "jar transforms Thread 6" [_thread_blocked, id=12112, stack(0x00000058b3000000,0x00000058b3100000)]
  0x00000219e4f2bf10 JavaThread "jar transforms Thread 7" [_thread_blocked, id=3228, stack(0x00000058b3100000,0x00000058b3200000)]
  0x00000219e4f29d60 JavaThread "jar transforms Thread 8" [_thread_blocked, id=10508, stack(0x00000058b3200000,0x00000058b3300000)]
  0x00000219e4f2a230 JavaThread "build event listener" [_thread_blocked, id=8668, stack(0x00000058b3300000,0x00000058b3400000)]

Other Threads:
=>0x00000219ddac4930 VMThread "VM Thread" [stack: 0x00000058aac00000,0x00000058aad00000] [id=15820]
  0x00000219de5db490 WatcherThread [stack: 0x00000058ab800000,0x00000058ab900000] [id=2940]
  0x00000219c3ca89c0 GCTaskThread "GC Thread#0" [stack: 0x00000058aa700000,0x00000058aa800000] [id=16556]
  0x00000219df038400 GCTaskThread "GC Thread#1" [stack: 0x00000058abb00000,0x00000058abc00000] [id=1800]
  0x00000219df0386b0 GCTaskThread "GC Thread#2" [stack: 0x00000058abc00000,0x00000058abd00000] [id=16076]
  0x00000219deca85f0 GCTaskThread "GC Thread#3" [stack: 0x00000058abd00000,0x00000058abe00000] [id=16992]
  0x00000219df67e260 GCTaskThread "GC Thread#4" [stack: 0x00000058abe00000,0x00000058abf00000] [id=4160]
  0x00000219e0c93940 GCTaskThread "GC Thread#5" [stack: 0x00000058ac900000,0x00000058aca00000] [id=13584]
  0x00000219e0f7fa80 GCTaskThread "GC Thread#6" [stack: 0x00000058aca00000,0x00000058acb00000] [id=15552]
  0x00000219e1699460 GCTaskThread "GC Thread#7" [stack: 0x00000058acb00000,0x00000058acc00000] [id=15020]
  0x00000219c3cb9810 ConcurrentGCThread "G1 Main Marker" [stack: 0x00000058aa800000,0x00000058aa900000] [id=6696]
  0x00000219c3cba130 ConcurrentGCThread "G1 Conc#0" [stack: 0x00000058aa900000,0x00000058aaa00000] [id=4404]
  0x00000219e0a6b440 ConcurrentGCThread "G1 Conc#1" [stack: 0x00000058acc00000,0x00000058acd00000] [id=1924]
  0x00000219c3d0df50 ConcurrentGCThread "G1 Refine#0" [stack: 0x00000058aaa00000,0x00000058aab00000] [id=13012]
  0x00000219c3d0e880 ConcurrentGCThread "G1 Service" [stack: 0x00000058aab00000,0x00000058aac00000] [id=11860]

Threads with active compile tasks:
C2 CompilerThread0     4584 6080       4       java.lang.ThreadLocal$ThreadLocalMap::set (133 bytes)
C1 CompilerThread0     4584 6108       3       org.gradle.api.internal.provider.AbstractMinimalProvider::asSupplier (96 bytes)
C2 CompilerThread1     4584 6081       4       com.google.common.reflect.TypeResolver$TypeVariableKey::hashCode (32 bytes)
C2 CompilerThread2     4584 6100       4       com.google.common.reflect.TypeResolver$TypeVariableKey::equalsTypeVariable (48 bytes)

VM state: at safepoint (normal execution)

VM Mutex/Monitor currently owned by a thread:  ([mutex/lock_event])
[0x00000219c3c48d80] Threads_lock - owner thread: 0x00000219ddac4930
[0x00000219c3c4a520] Heap_lock - owner thread: 0x00000219def16660

Heap address: 0x0000000080000000, size: 2048 MB, Compressed Oops mode: 32-bit

CDS archive(s) not mapped
Compressed class space mapped at: 0x0000000100000000-0x0000000140000000, reserved size: 1073741824
Narrow klass base: 0x0000000000000000, Narrow klass shift: 3, Narrow klass range: 0x140000000

GC Precious Log:
 CPUs: 8 total, 8 available
 Memory: 7991M
 Large Page Support: Disabled
 NUMA Support: Disabled
 Compressed Oops: Enabled (32-bit)
 Heap Region Size: 1M
 Heap Min Capacity: 8M
 Heap Initial Capacity: 126M
 Heap Max Capacity: 2G
 Pre-touch: Disabled
 Parallel Workers: 8
 Concurrent Workers: 2
 Concurrent Refinement Workers: 8
 Periodic GC: Disabled

Heap:
 garbage-first heap   total 129024K, used 55034K [0x0000000080000000, 0x0000000100000000)
  region size 1024K, 1 young (1024K), 1 survivors (1024K)
 Metaspace       used 59377K, committed 59904K, reserved 1105920K
  class space    used 7876K, committed 8128K, reserved 1048576K

Heap Regions: E=young(eden), S=young(survivor), O=old, HS=humongous(starts), HC=humongous(continues), CS=collection set, F=free, OA=open archive, CA=closed archive, TAMS=top-at-mark-start (previous, next)
|   0|0x0000000080000000, 0x0000000080100000, 0x0000000080100000|100%|HS|  |TAMS 0x0000000080100000, 0x0000000080000000| Complete 
|   1|0x0000000080100000, 0x0000000080200000, 0x0000000080200000|100%|HC|  |TAMS 0x0000000080200000, 0x0000000080100000| Complete 
|   2|0x0000000080200000, 0x0000000080300000, 0x0000000080300000|100%|HC|  |TAMS 0x0000000080300000, 0x0000000080200000| Complete 
|   3|0x0000000080300000, 0x0000000080400000, 0x0000000080400000|100%|HC|  |TAMS 0x0000000080400000, 0x0000000080300000| Complete 
|   4|0x0000000080400000, 0x0000000080500000, 0x0000000080500000|100%| O|  |TAMS 0x0000000080500000, 0x0000000080400000| Untracked 
|   5|0x0000000080500000, 0x0000000080600000, 0x0000000080600000|100%| O|  |TAMS 0x0000000080600000, 0x0000000080500000| Untracked 
|   6|0x0000000080600000, 0x0000000080700000, 0x0000000080700000|100%| O|  |TAMS 0x0000000080700000, 0x0000000080600000| Untracked 
|   7|0x0000000080700000, 0x0000000080800000, 0x0000000080800000|100%| O|  |TAMS 0x0000000080800000, 0x0000000080700000| Untracked 
|   8|0x0000000080800000, 0x0000000080900000, 0x0000000080900000|100%| O|  |TAMS 0x0000000080900000, 0x0000000080800000| Untracked 
|   9|0x0000000080900000, 0x0000000080a00000, 0x0000000080a00000|100%| O|  |TAMS 0x0000000080a00000, 0x0000000080900000| Untracked 
|  10|0x0000000080a00000, 0x0000000080b00000, 0x0000000080b00000|100%| O|  |TAMS 0x0000000080b00000, 0x0000000080a00000| Untracked 
|  11|0x0000000080b00000, 0x0000000080c00000, 0x0000000080c00000|100%| O|  |TAMS 0x0000000080c00000, 0x0000000080b00000| Untracked 
|  12|0x0000000080c00000, 0x0000000080d00000, 0x0000000080d00000|100%| O|  |TAMS 0x0000000080d00000, 0x0000000080c00000| Untracked 
|  13|0x0000000080d00000, 0x0000000080e00000, 0x0000000080e00000|100%| O|  |TAMS 0x0000000080e00000, 0x0000000080d00000| Untracked 
|  14|0x0000000080e00000, 0x0000000080f00000, 0x0000000080f00000|100%| O|  |TAMS 0x0000000080f00000, 0x0000000080e00000| Untracked 
|  15|0x0000000080f00000, 0x0000000081000000, 0x0000000081000000|100%| O|  |TAMS 0x0000000081000000, 0x0000000080f00000| Untracked 
|  16|0x0000000081000000, 0x0000000081100000, 0x0000000081100000|100%| O|  |TAMS 0x0000000081100000, 0x0000000081000000| Untracked 
|  17|0x0000000081100000, 0x0000000081200000, 0x0000000081200000|100%| O|  |TAMS 0x0000000081200000, 0x0000000081100000| Untracked 
|  18|0x0000000081200000, 0x0000000081300000, 0x0000000081300000|100%| O|  |TAMS 0x0000000081300000, 0x0000000081200000| Untracked 
|  19|0x0000000081300000, 0x0000000081400000, 0x0000000081400000|100%| O|  |TAMS 0x0000000081400000, 0x0000000081300000| Untracked 
|  20|0x0000000081400000, 0x0000000081500000, 0x0000000081500000|100%| O|  |TAMS 0x0000000081500000, 0x0000000081400000| Untracked 
|  21|0x0000000081500000, 0x0000000081600000, 0x0000000081600000|100%| O|  |TAMS 0x0000000081600000, 0x0000000081500000| Untracked 
|  22|0x0000000081600000, 0x0000000081700000, 0x0000000081700000|100%| O|  |TAMS 0x0000000081700000, 0x0000000081600000| Untracked 
|  23|0x0000000081700000, 0x0000000081749600, 0x0000000081800000| 28%| O|  |TAMS 0x0000000081700000, 0x0000000081700000| Untracked 
|  24|0x0000000081800000, 0x0000000081900000, 0x0000000081900000|100%| O|  |TAMS 0x0000000081900000, 0x0000000081800000| Untracked 
|  25|0x0000000081900000, 0x0000000081a00000, 0x0000000081a00000|100%| O|  |TAMS 0x0000000081a00000, 0x0000000081900000| Untracked 
|  26|0x0000000081a00000, 0x0000000081b00000, 0x0000000081b00000|100%| O|  |TAMS 0x0000000081b00000, 0x0000000081a00000| Untracked 
|  27|0x0000000081b00000, 0x0000000081c00000, 0x0000000081c00000|100%| O|  |TAMS 0x0000000081c00000, 0x0000000081b00000| Untracked 
|  28|0x0000000081c00000, 0x0000000081d00000, 0x0000000081d00000|100%| O|  |TAMS 0x0000000081d00000, 0x0000000081c00000| Untracked 
|  29|0x0000000081d00000, 0x0000000081e00000, 0x0000000081e00000|100%| O|  |TAMS 0x0000000081e00000, 0x0000000081d00000| Untracked 
|  30|0x0000000081e00000, 0x0000000081f00000, 0x0000000081f00000|100%| O|  |TAMS 0x0000000081f00000, 0x0000000081e00000| Untracked 
|  31|0x0000000081f00000, 0x0000000082000000, 0x0000000082000000|100%| O|  |TAMS 0x0000000082000000, 0x0000000081f00000| Untracked 
|  32|0x0000000082000000, 0x0000000082100000, 0x0000000082100000|100%|HS|  |TAMS 0x0000000082100000, 0x0000000082000000| Complete 
|  33|0x0000000082100000, 0x0000000082200000, 0x0000000082200000|100%|HS|  |TAMS 0x0000000082200000, 0x0000000082100000| Complete 
|  34|0x0000000082200000, 0x0000000082300000, 0x0000000082300000|100%| O|  |TAMS 0x0000000082300000, 0x0000000082200000| Untracked 
|  35|0x0000000082300000, 0x0000000082400000, 0x0000000082400000|100%| O|  |TAMS 0x0000000082400000, 0x0000000082300000| Untracked 
|  36|0x0000000082400000, 0x0000000082500000, 0x0000000082500000|100%| O|  |TAMS 0x0000000082500000, 0x0000000082400000| Untracked 
|  37|0x0000000082500000, 0x0000000082600000, 0x0000000082600000|100%| O|  |TAMS 0x0000000082600000, 0x0000000082500000| Untracked 
|  38|0x0000000082600000, 0x0000000082700000, 0x0000000082700000|100%|HS|  |TAMS 0x0000000082700000, 0x0000000082600000| Complete 
|  39|0x0000000082700000, 0x0000000082800000, 0x0000000082800000|100%|HC|  |TAMS 0x0000000082800000, 0x0000000082700000| Complete 
|  40|0x0000000082800000, 0x0000000082900000, 0x0000000082900000|100%|HS|  |TAMS 0x0000000082900000, 0x0000000082800000| Complete 
|  41|0x0000000082900000, 0x0000000082a00000, 0x0000000082a00000|100%|HS|  |TAMS 0x0000000082a00000, 0x0000000082900000| Complete 
|  42|0x0000000082a00000, 0x0000000082b00000, 0x0000000082b00000|100%|HC|  |TAMS 0x0000000082b00000, 0x0000000082a00000| Complete 
|  43|0x0000000082b00000, 0x0000000082c00000, 0x0000000082c00000|100%|HC|  |TAMS 0x0000000082c00000, 0x0000000082b00000| Complete 
|  44|0x0000000082c00000, 0x0000000082d00000, 0x0000000082d00000|100%|HC|  |TAMS 0x0000000082d00000, 0x0000000082c00000| Complete 
|  45|0x0000000082d00000, 0x0000000082e00000, 0x0000000082e00000|100%| O|  |TAMS 0x0000000082e00000, 0x0000000082d00000| Untracked 
|  46|0x0000000082e00000, 0x0000000082f00000, 0x0000000082f00000|100%| O|  |TAMS 0x0000000082f00000, 0x0000000082e00000| Untracked 
|  47|0x0000000082f00000, 0x0000000083000000, 0x0000000083000000|100%| O|  |TAMS 0x0000000083000000, 0x0000000082f00000| Untracked 
|  48|0x0000000083000000, 0x0000000083100000, 0x0000000083100000|100%| O|  |TAMS 0x0000000083100000, 0x0000000083000000| Untracked 
|  49|0x0000000083100000, 0x0000000083200000, 0x0000000083200000|100%| O|  |TAMS 0x0000000083200000, 0x0000000083100000| Untracked 
|  50|0x0000000083200000, 0x0000000083300000, 0x0000000083300000|100%| O|  |TAMS 0x0000000083300000, 0x0000000083200000| Untracked 
|  51|0x0000000083300000, 0x0000000083400000, 0x0000000083400000|100%| O|  |TAMS 0x0000000083338600, 0x0000000083300000| Untracked 
|  52|0x0000000083400000, 0x0000000083400000, 0x0000000083500000|  0%| F|  |TAMS 0x0000000083400000, 0x0000000083400000| Untracked 
|  53|0x0000000083500000, 0x0000000083600000, 0x0000000083600000|100%| O|  |TAMS 0x0000000083600000, 0x0000000083500000| Untracked 
|  54|0x0000000083600000, 0x0000000083700000, 0x0000000083700000|100%| O|  |TAMS 0x0000000083700000, 0x0000000083600000| Untracked 
|  55|0x0000000083700000, 0x0000000083700000, 0x0000000083800000|  0%| F|  |TAMS 0x0000000083700000, 0x0000000083700000| Untracked 
|  56|0x0000000083800000, 0x0000000083800000, 0x0000000083900000|  0%| F|  |TAMS 0x0000000083800000, 0x0000000083800000| Untracked 
|  57|0x0000000083900000, 0x0000000083900000, 0x0000000083a00000|  0%| F|  |TAMS 0x0000000083900000, 0x0000000083900000| Untracked 
|  58|0x0000000083a00000, 0x0000000083a00000, 0x0000000083b00000|  0%| F|  |TAMS 0x0000000083a00000, 0x0000000083a00000| Untracked 
|  59|0x0000000083b00000, 0x0000000083b00000, 0x0000000083c00000|  0%| F|  |TAMS 0x0000000083b00000, 0x0000000083b00000| Untracked 
|  60|0x0000000083c00000, 0x0000000083c00000, 0x0000000083d00000|  0%| F|  |TAMS 0x0000000083c00000, 0x0000000083c00000| Untracked 
|  61|0x0000000083d00000, 0x0000000083d00000, 0x0000000083e00000|  0%| F|  |TAMS 0x0000000083d00000, 0x0000000083d00000| Untracked 
|  62|0x0000000083e00000, 0x0000000083e00000, 0x0000000083f00000|  0%| F|  |TAMS 0x0000000083e00000, 0x0000000083e00000| Untracked 
|  63|0x0000000083f00000, 0x0000000083f00000, 0x0000000084000000|  0%| F|  |TAMS 0x0000000083f00000, 0x0000000083f00000| Untracked 
|  64|0x0000000084000000, 0x0000000084000000, 0x0000000084100000|  0%| F|  |TAMS 0x0000000084000000, 0x0000000084000000| Untracked 
|  65|0x0000000084100000, 0x0000000084100000, 0x0000000084200000|  0%| F|  |TAMS 0x0000000084100000, 0x0000000084100000| Untracked 
|  66|0x0000000084200000, 0x0000000084200000, 0x0000000084300000|  0%| F|  |TAMS 0x0000000084200000, 0x0000000084200000| Untracked 
|  67|0x0000000084300000, 0x0000000084300000, 0x0000000084400000|  0%| F|  |TAMS 0x0000000084300000, 0x0000000084300000| Untracked 
|  68|0x0000000084400000, 0x0000000084400000, 0x0000000084500000|  0%| F|  |TAMS 0x0000000084400000, 0x0000000084400000| Untracked 
|  69|0x0000000084500000, 0x0000000084500000, 0x0000000084600000|  0%| F|  |TAMS 0x0000000084500000, 0x0000000084500000| Untracked 
|  70|0x0000000084600000, 0x0000000084600000, 0x0000000084700000|  0%| F|  |TAMS 0x0000000084600000, 0x0000000084600000| Untracked 
|  71|0x0000000084700000, 0x0000000084700000, 0x0000000084800000|  0%| F|  |TAMS 0x0000000084700000, 0x0000000084700000| Untracked 
|  72|0x0000000084800000, 0x0000000084800000, 0x0000000084900000|  0%| F|  |TAMS 0x0000000084800000, 0x0000000084800000| Untracked 
|  73|0x0000000084900000, 0x0000000084900000, 0x0000000084a00000|  0%| F|  |TAMS 0x0000000084900000, 0x0000000084900000| Untracked 
|  74|0x0000000084a00000, 0x0000000084a00000, 0x0000000084b00000|  0%| F|  |TAMS 0x0000000084a00000, 0x0000000084a00000| Untracked 
|  75|0x0000000084b00000, 0x0000000084b00000, 0x0000000084c00000|  0%| F|  |TAMS 0x0000000084b00000, 0x0000000084b00000| Untracked 
|  76|0x0000000084c00000, 0x0000000084c00000, 0x0000000084d00000|  0%| F|  |TAMS 0x0000000084c00000, 0x0000000084c00000| Untracked 
|  77|0x0000000084d00000, 0x0000000084d00000, 0x0000000084e00000|  0%| F|  |TAMS 0x0000000084d00000, 0x0000000084d00000| Untracked 
|  78|0x0000000084e00000, 0x0000000084e00000, 0x0000000084f00000|  0%| F|  |TAMS 0x0000000084e00000, 0x0000000084e00000| Untracked 
|  79|0x0000000084f00000, 0x0000000084f00000, 0x0000000085000000|  0%| F|  |TAMS 0x0000000084f00000, 0x0000000084f00000| Untracked 
|  80|0x0000000085000000, 0x0000000085000000, 0x0000000085100000|  0%| F|  |TAMS 0x0000000085000000, 0x0000000085000000| Untracked 
|  81|0x0000000085100000, 0x0000000085100000, 0x0000000085200000|  0%| F|  |TAMS 0x0000000085100000, 0x0000000085100000| Untracked 
|  82|0x0000000085200000, 0x0000000085200000, 0x0000000085300000|  0%| F|  |TAMS 0x0000000085200000, 0x0000000085200000| Untracked 
|  83|0x0000000085300000, 0x0000000085300000, 0x0000000085400000|  0%| F|  |TAMS 0x0000000085300000, 0x0000000085300000| Untracked 
|  84|0x0000000085400000, 0x0000000085400000, 0x0000000085500000|  0%| F|  |TAMS 0x0000000085400000, 0x0000000085400000| Untracked 
|  85|0x0000000085500000, 0x0000000085500000, 0x0000000085600000|  0%| F|  |TAMS 0x0000000085500000, 0x0000000085500000| Untracked 
|  86|0x0000000085600000, 0x0000000085600000, 0x0000000085700000|  0%| F|  |TAMS 0x0000000085600000, 0x0000000085600000| Untracked 
|  87|0x0000000085700000, 0x0000000085700000, 0x0000000085800000|  0%| F|  |TAMS 0x0000000085700000, 0x0000000085700000| Untracked 
|  88|0x0000000085800000, 0x0000000085800000, 0x0000000085900000|  0%| F|  |TAMS 0x0000000085800000, 0x0000000085800000| Untracked 
|  89|0x0000000085900000, 0x0000000085900000, 0x0000000085a00000|  0%| F|  |TAMS 0x0000000085900000, 0x0000000085900000| Untracked 
|  90|0x0000000085a00000, 0x0000000085a00000, 0x0000000085b00000|  0%| F|  |TAMS 0x0000000085a00000, 0x0000000085a00000| Untracked 
|  91|0x0000000085b00000, 0x0000000085b75308, 0x0000000085c00000| 45%| S|CS|TAMS 0x0000000085b00000, 0x0000000085b00000| Complete 
|  92|0x0000000085c00000, 0x0000000085c00000, 0x0000000085d00000|  0%| F|  |TAMS 0x0000000085c00000, 0x0000000085c00000| Untracked 
|  93|0x0000000085d00000, 0x0000000085d00000, 0x0000000085e00000|  0%| F|  |TAMS 0x0000000085d00000, 0x0000000085d00000| Untracked 
|  94|0x0000000085e00000, 0x0000000085e00000, 0x0000000085f00000|  0%| F|  |TAMS 0x0000000085e00000, 0x0000000085e00000| Untracked 
|  95|0x0000000085f00000, 0x0000000085f00000, 0x0000000086000000|  0%| F|  |TAMS 0x0000000085f00000, 0x0000000085f00000| Untracked 
|  96|0x0000000086000000, 0x0000000086000000, 0x0000000086100000|  0%| F|  |TAMS 0x0000000086000000, 0x0000000086000000| Untracked 
|  97|0x0000000086100000, 0x0000000086100000, 0x0000000086200000|  0%| F|  |TAMS 0x0000000086100000, 0x0000000086100000| Untracked 
|  98|0x0000000086200000, 0x0000000086200000, 0x0000000086300000|  0%| F|  |TAMS 0x0000000086200000, 0x0000000086200000| Untracked 
|  99|0x0000000086300000, 0x0000000086300000, 0x0000000086400000|  0%| F|  |TAMS 0x0000000086300000, 0x0000000086300000| Untracked 
| 100|0x0000000086400000, 0x0000000086400000, 0x0000000086500000|  0%| F|  |TAMS 0x0000000086400000, 0x0000000086400000| Untracked 
| 101|0x0000000086500000, 0x0000000086500000, 0x0000000086600000|  0%| F|  |TAMS 0x0000000086500000, 0x0000000086500000| Untracked 
| 102|0x0000000086600000, 0x0000000086600000, 0x0000000086700000|  0%| F|  |TAMS 0x0000000086600000, 0x0000000086600000| Untracked 
| 103|0x0000000086700000, 0x0000000086700000, 0x0000000086800000|  0%| F|  |TAMS 0x0000000086700000, 0x0000000086700000| Untracked 
| 104|0x0000000086800000, 0x0000000086800000, 0x0000000086900000|  0%| F|  |TAMS 0x0000000086800000, 0x0000000086800000| Untracked 
| 105|0x0000000086900000, 0x0000000086900000, 0x0000000086a00000|  0%| F|  |TAMS 0x0000000086900000, 0x0000000086900000| Untracked 
| 106|0x0000000086a00000, 0x0000000086a00000, 0x0000000086b00000|  0%| F|  |TAMS 0x0000000086a00000, 0x0000000086a00000| Untracked 
| 107|0x0000000086b00000, 0x0000000086b00000, 0x0000000086c00000|  0%| F|  |TAMS 0x0000000086b00000, 0x0000000086b00000| Untracked 
| 108|0x0000000086c00000, 0x0000000086c00000, 0x0000000086d00000|  0%| F|  |TAMS 0x0000000086c00000, 0x0000000086c00000| Untracked 
| 109|0x0000000086d00000, 0x0000000086d00000, 0x0000000086e00000|  0%| F|  |TAMS 0x0000000086d00000, 0x0000000086d00000| Untracked 
| 110|0x0000000086e00000, 0x0000000086e00000, 0x0000000086f00000|  0%| F|  |TAMS 0x0000000086e00000, 0x0000000086e00000| Untracked 
| 111|0x0000000086f00000, 0x0000000086f00000, 0x0000000087000000|  0%| F|  |TAMS 0x0000000086f00000, 0x0000000086f00000| Untracked 
| 112|0x0000000087000000, 0x0000000087000000, 0x0000000087100000|  0%| F|  |TAMS 0x0000000087000000, 0x0000000087000000| Untracked 
| 113|0x0000000087100000, 0x0000000087100000, 0x0000000087200000|  0%| F|  |TAMS 0x0000000087100000, 0x0000000087100000| Untracked 
| 114|0x0000000087200000, 0x0000000087200000, 0x0000000087300000|  0%| F|  |TAMS 0x0000000087200000, 0x0000000087200000| Untracked 
| 115|0x0000000087300000, 0x0000000087300000, 0x0000000087400000|  0%| F|  |TAMS 0x0000000087300000, 0x0000000087300000| Untracked 
| 116|0x0000000087400000, 0x0000000087400000, 0x0000000087500000|  0%| F|  |TAMS 0x0000000087400000, 0x0000000087400000| Untracked 
| 117|0x0000000087500000, 0x0000000087500000, 0x0000000087600000|  0%| F|  |TAMS 0x0000000087500000, 0x0000000087500000| Untracked 
| 118|0x0000000087600000, 0x0000000087600000, 0x0000000087700000|  0%| F|  |TAMS 0x0000000087600000, 0x0000000087600000| Untracked 
| 119|0x0000000087700000, 0x0000000087700000, 0x0000000087800000|  0%| F|  |TAMS 0x0000000087700000, 0x0000000087700000| Untracked 
| 120|0x0000000087800000, 0x0000000087800000, 0x0000000087900000|  0%| F|  |TAMS 0x0000000087800000, 0x0000000087800000| Untracked 
| 121|0x0000000087900000, 0x0000000087900000, 0x0000000087a00000|  0%| F|  |TAMS 0x0000000087900000, 0x0000000087900000| Untracked 
| 122|0x0000000087a00000, 0x0000000087a00000, 0x0000000087b00000|  0%| F|  |TAMS 0x0000000087a00000, 0x0000000087a00000| Untracked 
| 123|0x0000000087b00000, 0x0000000087b00000, 0x0000000087c00000|  0%| F|  |TAMS 0x0000000087b00000, 0x0000000087b00000| Untracked 
| 124|0x0000000087c00000, 0x0000000087c00000, 0x0000000087d00000|  0%| F|  |TAMS 0x0000000087c00000, 0x0000000087c00000| Untracked 
| 125|0x0000000087d00000, 0x0000000087d00000, 0x0000000087e00000|  0%| F|  |TAMS 0x0000000087d00000, 0x0000000087d00000| Untracked 

Card table byte_map: [0x00000219d6840000,0x00000219d6c40000] _byte_map_base: 0x00000219d6440000

Marking Bits (Prev, Next): (CMBitMap*) 0x00000219c3ca8ee0, (CMBitMap*) 0x00000219c3ca8f20
 Prev Bits: [0x00000219d7040000, 0x00000219d9040000)
 Next Bits: [0x00000219d9040000, 0x00000219db040000)

Polling page: 0x00000219c1c20000

Metaspace:

Usage:
  Non-class:     50.29 MB used.
      Class:      7.69 MB used.
       Both:     57.99 MB used.

Virtual space:
  Non-class space:       56.00 MB reserved,      50.56 MB ( 90%) committed,  7 nodes.
      Class space:        1.00 GB reserved,       7.94 MB ( <1%) committed,  1 nodes.
             Both:        1.05 GB reserved,      58.50 MB (  5%) committed. 

Chunk freelists:
   Non-Class:  1.39 MB
       Class:  96.00 KB
        Both:  1.48 MB

MaxMetaspaceSize: unlimited
CompressedClassSpaceSize: 1.00 GB
Initial GC threshold: 21.00 MB
Current GC threshold: 93.56 MB
CDS: off
MetaspaceReclaimPolicy: balanced
 - commit_granule_bytes: 65536.
 - commit_granule_words: 8192.
 - virtual_space_node_default_size: 1048576.
 - enlarge_chunks_in_place: 1.
 - new_chunks_are_fully_committed: 0.
 - uncommit_free_chunks: 1.
 - use_allocation_guard: 0.
 - handle_deallocations: 1.


Internal statistics:

num_allocs_failed_limit: 6.
num_arena_births: 614.
num_arena_deaths: 0.
num_vsnodes_births: 8.
num_vsnodes_deaths: 0.
num_space_committed: 936.
num_space_uncommitted: 0.
num_chunks_returned_to_freelist: 6.
num_chunks_taken_from_freelist: 2564.
num_chunk_merges: 6.
num_chunk_splits: 1716.
num_chunks_enlarged: 1196.
num_purges: 0.
num_inconsistent_stats: 0.

CodeHeap 'non-profiled nmethods': size=120000Kb used=2800Kb max_used=3325Kb free=117199Kb
 bounds [0x00000219cebe0000, 0x00000219cef30000, 0x00000219d6110000]
CodeHeap 'profiled nmethods': size=120000Kb used=9648Kb max_used=10982Kb free=110351Kb
 bounds [0x00000219c7110000, 0x00000219c7bd0000, 0x00000219ce640000]
CodeHeap 'non-nmethods': size=5760Kb used=2354Kb max_used=2400Kb free=3406Kb
 bounds [0x00000219ce640000, 0x00000219ce8b0000, 0x00000219cebe0000]
 total_blobs=6137 nmethods=5289 adapters=758
 compilation: enabled
              stopped_count=0, restarted_count=0
 full_count=0

Compilation events (20 events):
Event: 4.552 Thread 0x00000219de431e60 6097       3       com.google.common.reflect.TypeToken$SimpleTypeToken::<init> (7 bytes)
Event: 4.552 Thread 0x00000219e4cc48e0 6100       4       com.google.common.reflect.TypeResolver$TypeVariableKey::equalsTypeVariable (48 bytes)
Event: 4.552 Thread 0x00000219de431e60 nmethod 6097 0x00000219c71e2910 code [0x00000219c71e2b00, 0x00000219c71e3048]
Event: 4.552 Thread 0x00000219de431e60 6098       3       com.google.common.reflect.TypeToken::<init> (6 bytes)
Event: 4.552 Thread 0x00000219de431e60 nmethod 6098 0x00000219c7424010 code [0x00000219c74241e0, 0x00000219c74246c8]
Event: 4.552 Thread 0x00000219de431e60 6099       3       com.google.common.reflect.TypeToken::<init> (16 bytes)
Event: 4.553 Thread 0x00000219de431e60 nmethod 6099 0x00000219c7247990 code [0x00000219c7247b60, 0x00000219c7247fe8]
Event: 4.553 Thread 0x00000219de431e60 6094       1       org.gradle.api.internal.provider.AbstractMinimalProvider::getDeclaredDisplayName (2 bytes)
Event: 4.553 Thread 0x00000219de431e60 nmethod 6094 0x00000219cecb6710 code [0x00000219cecb68a0, 0x00000219cecb6978]
Event: 4.553 Thread 0x00000219de431e60 6102       3       com.google.common.reflect.TypeToken::of (9 bytes)
Event: 4.553 Thread 0x00000219de431e60 nmethod 6102 0x00000219c742ef90 code [0x00000219c742f180, 0x00000219c742f768]
Event: 4.553 Thread 0x00000219de431e60 6103       3       org.gradle.internal.event.ListenerBroadcast::getSource (35 bytes)
Event: 4.553 Thread 0x00000219de431e60 nmethod 6103 0x00000219c71e2310 code [0x00000219c71e24c0, 0x00000219c71e27e8]
Event: 4.553 Thread 0x00000219de431e60 6104       3       org.gradle.api.internal.provider.ValueSupplier$Value::of (22 bytes)
Event: 4.553 Thread 0x00000219de431e60 nmethod 6104 0x00000219c7247210 code [0x00000219c72473e0, 0x00000219c7247788]
Event: 4.553 Thread 0x00000219de431e60 6105       3       org.gradle.api.internal.provider.ValueSupplier$Value::ofNullable (23 bytes)
Event: 4.553 Thread 0x00000219de431e60 nmethod 6105 0x00000219c7752a10 code [0x00000219c7752be0, 0x00000219c7752fd8]
Event: 4.553 Thread 0x00000219de431e60 6106       3       org.gradle.api.internal.provider.AbstractProperty::setSupplier (20 bytes)
Event: 4.553 Thread 0x00000219de431e60 nmethod 6106 0x00000219c7509c90 code [0x00000219c7509e60, 0x00000219c750a408]
Event: 4.553 Thread 0x00000219de431e60 6108       3       org.gradle.api.internal.provider.AbstractMinimalProvider::asSupplier (96 bytes)

GC Heap History (20 events):
Event: 2.698 GC heap after
{Heap after GC invocations=11 (full 0):
 garbage-first heap   total 78848K, used 27943K [0x0000000080000000, 0x0000000100000000)
  region size 1024K, 1 young (1024K), 1 survivors (1024K)
 Metaspace       used 40355K, committed 40704K, reserved 1089536K
  class space    used 5355K, committed 5504K, reserved 1048576K
}
Event: 2.923 GC heap before
{Heap before GC invocations=11 (full 0):
 garbage-first heap   total 78848K, used 61735K [0x0000000080000000, 0x0000000100000000)
  region size 1024K, 31 young (31744K), 1 survivors (1024K)
 Metaspace       used 43106K, committed 43456K, reserved 1089536K
  class space    used 5667K, committed 5824K, reserved 1048576K
}
Event: 2.925 GC heap after
{Heap after GC invocations=12 (full 0):
 garbage-first heap   total 78848K, used 30187K [0x0000000080000000, 0x0000000100000000)
  region size 1024K, 3 young (3072K), 3 survivors (3072K)
 Metaspace       used 43106K, committed 43456K, reserved 1089536K
  class space    used 5667K, committed 5824K, reserved 1048576K
}
Event: 3.222 GC heap before
{Heap before GC invocations=12 (full 0):
 garbage-first heap   total 78848K, used 59883K [0x0000000080000000, 0x0000000100000000)
  region size 1024K, 32 young (32768K), 3 survivors (3072K)
 Metaspace       used 46895K, committed 47360K, reserved 1097728K
  class space    used 6186K, committed 6400K, reserved 1048576K
}
Event: 3.224 GC heap after
{Heap after GC invocations=13 (full 0):
 garbage-first heap   total 78848K, used 32692K [0x0000000080000000, 0x0000000100000000)
  region size 1024K, 3 young (3072K), 3 survivors (3072K)
 Metaspace       used 46895K, committed 47360K, reserved 1097728K
  class space    used 6186K, committed 6400K, reserved 1048576K
}
Event: 3.634 GC heap before
{Heap before GC invocations=13 (full 0):
 garbage-first heap   total 78848K, used 60340K [0x0000000080000000, 0x0000000100000000)
  region size 1024K, 30 young (30720K), 3 survivors (3072K)
 Metaspace       used 50653K, committed 51072K, reserved 1097728K
  class space    used 6796K, committed 6976K, reserved 1048576K
}
Event: 3.637 GC heap after
{Heap after GC invocations=14 (full 0):
 garbage-first heap   total 78848K, used 34176K [0x0000000080000000, 0x0000000100000000)
  region size 1024K, 2 young (2048K), 2 survivors (2048K)
 Metaspace       used 50653K, committed 51072K, reserved 1097728K
  class space    used 6796K, committed 6976K, reserved 1048576K
}
Event: 3.964 GC heap before
{Heap before GC invocations=14 (full 0):
 garbage-first heap   total 78848K, used 61824K [0x0000000080000000, 0x0000000100000000)
  region size 1024K, 29 young (29696K), 2 survivors (2048K)
 Metaspace       used 52876K, committed 53312K, reserved 1097728K
  class space    used 7081K, committed 7296K, reserved 1048576K
}
Event: 3.967 GC heap after
{Heap after GC invocations=15 (full 0):
 garbage-first heap   total 78848K, used 36802K [0x0000000080000000, 0x0000000100000000)
  region size 1024K, 4 young (4096K), 4 survivors (4096K)
 Metaspace       used 52876K, committed 53312K, reserved 1097728K
  class space    used 7081K, committed 7296K, reserved 1048576K
}
Event: 4.138 GC heap before
{Heap before GC invocations=15 (full 0):
 garbage-first heap   total 78848K, used 61378K [0x0000000080000000, 0x0000000100000000)
  region size 1024K, 28 young (28672K), 4 survivors (4096K)
 Metaspace       used 53355K, committed 53888K, reserved 1097728K
  class space    used 7128K, committed 7360K, reserved 1048576K
}
Event: 4.142 GC heap after
{Heap after GC invocations=16 (full 0):
 garbage-first heap   total 78848K, used 42327K [0x0000000080000000, 0x0000000100000000)
  region size 1024K, 4 young (4096K), 4 survivors (4096K)
 Metaspace       used 53355K, committed 53888K, reserved 1097728K
  class space    used 7128K, committed 7360K, reserved 1048576K
}
Event: 4.276 GC heap before
{Heap before GC invocations=17 (full 0):
 garbage-first heap   total 80896K, used 68951K [0x0000000080000000, 0x0000000100000000)
  region size 1024K, 23 young (23552K), 4 survivors (4096K)
 Metaspace       used 55026K, committed 55488K, reserved 1097728K
  class space    used 7349K, committed 7552K, reserved 1048576K
}
Event: 4.279 GC heap after
{Heap after GC invocations=18 (full 0):
 garbage-first heap   total 80896K, used 54995K [0x0000000080000000, 0x0000000100000000)
  region size 1024K, 3 young (3072K), 3 survivors (3072K)
 Metaspace       used 55026K, committed 55488K, reserved 1097728K
  class space    used 7349K, committed 7552K, reserved 1048576K
}
Event: 4.290 GC heap before
{Heap before GC invocations=18 (full 0):
 garbage-first heap   total 80896K, used 56019K [0x0000000080000000, 0x0000000100000000)
  region size 1024K, 4 young (4096K), 3 survivors (3072K)
 Metaspace       used 55157K, committed 55616K, reserved 1097728K
  class space    used 7371K, committed 7552K, reserved 1048576K
}
Event: 4.293 GC heap after
{Heap after GC invocations=19 (full 0):
 garbage-first heap   total 80896K, used 54836K [0x0000000080000000, 0x0000000100000000)
  region size 1024K, 1 young (1024K), 1 survivors (1024K)
 Metaspace       used 55157K, committed 55616K, reserved 1097728K
  class space    used 7371K, committed 7552K, reserved 1048576K
}
Event: 4.403 GC heap before
{Heap before GC invocations=19 (full 0):
 garbage-first heap   total 80896K, used 65076K [0x0000000080000000, 0x0000000100000000)
  region size 1024K, 12 young (12288K), 1 survivors (1024K)
 Metaspace       used 56736K, committed 57216K, reserved 1105920K
  class space    used 7596K, committed 7808K, reserved 1048576K
}
Event: 4.404 GC heap after
{Heap after GC invocations=20 (full 0):
 garbage-first heap   total 80896K, used 55079K [0x0000000080000000, 0x0000000100000000)
  region size 1024K, 1 young (1024K), 1 survivors (1024K)
 Metaspace       used 56736K, committed 57216K, reserved 1105920K
  class space    used 7596K, committed 7808K, reserved 1048576K
}
Event: 4.522 GC heap before
{Heap before GC invocations=21 (full 0):
 garbage-first heap   total 97280K, used 66343K [0x0000000080000000, 0x0000000100000000)
  region size 1024K, 12 young (12288K), 1 survivors (1024K)
 Metaspace       used 58924K, committed 59456K, reserved 1105920K
  class space    used 7830K, committed 8064K, reserved 1048576K
}
Event: 4.523 GC heap after
{Heap after GC invocations=22 (full 0):
 garbage-first heap   total 97280K, used 55383K [0x0000000080000000, 0x0000000100000000)
  region size 1024K, 1 young (1024K), 1 survivors (1024K)
 Metaspace       used 58924K, committed 59456K, reserved 1105920K
  class space    used 7830K, committed 8064K, reserved 1048576K
}
Event: 4.554 GC heap before
{Heap before GC invocations=22 (full 0):
 garbage-first heap   total 97280K, used 57431K [0x0000000080000000, 0x0000000100000000)
  region size 1024K, 4 young (4096K), 1 survivors (1024K)
 Metaspace       used 59377K, committed 59904K, reserved 1105920K
  class space    used 7876K, committed 8128K, reserved 1048576K
}

Dll operation events (2 events):
Event: 0.004 Loaded shared library C:\Program Files\Android\Android Studio\jbr\bin\java.dll
Event: 0.244 Loaded shared library C:\Program Files\Android\Android Studio\jbr\bin\verify.dll

Deoptimization events (20 events):
Event: 4.374 Thread 0x00000219def16660 Uncommon trap: trap_request=0xffffffde fr.pc=0x00000219ced71c20 relative=0x00000000000001e0
Event: 4.374 Thread 0x00000219def16660 Uncommon trap: reason=class_check action=maybe_recompile pc=0x00000219ced71c20 method=java.io.BufferedInputStream.read1([BII)I @ 39 c2
Event: 4.374 Thread 0x00000219def16660 DEOPT PACKING pc=0x00000219ced71c20 sp=0x00000058ac5f76d0
Event: 4.374 Thread 0x00000219def16660 DEOPT UNPACKING pc=0x00000219ce69a1a3 sp=0x00000058ac5f7688 mode 2
Event: 4.415 Thread 0x00000219def16660 Uncommon trap: trap_request=0xffffff45 fr.pc=0x00000219cec3cdf4 relative=0x00000000000002b4
Event: 4.415 Thread 0x00000219def16660 Uncommon trap: reason=unstable_if action=reinterpret pc=0x00000219cec3cdf4 method=org.gradle.internal.instantiation.generator.AbstractClassGenerator$InjectionAnnotationValidator.validateMethod(Ljava/lang/reflect/Method;Lorg/gradle/internal/reflect/Propert
Event: 4.415 Thread 0x00000219def16660 DEOPT PACKING pc=0x00000219cec3cdf4 sp=0x00000058ac5f70c0
Event: 4.415 Thread 0x00000219def16660 DEOPT UNPACKING pc=0x00000219ce69a1a3 sp=0x00000058ac5f7088 mode 2
Event: 4.422 Thread 0x00000219def16660 Uncommon trap: trap_request=0xffffffde fr.pc=0x00000219cef266a0 relative=0x0000000000006a60
Event: 4.422 Thread 0x00000219def16660 Uncommon trap: reason=class_check action=maybe_recompile pc=0x00000219cef266a0 method=java.util.jar.JarFile.getManifestFromReference()Ljava/util/jar/Manifest; @ 152 c2
Event: 4.422 Thread 0x00000219def16660 DEOPT PACKING pc=0x00000219cef266a0 sp=0x00000058ac5f70a0
Event: 4.422 Thread 0x00000219def16660 DEOPT UNPACKING pc=0x00000219ce69a1a3 sp=0x00000058ac5f6d50 mode 2
Event: 4.490 Thread 0x00000219def16660 Uncommon trap: trap_request=0xffffffbe fr.pc=0x00000219cebeb140 relative=0x00000000000001a0
Event: 4.490 Thread 0x00000219def16660 Uncommon trap: reason=profile_predicate action=maybe_recompile pc=0x00000219cebeb140 method=java.util.LinkedHashMap.keysToArray([Ljava/lang/Object;)[Ljava/lang/Object; @ 12 c2
Event: 4.490 Thread 0x00000219def16660 DEOPT PACKING pc=0x00000219cebeb140 sp=0x00000058ac5f5730
Event: 4.490 Thread 0x00000219def16660 DEOPT UNPACKING pc=0x00000219ce69a1a3 sp=0x00000058ac5f56e8 mode 2
Event: 4.523 Thread 0x00000219de5c0820 Uncommon trap: trap_request=0xffffffde fr.pc=0x00000219cee454a8 relative=0x0000000000000488
Event: 4.523 Thread 0x00000219de5c0820 Uncommon trap: reason=class_check action=maybe_recompile pc=0x00000219cee454a8 method=jdk.internal.ref.PhantomCleanable.clean()V @ 12 c2
Event: 4.523 Thread 0x00000219de5c0820 DEOPT PACKING pc=0x00000219cee454a8 sp=0x00000058ab6ff200
Event: 4.523 Thread 0x00000219de5c0820 DEOPT UNPACKING pc=0x00000219ce69a1a3 sp=0x00000058ab6ff1e0 mode 2

Classes unloaded (0 events):
No events

Classes redefined (0 events):
No events

Internal exceptions (20 events):
Event: 3.737 Thread 0x00000219def16660 Exception <a 'java/lang/NoSuchMethodError'{0x0000000084c21d00}: 'void java.lang.invoke.DirectMethodHandle$Holder.invokeStatic(java.lang.Object, java.lang.Object, java.lang.Object, int, java.lang.Object)'> (0x0000000084c21d00) 
thrown [s\src\hotspot\share\interpreter\linkResolver.cpp, line 771]
Event: 3.812 Thread 0x00000219def16660 Exception <a 'java/lang/NoSuchMethodError'{0x00000000841922b0}: 'java.lang.Object java.lang.invoke.DirectMethodHandle$Holder.newInvokeSpecial(java.lang.Object, java.lang.Object, int)'> (0x00000000841922b0) 
thrown [s\src\hotspot\share\interpreter\linkResolver.cpp, line 771]
Event: 3.948 Thread 0x00000219def16660 Implicit null exception at 0x00000219ceed9eef to 0x00000219ceeda130
Event: 4.054 Thread 0x00000219def16660 Exception <a 'java/lang/NoSuchMethodError'{0x0000000083faf510}: 'long java.lang.invoke.DirectMethodHandle$Holder.invokeVirtual(java.lang.Object, java.lang.Object)'> (0x0000000083faf510) 
thrown [s\src\hotspot\share\interpreter\linkResolver.cpp, line 771]
Event: 4.057 Thread 0x00000219def17000 Exception <a 'java/lang/NoSuchMethodError'{0x0000000083ff3e20}: static Lorg/gradle/internal/build/event/types/DefaultOperationFinishedProgressEvent;.<clinit>()V> (0x0000000083ff3e20) 
thrown [s\src\hotspot\share\prims\jni.cpp, line 1108]
Event: 4.059 Thread 0x00000219def17000 Exception <a 'java/lang/NoSuchMethodError'{0x0000000083e1b5e8}: static Lorg/gradle/internal/build/event/types/DefaultProjectConfigurationSuccessResult;.<clinit>()V> (0x0000000083e1b5e8) 
thrown [s\src\hotspot\share\prims\jni.cpp, line 1108]
Event: 4.059 Thread 0x00000219def17000 Exception <a 'java/lang/NoSuchMethodError'{0x0000000083e1c918}: static Lorg/gradle/internal/build/event/types/AbstractProjectConfigurationResult;.<clinit>()V> (0x0000000083e1c918) 
thrown [s\src\hotspot\share\prims\jni.cpp, line 1108]
Event: 4.059 Thread 0x00000219def17000 Exception <a 'java/lang/NoSuchMethodError'{0x0000000083e1e0d8}: static Lorg/gradle/internal/build/event/types/AbstractOperationResult;.<clinit>()V> (0x0000000083e1e0d8) 
thrown [s\src\hotspot\share\prims\jni.cpp, line 1108]
Event: 4.059 Thread 0x00000219def17000 Exception <a 'java/lang/NoSuchMethodError'{0x0000000083e1f548}: static Lorg/gradle/internal/build/event/types/AbstractResult;.<clinit>()V> (0x0000000083e1f548) 
thrown [s\src\hotspot\share\prims\jni.cpp, line 1108]
Event: 4.060 Thread 0x00000219def17000 Exception <a 'java/lang/NoSuchMethodError'{0x0000000083e36650}: static Lorg/gradle/internal/build/event/types/DefaultPluginApplicationResult;.<clinit>()V> (0x0000000083e36650) 
thrown [s\src\hotspot\share\prims\jni.cpp, line 1108]
Event: 4.061 Thread 0x00000219def17000 Exception <a 'java/lang/NoSuchMethodError'{0x0000000083e42550}: static Lorg/gradle/internal/build/event/types/DefaultBinaryPluginIdentifier;.<clinit>()V> (0x0000000083e42550) 
thrown [s\src\hotspot\share\prims\jni.cpp, line 1108]
Event: 4.063 Thread 0x00000219def17000 Exception <a 'java/lang/NoSuchMethodError'{0x0000000083ed5118}: static Lorg/gradle/internal/build/event/types/DefaultScriptPluginIdentifier;.<clinit>()V> (0x0000000083ed5118) 
thrown [s\src\hotspot\share\prims\jni.cpp, line 1108]
Event: 4.129 Thread 0x00000219def16660 Implicit null exception at 0x00000219ceeb7212 to 0x00000219ceeb7878
Event: 4.129 Thread 0x00000219def16660 Implicit null exception at 0x00000219ceeb9614 to 0x00000219ceeb9c8c
Event: 4.192 Thread 0x00000219def16660 Exception <a 'java/lang/ClassNotFoundException'{0x0000000084d914b8}: org/gradle/api/internal/plugins/DefaultObjectConfigurationActionBeanInfo> (0x0000000084d914b8) 
thrown [s\src\hotspot\share\classfile\systemDictionary.cpp, line 256]
Event: 4.193 Thread 0x00000219def16660 Exception <a 'java/lang/ClassNotFoundException'{0x0000000084db6008}: org/gradle/api/internal/plugins/DefaultObjectConfigurationActionCustomizer> (0x0000000084db6008) 
thrown [s\src\hotspot\share\classfile\systemDictionary.cpp, line 256]
Event: 4.271 Thread 0x00000219def16660 Exception <a 'java/lang/NoSuchMethodError'{0x0000000083c73270}: 'java.lang.Object java.lang.invoke.DirectMethodHandle$Holder.newInvokeSpecial(java.lang.Object, java.lang.Object, java.lang.Object, java.lang.Object, int)'> (0x0000000083c73270) 
thrown [s\src\hotspot\share\interpreter\linkResolver.cpp, line 771]
Event: 4.271 Thread 0x00000219def16660 Exception <a 'java/lang/NoSuchMethodError'{0x0000000083c786b8}: 'java.lang.Object java.lang.invoke.DirectMethodHandle$Holder.invokeSpecial(java.lang.Object, java.lang.Object, java.lang.Object, java.lang.Object, java.lang.Object, int)'> (0x0000000083c786b8) 
thrown [s\src\hotspot\share\interpreter\linkResolver.cpp, line 771]
Event: 4.271 Thread 0x00000219def16660 Exception <a 'java/lang/NoSuchMethodError'{0x0000000083c7d438}: 'java.lang.Object java.lang.invoke.Invokers$Holder.linkToTargetMethod(java.lang.Object, java.lang.Object, java.lang.Object, int, java.lang.Object)'> (0x0000000083c7d438) 
thrown [s\src\hotspot\share\interpreter\linkResolver.cpp, line 771]
Event: 4.408 Thread 0x00000219def16660 Exception <a 'java/lang/NoSuchMethodError'{0x0000000087d23b18}: 'int java.lang.invoke.DirectMethodHandle$Holder.invokeInterface(java.lang.Object, java.lang.Object, java.lang.Object, java.lang.Object)'> (0x0000000087d23b18) 
thrown [s\src\hotspot\share\interpreter\linkResolver.cpp, line 771]

VM Operations (20 events):
Event: 4.164 Executing VM operation: G1Concurrent done
Event: 4.174 Executing VM operation: G1Concurrent
Event: 4.174 Executing VM operation: G1Concurrent done
Event: 4.276 Executing VM operation: G1CollectForAllocation
Event: 4.279 Executing VM operation: G1CollectForAllocation done
Event: 4.290 Executing VM operation: G1CollectForAllocation
Event: 4.293 Executing VM operation: G1CollectForAllocation done
Event: 4.398 Executing VM operation: HandshakeAllThreads
Event: 4.398 Executing VM operation: HandshakeAllThreads done
Event: 4.402 Executing VM operation: G1CollectForAllocation
Event: 4.404 Executing VM operation: G1CollectForAllocation done
Event: 4.408 Executing VM operation: HandshakeAllThreads
Event: 4.408 Executing VM operation: HandshakeAllThreads done
Event: 4.428 Executing VM operation: G1Concurrent
Event: 4.430 Executing VM operation: G1Concurrent done
Event: 4.440 Executing VM operation: G1Concurrent
Event: 4.440 Executing VM operation: G1Concurrent done
Event: 4.522 Executing VM operation: G1CollectForAllocation
Event: 4.523 Executing VM operation: G1CollectForAllocation done
Event: 4.554 Executing VM operation: G1CollectForAllocation

Events (20 events):
Event: 4.495 loading class java/time/format/DateTimeFormatterBuilder$FractionPrinterParser done
Event: 4.495 loading class java/time/format/DateTimeFormatterBuilder$ZoneIdPrinterParser
Event: 4.495 loading class java/time/format/DateTimeFormatterBuilder$ZoneIdPrinterParser done
Event: 4.495 loading class java/time/format/DateTimeFormatterBuilder$StringLiteralPrinterParser
Event: 4.495 loading class java/time/format/DateTimeFormatterBuilder$StringLiteralPrinterParser done
Event: 4.495 loading class java/time/format/DateTimeFormatterBuilder$InstantPrinterParser
Event: 4.495 loading class java/time/format/DateTimeFormatterBuilder$InstantPrinterParser done
Event: 4.495 loading class java/time/format/DateTimeTextProvider$LocaleStore
Event: 4.496 loading class java/time/format/DateTimeTextProvider$LocaleStore done
Event: 4.496 loading class java/time/format/DateTimeTextProvider
Event: 4.496 loading class java/time/format/DateTimeTextProvider done
Event: 4.496 loading class java/time/format/DateTimeTextProvider$1
Event: 4.496 loading class java/time/format/DateTimeTextProvider$1 done
Event: 4.496 loading class java/time/format/DateTimeFormatterBuilder$1
Event: 4.496 loading class java/time/format/DateTimeFormatterBuilder$1 done
Event: 4.496 loading class java/time/format/DateTimeFormatterBuilder$TextPrinterParser
Event: 4.496 loading class java/time/format/DateTimeFormatterBuilder$TextPrinterParser done
Event: 4.497 loading class java/util/concurrent/Executors$DefaultThreadFactory
Event: 4.497 loading class java/util/concurrent/Executors$DefaultThreadFactory done
Event: 4.525 Thread 0x00000219e4f2a230 Thread added: 0x00000219e4f2a230


Dynamic libraries:
0x00007ff77a210000 - 0x00007ff77a21a000 	C:\Program Files\Android\Android Studio\jbr\bin\java.exe
0x00007ffeedf10000 - 0x00007ffeee127000 	C:\WINDOWS\SYSTEM32\ntdll.dll
0x00007ffeed750000 - 0x00007ffeed814000 	C:\WINDOWS\System32\KERNEL32.DLL
0x00007ffeeb830000 - 0x00007ffeebbd5000 	C:\WINDOWS\System32\KERNELBASE.dll
0x00007ffeeb650000 - 0x00007ffeeb761000 	C:\WINDOWS\System32\ucrtbase.dll
0x00007ffee4da0000 - 0x00007ffee4db7000 	C:\Program Files\Android\Android Studio\jbr\bin\jli.dll
0x00007ffee32e0000 - 0x00007ffee32fb000 	C:\Program Files\Android\Android Studio\jbr\bin\VCRUNTIME140.dll
0x00007ffeebce0000 - 0x00007ffeebe8e000 	C:\WINDOWS\System32\USER32.dll
0x00007ffeeb460000 - 0x00007ffeeb486000 	C:\WINDOWS\System32\win32u.dll
0x00007ffed4f30000 - 0x00007ffed51c3000 	C:\WINDOWS\WinSxS\amd64_microsoft.windows.common-controls_6595b64144ccf1df_6.0.22621.2506_none_270c5ae97388e100\COMCTL32.dll
0x00007ffeecef0000 - 0x00007ffeecf19000 	C:\WINDOWS\System32\GDI32.dll
0x00007ffeec5e0000 - 0x00007ffeec687000 	C:\WINDOWS\System32\msvcrt.dll
0x00007ffeeb490000 - 0x00007ffeeb5a9000 	C:\WINDOWS\System32\gdi32full.dll
0x00007ffeeb5b0000 - 0x00007ffeeb64a000 	C:\WINDOWS\System32\msvcp_win.dll
0x00007ffeedc90000 - 0x00007ffeedcc1000 	C:\WINDOWS\System32\IMM32.DLL
0x00007ffee7a70000 - 0x00007ffee7a7c000 	C:\Program Files\Android\Android Studio\jbr\bin\vcruntime140_1.dll
0x00007ffec2de0000 - 0x00007ffec2e6d000 	C:\Program Files\Android\Android Studio\jbr\bin\msvcp140.dll
0x00007ffe9d900000 - 0x00007ffe9e56e000 	C:\Program Files\Android\Android Studio\jbr\bin\server\jvm.dll
0x00007ffeed690000 - 0x00007ffeed741000 	C:\WINDOWS\System32\ADVAPI32.dll
0x00007ffeebe90000 - 0x00007ffeebf36000 	C:\WINDOWS\System32\sechost.dll
0x00007ffeed3b0000 - 0x00007ffeed4c7000 	C:\WINDOWS\System32\RPCRT4.dll
0x00007ffed5c10000 - 0x00007ffed5c19000 	C:\WINDOWS\SYSTEM32\WSOCK32.dll
0x00007ffeec010000 - 0x00007ffeec081000 	C:\WINDOWS\System32\WS2_32.dll
0x00007ffee2990000 - 0x00007ffee29c4000 	C:\WINDOWS\SYSTEM32\WINMM.dll
0x00007ffee9a90000 - 0x00007ffee9a9a000 	C:\WINDOWS\SYSTEM32\VERSION.dll
0x00007ffeea1e0000 - 0x00007ffeea1f8000 	C:\WINDOWS\SYSTEM32\kernel.appcore.dll
0x00007ffee8e60000 - 0x00007ffee8e6a000 	C:\Program Files\Android\Android Studio\jbr\bin\jimage.dll
0x00007ffee7d70000 - 0x00007ffee7fa3000 	C:\WINDOWS\SYSTEM32\DBGHELP.DLL
0x00007ffeec250000 - 0x00007ffeec5d9000 	C:\WINDOWS\System32\combase.dll
0x00007ffeed820000 - 0x00007ffeed8f7000 	C:\WINDOWS\System32\OLEAUT32.dll
0x00007ffedbee0000 - 0x00007ffedbf12000 	C:\WINDOWS\SYSTEM32\dbgcore.DLL
0x00007ffeebbe0000 - 0x00007ffeebc5a000 	C:\WINDOWS\System32\bcryptPrimitives.dll
0x00007ffee7a90000 - 0x00007ffee7ab5000 	C:\Program Files\Android\Android Studio\jbr\bin\java.dll
0x00007ffee7a50000 - 0x00007ffee7a68000 	C:\Program Files\Android\Android Studio\jbr\bin\zip.dll
0x00007ffeec690000 - 0x00007ffeecee9000 	C:\WINDOWS\System32\SHELL32.dll
0x00007ffee9190000 - 0x00007ffee9a84000 	C:\WINDOWS\SYSTEM32\windows.storage.dll
0x00007ffee9050000 - 0x00007ffee918e000 	C:\WINDOWS\SYSTEM32\wintypes.dll
0x00007ffeedaa0000 - 0x00007ffeedb93000 	C:\WINDOWS\System32\SHCORE.dll
0x00007ffeebc80000 - 0x00007ffeebcde000 	C:\WINDOWS\System32\shlwapi.dll
0x00007ffeeb1b0000 - 0x00007ffeeb1d6000 	C:\WINDOWS\SYSTEM32\profapi.dll
0x00007ffee66f0000 - 0x00007ffee6709000 	C:\Program Files\Android\Android Studio\jbr\bin\net.dll
0x00007ffee3540000 - 0x00007ffee3677000 	C:\WINDOWS\SYSTEM32\WINHTTP.dll
0x00007ffeea700000 - 0x00007ffeea769000 	C:\WINDOWS\system32\mswsock.dll
0x00007ffee64b0000 - 0x00007ffee64c6000 	C:\Program Files\Android\Android Studio\jbr\bin\nio.dll
0x00007ffee8ca0000 - 0x00007ffee8cb0000 	C:\Program Files\Android\Android Studio\jbr\bin\verify.dll
0x00007ffee48b0000 - 0x00007ffee48d7000 	C:\Users\User\.gradle\native\68d5fa5c4cc2d200863cafc0d521ce42e7d3e7ee720ec0a83991735586a16f82\windows-amd64\native-platform.dll
0x00007ffea7b20000 - 0x00007ffea7c64000 	C:\Users\User\.gradle\native\e376f236ea51e6404a007f0833ffe2c6e607c4080706a723a18a27aeea778392\windows-amd64\native-platform-file-events.dll
0x00007ffee7ba0000 - 0x00007ffee7ba9000 	C:\Program Files\Android\Android Studio\jbr\bin\management.dll
0x00007ffee7b70000 - 0x00007ffee7b7b000 	C:\Program Files\Android\Android Studio\jbr\bin\management_ext.dll
0x00007ffeebfe0000 - 0x00007ffeebfe8000 	C:\WINDOWS\System32\PSAPI.DLL
0x00007ffeea950000 - 0x00007ffeea96b000 	C:\WINDOWS\SYSTEM32\CRYPTSP.dll
0x00007ffeea200000 - 0x00007ffeea235000 	C:\WINDOWS\system32\rsaenh.dll
0x00007ffeea7f0000 - 0x00007ffeea81c000 	C:\WINDOWS\SYSTEM32\USERENV.dll
0x00007ffeeab20000 - 0x00007ffeeab48000 	C:\WINDOWS\SYSTEM32\bcrypt.dll
0x00007ffeea970000 - 0x00007ffeea97c000 	C:\WINDOWS\SYSTEM32\CRYPTBASE.dll
0x00007ffee9d00000 - 0x00007ffee9d2d000 	C:\WINDOWS\SYSTEM32\IPHLPAPI.DLL
0x00007ffeedba0000 - 0x00007ffeedba9000 	C:\WINDOWS\System32\NSI.dll
0x00007ffee29d0000 - 0x00007ffee29e9000 	C:\WINDOWS\SYSTEM32\dhcpcsvc6.DLL
0x00007ffee2830000 - 0x00007ffee284f000 	C:\WINDOWS\SYSTEM32\dhcpcsvc.DLL
0x00007ffee9d70000 - 0x00007ffee9e69000 	C:\WINDOWS\SYSTEM32\DNSAPI.dll
0x00007ffee8ec0000 - 0x00007ffee8ec8000 	C:\WINDOWS\system32\wshunix.dll

dbghelp: loaded successfully - version: 4.0.5 - missing functions: none
symbol engine: initialized successfully - sym options: 0x614 - pdb path: .;C:\Program Files\Android\Android Studio\jbr\bin;C:\WINDOWS\SYSTEM32;C:\WINDOWS\WinSxS\amd64_microsoft.windows.common-controls_6595b64144ccf1df_6.0.22621.2506_none_270c5ae97388e100;C:\Program Files\Android\Android Studio\jbr\bin\server;C:\Users\User\.gradle\native\68d5fa5c4cc2d200863cafc0d521ce42e7d3e7ee720ec0a83991735586a16f82\windows-amd64;C:\Users\User\.gradle\native\e376f236ea51e6404a007f0833ffe2c6e607c4080706a723a18a27aeea778392\windows-amd64

VM Arguments:
jvm_args: --add-opens=java.base/java.util=ALL-UNNAMED --add-opens=java.base/java.lang=ALL-UNNAMED --add-opens=java.base/java.lang.invoke=ALL-UNNAMED --add-opens=java.prefs/java.util.prefs=ALL-UNNAMED --add-opens=java.base/java.nio.charset=ALL-UNNAMED --add-opens=java.base/java.net=ALL-UNNAMED --add-opens=java.base/java.util.concurrent.atomic=ALL-UNNAMED -Xmx2048m -Dfile.encoding=UTF-8 -Duser.country=US -Duser.language=en -Duser.variant 
java_command: org.gradle.launcher.daemon.bootstrap.GradleDaemon 8.0
java_class_path (initial): C:\Users\User\.gradle\wrapper\dists\gradle-8.0-bin\ca5e32bp14vu59qr306oxotwh\gradle-8.0\lib\gradle-launcher-8.0.jar
Launcher Type: SUN_STANDARD

[Global flags]
     intx CICompilerCount                          = 4                                         {product} {ergonomic}
     uint ConcGCThreads                            = 2                                         {product} {ergonomic}
     uint G1ConcRefinementThreads                  = 8                                         {product} {ergonomic}
   size_t G1HeapRegionSize                         = 1048576                                   {product} {ergonomic}
    uintx GCDrainStackTargetSize                   = 64                                        {product} {ergonomic}
   size_t InitialHeapSize                          = 132120576                                 {product} {ergonomic}
   size_t MarkStackSize                            = 4194304                                   {product} {ergonomic}
   size_t MaxHeapSize                              = 2147483648                                {product} {command line}
   size_t MaxNewSize                               = 1287651328                                {product} {ergonomic}
   size_t MinHeapDeltaBytes                        = 1048576                                   {product} {ergonomic}
   size_t MinHeapSize                              = 8388608                                   {product} {ergonomic}
    uintx NonNMethodCodeHeapSize                   = 5839372                                {pd product} {ergonomic}
    uintx NonProfiledCodeHeapSize                  = 122909434                              {pd product} {ergonomic}
    uintx ProfiledCodeHeapSize                     = 122909434                              {pd product} {ergonomic}
    uintx ReservedCodeCacheSize                    = 251658240                              {pd product} {ergonomic}
     bool SegmentedCodeCache                       = true                                      {product} {ergonomic}
   size_t SoftMaxHeapSize                          = 2147483648                             {manageable} {ergonomic}
     bool UseCompressedClassPointers               = true                           {product lp64_product} {ergonomic}
     bool UseCompressedOops                        = true                           {product lp64_product} {ergonomic}
     bool UseG1GC                                  = true                                      {product} {ergonomic}
     bool UseLargePagesIndividualAllocation        = false                                  {pd product} {ergonomic}

Logging:
Log output configuration:
 #0: stdout all=warning uptime,level,tags
 #1: stderr all=off uptime,level,tags

Environment Variables:
JAVA_HOME=C:\Program Files\Java\jdk-20.0.1
PATH=C:\Program Files (x86)\Common Files\Oracle\Java\javapath;C:\Python311\Scripts\;C:\Python311\;C:\Program Files (x86)\Falcon\MinGW\bin;C:\WINDOWS\system32;C:\WINDOWS;C:\WINDOWS\System32\Wbem;C:\WINDOWS\System32\WindowsPowerShell\v1.0\;C:\WINDOWS\System32\OpenSSH\;C:\Program Files\Microsoft SQL Server\130\Tools\Binn\;C:\sqlite3;C:\Program Files (x86)\Microsoft SQL Server\150\DTS\Binn\;C:\Program Files\Azure Data Studio\bin;C:\Program Files\Microsoft SQL Server\Client SDK\ODBC\170\Tools\Binn\;C:\Program Files (x86)\Microsoft SQL Server\150\Tools\Binn\;C:\Program Files\Microsoft SQL Server\150\Tools\Binn\;C:\Program Files\Microsoft SQL Server\150\DTS\Binn\;C:\xampp\php;C:\ProgramData\ComposerSetup\bin;C:\Program Files\dotnet\;C:\Users\User\AppData\Local\Android\Sdk\cmdline-tools\bin;C:\Program Files\Java\;C:\Program Files\Git\cmd;C:\Program Files\nodejs\;C:\ProgramData\chocolatey\bin;C:\Program Files (x86)\GTK2-Runtime\lib;C:\Program Files (x86)\Common Files\Oracle\Java\javapath;C:\Python311\Scripts\;C:\Python311\;C:\Program Files (x86)\Falcon\MinGW\bin;C:\WINDOWS\system32;C:\WINDOWS;C:\WINDOWS\System32\Wbem;C:\WINDOWS\System32\WindowsPowerShell\v1.0\;C:\WINDOWS\System32\OpenSSH\;C:\Program Files\Microsoft SQL Server\130\Tools\Binn\;C:\sqlite3;C:\Program Files (x86)\Microsoft SQL Server\150\DTS\Binn\;C:\Program Files\Azure Data Studio\bin;C:\Program Files\Microsoft SQL Server\Client SDK\ODBC\170\Tools\Binn\;C:\Program Files (x86)\Microsoft SQL Server\150\Tools\Binn\;C:\Program Files\Microsoft SQL Server\150\Tools\Binn\;C:\Program Files\Microsoft SQL Server\150\DTS\Binn\;C:\xampp\php;C:\ProgramData\ComposerSetup\bin;C:\Program Files\dotnet\;C:\Users\User\AppData\Local\Android\Sdk\cmdline-tools\bin;C:\Program Files\Java\;C:\Program Files\Git\cmd;C:\Program Files\nodejs\;C:\ProgramData\chocolatey\bin;C:\Program Files (x86)\GTK2-Runtime\lib;C:\Program Files\nodejs\node_modules\npm\bin;C:\Program Files\MySQL\MySQL Shell 8.0\bin\;C:\Users\User\AppData\Local\Microsoft\Windows
USERNAME=User
OS=Windows_NT
PROCESSOR_IDENTIFIER=Intel64 Family 6 Model 140 Stepping 1, GenuineIntel
TMP=C:\Users\User\AppData\Local\Temp
TEMP=C:\Users\User\AppData\Local\Temp


JNI global refs:
JNI global refs: 27, weak refs: 6

JNI global refs memory usage: 843, weak refs: 841


---------------  S Y S T E M  ---------------

OS:
 Windows 11 , 64 bit Build 22621 (10.0.22621.2506)
OS uptime: 2 days 0:14 hours

CPU: total 8 (initial active 8) (4 cores per cpu, 2 threads per core) family 6 model 140 stepping 1 microcode 0x78, cx8, cmov, fxsr, ht, mmx, 3dnowpref, sse, sse2, sse3, ssse3, sse4.1, sse4.2, popcnt, lzcnt, tsc, tscinvbit, avx, avx2, aes, erms, clmul, bmi1, bmi2, adx, avx512f, avx512dq, avx512cd, avx512bw, avx512vl, sha, fma, vzeroupper, avx512_vpopcntdq, avx512_vpclmulqdq, avx512_vaes, avx512_vnni, clflush, clflushopt, clwb, avx512_vbmi2, avx512_vbmi

Memory: 4k page, system-wide physical 7991M (682M free)
TotalPageFile size 10039M (AvailPageFile size 23M)
current process WorkingSet (physical memory assigned to process): 293M, peak: 293M
current process commit charge ("private bytes"): 366M, peak: 459M

vm_info: OpenJDK 64-Bit Server VM (17.0.6+0-b2043.56-10027231) for windows-amd64 JRE (17.0.6+0-b2043.56-10027231), built on Apr 28 2023 00:43:19 by "androidbuild" with MS VC++ 16.10 / 16.11 (VS2019)

END.
