#
# There is insufficient memory for the Java Runtime Environment to continue.
# Native memory allocation (mmap) failed to map 25165824 bytes for G1 virtual space
# Possible reasons:
#   The system is out of physical RAM or swap space
#   The process is running with CompressedOops enabled, and the Java Heap may be blocking the growth of the native heap
# Possible solutions:
#   Reduce memory load on the system
#   Increase physical memory or swap space
#   Check if swap backing store is full
#   Decrease Java heap size (-Xmx/-Xms)
#   Decrease number of Java threads
#   Decrease Java thread stack sizes (-Xss)
#   Set larger code cache with -XX:ReservedCodeCacheSize=
#   JVM is running with Unscaled Compressed Oops mode in which the Java heap is
#     placed in the first 4GB address space. The Java Heap base address is the
#     maximum limit for the native heap growth. Please use -XX:HeapBaseMinAddress
#     to set the Java Heap base and to place the Java Heap above 4GB virtual address.
# This output file may be truncated or incomplete.
#
#  Out of Memory Error (os_windows.cpp:3769), pid=10556, tid=9388
#
# JRE version: OpenJDK Runtime Environment (17.0.6) (build 17.0.6+0-b2043.56-10027231)
# Java VM: OpenJDK 64-Bit Server VM (17.0.6+0-b2043.56-10027231, mixed mode, tiered, compressed oops, compressed class ptrs, g1 gc, windows-amd64)
# No core dump will be written. Minidumps are not enabled by default on client versions of Windows
#

---------------  S U M M A R Y ------------

Command Line: --add-opens=java.base/java.util=ALL-UNNAMED --add-opens=java.base/java.lang=ALL-UNNAMED --add-opens=java.base/java.lang.invoke=ALL-UNNAMED --add-opens=java.prefs/java.util.prefs=ALL-UNNAMED --add-opens=java.base/java.nio.charset=ALL-UNNAMED --add-opens=java.base/java.net=ALL-UNNAMED --add-opens=java.base/java.util.concurrent.atomic=ALL-UNNAMED -Xmx2048m -Dfile.encoding=UTF-8 -Duser.country=US -Duser.language=en -Duser.variant org.gradle.launcher.daemon.bootstrap.GradleDaemon 8.0

Host: 11th Gen Intel(R) Core(TM) i5-1135G7 @ 2.40GHz, 8 cores, 7G,  Windows 11 , 64 bit Build 22621 (10.0.22621.2506)
Time: Sat Dec  2 15:14:34 2023 E. Africa Standard Time elapsed time: 23.326340 seconds (0d 0h 0m 23s)

---------------  T H R E A D  ---------------

Current thread (0x000001f424b1e950):  VMThread "VM Thread" [stack: 0x000000dedb400000,0x000000dedb500000] [id=9388]

Stack: [0x000000dedb400000,0x000000dedb500000]
Native frames: (J=compiled Java code, j=interpreted, Vv=VM code, C=native code)
V  [jvm.dll+0x683c9a]
V  [jvm.dll+0x8427a4]
V  [jvm.dll+0x843f9e]
V  [jvm.dll+0x844603]
V  [jvm.dll+0x249b75]
V  [jvm.dll+0x680b69]
V  [jvm.dll+0x67505a]
V  [jvm.dll+0x309acb]
V  [jvm.dll+0x310f86]
V  [jvm.dll+0x3608ee]
V  [jvm.dll+0x360b1f]
V  [jvm.dll+0x2dfbf8]
V  [jvm.dll+0x2e2ce6]
V  [jvm.dll+0x2ed478]
V  [jvm.dll+0x322150]
V  [jvm.dll+0x848ccb]
V  [jvm.dll+0x849a04]
V  [jvm.dll+0x849f1d]
V  [jvm.dll+0x84a2f4]
V  [jvm.dll+0x84a3c0]
V  [jvm.dll+0x7f274a]
V  [jvm.dll+0x682ad5]
C  [ucrtbase.dll+0x29363]
C  [KERNEL32.DLL+0x1257d]
C  [ntdll.dll+0x5aa58]

VM_Operation (0x000000dedb0ff570): G1Concurrent, mode: safepoint, requested by thread 0x000001f408d8d3d0


---------------  P R O C E S S  ---------------

Threads class SMR info:
_java_thread_list=0x000001f42ebfa560, length=137, elements={
0x000001f408d1e4a0, 0x000001f425412250, 0x000001f425413410, 0x000001f4254343d0,
0x000001f425434d90, 0x000001f425437850, 0x000001f425438200, 0x000001f42543b740,
0x000001f42543c1e0, 0x000001f42543f500, 0x000001f4254c1c60, 0x000001f4254c2130,
0x000001f426f460b0, 0x000001f427075f50, 0x000001f426654240, 0x000001f426f99430,
0x000001f4284bac30, 0x000001f42657d710, 0x000001f42696b420, 0x000001f4284bb100,
0x000001f426c9eb60, 0x000001f426c9f500, 0x000001f426c9c4e0, 0x000001f426c9e1c0,
0x000001f426c9dcf0, 0x000001f426c9d820, 0x000001f426c9f9d0, 0x000001f426c9d350,
0x000001f426c9e690, 0x000001f426c9f030, 0x000001f426c9c010, 0x000001f426c9c9b0,
0x000001f426c9ce80, 0x000001f42b9fce20, 0x000001f42b9fe630, 0x000001f42b9feb00,
0x000001f42b9fefd0, 0x000001f42ba007e0, 0x000001f42b9ff4a0, 0x000001f42b9fd7c0,
0x000001f429a76710, 0x000001f429a77a50, 0x000001f429a72d50, 0x000001f429a74560,
0x000001f429a77f20, 0x000001f429a783f0, 0x000001f429a77580, 0x000001f429a770b0,
0x000001f429a736f0, 0x000001f429a788c0, 0x000001f429a73bc0, 0x000001f429a71070,
0x000001f429a74090, 0x000001f429a758a0, 0x000001f429a71a10, 0x000001f429a76240,
0x000001f429a74a30, 0x000001f429a71ee0, 0x000001f429a73220, 0x000001f429a71540,
0x000001f429a75d70, 0x000001f429a74f00, 0x000001f429a723b0, 0x000001f429a72880,
0x000001f429a76be0, 0x000001f429a753d0, 0x000001f429fcbbb0, 0x000001f429fcc080,
0x000001f429fcc550, 0x000001f429fcd3c0, 0x000001f429fce700, 0x000001f429fcebd0,
0x000001f429fcd890, 0x000001f429fccef0, 0x000001f429fc9060, 0x000001f429fcff10,
0x000001f429fcfa40, 0x000001f429fd08b0, 0x000001f429fcf0a0, 0x000001f429fd03e0,
0x000001f429fcca20, 0x000001f429fc9530, 0x000001f429fcdd60, 0x000001f429fcb6e0,
0x000001f429fce230, 0x000001f429fcf570, 0x000001f429fc9a00, 0x000001f429fc9ed0,
0x000001f429fca3a0, 0x000001f429fca870, 0x000001f429fcad40, 0x000001f429fcb210,
0x000001f42a64a110, 0x000001f42a6470f0, 0x000001f42a648430, 0x000001f42a6475c0,
0x000001f42a649770, 0x000001f42a644a70, 0x000001f42a647a90, 0x000001f42a647f60,
0x000001f42a648900, 0x000001f42a6458e0, 0x000001f42a6492a0, 0x000001f42a648dd0,
0x000001f42a649c40, 0x000001f42a64a5e0, 0x000001f42a64aab0, 0x000001f42a64af80,
0x000001f42a64b450, 0x000001f42a64b920, 0x000001f42a644f40, 0x000001f42a64bdf0,
0x000001f42a645410, 0x000001f42a64c2c0, 0x000001f42a645db0, 0x000001f42a646280,
0x000001f42a646750, 0x000001f42a646c20, 0x000001f4282f9570, 0x000001f4282f4d40,
0x000001f4282f5bb0, 0x000001f4282f8230, 0x000001f4282f7d60, 0x000001f4282f3a00,
0x000001f4282f3530, 0x000001f4282f4870, 0x000001f427ceb8e0, 0x000001f4282f6ef0,
0x000001f4282f9a40, 0x000001f4282f7890, 0x000001f4282f8bd0, 0x000001f4282f90a0,
0x000001f4282fa3e0, 0x000001f4282f3060, 0x000001f42b9fdc90, 0x000001f42b9fe160,
0x000001f42beb0a70
}

Java Threads: ( => current thread )
  0x000001f408d1e4a0 JavaThread "main" [_thread_blocked, id=344, stack(0x000000dedae00000,0x000000dedaf00000)]
  0x000001f425412250 JavaThread "Reference Handler" daemon [_thread_blocked, id=5168, stack(0x000000dedb500000,0x000000dedb600000)]
  0x000001f425413410 JavaThread "Finalizer" daemon [_thread_blocked, id=1192, stack(0x000000dedb600000,0x000000dedb700000)]
  0x000001f4254343d0 JavaThread "Signal Dispatcher" daemon [_thread_blocked, id=808, stack(0x000000dedb700000,0x000000dedb800000)]
  0x000001f425434d90 JavaThread "Attach Listener" daemon [_thread_blocked, id=8560, stack(0x000000dedb800000,0x000000dedb900000)]
  0x000001f425437850 JavaThread "Service Thread" daemon [_thread_blocked, id=10664, stack(0x000000dedb900000,0x000000dedba00000)]
  0x000001f425438200 JavaThread "Monitor Deflation Thread" daemon [_thread_blocked, id=4728, stack(0x000000dedba00000,0x000000dedbb00000)]
  0x000001f42543b740 JavaThread "C2 CompilerThread0" daemon [_thread_blocked, id=8556, stack(0x000000dedbb00000,0x000000dedbc00000)]
  0x000001f42543c1e0 JavaThread "C1 CompilerThread0" daemon [_thread_blocked, id=9272, stack(0x000000dedbc00000,0x000000dedbd00000)]
  0x000001f42543f500 JavaThread "Sweeper thread" daemon [_thread_blocked, id=1812, stack(0x000000dedbd00000,0x000000dedbe00000)]
  0x000001f4254c1c60 JavaThread "Common-Cleaner" daemon [_thread_blocked, id=10612, stack(0x000000dedbe00000,0x000000dedbf00000)]
  0x000001f4254c2130 JavaThread "Notification Thread" daemon [_thread_blocked, id=5848, stack(0x000000dedbf00000,0x000000dedc000000)]
  0x000001f426f460b0 JavaThread "Daemon health stats" [_thread_blocked, id=9292, stack(0x000000dedc700000,0x000000dedc800000)]
  0x000001f427075f50 JavaThread "Incoming local TCP Connector on port 54037" [_thread_in_native, id=7708, stack(0x000000dedc800000,0x000000dedc900000)]
  0x000001f426654240 JavaThread "Daemon periodic checks" [_thread_blocked, id=13648, stack(0x000000dedc900000,0x000000dedca00000)]
  0x000001f426f99430 JavaThread "Daemon" [_thread_blocked, id=8568, stack(0x000000dedca00000,0x000000dedcb00000)]
  0x000001f4284bac30 JavaThread "Handler for socket connection from /127.0.0.1:54037 to /127.0.0.1:54038" [_thread_in_native, id=5276, stack(0x000000dedcb00000,0x000000dedcc00000)]
  0x000001f42657d710 JavaThread "Cancel handler" [_thread_blocked, id=14196, stack(0x000000dedcc00000,0x000000dedcd00000)]
  0x000001f42696b420 JavaThread "Daemon worker" [_thread_blocked, id=2164, stack(0x000000dedcd00000,0x000000dedce00000)]
  0x000001f4284bb100 JavaThread "Asynchronous log dispatcher for DefaultDaemonConnection: socket connection from /127.0.0.1:54037 to /127.0.0.1:54038" [_thread_blocked, id=4124, stack(0x000000dedce00000,0x000000dedcf00000)]
  0x000001f426c9eb60 JavaThread "Stdin handler" [_thread_blocked, id=11840, stack(0x000000dedcf00000,0x000000dedd000000)]
  0x000001f426c9f500 JavaThread "Daemon client event forwarder" [_thread_blocked, id=13604, stack(0x000000dedd000000,0x000000dedd100000)]
  0x000001f426c9c4e0 JavaThread "Cache worker for journal cache (C:\Users\User\.gradle\caches\journal-1)" [_thread_blocked, id=9436, stack(0x000000dedd500000,0x000000dedd600000)]
  0x000001f426c9e1c0 JavaThread "File lock request listener" [_thread_in_native, id=9336, stack(0x000000dedd600000,0x000000dedd700000)]
  0x000001f426c9dcf0 JavaThread "Cache worker for file hash cache (C:\Users\User\.gradle\caches\8.0\fileHashes)" [_thread_blocked, id=5188, stack(0x000000dedd700000,0x000000dedd800000)]
  0x000001f426c9d820 JavaThread "File watcher server" daemon [_thread_in_native, id=9536, stack(0x000000dedd800000,0x000000dedd900000)]
  0x000001f426c9f9d0 JavaThread "File watcher consumer" daemon [_thread_blocked, id=1104, stack(0x000000dedd900000,0x000000dedda00000)]
  0x000001f426c9d350 JavaThread "Cache worker for checksums cache (C:\Users\User\AndroidStudioProjects\RepairPal\.gradle\8.0\checksums)" [_thread_blocked, id=8528, stack(0x000000dedda00000,0x000000deddb00000)]
  0x000001f426c9e690 JavaThread "Cache worker for cache directory md-rule (C:\Users\User\.gradle\caches\8.0\md-rule)" [_thread_blocked, id=1544, stack(0x000000deddb00000,0x000000deddc00000)]
  0x000001f426c9f030 JavaThread "Cache worker for file content cache (C:\Users\User\.gradle\caches\8.0\fileContent)" [_thread_blocked, id=12504, stack(0x000000deddc00000,0x000000deddd00000)]
  0x000001f426c9c010 JavaThread "Cache worker for file hash cache (C:\Users\User\AndroidStudioProjects\RepairPal\.gradle\8.0\fileHashes)" [_thread_blocked, id=2404, stack(0x000000deddd00000,0x000000dedde00000)]
  0x000001f426c9c9b0 JavaThread "Cache worker for cache directory md-supplier (C:\Users\User\.gradle\caches\8.0\md-supplier)" [_thread_blocked, id=1044, stack(0x000000dedde00000,0x000000deddf00000)]
  0x000001f426c9ce80 JavaThread "Cache worker for execution history cache (C:\Users\User\.gradle\caches\8.0\executionHistory)" [_thread_blocked, id=11564, stack(0x000000deddf00000,0x000000dede000000)]
  0x000001f42b9fce20 JavaThread "jar transforms" [_thread_blocked, id=3360, stack(0x000000dede000000,0x000000dede100000)]
  0x000001f42b9fe630 JavaThread "jar transforms Thread 2" [_thread_blocked, id=3236, stack(0x000000dede100000,0x000000dede200000)]
  0x000001f42b9feb00 JavaThread "Cache worker for kotlin-dsl (C:\Users\User\.gradle\caches\8.0\kotlin-dsl)" [_thread_blocked, id=4312, stack(0x000000dede300000,0x000000dede400000)]
  0x000001f42b9fefd0 JavaThread "jar transforms Thread 3" [_thread_blocked, id=7412, stack(0x000000dede400000,0x000000dede500000)]
  0x000001f42ba007e0 JavaThread "jar transforms Thread 4" [_thread_blocked, id=1792, stack(0x000000dede500000,0x000000dede600000)]
  0x000001f42b9ff4a0 JavaThread "Cache worker for dependencies-accessors (C:\Users\User\AndroidStudioProjects\RepairPal\.gradle\8.0\dependencies-accessors)" [_thread_blocked, id=3508, stack(0x000000dede600000,0x000000dede700000)]
  0x000001f42b9fd7c0 JavaThread "Cache worker for Build Output Cleanup Cache (C:\Users\User\AndroidStudioProjects\RepairPal\.gradle\buildOutputCleanup)" [_thread_blocked, id=13936, stack(0x000000dede700000,0x000000dede800000)]
  0x000001f429a76710 JavaThread "jar transforms Thread 5" [_thread_blocked, id=11104, stack(0x000000dede800000,0x000000dede900000)]
  0x000001f429a77a50 JavaThread "Unconstrained build operations" [_thread_blocked, id=7004, stack(0x000000dedc100000,0x000000dedc200000)]
  0x000001f429a72d50 JavaThread "Unconstrained build operations Thread 2" [_thread_blocked, id=13940, stack(0x000000dedc200000,0x000000dedc300000)]
  0x000001f429a74560 JavaThread "Unconstrained build operations Thread 3" [_thread_blocked, id=12868, stack(0x000000dede900000,0x000000dedea00000)]
  0x000001f429a77f20 JavaThread "Unconstrained build operations Thread 4" [_thread_blocked, id=3848, stack(0x000000dedea00000,0x000000dedeb00000)]
  0x000001f429a783f0 JavaThread "Unconstrained build operations Thread 5" [_thread_blocked, id=11348, stack(0x000000dedeb00000,0x000000dedec00000)]
  0x000001f429a77580 JavaThread "Unconstrained build operations Thread 6" [_thread_blocked, id=10956, stack(0x000000dedec00000,0x000000deded00000)]
  0x000001f429a770b0 JavaThread "Unconstrained build operations Thread 7" [_thread_blocked, id=12780, stack(0x000000deded00000,0x000000dedee00000)]
  0x000001f429a736f0 JavaThread "Unconstrained build operations Thread 8" [_thread_blocked, id=7104, stack(0x000000dedee00000,0x000000dedef00000)]
  0x000001f429a788c0 JavaThread "Unconstrained build operations Thread 9" [_thread_blocked, id=3524, stack(0x000000dedef00000,0x000000dedf000000)]
  0x000001f429a73bc0 JavaThread "Unconstrained build operations Thread 10" [_thread_blocked, id=11752, stack(0x000000dedf000000,0x000000dedf100000)]
  0x000001f429a71070 JavaThread "Unconstrained build operations Thread 11" [_thread_blocked, id=14312, stack(0x000000dedf100000,0x000000dedf200000)]
  0x000001f429a74090 JavaThread "Unconstrained build operations Thread 12" [_thread_blocked, id=3532, stack(0x000000dedf200000,0x000000dedf300000)]
  0x000001f429a758a0 JavaThread "Unconstrained build operations Thread 13" [_thread_blocked, id=1400, stack(0x000000dedf300000,0x000000dedf400000)]
  0x000001f429a71a10 JavaThread "Unconstrained build operations Thread 14" [_thread_blocked, id=13612, stack(0x000000dedf400000,0x000000dedf500000)]
  0x000001f429a76240 JavaThread "Unconstrained build operations Thread 15" [_thread_blocked, id=13372, stack(0x000000dedf500000,0x000000dedf600000)]
  0x000001f429a74a30 JavaThread "Unconstrained build operations Thread 16" [_thread_blocked, id=3480, stack(0x000000dedf600000,0x000000dedf700000)]
  0x000001f429a71ee0 JavaThread "Unconstrained build operations Thread 17" [_thread_blocked, id=9976, stack(0x000000dedf700000,0x000000dedf800000)]
  0x000001f429a73220 JavaThread "Unconstrained build operations Thread 18" [_thread_blocked, id=9416, stack(0x000000dedf800000,0x000000dedf900000)]
  0x000001f429a71540 JavaThread "Unconstrained build operations Thread 19" [_thread_blocked, id=4368, stack(0x000000dedf900000,0x000000dedfa00000)]
  0x000001f429a75d70 JavaThread "Unconstrained build operations Thread 20" [_thread_blocked, id=12920, stack(0x000000dedfa00000,0x000000dedfb00000)]
  0x000001f429a74f00 JavaThread "Unconstrained build operations Thread 21" [_thread_blocked, id=4664, stack(0x000000dedfb00000,0x000000dedfc00000)]
  0x000001f429a723b0 JavaThread "Unconstrained build operations Thread 22" [_thread_blocked, id=14232, stack(0x000000dedfc00000,0x000000dedfd00000)]
  0x000001f429a72880 JavaThread "Unconstrained build operations Thread 23" [_thread_blocked, id=12524, stack(0x000000dedfd00000,0x000000dedfe00000)]
  0x000001f429a76be0 JavaThread "Unconstrained build operations Thread 24" [_thread_blocked, id=8288, stack(0x000000dedfe00000,0x000000dedff00000)]
  0x000001f429a753d0 JavaThread "Unconstrained build operations Thread 25" [_thread_blocked, id=3116, stack(0x000000dedff00000,0x000000dee0000000)]
  0x000001f429fcbbb0 JavaThread "Unconstrained build operations Thread 26" [_thread_blocked, id=5336, stack(0x000000dee0000000,0x000000dee0100000)]
  0x000001f429fcc080 JavaThread "Unconstrained build operations Thread 27" [_thread_blocked, id=10784, stack(0x000000dee0100000,0x000000dee0200000)]
  0x000001f429fcc550 JavaThread "Unconstrained build operations Thread 28" [_thread_blocked, id=4724, stack(0x000000dee0200000,0x000000dee0300000)]
  0x000001f429fcd3c0 JavaThread "Unconstrained build operations Thread 29" [_thread_blocked, id=13400, stack(0x000000dee0300000,0x000000dee0400000)]
  0x000001f429fce700 JavaThread "Unconstrained build operations Thread 30" [_thread_blocked, id=14264, stack(0x000000dee0400000,0x000000dee0500000)]
  0x000001f429fcebd0 JavaThread "Unconstrained build operations Thread 31" [_thread_blocked, id=13616, stack(0x000000dee0500000,0x000000dee0600000)]
  0x000001f429fcd890 JavaThread "Unconstrained build operations Thread 32" [_thread_blocked, id=1280, stack(0x000000dee0600000,0x000000dee0700000)]
  0x000001f429fccef0 JavaThread "Unconstrained build operations Thread 33" [_thread_blocked, id=13608, stack(0x000000dee0700000,0x000000dee0800000)]
  0x000001f429fc9060 JavaThread "Unconstrained build operations Thread 34" [_thread_blocked, id=9832, stack(0x000000dee0800000,0x000000dee0900000)]
  0x000001f429fcff10 JavaThread "Unconstrained build operations Thread 35" [_thread_blocked, id=7804, stack(0x000000dee0900000,0x000000dee0a00000)]
  0x000001f429fcfa40 JavaThread "Unconstrained build operations Thread 36" [_thread_blocked, id=13064, stack(0x000000dee0a00000,0x000000dee0b00000)]
  0x000001f429fd08b0 JavaThread "Unconstrained build operations Thread 37" [_thread_blocked, id=11560, stack(0x000000dee0b00000,0x000000dee0c00000)]
  0x000001f429fcf0a0 JavaThread "Unconstrained build operations Thread 38" [_thread_blocked, id=13132, stack(0x000000dee0c00000,0x000000dee0d00000)]
  0x000001f429fd03e0 JavaThread "Unconstrained build operations Thread 39" [_thread_blocked, id=7996, stack(0x000000dee0d00000,0x000000dee0e00000)]
  0x000001f429fcca20 JavaThread "Unconstrained build operations Thread 40" [_thread_blocked, id=4420, stack(0x000000dee0e00000,0x000000dee0f00000)]
  0x000001f429fc9530 JavaThread "Unconstrained build operations Thread 41" [_thread_blocked, id=13332, stack(0x000000dee0f00000,0x000000dee1000000)]
  0x000001f429fcdd60 JavaThread "Unconstrained build operations Thread 42" [_thread_blocked, id=4216, stack(0x000000dee1000000,0x000000dee1100000)]
  0x000001f429fcb6e0 JavaThread "Unconstrained build operations Thread 43" [_thread_blocked, id=4352, stack(0x000000dee1100000,0x000000dee1200000)]
  0x000001f429fce230 JavaThread "Unconstrained build operations Thread 44" [_thread_blocked, id=13076, stack(0x000000dee1200000,0x000000dee1300000)]
  0x000001f429fcf570 JavaThread "Unconstrained build operations Thread 45" [_thread_blocked, id=11464, stack(0x000000dee1300000,0x000000dee1400000)]
  0x000001f429fc9a00 JavaThread "Unconstrained build operations Thread 46" [_thread_blocked, id=572, stack(0x000000dee1400000,0x000000dee1500000)]
  0x000001f429fc9ed0 JavaThread "Unconstrained build operations Thread 47" [_thread_blocked, id=5420, stack(0x000000dee1500000,0x000000dee1600000)]
  0x000001f429fca3a0 JavaThread "Unconstrained build operations Thread 48" [_thread_blocked, id=11880, stack(0x000000dee1600000,0x000000dee1700000)]
  0x000001f429fca870 JavaThread "Unconstrained build operations Thread 49" [_thread_blocked, id=12956, stack(0x000000dee1700000,0x000000dee1800000)]
  0x000001f429fcad40 JavaThread "Unconstrained build operations Thread 50" [_thread_blocked, id=10756, stack(0x000000dee1800000,0x000000dee1900000)]
  0x000001f429fcb210 JavaThread "Unconstrained build operations Thread 51" [_thread_blocked, id=9620, stack(0x000000dee1900000,0x000000dee1a00000)]
  0x000001f42a64a110 JavaThread "Unconstrained build operations Thread 52" [_thread_blocked, id=13896, stack(0x000000dee1a00000,0x000000dee1b00000)]
  0x000001f42a6470f0 JavaThread "Unconstrained build operations Thread 53" [_thread_blocked, id=13284, stack(0x000000dee1b00000,0x000000dee1c00000)]
  0x000001f42a648430 JavaThread "Unconstrained build operations Thread 54" [_thread_blocked, id=2692, stack(0x000000dee1c00000,0x000000dee1d00000)]
  0x000001f42a6475c0 JavaThread "Unconstrained build operations Thread 55" [_thread_blocked, id=12352, stack(0x000000dee1d00000,0x000000dee1e00000)]
  0x000001f42a649770 JavaThread "Unconstrained build operations Thread 56" [_thread_blocked, id=3220, stack(0x000000dee1e00000,0x000000dee1f00000)]
  0x000001f42a644a70 JavaThread "Unconstrained build operations Thread 57" [_thread_blocked, id=13084, stack(0x000000dee1f00000,0x000000dee2000000)]
  0x000001f42a647a90 JavaThread "Unconstrained build operations Thread 58" [_thread_blocked, id=8284, stack(0x000000dee2000000,0x000000dee2100000)]
  0x000001f42a647f60 JavaThread "Unconstrained build operations Thread 59" [_thread_blocked, id=12872, stack(0x000000dee2100000,0x000000dee2200000)]
  0x000001f42a648900 JavaThread "Unconstrained build operations Thread 60" [_thread_blocked, id=13504, stack(0x000000dee2200000,0x000000dee2300000)]
  0x000001f42a6458e0 JavaThread "Unconstrained build operations Thread 61" [_thread_blocked, id=8460, stack(0x000000dee2300000,0x000000dee2400000)]
  0x000001f42a6492a0 JavaThread "Unconstrained build operations Thread 62" [_thread_blocked, id=12048, stack(0x000000dee2400000,0x000000dee2500000)]
  0x000001f42a648dd0 JavaThread "Unconstrained build operations Thread 63" [_thread_blocked, id=6812, stack(0x000000dee2500000,0x000000dee2600000)]
  0x000001f42a649c40 JavaThread "Unconstrained build operations Thread 64" [_thread_blocked, id=5884, stack(0x000000dee2600000,0x000000dee2700000)]
  0x000001f42a64a5e0 JavaThread "Unconstrained build operations Thread 65" [_thread_blocked, id=10452, stack(0x000000dee2700000,0x000000dee2800000)]
  0x000001f42a64aab0 JavaThread "Unconstrained build operations Thread 66" [_thread_blocked, id=9240, stack(0x000000dee2800000,0x000000dee2900000)]
  0x000001f42a64af80 JavaThread "Unconstrained build operations Thread 67" [_thread_blocked, id=4692, stack(0x000000dee2900000,0x000000dee2a00000)]
  0x000001f42a64b450 JavaThread "Unconstrained build operations Thread 68" [_thread_blocked, id=11444, stack(0x000000dee2a00000,0x000000dee2b00000)]
  0x000001f42a64b920 JavaThread "Unconstrained build operations Thread 69" [_thread_blocked, id=4984, stack(0x000000dee2b00000,0x000000dee2c00000)]
  0x000001f42a644f40 JavaThread "Unconstrained build operations Thread 70" [_thread_blocked, id=12284, stack(0x000000dee2c00000,0x000000dee2d00000)]
  0x000001f42a64bdf0 JavaThread "Unconstrained build operations Thread 71" [_thread_blocked, id=13468, stack(0x000000dee2d00000,0x000000dee2e00000)]
  0x000001f42a645410 JavaThread "Unconstrained build operations Thread 72" [_thread_blocked, id=6952, stack(0x000000dee2e00000,0x000000dee2f00000)]
  0x000001f42a64c2c0 JavaThread "Unconstrained build operations Thread 73" [_thread_blocked, id=11668, stack(0x000000dee2f00000,0x000000dee3000000)]
  0x000001f42a645db0 JavaThread "Unconstrained build operations Thread 74" [_thread_blocked, id=10372, stack(0x000000dee3000000,0x000000dee3100000)]
  0x000001f42a646280 JavaThread "Unconstrained build operations Thread 75" [_thread_blocked, id=2856, stack(0x000000dee3100000,0x000000dee3200000)]
  0x000001f42a646750 JavaThread "Unconstrained build operations Thread 76" [_thread_blocked, id=11712, stack(0x000000dee3200000,0x000000dee3300000)]
  0x000001f42a646c20 JavaThread "Unconstrained build operations Thread 77" [_thread_blocked, id=7596, stack(0x000000dee3300000,0x000000dee3400000)]
  0x000001f4282f9570 JavaThread "Unconstrained build operations Thread 78" [_thread_blocked, id=6500, stack(0x000000dee3400000,0x000000dee3500000)]
  0x000001f4282f4d40 JavaThread "Unconstrained build operations Thread 79" [_thread_blocked, id=4716, stack(0x000000dee3500000,0x000000dee3600000)]
  0x000001f4282f5bb0 JavaThread "Unconstrained build operations Thread 80" [_thread_blocked, id=3120, stack(0x000000dee3600000,0x000000dee3700000)]
  0x000001f4282f8230 JavaThread "jar transforms Thread 6" [_thread_blocked, id=6000, stack(0x000000dee3700000,0x000000dee3800000)]
  0x000001f4282f7d60 JavaThread "jar transforms Thread 7" [_thread_blocked, id=10408, stack(0x000000dee3800000,0x000000dee3900000)]
  0x000001f4282f3a00 JavaThread "jar transforms Thread 8" [_thread_blocked, id=12084, stack(0x000000dee3900000,0x000000dee3a00000)]
  0x000001f4282f3530 JavaThread "build event listener" [_thread_blocked, id=12568, stack(0x000000dee3a00000,0x000000dee3b00000)]
  0x000001f4282f4870 JavaThread "Memory manager" [_thread_blocked, id=2276, stack(0x000000dee3c00000,0x000000dee3d00000)]
  0x000001f427ceb8e0 JavaThread "C2 CompilerThread1" daemon [_thread_blocked, id=5728, stack(0x000000dee3b00000,0x000000dee3c00000)]
  0x000001f4282f6ef0 JavaThread "pool-3-thread-1" [_thread_blocked, id=9084, stack(0x000000dee3e00000,0x000000dee3f00000)]
  0x000001f4282f9a40 JavaThread "build event listener" [_thread_blocked, id=10136, stack(0x000000dee3f00000,0x000000dee4000000)]
  0x000001f4282f7890 JavaThread "included builds" [_thread_blocked, id=13708, stack(0x000000dee4000000,0x000000dee4100000)]
  0x000001f4282f8bd0 JavaThread "Execution worker" [_thread_blocked, id=4932, stack(0x000000dee4100000,0x000000dee4200000)]
  0x000001f4282f90a0 JavaThread "Execution worker Thread 2" [_thread_blocked, id=6572, stack(0x000000dee4200000,0x000000dee4300000)]
  0x000001f4282fa3e0 JavaThread "Execution worker Thread 3" [_thread_blocked, id=11628, stack(0x000000dee4300000,0x000000dee4400000)]
  0x000001f4282f3060 JavaThread "Execution worker Thread 4" [_thread_blocked, id=10416, stack(0x000000dee4400000,0x000000dee4500000)]
  0x000001f42b9fdc90 JavaThread "Execution worker Thread 5" [_thread_blocked, id=13440, stack(0x000000dee4500000,0x000000dee4600000)]
  0x000001f42b9fe160 JavaThread "Execution worker Thread 6" [_thread_blocked, id=10492, stack(0x000000dee4600000,0x000000dee4700000)]
  0x000001f42beb0a70 JavaThread "Execution worker Thread 7" [_thread_blocked, id=9004, stack(0x000000dee4700000,0x000000dee4800000)]

Other Threads:
=>0x000001f424b1e950 VMThread "VM Thread" [stack: 0x000000dedb400000,0x000000dedb500000] [id=9388]
  0x000001f4254deec0 WatcherThread [stack: 0x000000dedc000000,0x000000dedc100000] [id=13740]
  0x000001f408d7c490 GCTaskThread "GC Thread#0" [stack: 0x000000dedaf00000,0x000000dedb000000] [id=7536]
  0x000001f4257f39b0 GCTaskThread "GC Thread#1" [stack: 0x000000dedc300000,0x000000dedc400000] [id=13828]
  0x000001f4257f3700 GCTaskThread "GC Thread#2" [stack: 0x000000dedc400000,0x000000dedc500000] [id=7556]
  0x000001f4257f3c60 GCTaskThread "GC Thread#3" [stack: 0x000000dedc500000,0x000000dedc600000] [id=13304]
  0x000001f4257f3450 GCTaskThread "GC Thread#4" [stack: 0x000000dedc600000,0x000000dedc700000] [id=6972]
  0x000001f4257f2430 GCTaskThread "GC Thread#5" [stack: 0x000000dedd100000,0x000000dedd200000] [id=1748]
  0x000001f4257f26e0 GCTaskThread "GC Thread#6" [stack: 0x000000dedd200000,0x000000dedd300000] [id=9928]
  0x000001f4257f31a0 GCTaskThread "GC Thread#7" [stack: 0x000000dedd300000,0x000000dedd400000] [id=10296]
  0x000001f408d8d3d0 ConcurrentGCThread "G1 Main Marker" [stack: 0x000000dedb000000,0x000000dedb100000] [id=10736]
  0x000001f408d8dde0 ConcurrentGCThread "G1 Conc#0" [stack: 0x000000dedb100000,0x000000dedb200000] [id=8248]
  0x000001f4281e1890 ConcurrentGCThread "G1 Conc#1" [stack: 0x000000dedd400000,0x000000dedd500000] [id=10580]
  0x000001f408ddd180 ConcurrentGCThread "G1 Refine#0" [stack: 0x000000dedb200000,0x000000dedb300000] [id=4444]
  0x000001f42a469290 ConcurrentGCThread "G1 Refine#1" [stack: 0x000000dede200000,0x000000dede300000] [id=2560]
  0x000001f42a31d910 ConcurrentGCThread "G1 Refine#2" [stack: 0x000000dee3d00000,0x000000dee3e00000] [id=14112]
  0x000001f408dddba0 ConcurrentGCThread "G1 Service" [stack: 0x000000dedb300000,0x000000dedb400000] [id=4056]

Threads with active compile tasks:
C2 CompilerThread0    23407 9985       4       org.gradle.internal.instantiation.generator.AbstractClassGenerator::inspectType (560 bytes)

VM state: at safepoint (normal execution)

VM Mutex/Monitor currently owned by a thread:  ([mutex/lock_event])
[0x000001f408d1a3c0] Threads_lock - owner thread: 0x000001f424b1e950
[0x000001f408d1a7b0] Heap_lock - owner thread: 0x000001f408d8d3d0

Heap address: 0x0000000080000000, size: 2048 MB, Compressed Oops mode: 32-bit

CDS archive(s) not mapped
Compressed class space mapped at: 0x0000000100000000-0x0000000140000000, reserved size: 1073741824
Narrow klass base: 0x0000000000000000, Narrow klass shift: 3, Narrow klass range: 0x140000000

GC Precious Log:
 CPUs: 8 total, 8 available
 Memory: 7991M
 Large Page Support: Disabled
 NUMA Support: Disabled
 Compressed Oops: Enabled (32-bit)
 Heap Region Size: 1M
 Heap Min Capacity: 8M
 Heap Initial Capacity: 126M
 Heap Max Capacity: 2G
 Pre-touch: Disabled
 Parallel Workers: 8
 Concurrent Workers: 2
 Concurrent Refinement Workers: 8
 Periodic GC: Disabled

Heap:
 garbage-first heap   total 138240K, used 96089K [0x0000000080000000, 0x0000000100000000)
  region size 1024K, 8 young (8192K), 4 survivors (4096K)
 Metaspace       used 96691K, committed 97280K, reserved 1138688K
  class space    used 13009K, committed 13312K, reserved 1048576K

Heap Regions: E=young(eden), S=young(survivor), O=old, HS=humongous(starts), HC=humongous(continues), CS=collection set, F=free, OA=open archive, CA=closed archive, TAMS=top-at-mark-start (previous, next)
|   0|0x0000000080000000, 0x0000000080100000, 0x0000000080100000|100%|HS|  |TAMS 0x0000000080100000, 0x0000000080000000| Complete 
|   1|0x0000000080100000, 0x0000000080200000, 0x0000000080200000|100%|HC|  |TAMS 0x0000000080200000, 0x0000000080100000| Complete 
|   2|0x0000000080200000, 0x0000000080300000, 0x0000000080300000|100%|HC|  |TAMS 0x0000000080300000, 0x0000000080200000| Complete 
|   3|0x0000000080300000, 0x0000000080400000, 0x0000000080400000|100%|HC|  |TAMS 0x0000000080400000, 0x0000000080300000| Complete 
|   4|0x0000000080400000, 0x0000000080500000, 0x0000000080500000|100%| O|  |TAMS 0x0000000080500000, 0x0000000080400000| Updating 
|   5|0x0000000080500000, 0x0000000080600000, 0x0000000080600000|100%| O|  |TAMS 0x0000000080600000, 0x0000000080500000| Untracked 
|   6|0x0000000080600000, 0x0000000080700000, 0x0000000080700000|100%| O|  |TAMS 0x0000000080700000, 0x0000000080600000| Untracked 
|   7|0x0000000080700000, 0x0000000080800000, 0x0000000080800000|100%| O|  |TAMS 0x0000000080800000, 0x0000000080700000| Untracked 
|   8|0x0000000080800000, 0x0000000080900000, 0x0000000080900000|100%| O|  |TAMS 0x0000000080900000, 0x0000000080800000| Untracked 
|   9|0x0000000080900000, 0x0000000080a00000, 0x0000000080a00000|100%| O|  |TAMS 0x0000000080a00000, 0x0000000080900000| Untracked 
|  10|0x0000000080a00000, 0x0000000080b00000, 0x0000000080b00000|100%| O|  |TAMS 0x0000000080b00000, 0x0000000080a00000| Untracked 
|  11|0x0000000080b00000, 0x0000000080c00000, 0x0000000080c00000|100%| O|  |TAMS 0x0000000080c00000, 0x0000000080b00000| Untracked 
|  12|0x0000000080c00000, 0x0000000080d00000, 0x0000000080d00000|100%| O|  |TAMS 0x0000000080d00000, 0x0000000080c00000| Untracked 
|  13|0x0000000080d00000, 0x0000000080e00000, 0x0000000080e00000|100%| O|  |TAMS 0x0000000080e00000, 0x0000000080d00000| Untracked 
|  14|0x0000000080e00000, 0x0000000080f00000, 0x0000000080f00000|100%| O|  |TAMS 0x0000000080f00000, 0x0000000080e00000| Updating 
|  15|0x0000000080f00000, 0x0000000081000000, 0x0000000081000000|100%| O|  |TAMS 0x0000000081000000, 0x0000000080f00000| Untracked 
|  16|0x0000000081000000, 0x0000000081100000, 0x0000000081100000|100%| O|  |TAMS 0x0000000081100000, 0x0000000081000000| Untracked 
|  17|0x0000000081100000, 0x0000000081200000, 0x0000000081200000|100%| O|  |TAMS 0x0000000081200000, 0x0000000081100000| Untracked 
|  18|0x0000000081200000, 0x0000000081300000, 0x0000000081300000|100%| O|  |TAMS 0x0000000081300000, 0x0000000081200000| Untracked 
|  19|0x0000000081300000, 0x0000000081400000, 0x0000000081400000|100%| O|  |TAMS 0x0000000081400000, 0x0000000081300000| Untracked 
|  20|0x0000000081400000, 0x0000000081500000, 0x0000000081500000|100%| O|  |TAMS 0x0000000081500000, 0x0000000081400000| Updating 
|  21|0x0000000081500000, 0x0000000081600000, 0x0000000081600000|100%| O|  |TAMS 0x0000000081600000, 0x0000000081500000| Untracked 
|  22|0x0000000081600000, 0x0000000081700000, 0x0000000081700000|100%| O|  |TAMS 0x0000000081700000, 0x0000000081600000| Untracked 
|  23|0x0000000081700000, 0x0000000081800000, 0x0000000081800000|100%| O|  |TAMS 0x0000000081800000, 0x0000000081700000| Updating 
|  24|0x0000000081800000, 0x0000000081900000, 0x0000000081900000|100%| O|  |TAMS 0x0000000081900000, 0x0000000081800000| Updating 
|  25|0x0000000081900000, 0x0000000081a00000, 0x0000000081a00000|100%| O|  |TAMS 0x0000000081a00000, 0x0000000081900000| Updating 
|  26|0x0000000081a00000, 0x0000000081b00000, 0x0000000081b00000|100%| O|  |TAMS 0x0000000081b00000, 0x0000000081a00000| Untracked 
|  27|0x0000000081b00000, 0x0000000081c00000, 0x0000000081c00000|100%| O|  |TAMS 0x0000000081c00000, 0x0000000081b00000| Updating 
|  28|0x0000000081c00000, 0x0000000081d00000, 0x0000000081d00000|100%| O|  |TAMS 0x0000000081d00000, 0x0000000081c00000| Untracked 
|  29|0x0000000081d00000, 0x0000000081e00000, 0x0000000081e00000|100%| O|  |TAMS 0x0000000081e00000, 0x0000000081d00000| Untracked 
|  30|0x0000000081e00000, 0x0000000081f00000, 0x0000000081f00000|100%| O|  |TAMS 0x0000000081f00000, 0x0000000081e00000| Untracked 
|  31|0x0000000081f00000, 0x0000000082000000, 0x0000000082000000|100%| O|  |TAMS 0x0000000082000000, 0x0000000081f00000| Untracked 
|  32|0x0000000082000000, 0x0000000082100000, 0x0000000082100000|100%| O|  |TAMS 0x0000000082100000, 0x0000000082000000| Untracked 
|  33|0x0000000082100000, 0x0000000082200000, 0x0000000082200000|100%|HS|  |TAMS 0x0000000082200000, 0x0000000082100000| Complete 
|  34|0x0000000082200000, 0x0000000082300000, 0x0000000082300000|100%|HS|  |TAMS 0x0000000082300000, 0x0000000082200000| Complete 
|  35|0x0000000082300000, 0x0000000082400000, 0x0000000082400000|100%|HS|  |TAMS 0x0000000082400000, 0x0000000082300000| Complete 
|  36|0x0000000082400000, 0x0000000082500000, 0x0000000082500000|100%|HC|  |TAMS 0x0000000082500000, 0x0000000082400000| Complete 
|  37|0x0000000082500000, 0x0000000082600000, 0x0000000082600000|100%| O|  |TAMS 0x0000000082600000, 0x0000000082500000| Untracked 
|  38|0x0000000082600000, 0x0000000082700000, 0x0000000082700000|100%| O|  |TAMS 0x0000000082700000, 0x0000000082600000| Updating 
|  39|0x0000000082700000, 0x0000000082800000, 0x0000000082800000|100%| O|  |TAMS 0x0000000082800000, 0x0000000082700000| Updating 
|  40|0x0000000082800000, 0x0000000082900000, 0x0000000082900000|100%| O|  |TAMS 0x0000000082900000, 0x0000000082800000| Updating 
|  41|0x0000000082900000, 0x0000000082a00000, 0x0000000082a00000|100%|HS|  |TAMS 0x0000000082a00000, 0x0000000082900000| Complete 
|  42|0x0000000082a00000, 0x0000000082b00000, 0x0000000082b00000|100%| O|  |TAMS 0x0000000082b00000, 0x0000000082a00000| Updating 
|  43|0x0000000082b00000, 0x0000000082c00000, 0x0000000082c00000|100%| O|  |TAMS 0x0000000082c00000, 0x0000000082b00000| Untracked 
|  44|0x0000000082c00000, 0x0000000082d00000, 0x0000000082d00000|100%| O|  |TAMS 0x0000000082d00000, 0x0000000082c00000| Untracked 
|  45|0x0000000082d00000, 0x0000000082e00000, 0x0000000082e00000|100%|HS|  |TAMS 0x0000000082e00000, 0x0000000082d00000| Complete 
|  46|0x0000000082e00000, 0x0000000082f00000, 0x0000000082f00000|100%|HC|  |TAMS 0x0000000082f00000, 0x0000000082e00000| Complete 
|  47|0x0000000082f00000, 0x0000000083000000, 0x0000000083000000|100%|HC|  |TAMS 0x0000000083000000, 0x0000000082f00000| Complete 
|  48|0x0000000083000000, 0x0000000083100000, 0x0000000083100000|100%|HC|  |TAMS 0x0000000083100000, 0x0000000083000000| Complete 
|  49|0x0000000083100000, 0x0000000083200000, 0x0000000083200000|100%| O|  |TAMS 0x0000000083200000, 0x0000000083100000| Untracked 
|  50|0x0000000083200000, 0x0000000083300000, 0x0000000083300000|100%| O|  |TAMS 0x0000000083300000, 0x0000000083200000| Updating 
|  51|0x0000000083300000, 0x0000000083400000, 0x0000000083400000|100%| O|  |TAMS 0x0000000083400000, 0x0000000083300000| Untracked 
|  52|0x0000000083400000, 0x0000000083500000, 0x0000000083500000|100%| O|  |TAMS 0x0000000083500000, 0x0000000083400000| Untracked 
|  53|0x0000000083500000, 0x0000000083600000, 0x0000000083600000|100%| O|  |TAMS 0x0000000083600000, 0x0000000083500000| Untracked 
|  54|0x0000000083600000, 0x0000000083700000, 0x0000000083700000|100%| O|  |TAMS 0x0000000083700000, 0x0000000083600000| Untracked 
|  55|0x0000000083700000, 0x0000000083800000, 0x0000000083800000|100%| O|  |TAMS 0x0000000083800000, 0x0000000083700000| Untracked 
|  56|0x0000000083800000, 0x0000000083900000, 0x0000000083900000|100%| O|  |TAMS 0x0000000083900000, 0x0000000083800000| Untracked 
|  57|0x0000000083900000, 0x0000000083a00000, 0x0000000083a00000|100%| O|  |TAMS 0x0000000083a00000, 0x0000000083900000| Untracked 
|  58|0x0000000083a00000, 0x0000000083b00000, 0x0000000083b00000|100%| O|  |TAMS 0x0000000083b00000, 0x0000000083a00000| Untracked 
|  59|0x0000000083b00000, 0x0000000083c00000, 0x0000000083c00000|100%| O|  |TAMS 0x0000000083c00000, 0x0000000083b00000| Untracked 
|  60|0x0000000083c00000, 0x0000000083d00000, 0x0000000083d00000|100%| O|  |TAMS 0x0000000083d00000, 0x0000000083c00000| Updating 
|  61|0x0000000083d00000, 0x0000000083e00000, 0x0000000083e00000|100%| O|  |TAMS 0x0000000083e00000, 0x0000000083d00000| Untracked 
|  62|0x0000000083e00000, 0x0000000083f00000, 0x0000000083f00000|100%| O|  |TAMS 0x0000000083f00000, 0x0000000083e00000| Untracked 
|  63|0x0000000083f00000, 0x0000000084000000, 0x0000000084000000|100%| O|  |TAMS 0x0000000084000000, 0x0000000083f00000| Untracked 
|  64|0x0000000084000000, 0x0000000084100000, 0x0000000084100000|100%| O|  |TAMS 0x0000000084100000, 0x0000000084000000| Untracked 
|  65|0x0000000084100000, 0x0000000084200000, 0x0000000084200000|100%| O|  |TAMS 0x0000000084200000, 0x0000000084100000| Untracked 
|  66|0x0000000084200000, 0x0000000084300000, 0x0000000084300000|100%| O|  |TAMS 0x0000000084300000, 0x0000000084200000| Untracked 
|  67|0x0000000084300000, 0x0000000084400000, 0x0000000084400000|100%| O|  |TAMS 0x0000000084400000, 0x0000000084300000| Untracked 
|  68|0x0000000084400000, 0x0000000084500000, 0x0000000084500000|100%| O|  |TAMS 0x0000000084500000, 0x0000000084400000| Untracked 
|  69|0x0000000084500000, 0x0000000084600000, 0x0000000084600000|100%| O|  |TAMS 0x0000000084600000, 0x0000000084500000| Updating 
|  70|0x0000000084600000, 0x0000000084700000, 0x0000000084700000|100%| O|  |TAMS 0x0000000084700000, 0x0000000084600000| Updating 
|  71|0x0000000084700000, 0x0000000084800000, 0x0000000084800000|100%| O|  |TAMS 0x0000000084800000, 0x0000000084700000| Untracked 
|  72|0x0000000084800000, 0x0000000084900000, 0x0000000084900000|100%| O|  |TAMS 0x0000000084900000, 0x0000000084800000| Untracked 
|  73|0x0000000084900000, 0x0000000084a00000, 0x0000000084a00000|100%| O|  |TAMS 0x0000000084a00000, 0x0000000084900000| Untracked 
|  74|0x0000000084a00000, 0x0000000084b00000, 0x0000000084b00000|100%| O|  |TAMS 0x0000000084b00000, 0x0000000084a00000| Untracked 
|  75|0x0000000084b00000, 0x0000000084c00000, 0x0000000084c00000|100%| O|  |TAMS 0x0000000084c00000, 0x0000000084b00000| Updating 
|  76|0x0000000084c00000, 0x0000000084d00000, 0x0000000084d00000|100%| O|  |TAMS 0x0000000084d00000, 0x0000000084c00000| Updating 
|  77|0x0000000084d00000, 0x0000000084e00000, 0x0000000084e00000|100%| O|  |TAMS 0x0000000084e00000, 0x0000000084d00000| Untracked 
|  78|0x0000000084e00000, 0x0000000084f00000, 0x0000000084f00000|100%| O|  |TAMS 0x0000000084f00000, 0x0000000084e00000| Untracked 
|  79|0x0000000084f00000, 0x0000000085000000, 0x0000000085000000|100%| O|  |TAMS 0x0000000084f48c00, 0x0000000084f00000| Untracked 
|  80|0x0000000085000000, 0x0000000085100000, 0x0000000085100000|100%| O|  |TAMS 0x0000000085000000, 0x0000000085000000| Untracked 
|  81|0x0000000085100000, 0x0000000085200000, 0x0000000085200000|100%| O|  |TAMS 0x0000000085100000, 0x0000000085100000| Untracked 
|  82|0x0000000085200000, 0x0000000085300000, 0x0000000085300000|100%| O|  |TAMS 0x0000000085200000, 0x0000000085200000| Untracked 
|  83|0x0000000085300000, 0x0000000085400000, 0x0000000085400000|100%| O|  |TAMS 0x0000000085300000, 0x0000000085300000| Untracked 
|  84|0x0000000085400000, 0x0000000085500000, 0x0000000085500000|100%| O|  |TAMS 0x0000000085400000, 0x0000000085400000| Untracked 
|  85|0x0000000085500000, 0x00000000855d6600, 0x0000000085600000| 83%| O|  |TAMS 0x0000000085500000, 0x0000000085500000| Updating 
|  86|0x0000000085600000, 0x0000000085700000, 0x0000000085700000|100%|HS|  |TAMS 0x0000000085600000, 0x0000000085600000| Complete 
|  87|0x0000000085700000, 0x0000000085700000, 0x0000000085800000|  0%| F|  |TAMS 0x0000000085700000, 0x0000000085700000| Untracked 
|  88|0x0000000085800000, 0x0000000085800000, 0x0000000085900000|  0%| F|  |TAMS 0x0000000085800000, 0x0000000085800000| Untracked 
|  89|0x0000000085900000, 0x0000000085900000, 0x0000000085a00000|  0%| F|  |TAMS 0x0000000085900000, 0x0000000085900000| Untracked 
|  90|0x0000000085a00000, 0x0000000085a00000, 0x0000000085b00000|  0%| F|  |TAMS 0x0000000085a00000, 0x0000000085a00000| Untracked 
|  91|0x0000000085b00000, 0x0000000085b00000, 0x0000000085c00000|  0%| F|  |TAMS 0x0000000085b00000, 0x0000000085b00000| Untracked 
|  92|0x0000000085c00000, 0x0000000085c00000, 0x0000000085d00000|  0%| F|  |TAMS 0x0000000085c00000, 0x0000000085c00000| Untracked 
|  93|0x0000000085d00000, 0x0000000085d00000, 0x0000000085e00000|  0%| F|  |TAMS 0x0000000085d00000, 0x0000000085d00000| Untracked 
|  94|0x0000000085e00000, 0x0000000085e00000, 0x0000000085f00000|  0%| F|  |TAMS 0x0000000085e00000, 0x0000000085e00000| Untracked 
|  95|0x0000000085f00000, 0x0000000085f00000, 0x0000000086000000|  0%| F|  |TAMS 0x0000000085f00000, 0x0000000085f00000| Untracked 
|  96|0x0000000086000000, 0x0000000086000000, 0x0000000086100000|  0%| F|  |TAMS 0x0000000086000000, 0x0000000086000000| Untracked 
|  97|0x0000000086100000, 0x0000000086100000, 0x0000000086200000|  0%| F|  |TAMS 0x0000000086100000, 0x0000000086100000| Untracked 
|  98|0x0000000086200000, 0x0000000086200000, 0x0000000086300000|  0%| F|  |TAMS 0x0000000086200000, 0x0000000086200000| Untracked 
|  99|0x0000000086300000, 0x0000000086300000, 0x0000000086400000|  0%| F|  |TAMS 0x0000000086300000, 0x0000000086300000| Untracked 
| 100|0x0000000086400000, 0x0000000086400000, 0x0000000086500000|  0%| F|  |TAMS 0x0000000086400000, 0x0000000086400000| Untracked 
| 101|0x0000000086500000, 0x0000000086500000, 0x0000000086600000|  0%| F|  |TAMS 0x0000000086500000, 0x0000000086500000| Untracked 
| 102|0x0000000086600000, 0x0000000086600000, 0x0000000086700000|  0%| F|  |TAMS 0x0000000086600000, 0x0000000086600000| Untracked 
| 103|0x0000000086700000, 0x0000000086700000, 0x0000000086800000|  0%| F|  |TAMS 0x0000000086700000, 0x0000000086700000| Untracked 
| 104|0x0000000086800000, 0x0000000086800000, 0x0000000086900000|  0%| F|  |TAMS 0x0000000086800000, 0x0000000086800000| Untracked 
| 105|0x0000000086900000, 0x0000000086a00000, 0x0000000086a00000|100%| S|CS|TAMS 0x0000000086900000, 0x0000000086900000| Complete 
| 106|0x0000000086a00000, 0x0000000086b00000, 0x0000000086b00000|100%| S|CS|TAMS 0x0000000086a00000, 0x0000000086a00000| Complete 
| 107|0x0000000086b00000, 0x0000000086c00000, 0x0000000086c00000|100%| S|CS|TAMS 0x0000000086b00000, 0x0000000086b00000| Complete 
| 108|0x0000000086c00000, 0x0000000086d00000, 0x0000000086d00000|100%| S|CS|TAMS 0x0000000086c00000, 0x0000000086c00000| Complete 
| 109|0x0000000086d00000, 0x0000000086d00000, 0x0000000086e00000|  0%| F|  |TAMS 0x0000000086d00000, 0x0000000086d00000| Untracked 
| 110|0x0000000086e00000, 0x0000000086e00000, 0x0000000086f00000|  0%| F|  |TAMS 0x0000000086e00000, 0x0000000086e00000| Untracked 
| 111|0x0000000086f00000, 0x0000000086f00000, 0x0000000087000000|  0%| F|  |TAMS 0x0000000086f00000, 0x0000000086f00000| Untracked 
| 112|0x0000000087000000, 0x0000000087000000, 0x0000000087100000|  0%| F|  |TAMS 0x0000000087000000, 0x0000000087000000| Untracked 
| 113|0x0000000087100000, 0x0000000087100000, 0x0000000087200000|  0%| F|  |TAMS 0x0000000087100000, 0x0000000087100000| Untracked 
| 114|0x0000000087200000, 0x0000000087200000, 0x0000000087300000|  0%| F|  |TAMS 0x0000000087200000, 0x0000000087200000| Untracked 
| 115|0x0000000087300000, 0x0000000087300000, 0x0000000087400000|  0%| F|  |TAMS 0x0000000087300000, 0x0000000087300000| Untracked 
| 116|0x0000000087400000, 0x0000000087400000, 0x0000000087500000|  0%| F|  |TAMS 0x0000000087400000, 0x0000000087400000| Untracked 
| 117|0x0000000087500000, 0x0000000087500000, 0x0000000087600000|  0%| F|  |TAMS 0x0000000087500000, 0x0000000087500000| Untracked 
| 118|0x0000000087600000, 0x0000000087600000, 0x0000000087700000|  0%| F|  |TAMS 0x0000000087600000, 0x0000000087600000| Untracked 
| 119|0x0000000087700000, 0x0000000087700000, 0x0000000087800000|  0%| F|  |TAMS 0x0000000087700000, 0x0000000087700000| Untracked 
| 120|0x0000000087800000, 0x0000000087800000, 0x0000000087900000|  0%| F|  |TAMS 0x0000000087800000, 0x0000000087800000| Untracked 
| 121|0x0000000087900000, 0x0000000087900000, 0x0000000087a00000|  0%| F|  |TAMS 0x0000000087900000, 0x0000000087900000| Untracked 
| 122|0x0000000087a00000, 0x0000000087a00000, 0x0000000087b00000|  0%| F|  |TAMS 0x0000000087a00000, 0x0000000087a00000| Untracked 
| 123|0x0000000087b00000, 0x0000000087b00000, 0x0000000087c00000|  0%| F|  |TAMS 0x0000000087b00000, 0x0000000087b00000| Untracked 
| 124|0x0000000087c00000, 0x0000000087c00000, 0x0000000087d00000|  0%| F|  |TAMS 0x0000000087c00000, 0x0000000087c00000| Untracked 
| 125|0x0000000087d00000, 0x0000000087d00000, 0x0000000087e00000|  0%| F|  |TAMS 0x0000000087d00000, 0x0000000087d00000| Untracked 
| 126|0x0000000087e00000, 0x0000000087e00000, 0x0000000087f00000|  0%| F|  |TAMS 0x0000000087e00000, 0x0000000087e00000| Untracked 
| 127|0x0000000087f00000, 0x0000000087f00000, 0x0000000088000000|  0%| F|  |TAMS 0x0000000087f00000, 0x0000000087f00000| Untracked 
| 128|0x0000000088000000, 0x0000000088000000, 0x0000000088100000|  0%| F|  |TAMS 0x0000000088000000, 0x0000000088000000| Untracked 
| 129|0x0000000088100000, 0x0000000088100000, 0x0000000088200000|  0%| F|  |TAMS 0x0000000088100000, 0x0000000088100000| Untracked 
| 130|0x0000000088200000, 0x0000000088200000, 0x0000000088300000|  0%| F|  |TAMS 0x0000000088200000, 0x0000000088200000| Untracked 
| 131|0x0000000088300000, 0x00000000883fb748, 0x0000000088400000| 98%| E|  |TAMS 0x0000000088300000, 0x0000000088300000| Complete 
| 132|0x0000000088400000, 0x0000000088500000, 0x0000000088500000|100%| E|CS|TAMS 0x0000000088400000, 0x0000000088400000| Complete 
| 133|0x0000000088500000, 0x0000000088600000, 0x0000000088600000|100%| E|CS|TAMS 0x0000000088500000, 0x0000000088500000| Complete 
| 134|0x0000000088600000, 0x0000000088700000, 0x0000000088700000|100%| E|CS|TAMS 0x0000000088600000, 0x0000000088600000| Complete 

Card table byte_map: [0x000001f41d820000,0x000001f41dc20000] _byte_map_base: 0x000001f41d420000

Marking Bits (Prev, Next): (CMBitMap*) 0x000001f408d7cae0, (CMBitMap*) 0x000001f408d7caa0
 Prev Bits: [0x000001f420020000, 0x000001f422020000)
 Next Bits: [0x000001f41e020000, 0x000001f420020000)

Polling page: 0x000001f408de0000

Metaspace:

Usage:
  Non-class:     81.72 MB used.
      Class:     12.70 MB used.
       Both:     94.43 MB used.

Virtual space:
  Non-class space:       88.00 MB reserved,      82.00 MB ( 93%) committed,  11 nodes.
      Class space:        1.00 GB reserved,      13.00 MB (  1%) committed,  1 nodes.
             Both:        1.09 GB reserved,      95.00 MB (  9%) committed. 

Chunk freelists:
   Non-Class:  1.20 MB
       Class:  3.02 MB
        Both:  4.22 MB

MaxMetaspaceSize: unlimited
CompressedClassSpaceSize: 1.00 GB
Initial GC threshold: 21.00 MB
Current GC threshold: 143.06 MB
CDS: off
MetaspaceReclaimPolicy: balanced
 - commit_granule_bytes: 65536.
 - commit_granule_words: 8192.
 - virtual_space_node_default_size: 1048576.
 - enlarge_chunks_in_place: 1.
 - new_chunks_are_fully_committed: 0.
 - uncommit_free_chunks: 1.
 - use_allocation_guard: 0.
 - handle_deallocations: 1.


Internal statistics:

num_allocs_failed_limit: 6.
num_arena_births: 916.
num_arena_deaths: 0.
num_vsnodes_births: 12.
num_vsnodes_deaths: 0.
num_space_committed: 1519.
num_space_uncommitted: 0.
num_chunks_returned_to_freelist: 6.
num_chunks_taken_from_freelist: 4423.
num_chunk_merges: 6.
num_chunk_splits: 2960.
num_chunks_enlarged: 2050.
num_purges: 0.
num_inconsistent_stats: 0.

CodeHeap 'non-profiled nmethods': size=120000Kb used=5272Kb max_used=5595Kb free=114727Kb
 bounds [0x000001f415480000, 0x000001f415a10000, 0x000001f41c9b0000]
CodeHeap 'profiled nmethods': size=120000Kb used=15841Kb max_used=16884Kb free=104158Kb
 bounds [0x000001f40d9b0000, 0x000001f40ea40000, 0x000001f414ee0000]
CodeHeap 'non-nmethods': size=5760Kb used=2397Kb max_used=2459Kb free=3362Kb
 bounds [0x000001f414ee0000, 0x000001f415160000, 0x000001f415480000]
 total_blobs=9382 nmethods=8464 adapters=830
 compilation: enabled
              stopped_count=0, restarted_count=0
 full_count=0

Compilation events (20 events):
Event: 23.292 Thread 0x000001f42543c1e0 9978       3       org.gradle.internal.execution.model.annotations.AbstractInputFilePropertyAnnotationHandler::determineBehavior (38 bytes)
Event: 23.292 Thread 0x000001f42543c1e0 nmethod 9978 0x000001f40e52ec10 code [0x000001f40e52ee20, 0x000001f40e52f418]
Event: 23.292 Thread 0x000001f42543c1e0 9980   !   3       org.gradle.internal.properties.bean.AbstractNestedRuntimeBeanNode$BeanPropertyValue$1::lambda$get$0 (89 bytes)
Event: 23.293 Thread 0x000001f42543c1e0 nmethod 9980 0x000001f40e219d10 code [0x000001f40e21a060, 0x000001f40e21b548]
Event: 23.293 Thread 0x000001f42543c1e0 9982       1       org.gradle.api.internal.tasks.properties.AbstractPropertySpec::getPropertyName (5 bytes)
Event: 23.293 Thread 0x000001f42543c1e0 nmethod 9982 0x000001f415559f10 code [0x000001f41555a0a0, 0x000001f41555a178]
Event: 23.293 Thread 0x000001f42543c1e0 9981       1       org.gradle.internal.properties.StaticValue::call (5 bytes)
Event: 23.293 Thread 0x000001f42543c1e0 nmethod 9981 0x000001f415873890 code [0x000001f415873a20, 0x000001f415873af8]
Event: 23.293 Thread 0x000001f42543c1e0 9983       1       org.gradle.api.internal.AbstractTask::getDestroyables (5 bytes)
Event: 23.293 Thread 0x000001f42543c1e0 nmethod 9983 0x000001f415873590 code [0x000001f415873720, 0x000001f4158737f8]
Event: 23.293 Thread 0x000001f42543c1e0 9984       1       org.gradle.api.internal.AbstractTask::getLocalState (5 bytes)
Event: 23.293 Thread 0x000001f42543c1e0 nmethod 9984 0x000001f415873290 code [0x000001f415873420, 0x000001f4158734f8]
Event: 23.297 Thread 0x000001f42543b740 9985       4       org.gradle.internal.instantiation.generator.AbstractClassGenerator::inspectType (560 bytes)
Event: 23.299 Thread 0x000001f42543c1e0 9986       3       org.gradle.api.internal.file.collections.UnpackingVisitor::<init> (14 bytes)
Event: 23.299 Thread 0x000001f42543c1e0 nmethod 9986 0x000001f40e38ca90 code [0x000001f40e38cc40, 0x000001f40e38cd88]
Event: 23.301 Thread 0x000001f42543c1e0 9987       3       java.lang.Thread::checkAccess (14 bytes)
Event: 23.301 Thread 0x000001f42543c1e0 nmethod 9987 0x000001f40e6edf10 code [0x000001f40e6ee0e0, 0x000001f40e6ee568]
Event: 23.301 Thread 0x000001f42543c1e0 9988       3       java.lang.invoke.MethodHandles$Lookup::restrictReceiver (127 bytes)
Event: 23.302 Thread 0x000001f42543c1e0 nmethod 9988 0x000001f40e144c10 code [0x000001f40e144e20, 0x000001f40e145328]
Event: 23.306 Thread 0x000001f427ceb8e0 nmethod 9969 0x000001f4155d8390 code [0x000001f4155d85c0, 0x000001f4155d9530]

GC Heap History (20 events):
Event: 18.742 GC heap before
{Heap before GC invocations=29 (full 0):
 garbage-first heap   total 138240K, used 103087K [0x0000000080000000, 0x0000000100000000)
  region size 1024K, 42 young (43008K), 4 survivors (4096K)
 Metaspace       used 76590K, committed 77184K, reserved 1122304K
  class space    used 10118K, committed 10432K, reserved 1048576K
}
Event: 18.746 GC heap after
{Heap after GC invocations=30 (full 0):
 garbage-first heap   total 138240K, used 67929K [0x0000000080000000, 0x0000000100000000)
  region size 1024K, 6 young (6144K), 6 survivors (6144K)
 Metaspace       used 76590K, committed 77184K, reserved 1122304K
  class space    used 10118K, committed 10432K, reserved 1048576K
}
Event: 19.412 GC heap before
{Heap before GC invocations=30 (full 0):
 garbage-first heap   total 138240K, used 104793K [0x0000000080000000, 0x0000000100000000)
  region size 1024K, 43 young (44032K), 6 survivors (6144K)
 Metaspace       used 78556K, committed 79168K, reserved 1122304K
  class space    used 10383K, committed 10688K, reserved 1048576K
}
Event: 19.417 GC heap after
{Heap after GC invocations=31 (full 0):
 garbage-first heap   total 138240K, used 70390K [0x0000000080000000, 0x0000000100000000)
  region size 1024K, 4 young (4096K), 4 survivors (4096K)
 Metaspace       used 78556K, committed 79168K, reserved 1122304K
  class space    used 10383K, committed 10688K, reserved 1048576K
}
Event: 20.227 GC heap before
{Heap before GC invocations=32 (full 0):
 garbage-first heap   total 138240K, used 107254K [0x0000000080000000, 0x0000000100000000)
  region size 1024K, 40 young (40960K), 4 survivors (4096K)
 Metaspace       used 83090K, committed 83712K, reserved 1122304K
  class space    used 11207K, committed 11520K, reserved 1048576K
}
Event: 20.230 GC heap after
{Heap after GC invocations=33 (full 0):
 garbage-first heap   total 138240K, used 72663K [0x0000000080000000, 0x0000000100000000)
  region size 1024K, 3 young (3072K), 3 survivors (3072K)
 Metaspace       used 83090K, committed 83712K, reserved 1122304K
  class space    used 11207K, committed 11520K, reserved 1048576K
}
Event: 20.270 GC heap before
{Heap before GC invocations=33 (full 0):
 garbage-first heap   total 138240K, used 75735K [0x0000000080000000, 0x0000000100000000)
  region size 1024K, 6 young (6144K), 3 survivors (3072K)
 Metaspace       used 83374K, committed 83968K, reserved 1122304K
  class space    used 11242K, committed 11520K, reserved 1048576K
}
Event: 20.273 GC heap after
{Heap after GC invocations=34 (full 0):
 garbage-first heap   total 138240K, used 72312K [0x0000000080000000, 0x0000000100000000)
  region size 1024K, 1 young (1024K), 1 survivors (1024K)
 Metaspace       used 83374K, committed 83968K, reserved 1122304K
  class space    used 11242K, committed 11520K, reserved 1048576K
}
Event: 21.067 GC heap before
{Heap before GC invocations=34 (full 0):
 garbage-first heap   total 138240K, used 110200K [0x0000000080000000, 0x0000000100000000)
  region size 1024K, 38 young (38912K), 1 survivors (1024K)
 Metaspace       used 87171K, committed 87808K, reserved 1130496K
  class space    used 11791K, committed 12096K, reserved 1048576K
}
Event: 21.071 GC heap after
{Heap after GC invocations=35 (full 0):
 garbage-first heap   total 138240K, used 75227K [0x0000000080000000, 0x0000000100000000)
  region size 1024K, 4 young (4096K), 4 survivors (4096K)
 Metaspace       used 87171K, committed 87808K, reserved 1130496K
  class space    used 11791K, committed 12096K, reserved 1048576K
}
Event: 22.159 GC heap before
{Heap before GC invocations=36 (full 0):
 garbage-first heap   total 138240K, used 111067K [0x0000000080000000, 0x0000000100000000)
  region size 1024K, 39 young (39936K), 4 survivors (4096K)
 Metaspace       used 91945K, committed 92544K, reserved 1130496K
  class space    used 12493K, committed 12800K, reserved 1048576K
}
Event: 22.165 GC heap after
{Heap after GC invocations=37 (full 0):
 garbage-first heap   total 138240K, used 77661K [0x0000000080000000, 0x0000000100000000)
  region size 1024K, 3 young (3072K), 3 survivors (3072K)
 Metaspace       used 91945K, committed 92544K, reserved 1130496K
  class space    used 12493K, committed 12800K, reserved 1048576K
}
Event: 22.301 GC heap before
{Heap before GC invocations=37 (full 0):
 garbage-first heap   total 138240K, used 80733K [0x0000000080000000, 0x0000000100000000)
  region size 1024K, 6 young (6144K), 3 survivors (3072K)
 Metaspace       used 92290K, committed 92928K, reserved 1130496K
  class space    used 12533K, committed 12864K, reserved 1048576K
}
Event: 22.304 GC heap after
{Heap after GC invocations=38 (full 0):
 garbage-first heap   total 138240K, used 77975K [0x0000000080000000, 0x0000000100000000)
  region size 1024K, 1 young (1024K), 1 survivors (1024K)
 Metaspace       used 92290K, committed 92928K, reserved 1130496K
  class space    used 12533K, committed 12864K, reserved 1048576K
}
Event: 22.791 GC heap before
{Heap before GC invocations=38 (full 0):
 garbage-first heap   total 138240K, used 112791K [0x0000000080000000, 0x0000000100000000)
  region size 1024K, 35 young (35840K), 1 survivors (1024K)
 Metaspace       used 94561K, committed 95232K, reserved 1138688K
  class space    used 12848K, committed 13184K, reserved 1048576K
}
Event: 22.794 GC heap after
{Heap after GC invocations=39 (full 0):
 garbage-first heap   total 138240K, used 81228K [0x0000000080000000, 0x0000000100000000)
  region size 1024K, 4 young (4096K), 4 survivors (4096K)
 Metaspace       used 94561K, committed 95232K, reserved 1138688K
  class space    used 12848K, committed 13184K, reserved 1048576K
}
Event: 23.028 GC heap before
{Heap before GC invocations=39 (full 0):
 garbage-first heap   total 138240K, used 112972K [0x0000000080000000, 0x0000000100000000)
  region size 1024K, 35 young (35840K), 4 survivors (4096K)
 Metaspace       used 94894K, committed 95552K, reserved 1138688K
  class space    used 12878K, committed 13184K, reserved 1048576K
}
Event: 23.033 GC heap after
{Heap after GC invocations=40 (full 0):
 garbage-first heap   total 138240K, used 86307K [0x0000000080000000, 0x0000000100000000)
  region size 1024K, 5 young (5120K), 5 survivors (5120K)
 Metaspace       used 94894K, committed 95552K, reserved 1138688K
  class space    used 12878K, committed 13184K, reserved 1048576K
}
Event: 23.253 GC heap before
{Heap before GC invocations=40 (full 0):
 garbage-first heap   total 138240K, used 111907K [0x0000000080000000, 0x0000000100000000)
  region size 1024K, 31 young (31744K), 5 survivors (5120K)
 Metaspace       used 95886K, committed 96512K, reserved 1138688K
  class space    used 12961K, committed 13248K, reserved 1048576K
}
Event: 23.259 GC heap after
{Heap after GC invocations=41 (full 0):
 garbage-first heap   total 138240K, used 91993K [0x0000000080000000, 0x0000000100000000)
  region size 1024K, 4 young (4096K), 4 survivors (4096K)
 Metaspace       used 95886K, committed 96512K, reserved 1138688K
  class space    used 12961K, committed 13248K, reserved 1048576K
}

Dll operation events (2 events):
Event: 0.004 Loaded shared library C:\Program Files\Android\Android Studio\jbr\bin\java.dll
Event: 0.248 Loaded shared library C:\Program Files\Android\Android Studio\jbr\bin\verify.dll

Deoptimization events (20 events):
Event: 23.290 Thread 0x000001f42696b420 Uncommon trap: trap_request=0xffffffc6 fr.pc=0x000001f4159d2814 relative=0x0000000000000454
Event: 23.290 Thread 0x000001f42696b420 Uncommon trap: reason=bimorphic_or_optimized_type_check action=maybe_recompile pc=0x000001f4159d2814 method=com.google.common.collect.NaturalOrdering.compare(Ljava/lang/Comparable;Ljava/lang/Comparable;)I @ 12 c2
Event: 23.290 Thread 0x000001f42696b420 DEOPT PACKING pc=0x000001f4159d2814 sp=0x000000dedcdf8ec0
Event: 23.290 Thread 0x000001f42696b420 DEOPT UNPACKING pc=0x000001f414f3a1a3 sp=0x000000dedcdf8dd0 mode 2
Event: 23.290 Thread 0x000001f42696b420 Uncommon trap: trap_request=0xffffffc6 fr.pc=0x000001f4159d2814 relative=0x0000000000000454
Event: 23.290 Thread 0x000001f42696b420 Uncommon trap: reason=bimorphic_or_optimized_type_check action=maybe_recompile pc=0x000001f4159d2814 method=com.google.common.collect.NaturalOrdering.compare(Ljava/lang/Comparable;Ljava/lang/Comparable;)I @ 12 c2
Event: 23.290 Thread 0x000001f42696b420 DEOPT PACKING pc=0x000001f4159d2814 sp=0x000000dedcdf8ec0
Event: 23.290 Thread 0x000001f42696b420 DEOPT UNPACKING pc=0x000001f414f3a1a3 sp=0x000000dedcdf8dd0 mode 2
Event: 23.291 Thread 0x000001f42696b420 Uncommon trap: trap_request=0xffffffc6 fr.pc=0x000001f41562f1c0 relative=0x0000000000000440
Event: 23.291 Thread 0x000001f42696b420 Uncommon trap: reason=bimorphic_or_optimized_type_check action=maybe_recompile pc=0x000001f41562f1c0 method=java.util.Spliterators$IteratorSpliterator.tryAdvance(Ljava/util/function/Consumer;)Z @ 50 c2
Event: 23.291 Thread 0x000001f42696b420 DEOPT PACKING pc=0x000001f41562f1c0 sp=0x000000dedcdf8df0
Event: 23.291 Thread 0x000001f42696b420 DEOPT UNPACKING pc=0x000001f414f3a1a3 sp=0x000000dedcdf8d90 mode 2
Event: 23.295 Thread 0x000001f42696b420 Uncommon trap: trap_request=0xfffffff4 fr.pc=0x000001f4157e9698 relative=0x000000000000a8f8
Event: 23.295 Thread 0x000001f42696b420 Uncommon trap: reason=null_check action=make_not_entrant pc=0x000001f4157e9698 method=org.gradle.internal.instantiation.generator.AbstractClassGenerator$PropertyMetadata.addGetter(Lorg/gradle/internal/instantiation/generator/AbstractClassGenerator$MethodM
Event: 23.295 Thread 0x000001f42696b420 DEOPT PACKING pc=0x000001f4157e9698 sp=0x000000dedcdfa170
Event: 23.295 Thread 0x000001f42696b420 DEOPT UNPACKING pc=0x000001f414f3a1a3 sp=0x000000dedcdfa0c0 mode 2
Event: 23.301 Thread 0x000001f42696b420 Uncommon trap: trap_request=0xffffff45 fr.pc=0x000001f41569dc64 relative=0x0000000000000f04
Event: 23.301 Thread 0x000001f42696b420 Uncommon trap: reason=unstable_if action=reinterpret pc=0x000001f41569dc64 method=java.util.concurrent.locks.AbstractQueuedSynchronizer.acquire(Ljava/util/concurrent/locks/AbstractQueuedSynchronizer$Node;IZZZJ)I @ 103 c2
Event: 23.301 Thread 0x000001f42696b420 DEOPT PACKING pc=0x000001f41569dc64 sp=0x000000dedcdfbe80
Event: 23.301 Thread 0x000001f42696b420 DEOPT UNPACKING pc=0x000001f414f3a1a3 sp=0x000000dedcdfbe60 mode 2

Classes unloaded (0 events):
No events

Classes redefined (0 events):
No events

Internal exceptions (20 events):
Event: 23.085 Thread 0x000001f42696b420 Exception <a 'java/lang/ClassNotFoundException'{0x0000000087a769c8}: com/android/build/gradle/internal/tasks/SigningConfigVersionsWriterTaskCustomizer> (0x0000000087a769c8) 
thrown [s\src\hotspot\share\classfile\systemDictionary.cpp, line 256]
Event: 23.085 Thread 0x000001f42696b420 Exception <a 'java/lang/ClassNotFoundException'{0x0000000087a9d498}: com/android/build/gradle/internal/tasks/SigningConfigVersionsWriterTask_DecoratedCustomizer> (0x0000000087a9d498) 
thrown [s\src\hotspot\share\classfile\systemDictionary.cpp, line 256]
Event: 23.088 Thread 0x000001f42696b420 Exception <a 'java/lang/ClassNotFoundException'{0x0000000087975868}: com/android/build/gradle/tasks/PackageApplication_DecoratedBeanInfo> (0x0000000087975868) 
thrown [s\src\hotspot\share\classfile\systemDictionary.cpp, line 256]
Event: 23.089 Thread 0x000001f42696b420 Exception <a 'java/lang/ClassNotFoundException'{0x00000000879814a8}: com/android/build/gradle/tasks/PackageApplicationBeanInfo> (0x00000000879814a8) 
thrown [s\src\hotspot\share\classfile\systemDictionary.cpp, line 256]
Event: 23.089 Thread 0x000001f42696b420 Exception <a 'java/lang/ClassNotFoundException'{0x000000008798dbf0}: com/android/build/gradle/tasks/PackageAndroidArtifactBeanInfo> (0x000000008798dbf0) 
thrown [s\src\hotspot\share\classfile\systemDictionary.cpp, line 256]
Event: 23.089 Thread 0x000001f42696b420 Exception <a 'java/lang/ClassNotFoundException'{0x0000000087999630}: com/android/build/gradle/tasks/PackageAndroidArtifactCustomizer> (0x0000000087999630) 
thrown [s\src\hotspot\share\classfile\systemDictionary.cpp, line 256]
Event: 23.090 Thread 0x000001f42696b420 Exception <a 'java/lang/ClassNotFoundException'{0x00000000879ef118}: com/android/build/gradle/tasks/PackageApplicationCustomizer> (0x00000000879ef118) 
thrown [s\src\hotspot\share\classfile\systemDictionary.cpp, line 256]
Event: 23.091 Thread 0x000001f42696b420 Exception <a 'java/lang/ClassNotFoundException'{0x0000000087816768}: com/android/build/gradle/tasks/PackageApplication_DecoratedCustomizer> (0x0000000087816768) 
thrown [s\src\hotspot\share\classfile\systemDictionary.cpp, line 256]
Event: 23.093 Thread 0x000001f42696b420 Exception <a 'java/lang/ClassNotFoundException'{0x00000000878ea910}: com/android/build/gradle/internal/tasks/ListingFileRedirectTask_DecoratedBeanInfo> (0x00000000878ea910) 
thrown [s\src\hotspot\share\classfile\systemDictionary.cpp, line 256]
Event: 23.094 Thread 0x000001f42696b420 Exception <a 'java/lang/ClassNotFoundException'{0x00000000878f6590}: com/android/build/gradle/internal/tasks/ListingFileRedirectTaskBeanInfo> (0x00000000878f6590) 
thrown [s\src\hotspot\share\classfile\systemDictionary.cpp, line 256]
Event: 23.094 Thread 0x000001f42696b420 Exception <a 'java/lang/ClassNotFoundException'{0x0000000087702428}: com/android/build/gradle/internal/tasks/ListingFileRedirectTaskCustomizer> (0x0000000087702428) 
thrown [s\src\hotspot\share\classfile\systemDictionary.cpp, line 256]
Event: 23.094 Thread 0x000001f42696b420 Exception <a 'java/lang/ClassNotFoundException'{0x000000008771ede8}: com/android/build/gradle/internal/tasks/ListingFileRedirectTask_DecoratedCustomizer> (0x000000008771ede8) 
thrown [s\src\hotspot\share\classfile\systemDictionary.cpp, line 256]
Event: 23.096 Thread 0x000001f42696b420 Implicit null exception at 0x000001f415984104 to 0x000001f415984270
Event: 23.224 Thread 0x000001f42696b420 Exception <a 'java/lang/NoSuchMethodError'{0x0000000086e94290}: static Lcom/android/build/gradle/internal/profile/ProjectData;.<clinit>()V> (0x0000000086e94290) 
thrown [s\src\hotspot\share\prims\jni.cpp, line 1108]
Event: 23.229 Thread 0x000001f42696b420 Exception <a 'java/lang/NoSuchMethodError'{0x0000000086ee1d70}: static Lcom/android/build/gradle/internal/profile/TaskMetadata;.<clinit>()V> (0x0000000086ee1d70) 
thrown [s\src\hotspot\share\prims\jni.cpp, line 1108]
Event: 23.231 Thread 0x000001f42696b420 Exception <a 'java/lang/NoSuchMethodError'{0x0000000086d14838}: 'void java.lang.invoke.DirectMethodHandle$Holder.invokeSpecial(java.lang.Object, java.lang.Object, java.lang.Object, int)'> (0x0000000086d14838) 
thrown [s\src\hotspot\share\interpreter\linkResolver.cpp, line 771]
Event: 23.280 Thread 0x000001f42696b420 Exception <a 'sun/nio/fs/WindowsException'{0x0000000088567090}> (0x0000000088567090) 
thrown [s\src\hotspot\share\prims\jni.cpp, line 517]
Event: 23.286 Thread 0x000001f42696b420 Exception <a 'java/lang/NoSuchMethodError'{0x000000008859b1b0}: 'java.lang.Object java.lang.invoke.DirectMethodHandle$Holder.newInvokeSpecial(java.lang.Object, java.lang.Object, java.lang.Object, java.lang.Object, int, java.lang.Object)'> (0x000000008859b1b0) 
thrown [s\src\hotspot\share\interpreter\linkResolver.cpp, line 771]
Event: 23.286 Thread 0x000001f42696b420 Exception <a 'java/lang/NoSuchMethodError'{0x000000008859ff70}: 'java.lang.Object java.lang.invoke.Invokers$Holder.linkToTargetMethod(java.lang.Object, java.lang.Object, java.lang.Object, int, java.lang.Object, java.lang.Object)'> (0x000000008859ff70) 
thrown [s\src\hotspot\share\interpreter\linkResolver.cpp, line 771]
Event: 23.295 Thread 0x000001f42696b420 Implicit null exception at 0x000001f4157e1199 to 0x000001f4157e9610

VM Operations (20 events):
Event: 22.533 Executing VM operation: HandshakeAllThreads done
Event: 22.683 Executing VM operation: ICBufferFull
Event: 22.683 Executing VM operation: ICBufferFull done
Event: 22.684 Executing VM operation: HandshakeAllThreads
Event: 22.684 Executing VM operation: HandshakeAllThreads done
Event: 22.726 Executing VM operation: HandshakeAllThreads
Event: 22.727 Executing VM operation: HandshakeAllThreads done
Event: 22.745 Executing VM operation: HandshakeAllThreads
Event: 22.745 Executing VM operation: HandshakeAllThreads done
Event: 22.768 Executing VM operation: HandshakeAllThreads
Event: 22.768 Executing VM operation: HandshakeAllThreads done
Event: 22.790 Executing VM operation: G1CollectForAllocation
Event: 22.794 Executing VM operation: G1CollectForAllocation done
Event: 23.028 Executing VM operation: G1CollectForAllocation
Event: 23.033 Executing VM operation: G1CollectForAllocation done
Event: 23.226 Executing VM operation: HandshakeAllThreads
Event: 23.226 Executing VM operation: HandshakeAllThreads done
Event: 23.253 Executing VM operation: G1CollectForAllocation
Event: 23.259 Executing VM operation: G1CollectForAllocation done
Event: 23.306 Executing VM operation: G1Concurrent

Events (20 events):
Event: 23.233 loading class jdk/internal/event/DeserializationEvent
Event: 23.233 loading class jdk/internal/event/DeserializationEvent done
Event: 23.234 loading class java/io/ObjectInputStream$FieldValues
Event: 23.234 loading class java/io/ObjectInputStream$GetField
Event: 23.234 loading class java/io/ObjectInputStream$GetField done
Event: 23.234 loading class java/io/ObjectInputStream$FieldValues done
Event: 23.234 loading class java/util/HashMap$UnsafeHolder
Event: 23.235 loading class java/util/HashMap$UnsafeHolder done
Event: 23.283 Thread 0x000001f4282f6ef0 Thread added: 0x000001f4282f6ef0
Event: 23.283 loading class java/util/concurrent/ConcurrentLinkedQueue$Itr
Event: 23.284 loading class java/util/concurrent/ConcurrentLinkedQueue$Itr done
Event: 23.284 Thread 0x000001f4282f9a40 Thread added: 0x000001f4282f9a40
Event: 23.301 Thread 0x000001f4282f7890 Thread added: 0x000001f4282f7890
Event: 23.306 Thread 0x000001f4282f8bd0 Thread added: 0x000001f4282f8bd0
Event: 23.306 Thread 0x000001f4282f90a0 Thread added: 0x000001f4282f90a0
Event: 23.306 Thread 0x000001f4282fa3e0 Thread added: 0x000001f4282fa3e0
Event: 23.306 Thread 0x000001f4282f3060 Thread added: 0x000001f4282f3060
Event: 23.306 Thread 0x000001f42b9fdc90 Thread added: 0x000001f42b9fdc90
Event: 23.306 Thread 0x000001f42b9fe160 Thread added: 0x000001f42b9fe160
Event: 23.306 Thread 0x000001f42beb0a70 Thread added: 0x000001f42beb0a70


Dynamic libraries:
0x00007ff64fe90000 - 0x00007ff64fe9a000 	C:\Program Files\Android\Android Studio\jbr\bin\java.exe
0x00007ff94fa30000 - 0x00007ff94fc47000 	C:\WINDOWS\SYSTEM32\ntdll.dll
0x00007ff94e5e0000 - 0x00007ff94e6a4000 	C:\WINDOWS\System32\KERNEL32.DLL
0x00007ff94cf80000 - 0x00007ff94d325000 	C:\WINDOWS\System32\KERNELBASE.dll
0x00007ff94cda0000 - 0x00007ff94ceb1000 	C:\WINDOWS\System32\ucrtbase.dll
0x00007ff947fb0000 - 0x00007ff947fc7000 	C:\Program Files\Android\Android Studio\jbr\bin\jli.dll
0x00007ff946630000 - 0x00007ff94664b000 	C:\Program Files\Android\Android Studio\jbr\bin\VCRUNTIME140.dll
0x00007ff94f380000 - 0x00007ff94f52e000 	C:\WINDOWS\System32\USER32.dll
0x00007ff94d3a0000 - 0x00007ff94d3c6000 	C:\WINDOWS\System32\win32u.dll
0x00007ff931c70000 - 0x00007ff931f03000 	C:\WINDOWS\WinSxS\amd64_microsoft.windows.common-controls_6595b64144ccf1df_6.0.22621.2506_none_270c5ae97388e100\COMCTL32.dll
0x00007ff94f350000 - 0x00007ff94f379000 	C:\WINDOWS\System32\GDI32.dll
0x00007ff94f680000 - 0x00007ff94f727000 	C:\WINDOWS\System32\msvcrt.dll
0x00007ff94d3d0000 - 0x00007ff94d4e9000 	C:\WINDOWS\System32\gdi32full.dll
0x00007ff94d6e0000 - 0x00007ff94d77a000 	C:\WINDOWS\System32\msvcp_win.dll
0x00007ff94e5a0000 - 0x00007ff94e5d1000 	C:\WINDOWS\System32\IMM32.DLL
0x00007ff949f10000 - 0x00007ff949f1c000 	C:\Program Files\Android\Android Studio\jbr\bin\vcruntime140_1.dll
0x00007ff946430000 - 0x00007ff9464bd000 	C:\Program Files\Android\Android Studio\jbr\bin\msvcp140.dll
0x00007ff902370000 - 0x00007ff902fde000 	C:\Program Files\Android\Android Studio\jbr\bin\server\jvm.dll
0x00007ff94f880000 - 0x00007ff94f931000 	C:\WINDOWS\System32\ADVAPI32.dll
0x00007ff94d820000 - 0x00007ff94d8c6000 	C:\WINDOWS\System32\sechost.dll
0x00007ff94e380000 - 0x00007ff94e497000 	C:\WINDOWS\System32\RPCRT4.dll
0x00007ff94abf0000 - 0x00007ff94abf9000 	C:\WINDOWS\SYSTEM32\WSOCK32.dll
0x00007ff947330000 - 0x00007ff947364000 	C:\WINDOWS\SYSTEM32\WINMM.dll
0x00007ff94abb0000 - 0x00007ff94abba000 	C:\WINDOWS\SYSTEM32\VERSION.dll
0x00007ff94f7e0000 - 0x00007ff94f851000 	C:\WINDOWS\System32\WS2_32.dll
0x00007ff94bd40000 - 0x00007ff94bd58000 	C:\WINDOWS\SYSTEM32\kernel.appcore.dll
0x00007ff94ab00000 - 0x00007ff94ab0a000 	C:\Program Files\Android\Android Studio\jbr\bin\jimage.dll
0x00007ff9466f0000 - 0x00007ff946923000 	C:\WINDOWS\SYSTEM32\DBGHELP.DLL
0x00007ff94d8d0000 - 0x00007ff94dc59000 	C:\WINDOWS\System32\combase.dll
0x00007ff94e4a0000 - 0x00007ff94e577000 	C:\WINDOWS\System32\OLEAUT32.dll
0x00007ff935780000 - 0x00007ff9357b2000 	C:\WINDOWS\SYSTEM32\dbgcore.DLL
0x00007ff94d660000 - 0x00007ff94d6da000 	C:\WINDOWS\System32\bcryptPrimitives.dll
0x00007ff949ea0000 - 0x00007ff949ec5000 	C:\Program Files\Android\Android Studio\jbr\bin\java.dll
0x00007ff949e80000 - 0x00007ff949e98000 	C:\Program Files\Android\Android Studio\jbr\bin\zip.dll
0x00007ff94e9f0000 - 0x00007ff94f249000 	C:\WINDOWS\System32\SHELL32.dll
0x00007ff94acc0000 - 0x00007ff94b5b4000 	C:\WINDOWS\SYSTEM32\windows.storage.dll
0x00007ff94a9c0000 - 0x00007ff94aafe000 	C:\WINDOWS\SYSTEM32\wintypes.dll
0x00007ff94e880000 - 0x00007ff94e973000 	C:\WINDOWS\System32\SHCORE.dll
0x00007ff94e990000 - 0x00007ff94e9ee000 	C:\WINDOWS\System32\shlwapi.dll
0x00007ff94ccd0000 - 0x00007ff94ccf6000 	C:\WINDOWS\SYSTEM32\profapi.dll
0x00007ff949d50000 - 0x00007ff949d69000 	C:\Program Files\Android\Android Studio\jbr\bin\net.dll
0x00007ff941850000 - 0x00007ff941987000 	C:\WINDOWS\SYSTEM32\WINHTTP.dll
0x00007ff94c220000 - 0x00007ff94c289000 	C:\WINDOWS\system32\mswsock.dll
0x00007ff949d30000 - 0x00007ff949d46000 	C:\Program Files\Android\Android Studio\jbr\bin\nio.dll
0x00007ff949fb0000 - 0x00007ff949fc0000 	C:\Program Files\Android\Android Studio\jbr\bin\verify.dll
0x00007ff943980000 - 0x00007ff9439a7000 	C:\Users\User\.gradle\native\68d5fa5c4cc2d200863cafc0d521ce42e7d3e7ee720ec0a83991735586a16f82\windows-amd64\native-platform.dll
0x00007ff919070000 - 0x00007ff9191b4000 	C:\Users\User\.gradle\native\e376f236ea51e6404a007f0833ffe2c6e607c4080706a723a18a27aeea778392\windows-amd64\native-platform-file-events.dll
0x00007ff949cd0000 - 0x00007ff949cd9000 	C:\Program Files\Android\Android Studio\jbr\bin\management.dll
0x00007ff949cb0000 - 0x00007ff949cbb000 	C:\Program Files\Android\Android Studio\jbr\bin\management_ext.dll
0x00007ff94d780000 - 0x00007ff94d788000 	C:\WINDOWS\System32\PSAPI.DLL
0x00007ff94c470000 - 0x00007ff94c48b000 	C:\WINDOWS\SYSTEM32\CRYPTSP.dll
0x00007ff94bd00000 - 0x00007ff94bd35000 	C:\WINDOWS\system32\rsaenh.dll
0x00007ff94c310000 - 0x00007ff94c33c000 	C:\WINDOWS\SYSTEM32\USERENV.dll
0x00007ff94c690000 - 0x00007ff94c6b8000 	C:\WINDOWS\SYSTEM32\bcrypt.dll
0x00007ff94c490000 - 0x00007ff94c49c000 	C:\WINDOWS\SYSTEM32\CRYPTBASE.dll
0x00007ff94b950000 - 0x00007ff94b97d000 	C:\WINDOWS\SYSTEM32\IPHLPAPI.DLL
0x00007ff94e870000 - 0x00007ff94e879000 	C:\WINDOWS\System32\NSI.dll
0x00007ff943e70000 - 0x00007ff943e89000 	C:\WINDOWS\SYSTEM32\dhcpcsvc6.DLL
0x00007ff943e50000 - 0x00007ff943e6f000 	C:\WINDOWS\SYSTEM32\dhcpcsvc.DLL
0x00007ff94b980000 - 0x00007ff94ba79000 	C:\WINDOWS\SYSTEM32\DNSAPI.dll
0x00007ff949f40000 - 0x00007ff949f48000 	C:\WINDOWS\system32\wshunix.dll
0x00007ff92bf70000 - 0x00007ff92bf87000 	C:\WINDOWS\system32\napinsp.dll
0x00007ff9264a0000 - 0x00007ff9264bb000 	C:\WINDOWS\system32\pnrpnsp.dll
0x00007ff926480000 - 0x00007ff926491000 	C:\WINDOWS\System32\winrnr.dll
0x00007ff926440000 - 0x00007ff926455000 	C:\WINDOWS\system32\wshbth.dll
0x00007ff926340000 - 0x00007ff926361000 	C:\WINDOWS\system32\nlansp_c.dll
0x00007ff9430e0000 - 0x00007ff9430ea000 	C:\Windows\System32\rasadhlp.dll
0x00007ff942f00000 - 0x00007ff942f83000 	C:\WINDOWS\System32\fwpuclnt.dll

dbghelp: loaded successfully - version: 4.0.5 - missing functions: none
symbol engine: initialized successfully - sym options: 0x614 - pdb path: .;C:\Program Files\Android\Android Studio\jbr\bin;C:\WINDOWS\SYSTEM32;C:\WINDOWS\WinSxS\amd64_microsoft.windows.common-controls_6595b64144ccf1df_6.0.22621.2506_none_270c5ae97388e100;C:\Program Files\Android\Android Studio\jbr\bin\server;C:\Users\User\.gradle\native\68d5fa5c4cc2d200863cafc0d521ce42e7d3e7ee720ec0a83991735586a16f82\windows-amd64;C:\Users\User\.gradle\native\e376f236ea51e6404a007f0833ffe2c6e607c4080706a723a18a27aeea778392\windows-amd64

VM Arguments:
jvm_args: --add-opens=java.base/java.util=ALL-UNNAMED --add-opens=java.base/java.lang=ALL-UNNAMED --add-opens=java.base/java.lang.invoke=ALL-UNNAMED --add-opens=java.prefs/java.util.prefs=ALL-UNNAMED --add-opens=java.base/java.nio.charset=ALL-UNNAMED --add-opens=java.base/java.net=ALL-UNNAMED --add-opens=java.base/java.util.concurrent.atomic=ALL-UNNAMED -Xmx2048m -Dfile.encoding=UTF-8 -Duser.country=US -Duser.language=en -Duser.variant 
java_command: org.gradle.launcher.daemon.bootstrap.GradleDaemon 8.0
java_class_path (initial): C:\Users\User\.gradle\wrapper\dists\gradle-8.0-bin\ca5e32bp14vu59qr306oxotwh\gradle-8.0\lib\gradle-launcher-8.0.jar
Launcher Type: SUN_STANDARD

[Global flags]
     intx CICompilerCount                          = 4                                         {product} {ergonomic}
     uint ConcGCThreads                            = 2                                         {product} {ergonomic}
     uint G1ConcRefinementThreads                  = 8                                         {product} {ergonomic}
   size_t G1HeapRegionSize                         = 1048576                                   {product} {ergonomic}
    uintx GCDrainStackTargetSize                   = 64                                        {product} {ergonomic}
   size_t InitialHeapSize                          = 132120576                                 {product} {ergonomic}
   size_t MarkStackSize                            = 4194304                                   {product} {ergonomic}
   size_t MaxHeapSize                              = 2147483648                                {product} {command line}
   size_t MaxNewSize                               = 1287651328                                {product} {ergonomic}
   size_t MinHeapDeltaBytes                        = 1048576                                   {product} {ergonomic}
   size_t MinHeapSize                              = 8388608                                   {product} {ergonomic}
    uintx NonNMethodCodeHeapSize                   = 5839372                                {pd product} {ergonomic}
    uintx NonProfiledCodeHeapSize                  = 122909434                              {pd product} {ergonomic}
    uintx ProfiledCodeHeapSize                     = 122909434                              {pd product} {ergonomic}
    uintx ReservedCodeCacheSize                    = 251658240                              {pd product} {ergonomic}
     bool SegmentedCodeCache                       = true                                      {product} {ergonomic}
   size_t SoftMaxHeapSize                          = 2147483648                             {manageable} {ergonomic}
     bool UseCompressedClassPointers               = true                           {product lp64_product} {ergonomic}
     bool UseCompressedOops                        = true                           {product lp64_product} {ergonomic}
     bool UseG1GC                                  = true                                      {product} {ergonomic}
     bool UseLargePagesIndividualAllocation        = false                                  {pd product} {ergonomic}

Logging:
Log output configuration:
 #0: stdout all=warning uptime,level,tags
 #1: stderr all=off uptime,level,tags

Environment Variables:
JAVA_HOME=C:\Program Files\Java\jdk-20.0.1
PATH=C:\Program Files (x86)\Common Files\Oracle\Java\javapath;C:\Python311\Scripts\;C:\Python311\;C:\Program Files (x86)\Falcon\MinGW\bin;C:\WINDOWS\system32;C:\WINDOWS;C:\WINDOWS\System32\Wbem;C:\WINDOWS\System32\WindowsPowerShell\v1.0\;C:\WINDOWS\System32\OpenSSH\;C:\Program Files\Microsoft SQL Server\130\Tools\Binn\;C:\sqlite3;C:\Program Files (x86)\Microsoft SQL Server\150\DTS\Binn\;C:\Program Files\Azure Data Studio\bin;C:\Program Files\Microsoft SQL Server\Client SDK\ODBC\170\Tools\Binn\;C:\Program Files (x86)\Microsoft SQL Server\150\Tools\Binn\;C:\Program Files\Microsoft SQL Server\150\Tools\Binn\;C:\Program Files\Microsoft SQL Server\150\DTS\Binn\;C:\xampp\php;C:\ProgramData\ComposerSetup\bin;C:\Program Files\dotnet\;C:\Users\User\AppData\Local\Android\Sdk\cmdline-tools\bin;C:\Program Files\Java\;C:\Program Files\Git\cmd;C:\Program Files\nodejs\;C:\ProgramData\chocolatey\bin;C:\Program Files (x86)\GTK2-Runtime\lib;C:\Program Files (x86)\Common Files\Oracle\Java\javapath;C:\Python311\Scripts\;C:\Python311\;C:\Program Files (x86)\Falcon\MinGW\bin;C:\WINDOWS\system32;C:\WINDOWS;C:\WINDOWS\System32\Wbem;C:\WINDOWS\System32\WindowsPowerShell\v1.0\;C:\WINDOWS\System32\OpenSSH\;C:\Program Files\Microsoft SQL Server\130\Tools\Binn\;C:\sqlite3;C:\Program Files (x86)\Microsoft SQL Server\150\DTS\Binn\;C:\Program Files\Azure Data Studio\bin;C:\Program Files\Microsoft SQL Server\Client SDK\ODBC\170\Tools\Binn\;C:\Program Files (x86)\Microsoft SQL Server\150\Tools\Binn\;C:\Program Files\Microsoft SQL Server\150\Tools\Binn\;C:\Program Files\Microsoft SQL Server\150\DTS\Binn\;C:\xampp\php;C:\ProgramData\ComposerSetup\bin;C:\Program Files\dotnet\;C:\Users\User\AppData\Local\Android\Sdk\cmdline-tools\bin;C:\Program Files\Java\;C:\Program Files\Git\cmd;C:\Program Files\nodejs\;C:\ProgramData\chocolatey\bin;C:\Program Files (x86)\GTK2-Runtime\lib;C:\Program Files\nodejs\node_modules\npm\bin;C:\Program Files\MySQL\MySQL Shell 8.0\bin\;C:\Users\User\AppData\Local\Microsoft\Windows
USERNAME=User
OS=Windows_NT
PROCESSOR_IDENTIFIER=Intel64 Family 6 Model 140 Stepping 1, GenuineIntel
TMP=C:\Users\User\AppData\Local\Temp
TEMP=C:\Users\User\AppData\Local\Temp


JNI global refs:
JNI global refs: 26, weak refs: 0

JNI global refs memory usage: 843, weak refs: 841


---------------  S Y S T E M  ---------------

OS:
 Windows 11 , 64 bit Build 22621 (10.0.22621.2506)
OS uptime: 0 days 6:51 hours

CPU: total 8 (initial active 8) (4 cores per cpu, 2 threads per core) family 6 model 140 stepping 1 microcode 0x78, cx8, cmov, fxsr, ht, mmx, 3dnowpref, sse, sse2, sse3, ssse3, sse4.1, sse4.2, popcnt, lzcnt, tsc, tscinvbit, avx, avx2, aes, erms, clmul, bmi1, bmi2, adx, avx512f, avx512dq, avx512cd, avx512bw, avx512vl, sha, fma, vzeroupper, avx512_vpopcntdq, avx512_vpclmulqdq, avx512_vaes, avx512_vnni, clflush, clflushopt, clwb, avx512_vbmi2, avx512_vbmi

Memory: 4k page, system-wide physical 7991M (532M free)
TotalPageFile size 10039M (AvailPageFile size 13M)
current process WorkingSet (physical memory assigned to process): 389M, peak: 399M
current process commit charge ("private bytes"): 424M, peak: 448M

vm_info: OpenJDK 64-Bit Server VM (17.0.6+0-b2043.56-10027231) for windows-amd64 JRE (17.0.6+0-b2043.56-10027231), built on Apr 28 2023 00:43:19 by "androidbuild" with MS VC++ 16.10 / 16.11 (VS2019)

END.
