#
# There is insufficient memory for the Java Runtime Environment to continue.
# Native memory allocation (mmap) failed to map 61865984 bytes for G1 virtual space
# Possible reasons:
#   The system is out of physical RAM or swap space
#   The process is running with CompressedOops enabled, and the Java Heap may be blocking the growth of the native heap
# Possible solutions:
#   Reduce memory load on the system
#   Increase physical memory or swap space
#   Check if swap backing store is full
#   Decrease Java heap size (-Xmx/-Xms)
#   Decrease number of Java threads
#   Decrease Java thread stack sizes (-Xss)
#   Set larger code cache with -XX:ReservedCodeCacheSize=
#   JVM is running with Unscaled Compressed Oops mode in which the Java heap is
#     placed in the first 4GB address space. The Java Heap base address is the
#     maximum limit for the native heap growth. Please use -XX:HeapBaseMinAddress
#     to set the Java Heap base and to place the Java Heap above 4GB virtual address.
# This output file may be truncated or incomplete.
#
#  Out of Memory Error (os_windows.cpp:3769), pid=10344, tid=11380
#
# JRE version: OpenJDK Runtime Environment (17.0.6) (build 17.0.6+0-b2043.56-10027231)
# Java VM: OpenJDK 64-Bit Server VM (17.0.6+0-b2043.56-10027231, mixed mode, tiered, compressed oops, compressed class ptrs, g1 gc, windows-amd64)
# No core dump will be written. Minidumps are not enabled by default on client versions of Windows
#

---------------  S U M M A R Y ------------

Command Line: --add-opens=java.base/java.util=ALL-UNNAMED --add-opens=java.base/java.lang=ALL-UNNAMED --add-opens=java.base/java.lang.invoke=ALL-UNNAMED --add-opens=java.prefs/java.util.prefs=ALL-UNNAMED --add-opens=java.base/java.nio.charset=ALL-UNNAMED --add-opens=java.base/java.net=ALL-UNNAMED --add-opens=java.base/java.util.concurrent.atomic=ALL-UNNAMED -Xmx2048m -Dfile.encoding=UTF-8 -Duser.country=US -Duser.language=en -Duser.variant org.gradle.launcher.daemon.bootstrap.GradleDaemon 8.0

Host: 11th Gen Intel(R) Core(TM) i5-1135G7 @ 2.40GHz, 8 cores, 7G,  Windows 11 , 64 bit Build 22621 (10.0.22621.2506)
Time: Tue Nov 28 07:28:47 2023 E. Africa Standard Time elapsed time: 33.715676 seconds (0d 0h 0m 33s)

---------------  T H R E A D  ---------------

Current thread (0x00000191ff27f940):  VMThread "VM Thread" [stack: 0x0000005e26100000,0x0000005e26200000] [id=11380]

Stack: [0x0000005e26100000,0x0000005e26200000]
Native frames: (J=compiled Java code, j=interpreted, Vv=VM code, C=native code)
V  [jvm.dll+0x683c9a]
V  [jvm.dll+0x8427a4]
V  [jvm.dll+0x843f9e]
V  [jvm.dll+0x844603]
V  [jvm.dll+0x249b75]
V  [jvm.dll+0x680b69]
V  [jvm.dll+0x67505a]
V  [jvm.dll+0x309acb]
V  [jvm.dll+0x310f86]
V  [jvm.dll+0x3608ee]
V  [jvm.dll+0x360b1f]
V  [jvm.dll+0x2dfbf8]
V  [jvm.dll+0x2ddec4]
V  [jvm.dll+0x2dd4cc]
V  [jvm.dll+0x321f3b]
V  [jvm.dll+0x848ccb]
V  [jvm.dll+0x849a04]
V  [jvm.dll+0x849f1d]
V  [jvm.dll+0x84a2f4]
V  [jvm.dll+0x84a3c0]
V  [jvm.dll+0x7f274a]
V  [jvm.dll+0x682ad5]
C  [ucrtbase.dll+0x29363]
C  [KERNEL32.DLL+0x1257d]
C  [ntdll.dll+0x5aa58]

VM_Operation (0x0000005e2edfa0b0): G1CollectForAllocation, mode: safepoint, requested by thread 0x00000191827d2af0


---------------  P R O C E S S  ---------------

Threads class SMR info:
_java_thread_list=0x000001918446c050, length=140, elements={
0x00000191e542cc60, 0x00000191ffc12250, 0x00000191ffc12e00, 0x00000191ff299320,
0x00000191ff295310, 0x00000191ff295cd0, 0x00000191ff296680, 0x00000191ffc37750,
0x00000191ffc38050, 0x00000191ffc38a40, 0x00000191ffde8940, 0x00000191ffdeae20,
0x00000191813c1b20, 0x0000019181210d40, 0x00000191814e2030, 0x0000019182bc5b10,
0x0000019182481070, 0x00000191814a2f30, 0x0000019182481940, 0x00000191817ccf00,
0x00000191817cd3d0, 0x00000191817cd8a0, 0x00000191817cdd70, 0x00000191817ce240,
0x00000191817cb6f0, 0x00000191817cc560, 0x00000191817ca880, 0x00000191817cca30,
0x00000191817cb220, 0x00000191817cbbc0, 0x00000191823384f0, 0x0000019182333cc0,
0x0000019182334660, 0x0000019182337b50, 0x0000019182335e70, 0x0000019182336810,
0x0000019182332e50, 0x00000191823359a0, 0x00000191823371b0, 0x00000191823389c0,
0x0000019182339360, 0x0000019182334190, 0x0000019182334b30, 0x0000019182335000,
0x0000019186055b90, 0x0000019186056a00, 0x0000019186053eb0, 0x0000019186056060,
0x0000019186056530, 0x0000019186054850, 0x0000019186050e90, 0x00000191860556c0,
0x0000019186057870, 0x0000019186056ed0, 0x00000191860526a0, 0x00000191860509c0,
0x0000019186058210, 0x0000019186057d40, 0x0000019186051360, 0x0000019186051830,
0x0000019186051d00, 0x00000191860573a0, 0x0000019186054d20, 0x0000019186052b70,
0x00000191860521d0, 0x0000019186053040, 0x0000019186053510, 0x00000191860539e0,
0x0000019186054380, 0x00000191860551f0, 0x0000019187cd8790, 0x0000019187cd6f80,
0x0000019187cd65e0, 0x0000019187cd3f60, 0x0000019187cd9130, 0x0000019187cd52a0,
0x0000019187cd30f0, 0x0000019187cd7450, 0x0000019187cd9ad0, 0x0000019187cd82c0,
0x0000019187cd7df0, 0x0000019187cd9600, 0x0000019187cd7920, 0x0000019187cd6110,
0x0000019187cd8c60, 0x0000019187cd5c40, 0x0000019187cda470, 0x0000019187cd9fa0,
0x0000019187cd6ab0, 0x0000019187cd4430, 0x0000019187cda940, 0x0000019187cd35c0,
0x0000019187cd3a90, 0x0000019187cd4900, 0x0000019187cd4dd0, 0x0000019187cd5770,
0x000001918793f300, 0x000001918793e960, 0x000001918793e490, 0x000001918793afa0,
0x000001918793d620, 0x000001918793ee30, 0x000001918793dfc0, 0x0000019187940fe0,
0x0000019187941e50, 0x00000191879427f0, 0x000001918793b940, 0x000001918793daf0,
0x0000019187940b10, 0x000001918793b470, 0x000001918793f7d0, 0x0000019187941980,
0x000001918793be10, 0x000001918793fca0, 0x0000019187942320, 0x000001918793c2e0,
0x000001918793c7b0, 0x00000191879414b0, 0x0000019187940170, 0x000001918793cc80,
0x000001918793d150, 0x0000019187940640, 0x00000191827d6980, 0x00000191827d5170,
0x00000191827d5640, 0x00000191827d6e50, 0x00000191827d7cc0, 0x00000191827d3960,
0x00000191827d1c80, 0x00000191827d0470, 0x00000191827d2af0, 0x00000191827d2fc0,
0x00000191827d3e30, 0x00000191827d4300, 0x00000191827d47d0, 0x0000019182336ce0,
0x000001918adfa6e0, 0x0000019184582a10, 0x000001918adfb550, 0x000001918adf93a0
}

Java Threads: ( => current thread )
  0x00000191e542cc60 JavaThread "main" [_thread_blocked, id=12512, stack(0x0000005e25b00000,0x0000005e25c00000)]
  0x00000191ffc12250 JavaThread "Reference Handler" daemon [_thread_blocked, id=14880, stack(0x0000005e26200000,0x0000005e26300000)]
  0x00000191ffc12e00 JavaThread "Finalizer" daemon [_thread_blocked, id=14792, stack(0x0000005e26300000,0x0000005e26400000)]
  0x00000191ff299320 JavaThread "Signal Dispatcher" daemon [_thread_blocked, id=9700, stack(0x0000005e26400000,0x0000005e26500000)]
  0x00000191ff295310 JavaThread "Attach Listener" daemon [_thread_blocked, id=3060, stack(0x0000005e26500000,0x0000005e26600000)]
  0x00000191ff295cd0 JavaThread "Service Thread" daemon [_thread_blocked, id=16244, stack(0x0000005e26600000,0x0000005e26700000)]
  0x00000191ff296680 JavaThread "Monitor Deflation Thread" daemon [_thread_blocked, id=7596, stack(0x0000005e26700000,0x0000005e26800000)]
  0x00000191ffc37750 JavaThread "C2 CompilerThread0" daemon [_thread_blocked, id=13656, stack(0x0000005e26800000,0x0000005e26900000)]
  0x00000191ffc38050 JavaThread "C1 CompilerThread0" daemon [_thread_blocked, id=13420, stack(0x0000005e26900000,0x0000005e26a00000)]
  0x00000191ffc38a40 JavaThread "Sweeper thread" daemon [_thread_blocked, id=16108, stack(0x0000005e26a00000,0x0000005e26b00000)]
  0x00000191ffde8940 JavaThread "Common-Cleaner" daemon [_thread_blocked, id=15092, stack(0x0000005e26b00000,0x0000005e26c00000)]
  0x00000191ffdeae20 JavaThread "Notification Thread" daemon [_thread_blocked, id=15936, stack(0x0000005e26c00000,0x0000005e26d00000)]
  0x00000191813c1b20 JavaThread "Daemon health stats" [_thread_blocked, id=9532, stack(0x0000005e27400000,0x0000005e27500000)]
  0x0000019181210d40 JavaThread "Incoming local TCP Connector on port 51760" [_thread_in_native, id=13684, stack(0x0000005e26e00000,0x0000005e26f00000)]
  0x00000191814e2030 JavaThread "Daemon periodic checks" [_thread_blocked, id=12336, stack(0x0000005e26f00000,0x0000005e27000000)]
  0x0000019182bc5b10 JavaThread "Daemon" [_thread_blocked, id=12448, stack(0x0000005e27500000,0x0000005e27600000)]
  0x0000019182481070 JavaThread "Handler for socket connection from /127.0.0.1:51760 to /127.0.0.1:51761" [_thread_in_native, id=7784, stack(0x0000005e27600000,0x0000005e27700000)]
  0x00000191814a2f30 JavaThread "Cancel handler" [_thread_blocked, id=14624, stack(0x0000005e27700000,0x0000005e27800000)]
  0x0000019182481940 JavaThread "Daemon worker" [_thread_blocked, id=11728, stack(0x0000005e27800000,0x0000005e27900000)]
  0x00000191817ccf00 JavaThread "Asynchronous log dispatcher for DefaultDaemonConnection: socket connection from /127.0.0.1:51760 to /127.0.0.1:51761" [_thread_blocked, id=12328, stack(0x0000005e27900000,0x0000005e27a00000)]
  0x00000191817cd3d0 JavaThread "Stdin handler" [_thread_blocked, id=11228, stack(0x0000005e27a00000,0x0000005e27b00000)]
  0x00000191817cd8a0 JavaThread "Daemon client event forwarder" [_thread_blocked, id=13876, stack(0x0000005e27b00000,0x0000005e27c00000)]
  0x00000191817cdd70 JavaThread "Cache worker for journal cache (C:\Users\User\.gradle\caches\journal-1)" [_thread_blocked, id=2360, stack(0x0000005e28100000,0x0000005e28200000)]
  0x00000191817ce240 JavaThread "File lock request listener" [_thread_in_native, id=1208, stack(0x0000005e28200000,0x0000005e28300000)]
  0x00000191817cb6f0 JavaThread "Cache worker for file hash cache (C:\Users\User\.gradle\caches\8.0\fileHashes)" [_thread_blocked, id=7292, stack(0x0000005e28300000,0x0000005e28400000)]
  0x00000191817cc560 JavaThread "File watcher server" daemon [_thread_blocked, id=16148, stack(0x0000005e28500000,0x0000005e28600000)]
  0x00000191817ca880 JavaThread "File watcher consumer" daemon [_thread_blocked, id=14276, stack(0x0000005e28600000,0x0000005e28700000)]
  0x00000191817cca30 JavaThread "Cache worker for checksums cache (C:\Users\User\AndroidStudioProjects\RepairPal\.gradle\8.0\checksums)" [_thread_blocked, id=8660, stack(0x0000005e28400000,0x0000005e28500000)]
  0x00000191817cb220 JavaThread "Cache worker for cache directory md-rule (C:\Users\User\.gradle\caches\8.0\md-rule)" [_thread_blocked, id=14936, stack(0x0000005e28700000,0x0000005e28800000)]
  0x00000191817cbbc0 JavaThread "Cache worker for file content cache (C:\Users\User\.gradle\caches\8.0\fileContent)" [_thread_blocked, id=15664, stack(0x0000005e28800000,0x0000005e28900000)]
  0x00000191823384f0 JavaThread "Cache worker for file hash cache (C:\Users\User\AndroidStudioProjects\RepairPal\.gradle\8.0\fileHashes)" [_thread_blocked, id=6772, stack(0x0000005e28900000,0x0000005e28a00000)]
  0x0000019182333cc0 JavaThread "Cache worker for cache directory md-supplier (C:\Users\User\.gradle\caches\8.0\md-supplier)" [_thread_blocked, id=11400, stack(0x0000005e28a00000,0x0000005e28b00000)]
  0x0000019182334660 JavaThread "Cache worker for execution history cache (C:\Users\User\.gradle\caches\8.0\executionHistory)" [_thread_blocked, id=14004, stack(0x0000005e28000000,0x0000005e28100000)]
  0x0000019182337b50 JavaThread "jar transforms" [_thread_blocked, id=14284, stack(0x0000005e28c00000,0x0000005e28d00000)]
  0x0000019182335e70 JavaThread "jar transforms Thread 2" [_thread_blocked, id=12984, stack(0x0000005e28d00000,0x0000005e28e00000)]
  0x0000019182336810 JavaThread "Cache worker for kotlin-dsl (C:\Users\User\.gradle\caches\8.0\kotlin-dsl)" [_thread_blocked, id=9900, stack(0x0000005e28f00000,0x0000005e29000000)]
  0x0000019182332e50 JavaThread "jar transforms Thread 3" [_thread_blocked, id=4764, stack(0x0000005e28e00000,0x0000005e28f00000)]
  0x00000191823359a0 JavaThread "jar transforms Thread 4" [_thread_blocked, id=10428, stack(0x0000005e29000000,0x0000005e29100000)]
  0x00000191823371b0 JavaThread "Cache worker for dependencies-accessors (C:\Users\User\AndroidStudioProjects\RepairPal\.gradle\8.0\dependencies-accessors)" [_thread_blocked, id=9180, stack(0x0000005e29100000,0x0000005e29200000)]
  0x00000191823389c0 JavaThread "Cache worker for Build Output Cleanup Cache (C:\Users\User\AndroidStudioProjects\RepairPal\.gradle\buildOutputCleanup)" [_thread_blocked, id=14704, stack(0x0000005e29300000,0x0000005e29400000)]
  0x0000019182339360 JavaThread "jar transforms Thread 5" [_thread_blocked, id=1756, stack(0x0000005e29400000,0x0000005e29500000)]
  0x0000019182334190 JavaThread "Unconstrained build operations" [_thread_blocked, id=6784, stack(0x0000005e28b00000,0x0000005e28c00000)]
  0x0000019182334b30 JavaThread "Unconstrained build operations Thread 2" [_thread_blocked, id=13060, stack(0x0000005e29200000,0x0000005e29300000)]
  0x0000019182335000 JavaThread "Unconstrained build operations Thread 3" [_thread_blocked, id=16220, stack(0x0000005e29500000,0x0000005e29600000)]
  0x0000019186055b90 JavaThread "Unconstrained build operations Thread 4" [_thread_blocked, id=10516, stack(0x0000005e29600000,0x0000005e29700000)]
  0x0000019186056a00 JavaThread "Unconstrained build operations Thread 5" [_thread_blocked, id=11688, stack(0x0000005e29700000,0x0000005e29800000)]
  0x0000019186053eb0 JavaThread "Unconstrained build operations Thread 6" [_thread_blocked, id=5076, stack(0x0000005e29800000,0x0000005e29900000)]
  0x0000019186056060 JavaThread "Unconstrained build operations Thread 7" [_thread_blocked, id=12100, stack(0x0000005e29900000,0x0000005e29a00000)]
  0x0000019186056530 JavaThread "Unconstrained build operations Thread 8" [_thread_blocked, id=7372, stack(0x0000005e29a00000,0x0000005e29b00000)]
  0x0000019186054850 JavaThread "Unconstrained build operations Thread 9" [_thread_blocked, id=12684, stack(0x0000005e29b00000,0x0000005e29c00000)]
  0x0000019186050e90 JavaThread "Unconstrained build operations Thread 10" [_thread_blocked, id=11552, stack(0x0000005e29c00000,0x0000005e29d00000)]
  0x00000191860556c0 JavaThread "Unconstrained build operations Thread 11" [_thread_blocked, id=11104, stack(0x0000005e29d00000,0x0000005e29e00000)]
  0x0000019186057870 JavaThread "Unconstrained build operations Thread 12" [_thread_blocked, id=16352, stack(0x0000005e29e00000,0x0000005e29f00000)]
  0x0000019186056ed0 JavaThread "Unconstrained build operations Thread 13" [_thread_blocked, id=2392, stack(0x0000005e29f00000,0x0000005e2a000000)]
  0x00000191860526a0 JavaThread "Unconstrained build operations Thread 14" [_thread_blocked, id=10108, stack(0x0000005e2a000000,0x0000005e2a100000)]
  0x00000191860509c0 JavaThread "Unconstrained build operations Thread 15" [_thread_blocked, id=14832, stack(0x0000005e2a100000,0x0000005e2a200000)]
  0x0000019186058210 JavaThread "Unconstrained build operations Thread 16" [_thread_blocked, id=8536, stack(0x0000005e2a200000,0x0000005e2a300000)]
  0x0000019186057d40 JavaThread "Unconstrained build operations Thread 17" [_thread_blocked, id=13628, stack(0x0000005e2a300000,0x0000005e2a400000)]
  0x0000019186051360 JavaThread "Unconstrained build operations Thread 18" [_thread_blocked, id=5208, stack(0x0000005e2a400000,0x0000005e2a500000)]
  0x0000019186051830 JavaThread "Unconstrained build operations Thread 19" [_thread_blocked, id=9056, stack(0x0000005e2a500000,0x0000005e2a600000)]
  0x0000019186051d00 JavaThread "Unconstrained build operations Thread 20" [_thread_blocked, id=4456, stack(0x0000005e2a600000,0x0000005e2a700000)]
  0x00000191860573a0 JavaThread "Unconstrained build operations Thread 21" [_thread_blocked, id=12380, stack(0x0000005e2a700000,0x0000005e2a800000)]
  0x0000019186054d20 JavaThread "Unconstrained build operations Thread 22" [_thread_blocked, id=12484, stack(0x0000005e2a800000,0x0000005e2a900000)]
  0x0000019186052b70 JavaThread "Unconstrained build operations Thread 23" [_thread_blocked, id=13392, stack(0x0000005e2a900000,0x0000005e2aa00000)]
  0x00000191860521d0 JavaThread "Unconstrained build operations Thread 24" [_thread_blocked, id=12792, stack(0x0000005e2aa00000,0x0000005e2ab00000)]
  0x0000019186053040 JavaThread "Unconstrained build operations Thread 25" [_thread_blocked, id=3936, stack(0x0000005e2ab00000,0x0000005e2ac00000)]
  0x0000019186053510 JavaThread "Unconstrained build operations Thread 26" [_thread_blocked, id=13680, stack(0x0000005e2ac00000,0x0000005e2ad00000)]
  0x00000191860539e0 JavaThread "Unconstrained build operations Thread 27" [_thread_blocked, id=9044, stack(0x0000005e2ad00000,0x0000005e2ae00000)]
  0x0000019186054380 JavaThread "Unconstrained build operations Thread 28" [_thread_blocked, id=15168, stack(0x0000005e2ae00000,0x0000005e2af00000)]
  0x00000191860551f0 JavaThread "Unconstrained build operations Thread 29" [_thread_blocked, id=15072, stack(0x0000005e2af00000,0x0000005e2b000000)]
  0x0000019187cd8790 JavaThread "Unconstrained build operations Thread 30" [_thread_blocked, id=8876, stack(0x0000005e2b000000,0x0000005e2b100000)]
  0x0000019187cd6f80 JavaThread "Unconstrained build operations Thread 31" [_thread_blocked, id=8268, stack(0x0000005e2b100000,0x0000005e2b200000)]
  0x0000019187cd65e0 JavaThread "Unconstrained build operations Thread 32" [_thread_blocked, id=14404, stack(0x0000005e2b200000,0x0000005e2b300000)]
  0x0000019187cd3f60 JavaThread "Unconstrained build operations Thread 33" [_thread_blocked, id=12560, stack(0x0000005e2b300000,0x0000005e2b400000)]
  0x0000019187cd9130 JavaThread "Unconstrained build operations Thread 34" [_thread_blocked, id=15916, stack(0x0000005e2b400000,0x0000005e2b500000)]
  0x0000019187cd52a0 JavaThread "Unconstrained build operations Thread 35" [_thread_blocked, id=14024, stack(0x0000005e2b500000,0x0000005e2b600000)]
  0x0000019187cd30f0 JavaThread "Unconstrained build operations Thread 36" [_thread_blocked, id=5548, stack(0x0000005e2b600000,0x0000005e2b700000)]
  0x0000019187cd7450 JavaThread "Unconstrained build operations Thread 37" [_thread_blocked, id=9324, stack(0x0000005e2b700000,0x0000005e2b800000)]
  0x0000019187cd9ad0 JavaThread "Unconstrained build operations Thread 38" [_thread_blocked, id=10152, stack(0x0000005e2b800000,0x0000005e2b900000)]
  0x0000019187cd82c0 JavaThread "Unconstrained build operations Thread 39" [_thread_blocked, id=14968, stack(0x0000005e2b900000,0x0000005e2ba00000)]
  0x0000019187cd7df0 JavaThread "Unconstrained build operations Thread 40" [_thread_blocked, id=14260, stack(0x0000005e2ba00000,0x0000005e2bb00000)]
  0x0000019187cd9600 JavaThread "Unconstrained build operations Thread 41" [_thread_blocked, id=13448, stack(0x0000005e2bb00000,0x0000005e2bc00000)]
  0x0000019187cd7920 JavaThread "Unconstrained build operations Thread 42" [_thread_blocked, id=2168, stack(0x0000005e2bc00000,0x0000005e2bd00000)]
  0x0000019187cd6110 JavaThread "Unconstrained build operations Thread 43" [_thread_blocked, id=7588, stack(0x0000005e2bd00000,0x0000005e2be00000)]
  0x0000019187cd8c60 JavaThread "Unconstrained build operations Thread 44" [_thread_blocked, id=7844, stack(0x0000005e2be00000,0x0000005e2bf00000)]
  0x0000019187cd5c40 JavaThread "Unconstrained build operations Thread 45" [_thread_blocked, id=10168, stack(0x0000005e2bf00000,0x0000005e2c000000)]
  0x0000019187cda470 JavaThread "Unconstrained build operations Thread 46" [_thread_blocked, id=11440, stack(0x0000005e2c000000,0x0000005e2c100000)]
  0x0000019187cd9fa0 JavaThread "Unconstrained build operations Thread 47" [_thread_blocked, id=10204, stack(0x0000005e2c100000,0x0000005e2c200000)]
  0x0000019187cd6ab0 JavaThread "Unconstrained build operations Thread 48" [_thread_blocked, id=4240, stack(0x0000005e2c200000,0x0000005e2c300000)]
  0x0000019187cd4430 JavaThread "Unconstrained build operations Thread 49" [_thread_blocked, id=11184, stack(0x0000005e2c300000,0x0000005e2c400000)]
  0x0000019187cda940 JavaThread "Unconstrained build operations Thread 50" [_thread_blocked, id=10976, stack(0x0000005e2c400000,0x0000005e2c500000)]
  0x0000019187cd35c0 JavaThread "Unconstrained build operations Thread 51" [_thread_blocked, id=4568, stack(0x0000005e2c500000,0x0000005e2c600000)]
  0x0000019187cd3a90 JavaThread "Unconstrained build operations Thread 52" [_thread_blocked, id=12784, stack(0x0000005e2c600000,0x0000005e2c700000)]
  0x0000019187cd4900 JavaThread "Unconstrained build operations Thread 53" [_thread_blocked, id=2856, stack(0x0000005e2c700000,0x0000005e2c800000)]
  0x0000019187cd4dd0 JavaThread "Unconstrained build operations Thread 54" [_thread_blocked, id=15568, stack(0x0000005e2c800000,0x0000005e2c900000)]
  0x0000019187cd5770 JavaThread "Unconstrained build operations Thread 55" [_thread_blocked, id=5780, stack(0x0000005e2c900000,0x0000005e2ca00000)]
  0x000001918793f300 JavaThread "Unconstrained build operations Thread 56" [_thread_blocked, id=11436, stack(0x0000005e2ca00000,0x0000005e2cb00000)]
  0x000001918793e960 JavaThread "Unconstrained build operations Thread 57" [_thread_blocked, id=14948, stack(0x0000005e2cb00000,0x0000005e2cc00000)]
  0x000001918793e490 JavaThread "Unconstrained build operations Thread 58" [_thread_blocked, id=10360, stack(0x0000005e2cc00000,0x0000005e2cd00000)]
  0x000001918793afa0 JavaThread "Unconstrained build operations Thread 59" [_thread_blocked, id=10112, stack(0x0000005e2cd00000,0x0000005e2ce00000)]
  0x000001918793d620 JavaThread "Unconstrained build operations Thread 60" [_thread_blocked, id=13352, stack(0x0000005e2ce00000,0x0000005e2cf00000)]
  0x000001918793ee30 JavaThread "Unconstrained build operations Thread 61" [_thread_blocked, id=6996, stack(0x0000005e2cf00000,0x0000005e2d000000)]
  0x000001918793dfc0 JavaThread "Unconstrained build operations Thread 62" [_thread_blocked, id=15352, stack(0x0000005e2d000000,0x0000005e2d100000)]
  0x0000019187940fe0 JavaThread "Unconstrained build operations Thread 63" [_thread_blocked, id=7976, stack(0x0000005e2d100000,0x0000005e2d200000)]
  0x0000019187941e50 JavaThread "Unconstrained build operations Thread 64" [_thread_blocked, id=14524, stack(0x0000005e2d200000,0x0000005e2d300000)]
  0x00000191879427f0 JavaThread "Unconstrained build operations Thread 65" [_thread_blocked, id=7392, stack(0x0000005e2d300000,0x0000005e2d400000)]
  0x000001918793b940 JavaThread "Unconstrained build operations Thread 66" [_thread_blocked, id=13192, stack(0x0000005e2d400000,0x0000005e2d500000)]
  0x000001918793daf0 JavaThread "Unconstrained build operations Thread 67" [_thread_blocked, id=2744, stack(0x0000005e2d500000,0x0000005e2d600000)]
  0x0000019187940b10 JavaThread "Unconstrained build operations Thread 68" [_thread_blocked, id=14840, stack(0x0000005e2d600000,0x0000005e2d700000)]
  0x000001918793b470 JavaThread "Unconstrained build operations Thread 69" [_thread_blocked, id=7016, stack(0x0000005e2d700000,0x0000005e2d800000)]
  0x000001918793f7d0 JavaThread "Unconstrained build operations Thread 70" [_thread_blocked, id=13328, stack(0x0000005e2d800000,0x0000005e2d900000)]
  0x0000019187941980 JavaThread "Unconstrained build operations Thread 71" [_thread_blocked, id=15864, stack(0x0000005e2d900000,0x0000005e2da00000)]
  0x000001918793be10 JavaThread "Unconstrained build operations Thread 72" [_thread_blocked, id=14752, stack(0x0000005e2da00000,0x0000005e2db00000)]
  0x000001918793fca0 JavaThread "Unconstrained build operations Thread 73" [_thread_blocked, id=11816, stack(0x0000005e2db00000,0x0000005e2dc00000)]
  0x0000019187942320 JavaThread "Unconstrained build operations Thread 74" [_thread_blocked, id=11384, stack(0x0000005e2dc00000,0x0000005e2dd00000)]
  0x000001918793c2e0 JavaThread "Unconstrained build operations Thread 75" [_thread_blocked, id=16052, stack(0x0000005e2dd00000,0x0000005e2de00000)]
  0x000001918793c7b0 JavaThread "Unconstrained build operations Thread 76" [_thread_blocked, id=10552, stack(0x0000005e2de00000,0x0000005e2df00000)]
  0x00000191879414b0 JavaThread "Unconstrained build operations Thread 77" [_thread_blocked, id=2400, stack(0x0000005e2df00000,0x0000005e2e000000)]
  0x0000019187940170 JavaThread "Unconstrained build operations Thread 78" [_thread_blocked, id=15200, stack(0x0000005e2e000000,0x0000005e2e100000)]
  0x000001918793cc80 JavaThread "Unconstrained build operations Thread 79" [_thread_blocked, id=9468, stack(0x0000005e2e100000,0x0000005e2e200000)]
  0x000001918793d150 JavaThread "Unconstrained build operations Thread 80" [_thread_blocked, id=10508, stack(0x0000005e2e200000,0x0000005e2e300000)]
  0x0000019187940640 JavaThread "jar transforms Thread 6" [_thread_blocked, id=11836, stack(0x0000005e2e300000,0x0000005e2e400000)]
  0x00000191827d6980 JavaThread "jar transforms Thread 7" [_thread_blocked, id=10272, stack(0x0000005e2e400000,0x0000005e2e500000)]
  0x00000191827d5170 JavaThread "jar transforms Thread 8" [_thread_blocked, id=9672, stack(0x0000005e2e500000,0x0000005e2e600000)]
  0x00000191827d5640 JavaThread "build event listener" [_thread_blocked, id=14652, stack(0x0000005e2e600000,0x0000005e2e700000)]
  0x00000191827d6e50 JavaThread "Memory manager" [_thread_blocked, id=16344, stack(0x0000005e2e900000,0x0000005e2ea00000)]
  0x00000191827d7cc0 JavaThread "pool-3-thread-1" [_thread_blocked, id=13092, stack(0x0000005e2e800000,0x0000005e2e900000)]
  0x00000191827d3960 JavaThread "build event listener" [_thread_blocked, id=13588, stack(0x0000005e2ea00000,0x0000005e2eb00000)]
  0x00000191827d1c80 JavaThread "included builds" [_thread_blocked, id=12108, stack(0x0000005e2eb00000,0x0000005e2ec00000)]
  0x00000191827d0470 JavaThread "Execution worker" [_thread_blocked, id=5688, stack(0x0000005e2ec00000,0x0000005e2ed00000)]
  0x00000191827d2af0 JavaThread "Execution worker Thread 2" [_thread_blocked, id=16040, stack(0x0000005e2ed00000,0x0000005e2ee00000)]
  0x00000191827d2fc0 JavaThread "Execution worker Thread 3" [_thread_blocked, id=15684, stack(0x0000005e2ee00000,0x0000005e2ef00000)]
  0x00000191827d3e30 JavaThread "Execution worker Thread 4" [_thread_blocked, id=12292, stack(0x0000005e2ef00000,0x0000005e2f000000)]
  0x00000191827d4300 JavaThread "Execution worker Thread 5" [_thread_blocked, id=8212, stack(0x0000005e2f000000,0x0000005e2f100000)]
  0x00000191827d47d0 JavaThread "Execution worker Thread 6" [_thread_blocked, id=10500, stack(0x0000005e2f100000,0x0000005e2f200000)]
  0x0000019182336ce0 JavaThread "Execution worker Thread 7" [_thread_blocked, id=15076, stack(0x0000005e2f200000,0x0000005e2f300000)]
  0x000001918adfa6e0 JavaThread "Cache worker for execution history cache (C:\Users\User\AndroidStudioProjects\RepairPal\.gradle\8.0\executionHistory)" [_thread_blocked, id=15320, stack(0x0000005e2f300000,0x0000005e2f400000)]
  0x0000019184582a10 JavaThread "C2 CompilerThread1" daemon [_thread_blocked, id=14248, stack(0x0000005e2f900000,0x0000005e2fa00000)]
  0x000001918adfb550 JavaThread "WorkerExecutor Queue" [_thread_blocked, id=15380, stack(0x0000005e2fa00000,0x0000005e2fb00000)]
  0x000001918adf93a0 JavaThread "WorkerExecutor Queue Thread 2" [_thread_blocked, id=15668, stack(0x0000005e2fb00000,0x0000005e2fc00000)]

Other Threads:
=>0x00000191ff27f940 VMThread "VM Thread" [stack: 0x0000005e26100000,0x0000005e26200000] [id=11380]
  0x00000191ffded300 WatcherThread [stack: 0x0000005e26d00000,0x0000005e26e00000] [id=9632]
  0x00000191e5487e90 GCTaskThread "GC Thread#0" [stack: 0x0000005e25c00000,0x0000005e25d00000] [id=4572]
  0x00000191802559e0 GCTaskThread "GC Thread#1" [stack: 0x0000005e27000000,0x0000005e27100000] [id=7312]
  0x0000019180255c90 GCTaskThread "GC Thread#2" [stack: 0x0000005e27100000,0x0000005e27200000] [id=14896]
  0x0000019180d58160 GCTaskThread "GC Thread#3" [stack: 0x0000005e27200000,0x0000005e27300000] [id=7808]
  0x00000191812c7420 GCTaskThread "GC Thread#4" [stack: 0x0000005e27300000,0x0000005e27400000] [id=10756]
  0x0000019182936440 GCTaskThread "GC Thread#5" [stack: 0x0000005e27c00000,0x0000005e27d00000] [id=3804]
  0x00000191814a3400 GCTaskThread "GC Thread#6" [stack: 0x0000005e27d00000,0x0000005e27e00000] [id=15100]
  0x0000019180f39970 GCTaskThread "GC Thread#7" [stack: 0x0000005e27e00000,0x0000005e27f00000] [id=13832]
  0x00000191e5498dd0 ConcurrentGCThread "G1 Main Marker" [stack: 0x0000005e25d00000,0x0000005e25e00000] [id=7680]
  0x00000191e54997e0 ConcurrentGCThread "G1 Conc#0" [stack: 0x0000005e25e00000,0x0000005e25f00000] [id=12120]
  0x000001918039f6a0 ConcurrentGCThread "G1 Conc#1" [stack: 0x0000005e27f00000,0x0000005e28000000] [id=7476]
  0x00000191ff0d20c0 ConcurrentGCThread "G1 Refine#0" [stack: 0x0000005e25f00000,0x0000005e26000000] [id=2240]
  0x00000191876d4ec0 ConcurrentGCThread "G1 Refine#1" [stack: 0x0000005e2f400000,0x0000005e2f500000] [id=7552]
  0x00000191876d65c0 ConcurrentGCThread "G1 Refine#2" [stack: 0x0000005e2f500000,0x0000005e2f600000] [id=12656]
  0x00000191876d5480 ConcurrentGCThread "G1 Refine#3" [stack: 0x0000005e2f600000,0x0000005e2f700000] [id=9068]
  0x00000191876d62e0 ConcurrentGCThread "G1 Refine#4" [stack: 0x0000005e2f700000,0x0000005e2f800000] [id=5216]
  0x00000191ff0d29f0 ConcurrentGCThread "G1 Service" [stack: 0x0000005e26000000,0x0000005e26100000] [id=12648]

Threads with active compile tasks:
C2 CompilerThread0    33877 14381       4       com.google.common.collect.ImmutableSet$RegularSetBuilderImpl::insertInHashTable (125 bytes)
C2 CompilerThread1    33877 14379       4       com.google.common.collect.ImmutableSet$RegularSetBuilderImpl::add (68 bytes)

VM state: at safepoint (normal execution)

VM Mutex/Monitor currently owned by a thread:  ([mutex/lock_event])
[0x00000191e5428790] Threads_lock - owner thread: 0x00000191ff27f940
[0x00000191e54278f0] Heap_lock - owner thread: 0x00000191827d2af0

Heap address: 0x0000000080000000, size: 2048 MB, Compressed Oops mode: 32-bit

CDS archive(s) not mapped
Compressed class space mapped at: 0x0000000100000000-0x0000000140000000, reserved size: 1073741824
Narrow klass base: 0x0000000000000000, Narrow klass shift: 3, Narrow klass range: 0x140000000

GC Precious Log:
 CPUs: 8 total, 8 available
 Memory: 7991M
 Large Page Support: Disabled
 NUMA Support: Disabled
 Compressed Oops: Enabled (32-bit)
 Heap Region Size: 1M
 Heap Min Capacity: 8M
 Heap Initial Capacity: 126M
 Heap Max Capacity: 2G
 Pre-touch: Disabled
 Parallel Workers: 8
 Concurrent Workers: 2
 Concurrent Refinement Workers: 8
 Periodic GC: Disabled

Heap:
 garbage-first heap   total 208896K, used 162150K [0x0000000080000000, 0x0000000100000000)
  region size 1024K, 3 young (3072K), 3 survivors (3072K)
 Metaspace       used 107857K, committed 108608K, reserved 1146880K
  class space    used 14375K, committed 14784K, reserved 1048576K

Heap Regions: E=young(eden), S=young(survivor), O=old, HS=humongous(starts), HC=humongous(continues), CS=collection set, F=free, OA=open archive, CA=closed archive, TAMS=top-at-mark-start (previous, next)
|   0|0x0000000080000000, 0x0000000080100000, 0x0000000080100000|100%|HS|  |TAMS 0x0000000080100000, 0x0000000080100000| Complete 
|   1|0x0000000080100000, 0x0000000080200000, 0x0000000080200000|100%|HC|  |TAMS 0x0000000080200000, 0x0000000080200000| Complete 
|   2|0x0000000080200000, 0x0000000080300000, 0x0000000080300000|100%|HC|  |TAMS 0x0000000080300000, 0x0000000080300000| Complete 
|   3|0x0000000080300000, 0x0000000080400000, 0x0000000080400000|100%|HC|  |TAMS 0x0000000080400000, 0x0000000080400000| Complete 
|   4|0x0000000080400000, 0x0000000080500000, 0x0000000080500000|100%| O|  |TAMS 0x0000000080500000, 0x0000000080500000| Untracked 
|   5|0x0000000080500000, 0x0000000080600000, 0x0000000080600000|100%| O|  |TAMS 0x0000000080600000, 0x0000000080600000| Untracked 
|   6|0x0000000080600000, 0x0000000080700000, 0x0000000080700000|100%| O|  |TAMS 0x0000000080700000, 0x0000000080700000| Untracked 
|   7|0x0000000080700000, 0x0000000080800000, 0x0000000080800000|100%| O|  |TAMS 0x0000000080800000, 0x0000000080800000| Untracked 
|   8|0x0000000080800000, 0x0000000080900000, 0x0000000080900000|100%| O|  |TAMS 0x0000000080900000, 0x0000000080900000| Untracked 
|   9|0x0000000080900000, 0x0000000080a00000, 0x0000000080a00000|100%| O|  |TAMS 0x0000000080a00000, 0x0000000080a00000| Untracked 
|  10|0x0000000080a00000, 0x0000000080b00000, 0x0000000080b00000|100%| O|  |TAMS 0x0000000080b00000, 0x0000000080b00000| Untracked 
|  11|0x0000000080b00000, 0x0000000080c00000, 0x0000000080c00000|100%| O|  |TAMS 0x0000000080c00000, 0x0000000080c00000| Untracked 
|  12|0x0000000080c00000, 0x0000000080d00000, 0x0000000080d00000|100%| O|  |TAMS 0x0000000080d00000, 0x0000000080d00000| Untracked 
|  13|0x0000000080d00000, 0x0000000080e00000, 0x0000000080e00000|100%| O|  |TAMS 0x0000000080e00000, 0x0000000080e00000| Untracked 
|  14|0x0000000080e00000, 0x0000000080f00000, 0x0000000080f00000|100%| O|  |TAMS 0x0000000080f00000, 0x0000000080f00000| Untracked 
|  15|0x0000000080f00000, 0x0000000081000000, 0x0000000081000000|100%| O|  |TAMS 0x0000000081000000, 0x0000000081000000| Untracked 
|  16|0x0000000081000000, 0x0000000081100000, 0x0000000081100000|100%| O|  |TAMS 0x0000000081100000, 0x0000000081100000| Untracked 
|  17|0x0000000081100000, 0x0000000081200000, 0x0000000081200000|100%| O|  |TAMS 0x0000000081200000, 0x0000000081200000| Untracked 
|  18|0x0000000081200000, 0x0000000081300000, 0x0000000081300000|100%| O|  |TAMS 0x0000000081300000, 0x0000000081300000| Untracked 
|  19|0x0000000081300000, 0x0000000081400000, 0x0000000081400000|100%| O|  |TAMS 0x0000000081400000, 0x0000000081400000| Untracked 
|  20|0x0000000081400000, 0x0000000081500000, 0x0000000081500000|100%| O|  |TAMS 0x0000000081400000, 0x0000000081500000| Untracked 
|  21|0x0000000081500000, 0x0000000081600000, 0x0000000081600000|100%| O|  |TAMS 0x0000000081600000, 0x0000000081600000| Untracked 
|  22|0x0000000081600000, 0x0000000081700000, 0x0000000081700000|100%| O|  |TAMS 0x0000000081700000, 0x0000000081700000| Untracked 
|  23|0x0000000081700000, 0x0000000081800000, 0x0000000081800000|100%| O|  |TAMS 0x0000000081800000, 0x0000000081800000| Untracked 
|  24|0x0000000081800000, 0x0000000081900000, 0x0000000081900000|100%| O|  |TAMS 0x0000000081900000, 0x0000000081900000| Untracked 
|  25|0x0000000081900000, 0x0000000081a00000, 0x0000000081a00000|100%| O|  |TAMS 0x0000000081a00000, 0x0000000081a00000| Untracked 
|  26|0x0000000081a00000, 0x0000000081b00000, 0x0000000081b00000|100%| O|  |TAMS 0x0000000081b00000, 0x0000000081b00000| Untracked 
|  27|0x0000000081b00000, 0x0000000081c00000, 0x0000000081c00000|100%| O|  |TAMS 0x0000000081c00000, 0x0000000081c00000| Untracked 
|  28|0x0000000081c00000, 0x0000000081d00000, 0x0000000081d00000|100%| O|  |TAMS 0x0000000081d00000, 0x0000000081d00000| Untracked 
|  29|0x0000000081d00000, 0x0000000081e00000, 0x0000000081e00000|100%| O|  |TAMS 0x0000000081e00000, 0x0000000081e00000| Untracked 
|  30|0x0000000081e00000, 0x0000000081f00000, 0x0000000081f00000|100%| O|  |TAMS 0x0000000081f00000, 0x0000000081f00000| Untracked 
|  31|0x0000000081f00000, 0x0000000082000000, 0x0000000082000000|100%| O|  |TAMS 0x0000000082000000, 0x0000000082000000| Untracked 
|  32|0x0000000082000000, 0x0000000082100000, 0x0000000082100000|100%|HS|  |TAMS 0x0000000082100000, 0x0000000082100000| Complete 
|  33|0x0000000082100000, 0x0000000082200000, 0x0000000082200000|100%|HS|  |TAMS 0x0000000082200000, 0x0000000082200000| Complete 
|  34|0x0000000082200000, 0x0000000082300000, 0x0000000082300000|100%|HS|  |TAMS 0x0000000082300000, 0x0000000082300000| Complete 
|  35|0x0000000082300000, 0x0000000082400000, 0x0000000082400000|100%|HC|  |TAMS 0x0000000082400000, 0x0000000082400000| Complete 
|  36|0x0000000082400000, 0x0000000082500000, 0x0000000082500000|100%| O|  |TAMS 0x0000000082500000, 0x0000000082500000| Untracked 
|  37|0x0000000082500000, 0x0000000082600000, 0x0000000082600000|100%| O|  |TAMS 0x0000000082600000, 0x0000000082600000| Untracked 
|  38|0x0000000082600000, 0x0000000082700000, 0x0000000082700000|100%| O|  |TAMS 0x0000000082700000, 0x0000000082700000| Untracked 
|  39|0x0000000082700000, 0x0000000082800000, 0x0000000082800000|100%| O|  |TAMS 0x0000000082800000, 0x0000000082800000| Untracked 
|  40|0x0000000082800000, 0x0000000082900000, 0x0000000082900000|100%|HS|  |TAMS 0x0000000082900000, 0x0000000082900000| Complete 
|  41|0x0000000082900000, 0x0000000082a00000, 0x0000000082a00000|100%| O|  |TAMS 0x0000000082900000, 0x0000000082a00000| Untracked 
|  42|0x0000000082a00000, 0x0000000082b00000, 0x0000000082b00000|100%| O|  |TAMS 0x0000000082b00000, 0x0000000082b00000| Untracked 
|  43|0x0000000082b00000, 0x0000000082c00000, 0x0000000082c00000|100%| O|  |TAMS 0x0000000082c00000, 0x0000000082c00000| Untracked 
|  44|0x0000000082c00000, 0x0000000082d00000, 0x0000000082d00000|100%|HS|  |TAMS 0x0000000082d00000, 0x0000000082d00000| Complete 
|  45|0x0000000082d00000, 0x0000000082e00000, 0x0000000082e00000|100%|HC|  |TAMS 0x0000000082e00000, 0x0000000082e00000| Complete 
|  46|0x0000000082e00000, 0x0000000082f00000, 0x0000000082f00000|100%|HC|  |TAMS 0x0000000082f00000, 0x0000000082f00000| Complete 
|  47|0x0000000082f00000, 0x0000000083000000, 0x0000000083000000|100%|HC|  |TAMS 0x0000000083000000, 0x0000000083000000| Complete 
|  48|0x0000000083000000, 0x0000000083100000, 0x0000000083100000|100%| O|  |TAMS 0x0000000083100000, 0x0000000083100000| Untracked 
|  49|0x0000000083100000, 0x0000000083200000, 0x0000000083200000|100%| O|  |TAMS 0x0000000083200000, 0x0000000083200000| Untracked 
|  50|0x0000000083200000, 0x0000000083300000, 0x0000000083300000|100%| O|  |TAMS 0x0000000083300000, 0x0000000083300000| Untracked 
|  51|0x0000000083300000, 0x0000000083400000, 0x0000000083400000|100%| O|  |TAMS 0x0000000083400000, 0x0000000083400000| Untracked 
|  52|0x0000000083400000, 0x0000000083500000, 0x0000000083500000|100%| O|  |TAMS 0x0000000083500000, 0x0000000083500000| Untracked 
|  53|0x0000000083500000, 0x0000000083600000, 0x0000000083600000|100%| O|  |TAMS 0x0000000083600000, 0x0000000083600000| Untracked 
|  54|0x0000000083600000, 0x0000000083700000, 0x0000000083700000|100%| O|  |TAMS 0x0000000083700000, 0x0000000083700000| Untracked 
|  55|0x0000000083700000, 0x0000000083800000, 0x0000000083800000|100%| O|  |TAMS 0x0000000083800000, 0x0000000083800000| Untracked 
|  56|0x0000000083800000, 0x0000000083900000, 0x0000000083900000|100%| O|  |TAMS 0x0000000083900000, 0x0000000083900000| Untracked 
|  57|0x0000000083900000, 0x0000000083a00000, 0x0000000083a00000|100%| O|  |TAMS 0x0000000083a00000, 0x0000000083a00000| Untracked 
|  58|0x0000000083a00000, 0x0000000083b00000, 0x0000000083b00000|100%| O|  |TAMS 0x0000000083b00000, 0x0000000083b00000| Untracked 
|  59|0x0000000083b00000, 0x0000000083c00000, 0x0000000083c00000|100%| O|  |TAMS 0x0000000083c00000, 0x0000000083c00000| Untracked 
|  60|0x0000000083c00000, 0x0000000083d00000, 0x0000000083d00000|100%| O|  |TAMS 0x0000000083d00000, 0x0000000083d00000| Untracked 
|  61|0x0000000083d00000, 0x0000000083e00000, 0x0000000083e00000|100%| O|  |TAMS 0x0000000083e00000, 0x0000000083e00000| Untracked 
|  62|0x0000000083e00000, 0x0000000083f00000, 0x0000000083f00000|100%| O|  |TAMS 0x0000000083f00000, 0x0000000083f00000| Untracked 
|  63|0x0000000083f00000, 0x0000000084000000, 0x0000000084000000|100%| O|  |TAMS 0x0000000084000000, 0x0000000084000000| Untracked 
|  64|0x0000000084000000, 0x0000000084100000, 0x0000000084100000|100%| O|  |TAMS 0x0000000084100000, 0x0000000084100000| Untracked 
|  65|0x0000000084100000, 0x0000000084200000, 0x0000000084200000|100%| O|  |TAMS 0x0000000084200000, 0x0000000084200000| Untracked 
|  66|0x0000000084200000, 0x0000000084300000, 0x0000000084300000|100%| O|  |TAMS 0x0000000084300000, 0x0000000084300000| Untracked 
|  67|0x0000000084300000, 0x0000000084400000, 0x0000000084400000|100%| O|  |TAMS 0x0000000084400000, 0x0000000084400000| Untracked 
|  68|0x0000000084400000, 0x0000000084500000, 0x0000000084500000|100%| O|  |TAMS 0x0000000084500000, 0x0000000084500000| Untracked 
|  69|0x0000000084500000, 0x0000000084600000, 0x0000000084600000|100%| O|  |TAMS 0x0000000084600000, 0x0000000084600000| Untracked 
|  70|0x0000000084600000, 0x0000000084700000, 0x0000000084700000|100%| O|  |TAMS 0x0000000084620800, 0x0000000084700000| Untracked 
|  71|0x0000000084700000, 0x0000000084800000, 0x0000000084800000|100%| O|  |TAMS 0x0000000084700000, 0x0000000084800000| Untracked 
|  72|0x0000000084800000, 0x0000000084900000, 0x0000000084900000|100%| O|  |TAMS 0x0000000084800000, 0x0000000084900000| Untracked 
|  73|0x0000000084900000, 0x0000000084a00000, 0x0000000084a00000|100%| O|  |TAMS 0x0000000084900000, 0x0000000084a00000| Untracked 
|  74|0x0000000084a00000, 0x0000000084b00000, 0x0000000084b00000|100%| O|  |TAMS 0x0000000084a00000, 0x0000000084b00000| Untracked 
|  75|0x0000000084b00000, 0x0000000084c00000, 0x0000000084c00000|100%| O|  |TAMS 0x0000000084b00000, 0x0000000084c00000| Untracked 
|  76|0x0000000084c00000, 0x0000000084d00000, 0x0000000084d00000|100%| O|  |TAMS 0x0000000084c00000, 0x0000000084d00000| Untracked 
|  77|0x0000000084d00000, 0x0000000084e00000, 0x0000000084e00000|100%| O|  |TAMS 0x0000000084d00000, 0x0000000084e00000| Untracked 
|  78|0x0000000084e00000, 0x0000000084f00000, 0x0000000084f00000|100%| O|  |TAMS 0x0000000084e00000, 0x0000000084f00000| Untracked 
|  79|0x0000000084f00000, 0x0000000085000000, 0x0000000085000000|100%| O|  |TAMS 0x0000000084f00000, 0x0000000085000000| Untracked 
|  80|0x0000000085000000, 0x0000000085100000, 0x0000000085100000|100%| O|  |TAMS 0x0000000085000000, 0x0000000085100000| Untracked 
|  81|0x0000000085100000, 0x0000000085200000, 0x0000000085200000|100%| O|  |TAMS 0x0000000085100000, 0x0000000085200000| Untracked 
|  82|0x0000000085200000, 0x0000000085300000, 0x0000000085300000|100%| O|  |TAMS 0x0000000085200000, 0x0000000085300000| Untracked 
|  83|0x0000000085300000, 0x0000000085400000, 0x0000000085400000|100%| O|  |TAMS 0x0000000085300000, 0x0000000085400000| Untracked 
|  84|0x0000000085400000, 0x0000000085500000, 0x0000000085500000|100%| O|  |TAMS 0x0000000085400000, 0x0000000085500000| Untracked 
|  85|0x0000000085500000, 0x0000000085600000, 0x0000000085600000|100%| O|  |TAMS 0x0000000085500000, 0x0000000085600000| Untracked 
|  86|0x0000000085600000, 0x0000000085700000, 0x0000000085700000|100%| O|  |TAMS 0x0000000085600000, 0x0000000085700000| Untracked 
|  87|0x0000000085700000, 0x0000000085800000, 0x0000000085800000|100%| O|  |TAMS 0x0000000085700000, 0x0000000085800000| Untracked 
|  88|0x0000000085800000, 0x0000000085900000, 0x0000000085900000|100%| O|  |TAMS 0x0000000085800000, 0x0000000085900000| Untracked 
|  89|0x0000000085900000, 0x0000000085a00000, 0x0000000085a00000|100%| O|  |TAMS 0x0000000085900000, 0x0000000085a00000| Untracked 
|  90|0x0000000085a00000, 0x0000000085b00000, 0x0000000085b00000|100%| O|  |TAMS 0x0000000085a00000, 0x0000000085b00000| Untracked 
|  91|0x0000000085b00000, 0x0000000085c00000, 0x0000000085c00000|100%| O|  |TAMS 0x0000000085b00000, 0x0000000085c00000| Untracked 
|  92|0x0000000085c00000, 0x0000000085d00000, 0x0000000085d00000|100%| O|  |TAMS 0x0000000085c00000, 0x0000000085d00000| Untracked 
|  93|0x0000000085d00000, 0x0000000085e00000, 0x0000000085e00000|100%| O|  |TAMS 0x0000000085d00000, 0x0000000085e00000| Untracked 
|  94|0x0000000085e00000, 0x0000000085f00000, 0x0000000085f00000|100%| O|  |TAMS 0x0000000085e00000, 0x0000000085f00000| Untracked 
|  95|0x0000000085f00000, 0x0000000086000000, 0x0000000086000000|100%| O|  |TAMS 0x0000000085f00000, 0x0000000086000000| Untracked 
|  96|0x0000000086000000, 0x0000000086100000, 0x0000000086100000|100%| O|  |TAMS 0x0000000086000000, 0x0000000086100000| Untracked 
|  97|0x0000000086100000, 0x0000000086200000, 0x0000000086200000|100%| O|  |TAMS 0x0000000086100000, 0x0000000086200000| Untracked 
|  98|0x0000000086200000, 0x0000000086300000, 0x0000000086300000|100%| O|  |TAMS 0x0000000086200000, 0x0000000086300000| Untracked 
|  99|0x0000000086300000, 0x0000000086400000, 0x0000000086400000|100%| O|  |TAMS 0x0000000086300000, 0x0000000086400000| Untracked 
| 100|0x0000000086400000, 0x0000000086500000, 0x0000000086500000|100%| O|  |TAMS 0x0000000086400000, 0x0000000086500000| Untracked 
| 101|0x0000000086500000, 0x0000000086600000, 0x0000000086600000|100%| O|  |TAMS 0x0000000086500000, 0x0000000086600000| Untracked 
| 102|0x0000000086600000, 0x0000000086700000, 0x0000000086700000|100%| O|  |TAMS 0x0000000086600000, 0x0000000086700000| Untracked 
| 103|0x0000000086700000, 0x0000000086800000, 0x0000000086800000|100%| O|  |TAMS 0x0000000086700000, 0x0000000086800000| Untracked 
| 104|0x0000000086800000, 0x0000000086900000, 0x0000000086900000|100%| O|  |TAMS 0x0000000086800000, 0x0000000086900000| Untracked 
| 105|0x0000000086900000, 0x0000000086a00000, 0x0000000086a00000|100%| O|  |TAMS 0x0000000086900000, 0x0000000086a00000| Untracked 
| 106|0x0000000086a00000, 0x0000000086b00000, 0x0000000086b00000|100%| O|  |TAMS 0x0000000086a00000, 0x0000000086b00000| Untracked 
| 107|0x0000000086b00000, 0x0000000086c00000, 0x0000000086c00000|100%| O|  |TAMS 0x0000000086b00000, 0x0000000086c00000| Untracked 
| 108|0x0000000086c00000, 0x0000000086d00000, 0x0000000086d00000|100%| O|  |TAMS 0x0000000086c00000, 0x0000000086d00000| Untracked 
| 109|0x0000000086d00000, 0x0000000086e00000, 0x0000000086e00000|100%| O|  |TAMS 0x0000000086d00000, 0x0000000086e00000| Untracked 
| 110|0x0000000086e00000, 0x0000000086f00000, 0x0000000086f00000|100%| O|  |TAMS 0x0000000086e00000, 0x0000000086f00000| Untracked 
| 111|0x0000000086f00000, 0x0000000087000000, 0x0000000087000000|100%| O|  |TAMS 0x0000000086f00000, 0x0000000087000000| Untracked 
| 112|0x0000000087000000, 0x0000000087100000, 0x0000000087100000|100%| O|  |TAMS 0x0000000087000000, 0x0000000087100000| Untracked 
| 113|0x0000000087100000, 0x0000000087200000, 0x0000000087200000|100%| O|  |TAMS 0x0000000087100000, 0x0000000087200000| Untracked 
| 114|0x0000000087200000, 0x0000000087300000, 0x0000000087300000|100%| O|  |TAMS 0x0000000087200000, 0x0000000087300000| Untracked 
| 115|0x0000000087300000, 0x0000000087400000, 0x0000000087400000|100%| O|  |TAMS 0x0000000087300000, 0x0000000087400000| Untracked 
| 116|0x0000000087400000, 0x0000000087500000, 0x0000000087500000|100%| O|  |TAMS 0x0000000087400000, 0x0000000087500000| Untracked 
| 117|0x0000000087500000, 0x0000000087600000, 0x0000000087600000|100%| O|  |TAMS 0x0000000087500000, 0x0000000087600000| Untracked 
| 118|0x0000000087600000, 0x0000000087700000, 0x0000000087700000|100%| O|  |TAMS 0x0000000087600000, 0x0000000087700000| Untracked 
| 119|0x0000000087700000, 0x0000000087800000, 0x0000000087800000|100%| O|  |TAMS 0x0000000087700000, 0x0000000087800000| Untracked 
| 120|0x0000000087800000, 0x0000000087900000, 0x0000000087900000|100%| O|  |TAMS 0x0000000087800000, 0x0000000087900000| Untracked 
| 121|0x0000000087900000, 0x0000000087a00000, 0x0000000087a00000|100%| O|  |TAMS 0x0000000087900000, 0x0000000087a00000| Untracked 
| 122|0x0000000087a00000, 0x0000000087b00000, 0x0000000087b00000|100%| O|  |TAMS 0x0000000087a00000, 0x0000000087b00000| Untracked 
| 123|0x0000000087b00000, 0x0000000087c00000, 0x0000000087c00000|100%| O|  |TAMS 0x0000000087b00000, 0x0000000087c00000| Untracked 
| 124|0x0000000087c00000, 0x0000000087d00000, 0x0000000087d00000|100%| O|  |TAMS 0x0000000087c00000, 0x0000000087d00000| Untracked 
| 125|0x0000000087d00000, 0x0000000087e00000, 0x0000000087e00000|100%| O|  |TAMS 0x0000000087d00000, 0x0000000087e00000| Untracked 
| 126|0x0000000087e00000, 0x0000000087f00000, 0x0000000087f00000|100%| O|  |TAMS 0x0000000087e00000, 0x0000000087f00000| Untracked 
| 127|0x0000000087f00000, 0x0000000088000000, 0x0000000088000000|100%| O|  |TAMS 0x0000000087f00000, 0x0000000088000000| Untracked 
| 128|0x0000000088000000, 0x0000000088100000, 0x0000000088100000|100%| O|  |TAMS 0x0000000088000000, 0x0000000088100000| Untracked 
| 129|0x0000000088100000, 0x0000000088200000, 0x0000000088200000|100%| O|  |TAMS 0x0000000088100000, 0x0000000088200000| Untracked 
| 130|0x0000000088200000, 0x0000000088300000, 0x0000000088300000|100%| O|  |TAMS 0x0000000088200000, 0x0000000088300000| Untracked 
| 131|0x0000000088300000, 0x0000000088400000, 0x0000000088400000|100%| O|  |TAMS 0x0000000088300000, 0x0000000088400000| Untracked 
| 132|0x0000000088400000, 0x0000000088500000, 0x0000000088500000|100%| O|  |TAMS 0x0000000088400000, 0x0000000088500000| Untracked 
| 133|0x0000000088500000, 0x0000000088600000, 0x0000000088600000|100%| O|  |TAMS 0x0000000088500000, 0x0000000088600000| Untracked 
| 134|0x0000000088600000, 0x0000000088700000, 0x0000000088700000|100%| O|  |TAMS 0x0000000088600000, 0x000000008869ce00| Untracked 
| 135|0x0000000088700000, 0x0000000088800000, 0x0000000088800000|100%| O|  |TAMS 0x0000000088700000, 0x0000000088700000| Untracked 
| 136|0x0000000088800000, 0x0000000088900000, 0x0000000088900000|100%| O|  |TAMS 0x0000000088800000, 0x0000000088800000| Untracked 
| 137|0x0000000088900000, 0x0000000088a00000, 0x0000000088a00000|100%| O|  |TAMS 0x0000000088900000, 0x0000000088900000| Untracked 
| 138|0x0000000088a00000, 0x0000000088b00000, 0x0000000088b00000|100%| O|  |TAMS 0x0000000088a00000, 0x0000000088a00000| Untracked 
| 139|0x0000000088b00000, 0x0000000088c00000, 0x0000000088c00000|100%| O|  |TAMS 0x0000000088b00000, 0x0000000088b00000| Untracked 
| 140|0x0000000088c00000, 0x0000000088d00000, 0x0000000088d00000|100%| O|  |TAMS 0x0000000088c00000, 0x0000000088c00000| Untracked 
| 141|0x0000000088d00000, 0x0000000088e00000, 0x0000000088e00000|100%| O|  |TAMS 0x0000000088d00000, 0x0000000088d00000| Untracked 
| 142|0x0000000088e00000, 0x0000000088f00000, 0x0000000088f00000|100%| O|  |TAMS 0x0000000088e00000, 0x0000000088e00000| Untracked 
| 143|0x0000000088f00000, 0x0000000089000000, 0x0000000089000000|100%| O|  |TAMS 0x0000000088f00000, 0x0000000088f00000| Untracked 
| 144|0x0000000089000000, 0x0000000089100000, 0x0000000089100000|100%| O|  |TAMS 0x0000000089000000, 0x0000000089000000| Untracked 
| 145|0x0000000089100000, 0x0000000089200000, 0x0000000089200000|100%| O|  |TAMS 0x0000000089100000, 0x0000000089100000| Untracked 
| 146|0x0000000089200000, 0x0000000089300000, 0x0000000089300000|100%| O|  |TAMS 0x0000000089200000, 0x0000000089200000| Untracked 
| 147|0x0000000089300000, 0x0000000089400000, 0x0000000089400000|100%| O|  |TAMS 0x0000000089300000, 0x0000000089300000| Untracked 
| 148|0x0000000089400000, 0x0000000089459800, 0x0000000089500000| 34%| O|  |TAMS 0x0000000089400000, 0x0000000089400000| Untracked 
| 149|0x0000000089500000, 0x0000000089500000, 0x0000000089600000|  0%| F|  |TAMS 0x0000000089500000, 0x0000000089500000| Untracked 
| 150|0x0000000089600000, 0x0000000089600000, 0x0000000089700000|  0%| F|  |TAMS 0x0000000089600000, 0x0000000089600000| Untracked 
| 151|0x0000000089700000, 0x0000000089700000, 0x0000000089800000|  0%| F|  |TAMS 0x0000000089700000, 0x0000000089700000| Untracked 
| 152|0x0000000089800000, 0x0000000089800000, 0x0000000089900000|  0%| F|  |TAMS 0x0000000089800000, 0x0000000089800000| Untracked 
| 153|0x0000000089900000, 0x0000000089900000, 0x0000000089a00000|  0%| F|  |TAMS 0x0000000089900000, 0x0000000089900000| Untracked 
| 154|0x0000000089a00000, 0x0000000089a00000, 0x0000000089b00000|  0%| F|  |TAMS 0x0000000089a00000, 0x0000000089a00000| Untracked 
| 155|0x0000000089b00000, 0x0000000089b00000, 0x0000000089c00000|  0%| F|  |TAMS 0x0000000089b00000, 0x0000000089b00000| Untracked 
| 156|0x0000000089c00000, 0x0000000089c00000, 0x0000000089d00000|  0%| F|  |TAMS 0x0000000089c00000, 0x0000000089c00000| Untracked 
| 157|0x0000000089d00000, 0x0000000089d00000, 0x0000000089e00000|  0%| F|  |TAMS 0x0000000089d00000, 0x0000000089d00000| Untracked 
| 158|0x0000000089e00000, 0x0000000089f00000, 0x0000000089f00000|100%| O|  |TAMS 0x0000000089e00000, 0x0000000089e00000| Untracked 
| 159|0x0000000089f00000, 0x000000008a000000, 0x000000008a000000|100%| O|  |TAMS 0x0000000089f00000, 0x0000000089f00000| Untracked 
| 160|0x000000008a000000, 0x000000008a100000, 0x000000008a100000|100%| O|  |TAMS 0x000000008a000000, 0x000000008a000000| Untracked 
| 161|0x000000008a100000, 0x000000008a200000, 0x000000008a200000|100%| O|  |TAMS 0x000000008a100000, 0x000000008a100000| Untracked 
| 162|0x000000008a200000, 0x000000008a300000, 0x000000008a300000|100%| O|  |TAMS 0x000000008a200000, 0x000000008a200000| Untracked 
| 163|0x000000008a300000, 0x000000008a400000, 0x000000008a400000|100%| O|  |TAMS 0x000000008a300000, 0x000000008a300000| Untracked 
| 164|0x000000008a400000, 0x000000008a500000, 0x000000008a500000|100%| O|  |TAMS 0x000000008a400000, 0x000000008a400000| Untracked 
| 165|0x000000008a500000, 0x000000008a500000, 0x000000008a600000|  0%| F|  |TAMS 0x000000008a500000, 0x000000008a500000| Untracked 
| 166|0x000000008a600000, 0x000000008a600000, 0x000000008a700000|  0%| F|  |TAMS 0x000000008a600000, 0x000000008a600000| Untracked 
| 167|0x000000008a700000, 0x000000008a700000, 0x000000008a800000|  0%| F|  |TAMS 0x000000008a700000, 0x000000008a700000| Untracked 
| 168|0x000000008a800000, 0x000000008a800000, 0x000000008a900000|  0%| F|  |TAMS 0x000000008a800000, 0x000000008a800000| Untracked 
| 169|0x000000008a900000, 0x000000008a900000, 0x000000008aa00000|  0%| F|  |TAMS 0x000000008a900000, 0x000000008a900000| Untracked 
| 170|0x000000008aa00000, 0x000000008aa00000, 0x000000008ab00000|  0%| F|  |TAMS 0x000000008aa00000, 0x000000008aa00000| Untracked 
| 171|0x000000008ab00000, 0x000000008ab00000, 0x000000008ac00000|  0%| F|  |TAMS 0x000000008ab00000, 0x000000008ab00000| Untracked 
| 172|0x000000008ac00000, 0x000000008ac00000, 0x000000008ad00000|  0%| F|  |TAMS 0x000000008ac00000, 0x000000008ac00000| Untracked 
| 173|0x000000008ad00000, 0x000000008ad00000, 0x000000008ae00000|  0%| F|  |TAMS 0x000000008ad00000, 0x000000008ad00000| Untracked 
| 174|0x000000008ae00000, 0x000000008ae00000, 0x000000008af00000|  0%| F|  |TAMS 0x000000008ae00000, 0x000000008ae00000| Untracked 
| 175|0x000000008af00000, 0x000000008af00000, 0x000000008b000000|  0%| F|  |TAMS 0x000000008af00000, 0x000000008af00000| Untracked 
| 176|0x000000008b000000, 0x000000008b000000, 0x000000008b100000|  0%| F|  |TAMS 0x000000008b000000, 0x000000008b000000| Untracked 
| 177|0x000000008b100000, 0x000000008b100000, 0x000000008b200000|  0%| F|  |TAMS 0x000000008b100000, 0x000000008b100000| Untracked 
| 178|0x000000008b200000, 0x000000008b200000, 0x000000008b300000|  0%| F|  |TAMS 0x000000008b200000, 0x000000008b200000| Untracked 
| 179|0x000000008b300000, 0x000000008b300000, 0x000000008b400000|  0%| F|  |TAMS 0x000000008b300000, 0x000000008b300000| Untracked 
| 180|0x000000008b400000, 0x000000008b400000, 0x000000008b500000|  0%| F|  |TAMS 0x000000008b400000, 0x000000008b400000| Untracked 
| 181|0x000000008b500000, 0x000000008b500000, 0x000000008b600000|  0%| F|  |TAMS 0x000000008b500000, 0x000000008b500000| Untracked 
| 182|0x000000008b600000, 0x000000008b600000, 0x000000008b700000|  0%| F|  |TAMS 0x000000008b600000, 0x000000008b600000| Untracked 
| 183|0x000000008b700000, 0x000000008b700000, 0x000000008b800000|  0%| F|  |TAMS 0x000000008b700000, 0x000000008b700000| Untracked 
| 184|0x000000008b800000, 0x000000008b900000, 0x000000008b900000|100%| S|CS|TAMS 0x000000008b800000, 0x000000008b800000| Complete 
| 185|0x000000008b900000, 0x000000008ba00000, 0x000000008ba00000|100%| S|CS|TAMS 0x000000008b900000, 0x000000008b900000| Complete 
| 186|0x000000008ba00000, 0x000000008bb00000, 0x000000008bb00000|100%| S|CS|TAMS 0x000000008ba00000, 0x000000008ba00000| Complete 
| 187|0x000000008bb00000, 0x000000008bb00000, 0x000000008bc00000|  0%| F|  |TAMS 0x000000008bb00000, 0x000000008bb00000| Untracked 
| 188|0x000000008bc00000, 0x000000008bc00000, 0x000000008bd00000|  0%| F|  |TAMS 0x000000008bc00000, 0x000000008bc00000| Untracked 
| 189|0x000000008bd00000, 0x000000008bd00000, 0x000000008be00000|  0%| F|  |TAMS 0x000000008bd00000, 0x000000008bd00000| Untracked 
| 190|0x000000008be00000, 0x000000008be00000, 0x000000008bf00000|  0%| F|  |TAMS 0x000000008be00000, 0x000000008be00000| Untracked 
| 191|0x000000008bf00000, 0x000000008bf00000, 0x000000008c000000|  0%| F|  |TAMS 0x000000008bf00000, 0x000000008bf00000| Untracked 
| 192|0x000000008c000000, 0x000000008c000000, 0x000000008c100000|  0%| F|  |TAMS 0x000000008c000000, 0x000000008c000000| Untracked 
| 193|0x000000008c100000, 0x000000008c100000, 0x000000008c200000|  0%| F|  |TAMS 0x000000008c100000, 0x000000008c100000| Untracked 
| 194|0x000000008c200000, 0x000000008c200000, 0x000000008c300000|  0%| F|  |TAMS 0x000000008c200000, 0x000000008c200000| Untracked 
| 195|0x000000008c300000, 0x000000008c300000, 0x000000008c400000|  0%| F|  |TAMS 0x000000008c300000, 0x000000008c300000| Untracked 
| 196|0x000000008c400000, 0x000000008c400000, 0x000000008c500000|  0%| F|  |TAMS 0x000000008c400000, 0x000000008c400000| Untracked 
| 197|0x000000008c500000, 0x000000008c500000, 0x000000008c600000|  0%| F|  |TAMS 0x000000008c500000, 0x000000008c500000| Untracked 
| 198|0x000000008c600000, 0x000000008c600000, 0x000000008c700000|  0%| F|  |TAMS 0x000000008c600000, 0x000000008c600000| Untracked 
| 199|0x000000008c700000, 0x000000008c700000, 0x000000008c800000|  0%| F|  |TAMS 0x000000008c700000, 0x000000008c700000| Untracked 
| 200|0x000000008c800000, 0x000000008c800000, 0x000000008c900000|  0%| F|  |TAMS 0x000000008c800000, 0x000000008c800000| Untracked 
| 201|0x000000008c900000, 0x000000008c900000, 0x000000008ca00000|  0%| F|  |TAMS 0x000000008c900000, 0x000000008c900000| Untracked 
| 202|0x000000008ca00000, 0x000000008ca00000, 0x000000008cb00000|  0%| F|  |TAMS 0x000000008ca00000, 0x000000008ca00000| Untracked 
| 203|0x000000008cb00000, 0x000000008cb00000, 0x000000008cc00000|  0%| F|  |TAMS 0x000000008cb00000, 0x000000008cb00000| Untracked 

Card table byte_map: [0x00000191f8020000,0x00000191f8420000] _byte_map_base: 0x00000191f7c20000

Marking Bits (Prev, Next): (CMBitMap*) 0x00000191e54884a0, (CMBitMap*) 0x00000191e54884e0
 Prev Bits: [0x00000191f8820000, 0x00000191fa820000)
 Next Bits: [0x00000191fa820000, 0x00000191fc820000)

Polling page: 0x00000191e33a0000

Metaspace:

Usage:
  Non-class:     91.29 MB used.
      Class:     14.04 MB used.
       Both:    105.33 MB used.

Virtual space:
  Non-class space:       96.00 MB reserved,      91.62 MB ( 95%) committed,  12 nodes.
      Class space:        1.00 GB reserved,      14.44 MB (  1%) committed,  1 nodes.
             Both:        1.09 GB reserved,     106.06 MB (  9%) committed. 

Chunk freelists:
   Non-Class:  3.81 MB
       Class:  1.61 MB
        Both:  5.42 MB

MaxMetaspaceSize: unlimited
CompressedClassSpaceSize: 1.00 GB
Initial GC threshold: 21.00 MB
Current GC threshold: 139.62 MB
CDS: off
MetaspaceReclaimPolicy: balanced
 - commit_granule_bytes: 65536.
 - commit_granule_words: 8192.
 - virtual_space_node_default_size: 1048576.
 - enlarge_chunks_in_place: 1.
 - new_chunks_are_fully_committed: 0.
 - uncommit_free_chunks: 1.
 - use_allocation_guard: 0.
 - handle_deallocations: 1.


Internal statistics:

num_allocs_failed_limit: 6.
num_arena_births: 1094.
num_arena_deaths: 0.
num_vsnodes_births: 13.
num_vsnodes_deaths: 0.
num_space_committed: 1696.
num_space_uncommitted: 0.
num_chunks_returned_to_freelist: 6.
num_chunks_taken_from_freelist: 5155.
num_chunk_merges: 6.
num_chunk_splits: 3396.
num_chunks_enlarged: 2291.
num_purges: 0.
num_inconsistent_stats: 0.

CodeHeap 'non-profiled nmethods': size=120000Kb used=8380Kb max_used=8380Kb free=111619Kb
 bounds [0x00000191f03c0000, 0x00000191f0bf0000, 0x00000191f78f0000]
CodeHeap 'profiled nmethods': size=120000Kb used=22595Kb max_used=23170Kb free=97404Kb
 bounds [0x00000191e88f0000, 0x00000191e9fa0000, 0x00000191efe20000]
CodeHeap 'non-nmethods': size=5760Kb used=2419Kb max_used=2473Kb free=3340Kb
 bounds [0x00000191efe20000, 0x00000191f0090000, 0x00000191f03c0000]
 total_blobs=12944 nmethods=11997 adapters=859
 compilation: enabled
              stopped_count=0, restarted_count=0
 full_count=0

Compilation events (20 events):
Event: 33.593 Thread 0x0000019184582a10 14370       4       com.android.ide.common.symbols.Symbol$BasicNormalSymbol::hashCode (23 bytes)
Event: 33.593 Thread 0x00000191ffc37750 14371       4       com.google.common.collect.MapMakerInternalMap$Segment::getEntry (80 bytes)
Event: 33.594 Thread 0x00000191ffc38050 14373       3       com.google.common.collect.ImmutableList$Builder::add (34 bytes)
Event: 33.594 Thread 0x00000191ffc38050 nmethod 14373 0x00000191e8970b90 code [0x00000191e8970d60, 0x00000191e89711b8]
Event: 33.594 Thread 0x00000191ffc38050 14374       3       com.google.common.collect.ImmutableList$Builder::getReadyToExpandTo (66 bytes)
Event: 33.595 Thread 0x00000191ffc38050 nmethod 14374 0x00000191e9b94210 code [0x00000191e9b94400, 0x00000191e9b94848]
Event: 33.595 Thread 0x00000191ffc38050 14377       3       com.google.common.collect.ImmutableList::<init> (5 bytes)
Event: 33.595 Thread 0x00000191ffc38050 nmethod 14377 0x00000191e9b93d10 code [0x00000191e9b93ec0, 0x00000191e9b940f8]
Event: 33.595 Thread 0x00000191ffc38050 14376       1       com.android.ide.common.symbols.Symbol$BasicStyleableSymbol::getName (5 bytes)
Event: 33.595 Thread 0x00000191ffc38050 nmethod 14376 0x00000191f0bedc90 code [0x00000191f0bede20, 0x00000191f0bedef8]
Event: 33.595 Thread 0x00000191ffc38050 14378       3       com.google.common.collect.ImmutableCollection$Builder::expandedCapacity (45 bytes)
Event: 33.595 Thread 0x00000191ffc38050 nmethod 14378 0x00000191e9b93410 code [0x00000191e9b935e0, 0x00000191e9b938f8]
Event: 33.596 Thread 0x00000191ffc37750 nmethod 14371 0x00000191f0bedf90 code [0x00000191f0bee120, 0x00000191f0bee318]
Event: 33.596 Thread 0x00000191ffc37750 14375       4       com.google.common.collect.RegularImmutableList::get (7 bytes)
Event: 33.596 Thread 0x0000019184582a10 nmethod 14370 0x00000191f0bee690 code [0x00000191f0bee820, 0x00000191f0beead8]
Event: 33.596 Thread 0x0000019184582a10 14372       4       com.google.common.collect.Tables::immutableCell (11 bytes)
Event: 33.596 Thread 0x00000191ffc37750 nmethod 14375 0x00000191f0beed10 code [0x00000191f0beee80, 0x00000191f0beef38]
Event: 33.596 Thread 0x00000191ffc37750 14381       4       com.google.common.collect.ImmutableSet$RegularSetBuilderImpl::insertInHashTable (125 bytes)
Event: 33.597 Thread 0x0000019184582a10 nmethod 14372 0x00000191f0bef010 code [0x00000191f0bef180, 0x00000191f0bef258]
Event: 33.597 Thread 0x0000019184582a10 14379       4       com.google.common.collect.ImmutableSet$RegularSetBuilderImpl::add (68 bytes)

GC Heap History (20 events):
Event: 29.455 GC heap after
{Heap after GC invocations=53 (full 0):
 garbage-first heap   total 208896K, used 115735K [0x0000000080000000, 0x0000000100000000)
  region size 1024K, 5 young (5120K), 5 survivors (5120K)
 Metaspace       used 99660K, committed 100416K, reserved 1138688K
  class space    used 13357K, committed 13696K, reserved 1048576K
}
Event: 30.340 GC heap before
{Heap before GC invocations=53 (full 0):
 garbage-first heap   total 208896K, used 167959K [0x0000000080000000, 0x0000000100000000)
  region size 1024K, 54 young (55296K), 5 survivors (5120K)
 Metaspace       used 102403K, committed 103040K, reserved 1138688K
  class space    used 13722K, committed 14016K, reserved 1048576K
}
Event: 30.351 GC heap after
{Heap after GC invocations=54 (full 0):
 garbage-first heap   total 208896K, used 136621K [0x0000000080000000, 0x0000000100000000)
  region size 1024K, 7 young (7168K), 7 survivors (7168K)
 Metaspace       used 102403K, committed 103040K, reserved 1138688K
  class space    used 13722K, committed 14016K, reserved 1048576K
}
Event: 31.497 GC heap before
{Heap before GC invocations=54 (full 0):
 garbage-first heap   total 208896K, used 160173K [0x0000000080000000, 0x0000000100000000)
  region size 1024K, 31 young (31744K), 7 survivors (7168K)
 Metaspace       used 104712K, committed 105408K, reserved 1146880K
  class space    used 14026K, committed 14336K, reserved 1048576K
}
Event: 31.502 GC heap after
{Heap after GC invocations=55 (full 0):
 garbage-first heap   total 208896K, used 139841K [0x0000000080000000, 0x0000000100000000)
  region size 1024K, 2 young (2048K), 2 survivors (2048K)
 Metaspace       used 104712K, committed 105408K, reserved 1146880K
  class space    used 14026K, committed 14336K, reserved 1048576K
}
Event: 31.676 GC heap before
{Heap before GC invocations=55 (full 0):
 garbage-first heap   total 208896K, used 176705K [0x0000000080000000, 0x0000000100000000)
  region size 1024K, 17 young (17408K), 2 survivors (2048K)
 Metaspace       used 105068K, committed 105792K, reserved 1146880K
  class space    used 14057K, committed 14400K, reserved 1048576K
}
Event: 31.682 GC heap after
{Heap after GC invocations=56 (full 0):
 garbage-first heap   total 208896K, used 154023K [0x0000000080000000, 0x0000000100000000)
  region size 1024K, 4 young (4096K), 4 survivors (4096K)
 Metaspace       used 105068K, committed 105792K, reserved 1146880K
  class space    used 14057K, committed 14400K, reserved 1048576K
}
Event: 32.252 GC heap before
{Heap before GC invocations=56 (full 0):
 garbage-first heap   total 208896K, used 172455K [0x0000000080000000, 0x0000000100000000)
  region size 1024K, 18 young (18432K), 4 survivors (4096K)
 Metaspace       used 106897K, committed 107712K, reserved 1146880K
  class space    used 14267K, committed 14656K, reserved 1048576K
}
Event: 32.261 GC heap after
{Heap after GC invocations=57 (full 0):
 garbage-first heap   total 208896K, used 150182K [0x0000000080000000, 0x0000000100000000)
  region size 1024K, 1 young (1024K), 1 survivors (1024K)
 Metaspace       used 106897K, committed 107712K, reserved 1146880K
  class space    used 14267K, committed 14656K, reserved 1048576K
}
Event: 32.569 GC heap before
{Heap before GC invocations=57 (full 0):
 garbage-first heap   total 208896K, used 168614K [0x0000000080000000, 0x0000000100000000)
  region size 1024K, 20 young (20480K), 1 survivors (1024K)
 Metaspace       used 107373K, committed 108160K, reserved 1146880K
  class space    used 14316K, committed 14720K, reserved 1048576K
}
Event: 32.572 GC heap after
{Heap after GC invocations=58 (full 0):
 garbage-first heap   total 208896K, used 152811K [0x0000000080000000, 0x0000000100000000)
  region size 1024K, 3 young (3072K), 3 survivors (3072K)
 Metaspace       used 107373K, committed 108160K, reserved 1146880K
  class space    used 14316K, committed 14720K, reserved 1048576K
}
Event: 33.049 GC heap before
{Heap before GC invocations=58 (full 0):
 garbage-first heap   total 208896K, used 171243K [0x0000000080000000, 0x0000000100000000)
  region size 1024K, 22 young (22528K), 3 survivors (3072K)
 Metaspace       used 107609K, committed 108352K, reserved 1146880K
  class space    used 14344K, committed 14720K, reserved 1048576K
}
Event: 33.055 GC heap after
{Heap after GC invocations=59 (full 0):
 garbage-first heap   total 208896K, used 154802K [0x0000000080000000, 0x0000000100000000)
  region size 1024K, 3 young (3072K), 3 survivors (3072K)
 Metaspace       used 107609K, committed 108352K, reserved 1146880K
  class space    used 14344K, committed 14720K, reserved 1048576K
}
Event: 33.333 GC heap before
{Heap before GC invocations=59 (full 0):
 garbage-first heap   total 208896K, used 173234K [0x0000000080000000, 0x0000000100000000)
  region size 1024K, 22 young (22528K), 3 survivors (3072K)
 Metaspace       used 107681K, committed 108416K, reserved 1146880K
  class space    used 14346K, committed 14720K, reserved 1048576K
}
Event: 33.339 GC heap after
{Heap after GC invocations=60 (full 0):
 garbage-first heap   total 208896K, used 156461K [0x0000000080000000, 0x0000000100000000)
  region size 1024K, 3 young (3072K), 3 survivors (3072K)
 Metaspace       used 107681K, committed 108416K, reserved 1146880K
  class space    used 14346K, committed 14720K, reserved 1048576K
}
Event: 33.443 GC heap before
{Heap before GC invocations=60 (full 0):
 garbage-first heap   total 208896K, used 173869K [0x0000000080000000, 0x0000000100000000)
  region size 1024K, 21 young (21504K), 3 survivors (3072K)
 Metaspace       used 107696K, committed 108416K, reserved 1146880K
  class space    used 14347K, committed 14720K, reserved 1048576K
}
Event: 33.446 GC heap after
{Heap after GC invocations=61 (full 0):
 garbage-first heap   total 208896K, used 158161K [0x0000000080000000, 0x0000000100000000)
  region size 1024K, 3 young (3072K), 3 survivors (3072K)
 Metaspace       used 107696K, committed 108416K, reserved 1146880K
  class space    used 14347K, committed 14720K, reserved 1048576K
}
Event: 33.476 GC heap before
{Heap before GC invocations=61 (full 0):
 garbage-first heap   total 208896K, used 175569K [0x0000000080000000, 0x0000000100000000)
  region size 1024K, 21 young (21504K), 3 survivors (3072K)
 Metaspace       used 107696K, committed 108416K, reserved 1146880K
  class space    used 14347K, committed 14720K, reserved 1048576K
}
Event: 33.478 GC heap after
{Heap after GC invocations=62 (full 0):
 garbage-first heap   total 208896K, used 159532K [0x0000000080000000, 0x0000000100000000)
  region size 1024K, 3 young (3072K), 3 survivors (3072K)
 Metaspace       used 107696K, committed 108416K, reserved 1146880K
  class space    used 14347K, committed 14720K, reserved 1048576K
}
Event: 33.598 GC heap before
{Heap before GC invocations=62 (full 0):
 garbage-first heap   total 208896K, used 175916K [0x0000000080000000, 0x0000000100000000)
  region size 1024K, 20 young (20480K), 3 survivors (3072K)
 Metaspace       used 107857K, committed 108608K, reserved 1146880K
  class space    used 14375K, committed 14784K, reserved 1048576K
}

Dll operation events (2 events):
Event: 0.006 Loaded shared library C:\Program Files\Android\Android Studio\jbr\bin\java.dll
Event: 0.284 Loaded shared library C:\Program Files\Android\Android Studio\jbr\bin\verify.dll

Deoptimization events (20 events):
Event: 33.527 Thread 0x00000191817ca880 Uncommon trap: trap_request=0xffffffde fr.pc=0x00000191f0a3e4f8 relative=0x00000000000010d8
Event: 33.527 Thread 0x00000191817ca880 Uncommon trap: reason=class_check action=maybe_recompile pc=0x00000191f0a3e4f8 method=org.gradle.internal.file.FileHierarchySet$Node.contains(Ljava/lang/String;I)Z @ 55 c2
Event: 33.527 Thread 0x00000191817ca880 DEOPT PACKING pc=0x00000191f0a3e4f8 sp=0x0000005e286ff320
Event: 33.527 Thread 0x00000191817ca880 DEOPT UNPACKING pc=0x00000191efe7a1a3 sp=0x0000005e286ff1f0 mode 2
Event: 33.527 Thread 0x00000191817ca880 Uncommon trap: trap_request=0xffffffde fr.pc=0x00000191f0a3e4f8 relative=0x00000000000010d8
Event: 33.527 Thread 0x00000191817ca880 Uncommon trap: reason=class_check action=maybe_recompile pc=0x00000191f0a3e4f8 method=org.gradle.internal.file.FileHierarchySet$Node.contains(Ljava/lang/String;I)Z @ 55 c2
Event: 33.527 Thread 0x00000191817ca880 DEOPT PACKING pc=0x00000191f0a3e4f8 sp=0x0000005e286ff320
Event: 33.527 Thread 0x00000191817ca880 DEOPT UNPACKING pc=0x00000191efe7a1a3 sp=0x0000005e286ff1f0 mode 2
Event: 33.527 Thread 0x00000191817ca880 Uncommon trap: trap_request=0xffffffde fr.pc=0x00000191f0a3e4f8 relative=0x00000000000010d8
Event: 33.527 Thread 0x00000191817ca880 Uncommon trap: reason=class_check action=maybe_recompile pc=0x00000191f0a3e4f8 method=org.gradle.internal.file.FileHierarchySet$Node.contains(Ljava/lang/String;I)Z @ 55 c2
Event: 33.527 Thread 0x00000191817ca880 DEOPT PACKING pc=0x00000191f0a3e4f8 sp=0x0000005e286ff320
Event: 33.527 Thread 0x00000191817ca880 DEOPT UNPACKING pc=0x00000191efe7a1a3 sp=0x0000005e286ff1f0 mode 2
Event: 33.535 Thread 0x00000191827d2af0 Uncommon trap: trap_request=0xffffffde fr.pc=0x00000191f06dc9f4 relative=0x00000000000002b4
Event: 33.535 Thread 0x00000191827d2af0 Uncommon trap: reason=class_check action=maybe_recompile pc=0x00000191f06dc9f4 method=com.google.common.collect.ComparatorOrdering.compare(Ljava/lang/Object;Ljava/lang/Object;)I @ 6 c2
Event: 33.535 Thread 0x00000191827d2af0 DEOPT PACKING pc=0x00000191f06dc9f4 sp=0x0000005e2edfa270
Event: 33.535 Thread 0x00000191827d2af0 DEOPT UNPACKING pc=0x00000191efe7a1a3 sp=0x0000005e2edfa1e8 mode 2
Event: 33.541 Thread 0x00000191827d2af0 Uncommon trap: trap_request=0xffffff45 fr.pc=0x00000191f06b5ee0 relative=0x0000000000005ac0
Event: 33.541 Thread 0x00000191827d2af0 Uncommon trap: reason=unstable_if action=reinterpret pc=0x00000191f06b5ee0 method=java.lang.String.split(Ljava/lang/String;I)[Ljava/lang/String; @ 259 c2
Event: 33.541 Thread 0x00000191827d2af0 DEOPT PACKING pc=0x00000191f06b5ee0 sp=0x0000005e2edfa4d0
Event: 33.541 Thread 0x00000191827d2af0 DEOPT UNPACKING pc=0x00000191efe7a1a3 sp=0x0000005e2edfa508 mode 2

Classes unloaded (0 events):
No events

Classes redefined (0 events):
No events

Internal exceptions (20 events):
Event: 32.071 Thread 0x00000191827d3e30 Exception <a 'sun/nio/fs/WindowsException'{0x000000008c5c8480}> (0x000000008c5c8480) 
thrown [s\src\hotspot\share\prims\jni.cpp, line 517]
Event: 32.071 Thread 0x00000191827d3e30 Exception <a 'sun/nio/fs/WindowsException'{0x000000008c5c8bd8}> (0x000000008c5c8bd8) 
thrown [s\src\hotspot\share\prims\jni.cpp, line 517]
Event: 32.071 Thread 0x00000191827d3e30 Exception <a 'sun/nio/fs/WindowsException'{0x000000008c5cae30}> (0x000000008c5cae30) 
thrown [s\src\hotspot\share\prims\jni.cpp, line 517]
Event: 32.071 Thread 0x00000191827d3e30 Exception <a 'sun/nio/fs/WindowsException'{0x000000008c5cb868}> (0x000000008c5cb868) 
thrown [s\src\hotspot\share\prims\jni.cpp, line 517]
Event: 32.071 Thread 0x00000191827d3e30 Exception <a 'sun/nio/fs/WindowsException'{0x000000008c5cdfc0}> (0x000000008c5cdfc0) 
thrown [s\src\hotspot\share\prims\jni.cpp, line 517]
Event: 32.071 Thread 0x00000191827d3e30 Exception <a 'sun/nio/fs/WindowsException'{0x000000008c5ce490}> (0x000000008c5ce490) 
thrown [s\src\hotspot\share\prims\jni.cpp, line 517]
Event: 32.071 Thread 0x00000191827d3e30 Exception <a 'sun/nio/fs/WindowsException'{0x000000008c5d06c0}> (0x000000008c5d06c0) 
thrown [s\src\hotspot\share\prims\jni.cpp, line 517]
Event: 32.072 Thread 0x00000191827d3e30 Exception <a 'sun/nio/fs/WindowsException'{0x000000008c5d1070}> (0x000000008c5d1070) 
thrown [s\src\hotspot\share\prims\jni.cpp, line 517]
Event: 32.072 Thread 0x00000191827d3e30 Exception <a 'sun/nio/fs/WindowsException'{0x000000008c5d32a0}> (0x000000008c5d32a0) 
thrown [s\src\hotspot\share\prims\jni.cpp, line 517]
Event: 32.072 Thread 0x00000191827d3e30 Exception <a 'sun/nio/fs/WindowsException'{0x000000008c5d3c50}> (0x000000008c5d3c50) 
thrown [s\src\hotspot\share\prims\jni.cpp, line 517]
Event: 32.072 Thread 0x00000191827d3e30 Exception <a 'sun/nio/fs/WindowsException'{0x000000008c5d5e80}> (0x000000008c5d5e80) 
thrown [s\src\hotspot\share\prims\jni.cpp, line 517]
Event: 32.072 Thread 0x00000191827d3e30 Exception <a 'sun/nio/fs/WindowsException'{0x000000008c5d6808}> (0x000000008c5d6808) 
thrown [s\src\hotspot\share\prims\jni.cpp, line 517]
Event: 32.072 Thread 0x00000191827d3e30 Exception <a 'sun/nio/fs/WindowsException'{0x000000008c5d8f48}> (0x000000008c5d8f48) 
thrown [s\src\hotspot\share\prims\jni.cpp, line 517]
Event: 32.072 Thread 0x00000191827d3e30 Exception <a 'sun/nio/fs/WindowsException'{0x000000008c5d9428}> (0x000000008c5d9428) 
thrown [s\src\hotspot\share\prims\jni.cpp, line 517]
Event: 32.072 Thread 0x00000191827d3e30 Exception <a 'sun/nio/fs/WindowsException'{0x000000008c5dbb48}> (0x000000008c5dbb48) 
thrown [s\src\hotspot\share\prims\jni.cpp, line 517]
Event: 32.072 Thread 0x00000191827d3e30 Exception <a 'sun/nio/fs/WindowsException'{0x000000008c5dc028}> (0x000000008c5dc028) 
thrown [s\src\hotspot\share\prims\jni.cpp, line 517]
Event: 32.073 Thread 0x00000191827d3e30 Exception <a 'sun/nio/fs/WindowsException'{0x000000008c5de170}> (0x000000008c5de170) 
thrown [s\src\hotspot\share\prims\jni.cpp, line 517]
Event: 32.073 Thread 0x00000191827d3e30 Exception <a 'sun/nio/fs/WindowsException'{0x000000008c5de5c0}> (0x000000008c5de5c0) 
thrown [s\src\hotspot\share\prims\jni.cpp, line 517]
Event: 32.773 Thread 0x00000191827d2af0 Exception <a 'sun/nio/fs/WindowsException'{0x000000008c6cfd78}> (0x000000008c6cfd78) 
thrown [s\src\hotspot\share\prims\jni.cpp, line 517]
Event: 32.773 Thread 0x00000191827d2af0 Exception <a 'sun/nio/fs/WindowsException'{0x000000008c6d03b0}> (0x000000008c6d03b0) 
thrown [s\src\hotspot\share\prims\jni.cpp, line 517]

VM Operations (20 events):
Event: 32.261 Executing VM operation: G1CollectForAllocation done
Event: 32.569 Executing VM operation: G1CollectForAllocation
Event: 32.572 Executing VM operation: G1CollectForAllocation done
Event: 32.758 Executing VM operation: HandshakeAllThreads
Event: 32.758 Executing VM operation: HandshakeAllThreads done
Event: 32.771 Executing VM operation: HandshakeAllThreads
Event: 32.771 Executing VM operation: HandshakeAllThreads done
Event: 33.049 Executing VM operation: G1CollectForAllocation
Event: 33.055 Executing VM operation: G1CollectForAllocation done
Event: 33.333 Executing VM operation: G1CollectForAllocation
Event: 33.339 Executing VM operation: G1CollectForAllocation done
Event: 33.443 Executing VM operation: G1CollectForAllocation
Event: 33.446 Executing VM operation: G1CollectForAllocation done
Event: 33.476 Executing VM operation: G1CollectForAllocation
Event: 33.478 Executing VM operation: G1CollectForAllocation done
Event: 33.519 Executing VM operation: HandshakeAllThreads
Event: 33.520 Executing VM operation: HandshakeAllThreads done
Event: 33.539 Executing VM operation: HandshakeAllThreads
Event: 33.539 Executing VM operation: HandshakeAllThreads done
Event: 33.598 Executing VM operation: G1CollectForAllocation

Events (20 events):
Event: 32.049 loading class javax/xml/stream/events/Characters
Event: 32.049 loading class javax/xml/stream/events/Characters done
Event: 32.049 loading class com/sun/xml/internal/stream/events/CharacterEvent done
Event: 32.115 loading class com/sun/xml/internal/stream/events/EndElementEvent
Event: 32.115 loading class javax/xml/stream/events/EndElement
Event: 32.115 loading class javax/xml/stream/events/EndElement done
Event: 32.115 loading class com/sun/xml/internal/stream/events/EndElementEvent done
Event: 32.123 loading class java/nio/file/StandardCopyOption
Event: 32.123 loading class java/nio/file/StandardCopyOption done
Event: 32.123 loading class sun/nio/fs/WindowsFileCopy
Event: 32.123 loading class sun/nio/fs/WindowsFileCopy done
Event: 32.264 Thread 0x000001918adf93a0 Thread added: 0x000001918adf93a0
Event: 32.439 loading class java/util/zip/ZipInputStream
Event: 32.439 loading class java/util/zip/ZipInputStream done
Event: 32.511 loading class java/nio/file/FileChannelLinesSpliterator
Event: 32.512 loading class java/nio/file/FileChannelLinesSpliterator done
Event: 32.513 loading class java/util/stream/Streams$1
Event: 32.513 loading class java/util/stream/Streams$1 done
Event: 32.531 loading class java/nio/file/FileChannelLinesSpliterator$1
Event: 32.531 loading class java/nio/file/FileChannelLinesSpliterator$1 done


Dynamic libraries:
0x00007ff627000000 - 0x00007ff62700a000 	C:\Program Files\Android\Android Studio\jbr\bin\java.exe
0x00007ff910db0000 - 0x00007ff910fc7000 	C:\WINDOWS\SYSTEM32\ntdll.dll
0x00007ff910000000 - 0x00007ff9100c4000 	C:\WINDOWS\System32\KERNEL32.DLL
0x00007ff90e450000 - 0x00007ff90e7f5000 	C:\WINDOWS\System32\KERNELBASE.dll
0x00007ff90e9e0000 - 0x00007ff90eaf1000 	C:\WINDOWS\System32\ucrtbase.dll
0x00007ff8e2630000 - 0x00007ff8e2647000 	C:\Program Files\Android\Android Studio\jbr\bin\jli.dll
0x00007ff9049d0000 - 0x00007ff9049eb000 	C:\Program Files\Android\Android Studio\jbr\bin\VCRUNTIME140.dll
0x00007ff9100d0000 - 0x00007ff91027e000 	C:\WINDOWS\System32\USER32.dll
0x00007ff90e120000 - 0x00007ff90e146000 	C:\WINDOWS\System32\win32u.dll
0x00007ff90d1a0000 - 0x00007ff90d433000 	C:\WINDOWS\WinSxS\amd64_microsoft.windows.common-controls_6595b64144ccf1df_6.0.22621.2506_none_270c5ae97388e100\COMCTL32.dll
0x00007ff9102e0000 - 0x00007ff910309000 	C:\WINDOWS\System32\GDI32.dll
0x00007ff910c10000 - 0x00007ff910cb7000 	C:\WINDOWS\System32\msvcrt.dll
0x00007ff90e800000 - 0x00007ff90e919000 	C:\WINDOWS\System32\gdi32full.dll
0x00007ff90e150000 - 0x00007ff90e1ea000 	C:\WINDOWS\System32\msvcp_win.dll
0x00007ff90ffb0000 - 0x00007ff90ffe1000 	C:\WINDOWS\System32\IMM32.DLL
0x00007ff90ac80000 - 0x00007ff90ac8c000 	C:\Program Files\Android\Android Studio\jbr\bin\vcruntime140_1.dll
0x00007ff8f7210000 - 0x00007ff8f729d000 	C:\Program Files\Android\Android Studio\jbr\bin\msvcp140.dll
0x00007ff8842c0000 - 0x00007ff884f2e000 	C:\Program Files\Android\Android Studio\jbr\bin\server\jvm.dll
0x00007ff90f600000 - 0x00007ff90f6b1000 	C:\WINDOWS\System32\ADVAPI32.dll
0x00007ff90ef80000 - 0x00007ff90f026000 	C:\WINDOWS\System32\sechost.dll
0x00007ff90ee60000 - 0x00007ff90ef77000 	C:\WINDOWS\System32\RPCRT4.dll
0x00007ff906890000 - 0x00007ff9068c4000 	C:\WINDOWS\SYSTEM32\WINMM.dll
0x00007ff8f6ec0000 - 0x00007ff8f6ec9000 	C:\WINDOWS\SYSTEM32\WSOCK32.dll
0x00007ff9046e0000 - 0x00007ff9046ea000 	C:\WINDOWS\SYSTEM32\VERSION.dll
0x00007ff90ede0000 - 0x00007ff90ee51000 	C:\WINDOWS\System32\WS2_32.dll
0x00007ff90c9e0000 - 0x00007ff90c9f8000 	C:\WINDOWS\SYSTEM32\kernel.appcore.dll
0x00007ff8f5c60000 - 0x00007ff8f5c6a000 	C:\Program Files\Android\Android Studio\jbr\bin\jimage.dll
0x00007ff90d910000 - 0x00007ff90db43000 	C:\WINDOWS\SYSTEM32\DBGHELP.DLL
0x00007ff90f030000 - 0x00007ff90f3b9000 	C:\WINDOWS\System32\combase.dll
0x00007ff910380000 - 0x00007ff910457000 	C:\WINDOWS\System32\OLEAUT32.dll
0x00007ff90d490000 - 0x00007ff90d4c2000 	C:\WINDOWS\SYSTEM32\dbgcore.DLL
0x00007ff90e3d0000 - 0x00007ff90e44a000 	C:\WINDOWS\System32\bcryptPrimitives.dll
0x00007ff8e1670000 - 0x00007ff8e1695000 	C:\Program Files\Android\Android Studio\jbr\bin\java.dll
0x00007ff8f26b0000 - 0x00007ff8f26c8000 	C:\Program Files\Android\Android Studio\jbr\bin\zip.dll
0x00007ff90f6c0000 - 0x00007ff90ff19000 	C:\WINDOWS\System32\SHELL32.dll
0x00007ff90b960000 - 0x00007ff90c254000 	C:\WINDOWS\SYSTEM32\windows.storage.dll
0x00007ff90b820000 - 0x00007ff90b95e000 	C:\WINDOWS\SYSTEM32\wintypes.dll
0x00007ff910af0000 - 0x00007ff910be3000 	C:\WINDOWS\System32\SHCORE.dll
0x00007ff910280000 - 0x00007ff9102de000 	C:\WINDOWS\System32\shlwapi.dll
0x00007ff90e050000 - 0x00007ff90e076000 	C:\WINDOWS\SYSTEM32\profapi.dll
0x00007ff8e1ff0000 - 0x00007ff8e2009000 	C:\Program Files\Android\Android Studio\jbr\bin\net.dll
0x00007ff907bd0000 - 0x00007ff907d07000 	C:\WINDOWS\SYSTEM32\WINHTTP.dll
0x00007ff90ce80000 - 0x00007ff90cee9000 	C:\WINDOWS\system32\mswsock.dll
0x00007ff8e0480000 - 0x00007ff8e0496000 	C:\Program Files\Android\Android Studio\jbr\bin\nio.dll
0x00007ff904860000 - 0x00007ff904870000 	C:\Program Files\Android\Android Studio\jbr\bin\verify.dll
0x00007ff9049f0000 - 0x00007ff904a17000 	C:\Users\User\.gradle\native\68d5fa5c4cc2d200863cafc0d521ce42e7d3e7ee720ec0a83991735586a16f82\windows-amd64\native-platform.dll
0x00007ff8f5000000 - 0x00007ff8f5144000 	C:\Users\User\.gradle\native\e376f236ea51e6404a007f0833ffe2c6e607c4080706a723a18a27aeea778392\windows-amd64\native-platform-file-events.dll
0x00007ff8f9190000 - 0x00007ff8f9199000 	C:\Program Files\Android\Android Studio\jbr\bin\management.dll
0x00007ff8f5b10000 - 0x00007ff8f5b1b000 	C:\Program Files\Android\Android Studio\jbr\bin\management_ext.dll
0x00007ff910a90000 - 0x00007ff910a98000 	C:\WINDOWS\System32\PSAPI.DLL
0x00007ff90dcd0000 - 0x00007ff90dceb000 	C:\WINDOWS\SYSTEM32\CRYPTSP.dll
0x00007ff90c9a0000 - 0x00007ff90c9d5000 	C:\WINDOWS\system32\rsaenh.dll
0x00007ff90cf70000 - 0x00007ff90cf9c000 	C:\WINDOWS\SYSTEM32\USERENV.dll
0x00007ff90db70000 - 0x00007ff90db98000 	C:\WINDOWS\SYSTEM32\bcrypt.dll
0x00007ff90d0d0000 - 0x00007ff90d0dc000 	C:\WINDOWS\SYSTEM32\CRYPTBASE.dll
0x00007ff90c4b0000 - 0x00007ff90c4dd000 	C:\WINDOWS\SYSTEM32\IPHLPAPI.DLL
0x00007ff90ed70000 - 0x00007ff90ed79000 	C:\WINDOWS\System32\NSI.dll
0x00007ff905f60000 - 0x00007ff905f79000 	C:\WINDOWS\SYSTEM32\dhcpcsvc6.DLL
0x00007ff905f40000 - 0x00007ff905f5f000 	C:\WINDOWS\SYSTEM32\dhcpcsvc.DLL
0x00007ff90c4e0000 - 0x00007ff90c5d9000 	C:\WINDOWS\SYSTEM32\DNSAPI.dll
0x00007ff8da800000 - 0x00007ff8da808000 	C:\WINDOWS\system32\wshunix.dll
0x00007ff8e6ed0000 - 0x00007ff8e6ee7000 	C:\WINDOWS\system32\napinsp.dll
0x00007ff8e6e20000 - 0x00007ff8e6e3b000 	C:\WINDOWS\system32\pnrpnsp.dll
0x00007ff8e6e00000 - 0x00007ff8e6e11000 	C:\WINDOWS\System32\winrnr.dll
0x00007ff8e6de0000 - 0x00007ff8e6df5000 	C:\WINDOWS\system32\wshbth.dll
0x00007ff8e8e30000 - 0x00007ff8e8e51000 	C:\WINDOWS\system32\nlansp_c.dll
0x00007ff904710000 - 0x00007ff90471a000 	C:\Windows\System32\rasadhlp.dll
0x00007ff904580000 - 0x00007ff904603000 	C:\WINDOWS\System32\fwpuclnt.dll
0x00007ff90dba0000 - 0x00007ff90dbd4000 	C:\WINDOWS\SYSTEM32\ntmarta.dll

dbghelp: loaded successfully - version: 4.0.5 - missing functions: none
symbol engine: initialized successfully - sym options: 0x614 - pdb path: .;C:\Program Files\Android\Android Studio\jbr\bin;C:\WINDOWS\SYSTEM32;C:\WINDOWS\WinSxS\amd64_microsoft.windows.common-controls_6595b64144ccf1df_6.0.22621.2506_none_270c5ae97388e100;C:\Program Files\Android\Android Studio\jbr\bin\server;C:\Users\User\.gradle\native\68d5fa5c4cc2d200863cafc0d521ce42e7d3e7ee720ec0a83991735586a16f82\windows-amd64;C:\Users\User\.gradle\native\e376f236ea51e6404a007f0833ffe2c6e607c4080706a723a18a27aeea778392\windows-amd64

VM Arguments:
jvm_args: --add-opens=java.base/java.util=ALL-UNNAMED --add-opens=java.base/java.lang=ALL-UNNAMED --add-opens=java.base/java.lang.invoke=ALL-UNNAMED --add-opens=java.prefs/java.util.prefs=ALL-UNNAMED --add-opens=java.base/java.nio.charset=ALL-UNNAMED --add-opens=java.base/java.net=ALL-UNNAMED --add-opens=java.base/java.util.concurrent.atomic=ALL-UNNAMED -Xmx2048m -Dfile.encoding=UTF-8 -Duser.country=US -Duser.language=en -Duser.variant 
java_command: org.gradle.launcher.daemon.bootstrap.GradleDaemon 8.0
java_class_path (initial): C:\Users\User\.gradle\wrapper\dists\gradle-8.0-bin\ca5e32bp14vu59qr306oxotwh\gradle-8.0\lib\gradle-launcher-8.0.jar
Launcher Type: SUN_STANDARD

[Global flags]
     intx CICompilerCount                          = 4                                         {product} {ergonomic}
     uint ConcGCThreads                            = 2                                         {product} {ergonomic}
     uint G1ConcRefinementThreads                  = 8                                         {product} {ergonomic}
   size_t G1HeapRegionSize                         = 1048576                                   {product} {ergonomic}
    uintx GCDrainStackTargetSize                   = 64                                        {product} {ergonomic}
   size_t InitialHeapSize                          = 132120576                                 {product} {ergonomic}
   size_t MarkStackSize                            = 4194304                                   {product} {ergonomic}
   size_t MaxHeapSize                              = 2147483648                                {product} {command line}
   size_t MaxNewSize                               = 1287651328                                {product} {ergonomic}
   size_t MinHeapDeltaBytes                        = 1048576                                   {product} {ergonomic}
   size_t MinHeapSize                              = 8388608                                   {product} {ergonomic}
    uintx NonNMethodCodeHeapSize                   = 5839372                                {pd product} {ergonomic}
    uintx NonProfiledCodeHeapSize                  = 122909434                              {pd product} {ergonomic}
    uintx ProfiledCodeHeapSize                     = 122909434                              {pd product} {ergonomic}
    uintx ReservedCodeCacheSize                    = 251658240                              {pd product} {ergonomic}
     bool SegmentedCodeCache                       = true                                      {product} {ergonomic}
   size_t SoftMaxHeapSize                          = 2147483648                             {manageable} {ergonomic}
     bool UseCompressedClassPointers               = true                           {product lp64_product} {ergonomic}
     bool UseCompressedOops                        = true                           {product lp64_product} {ergonomic}
     bool UseG1GC                                  = true                                      {product} {ergonomic}
     bool UseLargePagesIndividualAllocation        = false                                  {pd product} {ergonomic}

Logging:
Log output configuration:
 #0: stdout all=warning uptime,level,tags
 #1: stderr all=off uptime,level,tags

Environment Variables:
JAVA_HOME=C:\Program Files\Java\jdk-20.0.1
PATH=C:\Program Files (x86)\Common Files\Oracle\Java\javapath;C:\Python311\Scripts\;C:\Python311\;C:\Program Files (x86)\Falcon\MinGW\bin;C:\WINDOWS\system32;C:\WINDOWS;C:\WINDOWS\System32\Wbem;C:\WINDOWS\System32\WindowsPowerShell\v1.0\;C:\WINDOWS\System32\OpenSSH\;C:\Program Files\Microsoft SQL Server\130\Tools\Binn\;C:\sqlite3;C:\Program Files (x86)\Microsoft SQL Server\150\DTS\Binn\;C:\Program Files\Azure Data Studio\bin;C:\Program Files\Microsoft SQL Server\Client SDK\ODBC\170\Tools\Binn\;C:\Program Files (x86)\Microsoft SQL Server\150\Tools\Binn\;C:\Program Files\Microsoft SQL Server\150\Tools\Binn\;C:\Program Files\Microsoft SQL Server\150\DTS\Binn\;C:\xampp\php;C:\ProgramData\ComposerSetup\bin;C:\Program Files\dotnet\;C:\Users\User\AppData\Local\Android\Sdk\cmdline-tools\bin;C:\Program Files\Java\;C:\Program Files\Git\cmd;C:\Program Files\nodejs\;C:\ProgramData\chocolatey\bin;C:\Program Files (x86)\GTK2-Runtime\lib;C:\Program Files (x86)\Common Files\Oracle\Java\javapath;C:\Python311\Scripts\;C:\Python311\;C:\Program Files (x86)\Falcon\MinGW\bin;C:\WINDOWS\system32;C:\WINDOWS;C:\WINDOWS\System32\Wbem;C:\WINDOWS\System32\WindowsPowerShell\v1.0\;C:\WINDOWS\System32\OpenSSH\;C:\Program Files\Microsoft SQL Server\130\Tools\Binn\;C:\sqlite3;C:\Program Files (x86)\Microsoft SQL Server\150\DTS\Binn\;C:\Program Files\Azure Data Studio\bin;C:\Program Files\Microsoft SQL Server\Client SDK\ODBC\170\Tools\Binn\;C:\Program Files (x86)\Microsoft SQL Server\150\Tools\Binn\;C:\Program Files\Microsoft SQL Server\150\Tools\Binn\;C:\Program Files\Microsoft SQL Server\150\DTS\Binn\;C:\xampp\php;C:\ProgramData\ComposerSetup\bin;C:\Program Files\dotnet\;C:\Users\User\AppData\Local\Android\Sdk\cmdline-tools\bin;C:\Program Files\Java\;C:\Program Files\Git\cmd;C:\Program Files\nodejs\;C:\ProgramData\chocolatey\bin;C:\Program Files (x86)\GTK2-Runtime\lib;C:\Program Files\nodejs\node_modules\npm\bin;C:\Program Files\MySQL\MySQL Shell 8.0\bin\;C:\Users\User\AppData\Local\Microsoft\Windows
USERNAME=User
OS=Windows_NT
PROCESSOR_IDENTIFIER=Intel64 Family 6 Model 140 Stepping 1, GenuineIntel
TMP=C:\Users\User\AppData\Local\Temp
TEMP=C:\Users\User\AppData\Local\Temp


JNI global refs:
JNI global refs: 27, weak refs: 3

JNI global refs memory usage: 843, weak refs: 841


---------------  S Y S T E M  ---------------

OS:
 Windows 11 , 64 bit Build 22621 (10.0.22621.2506)
OS uptime: 0 days 17:33 hours

CPU: total 8 (initial active 8) (4 cores per cpu, 2 threads per core) family 6 model 140 stepping 1 microcode 0x78, cx8, cmov, fxsr, ht, mmx, 3dnowpref, sse, sse2, sse3, ssse3, sse4.1, sse4.2, popcnt, lzcnt, tsc, tscinvbit, avx, avx2, aes, erms, clmul, bmi1, bmi2, adx, avx512f, avx512dq, avx512cd, avx512bw, avx512vl, sha, fma, vzeroupper, avx512_vpopcntdq, avx512_vpclmulqdq, avx512_vaes, avx512_vnni, clflush, clflushopt, clwb, avx512_vbmi2, avx512_vbmi

Memory: 4k page, system-wide physical 7991M (483M free)
TotalPageFile size 10039M (AvailPageFile size 9M)
current process WorkingSet (physical memory assigned to process): 491M, peak: 492M
current process commit charge ("private bytes"): 526M, peak: 585M

vm_info: OpenJDK 64-Bit Server VM (17.0.6+0-b2043.56-10027231) for windows-amd64 JRE (17.0.6+0-b2043.56-10027231), built on Apr 28 2023 00:43:19 by "androidbuild" with MS VC++ 16.10 / 16.11 (VS2019)

END.
