#
# There is insufficient memory for the Java Runtime Environment to continue.
# Native memory allocation (mmap) failed to map 326107136 bytes for G1 virtual space
# Possible reasons:
#   The system is out of physical RAM or swap space
#   The process is running with CompressedOops enabled, and the Java Heap may be blocking the growth of the native heap
# Possible solutions:
#   Reduce memory load on the system
#   Increase physical memory or swap space
#   Check if swap backing store is full
#   Decrease Java heap size (-Xmx/-Xms)
#   Decrease number of Java threads
#   Decrease Java thread stack sizes (-Xss)
#   Set larger code cache with -XX:ReservedCodeCacheSize=
#   JVM is running with Unscaled Compressed Oops mode in which the Java heap is
#     placed in the first 4GB address space. The Java Heap base address is the
#     maximum limit for the native heap growth. Please use -XX:HeapBaseMinAddress
#     to set the Java Heap base and to place the Java Heap above 4GB virtual address.
# This output file may be truncated or incomplete.
#
#  Out of Memory Error (os_windows.cpp:3769), pid=9044, tid=9292
#
# JRE version: OpenJDK Runtime Environment (17.0.6) (build 17.0.6+0-b2043.56-10027231)
# Java VM: OpenJDK 64-Bit Server VM (17.0.6+0-b2043.56-10027231, mixed mode, tiered, compressed oops, compressed class ptrs, g1 gc, windows-amd64)
# No core dump will be written. Minidumps are not enabled by default on client versions of Windows
#

---------------  S U M M A R Y ------------

Command Line: --add-opens=java.base/java.util=ALL-UNNAMED --add-opens=java.base/java.lang=ALL-UNNAMED --add-opens=java.base/java.lang.invoke=ALL-UNNAMED --add-opens=java.prefs/java.util.prefs=ALL-UNNAMED --add-opens=java.base/java.nio.charset=ALL-UNNAMED --add-opens=java.base/java.net=ALL-UNNAMED --add-opens=java.base/java.util.concurrent.atomic=ALL-UNNAMED -Xmx2048m -Dfile.encoding=UTF-8 -Duser.country=US -Duser.language=en -Duser.variant org.gradle.launcher.daemon.bootstrap.GradleDaemon 8.0

Host: 11th Gen Intel(R) Core(TM) i5-1135G7 @ 2.40GHz, 8 cores, 7G,  Windows 11 , 64 bit Build 22621 (10.0.22621.2428)
Time: Sun Nov 12 14:13:58 2023 E. Africa Standard Time elapsed time: 20.854543 seconds (0d 0h 0m 20s)

---------------  T H R E A D  ---------------

Current thread (0x000001c35d620950):  VMThread "VM Thread" [stack: 0x0000008c5f900000,0x0000008c5fa00000] [id=9292]

Stack: [0x0000008c5f900000,0x0000008c5fa00000]
Native frames: (J=compiled Java code, j=interpreted, Vv=VM code, C=native code)
V  [jvm.dll+0x683c9a]
V  [jvm.dll+0x8427a4]
V  [jvm.dll+0x843f9e]
V  [jvm.dll+0x844603]
V  [jvm.dll+0x249b75]
V  [jvm.dll+0x680b69]
V  [jvm.dll+0x67505a]
V  [jvm.dll+0x309acb]
V  [jvm.dll+0x310f86]
V  [jvm.dll+0x3608ee]
V  [jvm.dll+0x360b1f]
V  [jvm.dll+0x2dfbf8]
V  [jvm.dll+0x2ddec4]
V  [jvm.dll+0x2dd4cc]
V  [jvm.dll+0x321f3b]
V  [jvm.dll+0x848ccb]
V  [jvm.dll+0x849a04]
V  [jvm.dll+0x849f1d]
V  [jvm.dll+0x84a2f4]
V  [jvm.dll+0x84a3c0]
V  [jvm.dll+0x7f274a]
V  [jvm.dll+0x682ad5]
C  [ucrtbase.dll+0x29363]
C  [KERNEL32.DLL+0x1257d]
C  [ntdll.dll+0x5aa78]

VM_Operation (0x0000008c695fc8f0): G1CollectForAllocation, mode: safepoint, requested by thread 0x000001c3622043d0


---------------  P R O C E S S  ---------------

Threads class SMR info:
_java_thread_list=0x000001c36057a290, length=145, elements={
0x000001c3415ed680, 0x000001c35e012250, 0x000001c35e013410, 0x000001c35d637bf0,
0x000001c35d6387a0, 0x000001c35e0383b0, 0x000001c35e03ac80, 0x000001c35e03b960,
0x000001c35e03c400, 0x000001c35e0402f0, 0x000001c35e1b8e10, 0x000001c35e1bb2f0,
0x000001c361882610, 0x000001c3618817a0, 0x000001c361882ae0, 0x000001c361880e00,
0x000001c361882fb0, 0x000001c361881c70, 0x000001c361883480, 0x000001c361882140,
0x000001c361883950, 0x000001c361880930, 0x000001c3618812d0, 0x000001c36187ff90,
0x000001c35f33c140, 0x000001c35f33cae0, 0x000001c35f33c610, 0x000001c35f33b2d0,
0x000001c35f33bc70, 0x000001c35f33d480, 0x000001c35f33cfb0, 0x000001c35f33b7a0,
0x000001c35f33d950, 0x000001c35f33de20, 0x000001c35f33a930, 0x000001c364b73a00,
0x000001c364b74870, 0x000001c364b73530, 0x000001c364b73ed0, 0x000001c364b75210,
0x000001c364b756e0, 0x000001c364c81ad0, 0x000001c364c802c0, 0x000001c364c7fdf0,
0x000001c364c832e0, 0x000001c364c82940, 0x000001c364c82e10, 0x000001c364c837b0,
0x000001c364c80790, 0x000001c364c80c60, 0x000001c364c81fa0, 0x000001c364c82470,
0x000001c364c81600, 0x000001c364c81130, 0x000001c360d35660, 0x000001c360d317d0,
0x000001c360d31ca0, 0x000001c360d32640, 0x000001c360d334b0, 0x000001c360d33e50,
0x000001c360d33980, 0x000001c360d37810, 0x000001c360d35b30, 0x000001c360d32170,
0x000001c360d37340, 0x000001c360d32b10, 0x000001c360d36000, 0x000001c360d34320,
0x000001c360d32fe0, 0x000001c360d38b50, 0x000001c360d381b0, 0x000001c360d39020,
0x000001c360d38680, 0x000001c360d369a0, 0x000001c360d36e70, 0x000001c360d364d0,
0x000001c360d347f0, 0x000001c360d37ce0, 0x000001c360d34cc0, 0x000001c360d35190,
0x000001c360688590, 0x000001c3606880c0, 0x000001c360689400, 0x000001c3606898d0,
0x000001c360687720, 0x000001c360684bd0, 0x000001c360682080, 0x000001c360682550,
0x000001c360684230, 0x000001c360685570, 0x000001c360686d80, 0x000001c360682a20,
0x000001c3606833c0, 0x000001c360685a40, 0x000001c3606850a0, 0x000001c360682ef0,
0x000001c3606863e0, 0x000001c360685f10, 0x000001c360688a60, 0x000001c360683890,
0x000001c360683d60, 0x000001c360684700, 0x000001c3606868b0, 0x000001c360687250,
0x000001c360687bf0, 0x000001c360688f30, 0x000001c364f34550, 0x000001c364f306c0,
0x000001c364f336e0, 0x000001c364f2d6a0, 0x000001c364f2d1d0, 0x000001c364f31a00,
0x000001c364f32d40, 0x000001c364f31ed0, 0x000001c364f2db70, 0x000001c364f2e040,
0x000001c364f2e9e0, 0x000001c364f2eeb0, 0x000001c364f32870, 0x000001c364f31060,
0x000001c364f2e510, 0x000001c364f2f380, 0x000001c364f301f0, 0x000001c364f2f850,
0x000001c364f34080, 0x000001c364f34a20, 0x000001c363b488a0, 0x000001c363b47f00,
0x000001c363b483d0, 0x000001c363b47090, 0x000001c363b49710, 0x000001c363b47560,
0x000001c363b4b3f0, 0x000001c363b47a30, 0x000001c363b4b8c0, 0x000001c363b45880,
0x000001c363b44070, 0x000001c367cfab80, 0x000001c3622d2f90, 0x000001c3622d7160,
0x000001c3622048a0, 0x000001c362203f00, 0x000001c3622043d0, 0x000001c36063c280,
0x000001c36063aa70
}

Java Threads: ( => current thread )
  0x000001c3415ed680 JavaThread "main" [_thread_blocked, id=10744, stack(0x0000008c5f300000,0x0000008c5f400000)]
  0x000001c35e012250 JavaThread "Reference Handler" daemon [_thread_blocked, id=16948, stack(0x0000008c5fa00000,0x0000008c5fb00000)]
  0x000001c35e013410 JavaThread "Finalizer" daemon [_thread_blocked, id=7456, stack(0x0000008c5fb00000,0x0000008c5fc00000)]
  0x000001c35d637bf0 JavaThread "Signal Dispatcher" daemon [_thread_blocked, id=4672, stack(0x0000008c5fc00000,0x0000008c5fd00000)]
  0x000001c35d6387a0 JavaThread "Attach Listener" daemon [_thread_blocked, id=5032, stack(0x0000008c5fd00000,0x0000008c5fe00000)]
  0x000001c35e0383b0 JavaThread "Service Thread" daemon [_thread_blocked, id=15236, stack(0x0000008c5fe00000,0x0000008c5ff00000)]
  0x000001c35e03ac80 JavaThread "Monitor Deflation Thread" daemon [_thread_blocked, id=12344, stack(0x0000008c5ff00000,0x0000008c60000000)]
  0x000001c35e03b960 JavaThread "C2 CompilerThread0" daemon [_thread_in_native, id=10992, stack(0x0000008c60000000,0x0000008c60100000)]
  0x000001c35e03c400 JavaThread "C1 CompilerThread0" daemon [_thread_blocked, id=14652, stack(0x0000008c60100000,0x0000008c60200000)]
  0x000001c35e0402f0 JavaThread "Sweeper thread" daemon [_thread_blocked, id=5072, stack(0x0000008c60200000,0x0000008c60300000)]
  0x000001c35e1b8e10 JavaThread "Common-Cleaner" daemon [_thread_blocked, id=14628, stack(0x0000008c60300000,0x0000008c60400000)]
  0x000001c35e1bb2f0 JavaThread "Notification Thread" daemon [_thread_blocked, id=15332, stack(0x0000008c60400000,0x0000008c60500000)]
  0x000001c361882610 JavaThread "Daemon health stats" [_thread_blocked, id=16344, stack(0x0000008c60c00000,0x0000008c60d00000)]
  0x000001c3618817a0 JavaThread "Incoming local TCP Connector on port 62092" [_thread_in_native, id=1080, stack(0x0000008c60d00000,0x0000008c60e00000)]
  0x000001c361882ae0 JavaThread "Daemon periodic checks" [_thread_blocked, id=16852, stack(0x0000008c60e00000,0x0000008c60f00000)]
  0x000001c361880e00 JavaThread "Daemon" [_thread_blocked, id=12452, stack(0x0000008c60f00000,0x0000008c61000000)]
  0x000001c361882fb0 JavaThread "Handler for socket connection from /127.0.0.1:62092 to /127.0.0.1:62093" [_thread_in_native, id=1988, stack(0x0000008c61000000,0x0000008c61100000)]
  0x000001c361881c70 JavaThread "Cancel handler" [_thread_blocked, id=12260, stack(0x0000008c61100000,0x0000008c61200000)]
  0x000001c361883480 JavaThread "Daemon worker" [_thread_blocked, id=15520, stack(0x0000008c61200000,0x0000008c61300000)]
  0x000001c361882140 JavaThread "Asynchronous log dispatcher for DefaultDaemonConnection: socket connection from /127.0.0.1:62092 to /127.0.0.1:62093" [_thread_blocked, id=8304, stack(0x0000008c61300000,0x0000008c61400000)]
  0x000001c361883950 JavaThread "Stdin handler" [_thread_blocked, id=17112, stack(0x0000008c61400000,0x0000008c61500000)]
  0x000001c361880930 JavaThread "Daemon client event forwarder" [_thread_blocked, id=940, stack(0x0000008c61500000,0x0000008c61600000)]
  0x000001c3618812d0 JavaThread "Cache worker for journal cache (C:\Users\User\.gradle\caches\journal-1)" [_thread_blocked, id=13836, stack(0x0000008c61a00000,0x0000008c61b00000)]
  0x000001c36187ff90 JavaThread "File lock request listener" [_thread_in_native, id=15856, stack(0x0000008c61b00000,0x0000008c61c00000)]
  0x000001c35f33c140 JavaThread "Cache worker for file hash cache (C:\Users\User\.gradle\caches\8.0\fileHashes)" [_thread_blocked, id=16284, stack(0x0000008c61c00000,0x0000008c61d00000)]
  0x000001c35f33cae0 JavaThread "File watcher server" daemon [_thread_blocked, id=15916, stack(0x0000008c61d00000,0x0000008c61e00000)]
  0x000001c35f33c610 JavaThread "File watcher consumer" daemon [_thread_blocked, id=13824, stack(0x0000008c61e00000,0x0000008c61f00000)]
  0x000001c35f33b2d0 JavaThread "Cache worker for checksums cache (C:\Users\User\AndroidStudioProjects\RepairPal\.gradle\8.0\checksums)" [_thread_blocked, id=11732, stack(0x0000008c61f00000,0x0000008c62000000)]
  0x000001c35f33bc70 JavaThread "Cache worker for cache directory md-rule (C:\Users\User\.gradle\caches\8.0\md-rule)" [_thread_blocked, id=11676, stack(0x0000008c62000000,0x0000008c62100000)]
  0x000001c35f33d480 JavaThread "Cache worker for file content cache (C:\Users\User\.gradle\caches\8.0\fileContent)" [_thread_blocked, id=284, stack(0x0000008c62100000,0x0000008c62200000)]
  0x000001c35f33cfb0 JavaThread "Cache worker for file hash cache (C:\Users\User\AndroidStudioProjects\RepairPal\.gradle\8.0\fileHashes)" [_thread_blocked, id=13876, stack(0x0000008c62200000,0x0000008c62300000)]
  0x000001c35f33b7a0 JavaThread "Cache worker for cache directory md-supplier (C:\Users\User\.gradle\caches\8.0\md-supplier)" [_thread_blocked, id=9948, stack(0x0000008c62300000,0x0000008c62400000)]
  0x000001c35f33d950 JavaThread "Cache worker for execution history cache (C:\Users\User\.gradle\caches\8.0\executionHistory)" [_thread_blocked, id=10364, stack(0x0000008c62400000,0x0000008c62500000)]
  0x000001c35f33de20 JavaThread "jar transforms" [_thread_blocked, id=4668, stack(0x0000008c62500000,0x0000008c62600000)]
  0x000001c35f33a930 JavaThread "jar transforms Thread 2" [_thread_blocked, id=14620, stack(0x0000008c62600000,0x0000008c62700000)]
  0x000001c364b73a00 JavaThread "Cache worker for kotlin-dsl (C:\Users\User\.gradle\caches\8.0\kotlin-dsl)" [_thread_blocked, id=9276, stack(0x0000008c62700000,0x0000008c62800000)]
  0x000001c364b74870 JavaThread "jar transforms Thread 3" [_thread_blocked, id=4248, stack(0x0000008c62900000,0x0000008c62a00000)]
  0x000001c364b73530 JavaThread "jar transforms Thread 4" [_thread_blocked, id=17104, stack(0x0000008c62a00000,0x0000008c62b00000)]
  0x000001c364b73ed0 JavaThread "Cache worker for dependencies-accessors (C:\Users\User\AndroidStudioProjects\RepairPal\.gradle\8.0\dependencies-accessors)" [_thread_blocked, id=15000, stack(0x0000008c62b00000,0x0000008c62c00000)]
  0x000001c364b75210 JavaThread "Cache worker for Build Output Cleanup Cache (C:\Users\User\AndroidStudioProjects\RepairPal\.gradle\buildOutputCleanup)" [_thread_blocked, id=4868, stack(0x0000008c62c00000,0x0000008c62d00000)]
  0x000001c364b756e0 JavaThread "jar transforms Thread 5" [_thread_blocked, id=10424, stack(0x0000008c62d00000,0x0000008c62e00000)]
  0x000001c364c81ad0 JavaThread "Unconstrained build operations" [_thread_blocked, id=12016, stack(0x0000008c62e00000,0x0000008c62f00000)]
  0x000001c364c802c0 JavaThread "Unconstrained build operations Thread 2" [_thread_blocked, id=14204, stack(0x0000008c62f00000,0x0000008c63000000)]
  0x000001c364c7fdf0 JavaThread "Unconstrained build operations Thread 3" [_thread_blocked, id=14000, stack(0x0000008c63000000,0x0000008c63100000)]
  0x000001c364c832e0 JavaThread "Unconstrained build operations Thread 4" [_thread_blocked, id=17108, stack(0x0000008c63100000,0x0000008c63200000)]
  0x000001c364c82940 JavaThread "Unconstrained build operations Thread 5" [_thread_blocked, id=10028, stack(0x0000008c63200000,0x0000008c63300000)]
  0x000001c364c82e10 JavaThread "Unconstrained build operations Thread 6" [_thread_blocked, id=12264, stack(0x0000008c63300000,0x0000008c63400000)]
  0x000001c364c837b0 JavaThread "Unconstrained build operations Thread 7" [_thread_blocked, id=4916, stack(0x0000008c63400000,0x0000008c63500000)]
  0x000001c364c80790 JavaThread "Unconstrained build operations Thread 8" [_thread_blocked, id=8328, stack(0x0000008c63500000,0x0000008c63600000)]
  0x000001c364c80c60 JavaThread "Unconstrained build operations Thread 9" [_thread_blocked, id=3536, stack(0x0000008c63600000,0x0000008c63700000)]
  0x000001c364c81fa0 JavaThread "Unconstrained build operations Thread 10" [_thread_blocked, id=15580, stack(0x0000008c63700000,0x0000008c63800000)]
  0x000001c364c82470 JavaThread "Unconstrained build operations Thread 11" [_thread_blocked, id=5836, stack(0x0000008c63800000,0x0000008c63900000)]
  0x000001c364c81600 JavaThread "Unconstrained build operations Thread 12" [_thread_blocked, id=16508, stack(0x0000008c63900000,0x0000008c63a00000)]
  0x000001c364c81130 JavaThread "Unconstrained build operations Thread 13" [_thread_blocked, id=15988, stack(0x0000008c63a00000,0x0000008c63b00000)]
  0x000001c360d35660 JavaThread "Unconstrained build operations Thread 14" [_thread_blocked, id=12136, stack(0x0000008c63b00000,0x0000008c63c00000)]
  0x000001c360d317d0 JavaThread "Unconstrained build operations Thread 15" [_thread_blocked, id=12216, stack(0x0000008c63c00000,0x0000008c63d00000)]
  0x000001c360d31ca0 JavaThread "Unconstrained build operations Thread 16" [_thread_blocked, id=7516, stack(0x0000008c63d00000,0x0000008c63e00000)]
  0x000001c360d32640 JavaThread "Unconstrained build operations Thread 17" [_thread_blocked, id=14012, stack(0x0000008c63e00000,0x0000008c63f00000)]
  0x000001c360d334b0 JavaThread "Unconstrained build operations Thread 18" [_thread_blocked, id=2556, stack(0x0000008c63f00000,0x0000008c64000000)]
  0x000001c360d33e50 JavaThread "Unconstrained build operations Thread 19" [_thread_blocked, id=504, stack(0x0000008c64000000,0x0000008c64100000)]
  0x000001c360d33980 JavaThread "Unconstrained build operations Thread 20" [_thread_blocked, id=924, stack(0x0000008c64100000,0x0000008c64200000)]
  0x000001c360d37810 JavaThread "Unconstrained build operations Thread 21" [_thread_blocked, id=1960, stack(0x0000008c64200000,0x0000008c64300000)]
  0x000001c360d35b30 JavaThread "Unconstrained build operations Thread 22" [_thread_blocked, id=10448, stack(0x0000008c64300000,0x0000008c64400000)]
  0x000001c360d32170 JavaThread "Unconstrained build operations Thread 23" [_thread_blocked, id=17212, stack(0x0000008c64400000,0x0000008c64500000)]
  0x000001c360d37340 JavaThread "Unconstrained build operations Thread 24" [_thread_blocked, id=16424, stack(0x0000008c64500000,0x0000008c64600000)]
  0x000001c360d32b10 JavaThread "Unconstrained build operations Thread 25" [_thread_blocked, id=13108, stack(0x0000008c64600000,0x0000008c64700000)]
  0x000001c360d36000 JavaThread "Unconstrained build operations Thread 26" [_thread_blocked, id=11128, stack(0x0000008c64700000,0x0000008c64800000)]
  0x000001c360d34320 JavaThread "Unconstrained build operations Thread 27" [_thread_blocked, id=15084, stack(0x0000008c64800000,0x0000008c64900000)]
  0x000001c360d32fe0 JavaThread "Unconstrained build operations Thread 28" [_thread_blocked, id=13628, stack(0x0000008c64900000,0x0000008c64a00000)]
  0x000001c360d38b50 JavaThread "Unconstrained build operations Thread 29" [_thread_blocked, id=8800, stack(0x0000008c64a00000,0x0000008c64b00000)]
  0x000001c360d381b0 JavaThread "Unconstrained build operations Thread 30" [_thread_blocked, id=12600, stack(0x0000008c64b00000,0x0000008c64c00000)]
  0x000001c360d39020 JavaThread "Unconstrained build operations Thread 31" [_thread_blocked, id=14224, stack(0x0000008c64c00000,0x0000008c64d00000)]
  0x000001c360d38680 JavaThread "Unconstrained build operations Thread 32" [_thread_blocked, id=6560, stack(0x0000008c64d00000,0x0000008c64e00000)]
  0x000001c360d369a0 JavaThread "Unconstrained build operations Thread 33" [_thread_blocked, id=5656, stack(0x0000008c64e00000,0x0000008c64f00000)]
  0x000001c360d36e70 JavaThread "Unconstrained build operations Thread 34" [_thread_blocked, id=6300, stack(0x0000008c64f00000,0x0000008c65000000)]
  0x000001c360d364d0 JavaThread "Unconstrained build operations Thread 35" [_thread_blocked, id=13936, stack(0x0000008c65000000,0x0000008c65100000)]
  0x000001c360d347f0 JavaThread "Unconstrained build operations Thread 36" [_thread_blocked, id=4224, stack(0x0000008c65100000,0x0000008c65200000)]
  0x000001c360d37ce0 JavaThread "Unconstrained build operations Thread 37" [_thread_blocked, id=16348, stack(0x0000008c65200000,0x0000008c65300000)]
  0x000001c360d34cc0 JavaThread "Unconstrained build operations Thread 38" [_thread_blocked, id=12052, stack(0x0000008c65300000,0x0000008c65400000)]
  0x000001c360d35190 JavaThread "Unconstrained build operations Thread 39" [_thread_blocked, id=14360, stack(0x0000008c65400000,0x0000008c65500000)]
  0x000001c360688590 JavaThread "Unconstrained build operations Thread 40" [_thread_blocked, id=9864, stack(0x0000008c65500000,0x0000008c65600000)]
  0x000001c3606880c0 JavaThread "Unconstrained build operations Thread 41" [_thread_blocked, id=17364, stack(0x0000008c65600000,0x0000008c65700000)]
  0x000001c360689400 JavaThread "Unconstrained build operations Thread 42" [_thread_blocked, id=14812, stack(0x0000008c65700000,0x0000008c65800000)]
  0x000001c3606898d0 JavaThread "Unconstrained build operations Thread 43" [_thread_blocked, id=7104, stack(0x0000008c65800000,0x0000008c65900000)]
  0x000001c360687720 JavaThread "Unconstrained build operations Thread 44" [_thread_blocked, id=8684, stack(0x0000008c65900000,0x0000008c65a00000)]
  0x000001c360684bd0 JavaThread "Unconstrained build operations Thread 45" [_thread_blocked, id=17160, stack(0x0000008c65a00000,0x0000008c65b00000)]
  0x000001c360682080 JavaThread "Unconstrained build operations Thread 46" [_thread_blocked, id=12244, stack(0x0000008c65b00000,0x0000008c65c00000)]
  0x000001c360682550 JavaThread "Unconstrained build operations Thread 47" [_thread_blocked, id=6784, stack(0x0000008c65c00000,0x0000008c65d00000)]
  0x000001c360684230 JavaThread "Unconstrained build operations Thread 48" [_thread_blocked, id=1876, stack(0x0000008c65d00000,0x0000008c65e00000)]
  0x000001c360685570 JavaThread "Unconstrained build operations Thread 49" [_thread_blocked, id=15636, stack(0x0000008c65e00000,0x0000008c65f00000)]
  0x000001c360686d80 JavaThread "Unconstrained build operations Thread 50" [_thread_blocked, id=8060, stack(0x0000008c65f00000,0x0000008c66000000)]
  0x000001c360682a20 JavaThread "Unconstrained build operations Thread 51" [_thread_blocked, id=16976, stack(0x0000008c66000000,0x0000008c66100000)]
  0x000001c3606833c0 JavaThread "Unconstrained build operations Thread 52" [_thread_blocked, id=6720, stack(0x0000008c66100000,0x0000008c66200000)]
  0x000001c360685a40 JavaThread "Unconstrained build operations Thread 53" [_thread_blocked, id=15452, stack(0x0000008c66200000,0x0000008c66300000)]
  0x000001c3606850a0 JavaThread "Unconstrained build operations Thread 54" [_thread_blocked, id=17060, stack(0x0000008c66300000,0x0000008c66400000)]
  0x000001c360682ef0 JavaThread "Unconstrained build operations Thread 55" [_thread_blocked, id=15840, stack(0x0000008c66400000,0x0000008c66500000)]
  0x000001c3606863e0 JavaThread "Unconstrained build operations Thread 56" [_thread_blocked, id=14996, stack(0x0000008c66500000,0x0000008c66600000)]
  0x000001c360685f10 JavaThread "Unconstrained build operations Thread 57" [_thread_blocked, id=3208, stack(0x0000008c66600000,0x0000008c66700000)]
  0x000001c360688a60 JavaThread "Unconstrained build operations Thread 58" [_thread_blocked, id=8372, stack(0x0000008c66700000,0x0000008c66800000)]
  0x000001c360683890 JavaThread "Unconstrained build operations Thread 59" [_thread_blocked, id=576, stack(0x0000008c66800000,0x0000008c66900000)]
  0x000001c360683d60 JavaThread "Unconstrained build operations Thread 60" [_thread_blocked, id=4540, stack(0x0000008c66900000,0x0000008c66a00000)]
  0x000001c360684700 JavaThread "Unconstrained build operations Thread 61" [_thread_blocked, id=13456, stack(0x0000008c66a00000,0x0000008c66b00000)]
  0x000001c3606868b0 JavaThread "Unconstrained build operations Thread 62" [_thread_blocked, id=14304, stack(0x0000008c66b00000,0x0000008c66c00000)]
  0x000001c360687250 JavaThread "Unconstrained build operations Thread 63" [_thread_blocked, id=12084, stack(0x0000008c66c00000,0x0000008c66d00000)]
  0x000001c360687bf0 JavaThread "Unconstrained build operations Thread 64" [_thread_blocked, id=3452, stack(0x0000008c66d00000,0x0000008c66e00000)]
  0x000001c360688f30 JavaThread "Unconstrained build operations Thread 65" [_thread_blocked, id=3912, stack(0x0000008c66e00000,0x0000008c66f00000)]
  0x000001c364f34550 JavaThread "Unconstrained build operations Thread 66" [_thread_blocked, id=12892, stack(0x0000008c66f00000,0x0000008c67000000)]
  0x000001c364f306c0 JavaThread "Unconstrained build operations Thread 67" [_thread_blocked, id=9940, stack(0x0000008c67000000,0x0000008c67100000)]
  0x000001c364f336e0 JavaThread "Unconstrained build operations Thread 68" [_thread_blocked, id=9248, stack(0x0000008c67100000,0x0000008c67200000)]
  0x000001c364f2d6a0 JavaThread "Unconstrained build operations Thread 69" [_thread_blocked, id=10792, stack(0x0000008c67200000,0x0000008c67300000)]
  0x000001c364f2d1d0 JavaThread "Unconstrained build operations Thread 70" [_thread_blocked, id=2844, stack(0x0000008c67300000,0x0000008c67400000)]
  0x000001c364f31a00 JavaThread "Unconstrained build operations Thread 71" [_thread_blocked, id=12756, stack(0x0000008c67400000,0x0000008c67500000)]
  0x000001c364f32d40 JavaThread "Unconstrained build operations Thread 72" [_thread_blocked, id=8080, stack(0x0000008c67500000,0x0000008c67600000)]
  0x000001c364f31ed0 JavaThread "Unconstrained build operations Thread 73" [_thread_blocked, id=6792, stack(0x0000008c67600000,0x0000008c67700000)]
  0x000001c364f2db70 JavaThread "Unconstrained build operations Thread 74" [_thread_blocked, id=15972, stack(0x0000008c67700000,0x0000008c67800000)]
  0x000001c364f2e040 JavaThread "Unconstrained build operations Thread 75" [_thread_blocked, id=9080, stack(0x0000008c67800000,0x0000008c67900000)]
  0x000001c364f2e9e0 JavaThread "Unconstrained build operations Thread 76" [_thread_blocked, id=17124, stack(0x0000008c67900000,0x0000008c67a00000)]
  0x000001c364f2eeb0 JavaThread "Unconstrained build operations Thread 77" [_thread_blocked, id=8516, stack(0x0000008c67a00000,0x0000008c67b00000)]
  0x000001c364f32870 JavaThread "Unconstrained build operations Thread 78" [_thread_blocked, id=11116, stack(0x0000008c67b00000,0x0000008c67c00000)]
  0x000001c364f31060 JavaThread "Unconstrained build operations Thread 79" [_thread_blocked, id=11764, stack(0x0000008c67c00000,0x0000008c67d00000)]
  0x000001c364f2e510 JavaThread "Unconstrained build operations Thread 80" [_thread_blocked, id=10508, stack(0x0000008c67d00000,0x0000008c67e00000)]
  0x000001c364f2f380 JavaThread "jar transforms Thread 6" [_thread_blocked, id=2652, stack(0x0000008c67e00000,0x0000008c67f00000)]
  0x000001c364f301f0 JavaThread "jar transforms Thread 7" [_thread_blocked, id=11176, stack(0x0000008c67f00000,0x0000008c68000000)]
  0x000001c364f2f850 JavaThread "jar transforms Thread 8" [_thread_blocked, id=14208, stack(0x0000008c68000000,0x0000008c68100000)]
  0x000001c364f34080 JavaThread "build event listener" [_thread_blocked, id=12352, stack(0x0000008c68200000,0x0000008c68300000)]
  0x000001c364f34a20 JavaThread "Memory manager" [_thread_blocked, id=7504, stack(0x0000008c68300000,0x0000008c68400000)]
  0x000001c363b488a0 JavaThread "pool-3-thread-1" [_thread_blocked, id=2664, stack(0x0000008c68400000,0x0000008c68500000)]
  0x000001c363b47f00 JavaThread "build event listener" [_thread_blocked, id=15888, stack(0x0000008c68500000,0x0000008c68600000)]
  0x000001c363b483d0 JavaThread "included builds" [_thread_blocked, id=9600, stack(0x0000008c68600000,0x0000008c68700000)]
  0x000001c363b47090 JavaThread "Execution worker" [_thread_blocked, id=6444, stack(0x0000008c68700000,0x0000008c68800000)]
  0x000001c363b49710 JavaThread "Execution worker Thread 2" [_thread_blocked, id=12620, stack(0x0000008c68800000,0x0000008c68900000)]
  0x000001c363b47560 JavaThread "Execution worker Thread 3" [_thread_blocked, id=15300, stack(0x0000008c68900000,0x0000008c68a00000)]
  0x000001c363b4b3f0 JavaThread "Execution worker Thread 4" [_thread_blocked, id=7568, stack(0x0000008c68a00000,0x0000008c68b00000)]
  0x000001c363b47a30 JavaThread "Execution worker Thread 5" [_thread_blocked, id=7528, stack(0x0000008c68b00000,0x0000008c68c00000)]
  0x000001c363b4b8c0 JavaThread "Execution worker Thread 6" [_thread_blocked, id=14564, stack(0x0000008c68c00000,0x0000008c68d00000)]
  0x000001c363b45880 JavaThread "Execution worker Thread 7" [_thread_blocked, id=11196, stack(0x0000008c68d00000,0x0000008c68e00000)]
  0x000001c363b44070 JavaThread "Cache worker for execution history cache (C:\Users\User\AndroidStudioProjects\RepairPal\.gradle\8.0\executionHistory)" [_thread_blocked, id=15176, stack(0x0000008c68e00000,0x0000008c68f00000)]
  0x000001c367cfab80 JavaThread "WorkerExecutor Queue" [_thread_blocked, id=1880, stack(0x0000008c69000000,0x0000008c69100000)]
  0x000001c3622d2f90 JavaThread "C2 CompilerThread1" daemon [_thread_in_native, id=6888, stack(0x0000008c60600000,0x0000008c60700000)]
  0x000001c3622d7160 JavaThread "C2 CompilerThread2" daemon [_thread_in_native, id=3736, stack(0x0000008c68f00000,0x0000008c69000000)]
  0x000001c3622048a0 JavaThread "WorkerExecutor Queue Thread 2" [_thread_blocked, id=2388, stack(0x0000008c69300000,0x0000008c69400000)]
  0x000001c362203f00 JavaThread "WorkerExecutor Queue Thread 3" [_thread_blocked, id=12320, stack(0x0000008c69400000,0x0000008c69500000)]
  0x000001c3622043d0 JavaThread "WorkerExecutor Queue Thread 4" [_thread_blocked, id=11864, stack(0x0000008c69500000,0x0000008c69600000)]
  0x000001c36063c280 JavaThread "WorkerExecutor Queue Thread 5" [_thread_blocked, id=14260, stack(0x0000008c69600000,0x0000008c69700000)]
  0x000001c36063aa70 JavaThread "WorkerExecutor Queue Thread 6" [_thread_blocked, id=9280, stack(0x0000008c69700000,0x0000008c69800000)]

Other Threads:
=>0x000001c35d620950 VMThread "VM Thread" [stack: 0x0000008c5f900000,0x0000008c5fa00000] [id=9292]
  0x000001c343838b70 WatcherThread [stack: 0x0000008c60500000,0x0000008c60600000] [id=14704]
  0x000001c3438166e0 GCTaskThread "GC Thread#0" [stack: 0x0000008c5f400000,0x0000008c5f500000] [id=9028]
  0x000001c35ecd6fd0 GCTaskThread "GC Thread#1" [stack: 0x0000008c60700000,0x0000008c60800000] [id=14644]
  0x000001c35e899b50 GCTaskThread "GC Thread#2" [stack: 0x0000008c60800000,0x0000008c60900000] [id=9488]
  0x000001c35eef1b70 GCTaskThread "GC Thread#3" [stack: 0x0000008c60900000,0x0000008c60a00000] [id=6732]
  0x000001c35eef05f0 GCTaskThread "GC Thread#4" [stack: 0x0000008c60a00000,0x0000008c60b00000] [id=16812]
  0x000001c35eef08a0 GCTaskThread "GC Thread#5" [stack: 0x0000008c61600000,0x0000008c61700000] [id=4436]
  0x000001c35eef18c0 GCTaskThread "GC Thread#6" [stack: 0x0000008c61700000,0x0000008c61800000] [id=15944]
  0x000001c35eef10b0 GCTaskThread "GC Thread#7" [stack: 0x0000008c61800000,0x0000008c61900000] [id=13480]
  0x000001c343829630 ConcurrentGCThread "G1 Main Marker" [stack: 0x0000008c5f500000,0x0000008c5f600000] [id=8680]
  0x000001c34382a040 ConcurrentGCThread "G1 Conc#0" [stack: 0x0000008c5f600000,0x0000008c5f700000] [id=12936]
  0x000001c35eef1360 ConcurrentGCThread "G1 Conc#1" [stack: 0x0000008c61900000,0x0000008c61a00000] [id=16732]
  0x000001c34387e390 ConcurrentGCThread "G1 Refine#0" [stack: 0x0000008c5f700000,0x0000008c5f800000] [id=9304]
  0x000001c3623fb760 ConcurrentGCThread "G1 Refine#1" [stack: 0x0000008c62800000,0x0000008c62900000] [id=10164]
  0x000001c3623fabe0 ConcurrentGCThread "G1 Refine#2" [stack: 0x0000008c68100000,0x0000008c68200000] [id=6788]
  0x000001c362422200 ConcurrentGCThread "G1 Refine#3" [stack: 0x0000008c60b00000,0x0000008c60c00000] [id=2128]
  0x000001c3691ad540 ConcurrentGCThread "G1 Refine#4" [stack: 0x0000008c69100000,0x0000008c69200000] [id=15232]
  0x000001c362612180 ConcurrentGCThread "G1 Refine#5" [stack: 0x0000008c69200000,0x0000008c69300000] [id=16524]
  0x000001c35d4780f0 ConcurrentGCThread "G1 Service" [stack: 0x0000008c5f800000,0x0000008c5f900000] [id=15164]

Threads with active compile tasks:
C2 CompilerThread0    20868 14804   !   4       org.gradle.internal.classloader.CachingClassLoader::loadClass (85 bytes)
C2 CompilerThread1    20869 14797       4       com.android.utils.XmlUtils::append (597 bytes)
C2 CompilerThread2    20869 14745       4       com.android.ide.common.resources.NodeUtils::updateNamespace (167 bytes)

VM state: at safepoint (normal execution)

VM Mutex/Monitor currently owned by a thread:  ([mutex/lock_event])
[0x000001c3437bc1e0] Threads_lock - owner thread: 0x000001c35d620950
[0x000001c3437bbfa0] Heap_lock - owner thread: 0x000001c3622043d0

Heap address: 0x0000000080000000, size: 2048 MB, Compressed Oops mode: 32-bit

CDS archive(s) not mapped
Compressed class space mapped at: 0x0000000100000000-0x0000000140000000, reserved size: 1073741824
Narrow klass base: 0x0000000000000000, Narrow klass shift: 3, Narrow klass range: 0x140000000

GC Precious Log:
 CPUs: 8 total, 8 available
 Memory: 7991M
 Large Page Support: Disabled
 NUMA Support: Disabled
 Compressed Oops: Enabled (32-bit)
 Heap Region Size: 1M
 Heap Min Capacity: 8M
 Heap Initial Capacity: 126M
 Heap Max Capacity: 2G
 Pre-touch: Disabled
 Parallel Workers: 8
 Concurrent Workers: 2
 Concurrent Refinement Workers: 8
 Periodic GC: Disabled

Heap:
 garbage-first heap   total 243712K, used 169205K [0x0000000080000000, 0x0000000100000000)
  region size 1024K, 5 young (5120K), 5 survivors (5120K)
 Metaspace       used 107064K, committed 107840K, reserved 1146880K
  class space    used 14268K, committed 14656K, reserved 1048576K

Heap Regions: E=young(eden), S=young(survivor), O=old, HS=humongous(starts), HC=humongous(continues), CS=collection set, F=free, OA=open archive, CA=closed archive, TAMS=top-at-mark-start (previous, next)
|   0|0x0000000080000000, 0x0000000080100000, 0x0000000080100000|100%|HS|  |TAMS 0x0000000080100000, 0x0000000080100000| Complete 
|   1|0x0000000080100000, 0x0000000080200000, 0x0000000080200000|100%|HC|  |TAMS 0x0000000080200000, 0x0000000080200000| Complete 
|   2|0x0000000080200000, 0x0000000080300000, 0x0000000080300000|100%|HC|  |TAMS 0x0000000080300000, 0x0000000080300000| Complete 
|   3|0x0000000080300000, 0x0000000080400000, 0x0000000080400000|100%|HC|  |TAMS 0x0000000080400000, 0x0000000080400000| Complete 
|   4|0x0000000080400000, 0x0000000080500000, 0x0000000080500000|100%| O|  |TAMS 0x0000000080500000, 0x0000000080500000| Untracked 
|   5|0x0000000080500000, 0x0000000080600000, 0x0000000080600000|100%| O|  |TAMS 0x0000000080600000, 0x0000000080600000| Untracked 
|   6|0x0000000080600000, 0x0000000080700000, 0x0000000080700000|100%| O|  |TAMS 0x0000000080700000, 0x0000000080700000| Untracked 
|   7|0x0000000080700000, 0x0000000080800000, 0x0000000080800000|100%| O|  |TAMS 0x0000000080800000, 0x0000000080800000| Untracked 
|   8|0x0000000080800000, 0x0000000080900000, 0x0000000080900000|100%| O|  |TAMS 0x0000000080900000, 0x0000000080900000| Untracked 
|   9|0x0000000080900000, 0x0000000080a00000, 0x0000000080a00000|100%| O|  |TAMS 0x0000000080a00000, 0x0000000080a00000| Untracked 
|  10|0x0000000080a00000, 0x0000000080b00000, 0x0000000080b00000|100%| O|  |TAMS 0x0000000080b00000, 0x0000000080b00000| Untracked 
|  11|0x0000000080b00000, 0x0000000080c00000, 0x0000000080c00000|100%| O|  |TAMS 0x0000000080c00000, 0x0000000080c00000| Untracked 
|  12|0x0000000080c00000, 0x0000000080d00000, 0x0000000080d00000|100%| O|  |TAMS 0x0000000080d00000, 0x0000000080d00000| Untracked 
|  13|0x0000000080d00000, 0x0000000080e00000, 0x0000000080e00000|100%| O|  |TAMS 0x0000000080e00000, 0x0000000080e00000| Untracked 
|  14|0x0000000080e00000, 0x0000000080f00000, 0x0000000080f00000|100%| O|  |TAMS 0x0000000080f00000, 0x0000000080f00000| Untracked 
|  15|0x0000000080f00000, 0x0000000081000000, 0x0000000081000000|100%| O|  |TAMS 0x0000000081000000, 0x0000000081000000| Untracked 
|  16|0x0000000081000000, 0x0000000081100000, 0x0000000081100000|100%| O|  |TAMS 0x0000000081100000, 0x0000000081100000| Untracked 
|  17|0x0000000081100000, 0x0000000081200000, 0x0000000081200000|100%| O|  |TAMS 0x0000000081200000, 0x0000000081200000| Untracked 
|  18|0x0000000081200000, 0x0000000081300000, 0x0000000081300000|100%| O|  |TAMS 0x0000000081300000, 0x0000000081300000| Untracked 
|  19|0x0000000081300000, 0x0000000081400000, 0x0000000081400000|100%| O|  |TAMS 0x0000000081400000, 0x0000000081400000| Untracked 
|  20|0x0000000081400000, 0x0000000081500000, 0x0000000081500000|100%| O|  |TAMS 0x0000000081500000, 0x0000000081500000| Untracked 
|  21|0x0000000081500000, 0x0000000081600000, 0x0000000081600000|100%| O|  |TAMS 0x0000000081600000, 0x0000000081600000| Untracked 
|  22|0x0000000081600000, 0x0000000081700000, 0x0000000081700000|100%| O|  |TAMS 0x0000000081700000, 0x0000000081700000| Untracked 
|  23|0x0000000081700000, 0x0000000081800000, 0x0000000081800000|100%| O|  |TAMS 0x0000000081800000, 0x0000000081800000| Untracked 
|  24|0x0000000081800000, 0x0000000081900000, 0x0000000081900000|100%| O|  |TAMS 0x0000000081900000, 0x0000000081900000| Untracked 
|  25|0x0000000081900000, 0x0000000081a00000, 0x0000000081a00000|100%| O|  |TAMS 0x0000000081a00000, 0x0000000081a00000| Untracked 
|  26|0x0000000081a00000, 0x0000000081b00000, 0x0000000081b00000|100%| O|  |TAMS 0x0000000081b00000, 0x0000000081b00000| Untracked 
|  27|0x0000000081b00000, 0x0000000081c00000, 0x0000000081c00000|100%| O|  |TAMS 0x0000000081b00000, 0x0000000081c00000| Untracked 
|  28|0x0000000081c00000, 0x0000000081d00000, 0x0000000081d00000|100%| O|  |TAMS 0x0000000081d00000, 0x0000000081d00000| Untracked 
|  29|0x0000000081d00000, 0x0000000081e00000, 0x0000000081e00000|100%|HS|  |TAMS 0x0000000081e00000, 0x0000000081e00000| Complete 
|  30|0x0000000081e00000, 0x0000000081f00000, 0x0000000081f00000|100%|HS|  |TAMS 0x0000000081f00000, 0x0000000081f00000| Complete 
|  31|0x0000000081f00000, 0x0000000082000000, 0x0000000082000000|100%|HS|  |TAMS 0x0000000082000000, 0x0000000082000000| Complete 
|  32|0x0000000082000000, 0x0000000082100000, 0x0000000082100000|100%|HC|  |TAMS 0x0000000082100000, 0x0000000082100000| Complete 
|  33|0x0000000082100000, 0x0000000082200000, 0x0000000082200000|100%|HS|  |TAMS 0x0000000082200000, 0x0000000082200000| Complete 
|  34|0x0000000082200000, 0x0000000082300000, 0x0000000082300000|100%| O|  |TAMS 0x0000000082300000, 0x0000000082300000| Untracked 
|  35|0x0000000082300000, 0x0000000082400000, 0x0000000082400000|100%| O|  |TAMS 0x0000000082400000, 0x0000000082400000| Untracked 
|  36|0x0000000082400000, 0x0000000082500000, 0x0000000082500000|100%| O|  |TAMS 0x0000000082500000, 0x0000000082500000| Untracked 
|  37|0x0000000082500000, 0x0000000082600000, 0x0000000082600000|100%| O|  |TAMS 0x0000000082600000, 0x0000000082600000| Untracked 
|  38|0x0000000082600000, 0x0000000082700000, 0x0000000082700000|100%| O|  |TAMS 0x0000000082700000, 0x0000000082700000| Untracked 
|  39|0x0000000082700000, 0x0000000082800000, 0x0000000082800000|100%| O|  |TAMS 0x0000000082800000, 0x0000000082800000| Untracked 
|  40|0x0000000082800000, 0x0000000082900000, 0x0000000082900000|100%| O|  |TAMS 0x0000000082900000, 0x0000000082900000| Untracked 
|  41|0x0000000082900000, 0x0000000082a00000, 0x0000000082a00000|100%|HS|  |TAMS 0x0000000082a00000, 0x0000000082a00000| Complete 
|  42|0x0000000082a00000, 0x0000000082b00000, 0x0000000082b00000|100%|HC|  |TAMS 0x0000000082b00000, 0x0000000082b00000| Complete 
|  43|0x0000000082b00000, 0x0000000082c00000, 0x0000000082c00000|100%|HC|  |TAMS 0x0000000082c00000, 0x0000000082c00000| Complete 
|  44|0x0000000082c00000, 0x0000000082d00000, 0x0000000082d00000|100%|HC|  |TAMS 0x0000000082d00000, 0x0000000082d00000| Complete 
|  45|0x0000000082d00000, 0x0000000082e00000, 0x0000000082e00000|100%| O|  |TAMS 0x0000000082e00000, 0x0000000082e00000| Untracked 
|  46|0x0000000082e00000, 0x0000000082f00000, 0x0000000082f00000|100%| O|  |TAMS 0x0000000082f00000, 0x0000000082f00000| Untracked 
|  47|0x0000000082f00000, 0x0000000083000000, 0x0000000083000000|100%| O|  |TAMS 0x0000000083000000, 0x0000000083000000| Untracked 
|  48|0x0000000083000000, 0x0000000083100000, 0x0000000083100000|100%| O|  |TAMS 0x0000000083100000, 0x0000000083100000| Untracked 
|  49|0x0000000083100000, 0x0000000083200000, 0x0000000083200000|100%| O|  |TAMS 0x0000000083200000, 0x0000000083200000| Untracked 
|  50|0x0000000083200000, 0x0000000083300000, 0x0000000083300000|100%| O|  |TAMS 0x0000000083200000, 0x0000000083300000| Untracked 
|  51|0x0000000083300000, 0x0000000083400000, 0x0000000083400000|100%| O|  |TAMS 0x0000000083400000, 0x0000000083400000| Untracked 
|  52|0x0000000083400000, 0x0000000083500000, 0x0000000083500000|100%| O|  |TAMS 0x0000000083500000, 0x0000000083500000| Untracked 
|  53|0x0000000083500000, 0x0000000083600000, 0x0000000083600000|100%| O|  |TAMS 0x0000000083600000, 0x0000000083600000| Untracked 
|  54|0x0000000083600000, 0x0000000083700000, 0x0000000083700000|100%| O|  |TAMS 0x0000000083700000, 0x0000000083700000| Untracked 
|  55|0x0000000083700000, 0x0000000083800000, 0x0000000083800000|100%| O|  |TAMS 0x0000000083800000, 0x0000000083800000| Untracked 
|  56|0x0000000083800000, 0x0000000083900000, 0x0000000083900000|100%| O|  |TAMS 0x0000000083900000, 0x0000000083900000| Untracked 
|  57|0x0000000083900000, 0x0000000083a00000, 0x0000000083a00000|100%| O|  |TAMS 0x0000000083a00000, 0x0000000083a00000| Untracked 
|  58|0x0000000083a00000, 0x0000000083b00000, 0x0000000083b00000|100%| O|  |TAMS 0x0000000083b00000, 0x0000000083b00000| Untracked 
|  59|0x0000000083b00000, 0x0000000083c00000, 0x0000000083c00000|100%| O|  |TAMS 0x0000000083c00000, 0x0000000083c00000| Untracked 
|  60|0x0000000083c00000, 0x0000000083d00000, 0x0000000083d00000|100%| O|  |TAMS 0x0000000083d00000, 0x0000000083d00000| Untracked 
|  61|0x0000000083d00000, 0x0000000083e00000, 0x0000000083e00000|100%| O|  |TAMS 0x0000000083e00000, 0x0000000083e00000| Untracked 
|  62|0x0000000083e00000, 0x0000000083f00000, 0x0000000083f00000|100%| O|  |TAMS 0x0000000083f00000, 0x0000000083f00000| Untracked 
|  63|0x0000000083f00000, 0x0000000084000000, 0x0000000084000000|100%| O|  |TAMS 0x0000000083ffcc00, 0x0000000084000000| Untracked 
|  64|0x0000000084000000, 0x0000000084100000, 0x0000000084100000|100%| O|  |TAMS 0x0000000084000000, 0x0000000084100000| Untracked 
|  65|0x0000000084100000, 0x0000000084200000, 0x0000000084200000|100%| O|  |TAMS 0x0000000084100000, 0x0000000084200000| Untracked 
|  66|0x0000000084200000, 0x0000000084300000, 0x0000000084300000|100%| O|  |TAMS 0x0000000084200000, 0x0000000084300000| Untracked 
|  67|0x0000000084300000, 0x0000000084400000, 0x0000000084400000|100%| O|  |TAMS 0x0000000084300000, 0x0000000084400000| Untracked 
|  68|0x0000000084400000, 0x0000000084500000, 0x0000000084500000|100%| O|  |TAMS 0x0000000084400000, 0x0000000084500000| Untracked 
|  69|0x0000000084500000, 0x0000000084600000, 0x0000000084600000|100%| O|  |TAMS 0x0000000084500000, 0x0000000084600000| Untracked 
|  70|0x0000000084600000, 0x0000000084700000, 0x0000000084700000|100%| O|  |TAMS 0x0000000084600000, 0x0000000084700000| Untracked 
|  71|0x0000000084700000, 0x0000000084800000, 0x0000000084800000|100%| O|  |TAMS 0x0000000084700000, 0x0000000084800000| Untracked 
|  72|0x0000000084800000, 0x0000000084900000, 0x0000000084900000|100%| O|  |TAMS 0x0000000084800000, 0x0000000084900000| Untracked 
|  73|0x0000000084900000, 0x0000000084a00000, 0x0000000084a00000|100%| O|  |TAMS 0x0000000084900000, 0x0000000084a00000| Untracked 
|  74|0x0000000084a00000, 0x0000000084b00000, 0x0000000084b00000|100%| O|  |TAMS 0x0000000084a00000, 0x0000000084b00000| Untracked 
|  75|0x0000000084b00000, 0x0000000084c00000, 0x0000000084c00000|100%| O|  |TAMS 0x0000000084b00000, 0x0000000084c00000| Untracked 
|  76|0x0000000084c00000, 0x0000000084d00000, 0x0000000084d00000|100%| O|  |TAMS 0x0000000084c00000, 0x0000000084d00000| Untracked 
|  77|0x0000000084d00000, 0x0000000084e00000, 0x0000000084e00000|100%| O|  |TAMS 0x0000000084d00000, 0x0000000084e00000| Untracked 
|  78|0x0000000084e00000, 0x0000000084f00000, 0x0000000084f00000|100%| O|  |TAMS 0x0000000084e00000, 0x0000000084f00000| Untracked 
|  79|0x0000000084f00000, 0x0000000085000000, 0x0000000085000000|100%| O|  |TAMS 0x0000000084f00000, 0x0000000085000000| Untracked 
|  80|0x0000000085000000, 0x0000000085100000, 0x0000000085100000|100%| O|  |TAMS 0x0000000085000000, 0x0000000085100000| Untracked 
|  81|0x0000000085100000, 0x0000000085200000, 0x0000000085200000|100%| O|  |TAMS 0x0000000085100000, 0x0000000085200000| Untracked 
|  82|0x0000000085200000, 0x0000000085300000, 0x0000000085300000|100%| O|  |TAMS 0x0000000085200000, 0x0000000085300000| Untracked 
|  83|0x0000000085300000, 0x0000000085400000, 0x0000000085400000|100%| O|  |TAMS 0x0000000085300000, 0x0000000085400000| Untracked 
|  84|0x0000000085400000, 0x0000000085500000, 0x0000000085500000|100%| O|  |TAMS 0x0000000085400000, 0x0000000085500000| Untracked 
|  85|0x0000000085500000, 0x0000000085600000, 0x0000000085600000|100%| O|  |TAMS 0x0000000085500000, 0x0000000085600000| Untracked 
|  86|0x0000000085600000, 0x0000000085700000, 0x0000000085700000|100%| O|  |TAMS 0x0000000085600000, 0x0000000085700000| Untracked 
|  87|0x0000000085700000, 0x0000000085800000, 0x0000000085800000|100%| O|  |TAMS 0x0000000085700000, 0x0000000085800000| Untracked 
|  88|0x0000000085800000, 0x0000000085900000, 0x0000000085900000|100%| O|  |TAMS 0x0000000085800000, 0x0000000085900000| Untracked 
|  89|0x0000000085900000, 0x0000000085a00000, 0x0000000085a00000|100%| O|  |TAMS 0x0000000085900000, 0x0000000085a00000| Untracked 
|  90|0x0000000085a00000, 0x0000000085b00000, 0x0000000085b00000|100%| O|  |TAMS 0x0000000085a00000, 0x0000000085b00000| Untracked 
|  91|0x0000000085b00000, 0x0000000085c00000, 0x0000000085c00000|100%| O|  |TAMS 0x0000000085b00000, 0x0000000085c00000| Untracked 
|  92|0x0000000085c00000, 0x0000000085d00000, 0x0000000085d00000|100%| O|  |TAMS 0x0000000085c00000, 0x0000000085d00000| Untracked 
|  93|0x0000000085d00000, 0x0000000085e00000, 0x0000000085e00000|100%| O|  |TAMS 0x0000000085d00000, 0x0000000085e00000| Untracked 
|  94|0x0000000085e00000, 0x0000000085f00000, 0x0000000085f00000|100%| O|  |TAMS 0x0000000085e00000, 0x0000000085f00000| Untracked 
|  95|0x0000000085f00000, 0x0000000086000000, 0x0000000086000000|100%| O|  |TAMS 0x0000000085f00000, 0x0000000086000000| Untracked 
|  96|0x0000000086000000, 0x0000000086100000, 0x0000000086100000|100%| O|  |TAMS 0x0000000086000000, 0x0000000086100000| Untracked 
|  97|0x0000000086100000, 0x0000000086200000, 0x0000000086200000|100%| O|  |TAMS 0x0000000086100000, 0x0000000086200000| Untracked 
|  98|0x0000000086200000, 0x0000000086300000, 0x0000000086300000|100%| O|  |TAMS 0x0000000086200000, 0x0000000086300000| Untracked 
|  99|0x0000000086300000, 0x0000000086400000, 0x0000000086400000|100%| O|  |TAMS 0x0000000086300000, 0x0000000086400000| Untracked 
| 100|0x0000000086400000, 0x0000000086500000, 0x0000000086500000|100%| O|  |TAMS 0x0000000086400000, 0x0000000086500000| Untracked 
| 101|0x0000000086500000, 0x0000000086600000, 0x0000000086600000|100%| O|  |TAMS 0x0000000086500000, 0x0000000086600000| Untracked 
| 102|0x0000000086600000, 0x0000000086700000, 0x0000000086700000|100%| O|  |TAMS 0x0000000086600000, 0x0000000086700000| Untracked 
| 103|0x0000000086700000, 0x0000000086800000, 0x0000000086800000|100%| O|  |TAMS 0x0000000086700000, 0x0000000086800000| Untracked 
| 104|0x0000000086800000, 0x0000000086900000, 0x0000000086900000|100%| O|  |TAMS 0x0000000086800000, 0x0000000086900000| Untracked 
| 105|0x0000000086900000, 0x0000000086a00000, 0x0000000086a00000|100%| O|  |TAMS 0x0000000086900000, 0x0000000086a00000| Untracked 
| 106|0x0000000086a00000, 0x0000000086b00000, 0x0000000086b00000|100%| O|  |TAMS 0x0000000086a00000, 0x0000000086b00000| Untracked 
| 107|0x0000000086b00000, 0x0000000086c00000, 0x0000000086c00000|100%| O|  |TAMS 0x0000000086b00000, 0x0000000086c00000| Untracked 
| 108|0x0000000086c00000, 0x0000000086d00000, 0x0000000086d00000|100%| O|  |TAMS 0x0000000086c00000, 0x0000000086d00000| Untracked 
| 109|0x0000000086d00000, 0x0000000086e00000, 0x0000000086e00000|100%| O|  |TAMS 0x0000000086d00000, 0x0000000086e00000| Untracked 
| 110|0x0000000086e00000, 0x0000000086f00000, 0x0000000086f00000|100%| O|  |TAMS 0x0000000086e00000, 0x0000000086f00000| Untracked 
| 111|0x0000000086f00000, 0x0000000087000000, 0x0000000087000000|100%| O|  |TAMS 0x0000000086f00000, 0x0000000087000000| Untracked 
| 112|0x0000000087000000, 0x0000000087100000, 0x0000000087100000|100%| O|  |TAMS 0x0000000087000000, 0x0000000087100000| Untracked 
| 113|0x0000000087100000, 0x0000000087200000, 0x0000000087200000|100%| O|  |TAMS 0x0000000087100000, 0x0000000087200000| Untracked 
| 114|0x0000000087200000, 0x0000000087300000, 0x0000000087300000|100%|HS|  |TAMS 0x0000000087200000, 0x0000000087300000| Complete 
| 115|0x0000000087300000, 0x0000000087400000, 0x0000000087400000|100%|HC|  |TAMS 0x0000000087300000, 0x0000000087400000| Complete 
| 116|0x0000000087400000, 0x0000000087500000, 0x0000000087500000|100%| O|  |TAMS 0x0000000087400000, 0x0000000087500000| Untracked 
| 117|0x0000000087500000, 0x0000000087600000, 0x0000000087600000|100%| O|  |TAMS 0x0000000087500000, 0x0000000087600000| Untracked 
| 118|0x0000000087600000, 0x0000000087700000, 0x0000000087700000|100%| O|  |TAMS 0x0000000087600000, 0x0000000087700000| Untracked 
| 119|0x0000000087700000, 0x0000000087800000, 0x0000000087800000|100%| O|  |TAMS 0x0000000087700000, 0x0000000087800000| Untracked 
| 120|0x0000000087800000, 0x0000000087900000, 0x0000000087900000|100%| O|  |TAMS 0x0000000087800000, 0x0000000087900000| Untracked 
| 121|0x0000000087900000, 0x0000000087a00000, 0x0000000087a00000|100%| O|  |TAMS 0x0000000087900000, 0x0000000087a00000| Untracked 
| 122|0x0000000087a00000, 0x0000000087b00000, 0x0000000087b00000|100%| O|  |TAMS 0x0000000087a00000, 0x0000000087b00000| Untracked 
| 123|0x0000000087b00000, 0x0000000087c00000, 0x0000000087c00000|100%| O|  |TAMS 0x0000000087b00000, 0x0000000087c00000| Untracked 
| 124|0x0000000087c00000, 0x0000000087d00000, 0x0000000087d00000|100%| O|  |TAMS 0x0000000087c00000, 0x0000000087d00000| Untracked 
| 125|0x0000000087d00000, 0x0000000087e00000, 0x0000000087e00000|100%| O|  |TAMS 0x0000000087d00000, 0x0000000087e00000| Untracked 
| 126|0x0000000087e00000, 0x0000000087f00000, 0x0000000087f00000|100%| O|  |TAMS 0x0000000087e00000, 0x0000000087f00000| Untracked 
| 127|0x0000000087f00000, 0x0000000088000000, 0x0000000088000000|100%| O|  |TAMS 0x0000000087f00000, 0x0000000088000000| Untracked 
| 128|0x0000000088000000, 0x0000000088100000, 0x0000000088100000|100%| O|  |TAMS 0x0000000088000000, 0x0000000088100000| Untracked 
| 129|0x0000000088100000, 0x0000000088200000, 0x0000000088200000|100%| O|  |TAMS 0x0000000088100000, 0x0000000088200000| Untracked 
| 130|0x0000000088200000, 0x0000000088300000, 0x0000000088300000|100%| O|  |TAMS 0x0000000088200000, 0x0000000088300000| Untracked 
| 131|0x0000000088300000, 0x0000000088400000, 0x0000000088400000|100%| O|  |TAMS 0x0000000088300000, 0x0000000088400000| Untracked 
| 132|0x0000000088400000, 0x0000000088500000, 0x0000000088500000|100%| O|  |TAMS 0x0000000088400000, 0x0000000088500000| Untracked 
| 133|0x0000000088500000, 0x0000000088600000, 0x0000000088600000|100%| O|  |TAMS 0x0000000088500000, 0x0000000088600000| Untracked 
| 134|0x0000000088600000, 0x0000000088700000, 0x0000000088700000|100%| O|  |TAMS 0x0000000088600000, 0x0000000088700000| Untracked 
| 135|0x0000000088700000, 0x0000000088800000, 0x0000000088800000|100%| O|  |TAMS 0x0000000088700000, 0x0000000088800000| Untracked 
| 136|0x0000000088800000, 0x0000000088900000, 0x0000000088900000|100%| O|  |TAMS 0x0000000088800000, 0x0000000088900000| Untracked 
| 137|0x0000000088900000, 0x0000000088a00000, 0x0000000088a00000|100%| O|  |TAMS 0x0000000088900000, 0x0000000088a00000| Untracked 
| 138|0x0000000088a00000, 0x0000000088b00000, 0x0000000088b00000|100%| O|  |TAMS 0x0000000088a00000, 0x0000000088b00000| Untracked 
| 139|0x0000000088b00000, 0x0000000088c00000, 0x0000000088c00000|100%| O|  |TAMS 0x0000000088b00000, 0x0000000088c00000| Untracked 
| 140|0x0000000088c00000, 0x0000000088d00000, 0x0000000088d00000|100%| O|  |TAMS 0x0000000088c00000, 0x0000000088d00000| Untracked 
| 141|0x0000000088d00000, 0x0000000088e00000, 0x0000000088e00000|100%| O|  |TAMS 0x0000000088d00000, 0x0000000088e00000| Untracked 
| 142|0x0000000088e00000, 0x0000000088f00000, 0x0000000088f00000|100%| O|  |TAMS 0x0000000088e00000, 0x0000000088f00000| Untracked 
| 143|0x0000000088f00000, 0x0000000089000000, 0x0000000089000000|100%| O|  |TAMS 0x0000000088f00000, 0x0000000089000000| Untracked 
| 144|0x0000000089000000, 0x0000000089100000, 0x0000000089100000|100%| O|  |TAMS 0x0000000089000000, 0x0000000089100000| Untracked 
| 145|0x0000000089100000, 0x0000000089100000, 0x0000000089200000|  0%| F|  |TAMS 0x0000000089100000, 0x0000000089100000| Untracked 
| 146|0x0000000089200000, 0x0000000089200000, 0x0000000089300000|  0%| F|  |TAMS 0x0000000089200000, 0x0000000089200000| Untracked 
| 147|0x0000000089300000, 0x0000000089300000, 0x0000000089400000|  0%| F|  |TAMS 0x0000000089300000, 0x0000000089300000| Untracked 
| 148|0x0000000089400000, 0x0000000089400000, 0x0000000089500000|  0%| F|  |TAMS 0x0000000089400000, 0x0000000089400000| Untracked 
| 149|0x0000000089500000, 0x0000000089500000, 0x0000000089600000|  0%| F|  |TAMS 0x0000000089500000, 0x0000000089500000| Untracked 
| 150|0x0000000089600000, 0x0000000089700000, 0x0000000089700000|100%| O|  |TAMS 0x0000000089600000, 0x0000000089600000| Untracked 
| 151|0x0000000089700000, 0x0000000089800000, 0x0000000089800000|100%| O|  |TAMS 0x0000000089700000, 0x0000000089700000| Untracked 
| 152|0x0000000089800000, 0x0000000089900000, 0x0000000089900000|100%| O|  |TAMS 0x0000000089800000, 0x0000000089800000| Untracked 
| 153|0x0000000089900000, 0x0000000089a00000, 0x0000000089a00000|100%| O|  |TAMS 0x0000000089900000, 0x0000000089900000| Untracked 
| 154|0x0000000089a00000, 0x0000000089b00000, 0x0000000089b00000|100%| O|  |TAMS 0x0000000089a00000, 0x0000000089b00000| Untracked 
| 155|0x0000000089b00000, 0x0000000089c00000, 0x0000000089c00000|100%| O|  |TAMS 0x0000000089b00000, 0x0000000089c00000| Untracked 
| 156|0x0000000089c00000, 0x0000000089d00000, 0x0000000089d00000|100%| O|  |TAMS 0x0000000089c00000, 0x0000000089d00000| Untracked 
| 157|0x0000000089d00000, 0x0000000089e00000, 0x0000000089e00000|100%| O|  |TAMS 0x0000000089d00000, 0x0000000089e00000| Untracked 
| 158|0x0000000089e00000, 0x0000000089f00000, 0x0000000089f00000|100%| O|  |TAMS 0x0000000089e00000, 0x0000000089e00000| Untracked 
| 159|0x0000000089f00000, 0x000000008a000000, 0x000000008a000000|100%| O|  |TAMS 0x0000000089f00000, 0x0000000089f00000| Untracked 
| 160|0x000000008a000000, 0x000000008a100000, 0x000000008a100000|100%| O|  |TAMS 0x000000008a000000, 0x000000008a000000| Untracked 
| 161|0x000000008a100000, 0x000000008a200000, 0x000000008a200000|100%| O|  |TAMS 0x000000008a100000, 0x000000008a100000| Untracked 
| 162|0x000000008a200000, 0x000000008a23d400, 0x000000008a300000| 23%| O|  |TAMS 0x000000008a200000, 0x000000008a200000| Untracked 
| 163|0x000000008a300000, 0x000000008a300000, 0x000000008a400000|  0%| F|  |TAMS 0x000000008a300000, 0x000000008a300000| Untracked 
| 164|0x000000008a400000, 0x000000008a400000, 0x000000008a500000|  0%| F|  |TAMS 0x000000008a400000, 0x000000008a400000| Untracked 
| 165|0x000000008a500000, 0x000000008a500000, 0x000000008a600000|  0%| F|  |TAMS 0x000000008a500000, 0x000000008a500000| Untracked 
| 166|0x000000008a600000, 0x000000008a600000, 0x000000008a700000|  0%| F|  |TAMS 0x000000008a600000, 0x000000008a600000| Untracked 
| 167|0x000000008a700000, 0x000000008a700000, 0x000000008a800000|  0%| F|  |TAMS 0x000000008a700000, 0x000000008a700000| Untracked 
| 168|0x000000008a800000, 0x000000008a800000, 0x000000008a900000|  0%| F|  |TAMS 0x000000008a800000, 0x000000008a800000| Untracked 
| 169|0x000000008a900000, 0x000000008a900000, 0x000000008aa00000|  0%| F|  |TAMS 0x000000008a900000, 0x000000008a900000| Untracked 
| 170|0x000000008aa00000, 0x000000008aa00000, 0x000000008ab00000|  0%| F|  |TAMS 0x000000008aa00000, 0x000000008aa00000| Untracked 
| 171|0x000000008ab00000, 0x000000008ab00000, 0x000000008ac00000|  0%| F|  |TAMS 0x000000008ab00000, 0x000000008ab00000| Untracked 
| 172|0x000000008ac00000, 0x000000008ac00000, 0x000000008ad00000|  0%| F|  |TAMS 0x000000008ac00000, 0x000000008ac00000| Untracked 
| 173|0x000000008ad00000, 0x000000008ad00000, 0x000000008ae00000|  0%| F|  |TAMS 0x000000008ad00000, 0x000000008ad00000| Untracked 
| 174|0x000000008ae00000, 0x000000008af00000, 0x000000008af00000|100%| O|  |TAMS 0x000000008ae00000, 0x000000008ae00000| Untracked 
| 175|0x000000008af00000, 0x000000008b000000, 0x000000008b000000|100%| O|  |TAMS 0x000000008af00000, 0x000000008af00000| Untracked 
| 176|0x000000008b000000, 0x000000008b100000, 0x000000008b100000|100%| O|  |TAMS 0x000000008b000000, 0x000000008b000000| Untracked 
| 177|0x000000008b100000, 0x000000008b100000, 0x000000008b200000|  0%| F|  |TAMS 0x000000008b100000, 0x000000008b100000| Untracked 
| 178|0x000000008b200000, 0x000000008b200000, 0x000000008b300000|  0%| F|  |TAMS 0x000000008b200000, 0x000000008b200000| Untracked 
| 179|0x000000008b300000, 0x000000008b300000, 0x000000008b400000|  0%| F|  |TAMS 0x000000008b300000, 0x000000008b300000| Untracked 
| 180|0x000000008b400000, 0x000000008b400000, 0x000000008b500000|  0%| F|  |TAMS 0x000000008b400000, 0x000000008b400000| Untracked 
| 181|0x000000008b500000, 0x000000008b500000, 0x000000008b600000|  0%| F|  |TAMS 0x000000008b500000, 0x000000008b500000| Untracked 
| 182|0x000000008b600000, 0x000000008b600000, 0x000000008b700000|  0%| F|  |TAMS 0x000000008b600000, 0x000000008b600000| Untracked 
| 183|0x000000008b700000, 0x000000008b700000, 0x000000008b800000|  0%| F|  |TAMS 0x000000008b700000, 0x000000008b700000| Untracked 
| 184|0x000000008b800000, 0x000000008b800000, 0x000000008b900000|  0%| F|  |TAMS 0x000000008b800000, 0x000000008b800000| Untracked 
| 185|0x000000008b900000, 0x000000008b900000, 0x000000008ba00000|  0%| F|  |TAMS 0x000000008b900000, 0x000000008b900000| Untracked 
| 186|0x000000008ba00000, 0x000000008ba00000, 0x000000008bb00000|  0%| F|  |TAMS 0x000000008ba00000, 0x000000008ba00000| Untracked 
| 187|0x000000008bb00000, 0x000000008bb00000, 0x000000008bc00000|  0%| F|  |TAMS 0x000000008bb00000, 0x000000008bb00000| Untracked 
| 188|0x000000008bc00000, 0x000000008bc00000, 0x000000008bd00000|  0%| F|  |TAMS 0x000000008bc00000, 0x000000008bc00000| Untracked 
| 189|0x000000008bd00000, 0x000000008bd00000, 0x000000008be00000|  0%| F|  |TAMS 0x000000008bd00000, 0x000000008bd00000| Untracked 
| 190|0x000000008be00000, 0x000000008be00000, 0x000000008bf00000|  0%| F|  |TAMS 0x000000008be00000, 0x000000008be00000| Untracked 
| 191|0x000000008bf00000, 0x000000008bf00000, 0x000000008c000000|  0%| F|  |TAMS 0x000000008bf00000, 0x000000008bf00000| Untracked 
| 192|0x000000008c000000, 0x000000008c000000, 0x000000008c100000|  0%| F|  |TAMS 0x000000008c000000, 0x000000008c000000| Untracked 
| 193|0x000000008c100000, 0x000000008c100000, 0x000000008c200000|  0%| F|  |TAMS 0x000000008c100000, 0x000000008c100000| Untracked 
| 194|0x000000008c200000, 0x000000008c200000, 0x000000008c300000|  0%| F|  |TAMS 0x000000008c200000, 0x000000008c200000| Untracked 
| 195|0x000000008c300000, 0x000000008c300000, 0x000000008c400000|  0%| F|  |TAMS 0x000000008c300000, 0x000000008c300000| Untracked 
| 196|0x000000008c400000, 0x000000008c500000, 0x000000008c500000|100%| S|CS|TAMS 0x000000008c400000, 0x000000008c400000| Complete 
| 197|0x000000008c500000, 0x000000008c600000, 0x000000008c600000|100%| S|CS|TAMS 0x000000008c500000, 0x000000008c500000| Complete 
| 198|0x000000008c600000, 0x000000008c700000, 0x000000008c700000|100%| S|CS|TAMS 0x000000008c600000, 0x000000008c600000| Complete 
| 199|0x000000008c700000, 0x000000008c800000, 0x000000008c800000|100%| S|CS|TAMS 0x000000008c700000, 0x000000008c700000| Complete 
| 200|0x000000008c800000, 0x000000008c900000, 0x000000008c900000|100%| S|CS|TAMS 0x000000008c800000, 0x000000008c800000| Complete 
| 201|0x000000008c900000, 0x000000008c900000, 0x000000008ca00000|  0%| F|  |TAMS 0x000000008c900000, 0x000000008c900000| Untracked 
| 202|0x000000008ca00000, 0x000000008ca00000, 0x000000008cb00000|  0%| F|  |TAMS 0x000000008ca00000, 0x000000008ca00000| Untracked 
| 203|0x000000008cb00000, 0x000000008cb00000, 0x000000008cc00000|  0%| F|  |TAMS 0x000000008cb00000, 0x000000008cb00000| Untracked 
| 204|0x000000008cc00000, 0x000000008cc00000, 0x000000008cd00000|  0%| F|  |TAMS 0x000000008cc00000, 0x000000008cc00000| Untracked 
| 205|0x000000008cd00000, 0x000000008cd00000, 0x000000008ce00000|  0%| F|  |TAMS 0x000000008cd00000, 0x000000008cd00000| Untracked 
| 206|0x000000008ce00000, 0x000000008ce00000, 0x000000008cf00000|  0%| F|  |TAMS 0x000000008ce00000, 0x000000008ce00000| Untracked 
| 207|0x000000008cf00000, 0x000000008cf00000, 0x000000008d000000|  0%| F|  |TAMS 0x000000008cf00000, 0x000000008cf00000| Untracked 
| 208|0x000000008d000000, 0x000000008d000000, 0x000000008d100000|  0%| F|  |TAMS 0x000000008d000000, 0x000000008d000000| Untracked 
| 209|0x000000008d100000, 0x000000008d100000, 0x000000008d200000|  0%| F|  |TAMS 0x000000008d100000, 0x000000008d100000| Untracked 
| 210|0x000000008d200000, 0x000000008d200000, 0x000000008d300000|  0%| F|  |TAMS 0x000000008d200000, 0x000000008d200000| Untracked 
| 211|0x000000008d300000, 0x000000008d300000, 0x000000008d400000|  0%| F|  |TAMS 0x000000008d300000, 0x000000008d300000| Untracked 
| 212|0x000000008d400000, 0x000000008d400000, 0x000000008d500000|  0%| F|  |TAMS 0x000000008d400000, 0x000000008d400000| Untracked 
| 213|0x000000008d500000, 0x000000008d500000, 0x000000008d600000|  0%| F|  |TAMS 0x000000008d500000, 0x000000008d500000| Untracked 
| 214|0x000000008d600000, 0x000000008d600000, 0x000000008d700000|  0%| F|  |TAMS 0x000000008d600000, 0x000000008d600000| Untracked 
| 215|0x000000008d700000, 0x000000008d700000, 0x000000008d800000|  0%| F|  |TAMS 0x000000008d700000, 0x000000008d700000| Untracked 
| 216|0x000000008d800000, 0x000000008d800000, 0x000000008d900000|  0%| F|  |TAMS 0x000000008d800000, 0x000000008d800000| Untracked 
| 217|0x000000008d900000, 0x000000008d900000, 0x000000008da00000|  0%| F|  |TAMS 0x000000008d900000, 0x000000008d900000| Untracked 
| 218|0x000000008da00000, 0x000000008da00000, 0x000000008db00000|  0%| F|  |TAMS 0x000000008da00000, 0x000000008da00000| Untracked 
| 219|0x000000008db00000, 0x000000008db00000, 0x000000008dc00000|  0%| F|  |TAMS 0x000000008db00000, 0x000000008db00000| Untracked 
| 220|0x000000008dc00000, 0x000000008dc00000, 0x000000008dd00000|  0%| F|  |TAMS 0x000000008dc00000, 0x000000008dc00000| Untracked 
| 221|0x000000008dd00000, 0x000000008dd00000, 0x000000008de00000|  0%| F|  |TAMS 0x000000008dd00000, 0x000000008dd00000| Untracked 
| 222|0x000000008de00000, 0x000000008de00000, 0x000000008df00000|  0%| F|  |TAMS 0x000000008de00000, 0x000000008de00000| Untracked 
| 223|0x000000008df00000, 0x000000008df00000, 0x000000008e000000|  0%| F|  |TAMS 0x000000008df00000, 0x000000008df00000| Untracked 
| 224|0x000000008e000000, 0x000000008e000000, 0x000000008e100000|  0%| F|  |TAMS 0x000000008e000000, 0x000000008e000000| Untracked 
| 225|0x000000008e100000, 0x000000008e100000, 0x000000008e200000|  0%| F|  |TAMS 0x000000008e100000, 0x000000008e100000| Untracked 
| 226|0x000000008e200000, 0x000000008e200000, 0x000000008e300000|  0%| F|  |TAMS 0x000000008e200000, 0x000000008e200000| Untracked 
| 227|0x000000008e300000, 0x000000008e300000, 0x000000008e400000|  0%| F|  |TAMS 0x000000008e300000, 0x000000008e300000| Untracked 
| 228|0x000000008e400000, 0x000000008e400000, 0x000000008e500000|  0%| F|  |TAMS 0x000000008e400000, 0x000000008e400000| Untracked 
| 229|0x000000008e500000, 0x000000008e500000, 0x000000008e600000|  0%| F|  |TAMS 0x000000008e500000, 0x000000008e500000| Untracked 
| 230|0x000000008e600000, 0x000000008e600000, 0x000000008e700000|  0%| F|  |TAMS 0x000000008e600000, 0x000000008e600000| Untracked 
| 231|0x000000008e700000, 0x000000008e700000, 0x000000008e800000|  0%| F|  |TAMS 0x000000008e700000, 0x000000008e700000| Untracked 
| 232|0x000000008e800000, 0x000000008e800000, 0x000000008e900000|  0%| F|  |TAMS 0x000000008e800000, 0x000000008e800000| Untracked 
| 233|0x000000008e900000, 0x000000008e900000, 0x000000008ea00000|  0%| F|  |TAMS 0x000000008e900000, 0x000000008e900000| Untracked 
| 234|0x000000008ea00000, 0x000000008ea00000, 0x000000008eb00000|  0%| F|  |TAMS 0x000000008ea00000, 0x000000008ea00000| Untracked 
| 235|0x000000008eb00000, 0x000000008eb00000, 0x000000008ec00000|  0%| F|  |TAMS 0x000000008eb00000, 0x000000008eb00000| Untracked 
| 236|0x000000008ec00000, 0x000000008ec00000, 0x000000008ed00000|  0%| F|  |TAMS 0x000000008ec00000, 0x000000008ec00000| Untracked 
| 237|0x000000008ed00000, 0x000000008ed00000, 0x000000008ee00000|  0%| F|  |TAMS 0x000000008ed00000, 0x000000008ed00000| Untracked 

Card table byte_map: [0x000001c3563b0000,0x000001c3567b0000] _byte_map_base: 0x000001c355fb0000

Marking Bits (Prev, Next): (CMBitMap*) 0x000001c343816d30, (CMBitMap*) 0x000001c343816cf0
 Prev Bits: [0x000001c358bb0000, 0x000001c35abb0000)
 Next Bits: [0x000001c356bb0000, 0x000001c358bb0000)

Polling page: 0x000001c341790000

Metaspace:

Usage:
  Non-class:     90.62 MB used.
      Class:     13.93 MB used.
       Both:    104.56 MB used.

Virtual space:
  Non-class space:       96.00 MB reserved,      91.00 MB ( 95%) committed,  12 nodes.
      Class space:        1.00 GB reserved,      14.31 MB (  1%) committed,  1 nodes.
             Both:        1.09 GB reserved,     105.31 MB (  9%) committed. 

Chunk freelists:
   Non-Class:  96.00 KB
       Class:  1.58 MB
        Both:  1.67 MB

MaxMetaspaceSize: unlimited
CompressedClassSpaceSize: 1.00 GB
Initial GC threshold: 21.00 MB
Current GC threshold: 125.31 MB
CDS: off
MetaspaceReclaimPolicy: balanced
 - commit_granule_bytes: 65536.
 - commit_granule_words: 8192.
 - virtual_space_node_default_size: 1048576.
 - enlarge_chunks_in_place: 1.
 - new_chunks_are_fully_committed: 0.
 - uncommit_free_chunks: 1.
 - use_allocation_guard: 0.
 - handle_deallocations: 1.


Internal statistics:

num_allocs_failed_limit: 6.
num_arena_births: 1150.
num_arena_deaths: 0.
num_vsnodes_births: 13.
num_vsnodes_deaths: 0.
num_space_committed: 1684.
num_space_uncommitted: 0.
num_chunks_returned_to_freelist: 6.
num_chunks_taken_from_freelist: 5146.
num_chunk_merges: 6.
num_chunk_splits: 3417.
num_chunks_enlarged: 2307.
num_purges: 0.
num_inconsistent_stats: 0.

CodeHeap 'non-profiled nmethods': size=120000Kb used=8437Kb max_used=8437Kb free=111563Kb
 bounds [0x000001c34e750000, 0x000001c34ef90000, 0x000001c355c80000]
CodeHeap 'profiled nmethods': size=120000Kb used=24319Kb max_used=24450Kb free=95680Kb
 bounds [0x000001c346c80000, 0x000001c348470000, 0x000001c34e1b0000]
CodeHeap 'non-nmethods': size=5760Kb used=2414Kb max_used=2458Kb free=3345Kb
 bounds [0x000001c34e1b0000, 0x000001c34e430000, 0x000001c34e750000]
 total_blobs=13491 nmethods=12551 adapters=852
 compilation: enabled
              stopped_count=0, restarted_count=0
 full_count=0

Compilation events (20 events):
Event: 20.838 Thread 0x000001c35e03c400 14928       2       java.io.ObjectStreamClass::classNamesEqual (59 bytes)
Event: 20.839 Thread 0x000001c35e03c400 nmethod 14928 0x000001c3482eaf90 code [0x000001c3482eb160, 0x000001c3482eb428]
Event: 20.839 Thread 0x000001c35e03c400 14933       2       java.util.LinkedHashMap::internalWriteEntries (34 bytes)
Event: 20.839 Thread 0x000001c35e03c400 nmethod 14933 0x000001c3482eaa90 code [0x000001c3482eac40, 0x000001c3482eae18]
Event: 20.839 Thread 0x000001c35e03c400 14930   !   2       java.io.ObjectStreamClass::invokeWriteObject (79 bytes)
Event: 20.839 Thread 0x000001c35e03c400 nmethod 14930 0x000001c3482e9c90 code [0x000001c3482e9ee0, 0x000001c3482ea608]
Event: 20.839 Thread 0x000001c35e03c400 14934       3       java.io.ObjectInputStream$BlockDataInputStream::readUTFBody (192 bytes)
Event: 20.840 Thread 0x000001c35e03c400 nmethod 14934 0x000001c3482e8b10 code [0x000001c3482e8d80, 0x000001c3482e9918]
Event: 20.840 Thread 0x000001c35e03c400 14932       2       java.io.ObjectInputStream$BlockDataInputStream::readLong (76 bytes)
Event: 20.840 Thread 0x000001c35e03c400 nmethod 14932 0x000001c3482e8610 code [0x000001c3482e87c0, 0x000001c3482e89a8]
Event: 20.840 Thread 0x000001c35e03c400 14935       2       java.io.ObjectStreamClass::initNonProxy (628 bytes)
Event: 20.842 Thread 0x000001c35e03c400 nmethod 14935 0x000001c3482e6510 code [0x000001c3482e68c0, 0x000001c3482e7e38]
Event: 20.842 Thread 0x000001c35e03c400 14855       2       java.io.ObjectInputStream$HandleTable::lookupObject (26 bytes)
Event: 20.842 Thread 0x000001c35e03c400 nmethod 14855 0x000001c3482e6090 code [0x000001c3482e6240, 0x000001c3482e63f8]
Event: 20.843 Thread 0x000001c35e03c400 14937       2       java.io.SerialCallbackContext::getObj (9 bytes)
Event: 20.843 Thread 0x000001c35e03c400 nmethod 14937 0x000001c3482e5c10 code [0x000001c3482e5dc0, 0x000001c3482e5f88]
Event: 20.844 Thread 0x000001c35e03c400 14938       2       java.io.ObjectOutputStream$HandleTable::<init> (45 bytes)
Event: 20.844 Thread 0x000001c35e03c400 nmethod 14938 0x000001c3482e5310 code [0x000001c3482e54e0, 0x000001c3482e5a38]
Event: 20.846 Thread 0x000001c35e03c400 14940       2       java.io.ObjectOutputStream::defaultWriteObject (54 bytes)
Event: 20.847 Thread 0x000001c35e03c400 nmethod 14940 0x000001c3482e4b90 code [0x000001c3482e4d80, 0x000001c3482e50c8]

GC Heap History (20 events):
Event: 6.697 GC heap after
{Heap after GC invocations=30 (full 0):
 garbage-first heap   total 243712K, used 74728K [0x0000000080000000, 0x0000000100000000)
  region size 1024K, 10 young (10240K), 10 survivors (10240K)
 Metaspace       used 85021K, committed 85632K, reserved 1130496K
  class space    used 11472K, committed 11776K, reserved 1048576K
}
Event: 6.700 GC heap before
{Heap before GC invocations=30 (full 0):
 garbage-first heap   total 243712K, used 75752K [0x0000000080000000, 0x0000000100000000)
  region size 1024K, 11 young (11264K), 10 survivors (10240K)
 Metaspace       used 85021K, committed 85632K, reserved 1130496K
  class space    used 11472K, committed 11776K, reserved 1048576K
}
Event: 6.705 GC heap after
{Heap after GC invocations=31 (full 0):
 garbage-first heap   total 243712K, used 74790K [0x0000000080000000, 0x0000000100000000)
  region size 1024K, 2 young (2048K), 2 survivors (2048K)
 Metaspace       used 85021K, committed 85632K, reserved 1130496K
  class space    used 11472K, committed 11776K, reserved 1048576K
}
Event: 7.842 GC heap before
{Heap before GC invocations=31 (full 0):
 garbage-first heap   total 243712K, used 186406K [0x0000000080000000, 0x0000000100000000)
  region size 1024K, 111 young (113664K), 2 survivors (2048K)
 Metaspace       used 94553K, committed 95168K, reserved 1138688K
  class space    used 12809K, committed 13120K, reserved 1048576K
}
Event: 7.850 GC heap after
{Heap after GC invocations=32 (full 0):
 garbage-first heap   total 243712K, used 85678K [0x0000000080000000, 0x0000000100000000)
  region size 1024K, 13 young (13312K), 13 survivors (13312K)
 Metaspace       used 94553K, committed 95168K, reserved 1138688K
  class space    used 12809K, committed 13120K, reserved 1048576K
}
Event: 10.914 GC heap before
{Heap before GC invocations=32 (full 0):
 garbage-first heap   total 243712K, used 186030K [0x0000000080000000, 0x0000000100000000)
  region size 1024K, 111 young (113664K), 13 survivors (13312K)
 Metaspace       used 99000K, committed 99776K, reserved 1138688K
  class space    used 13330K, committed 13696K, reserved 1048576K
}
Event: 10.927 GC heap after
{Heap after GC invocations=33 (full 0):
 garbage-first heap   total 243712K, used 102030K [0x0000000080000000, 0x0000000100000000)
  region size 1024K, 14 young (14336K), 14 survivors (14336K)
 Metaspace       used 99000K, committed 99776K, reserved 1138688K
  class space    used 13330K, committed 13696K, reserved 1048576K
}
Event: 11.319 GC heap before
{Heap before GC invocations=33 (full 0):
 garbage-first heap   total 243712K, used 188046K [0x0000000080000000, 0x0000000100000000)
  region size 1024K, 98 young (100352K), 14 survivors (14336K)
 Metaspace       used 100161K, committed 100864K, reserved 1138688K
  class space    used 13505K, committed 13824K, reserved 1048576K
}
Event: 11.331 GC heap after
{Heap after GC invocations=34 (full 0):
 garbage-first heap   total 243712K, used 111749K [0x0000000080000000, 0x0000000100000000)
  region size 1024K, 10 young (10240K), 10 survivors (10240K)
 Metaspace       used 100161K, committed 100864K, reserved 1138688K
  class space    used 13505K, committed 13824K, reserved 1048576K
}
Event: 11.646 GC heap before
{Heap before GC invocations=34 (full 0):
 garbage-first heap   total 243712K, used 190597K [0x0000000080000000, 0x0000000100000000)
  region size 1024K, 88 young (90112K), 10 survivors (10240K)
 Metaspace       used 100794K, committed 101504K, reserved 1138688K
  class space    used 13569K, committed 13888K, reserved 1048576K
}
Event: 11.653 GC heap after
{Heap after GC invocations=35 (full 0):
 garbage-first heap   total 243712K, used 116613K [0x0000000080000000, 0x0000000100000000)
  region size 1024K, 7 young (7168K), 7 survivors (7168K)
 Metaspace       used 100794K, committed 101504K, reserved 1138688K
  class space    used 13569K, committed 13888K, reserved 1048576K
}
Event: 16.594 GC heap before
{Heap before GC invocations=35 (full 0):
 garbage-first heap   total 243712K, used 203653K [0x0000000080000000, 0x0000000100000000)
  region size 1024K, 84 young (86016K), 7 survivors (7168K)
 Metaspace       used 103655K, committed 104448K, reserved 1146880K
  class space    used 13868K, committed 14272K, reserved 1048576K
}
Event: 16.605 GC heap after
{Heap after GC invocations=36 (full 0):
 garbage-first heap   total 243712K, used 138437K [0x0000000080000000, 0x0000000100000000)
  region size 1024K, 11 young (11264K), 11 survivors (11264K)
 Metaspace       used 103655K, committed 104448K, reserved 1146880K
  class space    used 13868K, committed 14272K, reserved 1048576K
}
Event: 19.774 GC heap before
{Heap before GC invocations=36 (full 0):
 garbage-first heap   total 243712K, used 195781K [0x0000000080000000, 0x0000000100000000)
  region size 1024K, 60 young (61440K), 11 survivors (11264K)
 Metaspace       used 104246K, committed 105024K, reserved 1146880K
  class space    used 13923K, committed 14336K, reserved 1048576K
}
Event: 19.785 GC heap after
{Heap after GC invocations=37 (full 0):
 garbage-first heap   total 243712K, used 151508K [0x0000000080000000, 0x0000000100000000)
  region size 1024K, 8 young (8192K), 8 survivors (8192K)
 Metaspace       used 104246K, committed 105024K, reserved 1146880K
  class space    used 13923K, committed 14336K, reserved 1048576K
}
Event: 20.573 GC heap before
{Heap before GC invocations=37 (full 0):
 garbage-first heap   total 243712K, used 192468K [0x0000000080000000, 0x0000000100000000)
  region size 1024K, 48 young (49152K), 8 survivors (8192K)
 Metaspace       used 106526K, committed 107264K, reserved 1146880K
  class space    used 14226K, committed 14592K, reserved 1048576K
}
Event: 20.580 GC heap after
{Heap after GC invocations=38 (full 0):
 garbage-first heap   total 243712K, used 156672K [0x0000000080000000, 0x0000000100000000)
  region size 1024K, 4 young (4096K), 4 survivors (4096K)
 Metaspace       used 106526K, committed 107264K, reserved 1146880K
  class space    used 14226K, committed 14592K, reserved 1048576K
}
Event: 20.728 GC heap before
{Heap before GC invocations=38 (full 0):
 garbage-first heap   total 243712K, used 190464K [0x0000000080000000, 0x0000000100000000)
  region size 1024K, 15 young (15360K), 4 survivors (4096K)
 Metaspace       used 106627K, committed 107392K, reserved 1146880K
  class space    used 14235K, committed 14592K, reserved 1048576K
}
Event: 20.734 GC heap after
{Heap after GC invocations=39 (full 0):
 garbage-first heap   total 243712K, used 168242K [0x0000000080000000, 0x0000000100000000)
  region size 1024K, 6 young (6144K), 6 survivors (6144K)
 Metaspace       used 106627K, committed 107392K, reserved 1146880K
  class space    used 14235K, committed 14592K, reserved 1048576K
}
Event: 20.848 GC heap before
{Heap before GC invocations=39 (full 0):
 garbage-first heap   total 243712K, used 204082K [0x0000000080000000, 0x0000000100000000)
  region size 1024K, 37 young (37888K), 6 survivors (6144K)
 Metaspace       used 107064K, committed 107840K, reserved 1146880K
  class space    used 14268K, committed 14656K, reserved 1048576K
}

Dll operation events (2 events):
Event: 0.004 Loaded shared library C:\Program Files\Android\Android Studio\jbr\bin\java.dll
Event: 0.335 Loaded shared library C:\Program Files\Android\Android Studio\jbr\bin\verify.dll

Deoptimization events (20 events):
Event: 20.775 Thread 0x000001c363b4b3f0 Uncommon trap: trap_request=0xffffff76 fr.pc=0x000001c34e776a1c relative=0x000000000000007c
Event: 20.775 Thread 0x000001c363b4b3f0 Uncommon trap: reason=predicate action=maybe_recompile pc=0x000001c34e776a1c method=java.util.ComparableTimSort.binarySort([Ljava/lang/Object;III)V @ 34 c2
Event: 20.775 Thread 0x000001c363b4b3f0 DEOPT PACKING pc=0x000001c34e776a1c sp=0x0000008c68af98a0
Event: 20.775 Thread 0x000001c363b4b3f0 DEOPT UNPACKING pc=0x000001c34e20a1a3 sp=0x0000008c68af9848 mode 2
Event: 20.776 Thread 0x000001c363b4b3f0 Uncommon trap: trap_request=0xffffffd6 fr.pc=0x000001c34ee1949c relative=0x00000000000008fc
Event: 20.776 Thread 0x000001c363b4b3f0 Uncommon trap: reason=array_check action=maybe_recompile pc=0x000001c34ee1949c method=java.util.TimSort.binarySort([Ljava/lang/Object;IIILjava/util/Comparator;)V @ 183 c2
Event: 20.776 Thread 0x000001c363b4b3f0 DEOPT PACKING pc=0x000001c34ee1949c sp=0x0000008c68af98c0
Event: 20.776 Thread 0x000001c363b4b3f0 DEOPT UNPACKING pc=0x000001c34e20a1a3 sp=0x0000008c68af9868 mode 2
Event: 20.777 Thread 0x000001c363b4b3f0 Uncommon trap: trap_request=0xffffffd6 fr.pc=0x000001c34ee1949c relative=0x00000000000008fc
Event: 20.777 Thread 0x000001c363b4b3f0 Uncommon trap: reason=array_check action=maybe_recompile pc=0x000001c34ee1949c method=java.util.TimSort.binarySort([Ljava/lang/Object;IIILjava/util/Comparator;)V @ 183 c2
Event: 20.777 Thread 0x000001c363b4b3f0 DEOPT PACKING pc=0x000001c34ee1949c sp=0x0000008c68af8700
Event: 20.777 Thread 0x000001c363b4b3f0 DEOPT UNPACKING pc=0x000001c34e20a1a3 sp=0x0000008c68af86a8 mode 2
Event: 20.807 Thread 0x000001c363b4b3f0 DEOPT PACKING pc=0x000001c347de6bd0 sp=0x0000008c68afa040
Event: 20.808 Thread 0x000001c363b4b3f0 DEOPT UNPACKING pc=0x000001c34e20ace3 sp=0x0000008c68af94a8 mode 0
Event: 20.820 Thread 0x000001c362203f00 DEOPT PACKING pc=0x000001c34794da7a sp=0x0000008c694fcc60
Event: 20.820 Thread 0x000001c362203f00 DEOPT UNPACKING pc=0x000001c34e20ace3 sp=0x0000008c694fc160 mode 0
Event: 20.824 Thread 0x000001c362203f00 DEOPT PACKING pc=0x000001c347ff5152 sp=0x0000008c694fcc00
Event: 20.824 Thread 0x000001c362203f00 DEOPT UNPACKING pc=0x000001c34e20ace3 sp=0x0000008c694fc0e0 mode 0
Event: 20.831 Thread 0x000001c363b4b3f0 DEOPT PACKING pc=0x000001c3482d1d37 sp=0x0000008c68af9510
Event: 20.831 Thread 0x000001c363b4b3f0 DEOPT UNPACKING pc=0x000001c34e20ace3 sp=0x0000008c68af89b8 mode 0

Classes unloaded (0 events):
No events

Classes redefined (0 events):
No events

Internal exceptions (20 events):
Event: 10.797 Thread 0x000001c363b483d0 Exception <a 'sun/nio/fs/WindowsException'{0x0000000089420d20}> (0x0000000089420d20) 
thrown [s\src\hotspot\share\prims\jni.cpp, line 517]
Event: 10.797 Thread 0x000001c363b483d0 Exception <a 'sun/nio/fs/WindowsException'{0x0000000089420d90}> (0x0000000089420d90) 
thrown [s\src\hotspot\share\prims\jni.cpp, line 517]
Event: 10.798 Thread 0x000001c363b483d0 Exception <a 'sun/nio/fs/WindowsException'{0x0000000089421170}> (0x0000000089421170) 
thrown [s\src\hotspot\share\prims\jni.cpp, line 517]
Event: 10.824 Thread 0x000001c363b4b3f0 Exception <a 'sun/nio/fs/WindowsException'{0x0000000089da41e8}> (0x0000000089da41e8) 
thrown [s\src\hotspot\share\prims\jni.cpp, line 517]
Event: 10.829 Thread 0x000001c361880930 Exception <a 'java/lang/NoSuchMethodError'{0x0000000089107ca0}: static Lorg/gradle/internal/build/event/types/DefaultTaskSkippedResult;.<clinit>()V> (0x0000000089107ca0) 
thrown [s\src\hotspot\share\prims\jni.cpp, line 1108]
Event: 11.095 Thread 0x000001c363b4b3f0 Exception <a 'java/lang/NoSuchMethodError'{0x000000008dc2c5a8}: 'void java.lang.invoke.DirectMethodHandle$Holder.invokeStatic(java.lang.Object, java.lang.Object, java.lang.Object, java.lang.Object, int, java.lang.Object, java.lang.Object)'> (0x000000008dc2c5a8) 
thrown [s\src\hotspot\share\interpreter\linkResolver.cpp, line 771]
Event: 11.113 Thread 0x000001c3606898d0 Exception <a 'java/lang/NoSuchMethodError'{0x000000008d4fdde0}: 'java.lang.Object java.lang.invoke.DirectMethodHandle$Holder.invokeSpecialIFC(java.lang.Object, java.lang.Object, java.lang.Object)'> (0x000000008d4fdde0) 
thrown [s\src\hotspot\share\interpreter\linkResolver.cpp, line 771]
Event: 11.113 Thread 0x000001c360688a60 Exception <a 'java/lang/NoSuchMethodError'{0x000000008d4e9fd8}: 'java.lang.Object java.lang.invoke.DirectMethodHandle$Holder.invokeSpecialIFC(java.lang.Object, java.lang.Object, java.lang.Object)'> (0x000000008d4e9fd8) 
thrown [s\src\hotspot\share\interpreter\linkResolver.cpp, line 771]
Event: 11.113 Thread 0x000001c360d32170 Exception <a 'java/lang/NoSuchMethodError'{0x000000008d310008}: 'java.lang.Object java.lang.invoke.DirectMethodHandle$Holder.invokeSpecialIFC(java.lang.Object, java.lang.Object, java.lang.Object)'> (0x000000008d310008) 
thrown [s\src\hotspot\share\interpreter\linkResolver.cpp, line 771]
Event: 11.113 Thread 0x000001c360d37810 Exception <a 'java/lang/NoSuchMethodError'{0x000000008d324210}: 'java.lang.Object java.lang.invoke.DirectMethodHandle$Holder.invokeSpecialIFC(java.lang.Object, java.lang.Object, java.lang.Object)'> (0x000000008d324210) 
thrown [s\src\hotspot\share\interpreter\linkResolver.cpp, line 771]
Event: 11.113 Thread 0x000001c364f2e510 Exception <a 'java/lang/NoSuchMethodError'{0x000000008d4a9b18}: 'java.lang.Object java.lang.invoke.DirectMethodHandle$Holder.invokeSpecialIFC(java.lang.Object, java.lang.Object, java.lang.Object)'> (0x000000008d4a9b18) 
thrown [s\src\hotspot\share\interpreter\linkResolver.cpp, line 771]
Event: 11.113 Thread 0x000001c360682ef0 Exception <a 'java/lang/NoSuchMethodError'{0x000000008d33ac70}: 'java.lang.Object java.lang.invoke.DirectMethodHandle$Holder.invokeSpecialIFC(java.lang.Object, java.lang.Object, java.lang.Object)'> (0x000000008d33ac70) 
thrown [s\src\hotspot\share\interpreter\linkResolver.cpp, line 771]
Event: 11.113 Thread 0x000001c360d334b0 Exception <a 'java/lang/NoSuchMethodError'{0x000000008d493408}: 'java.lang.Object java.lang.invoke.DirectMethodHandle$Holder.invokeSpecialIFC(java.lang.Object, java.lang.Object, java.lang.Object)'> (0x000000008d493408) 
thrown [s\src\hotspot\share\interpreter\linkResolver.cpp, line 771]
Event: 11.113 Thread 0x000001c363b4b3f0 Exception <a 'java/lang/NoSuchMethodError'{0x000000008d4be820}: 'java.lang.Object java.lang.invoke.DirectMethodHandle$Holder.invokeSpecialIFC(java.lang.Object, java.lang.Object, java.lang.Object)'> (0x000000008d4be820) 
thrown [s\src\hotspot\share\interpreter\linkResolver.cpp, line 771]
Event: 20.161 Thread 0x000001c363b4b3f0 Exception <a 'java/lang/NoSuchMethodError'{0x000000008df5e2a8}: 'java.lang.Object java.lang.invoke.Invokers$Holder.invoke_MT(java.lang.Object, java.lang.Object, java.lang.Object)'> (0x000000008df5e2a8) 
thrown [s\src\hotspot\share\interpreter\linkResolver.cpp, line 771]
Event: 20.776 Thread 0x000001c363b4b3f0 Exception <a 'java/lang/NoSuchMethodError'{0x000000008ec36640}: static Lcom/android/ide/common/resources/CompileResourceRequest;.<clinit>()V> (0x000000008ec36640) 
thrown [s\src\hotspot\share\prims\jni.cpp, line 1108]
Event: 20.777 Thread 0x000001c363b4b3f0 Exception <a 'java/lang/NoSuchMethodError'{0x000000008ec4d040}: static Ljava/lang/Object;.<clinit>()V> (0x000000008ec4d040) 
thrown [s\src\hotspot\share\prims\jni.cpp, line 1108]
Event: 20.778 Thread 0x000001c363b4b3f0 Exception <a 'java/lang/NoSuchMethodError'{0x000000008ec5e8a0}: static Ljava/lang/Object;.<clinit>()V> (0x000000008ec5e8a0) 
thrown [s\src\hotspot\share\prims\jni.cpp, line 1108]
Event: 20.778 Thread 0x000001c363b4b3f0 Exception <a 'java/lang/NoSuchMethodError'{0x000000008ec6ff50}: static Ljava/lang/Object;.<clinit>()V> (0x000000008ec6ff50) 
thrown [s\src\hotspot\share\prims\jni.cpp, line 1108]
Event: 20.790 Thread 0x000001c363b4b3f0 Exception <a 'java/lang/NoSuchMethodError'{0x000000008ebf1ff8}: static Lkotlin/InitializedLazyImpl;.<clinit>()V> (0x000000008ebf1ff8) 
thrown [s\src\hotspot\share\prims\jni.cpp, line 1108]

VM Operations (20 events):
Event: 19.964 Executing VM operation: HandshakeAllThreads done
Event: 19.966 Executing VM operation: HandshakeAllThreads
Event: 19.966 Executing VM operation: HandshakeAllThreads done
Event: 19.970 Executing VM operation: HandshakeAllThreads
Event: 19.970 Executing VM operation: HandshakeAllThreads done
Event: 20.146 Executing VM operation: HandshakeAllThreads
Event: 20.147 Executing VM operation: HandshakeAllThreads done
Event: 20.154 Executing VM operation: HandshakeAllThreads
Event: 20.154 Executing VM operation: HandshakeAllThreads done
Event: 20.155 Executing VM operation: HandshakeAllThreads
Event: 20.156 Executing VM operation: HandshakeAllThreads done
Event: 20.157 Executing VM operation: HandshakeAllThreads
Event: 20.157 Executing VM operation: HandshakeAllThreads done
Event: 20.498 Executing VM operation: ICBufferFull
Event: 20.498 Executing VM operation: ICBufferFull done
Event: 20.573 Executing VM operation: G1CollectForAllocation
Event: 20.580 Executing VM operation: G1CollectForAllocation done
Event: 20.728 Executing VM operation: G1TryInitiateConcMark
Event: 20.734 Executing VM operation: G1TryInitiateConcMark done
Event: 20.847 Executing VM operation: G1CollectForAllocation

Events (20 events):
Event: 20.162 loading class sun/nio/ch/FileChannelImpl$DefaultUnmapper done
Event: 20.162 loading class sun/nio/ch/Util$4
Event: 20.162 loading class sun/nio/ch/Util$4 done
Event: 20.165 loading class java/util/EmptyStackException
Event: 20.165 loading class java/util/EmptyStackException done
Event: 20.167 loading class java/io/InvalidClassException
Event: 20.167 loading class java/io/InvalidClassException done
Event: 20.276 Thread 0x000001c3622d2f90 Thread added: 0x000001c3622d2f90
Event: 20.541 Thread 0x000001c3622d7160 Thread added: 0x000001c3622d7160
Event: 20.591 loading class javax/xml/transform/stream/StreamResult
Event: 20.591 loading class javax/xml/transform/stream/StreamResult done
Event: 20.591 loading class javax/xml/transform/sax/SAXResult
Event: 20.591 loading class javax/xml/transform/sax/SAXResult done
Event: 20.591 loading class javax/xml/transform/dom/DOMResult
Event: 20.591 loading class javax/xml/transform/dom/DOMResult done
Event: 20.802 Thread 0x000001c3622048a0 Thread added: 0x000001c3622048a0
Event: 20.810 Thread 0x000001c362203f00 Thread added: 0x000001c362203f00
Event: 20.819 Thread 0x000001c3622043d0 Thread added: 0x000001c3622043d0
Event: 20.835 Thread 0x000001c36063c280 Thread added: 0x000001c36063c280
Event: 20.844 Thread 0x000001c36063aa70 Thread added: 0x000001c36063aa70


Dynamic libraries:
0x00007ff70d8f0000 - 0x00007ff70d8fa000 	C:\Program Files\Android\Android Studio\jbr\bin\java.exe
0x00007fff530f0000 - 0x00007fff53307000 	C:\WINDOWS\SYSTEM32\ntdll.dll
0x00007fff514d0000 - 0x00007fff51594000 	C:\WINDOWS\System32\KERNEL32.DLL
0x00007fff50a20000 - 0x00007fff50dc6000 	C:\WINDOWS\System32\KERNELBASE.dll
0x00007fff507b0000 - 0x00007fff508c1000 	C:\WINDOWS\System32\ucrtbase.dll
0x00007fff4bc40000 - 0x00007fff4bc57000 	C:\Program Files\Android\Android Studio\jbr\bin\jli.dll
0x00007fff3a230000 - 0x00007fff3a24b000 	C:\Program Files\Android\Android Studio\jbr\bin\VCRUNTIME140.dll
0x00007fff52690000 - 0x00007fff5283d000 	C:\WINDOWS\System32\USER32.dll
0x00007fff509f0000 - 0x00007fff50a16000 	C:\WINDOWS\System32\win32u.dll
0x00007fff35350000 - 0x00007fff355e3000 	C:\WINDOWS\WinSxS\amd64_microsoft.windows.common-controls_6595b64144ccf1df_6.0.22621.2361_none_2712ced57382f843\COMCTL32.dll
0x00007fff51ae0000 - 0x00007fff51b09000 	C:\WINDOWS\System32\GDI32.dll
0x00007fff529b0000 - 0x00007fff52a57000 	C:\WINDOWS\System32\msvcrt.dll
0x00007fff508d0000 - 0x00007fff509e8000 	C:\WINDOWS\System32\gdi32full.dll
0x00007fff50650000 - 0x00007fff506ea000 	C:\WINDOWS\System32\msvcp_win.dll
0x00007fff51960000 - 0x00007fff51991000 	C:\WINDOWS\System32\IMM32.DLL
0x00007fff4bad0000 - 0x00007fff4badc000 	C:\Program Files\Android\Android Studio\jbr\bin\vcruntime140_1.dll
0x00007fff30ca0000 - 0x00007fff30d2d000 	C:\Program Files\Android\Android Studio\jbr\bin\msvcp140.dll
0x00007fff077b0000 - 0x00007fff0841e000 	C:\Program Files\Android\Android Studio\jbr\bin\server\jvm.dll
0x00007fff515a0000 - 0x00007fff51650000 	C:\WINDOWS\System32\ADVAPI32.dll
0x00007fff51a30000 - 0x00007fff51ad6000 	C:\WINDOWS\System32\sechost.dll
0x00007fff52840000 - 0x00007fff52957000 	C:\WINDOWS\System32\RPCRT4.dll
0x00007fff4d440000 - 0x00007fff4d449000 	C:\WINDOWS\SYSTEM32\WSOCK32.dll
0x00007fff48b90000 - 0x00007fff48bc4000 	C:\WINDOWS\SYSTEM32\WINMM.dll
0x00007fff44d90000 - 0x00007fff44d9a000 	C:\WINDOWS\SYSTEM32\VERSION.dll
0x00007fff51650000 - 0x00007fff516c1000 	C:\WINDOWS\System32\WS2_32.dll
0x00007fff4f410000 - 0x00007fff4f428000 	C:\WINDOWS\SYSTEM32\kernel.appcore.dll
0x00007fff4d430000 - 0x00007fff4d43a000 	C:\Program Files\Android\Android Studio\jbr\bin\jimage.dll
0x00007fff4dbc0000 - 0x00007fff4ddee000 	C:\WINDOWS\SYSTEM32\DBGHELP.DLL
0x00007fff52d20000 - 0x00007fff530aa000 	C:\WINDOWS\System32\combase.dll
0x00007fff51870000 - 0x00007fff51947000 	C:\WINDOWS\System32\OLEAUT32.dll
0x00007fff38b80000 - 0x00007fff38bb2000 	C:\WINDOWS\SYSTEM32\dbgcore.DLL
0x00007fff50dd0000 - 0x00007fff50e4a000 	C:\WINDOWS\System32\bcryptPrimitives.dll
0x00007fff4d400000 - 0x00007fff4d425000 	C:\Program Files\Android\Android Studio\jbr\bin\java.dll
0x00007fff4d3b0000 - 0x00007fff4d3c8000 	C:\Program Files\Android\Android Studio\jbr\bin\zip.dll
0x00007fff51db0000 - 0x00007fff52608000 	C:\WINDOWS\System32\SHELL32.dll
0x00007fff4e3d0000 - 0x00007fff4ecc2000 	C:\WINDOWS\SYSTEM32\windows.storage.dll
0x00007fff4e290000 - 0x00007fff4e3ce000 	C:\WINDOWS\SYSTEM32\wintypes.dll
0x00007fff512d0000 - 0x00007fff513c3000 	C:\WINDOWS\System32\SHCORE.dll
0x00007fff51d40000 - 0x00007fff51d9e000 	C:\WINDOWS\System32\shlwapi.dll
0x00007fff503a0000 - 0x00007fff503c6000 	C:\WINDOWS\SYSTEM32\profapi.dll
0x00007fff4d390000 - 0x00007fff4d3a9000 	C:\Program Files\Android\Android Studio\jbr\bin\net.dll
0x00007fff4a9c0000 - 0x00007fff4aaf7000 	C:\WINDOWS\SYSTEM32\WINHTTP.dll
0x00007fff4f930000 - 0x00007fff4f999000 	C:\WINDOWS\system32\mswsock.dll
0x00007fff4d350000 - 0x00007fff4d366000 	C:\Program Files\Android\Android Studio\jbr\bin\nio.dll
0x00007fff4d3f0000 - 0x00007fff4d400000 	C:\Program Files\Android\Android Studio\jbr\bin\verify.dll
0x00007fff4bbc0000 - 0x00007fff4bbe7000 	C:\Users\User\.gradle\native\68d5fa5c4cc2d200863cafc0d521ce42e7d3e7ee720ec0a83991735586a16f82\windows-amd64\native-platform.dll
0x00007fff39ef0000 - 0x00007fff3a034000 	C:\Users\User\.gradle\native\e376f236ea51e6404a007f0833ffe2c6e607c4080706a723a18a27aeea778392\windows-amd64\native-platform-file-events.dll
0x00007fff4d300000 - 0x00007fff4d309000 	C:\Program Files\Android\Android Studio\jbr\bin\management.dll
0x00007fff4d2d0000 - 0x00007fff4d2db000 	C:\Program Files\Android\Android Studio\jbr\bin\management_ext.dll
0x00007fff51950000 - 0x00007fff51958000 	C:\WINDOWS\System32\PSAPI.DLL
0x00007fff4fb80000 - 0x00007fff4fb9b000 	C:\WINDOWS\SYSTEM32\CRYPTSP.dll
0x00007fff4f430000 - 0x00007fff4f465000 	C:\WINDOWS\system32\rsaenh.dll
0x00007fff4fa20000 - 0x00007fff4fa4c000 	C:\WINDOWS\SYSTEM32\USERENV.dll
0x00007fff4fd20000 - 0x00007fff4fd48000 	C:\WINDOWS\SYSTEM32\bcrypt.dll
0x00007fff4fba0000 - 0x00007fff4fbac000 	C:\WINDOWS\SYSTEM32\CRYPTBASE.dll
0x00007fff4ef20000 - 0x00007fff4ef4d000 	C:\WINDOWS\SYSTEM32\IPHLPAPI.DLL
0x00007fff51d30000 - 0x00007fff51d39000 	C:\WINDOWS\System32\NSI.dll
0x00007fff499f0000 - 0x00007fff49a09000 	C:\WINDOWS\SYSTEM32\dhcpcsvc6.DLL
0x00007fff499d0000 - 0x00007fff499ef000 	C:\WINDOWS\SYSTEM32\dhcpcsvc.DLL
0x00007fff4ef50000 - 0x00007fff4f049000 	C:\WINDOWS\SYSTEM32\DNSAPI.dll
0x00007fff4bcd0000 - 0x00007fff4bcd8000 	C:\WINDOWS\system32\wshunix.dll
0x00007fff49bb0000 - 0x00007fff49bc7000 	C:\WINDOWS\system32\napinsp.dll
0x00007fff494f0000 - 0x00007fff4950b000 	C:\WINDOWS\system32\pnrpnsp.dll
0x00007fff494d0000 - 0x00007fff494e1000 	C:\WINDOWS\System32\winrnr.dll
0x00007fff38870000 - 0x00007fff38885000 	C:\WINDOWS\system32\wshbth.dll
0x00007fff38840000 - 0x00007fff38861000 	C:\WINDOWS\system32\nlansp_c.dll
0x00007fff48bd0000 - 0x00007fff48bda000 	C:\Windows\System32\rasadhlp.dll
0x00007fff48800000 - 0x00007fff48884000 	C:\WINDOWS\System32\fwpuclnt.dll

dbghelp: loaded successfully - version: 4.0.5 - missing functions: none
symbol engine: initialized successfully - sym options: 0x614 - pdb path: .;C:\Program Files\Android\Android Studio\jbr\bin;C:\WINDOWS\SYSTEM32;C:\WINDOWS\WinSxS\amd64_microsoft.windows.common-controls_6595b64144ccf1df_6.0.22621.2361_none_2712ced57382f843;C:\Program Files\Android\Android Studio\jbr\bin\server;C:\Users\User\.gradle\native\68d5fa5c4cc2d200863cafc0d521ce42e7d3e7ee720ec0a83991735586a16f82\windows-amd64;C:\Users\User\.gradle\native\e376f236ea51e6404a007f0833ffe2c6e607c4080706a723a18a27aeea778392\windows-amd64

VM Arguments:
jvm_args: --add-opens=java.base/java.util=ALL-UNNAMED --add-opens=java.base/java.lang=ALL-UNNAMED --add-opens=java.base/java.lang.invoke=ALL-UNNAMED --add-opens=java.prefs/java.util.prefs=ALL-UNNAMED --add-opens=java.base/java.nio.charset=ALL-UNNAMED --add-opens=java.base/java.net=ALL-UNNAMED --add-opens=java.base/java.util.concurrent.atomic=ALL-UNNAMED -Xmx2048m -Dfile.encoding=UTF-8 -Duser.country=US -Duser.language=en -Duser.variant 
java_command: org.gradle.launcher.daemon.bootstrap.GradleDaemon 8.0
java_class_path (initial): C:\Users\User\.gradle\wrapper\dists\gradle-8.0-bin\ca5e32bp14vu59qr306oxotwh\gradle-8.0\lib\gradle-launcher-8.0.jar
Launcher Type: SUN_STANDARD

[Global flags]
     intx CICompilerCount                          = 4                                         {product} {ergonomic}
     uint ConcGCThreads                            = 2                                         {product} {ergonomic}
     uint G1ConcRefinementThreads                  = 8                                         {product} {ergonomic}
   size_t G1HeapRegionSize                         = 1048576                                   {product} {ergonomic}
    uintx GCDrainStackTargetSize                   = 64                                        {product} {ergonomic}
   size_t InitialHeapSize                          = 132120576                                 {product} {ergonomic}
   size_t MarkStackSize                            = 4194304                                   {product} {ergonomic}
   size_t MaxHeapSize                              = 2147483648                                {product} {command line}
   size_t MaxNewSize                               = 1287651328                                {product} {ergonomic}
   size_t MinHeapDeltaBytes                        = 1048576                                   {product} {ergonomic}
   size_t MinHeapSize                              = 8388608                                   {product} {ergonomic}
    uintx NonNMethodCodeHeapSize                   = 5839372                                {pd product} {ergonomic}
    uintx NonProfiledCodeHeapSize                  = 122909434                              {pd product} {ergonomic}
    uintx ProfiledCodeHeapSize                     = 122909434                              {pd product} {ergonomic}
    uintx ReservedCodeCacheSize                    = 251658240                              {pd product} {ergonomic}
     bool SegmentedCodeCache                       = true                                      {product} {ergonomic}
   size_t SoftMaxHeapSize                          = 2147483648                             {manageable} {ergonomic}
     bool UseCompressedClassPointers               = true                           {product lp64_product} {ergonomic}
     bool UseCompressedOops                        = true                           {product lp64_product} {ergonomic}
     bool UseG1GC                                  = true                                      {product} {ergonomic}
     bool UseLargePagesIndividualAllocation        = false                                  {pd product} {ergonomic}

Logging:
Log output configuration:
 #0: stdout all=warning uptime,level,tags
 #1: stderr all=off uptime,level,tags

Environment Variables:
JAVA_HOME=C:\Program Files\Java\jdk-20.0.1
PATH=C:\Program Files (x86)\Common Files\Oracle\Java\javapath;C:\Python311\Scripts\;C:\Python311\;C:\Program Files (x86)\Falcon\MinGW\bin;C:\WINDOWS\system32;C:\WINDOWS;C:\WINDOWS\System32\Wbem;C:\WINDOWS\System32\WindowsPowerShell\v1.0\;C:\WINDOWS\System32\OpenSSH\;C:\Program Files\Microsoft SQL Server\130\Tools\Binn\;C:\sqlite3;C:\Program Files (x86)\Microsoft SQL Server\150\DTS\Binn\;C:\Program Files\Azure Data Studio\bin;C:\Program Files\Microsoft SQL Server\Client SDK\ODBC\170\Tools\Binn\;C:\Program Files (x86)\Microsoft SQL Server\150\Tools\Binn\;C:\Program Files\Microsoft SQL Server\150\Tools\Binn\;C:\Program Files\Microsoft SQL Server\150\DTS\Binn\;C:\xampp\php;C:\ProgramData\ComposerSetup\bin;C:\Program Files\dotnet\;C:\Users\User\AppData\Local\Android\Sdk\cmdline-tools\bin;C:\Program Files\Java\;C:\Program Files\Git\cmd;C:\Program Files\nodejs\;C:\ProgramData\chocolatey\bin;C:\Program Files (x86)\GTK2-Runtime\lib;C:\Program Files (x86)\Common Files\Oracle\Java\javapath;C:\Python311\Scripts\;C:\Python311\;C:\Program Files (x86)\Falcon\MinGW\bin;C:\WINDOWS\system32;C:\WINDOWS;C:\WINDOWS\System32\Wbem;C:\WINDOWS\System32\WindowsPowerShell\v1.0\;C:\WINDOWS\System32\OpenSSH\;C:\Program Files\Microsoft SQL Server\130\Tools\Binn\;C:\sqlite3;C:\Program Files (x86)\Microsoft SQL Server\150\DTS\Binn\;C:\Program Files\Azure Data Studio\bin;C:\Program Files\Microsoft SQL Server\Client SDK\ODBC\170\Tools\Binn\;C:\Program Files (x86)\Microsoft SQL Server\150\Tools\Binn\;C:\Program Files\Microsoft SQL Server\150\Tools\Binn\;C:\Program Files\Microsoft SQL Server\150\DTS\Binn\;C:\xampp\php;C:\ProgramData\ComposerSetup\bin;C:\Program Files\dotnet\;C:\Users\User\AppData\Local\Android\Sdk\cmdline-tools\bin;C:\Program Files\Java\;C:\Program Files\Git\cmd;C:\Program Files\nodejs\;C:\ProgramData\chocolatey\bin;C:\Program Files\nodejs\node_modules\npm\bin;C:\Program Files\MySQL\MySQL Shell 8.0\bin\;C:\Users\User\AppData\Local\Microsoft\WindowsApps;C:\Users\User\.dotnet\tools;C:\User
USERNAME=User
OS=Windows_NT
PROCESSOR_IDENTIFIER=Intel64 Family 6 Model 140 Stepping 1, GenuineIntel
TMP=C:\Users\User\AppData\Local\Temp
TEMP=C:\Users\User\AppData\Local\Temp


JNI global refs:
JNI global refs: 28, weak refs: 2

JNI global refs memory usage: 843, weak refs: 841


---------------  S Y S T E M  ---------------

OS:
 Windows 11 , 64 bit Build 22621 (10.0.22621.2428)
OS uptime: 1 days 5:32 hours

CPU: total 8 (initial active 8) (4 cores per cpu, 2 threads per core) family 6 model 140 stepping 1 microcode 0x78, cx8, cmov, fxsr, ht, mmx, 3dnowpref, sse, sse2, sse3, ssse3, sse4.1, sse4.2, popcnt, lzcnt, tsc, tscinvbit, avx, avx2, aes, erms, clmul, bmi1, bmi2, adx, avx512f, avx512dq, avx512cd, avx512bw, avx512vl, sha, fma, vzeroupper, avx512_vpopcntdq, avx512_vpclmulqdq, avx512_vaes, avx512_vnni, clflush, clflushopt, clwb, avx512_vbmi2, avx512_vbmi

Memory: 4k page, system-wide physical 7991M (688M free)
TotalPageFile size 10039M (AvailPageFile size 128M)
current process WorkingSet (physical memory assigned to process): 549M, peak: 551M
current process commit charge ("private bytes"): 585M, peak: 895M

vm_info: OpenJDK 64-Bit Server VM (17.0.6+0-b2043.56-10027231) for windows-amd64 JRE (17.0.6+0-b2043.56-10027231), built on Apr 28 2023 00:43:19 by "androidbuild" with MS VC++ 16.10 / 16.11 (VS2019)

END.
