#
# There is insufficient memory for the Java Runtime Environment to continue.
# Native memory allocation (mmap) failed to map 65536 bytes for Failed to commit metaspace.
# Possible reasons:
#   The system is out of physical RAM or swap space
#   The process is running with CompressedOops enabled, and the Java Heap may be blocking the growth of the native heap
# Possible solutions:
#   Reduce memory load on the system
#   Increase physical memory or swap space
#   Check if swap backing store is full
#   Decrease Java heap size (-Xmx/-Xms)
#   Decrease number of Java threads
#   Decrease Java thread stack sizes (-Xss)
#   Set larger code cache with -XX:ReservedCodeCacheSize=
#   JVM is running with Unscaled Compressed Oops mode in which the Java heap is
#     placed in the first 4GB address space. The Java Heap base address is the
#     maximum limit for the native heap growth. Please use -XX:HeapBaseMinAddress
#     to set the Java Heap base and to place the Java Heap above 4GB virtual address.
# This output file may be truncated or incomplete.
#
#  Out of Memory Error (virtualSpaceNode.cpp:110), pid=6952, tid=9020
#
# JRE version: OpenJDK Runtime Environment (17.0.6) (build 17.0.6+0-b2043.56-10027231)
# Java VM: OpenJDK 64-Bit Server VM (17.0.6+0-b2043.56-10027231, mixed mode, tiered, compressed oops, compressed class ptrs, g1 gc, windows-amd64)
# No core dump will be written. Minidumps are not enabled by default on client versions of Windows
#

---------------  S U M M A R Y ------------

Command Line: org.jetbrains.kotlin.cli.jvm.K2JVMCompiler @C:\Users\User\AndroidStudioProjects\RepairPal\customer\build\20231116_16872990381535610526.compiler.options

Host: 11th Gen Intel(R) Core(TM) i5-1135G7 @ 2.40GHz, 8 cores, 7G,  Windows 11 , 64 bit Build 22621 (10.0.22621.2506)
Time: Thu Nov 16 12:46:23 2023 E. Africa Standard Time elapsed time: 2.250941 seconds (0d 0h 0m 2s)

---------------  T H R E A D  ---------------

Current thread (0x000001d56790bbc0):  JavaThread "main" [_thread_in_vm, id=9020, stack(0x000000c5ab000000,0x000000c5ab100000)]

Stack: [0x000000c5ab000000,0x000000c5ab100000]
Native frames: (J=compiled Java code, j=interpreted, Vv=VM code, C=native code)
V  [jvm.dll+0x683c9a]
V  [jvm.dll+0x8427a4]
V  [jvm.dll+0x843f9e]
V  [jvm.dll+0x844603]
V  [jvm.dll+0x249b75]
V  [jvm.dll+0x83e7fb]
V  [jvm.dll+0x628006]
V  [jvm.dll+0x1c194e]
V  [jvm.dll+0x62a941]
V  [jvm.dll+0x6289a6]
V  [jvm.dll+0x1ebb07]
V  [jvm.dll+0x1ee839]
V  [jvm.dll+0x1e3dcc]
V  [jvm.dll+0x547fed]
V  [jvm.dll+0x7bd3d5]
V  [jvm.dll+0x7bd4ee]
V  [jvm.dll+0x41182a]
V  [jvm.dll+0x4179a9]
C  [java.dll+0x17ec]

Java frames: (J=compiled Java code, j=interpreted, Vv=VM code)
J 536  java.lang.ClassLoader.defineClass1(Ljava/lang/ClassLoader;Ljava/lang/String;[BIILjava/security/ProtectionDomain;Ljava/lang/String;)Ljava/lang/Class; java.base@17.0.6 (0 bytes) @ 0x000001d5728c31db [0x000001d5728c3120+0x00000000000000bb]
J 515 c1 java.lang.ClassLoader.defineClass(Ljava/lang/String;[BIILjava/security/ProtectionDomain;)Ljava/lang/Class; java.base@17.0.6 (43 bytes) @ 0x000001d56aec0a44 [0x000001d56aec0700+0x0000000000000344]
J 527 c1 java.security.SecureClassLoader.defineClass(Ljava/lang/String;[BIILjava/security/CodeSource;)Ljava/lang/Class; java.base@17.0.6 (16 bytes) @ 0x000001d56aec508c [0x000001d56aec4fc0+0x00000000000000cc]
J 1995 c1 jdk.internal.loader.BuiltinClassLoader.defineClass(Ljava/lang/String;Ljdk/internal/loader/Resource;)Ljava/lang/Class; java.base@17.0.6 (121 bytes) @ 0x000001d56b14315c [0x000001d56b142280+0x0000000000000edc]
J 378 c1 jdk.internal.loader.BuiltinClassLoader.findClassOnClassPathOrNull(Ljava/lang/String;)Ljava/lang/Class; java.base@17.0.6 (64 bytes) @ 0x000001d56ae621fc [0x000001d56ae61180+0x000000000000107c]
J 2009 c2 jdk.internal.loader.BuiltinClassLoader.loadClassOrNull(Ljava/lang/String;Z)Ljava/lang/Class; java.base@17.0.6 (143 bytes) @ 0x000001d57297892c [0x000001d572978240+0x00000000000006ec]
J 309 c1 jdk.internal.loader.ClassLoaders$AppClassLoader.loadClass(Ljava/lang/String;Z)Ljava/lang/Class; java.base@17.0.6 (40 bytes) @ 0x000001d56ae37874 [0x000001d56ae37260+0x0000000000000614]
J 308 c1 java.lang.ClassLoader.loadClass(Ljava/lang/String;)Ljava/lang/Class; java.base@17.0.6 (7 bytes) @ 0x000001d56ae36ebc [0x000001d56ae36dc0+0x00000000000000fc]
v  ~StubRoutines::call_stub
j  org.jetbrains.kotlin.resolve.jvm.platform.JvmPlatformConfigurator.configureModuleComponents(Lorg/jetbrains/kotlin/container/StorageComponentContainer;)V+166
j  org.jetbrains.kotlin.frontend.di.InjectionKt.configureModule(Lorg/jetbrains/kotlin/container/StorageComponentContainer;Lorg/jetbrains/kotlin/context/ModuleContext;Lorg/jetbrains/kotlin/platform/TargetPlatform;Lorg/jetbrains/kotlin/resolve/PlatformDependentAnalyzerServices;Lorg/jetbrains/kotlin/resolve/BindingTrace;Lorg/jetbrains/kotlin/config/LanguageVersionSettings;Lorg/jetbrains/kotlin/resolve/SealedClassInheritorsProvider;)V+308
j  org.jetbrains.kotlin.frontend.java.di.InjectionKt$createContainerForLazyResolveWithJava$1.invoke(Lorg/jetbrains/kotlin/container/StorageComponentContainer;)V+33
j  org.jetbrains.kotlin.frontend.java.di.InjectionKt$createContainerForLazyResolveWithJava$1.invoke(Ljava/lang/Object;)Ljava/lang/Object;+5
j  org.jetbrains.kotlin.container.DslKt.composeContainer(Ljava/lang/String;Lorg/jetbrains/kotlin/container/StorageComponentContainer;Lkotlin/jvm/functions/Function1;)Lorg/jetbrains/kotlin/container/StorageComponentContainer;+24
j  org.jetbrains.kotlin.resolve.PlatformConfiguratorBaseKt.createContainer(Ljava/lang/String;Lorg/jetbrains/kotlin/resolve/PlatformDependentAnalyzerServices;Lkotlin/jvm/functions/Function1;)Lorg/jetbrains/kotlin/container/StorageComponentContainer;+29
j  org.jetbrains.kotlin.frontend.java.di.InjectionKt.createContainerForLazyResolveWithJava(Lorg/jetbrains/kotlin/platform/TargetPlatform;Lorg/jetbrains/kotlin/context/ModuleContext;Lorg/jetbrains/kotlin/resolve/BindingTrace;Lorg/jetbrains/kotlin/resolve/lazy/declarations/DeclarationProviderFactory;Lorg/jetbrains/kotlin/com/intellij/psi/search/GlobalSearchScope;Lorg/jetbrains/kotlin/load/java/lazy/ModuleClassResolver;Lorg/jetbrains/kotlin/resolve/TargetEnvironment;Lorg/jetbrains/kotlin/incremental/components/LookupTracker;Lorg/jetbrains/kotlin/incremental/components/ExpectActualTracker;Lorg/jetbrains/kotlin/incremental/components/InlineConstTracker;Lorg/jetbrains/kotlin/incremental/components/EnumWhenTracker;Lorg/jetbrains/kotlin/load/kotlin/PackagePartProvider;Lorg/jetbrains/kotlin/config/LanguageVersionSettings;ZLkotlin/jvm/functions/Function1;Lorg/jetbrains/kotlin/load/java/JavaClassesTracker;Lorg/jetbrains/kotlin/resolve/calls/tower/ImplicitsExtensionsResolutionFilter;Lorg/jetbrains/kotlin/resolve/SealedClassInheritorsProvider;)Lorg/jetbrains/kotlin/container/StorageComponentContainer;+144
j  org.jetbrains.kotlin.frontend.java.di.InjectionKt.createContainerForLazyResolveWithJava$default(Lorg/jetbrains/kotlin/platform/TargetPlatform;Lorg/jetbrains/kotlin/context/ModuleContext;Lorg/jetbrains/kotlin/resolve/BindingTrace;Lorg/jetbrains/kotlin/resolve/lazy/declarations/DeclarationProviderFactory;Lorg/jetbrains/kotlin/com/intellij/psi/search/GlobalSearchScope;Lorg/jetbrains/kotlin/load/java/lazy/ModuleClassResolver;Lorg/jetbrains/kotlin/resolve/TargetEnvironment;Lorg/jetbrains/kotlin/incremental/components/LookupTracker;Lorg/jetbrains/kotlin/incremental/components/ExpectActualTracker;Lorg/jetbrains/kotlin/incremental/components/InlineConstTracker;Lorg/jetbrains/kotlin/incremental/components/EnumWhenTracker;Lorg/jetbrains/kotlin/load/kotlin/PackagePartProvider;Lorg/jetbrains/kotlin/config/LanguageVersionSettings;ZLkotlin/jvm/functions/Function1;Lorg/jetbrains/kotlin/load/java/JavaClassesTracker;Lorg/jetbrains/kotlin/resolve/calls/tower/ImplicitsExtensionsResolutionFilter;Lorg/jetbrains/kotlin/resolve/SealedClassInheritorsProvider;ILjava/lang/Object;)Lorg/jetbrains/kotlin/container/StorageComponentContainer;+82
j  org.jetbrains.kotlin.cli.jvm.compiler.TopDownAnalyzerFacadeForJVM.createContainer(Lorg/jetbrains/kotlin/com/intellij/openapi/project/Project;Ljava/util/Collection;Lorg/jetbrains/kotlin/resolve/BindingTrace;Lorg/jetbrains/kotlin/config/CompilerConfiguration;Lkotlin/jvm/functions/Function1;Lkotlin/jvm/functions/Function2;Lorg/jetbrains/kotlin/resolve/TargetEnvironment;Lorg/jetbrains/kotlin/com/intellij/psi/search/GlobalSearchScope;Ljava/util/List;Lorg/jetbrains/kotlin/resolve/calls/tower/ImplicitsExtensionsResolutionFilter;Ljava/util/List;Ljava/util/List;Ljava/util/Map;)Lorg/jetbrains/kotlin/container/ComponentProvider;+668
j  org.jetbrains.kotlin.cli.jvm.compiler.TopDownAnalyzerFacadeForJVM.createContainer$default(Lorg/jetbrains/kotlin/cli/jvm/compiler/TopDownAnalyzerFacadeForJVM;Lorg/jetbrains/kotlin/com/intellij/openapi/project/Project;Ljava/util/Collection;Lorg/jetbrains/kotlin/resolve/BindingTrace;Lorg/jetbrains/kotlin/config/CompilerConfiguration;Lkotlin/jvm/functions/Function1;Lkotlin/jvm/functions/Function2;Lorg/jetbrains/kotlin/resolve/TargetEnvironment;Lorg/jetbrains/kotlin/com/intellij/psi/search/GlobalSearchScope;Ljava/util/List;Lorg/jetbrains/kotlin/resolve/calls/tower/ImplicitsExtensionsResolutionFilter;Ljava/util/List;Ljava/util/List;Ljava/util/Map;ILjava/lang/Object;)Lorg/jetbrains/kotlin/container/ComponentProvider;+128
j  org.jetbrains.kotlin.cli.jvm.compiler.TopDownAnalyzerFacadeForJVM.analyzeFilesWithJavaIntegration(Lorg/jetbrains/kotlin/com/intellij/openapi/project/Project;Ljava/util/Collection;Lorg/jetbrains/kotlin/resolve/BindingTrace;Lorg/jetbrains/kotlin/config/CompilerConfiguration;Lkotlin/jvm/functions/Function1;Lkotlin/jvm/functions/Function2;Lorg/jetbrains/kotlin/com/intellij/psi/search/GlobalSearchScope;Ljava/util/List;Ljava/util/List;Ljava/util/List;Lorg/jetbrains/kotlin/resolve/TargetEnvironment;)Lorg/jetbrains/kotlin/analyzer/AnalysisResult;+100
j  org.jetbrains.kotlin.cli.jvm.compiler.TopDownAnalyzerFacadeForJVM.analyzeFilesWithJavaIntegration$default(Lorg/jetbrains/kotlin/com/intellij/openapi/project/Project;Ljava/util/Collection;Lorg/jetbrains/kotlin/resolve/BindingTrace;Lorg/jetbrains/kotlin/config/CompilerConfiguration;Lkotlin/jvm/functions/Function1;Lkotlin/jvm/functions/Function2;Lorg/jetbrains/kotlin/com/intellij/psi/search/GlobalSearchScope;Ljava/util/List;Ljava/util/List;Ljava/util/List;Lorg/jetbrains/kotlin/resolve/TargetEnvironment;ILjava/lang/Object;)Lorg/jetbrains/kotlin/analyzer/AnalysisResult;+111
j  org.jetbrains.kotlin.cli.jvm.compiler.KotlinToJVMBytecodeCompiler$analyze$1.invoke()Lorg/jetbrains/kotlin/analyzer/AnalysisResult;+274
j  org.jetbrains.kotlin.cli.jvm.compiler.KotlinToJVMBytecodeCompiler$analyze$1.invoke()Ljava/lang/Object;+1
j  org.jetbrains.kotlin.cli.common.messages.AnalyzerWithCompilerReport.analyzeAndReport(Ljava/util/Collection;Lkotlin/jvm/functions/Function0;)V+16
j  org.jetbrains.kotlin.cli.jvm.compiler.KotlinToJVMBytecodeCompiler.analyze(Lorg/jetbrains/kotlin/cli/jvm/compiler/KotlinCoreEnvironment;)Lorg/jetbrains/kotlin/analyzer/AnalysisResult;+153
j  org.jetbrains.kotlin.cli.jvm.compiler.KotlinToJVMBytecodeCompiler.compileModules$cli(Lorg/jetbrains/kotlin/cli/jvm/compiler/KotlinCoreEnvironment;Ljava/io/File;Ljava/util/List;Z)Z+420
j  org.jetbrains.kotlin.cli.jvm.compiler.KotlinToJVMBytecodeCompiler.compileModules$cli$default(Lorg/jetbrains/kotlin/cli/jvm/compiler/KotlinToJVMBytecodeCompiler;Lorg/jetbrains/kotlin/cli/jvm/compiler/KotlinCoreEnvironment;Ljava/io/File;Ljava/util/List;ZILjava/lang/Object;)Z+17
j  org.jetbrains.kotlin.cli.jvm.K2JVMCompiler.doExecute(Lorg/jetbrains/kotlin/cli/common/arguments/K2JVMCompilerArguments;Lorg/jetbrains/kotlin/config/CompilerConfiguration;Lorg/jetbrains/kotlin/com/intellij/openapi/Disposable;Lorg/jetbrains/kotlin/utils/KotlinPaths;)Lorg/jetbrains/kotlin/cli/common/ExitCode;+1041
j  org.jetbrains.kotlin.cli.jvm.K2JVMCompiler.doExecute(Lorg/jetbrains/kotlin/cli/common/arguments/CommonCompilerArguments;Lorg/jetbrains/kotlin/config/CompilerConfiguration;Lorg/jetbrains/kotlin/com/intellij/openapi/Disposable;Lorg/jetbrains/kotlin/utils/KotlinPaths;)Lorg/jetbrains/kotlin/cli/common/ExitCode;+9
j  org.jetbrains.kotlin.cli.common.CLICompiler.execImpl(Lorg/jetbrains/kotlin/cli/common/messages/MessageCollector;Lorg/jetbrains/kotlin/config/Services;Lorg/jetbrains/kotlin/cli/common/arguments/CommonCompilerArguments;)Lorg/jetbrains/kotlin/cli/common/ExitCode;+219
j  org.jetbrains.kotlin.cli.common.CLICompiler.execImpl(Lorg/jetbrains/kotlin/cli/common/messages/MessageCollector;Lorg/jetbrains/kotlin/config/Services;Lorg/jetbrains/kotlin/cli/common/arguments/CommonToolArguments;)Lorg/jetbrains/kotlin/cli/common/ExitCode;+7
j  org.jetbrains.kotlin.cli.common.CLITool.exec(Lorg/jetbrains/kotlin/cli/common/messages/MessageCollector;Lorg/jetbrains/kotlin/config/Services;Lorg/jetbrains/kotlin/cli/common/arguments/CommonToolArguments;)Lorg/jetbrains/kotlin/cli/common/ExitCode;+76
j  org.jetbrains.kotlin.cli.common.CLITool.exec(Ljava/io/PrintStream;Lorg/jetbrains/kotlin/config/Services;Lorg/jetbrains/kotlin/cli/common/messages/MessageRenderer;[Ljava/lang/String;)Lorg/jetbrains/kotlin/cli/common/ExitCode;+224
j  org.jetbrains.kotlin.cli.common.CLITool.exec(Ljava/io/PrintStream;Lorg/jetbrains/kotlin/cli/common/messages/MessageRenderer;[Ljava/lang/String;)Lorg/jetbrains/kotlin/cli/common/ExitCode;+25
j  org.jetbrains.kotlin.cli.common.CLITool$Companion.doMainNoExit(Lorg/jetbrains/kotlin/cli/common/CLITool;[Ljava/lang/String;Lorg/jetbrains/kotlin/cli/common/messages/MessageRenderer;)Lorg/jetbrains/kotlin/cli/common/ExitCode;+39
j  org.jetbrains.kotlin.cli.common.CLITool$Companion.doMainNoExit$default(Lorg/jetbrains/kotlin/cli/common/CLITool$Companion;Lorg/jetbrains/kotlin/cli/common/CLITool;[Ljava/lang/String;Lorg/jetbrains/kotlin/cli/common/messages/MessageRenderer;ILjava/lang/Object;)Lorg/jetbrains/kotlin/cli/common/ExitCode;+16
j  org.jetbrains.kotlin.cli.common.CLITool$Companion.doMain(Lorg/jetbrains/kotlin/cli/common/CLITool;[Ljava/lang/String;)V+57
j  org.jetbrains.kotlin.cli.jvm.K2JVMCompiler$Companion.main([Ljava/lang/String;)V+20
j  org.jetbrains.kotlin.cli.jvm.K2JVMCompiler.main([Ljava/lang/String;)V+4
v  ~StubRoutines::call_stub

---------------  P R O C E S S  ---------------

Threads class SMR info:
_java_thread_list=0x000001d5043df220, length=12, elements={
0x000001d56790bbc0, 0x000001d502814270, 0x000001d502814e20, 0x000001d57f5e51d0,
0x000001d502872010, 0x000001d5028748e0, 0x000001d5028771b0, 0x000001d502877da0,
0x000001d502878840, 0x000001d502879230, 0x000001d5029c78f0, 0x000001d5029d4cb0
}

Java Threads: ( => current thread )
=>0x000001d56790bbc0 JavaThread "main" [_thread_in_vm, id=9020, stack(0x000000c5ab000000,0x000000c5ab100000)]
  0x000001d502814270 JavaThread "Reference Handler" daemon [_thread_blocked, id=16088, stack(0x000000c5ab700000,0x000000c5ab800000)]
  0x000001d502814e20 JavaThread "Finalizer" daemon [_thread_blocked, id=13572, stack(0x000000c5ab800000,0x000000c5ab900000)]
  0x000001d57f5e51d0 JavaThread "Signal Dispatcher" daemon [_thread_blocked, id=1836, stack(0x000000c5ab900000,0x000000c5aba00000)]
  0x000001d502872010 JavaThread "Attach Listener" daemon [_thread_blocked, id=10804, stack(0x000000c5aba00000,0x000000c5abb00000)]
  0x000001d5028748e0 JavaThread "Service Thread" daemon [_thread_blocked, id=16000, stack(0x000000c5abb00000,0x000000c5abc00000)]
  0x000001d5028771b0 JavaThread "Monitor Deflation Thread" daemon [_thread_blocked, id=3624, stack(0x000000c5abc00000,0x000000c5abd00000)]
  0x000001d502877da0 JavaThread "C2 CompilerThread0" daemon [_thread_blocked, id=9776, stack(0x000000c5abd00000,0x000000c5abe00000)]
  0x000001d502878840 JavaThread "C1 CompilerThread0" daemon [_thread_blocked, id=11888, stack(0x000000c5abe00000,0x000000c5abf00000)]
  0x000001d502879230 JavaThread "Sweeper thread" daemon [_thread_blocked, id=8168, stack(0x000000c5abf00000,0x000000c5ac000000)]
  0x000001d5029c78f0 JavaThread "Notification Thread" daemon [_thread_blocked, id=11640, stack(0x000000c5ac000000,0x000000c5ac100000)]
  0x000001d5029d4cb0 JavaThread "Common-Cleaner" daemon [_thread_blocked, id=9172, stack(0x000000c5ac200000,0x000000c5ac300000)]

Other Threads:
  0x000001d57f5cfa70 VMThread "VM Thread" [stack: 0x000000c5ab600000,0x000000c5ab700000] [id=15548]
  0x000001d56797dc20 WatcherThread [stack: 0x000000c5ac100000,0x000000c5ac200000] [id=11392]
  0x000001d567966640 GCTaskThread "GC Thread#0" [stack: 0x000000c5ab100000,0x000000c5ab200000] [id=12784]
  0x000001d5031373e0 GCTaskThread "GC Thread#1" [stack: 0x000000c5ac400000,0x000000c5ac500000] [id=15504]
  0x000001d503137690 GCTaskThread "GC Thread#2" [stack: 0x000000c5ac500000,0x000000c5ac600000] [id=4584]
  0x000001d50313ee60 GCTaskThread "GC Thread#3" [stack: 0x000000c5ac600000,0x000000c5ac700000] [id=13456]
  0x000001d50313f110 GCTaskThread "GC Thread#4" [stack: 0x000000c5ac700000,0x000000c5ac800000] [id=12456]
  0x000001d5041b36b0 GCTaskThread "GC Thread#5" [stack: 0x000000c5ac800000,0x000000c5ac900000] [id=8800]
  0x000001d5040c9210 GCTaskThread "GC Thread#6" [stack: 0x000000c5ac900000,0x000000c5aca00000] [id=14540]
  0x000001d5040ca230 GCTaskThread "GC Thread#7" [stack: 0x000000c5aca00000,0x000000c5acb00000] [id=9176]
  0x000001d567976f40 ConcurrentGCThread "G1 Main Marker" [stack: 0x000000c5ab200000,0x000000c5ab300000] [id=15348]
  0x000001d567977950 ConcurrentGCThread "G1 Conc#0" [stack: 0x000000c5ab300000,0x000000c5ab400000] [id=1736]
  0x000001d5040c9f80 ConcurrentGCThread "G1 Conc#1" [stack: 0x000000c5acb00000,0x000000c5acc00000] [id=14752]
  0x000001d57f4224c0 ConcurrentGCThread "G1 Refine#0" [stack: 0x000000c5ab400000,0x000000c5ab500000] [id=6644]
  0x000001d57f422ee0 ConcurrentGCThread "G1 Service" [stack: 0x000000c5ab500000,0x000000c5ab600000] [id=10204]

Threads with active compile tasks:

VM state: not at safepoint (normal execution)

VM Mutex/Monitor currently owned by a thread:  ([mutex/lock_event])
[0x000001d5657caa30] Metaspace_lock - owner thread: 0x000001d56790bbc0

Heap address: 0x0000000083200000, size: 1998 MB, Compressed Oops mode: 32-bit

CDS archive(s) not mapped
Compressed class space mapped at: 0x0000000100000000-0x0000000140000000, reserved size: 1073741824
Narrow klass base: 0x0000000000000000, Narrow klass shift: 3, Narrow klass range: 0x140000000

GC Precious Log:
 CPUs: 8 total, 8 available
 Memory: 7991M
 Large Page Support: Disabled
 NUMA Support: Disabled
 Compressed Oops: Enabled (32-bit)
 Heap Region Size: 1M
 Heap Min Capacity: 8M
 Heap Initial Capacity: 126M
 Heap Max Capacity: 1998M
 Pre-touch: Disabled
 Parallel Workers: 8
 Concurrent Workers: 2
 Concurrent Refinement Workers: 8
 Periodic GC: Disabled

Heap:
 garbage-first heap   total 81920K, used 39825K [0x0000000083200000, 0x0000000100000000)
  region size 1024K, 19 young (19456K), 5 survivors (5120K)
 Metaspace       used 37950K, committed 38144K, reserved 1089536K
  class space    used 4746K, committed 4800K, reserved 1048576K

Heap Regions: E=young(eden), S=young(survivor), O=old, HS=humongous(starts), HC=humongous(continues), CS=collection set, F=free, OA=open archive, CA=closed archive, TAMS=top-at-mark-start (previous, next)
|   0|0x0000000083200000, 0x0000000083300000, 0x0000000083300000|100%|HS|  |TAMS 0x0000000083300000, 0x0000000083200000| Complete 
|   1|0x0000000083300000, 0x0000000083400000, 0x0000000083400000|100%|HC|  |TAMS 0x0000000083400000, 0x0000000083300000| Complete 
|   2|0x0000000083400000, 0x0000000083500000, 0x0000000083500000|100%|HC|  |TAMS 0x0000000083500000, 0x0000000083400000| Complete 
|   3|0x0000000083500000, 0x0000000083600000, 0x0000000083600000|100%|HC|  |TAMS 0x0000000083600000, 0x0000000083500000| Complete 
|   4|0x0000000083600000, 0x0000000083700000, 0x0000000083700000|100%| O|  |TAMS 0x0000000083700000, 0x0000000083600000| Untracked 
|   5|0x0000000083700000, 0x0000000083800000, 0x0000000083800000|100%| O|  |TAMS 0x0000000083800000, 0x0000000083700000| Untracked 
|   6|0x0000000083800000, 0x0000000083900000, 0x0000000083900000|100%| O|  |TAMS 0x0000000083900000, 0x0000000083800000| Untracked 
|   7|0x0000000083900000, 0x0000000083a00000, 0x0000000083a00000|100%|HS|  |TAMS 0x0000000083a00000, 0x0000000083900000| Complete 
|   8|0x0000000083a00000, 0x0000000083b00000, 0x0000000083b00000|100%|HC|  |TAMS 0x0000000083b00000, 0x0000000083a00000| Complete 
|   9|0x0000000083b00000, 0x0000000083c00000, 0x0000000083c00000|100%|HC|  |TAMS 0x0000000083c00000, 0x0000000083b00000| Complete 
|  10|0x0000000083c00000, 0x0000000083d00000, 0x0000000083d00000|100%|HC|  |TAMS 0x0000000083d00000, 0x0000000083c00000| Complete 
|  11|0x0000000083d00000, 0x0000000083e00000, 0x0000000083e00000|100%|HS|  |TAMS 0x0000000083e00000, 0x0000000083d00000| Complete 
|  12|0x0000000083e00000, 0x0000000083f00000, 0x0000000083f00000|100%|HC|  |TAMS 0x0000000083f00000, 0x0000000083e00000| Complete 
|  13|0x0000000083f00000, 0x0000000084000000, 0x0000000084000000|100%| O|  |TAMS 0x0000000084000000, 0x0000000083f00000| Untracked 
|  14|0x0000000084000000, 0x0000000084100000, 0x0000000084100000|100%| O|  |TAMS 0x0000000084100000, 0x0000000084000000| Untracked 
|  15|0x0000000084100000, 0x0000000084135600, 0x0000000084200000| 20%| O|  |TAMS 0x0000000084135600, 0x0000000084100000| Untracked 
|  16|0x0000000084200000, 0x0000000084200000, 0x0000000084300000|  0%| F|  |TAMS 0x0000000084200000, 0x0000000084200000| Untracked 
|  17|0x0000000084300000, 0x0000000084400000, 0x0000000084400000|100%| O|  |TAMS 0x0000000084400000, 0x0000000084300000| Untracked 
|  18|0x0000000084400000, 0x0000000084500000, 0x0000000084500000|100%| O|  |TAMS 0x0000000084500000, 0x0000000084400000| Untracked 
|  19|0x0000000084500000, 0x0000000084600000, 0x0000000084600000|100%| O|  |TAMS 0x0000000084600000, 0x0000000084500000| Untracked 
|  20|0x0000000084600000, 0x0000000084700000, 0x0000000084700000|100%| O|  |TAMS 0x0000000084700000, 0x0000000084600000| Untracked 
|  21|0x0000000084700000, 0x0000000084800000, 0x0000000084800000|100%| O|  |TAMS 0x0000000084800000, 0x0000000084700000| Untracked 
|  22|0x0000000084800000, 0x0000000084900000, 0x0000000084900000|100%| O|  |TAMS 0x0000000084900000, 0x0000000084800000| Untracked 
|  23|0x0000000084900000, 0x0000000084900000, 0x0000000084a00000|  0%| F|  |TAMS 0x0000000084900000, 0x0000000084900000| Untracked 
|  24|0x0000000084a00000, 0x0000000084a00000, 0x0000000084b00000|  0%| F|  |TAMS 0x0000000084a00000, 0x0000000084a00000| Untracked 
|  25|0x0000000084b00000, 0x0000000084b00000, 0x0000000084c00000|  0%| F|  |TAMS 0x0000000084b00000, 0x0000000084b00000| Untracked 
|  26|0x0000000084c00000, 0x0000000084c00000, 0x0000000084d00000|  0%| F|  |TAMS 0x0000000084c00000, 0x0000000084c00000| Untracked 
|  27|0x0000000084d00000, 0x0000000084d00000, 0x0000000084e00000|  0%| F|  |TAMS 0x0000000084d00000, 0x0000000084d00000| Untracked 
|  28|0x0000000084e00000, 0x0000000084e00000, 0x0000000084f00000|  0%| F|  |TAMS 0x0000000084e00000, 0x0000000084e00000| Untracked 
|  29|0x0000000084f00000, 0x0000000084f00000, 0x0000000085000000|  0%| F|  |TAMS 0x0000000084f00000, 0x0000000084f00000| Untracked 
|  30|0x0000000085000000, 0x0000000085000000, 0x0000000085100000|  0%| F|  |TAMS 0x0000000085000000, 0x0000000085000000| Untracked 
|  31|0x0000000085100000, 0x0000000085100000, 0x0000000085200000|  0%| F|  |TAMS 0x0000000085100000, 0x0000000085100000| Untracked 
|  32|0x0000000085200000, 0x0000000085200000, 0x0000000085300000|  0%| F|  |TAMS 0x0000000085200000, 0x0000000085200000| Untracked 
|  33|0x0000000085300000, 0x0000000085300000, 0x0000000085400000|  0%| F|  |TAMS 0x0000000085300000, 0x0000000085300000| Untracked 
|  34|0x0000000085400000, 0x0000000085400000, 0x0000000085500000|  0%| F|  |TAMS 0x0000000085400000, 0x0000000085400000| Untracked 
|  35|0x0000000085500000, 0x0000000085500000, 0x0000000085600000|  0%| F|  |TAMS 0x0000000085500000, 0x0000000085500000| Untracked 
|  36|0x0000000085600000, 0x0000000085600000, 0x0000000085700000|  0%| F|  |TAMS 0x0000000085600000, 0x0000000085600000| Untracked 
|  37|0x0000000085700000, 0x0000000085700000, 0x0000000085800000|  0%| F|  |TAMS 0x0000000085700000, 0x0000000085700000| Untracked 
|  38|0x0000000085800000, 0x0000000085800000, 0x0000000085900000|  0%| F|  |TAMS 0x0000000085800000, 0x0000000085800000| Untracked 
|  39|0x0000000085900000, 0x0000000085900000, 0x0000000085a00000|  0%| F|  |TAMS 0x0000000085900000, 0x0000000085900000| Untracked 
|  40|0x0000000085a00000, 0x0000000085a00000, 0x0000000085b00000|  0%| F|  |TAMS 0x0000000085a00000, 0x0000000085a00000| Untracked 
|  41|0x0000000085b00000, 0x0000000085b00000, 0x0000000085c00000|  0%| F|  |TAMS 0x0000000085b00000, 0x0000000085b00000| Untracked 
|  42|0x0000000085c00000, 0x0000000085c00000, 0x0000000085d00000|  0%| F|  |TAMS 0x0000000085c00000, 0x0000000085c00000| Untracked 
|  43|0x0000000085d00000, 0x0000000085d00000, 0x0000000085e00000|  0%| F|  |TAMS 0x0000000085d00000, 0x0000000085d00000| Untracked 
|  44|0x0000000085e00000, 0x0000000085e00000, 0x0000000085f00000|  0%| F|  |TAMS 0x0000000085e00000, 0x0000000085e00000| Untracked 
|  45|0x0000000085f00000, 0x0000000085f00000, 0x0000000086000000|  0%| F|  |TAMS 0x0000000085f00000, 0x0000000085f00000| Untracked 
|  46|0x0000000086000000, 0x0000000086000000, 0x0000000086100000|  0%| F|  |TAMS 0x0000000086000000, 0x0000000086000000| Untracked 
|  47|0x0000000086100000, 0x0000000086100000, 0x0000000086200000|  0%| F|  |TAMS 0x0000000086100000, 0x0000000086100000| Untracked 
|  48|0x0000000086200000, 0x0000000086200000, 0x0000000086300000|  0%| F|  |TAMS 0x0000000086200000, 0x0000000086200000| Untracked 
|  49|0x0000000086300000, 0x0000000086300000, 0x0000000086400000|  0%| F|  |TAMS 0x0000000086300000, 0x0000000086300000| Untracked 
|  50|0x0000000086400000, 0x0000000086400000, 0x0000000086500000|  0%| F|  |TAMS 0x0000000086400000, 0x0000000086400000| Untracked 
|  51|0x0000000086500000, 0x0000000086500000, 0x0000000086600000|  0%| F|  |TAMS 0x0000000086500000, 0x0000000086500000| Untracked 
|  52|0x0000000086600000, 0x0000000086600000, 0x0000000086700000|  0%| F|  |TAMS 0x0000000086600000, 0x0000000086600000| Untracked 
|  53|0x0000000086700000, 0x0000000086700000, 0x0000000086800000|  0%| F|  |TAMS 0x0000000086700000, 0x0000000086700000| Untracked 
|  54|0x0000000086800000, 0x0000000086800000, 0x0000000086900000|  0%| F|  |TAMS 0x0000000086800000, 0x0000000086800000| Untracked 
|  55|0x0000000086900000, 0x0000000086900000, 0x0000000086a00000|  0%| F|  |TAMS 0x0000000086900000, 0x0000000086900000| Untracked 
|  56|0x0000000086a00000, 0x0000000086aaf100, 0x0000000086b00000| 68%| S|CS|TAMS 0x0000000086a00000, 0x0000000086a00000| Complete 
|  57|0x0000000086b00000, 0x0000000086c00000, 0x0000000086c00000|100%| S|CS|TAMS 0x0000000086b00000, 0x0000000086b00000| Complete 
|  58|0x0000000086c00000, 0x0000000086d00000, 0x0000000086d00000|100%| S|CS|TAMS 0x0000000086c00000, 0x0000000086c00000| Complete 
|  59|0x0000000086d00000, 0x0000000086e00000, 0x0000000086e00000|100%| S|CS|TAMS 0x0000000086d00000, 0x0000000086d00000| Complete 
|  60|0x0000000086e00000, 0x0000000086f00000, 0x0000000086f00000|100%| S|CS|TAMS 0x0000000086e00000, 0x0000000086e00000| Complete 
|  61|0x0000000086f00000, 0x0000000086f00000, 0x0000000087000000|  0%| F|  |TAMS 0x0000000086f00000, 0x0000000086f00000| Untracked 
|  62|0x0000000087000000, 0x0000000087000000, 0x0000000087100000|  0%| F|  |TAMS 0x0000000087000000, 0x0000000087000000| Untracked 
|  63|0x0000000087100000, 0x0000000087100000, 0x0000000087200000|  0%| F|  |TAMS 0x0000000087100000, 0x0000000087100000| Untracked 
|  64|0x0000000087200000, 0x0000000087200000, 0x0000000087300000|  0%| F|  |TAMS 0x0000000087200000, 0x0000000087200000| Untracked 
|  65|0x0000000087300000, 0x0000000087300000, 0x0000000087400000|  0%| F|  |TAMS 0x0000000087300000, 0x0000000087300000| Untracked 
|  66|0x0000000087400000, 0x0000000087500000, 0x0000000087500000|100%| E|  |TAMS 0x0000000087400000, 0x0000000087400000| Complete 
|  67|0x0000000087500000, 0x0000000087600000, 0x0000000087600000|100%| E|CS|TAMS 0x0000000087500000, 0x0000000087500000| Complete 
|  68|0x0000000087600000, 0x0000000087700000, 0x0000000087700000|100%| E|CS|TAMS 0x0000000087600000, 0x0000000087600000| Complete 
|  69|0x0000000087700000, 0x0000000087800000, 0x0000000087800000|100%| E|CS|TAMS 0x0000000087700000, 0x0000000087700000| Complete 
|  70|0x0000000087800000, 0x0000000087900000, 0x0000000087900000|100%| E|CS|TAMS 0x0000000087800000, 0x0000000087800000| Complete 
|  71|0x0000000087900000, 0x0000000087a00000, 0x0000000087a00000|100%| E|CS|TAMS 0x0000000087900000, 0x0000000087900000| Complete 
|  72|0x0000000087a00000, 0x0000000087b00000, 0x0000000087b00000|100%| E|CS|TAMS 0x0000000087a00000, 0x0000000087a00000| Complete 
|  73|0x0000000087b00000, 0x0000000087c00000, 0x0000000087c00000|100%| E|CS|TAMS 0x0000000087b00000, 0x0000000087b00000| Complete 
|  74|0x0000000087c00000, 0x0000000087d00000, 0x0000000087d00000|100%| E|CS|TAMS 0x0000000087c00000, 0x0000000087c00000| Complete 
|  87|0x0000000088900000, 0x0000000088a00000, 0x0000000088a00000|100%| E|CS|TAMS 0x0000000088900000, 0x0000000088900000| Complete 
|  88|0x0000000088a00000, 0x0000000088b00000, 0x0000000088b00000|100%| E|CS|TAMS 0x0000000088a00000, 0x0000000088a00000| Complete 
|  89|0x0000000088b00000, 0x0000000088c00000, 0x0000000088c00000|100%| E|CS|TAMS 0x0000000088b00000, 0x0000000088b00000| Complete 
|  90|0x0000000088c00000, 0x0000000088d00000, 0x0000000088d00000|100%| E|CS|TAMS 0x0000000088c00000, 0x0000000088c00000| Complete 
| 125|0x000000008af00000, 0x000000008b000000, 0x000000008b000000|100%| E|CS|TAMS 0x000000008af00000, 0x000000008af00000| Complete 

Card table byte_map: [0x000001d57a4f0000,0x000001d57a8e0000] _byte_map_base: 0x000001d57a0d7000

Marking Bits (Prev, Next): (CMBitMap*) 0x000001d567966c50, (CMBitMap*) 0x000001d567966c90
 Prev Bits: [0x000001d57acd0000, 0x000001d57cc08000)
 Next Bits: [0x000001d57cc10000, 0x000001d57eb48000)

Polling page: 0x000001d565910000

Metaspace:

Usage:
  Non-class:     32.43 MB used.
      Class:      4.63 MB used.
       Both:     37.06 MB used.

Virtual space:
  Non-class space:       40.00 MB reserved,      32.56 MB ( 81%) committed,  5 nodes.
      Class space:        1.00 GB reserved,       4.69 MB ( <1%) committed,  1 nodes.
             Both:        1.04 GB reserved,      37.25 MB (  4%) committed. 

Chunk freelists:
   Non-Class:  3.23 MB
       Class:  3.19 MB
        Both:  6.42 MB

MaxMetaspaceSize: unlimited
CompressedClassSpaceSize: 1.00 GB
Initial GC threshold: 21.00 MB
Current GC threshold: 59.06 MB
CDS: off
MetaspaceReclaimPolicy: balanced
 - commit_granule_bytes: 65536.
 - commit_granule_words: 8192.
 - virtual_space_node_default_size: 1048576.
 - enlarge_chunks_in_place: 1.
 - new_chunks_are_fully_committed: 0.
 - uncommit_free_chunks: 1.
 - use_allocation_guard: 0.
 - handle_deallocations: 1.


Internal statistics:

num_allocs_failed_limit: 6.
num_arena_births: 184.
num_arena_deaths: 0.
num_vsnodes_births: 6.
num_vsnodes_deaths: 0.
num_space_committed: 594.
num_space_uncommitted: 0.
num_chunks_returned_to_freelist: 6.
num_chunks_taken_from_freelist: 1179.
num_chunk_merges: 6.
num_chunk_splits: 931.
num_chunks_enlarged: 815.
num_purges: 0.
num_inconsistent_stats: 0.

CodeHeap 'non-profiled nmethods': size=120000Kb used=1314Kb max_used=1314Kb free=118685Kb
 bounds [0x000001d5728a0000, 0x000001d572b10000, 0x000001d579dd0000]
CodeHeap 'profiled nmethods': size=120000Kb used=4947Kb max_used=4947Kb free=115052Kb
 bounds [0x000001d56add0000, 0x000001d56b2b0000, 0x000001d572300000]
CodeHeap 'non-nmethods': size=5760Kb used=1266Kb max_used=1327Kb free=4493Kb
 bounds [0x000001d572300000, 0x000001d572570000, 0x000001d5728a0000]
 total_blobs=3299 nmethods=2729 adapters=482
 compilation: enabled
              stopped_count=0, restarted_count=0
 full_count=0

Compilation events (20 events):
Event: 2.237 Thread 0x000001d502878840 nmethod 2718 0x000001d56b2a3090 code [0x000001d56b2a3220, 0x000001d56b2a33d8]
Event: 2.237 Thread 0x000001d502878840 2727       3       kotlin.collections.EmptyList::iterator (7 bytes)
Event: 2.238 Thread 0x000001d502878840 nmethod 2727 0x000001d56b2a3490 code [0x000001d56b2a3620, 0x000001d56b2a3738]
Event: 2.238 Thread 0x000001d502878840 2728       1       org.jetbrains.kotlin.container.ComponentDescriptor::getShouldInjectProperties (2 bytes)
Event: 2.239 Thread 0x000001d502878840 nmethod 2728 0x000001d5729e6990 code [0x000001d5729e6b20, 0x000001d5729e6bf8]
Event: 2.239 Thread 0x000001d502878840 2724       1       org.jetbrains.kotlin.com.intellij.util.containers.ConcurrentWeakKeySoftValueHashMap$WeakKey::hashCode (5 bytes)
Event: 2.239 Thread 0x000001d502878840 nmethod 2724 0x000001d5729e6c90 code [0x000001d5729e6e20, 0x000001d5729e6ef8]
Event: 2.239 Thread 0x000001d502878840 2729       3       java.util.HashMap::putMapEntries (167 bytes)
Event: 2.240 Thread 0x000001d502878840 nmethod 2729 0x000001d56b2a3810 code [0x000001d56b2a3ae0, 0x000001d56b2a48c8]
Event: 2.240 Thread 0x000001d502878840 2725       1       org.jetbrains.kotlin.container.ClassInfo::getRegistrations (5 bytes)
Event: 2.240 Thread 0x000001d502878840 nmethod 2725 0x000001d5729e6f90 code [0x000001d5729e7120, 0x000001d5729e71f8]
Event: 2.240 Thread 0x000001d502878840 2723       1       org.jetbrains.kotlin.com.intellij.util.containers.ConcurrentWeakKeySoftValueHashMap$HardKey::hashCode (5 bytes)
Event: 2.240 Thread 0x000001d502878840 nmethod 2723 0x000001d5729e7290 code [0x000001d5729e7420, 0x000001d5729e74f8]
Event: 2.240 Thread 0x000001d502877da0 nmethod 2689 0x000001d5729e7590 code [0x000001d5729e7720, 0x000001d5729e7b18]
Event: 2.240 Thread 0x000001d502877da0 2713       4       java.nio.HeapByteBuffer::getShort (29 bytes)
Event: 2.241 Thread 0x000001d502877da0 nmethod 2713 0x000001d5729e7c90 code [0x000001d5729e7e00, 0x000001d5729e7f18]
Event: 2.241 Thread 0x000001d502877da0 2688       4       kotlin.reflect.jvm.internal.pcollections.IntTree::get (60 bytes)
Event: 2.242 Thread 0x000001d502877da0 nmethod 2688 0x000001d5729e8090 code [0x000001d5729e8240, 0x000001d5729e8430]
Event: 2.242 Thread 0x000001d502877da0 2726       4       jdk.internal.misc.Unsafe::getShortUnaligned (12 bytes)
Event: 2.242 Thread 0x000001d502877da0 nmethod 2726 0x000001d5729e8610 code [0x000001d5729e8780, 0x000001d5729e8838]

GC Heap History (14 events):
Event: 0.373 GC heap before
{Heap before GC invocations=0 (full 0):
 garbage-first heap   total 129024K, used 27648K [0x0000000083200000, 0x0000000100000000)
  region size 1024K, 23 young (23552K), 0 survivors (0K)
 Metaspace       used 13305K, committed 13440K, reserved 1064960K
  class space    used 1280K, committed 1344K, reserved 1048576K
}
Event: 0.376 GC heap after
{Heap after GC invocations=1 (full 0):
 garbage-first heap   total 129024K, used 7013K [0x0000000083200000, 0x0000000100000000)
  region size 1024K, 3 young (3072K), 3 survivors (3072K)
 Metaspace       used 13305K, committed 13440K, reserved 1064960K
  class space    used 1280K, committed 1344K, reserved 1048576K
}
Event: 0.861 GC heap before
{Heap before GC invocations=1 (full 0):
 garbage-first heap   total 129024K, used 38757K [0x0000000083200000, 0x0000000100000000)
  region size 1024K, 35 young (35840K), 3 survivors (3072K)
 Metaspace       used 21299K, committed 21504K, reserved 1073152K
  class space    used 2326K, committed 2432K, reserved 1048576K
}
Event: 0.866 GC heap after
{Heap after GC invocations=2 (full 0):
 garbage-first heap   total 129024K, used 10519K [0x0000000083200000, 0x0000000100000000)
  region size 1024K, 4 young (4096K), 4 survivors (4096K)
 Metaspace       used 21299K, committed 21504K, reserved 1073152K
  class space    used 2326K, committed 2432K, reserved 1048576K
}
Event: 1.120 GC heap before
{Heap before GC invocations=3 (full 0):
 garbage-first heap   total 40960K, used 33047K [0x0000000083200000, 0x0000000100000000)
  region size 1024K, 23 young (23552K), 4 survivors (4096K)
 Metaspace       used 27256K, committed 27456K, reserved 1073152K
  class space    used 2999K, committed 3072K, reserved 1048576K
}
Event: 1.125 GC heap after
{Heap after GC invocations=4 (full 0):
 garbage-first heap   total 40960K, used 16634K [0x0000000083200000, 0x0000000100000000)
  region size 1024K, 6 young (6144K), 6 survivors (6144K)
 Metaspace       used 27256K, committed 27456K, reserved 1073152K
  class space    used 2999K, committed 3072K, reserved 1048576K
}
Event: 1.138 GC heap before
{Heap before GC invocations=4 (full 0):
 garbage-first heap   total 40960K, used 17658K [0x0000000083200000, 0x0000000100000000)
  region size 1024K, 7 young (7168K), 6 survivors (6144K)
 Metaspace       used 27659K, committed 27904K, reserved 1081344K
  class space    used 3040K, committed 3136K, reserved 1048576K
}
Event: 1.142 GC heap after
{Heap after GC invocations=5 (full 0):
 garbage-first heap   total 40960K, used 17064K [0x0000000083200000, 0x0000000100000000)
  region size 1024K, 1 young (1024K), 1 survivors (1024K)
 Metaspace       used 27659K, committed 27904K, reserved 1081344K
  class space    used 3040K, committed 3136K, reserved 1048576K
}
Event: 1.325 GC heap before
{Heap before GC invocations=5 (full 0):
 garbage-first heap   total 40960K, used 30376K [0x0000000083200000, 0x0000000100000000)
  region size 1024K, 15 young (15360K), 1 survivors (1024K)
 Metaspace       used 31485K, committed 31744K, reserved 1081344K
  class space    used 3824K, committed 3904K, reserved 1048576K
}
Event: 1.328 GC heap after
{Heap after GC invocations=6 (full 0):
 garbage-first heap   total 40960K, used 17783K [0x0000000083200000, 0x0000000100000000)
  region size 1024K, 2 young (2048K), 2 survivors (2048K)
 Metaspace       used 31485K, committed 31744K, reserved 1081344K
  class space    used 3824K, committed 3904K, reserved 1048576K
}
Event: 1.461 GC heap before
{Heap before GC invocations=6 (full 0):
 garbage-first heap   total 40960K, used 34167K [0x0000000083200000, 0x0000000100000000)
  region size 1024K, 16 young (16384K), 2 survivors (2048K)
 Metaspace       used 31657K, committed 31936K, reserved 1081344K
  class space    used 3824K, committed 3904K, reserved 1048576K
}
Event: 1.467 GC heap after
{Heap after GC invocations=7 (full 0):
 garbage-first heap   total 81920K, used 23765K [0x0000000083200000, 0x0000000100000000)
  region size 1024K, 2 young (2048K), 2 survivors (2048K)
 Metaspace       used 31657K, committed 31936K, reserved 1081344K
  class space    used 3824K, committed 3904K, reserved 1048576K
}
Event: 1.680 GC heap before
{Heap before GC invocations=7 (full 0):
 garbage-first heap   total 81920K, used 42197K [0x0000000083200000, 0x0000000100000000)
  region size 1024K, 21 young (21504K), 2 survivors (2048K)
 Metaspace       used 35755K, committed 35968K, reserved 1081344K
  class space    used 4499K, committed 4608K, reserved 1048576K
}
Event: 1.686 GC heap after
{Heap after GC invocations=8 (full 0):
 garbage-first heap   total 81920K, used 26513K [0x0000000083200000, 0x0000000100000000)
  region size 1024K, 5 young (5120K), 5 survivors (5120K)
 Metaspace       used 35755K, committed 35968K, reserved 1081344K
  class space    used 4499K, committed 4608K, reserved 1048576K
}

Dll operation events (2 events):
Event: 0.005 Loaded shared library C:\Program Files\Android\Android Studio\jbr\bin\java.dll
Event: 0.649 Loaded shared library C:\Program Files\Android\Android Studio\jbr\bin\verify.dll

Deoptimization events (20 events):
Event: 1.733 Thread 0x000001d56790bbc0 DEOPT PACKING pc=0x000001d5729bb878 sp=0x000000c5ab0fdcc0
Event: 1.733 Thread 0x000001d56790bbc0 DEOPT UNPACKING pc=0x000001d57235a1a3 sp=0x000000c5ab0fdba8 mode 2
Event: 1.833 Thread 0x000001d56790bbc0 DEOPT PACKING pc=0x000001d56b19f7a4 sp=0x000000c5ab0fd780
Event: 1.833 Thread 0x000001d56790bbc0 DEOPT UNPACKING pc=0x000001d57235ace3 sp=0x000000c5ab0fccd8 mode 0
Event: 2.215 Thread 0x000001d56790bbc0 Uncommon trap: trap_request=0xffffffc6 fr.pc=0x000001d5729098e4 relative=0x0000000000000ac4
Event: 2.216 Thread 0x000001d56790bbc0 Uncommon trap: reason=bimorphic_or_optimized_type_check action=maybe_recompile pc=0x000001d5729098e4 method=java.util.HashMap.putVal(ILjava/lang/Object;Ljava/lang/Object;ZZ)Ljava/lang/Object; @ 91 c2
Event: 2.216 Thread 0x000001d56790bbc0 DEOPT PACKING pc=0x000001d5729098e4 sp=0x000000c5ab0fb030
Event: 2.216 Thread 0x000001d56790bbc0 DEOPT UNPACKING pc=0x000001d57235a1a3 sp=0x000000c5ab0faf40 mode 2
Event: 2.216 Thread 0x000001d56790bbc0 Uncommon trap: trap_request=0xffffffc6 fr.pc=0x000001d5729098e4 relative=0x0000000000000ac4
Event: 2.216 Thread 0x000001d56790bbc0 Uncommon trap: reason=bimorphic_or_optimized_type_check action=maybe_recompile pc=0x000001d5729098e4 method=java.util.HashMap.putVal(ILjava/lang/Object;Ljava/lang/Object;ZZ)Ljava/lang/Object; @ 91 c2
Event: 2.216 Thread 0x000001d56790bbc0 DEOPT PACKING pc=0x000001d5729098e4 sp=0x000000c5ab0fb030
Event: 2.216 Thread 0x000001d56790bbc0 DEOPT UNPACKING pc=0x000001d57235a1a3 sp=0x000000c5ab0faf40 mode 2
Event: 2.216 Thread 0x000001d56790bbc0 Uncommon trap: trap_request=0xffffffc6 fr.pc=0x000001d5729098e4 relative=0x0000000000000ac4
Event: 2.216 Thread 0x000001d56790bbc0 Uncommon trap: reason=bimorphic_or_optimized_type_check action=maybe_recompile pc=0x000001d5729098e4 method=java.util.HashMap.putVal(ILjava/lang/Object;Ljava/lang/Object;ZZ)Ljava/lang/Object; @ 91 c2
Event: 2.216 Thread 0x000001d56790bbc0 DEOPT PACKING pc=0x000001d5729098e4 sp=0x000000c5ab0fb030
Event: 2.216 Thread 0x000001d56790bbc0 DEOPT UNPACKING pc=0x000001d57235a1a3 sp=0x000000c5ab0faf40 mode 2
Event: 2.216 Thread 0x000001d56790bbc0 Uncommon trap: trap_request=0xffffffc6 fr.pc=0x000001d5729098e4 relative=0x0000000000000ac4
Event: 2.216 Thread 0x000001d56790bbc0 Uncommon trap: reason=bimorphic_or_optimized_type_check action=maybe_recompile pc=0x000001d5729098e4 method=java.util.HashMap.putVal(ILjava/lang/Object;Ljava/lang/Object;ZZ)Ljava/lang/Object; @ 91 c2
Event: 2.216 Thread 0x000001d56790bbc0 DEOPT PACKING pc=0x000001d5729098e4 sp=0x000000c5ab0fb030
Event: 2.216 Thread 0x000001d56790bbc0 DEOPT UNPACKING pc=0x000001d57235a1a3 sp=0x000000c5ab0faf40 mode 2

Classes unloaded (0 events):
No events

Classes redefined (0 events):
No events

Internal exceptions (20 events):
Event: 0.596 Thread 0x000001d56790bbc0 Exception <a 'java/lang/NoSuchMethodError'{0x0000000089d0df38}: 'java.lang.Object java.lang.invoke.DirectMethodHandle$Holder.invokeSpecial(java.lang.Object, java.lang.Object, java.lang.Object, java.lang.Object, long)'> (0x0000000089d0df38) 
thrown [s\src\hotspot\share\interpreter\linkResolver.cpp, line 771]
Event: 0.598 Thread 0x000001d56790bbc0 Exception <a 'java/lang/NoSuchMethodError'{0x0000000089d26698}: 'long java.lang.invoke.Invokers$Holder.invoke_MT(java.lang.Object, java.lang.Object, java.lang.Object, java.lang.Object)'> (0x0000000089d26698) 
thrown [s\src\hotspot\share\interpreter\linkResolver.cpp, line 771]
Event: 0.599 Thread 0x000001d56790bbc0 Exception <a 'java/lang/NoSuchMethodError'{0x0000000089d31eb8}: 'int java.lang.invoke.DirectMethodHandle$Holder.invokeSpecial(java.lang.Object, java.lang.Object, java.lang.Object)'> (0x0000000089d31eb8) 
thrown [s\src\hotspot\share\interpreter\linkResolver.cpp, line 771]
Event: 0.599 Thread 0x000001d56790bbc0 Exception <a 'java/lang/NoSuchMethodError'{0x0000000089d35ee8}: 'int java.lang.invoke.DirectMethodHandle$Holder.invokeSpecial(java.lang.Object, java.lang.Object, java.lang.Object, java.lang.Object)'> (0x0000000089d35ee8) 
thrown [s\src\hotspot\share\interpreter\linkResolver.cpp, line 771]
Event: 0.599 Thread 0x000001d56790bbc0 Exception <a 'java/lang/NoSuchMethodError'{0x0000000089d39550}: 'int java.lang.invoke.Invokers$Holder.invoke_MT(java.lang.Object, java.lang.Object, java.lang.Object, java.lang.Object)'> (0x0000000089d39550) 
thrown [s\src\hotspot\share\interpreter\linkResolver.cpp, line 771]
Event: 0.600 Thread 0x000001d56790bbc0 Exception <a 'java/lang/NoSuchMethodError'{0x0000000089d49170}: 'int java.lang.invoke.DelegatingMethodHandle$Holder.reinvoke_L(java.lang.Object, java.lang.Object, java.lang.Object, long, int)'> (0x0000000089d49170) 
thrown [s\src\hotspot\share\interpreter\linkResolver.cpp, line 771]
Event: 0.652 Thread 0x000001d56790bbc0 Exception <a 'java/lang/NoSuchMethodError'{0x0000000089ab25e8}: 'java.lang.Object java.lang.invoke.DirectMethodHandle$Holder.invokeStaticInit(java.lang.Object)'> (0x0000000089ab25e8) 
thrown [s\src\hotspot\share\interpreter\linkResolver.cpp, line 771]
Event: 0.834 Thread 0x000001d56790bbc0 Exception <a 'java/lang/NoSuchMethodError'{0x0000000088f3df88}: 'java.lang.Object java.lang.invoke.DirectMethodHandle$Holder.invokeStaticInit(java.lang.Object, int)'> (0x0000000088f3df88) 
thrown [s\src\hotspot\share\interpreter\linkResolver.cpp, line 771]
Event: 0.842 Thread 0x000001d56790bbc0 Exception <a 'java/lang/NoSuchMethodError'{0x0000000088fbeae0}: 'void java.lang.invoke.DirectMethodHandle$Holder.invokeStatic(java.lang.Object, java.lang.Object)'> (0x0000000088fbeae0) 
thrown [s\src\hotspot\share\interpreter\linkResolver.cpp, line 771]
Event: 0.854 Thread 0x000001d56790bbc0 Exception <a 'java/lang/NoSuchMethodError'{0x0000000088ef7590}: 'long java.lang.invoke.DirectMethodHandle$Holder.invokeStatic(java.lang.Object)'> (0x0000000088ef7590) 
thrown [s\src\hotspot\share\interpreter\linkResolver.cpp, line 771]
Event: 0.855 Thread 0x000001d56790bbc0 Exception <a 'java/lang/NoSuchMethodError'{0x0000000088eface8}: 'long java.lang.invoke.DirectMethodHandle$Holder.invokeStaticInit(java.lang.Object)'> (0x0000000088eface8) 
thrown [s\src\hotspot\share\interpreter\linkResolver.cpp, line 771]
Event: 0.904 Thread 0x000001d56790bbc0 Exception <a 'java/lang/NoSuchMethodError'{0x000000008525f6b8}: 'int java.lang.invoke.DirectMethodHandle$Holder.invokeStaticInit(java.lang.Object, java.lang.Object, java.lang.Object)'> (0x000000008525f6b8) 
thrown [s\src\hotspot\share\interpreter\linkResolver.cpp, line 771]
Event: 0.908 Thread 0x000001d56790bbc0 Exception <a 'java/lang/NoSuchMethodError'{0x0000000085287238}: 'int java.lang.invoke.DirectMethodHandle$Holder.invokeStaticInit(java.lang.Object, java.lang.Object)'> (0x0000000085287238) 
thrown [s\src\hotspot\share\interpreter\linkResolver.cpp, line 771]
Event: 0.918 Thread 0x000001d56790bbc0 Exception <a 'java/lang/NoSuchMethodError'{0x000000008515e960}: 'void java.lang.invoke.DirectMethodHandle$Holder.invokeSpecial(java.lang.Object, java.lang.Object, java.lang.Object)'> (0x000000008515e960) 
thrown [s\src\hotspot\share\interpreter\linkResolver.cpp, line 771]
Event: 1.091 Thread 0x000001d56790bbc0 Exception <a 'java/lang/NoSuchMethodError'{0x00000000845146e0}: 'void java.lang.invoke.DirectMethodHandle$Holder.invokeStatic(java.lang.Object, java.lang.Object, java.lang.Object, java.lang.Object)'> (0x00000000845146e0) 
thrown [s\src\hotspot\share\interpreter\linkResolver.cpp, line 771]
Event: 1.133 Thread 0x000001d56790bbc0 Exception <a 'java/lang/NoSuchMethodError'{0x000000008afbd7c0}: 'void java.lang.invoke.DirectMethodHandle$Holder.invokeStaticInit(java.lang.Object, java.lang.Object)'> (0x000000008afbd7c0) 
thrown [s\src\hotspot\share\interpreter\linkResolver.cpp, line 771]
Event: 1.192 Thread 0x000001d56790bbc0 Exception <a 'java/lang/NoSuchMethodError'{0x00000000854d0980}: 'void java.lang.invoke.DirectMethodHandle$Holder.invokeVirtual(java.lang.Object, java.lang.Object)'> (0x00000000854d0980) 
thrown [s\src\hotspot\share\interpreter\linkResolver.cpp, line 771]
Event: 1.196 Thread 0x000001d56790bbc0 Exception <a 'java/lang/NoSuchMethodError'{0x0000000085320e00}: 'int java.lang.invoke.DirectMethodHandle$Holder.invokeVirtual(java.lang.Object, java.lang.Object)'> (0x0000000085320e00) 
thrown [s\src\hotspot\share\interpreter\linkResolver.cpp, line 771]
Event: 1.207 Thread 0x000001d56790bbc0 Exception <a 'java/lang/NoSuchMethodError'{0x00000000853cff98}: 'java.lang.Object java.lang.invoke.Invokers$Holder.invokeExact_MT(java.lang.Object, java.lang.Object, java.lang.Object, java.lang.Object, java.lang.Object, java.lang.Object)'> (0x00000000853cff98) 
thrown [s\src\hotspot\share\interpreter\linkResolver.cpp, line 771]
Event: 1.723 Thread 0x000001d56790bbc0 Exception <a 'java/lang/NoSuchMethodError'{0x0000000088aa57d8}: 'java.lang.Object java.lang.invoke.DirectMethodHandle$Holder.invokeVirtual(java.lang.Object, java.lang.Object, java.lang.Object)'> (0x0000000088aa57d8) 
thrown [s\src\hotspot\share\interpreter\linkResolver.cpp, line 771]

VM Operations (20 events):
Event: 0.996 Executing VM operation: HandshakeAllThreads
Event: 0.996 Executing VM operation: HandshakeAllThreads done
Event: 1.107 Executing VM operation: HandshakeAllThreads
Event: 1.107 Executing VM operation: HandshakeAllThreads done
Event: 1.120 Executing VM operation: G1CollectForAllocation
Event: 1.125 Executing VM operation: G1CollectForAllocation done
Event: 1.137 Executing VM operation: G1CollectForAllocation
Event: 1.142 Executing VM operation: G1CollectForAllocation done
Event: 1.324 Executing VM operation: G1CollectForAllocation
Event: 1.328 Executing VM operation: G1CollectForAllocation done
Event: 1.461 Executing VM operation: G1CollectForAllocation
Event: 1.467 Executing VM operation: G1CollectForAllocation done
Event: 1.490 Executing VM operation: HandshakeAllThreads
Event: 1.490 Executing VM operation: HandshakeAllThreads done
Event: 1.680 Executing VM operation: CollectForMetadataAllocation
Event: 1.686 Executing VM operation: CollectForMetadataAllocation done
Event: 1.696 Executing VM operation: G1Concurrent
Event: 1.698 Executing VM operation: G1Concurrent done
Event: 1.702 Executing VM operation: G1Concurrent
Event: 1.702 Executing VM operation: G1Concurrent done

Events (20 events):
Event: 1.691 loading class java/util/Locale$Category
Event: 1.691 loading class java/util/Locale$Category done
Event: 1.691 loading class java/util/Formatter$FixedString
Event: 1.691 loading class java/util/Formatter$FormatString
Event: 1.691 loading class java/util/Formatter$FormatString done
Event: 1.691 loading class java/util/Formatter$FixedString done
Event: 1.691 loading class java/util/Formatter$Conversion
Event: 1.691 loading class java/util/Formatter$Conversion done
Event: 1.691 loading class java/util/Formatter$FormatSpecifier
Event: 1.692 loading class java/util/Formatter$FormatSpecifier done
Event: 1.692 loading class java/util/Formatter$Flags
Event: 1.692 loading class java/util/Formatter$Flags done
Event: 1.692 loading class java/util/Formattable
Event: 1.692 loading class java/util/Formattable done
Event: 1.918 Thread 0x000001d50417c0e0 Thread exited: 0x000001d50417c0e0
Event: 2.188 Thread 0x000001d5029e70e0 Thread exited: 0x000001d5029e70e0
Event: 2.220 loading class jdk/internal/vm/annotation/IntrinsicCandidate
Event: 2.220 loading class jdk/internal/vm/annotation/IntrinsicCandidate done
Event: 2.234 loading class sun/reflect/generics/reflectiveObjects/ParameterizedTypeImpl
Event: 2.235 loading class sun/reflect/generics/reflectiveObjects/ParameterizedTypeImpl done


Dynamic libraries:
0x00007ff7d1650000 - 0x00007ff7d165a000 	C:\Program Files\Android\Android Studio\jbr\bin\java.exe
0x00007ffab0d10000 - 0x00007ffab0f27000 	C:\WINDOWS\SYSTEM32\ntdll.dll
0x00007ffaaf980000 - 0x00007ffaafa44000 	C:\WINDOWS\System32\KERNEL32.DLL
0x00007ffaae540000 - 0x00007ffaae8e5000 	C:\WINDOWS\System32\KERNELBASE.dll
0x00007ffaae1a0000 - 0x00007ffaae2b1000 	C:\WINDOWS\System32\ucrtbase.dll
0x00007ffa921b0000 - 0x00007ffa921c7000 	C:\Program Files\Android\Android Studio\jbr\bin\jli.dll
0x00007ffa79460000 - 0x00007ffa7947b000 	C:\Program Files\Android\Android Studio\jbr\bin\VCRUNTIME140.dll
0x00007ffab0540000 - 0x00007ffab06ee000 	C:\WINDOWS\System32\USER32.dll
0x00007ffaa1880000 - 0x00007ffaa1b13000 	C:\WINDOWS\WinSxS\amd64_microsoft.windows.common-controls_6595b64144ccf1df_6.0.22621.2506_none_270c5ae97388e100\COMCTL32.dll
0x00007ffaae510000 - 0x00007ffaae536000 	C:\WINDOWS\System32\win32u.dll
0x00007ffaafbf0000 - 0x00007ffaafc97000 	C:\WINDOWS\System32\msvcrt.dll
0x00007ffab06f0000 - 0x00007ffab0719000 	C:\WINDOWS\System32\GDI32.dll
0x00007ffaae080000 - 0x00007ffaae199000 	C:\WINDOWS\System32\gdi32full.dll
0x00007ffaae2c0000 - 0x00007ffaae35a000 	C:\WINDOWS\System32\msvcp_win.dll
0x00007ffaaf6e0000 - 0x00007ffaaf711000 	C:\WINDOWS\System32\IMM32.DLL
0x00007ffa91210000 - 0x00007ffa9121c000 	C:\Program Files\Android\Android Studio\jbr\bin\vcruntime140_1.dll
0x00007ffa1e9b0000 - 0x00007ffa1ea3d000 	C:\Program Files\Android\Android Studio\jbr\bin\msvcp140.dll
0x00007ffa442f0000 - 0x00007ffa44f5e000 	C:\Program Files\Android\Android Studio\jbr\bin\server\jvm.dll
0x00007ffaaf8c0000 - 0x00007ffaaf971000 	C:\WINDOWS\System32\ADVAPI32.dll
0x00007ffaaf780000 - 0x00007ffaaf826000 	C:\WINDOWS\System32\sechost.dll
0x00007ffab0120000 - 0x00007ffab0237000 	C:\WINDOWS\System32\RPCRT4.dll
0x00007ffaa5f70000 - 0x00007ffaa5fa4000 	C:\WINDOWS\SYSTEM32\WINMM.dll
0x00007ffaa6000000 - 0x00007ffaa600a000 	C:\WINDOWS\SYSTEM32\VERSION.dll
0x00007ffa92160000 - 0x00007ffa92169000 	C:\WINDOWS\SYSTEM32\WSOCK32.dll
0x00007ffaaeb60000 - 0x00007ffaaebd1000 	C:\WINDOWS\System32\WS2_32.dll
0x00007ffaad020000 - 0x00007ffaad038000 	C:\WINDOWS\SYSTEM32\kernel.appcore.dll
0x00007ffaa8870000 - 0x00007ffaa887a000 	C:\Program Files\Android\Android Studio\jbr\bin\jimage.dll
0x00007ffaab8b0000 - 0x00007ffaabae3000 	C:\WINDOWS\SYSTEM32\DBGHELP.DLL
0x00007ffab0940000 - 0x00007ffab0cc9000 	C:\WINDOWS\System32\combase.dll
0x00007ffaaf5f0000 - 0x00007ffaaf6c7000 	C:\WINDOWS\System32\OLEAUT32.dll
0x00007ffaa6620000 - 0x00007ffaa6652000 	C:\WINDOWS\SYSTEM32\dbgcore.DLL
0x00007ffaae490000 - 0x00007ffaae50a000 	C:\WINDOWS\System32\bcryptPrimitives.dll
0x00007ffa93360000 - 0x00007ffa93385000 	C:\Program Files\Android\Android Studio\jbr\bin\java.dll
0x00007ffa93330000 - 0x00007ffa93348000 	C:\Program Files\Android\Android Studio\jbr\bin\zip.dll
0x00007ffaaed90000 - 0x00007ffaaf5e9000 	C:\WINDOWS\System32\SHELL32.dll
0x00007ffaac0a0000 - 0x00007ffaac994000 	C:\WINDOWS\SYSTEM32\windows.storage.dll
0x00007ffaabf60000 - 0x00007ffaac09e000 	C:\WINDOWS\SYSTEM32\wintypes.dll
0x00007ffaafa70000 - 0x00007ffaafb63000 	C:\WINDOWS\System32\SHCORE.dll
0x00007ffab0720000 - 0x00007ffab077e000 	C:\WINDOWS\System32\shlwapi.dll
0x00007ffaadfb0000 - 0x00007ffaadfd6000 	C:\WINDOWS\SYSTEM32\profapi.dll
0x00007ffa8df50000 - 0x00007ffa8df69000 	C:\Program Files\Android\Android Studio\jbr\bin\net.dll
0x00007ffaa7df0000 - 0x00007ffaa7f27000 	C:\WINDOWS\SYSTEM32\WINHTTP.dll
0x00007ffaad500000 - 0x00007ffaad569000 	C:\WINDOWS\system32\mswsock.dll
0x00007ffa835b0000 - 0x00007ffa835c6000 	C:\Program Files\Android\Android Studio\jbr\bin\nio.dll
0x00007ffa93320000 - 0x00007ffa93330000 	C:\Program Files\Android\Android Studio\jbr\bin\verify.dll

dbghelp: loaded successfully - version: 4.0.5 - missing functions: none
symbol engine: initialized successfully - sym options: 0x614 - pdb path: .;C:\Program Files\Android\Android Studio\jbr\bin;C:\WINDOWS\SYSTEM32;C:\WINDOWS\WinSxS\amd64_microsoft.windows.common-controls_6595b64144ccf1df_6.0.22621.2506_none_270c5ae97388e100;C:\Program Files\Android\Android Studio\jbr\bin\server

VM Arguments:
java_command: org.jetbrains.kotlin.cli.jvm.K2JVMCompiler @C:\Users\User\AndroidStudioProjects\RepairPal\customer\build\20231116_16872990381535610526.compiler.options
java_class_path (initial): C:\Users\User\.gradle\caches\modules-2\files-2.1\org.jetbrains.kotlin\kotlin-compiler-embeddable\1.8.10\b0757fd774344d54ce93f5ad6c30ba1c1731c8ff\kotlin-compiler-embeddable-1.8.10.jar;C:\Users\User\.gradle\caches\modules-2\files-2.1\org.jetbrains.kotlin\kotlin-stdlib\1.8.10\6d5560a229477df9406943d5feda5618e98eb64c\kotlin-stdlib-1.8.10.jar;C:\Users\User\.gradle\caches\modules-2\files-2.1\org.jetbrains.kotlin\kotlin-script-runtime\1.8.10\b13ea9c7e46d589139e56086a878763290e20bd5\kotlin-script-runtime-1.8.10.jar;C:\Users\User\.gradle\caches\modules-2\files-2.1\org.jetbrains.kotlin\kotlin-reflect\1.6.10\1cbe9c92c12a94eea200d23c2bbaedaf3daf5132\kotlin-reflect-1.6.10.jar;C:\Users\User\.gradle\caches\modules-2\files-2.1\org.jetbrains.kotlin\kotlin-daemon-embeddable\1.8.10\ad8541d9bc1cf9e52c3204161247910c2cf601d4\kotlin-daemon-embeddable-1.8.10.jar;C:\Users\User\.gradle\caches\modules-2\files-2.1\org.jetbrains.intellij.deps\trove4j\1.0.20200330\3afb14d5f9ceb459d724e907a21145e8ff394f02\trove4j-1.0.20200330.jar;C:\Users\User\.gradle\caches\modules-2\files-2.1\net.java.dev.jna\jna\5.6.0\330f2244e9030119ab3030fc3fededc86713d9cc\jna-5.6.0.jar;C:\Users\User\.gradle\caches\modules-2\files-2.1\org.jetbrains.kotlin\kotlin-stdlib-common\1.8.10\a61b182458550492c12aee66157d7b524a63a5ec\kotlin-stdlib-common-1.8.10.jar;C:\Users\User\.gradle\caches\modules-2\files-2.1\org.jetbrains\annotations\13.0\919f0dfe192fb4e063e7dacadee7f8bb9a2672a9\annotations-13.0.jar
Launcher Type: SUN_STANDARD

[Global flags]
     intx CICompilerCount                          = 4                                         {product} {ergonomic}
     uint ConcGCThreads                            = 2                                         {product} {ergonomic}
     uint G1ConcRefinementThreads                  = 8                                         {product} {ergonomic}
   size_t G1HeapRegionSize                         = 1048576                                   {product} {ergonomic}
    uintx GCDrainStackTargetSize                   = 64                                        {product} {ergonomic}
   size_t InitialHeapSize                          = 132120576                                 {product} {ergonomic}
   size_t MarkStackSize                            = 4194304                                   {product} {ergonomic}
   size_t MaxHeapSize                              = 2095054848                                {product} {ergonomic}
   size_t MaxNewSize                               = 1256194048                                {product} {ergonomic}
   size_t MinHeapDeltaBytes                        = 1048576                                   {product} {ergonomic}
   size_t MinHeapSize                              = 8388608                                   {product} {ergonomic}
    uintx NonNMethodCodeHeapSize                   = 5839372                                {pd product} {ergonomic}
    uintx NonProfiledCodeHeapSize                  = 122909434                              {pd product} {ergonomic}
    uintx ProfiledCodeHeapSize                     = 122909434                              {pd product} {ergonomic}
    uintx ReservedCodeCacheSize                    = 251658240                              {pd product} {ergonomic}
     bool SegmentedCodeCache                       = true                                      {product} {ergonomic}
   size_t SoftMaxHeapSize                          = 2095054848                             {manageable} {ergonomic}
     bool UseCompressedClassPointers               = true                           {product lp64_product} {ergonomic}
     bool UseCompressedOops                        = true                           {product lp64_product} {ergonomic}
     bool UseG1GC                                  = true                                      {product} {ergonomic}
     bool UseLargePagesIndividualAllocation        = false                                  {pd product} {ergonomic}

Logging:
Log output configuration:
 #0: stdout all=warning uptime,level,tags
 #1: stderr all=off uptime,level,tags

Environment Variables:
JAVA_HOME=C:\Program Files\Java\jdk-20.0.1
PATH=C:\Program Files (x86)\Common Files\Oracle\Java\javapath;C:\Python311\Scripts\;C:\Python311\;C:\Program Files (x86)\Falcon\MinGW\bin;C:\WINDOWS\system32;C:\WINDOWS;C:\WINDOWS\System32\Wbem;C:\WINDOWS\System32\WindowsPowerShell\v1.0\;C:\WINDOWS\System32\OpenSSH\;C:\Program Files\Microsoft SQL Server\130\Tools\Binn\;C:\sqlite3;C:\Program Files (x86)\Microsoft SQL Server\150\DTS\Binn\;C:\Program Files\Azure Data Studio\bin;C:\Program Files\Microsoft SQL Server\Client SDK\ODBC\170\Tools\Binn\;C:\Program Files (x86)\Microsoft SQL Server\150\Tools\Binn\;C:\Program Files\Microsoft SQL Server\150\Tools\Binn\;C:\Program Files\Microsoft SQL Server\150\DTS\Binn\;C:\xampp\php;C:\ProgramData\ComposerSetup\bin;C:\Program Files\dotnet\;C:\Users\User\AppData\Local\Android\Sdk\cmdline-tools\bin;C:\Program Files\Java\;C:\Program Files\Git\cmd;C:\Program Files\nodejs\;C:\ProgramData\chocolatey\bin;C:\Program Files (x86)\GTK2-Runtime\lib;C:\Program Files (x86)\Common Files\Oracle\Java\javapath;C:\Python311\Scripts\;C:\Python311\;C:\Program Files (x86)\Falcon\MinGW\bin;C:\WINDOWS\system32;C:\WINDOWS;C:\WINDOWS\System32\Wbem;C:\WINDOWS\System32\WindowsPowerShell\v1.0\;C:\WINDOWS\System32\OpenSSH\;C:\Program Files\Microsoft SQL Server\130\Tools\Binn\;C:\sqlite3;C:\Program Files (x86)\Microsoft SQL Server\150\DTS\Binn\;C:\Program Files\Azure Data Studio\bin;C:\Program Files\Microsoft SQL Server\Client SDK\ODBC\170\Tools\Binn\;C:\Program Files (x86)\Microsoft SQL Server\150\Tools\Binn\;C:\Program Files\Microsoft SQL Server\150\Tools\Binn\;C:\Program Files\Microsoft SQL Server\150\DTS\Binn\;C:\xampp\php;C:\ProgramData\ComposerSetup\bin;C:\Program Files\dotnet\;C:\Users\User\AppData\Local\Android\Sdk\cmdline-tools\bin;C:\Program Files\Java\;C:\Program Files\Git\cmd;C:\Program Files\nodejs\;C:\ProgramData\chocolatey\bin;C:\Program Files\nodejs\node_modules\npm\bin;C:\Program Files\MySQL\MySQL Shell 8.0\bin\;C:\Users\User\AppData\Local\Microsoft\WindowsApps;C:\Users\User\.dotnet\tools;C:\User
USERNAME=User
OS=Windows_NT
PROCESSOR_IDENTIFIER=Intel64 Family 6 Model 140 Stepping 1, GenuineIntel
TMP=C:\Users\User\AppData\Local\Temp
TEMP=C:\Users\User\AppData\Local\Temp


JNI global refs:
JNI global refs: 8, weak refs: 0

JNI global refs memory usage: 843, weak refs: 841


---------------  S Y S T E M  ---------------

OS:
 Windows 11 , 64 bit Build 22621 (10.0.22621.2506)
OS uptime: 1 days 8:40 hours

CPU: total 8 (initial active 8) (4 cores per cpu, 2 threads per core) family 6 model 140 stepping 1 microcode 0x78, cx8, cmov, fxsr, ht, mmx, 3dnowpref, sse, sse2, sse3, ssse3, sse4.1, sse4.2, popcnt, lzcnt, tsc, tscinvbit, avx, avx2, aes, erms, clmul, bmi1, bmi2, adx, avx512f, avx512dq, avx512cd, avx512bw, avx512vl, sha, fma, vzeroupper, avx512_vpopcntdq, avx512_vpclmulqdq, avx512_vaes, avx512_vnni, clflush, clflushopt, clwb, avx512_vbmi2, avx512_vbmi

Memory: 4k page, system-wide physical 7991M (659M free)
TotalPageFile size 10039M (AvailPageFile size 4M)
current process WorkingSet (physical memory assigned to process): 181M, peak: 181M
current process commit charge ("private bytes"): 240M, peak: 245M

vm_info: OpenJDK 64-Bit Server VM (17.0.6+0-b2043.56-10027231) for windows-amd64 JRE (17.0.6+0-b2043.56-10027231), built on Apr 28 2023 00:43:19 by "androidbuild" with MS VC++ 16.10 / 16.11 (VS2019)

END.
