#
# There is insufficient memory for the Java Runtime Environment to continue.
# Native memory allocation (mmap) failed to map 186646528 bytes for G1 virtual space
# Possible reasons:
#   The system is out of physical RAM or swap space
#   The process is running with CompressedOops enabled, and the Java Heap may be blocking the growth of the native heap
# Possible solutions:
#   Reduce memory load on the system
#   Increase physical memory or swap space
#   Check if swap backing store is full
#   Decrease Java heap size (-Xmx/-Xms)
#   Decrease number of Java threads
#   Decrease Java thread stack sizes (-Xss)
#   Set larger code cache with -XX:ReservedCodeCacheSize=
#   JVM is running with Unscaled Compressed Oops mode in which the Java heap is
#     placed in the first 4GB address space. The Java Heap base address is the
#     maximum limit for the native heap growth. Please use -XX:HeapBaseMinAddress
#     to set the Java Heap base and to place the Java Heap above 4GB virtual address.
# This output file may be truncated or incomplete.
#
#  Out of Memory Error (os_windows.cpp:3769), pid=15948, tid=15248
#
# JRE version: OpenJDK Runtime Environment (17.0.6) (build 17.0.6+0-b2043.56-10027231)
# Java VM: OpenJDK 64-Bit Server VM (17.0.6+0-b2043.56-10027231, mixed mode, tiered, compressed oops, compressed class ptrs, g1 gc, windows-amd64)
# No core dump will be written. Minidumps are not enabled by default on client versions of Windows
#

---------------  S U M M A R Y ------------

Command Line: --add-opens=java.base/java.util=ALL-UNNAMED --add-opens=java.base/java.lang=ALL-UNNAMED --add-opens=java.base/java.lang.invoke=ALL-UNNAMED --add-opens=java.prefs/java.util.prefs=ALL-UNNAMED --add-opens=java.base/java.nio.charset=ALL-UNNAMED --add-opens=java.base/java.net=ALL-UNNAMED --add-opens=java.base/java.util.concurrent.atomic=ALL-UNNAMED -Xmx2048m -Dfile.encoding=UTF-8 -Duser.country=US -Duser.language=en -Duser.variant org.gradle.launcher.daemon.bootstrap.GradleDaemon 8.0

Host: 11th Gen Intel(R) Core(TM) i5-1135G7 @ 2.40GHz, 8 cores, 7G,  Windows 11 , 64 bit Build 22621 (10.0.22621.2506)
Time: Tue Nov 28 11:13:26 2023 E. Africa Standard Time elapsed time: 56.618875 seconds (0d 0h 0m 56s)

---------------  T H R E A D  ---------------

Current thread (0x000001ae6687e940):  VMThread "VM Thread" [stack: 0x00000097fcb00000,0x00000097fcc00000] [id=15248]

Stack: [0x00000097fcb00000,0x00000097fcc00000]
Native frames: (J=compiled Java code, j=interpreted, Vv=VM code, C=native code)
V  [jvm.dll+0x683c9a]
V  [jvm.dll+0x8427a4]
V  [jvm.dll+0x843f9e]
V  [jvm.dll+0x844603]
V  [jvm.dll+0x249b75]
V  [jvm.dll+0x680b69]
V  [jvm.dll+0x67505a]
V  [jvm.dll+0x309acb]
V  [jvm.dll+0x310f86]
V  [jvm.dll+0x3608ee]
V  [jvm.dll+0x360b1f]
V  [jvm.dll+0x2dfbf8]
V  [jvm.dll+0x2ddec4]
V  [jvm.dll+0x2dd4cc]
V  [jvm.dll+0x321f3b]
V  [jvm.dll+0x848ccb]
V  [jvm.dll+0x849a04]
V  [jvm.dll+0x849f1d]
V  [jvm.dll+0x84a2f4]
V  [jvm.dll+0x84a3c0]
V  [jvm.dll+0x7f274a]
V  [jvm.dll+0x682ad5]
C  [ucrtbase.dll+0x29363]
C  [KERNEL32.DLL+0x1257d]
C  [ntdll.dll+0x5aa58]

VM_Operation (0x0000009785bfa360): G1CollectForAllocation, mode: safepoint, requested by thread 0x000001ae6e099f20


---------------  P R O C E S S  ---------------

Threads class SMR info:
_java_thread_list=0x000001ae6ecd2d70, length=137, elements={
0x000001ae4ca0bca0, 0x000001ae67412250, 0x000001ae67412e00, 0x000001ae6689d4e0,
0x000001ae6689e090, 0x000001ae6742dfc0, 0x000001ae67430980, 0x000001ae67431710,
0x000001ae674321b0, 0x000001ae67432ba0, 0x000001ae675cb9d0, 0x000001ae675ce8d0,
0x000001ae68c17c60, 0x000001ae6997d1e0, 0x000001ae69b45470, 0x000001ae68e7c040,
0x000001ae67d2c3c0, 0x000001ae69d64820, 0x000001ae68467fb0, 0x000001ae683c2160,
0x000001ae699a9060, 0x000001ae67625d50, 0x000001ae68183870, 0x000001ae68184210,
0x000001ae68182ed0, 0x000001ae68184bb0, 0x000001ae68182530, 0x000001ae681846e0,
0x000001ae68185080, 0x000001ae68182a00, 0x000001ae681833a0, 0x000001ae68183d40,
0x000001ae68185550, 0x000001ae68185a20, 0x000001ae677eb120, 0x000001ae677f02f0,
0x000001ae677f0c90, 0x000001ae677f07c0, 0x000001ae677ed2d0, 0x000001ae677edc70,
0x000001ae677e9440, 0x000001ae677efe20, 0x000001ae677e9910, 0x000001ae677eac50,
0x000001ae677eb5f0, 0x000001ae677e9de0, 0x000001ae677ea2b0, 0x000001ae677ee140,
0x000001ae677ebac0, 0x000001ae677ebf90, 0x000001ae677ec460, 0x000001ae677ed7a0,
0x000001ae677ece00, 0x000001ae677ee610, 0x000001ae677eefb0, 0x000001ae677eeae0,
0x000001ae677ef480, 0x000001ae6e321880, 0x000001ae6e321d50, 0x000001ae6e323a30,
0x000001ae6e322220, 0x000001ae6e3226f0, 0x000001ae6e325be0, 0x000001ae6e322bc0,
0x000001ae6e323f00, 0x000001ae6e3248a0, 0x000001ae6e324d70, 0x000001ae6e326580,
0x000001ae6e323090, 0x000001ae6e3243d0, 0x000001ae6e3260b0, 0x000001ae6e323560,
0x000001ae6e325240, 0x000001ae6e325710, 0x000001ae6e326f20, 0x000001ae6e326a50,
0x000001ae6e3273f0, 0x000001ae6e31fba0, 0x000001ae6e320070, 0x000001ae6e320540,
0x000001ae6e320a10, 0x000001ae6e320ee0, 0x000001ae6e3213b0, 0x000001ae6a1d51a0,
0x000001ae6a1d3990, 0x000001ae6a1d2180, 0x000001ae6a1d5b40, 0x000001ae6a1d04a0,
0x000001ae6a1cffd0, 0x000001ae6a1d6010, 0x000001ae6a1d4800, 0x000001ae6a1d6e80,
0x000001ae6a1d7350, 0x000001ae6a1d4cd0, 0x000001ae6a1d7820, 0x000001ae6a1d0970,
0x000001ae6a1d0e40, 0x000001ae6a1d64e0, 0x000001ae6a1d1310, 0x000001ae6a1d69b0,
0x000001ae6a1d34c0, 0x000001ae6a1d17e0, 0x000001ae6a1d1cb0, 0x000001ae6a1d2650,
0x000001ae6a1d2b20, 0x000001ae6a1d2ff0, 0x000001ae6a1d3e60, 0x000001ae6a1d4330,
0x000001ae6a1d5670, 0x000001ae6bb84380, 0x000001ae6bb86a00, 0x000001ae6bb86ed0,
0x000001ae6bb83eb0, 0x000001ae6bb81d00, 0x000001ae6bb80020, 0x000001ae6bb83040,
0x000001ae6bb83510, 0x000001ae6bb856c0, 0x000001ae6bb85b90, 0x000001ae6bb851f0,
0x000001ae6bb80e90, 0x000001ae6bb82b70, 0x000001ae6bb839e0, 0x000001ae6bb84850,
0x000001ae6bb86060, 0x000001ae6bb804f0, 0x000001ae6e095220, 0x000001ae6e094d50,
0x000001ae6e096f00, 0x000001ae6e097d70, 0x000001ae6e099f20, 0x000001ae6e093540,
0x000001ae6e0956f0, 0x000001ae6e095bc0, 0x000001ae6e096a30, 0x000001ae6e09a8c0,
0x000001ae6e093a10
}

Java Threads: ( => current thread )
  0x000001ae4ca0bca0 JavaThread "main" [_thread_blocked, id=9564, stack(0x00000097fc500000,0x00000097fc600000)]
  0x000001ae67412250 JavaThread "Reference Handler" daemon [_thread_blocked, id=10064, stack(0x00000097fcc00000,0x00000097fcd00000)]
  0x000001ae67412e00 JavaThread "Finalizer" daemon [_thread_blocked, id=6304, stack(0x00000097fcd00000,0x00000097fce00000)]
  0x000001ae6689d4e0 JavaThread "Signal Dispatcher" daemon [_thread_blocked, id=15304, stack(0x00000097fce00000,0x00000097fcf00000)]
  0x000001ae6689e090 JavaThread "Attach Listener" daemon [_thread_blocked, id=15452, stack(0x00000097fcf00000,0x00000097fd000000)]
  0x000001ae6742dfc0 JavaThread "Service Thread" daemon [_thread_blocked, id=12860, stack(0x00000097fd000000,0x00000097fd100000)]
  0x000001ae67430980 JavaThread "Monitor Deflation Thread" daemon [_thread_blocked, id=14100, stack(0x00000097fd100000,0x00000097fd200000)]
  0x000001ae67431710 JavaThread "C2 CompilerThread0" daemon [_thread_blocked, id=7224, stack(0x00000097fd200000,0x00000097fd300000)]
  0x000001ae674321b0 JavaThread "C1 CompilerThread0" daemon [_thread_blocked, id=15908, stack(0x00000097fd300000,0x00000097fd400000)]
  0x000001ae67432ba0 JavaThread "Sweeper thread" daemon [_thread_blocked, id=15436, stack(0x00000097fd400000,0x00000097fd500000)]
  0x000001ae675cb9d0 JavaThread "Common-Cleaner" daemon [_thread_blocked, id=2260, stack(0x00000097fd500000,0x00000097fd600000)]
  0x000001ae675ce8d0 JavaThread "Notification Thread" daemon [_thread_blocked, id=12140, stack(0x00000097fd600000,0x00000097fd700000)]
  0x000001ae68c17c60 JavaThread "Daemon health stats" [_thread_blocked, id=15672, stack(0x00000097fd800000,0x00000097fd900000)]
  0x000001ae6997d1e0 JavaThread "Incoming local TCP Connector on port 54131" [_thread_in_native, id=7828, stack(0x00000097fd900000,0x00000097fda00000)]
  0x000001ae69b45470 JavaThread "Daemon periodic checks" [_thread_blocked, id=13044, stack(0x00000097fde00000,0x00000097fdf00000)]
  0x000001ae68e7c040 JavaThread "Daemon" [_thread_blocked, id=2504, stack(0x00000097fdf00000,0x00000097fe000000)]
  0x000001ae67d2c3c0 JavaThread "Handler for socket connection from /127.0.0.1:54131 to /127.0.0.1:54132" [_thread_in_native, id=12680, stack(0x00000097fe000000,0x00000097fe100000)]
  0x000001ae69d64820 JavaThread "Cancel handler" [_thread_blocked, id=2944, stack(0x00000097fe100000,0x00000097fe200000)]
  0x000001ae68467fb0 JavaThread "Daemon worker" [_thread_blocked, id=11920, stack(0x00000097fe200000,0x00000097fe300000)]
  0x000001ae683c2160 JavaThread "Asynchronous log dispatcher for DefaultDaemonConnection: socket connection from /127.0.0.1:54131 to /127.0.0.1:54132" [_thread_blocked, id=15308, stack(0x00000097fe300000,0x00000097fe400000)]
  0x000001ae699a9060 JavaThread "Stdin handler" [_thread_blocked, id=13924, stack(0x00000097fe400000,0x00000097fe500000)]
  0x000001ae67625d50 JavaThread "Daemon client event forwarder" [_thread_blocked, id=9624, stack(0x00000097fe500000,0x00000097fe600000)]
  0x000001ae68183870 JavaThread "Cache worker for journal cache (C:\Users\User\.gradle\caches\journal-1)" [_thread_blocked, id=5012, stack(0x00000097fea00000,0x00000097feb00000)]
  0x000001ae68184210 JavaThread "File lock request listener" [_thread_in_native, id=6992, stack(0x00000097feb00000,0x00000097fec00000)]
  0x000001ae68182ed0 JavaThread "Cache worker for file hash cache (C:\Users\User\.gradle\caches\8.0\fileHashes)" [_thread_blocked, id=12000, stack(0x00000097fec00000,0x00000097fed00000)]
  0x000001ae68184bb0 JavaThread "File watcher server" daemon [_thread_blocked, id=11912, stack(0x00000097fed00000,0x00000097fee00000)]
  0x000001ae68182530 JavaThread "File watcher consumer" daemon [_thread_blocked, id=14376, stack(0x00000097fee00000,0x00000097fef00000)]
  0x000001ae681846e0 JavaThread "Cache worker for checksums cache (C:\Users\User\AndroidStudioProjects\RepairPal\.gradle\8.0\checksums)" [_thread_blocked, id=16220, stack(0x00000097fef00000,0x00000097ff000000)]
  0x000001ae68185080 JavaThread "Cache worker for cache directory md-rule (C:\Users\User\.gradle\caches\8.0\md-rule)" [_thread_blocked, id=11492, stack(0x00000097ff000000,0x00000097ff100000)]
  0x000001ae68182a00 JavaThread "Cache worker for file content cache (C:\Users\User\.gradle\caches\8.0\fileContent)" [_thread_blocked, id=11344, stack(0x00000097ff100000,0x00000097ff200000)]
  0x000001ae681833a0 JavaThread "Cache worker for file hash cache (C:\Users\User\AndroidStudioProjects\RepairPal\.gradle\8.0\fileHashes)" [_thread_blocked, id=13516, stack(0x00000097ff200000,0x00000097ff300000)]
  0x000001ae68183d40 JavaThread "Cache worker for cache directory md-supplier (C:\Users\User\.gradle\caches\8.0\md-supplier)" [_thread_blocked, id=13660, stack(0x00000097ff300000,0x00000097ff400000)]
  0x000001ae68185550 JavaThread "Cache worker for execution history cache (C:\Users\User\.gradle\caches\8.0\executionHistory)" [_thread_blocked, id=13116, stack(0x00000097ff400000,0x00000097ff500000)]
  0x000001ae68185a20 JavaThread "jar transforms" [_thread_blocked, id=12396, stack(0x00000097ff500000,0x00000097ff600000)]
  0x000001ae677eb120 JavaThread "jar transforms Thread 2" [_thread_blocked, id=14788, stack(0x00000097ff600000,0x00000097ff700000)]
  0x000001ae677f02f0 JavaThread "Cache worker for kotlin-dsl (C:\Users\User\.gradle\caches\8.0\kotlin-dsl)" [_thread_blocked, id=1948, stack(0x00000097ff700000,0x00000097ff800000)]
  0x000001ae677f0c90 JavaThread "jar transforms Thread 3" [_thread_blocked, id=12384, stack(0x00000097ff900000,0x00000097ffa00000)]
  0x000001ae677f07c0 JavaThread "jar transforms Thread 4" [_thread_blocked, id=15296, stack(0x00000097ffa00000,0x00000097ffb00000)]
  0x000001ae677ed2d0 JavaThread "Cache worker for dependencies-accessors (C:\Users\User\AndroidStudioProjects\RepairPal\.gradle\8.0\dependencies-accessors)" [_thread_blocked, id=3932, stack(0x00000097ffb00000,0x00000097ffc00000)]
  0x000001ae677edc70 JavaThread "Cache worker for Build Output Cleanup Cache (C:\Users\User\AndroidStudioProjects\RepairPal\.gradle\buildOutputCleanup)" [_thread_blocked, id=15324, stack(0x00000097ffc00000,0x00000097ffd00000)]
  0x000001ae677e9440 JavaThread "jar transforms Thread 5" [_thread_blocked, id=15312, stack(0x00000097ffd00000,0x00000097ffe00000)]
  0x000001ae677efe20 JavaThread "Unconstrained build operations" [_thread_blocked, id=15864, stack(0x00000097ffe00000,0x00000097fff00000)]
  0x000001ae677e9910 JavaThread "Unconstrained build operations Thread 2" [_thread_blocked, id=11116, stack(0x00000097fff00000,0x0000009800000000)]
  0x000001ae677eac50 JavaThread "Unconstrained build operations Thread 3" [_thread_blocked, id=14384, stack(0x0000009780000000,0x0000009780100000)]
  0x000001ae677eb5f0 JavaThread "Unconstrained build operations Thread 4" [_thread_blocked, id=9784, stack(0x0000009780100000,0x0000009780200000)]
  0x000001ae677e9de0 JavaThread "Unconstrained build operations Thread 5" [_thread_blocked, id=14268, stack(0x0000009780200000,0x0000009780300000)]
  0x000001ae677ea2b0 JavaThread "Unconstrained build operations Thread 6" [_thread_blocked, id=13932, stack(0x0000009780300000,0x0000009780400000)]
  0x000001ae677ee140 JavaThread "Unconstrained build operations Thread 7" [_thread_blocked, id=12628, stack(0x0000009780400000,0x0000009780500000)]
  0x000001ae677ebac0 JavaThread "Unconstrained build operations Thread 8" [_thread_blocked, id=13960, stack(0x0000009780500000,0x0000009780600000)]
  0x000001ae677ebf90 JavaThread "Unconstrained build operations Thread 9" [_thread_blocked, id=5740, stack(0x0000009780600000,0x0000009780700000)]
  0x000001ae677ec460 JavaThread "Unconstrained build operations Thread 10" [_thread_blocked, id=16272, stack(0x0000009780700000,0x0000009780800000)]
  0x000001ae677ed7a0 JavaThread "Unconstrained build operations Thread 11" [_thread_blocked, id=13148, stack(0x0000009780800000,0x0000009780900000)]
  0x000001ae677ece00 JavaThread "Unconstrained build operations Thread 12" [_thread_blocked, id=11204, stack(0x0000009780900000,0x0000009780a00000)]
  0x000001ae677ee610 JavaThread "Unconstrained build operations Thread 13" [_thread_blocked, id=4040, stack(0x0000009780a00000,0x0000009780b00000)]
  0x000001ae677eefb0 JavaThread "Unconstrained build operations Thread 14" [_thread_blocked, id=16340, stack(0x0000009780b00000,0x0000009780c00000)]
  0x000001ae677eeae0 JavaThread "Unconstrained build operations Thread 15" [_thread_blocked, id=10732, stack(0x0000009780c00000,0x0000009780d00000)]
  0x000001ae677ef480 JavaThread "Unconstrained build operations Thread 16" [_thread_blocked, id=15236, stack(0x0000009780d00000,0x0000009780e00000)]
  0x000001ae6e321880 JavaThread "Unconstrained build operations Thread 17" [_thread_blocked, id=6124, stack(0x0000009780e00000,0x0000009780f00000)]
  0x000001ae6e321d50 JavaThread "Unconstrained build operations Thread 18" [_thread_blocked, id=7500, stack(0x0000009780f00000,0x0000009781000000)]
  0x000001ae6e323a30 JavaThread "Unconstrained build operations Thread 19" [_thread_blocked, id=11188, stack(0x0000009781000000,0x0000009781100000)]
  0x000001ae6e322220 JavaThread "Unconstrained build operations Thread 20" [_thread_blocked, id=4764, stack(0x0000009781100000,0x0000009781200000)]
  0x000001ae6e3226f0 JavaThread "Unconstrained build operations Thread 21" [_thread_blocked, id=13784, stack(0x0000009781200000,0x0000009781300000)]
  0x000001ae6e325be0 JavaThread "Unconstrained build operations Thread 22" [_thread_blocked, id=14048, stack(0x0000009781300000,0x0000009781400000)]
  0x000001ae6e322bc0 JavaThread "Unconstrained build operations Thread 23" [_thread_blocked, id=7944, stack(0x0000009781400000,0x0000009781500000)]
  0x000001ae6e323f00 JavaThread "Unconstrained build operations Thread 24" [_thread_blocked, id=15932, stack(0x0000009781500000,0x0000009781600000)]
  0x000001ae6e3248a0 JavaThread "Unconstrained build operations Thread 25" [_thread_blocked, id=8848, stack(0x0000009781600000,0x0000009781700000)]
  0x000001ae6e324d70 JavaThread "Unconstrained build operations Thread 26" [_thread_blocked, id=1084, stack(0x0000009781700000,0x0000009781800000)]
  0x000001ae6e326580 JavaThread "Unconstrained build operations Thread 27" [_thread_blocked, id=8416, stack(0x0000009781800000,0x0000009781900000)]
  0x000001ae6e323090 JavaThread "Unconstrained build operations Thread 28" [_thread_blocked, id=4344, stack(0x0000009781900000,0x0000009781a00000)]
  0x000001ae6e3243d0 JavaThread "Unconstrained build operations Thread 29" [_thread_blocked, id=10448, stack(0x0000009781a00000,0x0000009781b00000)]
  0x000001ae6e3260b0 JavaThread "Unconstrained build operations Thread 30" [_thread_blocked, id=15612, stack(0x0000009781b00000,0x0000009781c00000)]
  0x000001ae6e323560 JavaThread "Unconstrained build operations Thread 31" [_thread_blocked, id=14096, stack(0x0000009781c00000,0x0000009781d00000)]
  0x000001ae6e325240 JavaThread "Unconstrained build operations Thread 32" [_thread_blocked, id=13860, stack(0x0000009781d00000,0x0000009781e00000)]
  0x000001ae6e325710 JavaThread "Unconstrained build operations Thread 33" [_thread_blocked, id=13424, stack(0x0000009781e00000,0x0000009781f00000)]
  0x000001ae6e326f20 JavaThread "Unconstrained build operations Thread 34" [_thread_blocked, id=11768, stack(0x0000009781f00000,0x0000009782000000)]
  0x000001ae6e326a50 JavaThread "Unconstrained build operations Thread 35" [_thread_blocked, id=8248, stack(0x0000009782000000,0x0000009782100000)]
  0x000001ae6e3273f0 JavaThread "Unconstrained build operations Thread 36" [_thread_blocked, id=14840, stack(0x0000009782100000,0x0000009782200000)]
  0x000001ae6e31fba0 JavaThread "Unconstrained build operations Thread 37" [_thread_blocked, id=5668, stack(0x0000009782200000,0x0000009782300000)]
  0x000001ae6e320070 JavaThread "Unconstrained build operations Thread 38" [_thread_blocked, id=352, stack(0x0000009782300000,0x0000009782400000)]
  0x000001ae6e320540 JavaThread "Unconstrained build operations Thread 39" [_thread_blocked, id=10296, stack(0x0000009782400000,0x0000009782500000)]
  0x000001ae6e320a10 JavaThread "Unconstrained build operations Thread 40" [_thread_blocked, id=13412, stack(0x0000009782500000,0x0000009782600000)]
  0x000001ae6e320ee0 JavaThread "Unconstrained build operations Thread 41" [_thread_blocked, id=15124, stack(0x0000009782600000,0x0000009782700000)]
  0x000001ae6e3213b0 JavaThread "Unconstrained build operations Thread 42" [_thread_blocked, id=8660, stack(0x0000009782700000,0x0000009782800000)]
  0x000001ae6a1d51a0 JavaThread "Unconstrained build operations Thread 43" [_thread_blocked, id=9924, stack(0x0000009782800000,0x0000009782900000)]
  0x000001ae6a1d3990 JavaThread "Unconstrained build operations Thread 44" [_thread_blocked, id=11192, stack(0x0000009782900000,0x0000009782a00000)]
  0x000001ae6a1d2180 JavaThread "Unconstrained build operations Thread 45" [_thread_blocked, id=10772, stack(0x0000009782a00000,0x0000009782b00000)]
  0x000001ae6a1d5b40 JavaThread "Unconstrained build operations Thread 46" [_thread_blocked, id=12072, stack(0x0000009782b00000,0x0000009782c00000)]
  0x000001ae6a1d04a0 JavaThread "Unconstrained build operations Thread 47" [_thread_blocked, id=9112, stack(0x0000009782c00000,0x0000009782d00000)]
  0x000001ae6a1cffd0 JavaThread "Unconstrained build operations Thread 48" [_thread_blocked, id=15512, stack(0x0000009782d00000,0x0000009782e00000)]
  0x000001ae6a1d6010 JavaThread "Unconstrained build operations Thread 49" [_thread_blocked, id=13652, stack(0x0000009782e00000,0x0000009782f00000)]
  0x000001ae6a1d4800 JavaThread "Unconstrained build operations Thread 50" [_thread_blocked, id=13532, stack(0x0000009782f00000,0x0000009783000000)]
  0x000001ae6a1d6e80 JavaThread "Unconstrained build operations Thread 51" [_thread_blocked, id=12900, stack(0x0000009783000000,0x0000009783100000)]
  0x000001ae6a1d7350 JavaThread "Unconstrained build operations Thread 52" [_thread_blocked, id=13208, stack(0x0000009783100000,0x0000009783200000)]
  0x000001ae6a1d4cd0 JavaThread "Unconstrained build operations Thread 53" [_thread_blocked, id=16144, stack(0x0000009783200000,0x0000009783300000)]
  0x000001ae6a1d7820 JavaThread "Unconstrained build operations Thread 54" [_thread_blocked, id=14180, stack(0x0000009783300000,0x0000009783400000)]
  0x000001ae6a1d0970 JavaThread "Unconstrained build operations Thread 55" [_thread_blocked, id=13000, stack(0x0000009783400000,0x0000009783500000)]
  0x000001ae6a1d0e40 JavaThread "Unconstrained build operations Thread 56" [_thread_blocked, id=13068, stack(0x0000009783500000,0x0000009783600000)]
  0x000001ae6a1d64e0 JavaThread "Unconstrained build operations Thread 57" [_thread_blocked, id=14056, stack(0x0000009783600000,0x0000009783700000)]
  0x000001ae6a1d1310 JavaThread "Unconstrained build operations Thread 58" [_thread_blocked, id=11280, stack(0x0000009783700000,0x0000009783800000)]
  0x000001ae6a1d69b0 JavaThread "Unconstrained build operations Thread 59" [_thread_blocked, id=12256, stack(0x0000009783800000,0x0000009783900000)]
  0x000001ae6a1d34c0 JavaThread "Unconstrained build operations Thread 60" [_thread_blocked, id=12036, stack(0x0000009783900000,0x0000009783a00000)]
  0x000001ae6a1d17e0 JavaThread "Unconstrained build operations Thread 61" [_thread_blocked, id=11420, stack(0x0000009783a00000,0x0000009783b00000)]
  0x000001ae6a1d1cb0 JavaThread "Unconstrained build operations Thread 62" [_thread_blocked, id=11008, stack(0x0000009783b00000,0x0000009783c00000)]
  0x000001ae6a1d2650 JavaThread "Unconstrained build operations Thread 63" [_thread_blocked, id=15276, stack(0x0000009783c00000,0x0000009783d00000)]
  0x000001ae6a1d2b20 JavaThread "Unconstrained build operations Thread 64" [_thread_blocked, id=13984, stack(0x0000009783d00000,0x0000009783e00000)]
  0x000001ae6a1d2ff0 JavaThread "Unconstrained build operations Thread 65" [_thread_blocked, id=7608, stack(0x0000009783e00000,0x0000009783f00000)]
  0x000001ae6a1d3e60 JavaThread "Unconstrained build operations Thread 66" [_thread_blocked, id=10032, stack(0x0000009783f00000,0x0000009784000000)]
  0x000001ae6a1d4330 JavaThread "Unconstrained build operations Thread 67" [_thread_blocked, id=1584, stack(0x0000009784000000,0x0000009784100000)]
  0x000001ae6a1d5670 JavaThread "Unconstrained build operations Thread 68" [_thread_blocked, id=7992, stack(0x0000009784100000,0x0000009784200000)]
  0x000001ae6bb84380 JavaThread "Unconstrained build operations Thread 69" [_thread_blocked, id=8912, stack(0x0000009784200000,0x0000009784300000)]
  0x000001ae6bb86a00 JavaThread "Unconstrained build operations Thread 70" [_thread_blocked, id=13320, stack(0x0000009784300000,0x0000009784400000)]
  0x000001ae6bb86ed0 JavaThread "Unconstrained build operations Thread 71" [_thread_blocked, id=15216, stack(0x0000009784400000,0x0000009784500000)]
  0x000001ae6bb83eb0 JavaThread "Unconstrained build operations Thread 72" [_thread_blocked, id=9180, stack(0x0000009784500000,0x0000009784600000)]
  0x000001ae6bb81d00 JavaThread "Unconstrained build operations Thread 73" [_thread_blocked, id=2168, stack(0x0000009784600000,0x0000009784700000)]
  0x000001ae6bb80020 JavaThread "Unconstrained build operations Thread 74" [_thread_blocked, id=11228, stack(0x0000009784700000,0x0000009784800000)]
  0x000001ae6bb83040 JavaThread "Unconstrained build operations Thread 75" [_thread_blocked, id=15576, stack(0x0000009784800000,0x0000009784900000)]
  0x000001ae6bb83510 JavaThread "Unconstrained build operations Thread 76" [_thread_blocked, id=9588, stack(0x0000009784900000,0x0000009784a00000)]
  0x000001ae6bb856c0 JavaThread "Unconstrained build operations Thread 77" [_thread_blocked, id=14724, stack(0x0000009784a00000,0x0000009784b00000)]
  0x000001ae6bb85b90 JavaThread "Unconstrained build operations Thread 78" [_thread_blocked, id=13024, stack(0x0000009784b00000,0x0000009784c00000)]
  0x000001ae6bb851f0 JavaThread "Unconstrained build operations Thread 79" [_thread_blocked, id=12708, stack(0x0000009784c00000,0x0000009784d00000)]
  0x000001ae6bb80e90 JavaThread "Unconstrained build operations Thread 80" [_thread_blocked, id=10836, stack(0x0000009784d00000,0x0000009784e00000)]
  0x000001ae6bb82b70 JavaThread "jar transforms Thread 6" [_thread_blocked, id=1460, stack(0x0000009784e00000,0x0000009784f00000)]
  0x000001ae6bb839e0 JavaThread "jar transforms Thread 7" [_thread_blocked, id=15896, stack(0x0000009784f00000,0x0000009785000000)]
  0x000001ae6bb84850 JavaThread "jar transforms Thread 8" [_thread_blocked, id=12616, stack(0x0000009785000000,0x0000009785100000)]
  0x000001ae6bb86060 JavaThread "build event listener" [_thread_blocked, id=12220, stack(0x0000009785300000,0x0000009785400000)]
  0x000001ae6bb804f0 JavaThread "Memory manager" [_thread_blocked, id=9816, stack(0x0000009785400000,0x0000009785500000)]
  0x000001ae6e095220 JavaThread "pool-3-thread-1" [_thread_blocked, id=8340, stack(0x0000009785700000,0x0000009785800000)]
  0x000001ae6e094d50 JavaThread "build event listener" [_thread_blocked, id=13840, stack(0x0000009785800000,0x0000009785900000)]
  0x000001ae6e096f00 JavaThread "included builds" [_thread_blocked, id=7268, stack(0x0000009785900000,0x0000009785a00000)]
  0x000001ae6e097d70 JavaThread "Execution worker" [_thread_blocked, id=9372, stack(0x0000009785a00000,0x0000009785b00000)]
  0x000001ae6e099f20 JavaThread "Execution worker Thread 2" [_thread_blocked, id=5160, stack(0x0000009785b00000,0x0000009785c00000)]
  0x000001ae6e093540 JavaThread "Execution worker Thread 3" [_thread_blocked, id=16264, stack(0x0000009785c00000,0x0000009785d00000)]
  0x000001ae6e0956f0 JavaThread "Execution worker Thread 4" [_thread_blocked, id=4760, stack(0x0000009785d00000,0x0000009785e00000)]
  0x000001ae6e095bc0 JavaThread "Execution worker Thread 5" [_thread_blocked, id=12028, stack(0x0000009785e00000,0x0000009785f00000)]
  0x000001ae6e096a30 JavaThread "Execution worker Thread 6" [_thread_blocked, id=15292, stack(0x0000009785f00000,0x0000009786000000)]
  0x000001ae6e09a8c0 JavaThread "Execution worker Thread 7" [_thread_blocked, id=14824, stack(0x0000009786000000,0x0000009786100000)]
  0x000001ae6e093a10 JavaThread "Cache worker for execution history cache (C:\Users\User\AndroidStudioProjects\RepairPal\.gradle\8.0\executionHistory)" [_thread_blocked, id=16328, stack(0x0000009786100000,0x0000009786200000)]

Other Threads:
=>0x000001ae6687e940 VMThread "VM Thread" [stack: 0x00000097fcb00000,0x00000097fcc00000] [id=15248]
  0x000001ae675d0db0 WatcherThread [stack: 0x00000097fd700000,0x00000097fd800000] [id=7908]
  0x000001ae4ca66ec0 GCTaskThread "GC Thread#0" [stack: 0x00000097fc600000,0x00000097fc700000] [id=3212]
  0x000001ae6848f290 GCTaskThread "GC Thread#1" [stack: 0x00000097fda00000,0x00000097fdb00000] [id=15860]
  0x000001ae6799e3c0 GCTaskThread "GC Thread#2" [stack: 0x00000097fdb00000,0x00000097fdc00000] [id=9984]
  0x000001ae68721fa0 GCTaskThread "GC Thread#3" [stack: 0x00000097fdc00000,0x00000097fdd00000] [id=5612]
  0x000001ae68dee6a0 GCTaskThread "GC Thread#4" [stack: 0x00000097fdd00000,0x00000097fde00000] [id=9468]
  0x000001ae68e0c710 GCTaskThread "GC Thread#5" [stack: 0x00000097fe600000,0x00000097fe700000] [id=12760]
  0x000001ae68188030 GCTaskThread "GC Thread#6" [stack: 0x00000097fe700000,0x00000097fe800000] [id=14308]
  0x000001ae681882e0 GCTaskThread "GC Thread#7" [stack: 0x00000097fe800000,0x00000097fe900000] [id=8332]
  0x000001ae4ca77e00 ConcurrentGCThread "G1 Main Marker" [stack: 0x00000097fc700000,0x00000097fc800000] [id=14580]
  0x000001ae4ca78810 ConcurrentGCThread "G1 Conc#0" [stack: 0x00000097fc800000,0x00000097fc900000] [id=8836]
  0x000001ae69d17450 ConcurrentGCThread "G1 Conc#1" [stack: 0x00000097fe900000,0x00000097fea00000] [id=9880]
  0x000001ae666d64e0 ConcurrentGCThread "G1 Refine#0" [stack: 0x00000097fc900000,0x00000097fca00000] [id=10564]
  0x000001ae676ba6b0 ConcurrentGCThread "G1 Refine#1" [stack: 0x00000097ff800000,0x00000097ff900000] [id=7856]
  0x000001ae666d6d10 ConcurrentGCThread "G1 Service" [stack: 0x00000097fca00000,0x00000097fcb00000] [id=1876]

Threads with active compile tasks:

VM state: at safepoint (normal execution)

VM Mutex/Monitor currently owned by a thread:  ([mutex/lock_event])
[0x000001ae4ca069c0] Threads_lock - owner thread: 0x000001ae6687e940
[0x000001ae4ca06e40] Heap_lock - owner thread: 0x000001ae6e099f20

Heap address: 0x0000000080000000, size: 2048 MB, Compressed Oops mode: 32-bit

CDS archive(s) not mapped
Compressed class space mapped at: 0x0000000100000000-0x0000000140000000, reserved size: 1073741824
Narrow klass base: 0x0000000000000000, Narrow klass shift: 3, Narrow klass range: 0x140000000

GC Precious Log:
 CPUs: 8 total, 8 available
 Memory: 7991M
 Large Page Support: Disabled
 NUMA Support: Disabled
 Compressed Oops: Enabled (32-bit)
 Heap Region Size: 1M
 Heap Min Capacity: 8M
 Heap Initial Capacity: 126M
 Heap Max Capacity: 2G
 Pre-touch: Disabled
 Parallel Workers: 8
 Concurrent Workers: 2
 Concurrent Refinement Workers: 8
 Periodic GC: Disabled

Heap:
 garbage-first heap   total 174080K, used 104744K [0x0000000080000000, 0x0000000100000000)
  region size 1024K, 5 young (5120K), 5 survivors (5120K)
 Metaspace       used 99077K, committed 99776K, reserved 1138688K
  class space    used 13330K, committed 13632K, reserved 1048576K

Heap Regions: E=young(eden), S=young(survivor), O=old, HS=humongous(starts), HC=humongous(continues), CS=collection set, F=free, OA=open archive, CA=closed archive, TAMS=top-at-mark-start (previous, next)
|   0|0x0000000080000000, 0x0000000080100000, 0x0000000080100000|100%|HS|  |TAMS 0x0000000080100000, 0x0000000080100000| Complete 
|   1|0x0000000080100000, 0x0000000080200000, 0x0000000080200000|100%|HC|  |TAMS 0x0000000080200000, 0x0000000080200000| Complete 
|   2|0x0000000080200000, 0x0000000080300000, 0x0000000080300000|100%|HC|  |TAMS 0x0000000080300000, 0x0000000080300000| Complete 
|   3|0x0000000080300000, 0x0000000080400000, 0x0000000080400000|100%|HC|  |TAMS 0x0000000080400000, 0x0000000080400000| Complete 
|   4|0x0000000080400000, 0x0000000080500000, 0x0000000080500000|100%| O|  |TAMS 0x0000000080400000, 0x0000000080500000| Untracked 
|   5|0x0000000080500000, 0x0000000080600000, 0x0000000080600000|100%| O|  |TAMS 0x0000000080600000, 0x0000000080600000| Untracked 
|   6|0x0000000080600000, 0x0000000080700000, 0x0000000080700000|100%| O|  |TAMS 0x0000000080700000, 0x0000000080700000| Untracked 
|   7|0x0000000080700000, 0x0000000080800000, 0x0000000080800000|100%| O|  |TAMS 0x0000000080800000, 0x0000000080800000| Untracked 
|   8|0x0000000080800000, 0x0000000080900000, 0x0000000080900000|100%| O|  |TAMS 0x0000000080900000, 0x0000000080900000| Untracked 
|   9|0x0000000080900000, 0x0000000080a00000, 0x0000000080a00000|100%| O|  |TAMS 0x0000000080a00000, 0x0000000080a00000| Untracked 
|  10|0x0000000080a00000, 0x0000000080b00000, 0x0000000080b00000|100%| O|  |TAMS 0x0000000080b00000, 0x0000000080b00000| Untracked 
|  11|0x0000000080b00000, 0x0000000080ba9e00, 0x0000000080c00000| 66%| O|  |TAMS 0x0000000080ba9e00, 0x0000000080ba9e00| Untracked 
|  12|0x0000000080c00000, 0x0000000080d00000, 0x0000000080d00000|100%| O|  |TAMS 0x0000000080d00000, 0x0000000080d00000| Untracked 
|  13|0x0000000080d00000, 0x0000000080e00000, 0x0000000080e00000|100%| O|  |TAMS 0x0000000080e00000, 0x0000000080e00000| Untracked 
|  14|0x0000000080e00000, 0x0000000080f00000, 0x0000000080f00000|100%| O|  |TAMS 0x0000000080f00000, 0x0000000080f00000| Untracked 
|  15|0x0000000080f00000, 0x0000000081000000, 0x0000000081000000|100%| O|  |TAMS 0x0000000081000000, 0x0000000081000000| Untracked 
|  16|0x0000000081000000, 0x0000000081100000, 0x0000000081100000|100%| O|  |TAMS 0x0000000081100000, 0x0000000081100000| Untracked 
|  17|0x0000000081100000, 0x0000000081200000, 0x0000000081200000|100%| O|  |TAMS 0x0000000081200000, 0x0000000081200000| Untracked 
|  18|0x0000000081200000, 0x0000000081300000, 0x0000000081300000|100%| O|  |TAMS 0x0000000081300000, 0x0000000081300000| Untracked 
|  19|0x0000000081300000, 0x0000000081400000, 0x0000000081400000|100%| O|  |TAMS 0x0000000081400000, 0x0000000081400000| Untracked 
|  20|0x0000000081400000, 0x0000000081500000, 0x0000000081500000|100%| O|  |TAMS 0x0000000081500000, 0x0000000081500000| Untracked 
|  21|0x0000000081500000, 0x0000000081600000, 0x0000000081600000|100%| O|  |TAMS 0x0000000081600000, 0x0000000081600000| Untracked 
|  22|0x0000000081600000, 0x0000000081700000, 0x0000000081700000|100%| O|  |TAMS 0x0000000081700000, 0x0000000081700000| Untracked 
|  23|0x0000000081700000, 0x0000000081800000, 0x0000000081800000|100%| O|  |TAMS 0x0000000081800000, 0x0000000081800000| Untracked 
|  24|0x0000000081800000, 0x0000000081900000, 0x0000000081900000|100%| O|  |TAMS 0x0000000081900000, 0x0000000081900000| Untracked 
|  25|0x0000000081900000, 0x0000000081a00000, 0x0000000081a00000|100%| O|  |TAMS 0x0000000081a00000, 0x0000000081a00000| Untracked 
|  26|0x0000000081a00000, 0x0000000081b00000, 0x0000000081b00000|100%| O|  |TAMS 0x0000000081b00000, 0x0000000081b00000| Untracked 
|  27|0x0000000081b00000, 0x0000000081c00000, 0x0000000081c00000|100%| O|  |TAMS 0x0000000081c00000, 0x0000000081c00000| Untracked 
|  28|0x0000000081c00000, 0x0000000081d00000, 0x0000000081d00000|100%| O|  |TAMS 0x0000000081d00000, 0x0000000081d00000| Untracked 
|  29|0x0000000081d00000, 0x0000000081e00000, 0x0000000081e00000|100%| O|  |TAMS 0x0000000081e00000, 0x0000000081e00000| Untracked 
|  30|0x0000000081e00000, 0x0000000081f00000, 0x0000000081f00000|100%| O|  |TAMS 0x0000000081f00000, 0x0000000081f00000| Untracked 
|  31|0x0000000081f00000, 0x0000000082000000, 0x0000000082000000|100%| O|  |TAMS 0x0000000082000000, 0x0000000082000000| Untracked 
|  32|0x0000000082000000, 0x0000000082100000, 0x0000000082100000|100%| O|  |TAMS 0x0000000082100000, 0x0000000082100000| Untracked 
|  33|0x0000000082100000, 0x0000000082200000, 0x0000000082200000|100%| O|  |TAMS 0x0000000082200000, 0x0000000082200000| Untracked 
|  34|0x0000000082200000, 0x0000000082300000, 0x0000000082300000|100%| O|  |TAMS 0x0000000082200000, 0x0000000082300000| Untracked 
|  35|0x0000000082300000, 0x0000000082400000, 0x0000000082400000|100%| O|  |TAMS 0x0000000082400000, 0x0000000082400000| Untracked 
|  36|0x0000000082400000, 0x0000000082500000, 0x0000000082500000|100%| O|  |TAMS 0x0000000082500000, 0x0000000082500000| Untracked 
|  37|0x0000000082500000, 0x0000000082600000, 0x0000000082600000|100%|HS|  |TAMS 0x0000000082600000, 0x0000000082600000| Complete 
|  38|0x0000000082600000, 0x0000000082700000, 0x0000000082700000|100%| O|  |TAMS 0x0000000082700000, 0x0000000082700000| Untracked 
|  39|0x0000000082700000, 0x0000000082800000, 0x0000000082800000|100%| O|  |TAMS 0x0000000082800000, 0x0000000082800000| Untracked 
|  40|0x0000000082800000, 0x0000000082900000, 0x0000000082900000|100%|HS|  |TAMS 0x0000000082900000, 0x0000000082900000| Complete 
|  41|0x0000000082900000, 0x0000000082a00000, 0x0000000082a00000|100%|HS|  |TAMS 0x0000000082a00000, 0x0000000082a00000| Complete 
|  42|0x0000000082a00000, 0x0000000082b00000, 0x0000000082b00000|100%|HC|  |TAMS 0x0000000082b00000, 0x0000000082b00000| Complete 
|  43|0x0000000082b00000, 0x0000000082c00000, 0x0000000082c00000|100%|HS|  |TAMS 0x0000000082c00000, 0x0000000082c00000| Complete 
|  44|0x0000000082c00000, 0x0000000082d00000, 0x0000000082d00000|100%|HS|  |TAMS 0x0000000082d00000, 0x0000000082d00000| Complete 
|  45|0x0000000082d00000, 0x0000000082e00000, 0x0000000082e00000|100%|HC|  |TAMS 0x0000000082e00000, 0x0000000082e00000| Complete 
|  46|0x0000000082e00000, 0x0000000082f00000, 0x0000000082f00000|100%|HC|  |TAMS 0x0000000082f00000, 0x0000000082f00000| Complete 
|  47|0x0000000082f00000, 0x0000000083000000, 0x0000000083000000|100%|HC|  |TAMS 0x0000000083000000, 0x0000000083000000| Complete 
|  48|0x0000000083000000, 0x0000000083100000, 0x0000000083100000|100%| O|  |TAMS 0x0000000083100000, 0x0000000083100000| Untracked 
|  49|0x0000000083100000, 0x0000000083200000, 0x0000000083200000|100%| O|  |TAMS 0x0000000083200000, 0x0000000083200000| Untracked 
|  50|0x0000000083200000, 0x0000000083300000, 0x0000000083300000|100%| O|  |TAMS 0x0000000083300000, 0x0000000083300000| Untracked 
|  51|0x0000000083300000, 0x0000000083400000, 0x0000000083400000|100%| O|  |TAMS 0x0000000083400000, 0x0000000083400000| Untracked 
|  52|0x0000000083400000, 0x0000000083500000, 0x0000000083500000|100%| O|  |TAMS 0x0000000083500000, 0x0000000083500000| Untracked 
|  53|0x0000000083500000, 0x0000000083600000, 0x0000000083600000|100%| O|  |TAMS 0x0000000083600000, 0x0000000083600000| Untracked 
|  54|0x0000000083600000, 0x0000000083700000, 0x0000000083700000|100%| O|  |TAMS 0x0000000083700000, 0x0000000083700000| Untracked 
|  55|0x0000000083700000, 0x0000000083800000, 0x0000000083800000|100%| O|  |TAMS 0x0000000083800000, 0x0000000083800000| Untracked 
|  56|0x0000000083800000, 0x0000000083900000, 0x0000000083900000|100%| O|  |TAMS 0x0000000083900000, 0x0000000083900000| Untracked 
|  57|0x0000000083900000, 0x0000000083a00000, 0x0000000083a00000|100%| O|  |TAMS 0x0000000083a00000, 0x0000000083a00000| Untracked 
|  58|0x0000000083a00000, 0x0000000083b00000, 0x0000000083b00000|100%| O|  |TAMS 0x0000000083b00000, 0x0000000083b00000| Untracked 
|  59|0x0000000083b00000, 0x0000000083c00000, 0x0000000083c00000|100%| O|  |TAMS 0x0000000083c00000, 0x0000000083c00000| Untracked 
|  60|0x0000000083c00000, 0x0000000083d00000, 0x0000000083d00000|100%| O|  |TAMS 0x0000000083d00000, 0x0000000083d00000| Untracked 
|  61|0x0000000083d00000, 0x0000000083e00000, 0x0000000083e00000|100%| O|  |TAMS 0x0000000083e00000, 0x0000000083e00000| Untracked 
|  62|0x0000000083e00000, 0x0000000083f00000, 0x0000000083f00000|100%| O|  |TAMS 0x0000000083f00000, 0x0000000083f00000| Untracked 
|  63|0x0000000083f00000, 0x0000000084000000, 0x0000000084000000|100%| O|  |TAMS 0x0000000084000000, 0x0000000084000000| Untracked 
|  64|0x0000000084000000, 0x0000000084100000, 0x0000000084100000|100%| O|  |TAMS 0x0000000084100000, 0x0000000084100000| Untracked 
|  65|0x0000000084100000, 0x0000000084200000, 0x0000000084200000|100%| O|  |TAMS 0x0000000084200000, 0x0000000084200000| Untracked 
|  66|0x0000000084200000, 0x0000000084300000, 0x0000000084300000|100%| O|  |TAMS 0x0000000084300000, 0x0000000084300000| Untracked 
|  67|0x0000000084300000, 0x0000000084400000, 0x0000000084400000|100%| O|  |TAMS 0x0000000084400000, 0x0000000084400000| Untracked 
|  68|0x0000000084400000, 0x0000000084500000, 0x0000000084500000|100%| O|  |TAMS 0x0000000084500000, 0x0000000084500000| Untracked 
|  69|0x0000000084500000, 0x0000000084600000, 0x0000000084600000|100%| O|  |TAMS 0x0000000084600000, 0x0000000084600000| Untracked 
|  70|0x0000000084600000, 0x0000000084700000, 0x0000000084700000|100%| O|  |TAMS 0x0000000084600000, 0x0000000084600000| Untracked 
|  71|0x0000000084700000, 0x0000000084800000, 0x0000000084800000|100%| O|  |TAMS 0x0000000084800000, 0x0000000084800000| Untracked 
|  72|0x0000000084800000, 0x0000000084900000, 0x0000000084900000|100%| O|  |TAMS 0x0000000084900000, 0x0000000084900000| Untracked 
|  73|0x0000000084900000, 0x0000000084a00000, 0x0000000084a00000|100%| O|  |TAMS 0x0000000084a00000, 0x0000000084a00000| Untracked 
|  74|0x0000000084a00000, 0x0000000084b00000, 0x0000000084b00000|100%| O|  |TAMS 0x0000000084b00000, 0x0000000084b00000| Untracked 
|  75|0x0000000084b00000, 0x0000000084c00000, 0x0000000084c00000|100%| O|  |TAMS 0x0000000084c00000, 0x0000000084c00000| Untracked 
|  76|0x0000000084c00000, 0x0000000084d00000, 0x0000000084d00000|100%| O|  |TAMS 0x0000000084d00000, 0x0000000084d00000| Untracked 
|  77|0x0000000084d00000, 0x0000000084e00000, 0x0000000084e00000|100%| O|  |TAMS 0x0000000084e00000, 0x0000000084e00000| Untracked 
|  78|0x0000000084e00000, 0x0000000084f00000, 0x0000000084f00000|100%| O|  |TAMS 0x0000000084f00000, 0x0000000084f00000| Untracked 
|  79|0x0000000084f00000, 0x0000000085000000, 0x0000000085000000|100%| O|  |TAMS 0x0000000085000000, 0x0000000085000000| Untracked 
|  80|0x0000000085000000, 0x0000000085100000, 0x0000000085100000|100%| O|  |TAMS 0x0000000085100000, 0x0000000085100000| Untracked 
|  81|0x0000000085100000, 0x0000000085200000, 0x0000000085200000|100%| O|  |TAMS 0x0000000085200000, 0x0000000085200000| Untracked 
|  82|0x0000000085200000, 0x0000000085300000, 0x0000000085300000|100%| O|  |TAMS 0x0000000085300000, 0x0000000085300000| Untracked 
|  83|0x0000000085300000, 0x0000000085400000, 0x0000000085400000|100%| O|  |TAMS 0x0000000085400000, 0x0000000085400000| Untracked 
|  84|0x0000000085400000, 0x0000000085500000, 0x0000000085500000|100%| O|  |TAMS 0x0000000085500000, 0x0000000085500000| Untracked 
|  85|0x0000000085500000, 0x0000000085600000, 0x0000000085600000|100%| O|  |TAMS 0x0000000085600000, 0x0000000085600000| Untracked 
|  86|0x0000000085600000, 0x0000000085700000, 0x0000000085700000|100%| O|  |TAMS 0x000000008560c600, 0x0000000085700000| Untracked 
|  87|0x0000000085700000, 0x0000000085800000, 0x0000000085800000|100%| O|  |TAMS 0x0000000085700000, 0x0000000085800000| Untracked 
|  88|0x0000000085800000, 0x0000000085900000, 0x0000000085900000|100%| O|  |TAMS 0x0000000085800000, 0x0000000085900000| Untracked 
|  89|0x0000000085900000, 0x0000000085a00000, 0x0000000085a00000|100%| O|  |TAMS 0x0000000085900000, 0x0000000085a00000| Untracked 
|  90|0x0000000085a00000, 0x0000000085b00000, 0x0000000085b00000|100%| O|  |TAMS 0x0000000085a00000, 0x0000000085b00000| Untracked 
|  91|0x0000000085b00000, 0x0000000085c00000, 0x0000000085c00000|100%| O|  |TAMS 0x0000000085b00000, 0x0000000085c00000| Untracked 
|  92|0x0000000085c00000, 0x0000000085d00000, 0x0000000085d00000|100%| O|  |TAMS 0x0000000085c00000, 0x0000000085d00000| Untracked 
|  93|0x0000000085d00000, 0x0000000085e00000, 0x0000000085e00000|100%| O|  |TAMS 0x0000000085d00000, 0x0000000085e00000| Untracked 
|  94|0x0000000085e00000, 0x0000000085f00000, 0x0000000085f00000|100%| O|  |TAMS 0x0000000085e00000, 0x0000000085f00000| Untracked 
|  95|0x0000000085f00000, 0x0000000086000000, 0x0000000086000000|100%| O|  |TAMS 0x0000000085f00000, 0x0000000086000000| Untracked 
|  96|0x0000000086000000, 0x0000000086100000, 0x0000000086100000|100%| O|  |TAMS 0x0000000086000000, 0x0000000086098400| Untracked 
|  97|0x0000000086100000, 0x00000000861a0400, 0x0000000086200000| 62%| O|  |TAMS 0x0000000086100000, 0x0000000086100000| Untracked 
|  98|0x0000000086200000, 0x0000000086200000, 0x0000000086300000|  0%| F|  |TAMS 0x0000000086200000, 0x0000000086200000| Untracked 
|  99|0x0000000086300000, 0x0000000086300000, 0x0000000086400000|  0%| F|  |TAMS 0x0000000086300000, 0x0000000086300000| Untracked 
| 100|0x0000000086400000, 0x0000000086400000, 0x0000000086500000|  0%| F|  |TAMS 0x0000000086400000, 0x0000000086400000| Untracked 
| 101|0x0000000086500000, 0x0000000086500000, 0x0000000086600000|  0%| F|  |TAMS 0x0000000086500000, 0x0000000086500000| Untracked 
| 102|0x0000000086600000, 0x0000000086600000, 0x0000000086700000|  0%| F|  |TAMS 0x0000000086600000, 0x0000000086600000| Untracked 
| 103|0x0000000086700000, 0x0000000086700000, 0x0000000086800000|  0%| F|  |TAMS 0x0000000086700000, 0x0000000086700000| Untracked 
| 104|0x0000000086800000, 0x0000000086800000, 0x0000000086900000|  0%| F|  |TAMS 0x0000000086800000, 0x0000000086800000| Untracked 
| 105|0x0000000086900000, 0x0000000086900000, 0x0000000086a00000|  0%| F|  |TAMS 0x0000000086900000, 0x0000000086900000| Untracked 
| 106|0x0000000086a00000, 0x0000000086a00000, 0x0000000086b00000|  0%| F|  |TAMS 0x0000000086a00000, 0x0000000086a00000| Untracked 
| 107|0x0000000086b00000, 0x0000000086b00000, 0x0000000086c00000|  0%| F|  |TAMS 0x0000000086b00000, 0x0000000086b00000| Untracked 
| 108|0x0000000086c00000, 0x0000000086c00000, 0x0000000086d00000|  0%| F|  |TAMS 0x0000000086c00000, 0x0000000086c00000| Untracked 
| 109|0x0000000086d00000, 0x0000000086d00000, 0x0000000086e00000|  0%| F|  |TAMS 0x0000000086d00000, 0x0000000086d00000| Untracked 
| 110|0x0000000086e00000, 0x0000000086e00000, 0x0000000086f00000|  0%| F|  |TAMS 0x0000000086e00000, 0x0000000086e00000| Untracked 
| 111|0x0000000086f00000, 0x0000000086f00000, 0x0000000087000000|  0%| F|  |TAMS 0x0000000086f00000, 0x0000000086f00000| Untracked 
| 112|0x0000000087000000, 0x0000000087000000, 0x0000000087100000|  0%| F|  |TAMS 0x0000000087000000, 0x0000000087000000| Untracked 
| 113|0x0000000087100000, 0x0000000087100000, 0x0000000087200000|  0%| F|  |TAMS 0x0000000087100000, 0x0000000087100000| Untracked 
| 114|0x0000000087200000, 0x0000000087200000, 0x0000000087300000|  0%| F|  |TAMS 0x0000000087200000, 0x0000000087200000| Untracked 
| 115|0x0000000087300000, 0x0000000087300000, 0x0000000087400000|  0%| F|  |TAMS 0x0000000087300000, 0x0000000087300000| Untracked 
| 116|0x0000000087400000, 0x0000000087400000, 0x0000000087500000|  0%| F|  |TAMS 0x0000000087400000, 0x0000000087400000| Untracked 
| 117|0x0000000087500000, 0x0000000087500000, 0x0000000087600000|  0%| F|  |TAMS 0x0000000087500000, 0x0000000087500000| Untracked 
| 118|0x0000000087600000, 0x0000000087600000, 0x0000000087700000|  0%| F|  |TAMS 0x0000000087600000, 0x0000000087600000| Untracked 
| 119|0x0000000087700000, 0x0000000087700000, 0x0000000087800000|  0%| F|  |TAMS 0x0000000087700000, 0x0000000087700000| Untracked 
| 120|0x0000000087800000, 0x0000000087800000, 0x0000000087900000|  0%| F|  |TAMS 0x0000000087800000, 0x0000000087800000| Untracked 
| 121|0x0000000087900000, 0x0000000087900000, 0x0000000087a00000|  0%| F|  |TAMS 0x0000000087900000, 0x0000000087900000| Untracked 
| 122|0x0000000087a00000, 0x0000000087a00000, 0x0000000087b00000|  0%| F|  |TAMS 0x0000000087a00000, 0x0000000087a00000| Untracked 
| 123|0x0000000087b00000, 0x0000000087b00000, 0x0000000087c00000|  0%| F|  |TAMS 0x0000000087b00000, 0x0000000087b00000| Untracked 
| 124|0x0000000087c00000, 0x0000000087c00000, 0x0000000087d00000|  0%| F|  |TAMS 0x0000000087c00000, 0x0000000087c00000| Untracked 
| 125|0x0000000087d00000, 0x0000000087e00000, 0x0000000087e00000|100%| S|CS|TAMS 0x0000000087d00000, 0x0000000087d00000| Complete 
| 126|0x0000000087e00000, 0x0000000087f00000, 0x0000000087f00000|100%| S|CS|TAMS 0x0000000087e00000, 0x0000000087e00000| Complete 
| 127|0x0000000087f00000, 0x0000000088000000, 0x0000000088000000|100%| S|CS|TAMS 0x0000000087f00000, 0x0000000087f00000| Complete 
| 128|0x0000000088000000, 0x0000000088100000, 0x0000000088100000|100%| S|CS|TAMS 0x0000000088000000, 0x0000000088000000| Complete 
| 129|0x0000000088100000, 0x0000000088200000, 0x0000000088200000|100%| S|CS|TAMS 0x0000000088100000, 0x0000000088100000| Complete 
| 130|0x0000000088200000, 0x0000000088200000, 0x0000000088300000|  0%| F|  |TAMS 0x0000000088200000, 0x0000000088200000| Untracked 
| 131|0x0000000088300000, 0x0000000088300000, 0x0000000088400000|  0%| F|  |TAMS 0x0000000088300000, 0x0000000088300000| Untracked 
| 132|0x0000000088400000, 0x0000000088400000, 0x0000000088500000|  0%| F|  |TAMS 0x0000000088400000, 0x0000000088400000| Untracked 
| 133|0x0000000088500000, 0x0000000088500000, 0x0000000088600000|  0%| F|  |TAMS 0x0000000088500000, 0x0000000088500000| Untracked 
| 134|0x0000000088600000, 0x0000000088600000, 0x0000000088700000|  0%| F|  |TAMS 0x0000000088600000, 0x0000000088600000| Untracked 
| 135|0x0000000088700000, 0x0000000088700000, 0x0000000088800000|  0%| F|  |TAMS 0x0000000088700000, 0x0000000088700000| Untracked 
| 136|0x0000000088800000, 0x0000000088800000, 0x0000000088900000|  0%| F|  |TAMS 0x0000000088800000, 0x0000000088800000| Untracked 
| 137|0x0000000088900000, 0x0000000088900000, 0x0000000088a00000|  0%| F|  |TAMS 0x0000000088900000, 0x0000000088900000| Untracked 
| 138|0x0000000088a00000, 0x0000000088a00000, 0x0000000088b00000|  0%| F|  |TAMS 0x0000000088a00000, 0x0000000088a00000| Untracked 
| 139|0x0000000088b00000, 0x0000000088b00000, 0x0000000088c00000|  0%| F|  |TAMS 0x0000000088b00000, 0x0000000088b00000| Untracked 
| 140|0x0000000088c00000, 0x0000000088c00000, 0x0000000088d00000|  0%| F|  |TAMS 0x0000000088c00000, 0x0000000088c00000| Untracked 
| 141|0x0000000088d00000, 0x0000000088d00000, 0x0000000088e00000|  0%| F|  |TAMS 0x0000000088d00000, 0x0000000088d00000| Untracked 
| 142|0x0000000088e00000, 0x0000000088e00000, 0x0000000088f00000|  0%| F|  |TAMS 0x0000000088e00000, 0x0000000088e00000| Untracked 
| 143|0x0000000088f00000, 0x0000000088f00000, 0x0000000089000000|  0%| F|  |TAMS 0x0000000088f00000, 0x0000000088f00000| Untracked 
| 144|0x0000000089000000, 0x0000000089000000, 0x0000000089100000|  0%| F|  |TAMS 0x0000000089000000, 0x0000000089000000| Untracked 
| 145|0x0000000089100000, 0x0000000089100000, 0x0000000089200000|  0%| F|  |TAMS 0x0000000089100000, 0x0000000089100000| Untracked 
| 146|0x0000000089200000, 0x0000000089200000, 0x0000000089300000|  0%| F|  |TAMS 0x0000000089200000, 0x0000000089200000| Untracked 
| 147|0x0000000089300000, 0x0000000089300000, 0x0000000089400000|  0%| F|  |TAMS 0x0000000089300000, 0x0000000089300000| Untracked 
| 148|0x0000000089400000, 0x0000000089400000, 0x0000000089500000|  0%| F|  |TAMS 0x0000000089400000, 0x0000000089400000| Untracked 
| 149|0x0000000089500000, 0x0000000089500000, 0x0000000089600000|  0%| F|  |TAMS 0x0000000089500000, 0x0000000089500000| Untracked 
| 150|0x0000000089600000, 0x0000000089600000, 0x0000000089700000|  0%| F|  |TAMS 0x0000000089600000, 0x0000000089600000| Untracked 
| 151|0x0000000089700000, 0x0000000089700000, 0x0000000089800000|  0%| F|  |TAMS 0x0000000089700000, 0x0000000089700000| Untracked 
| 152|0x0000000089800000, 0x0000000089800000, 0x0000000089900000|  0%| F|  |TAMS 0x0000000089800000, 0x0000000089800000| Untracked 
| 153|0x0000000089900000, 0x0000000089900000, 0x0000000089a00000|  0%| F|  |TAMS 0x0000000089900000, 0x0000000089900000| Untracked 
| 154|0x0000000089a00000, 0x0000000089a00000, 0x0000000089b00000|  0%| F|  |TAMS 0x0000000089a00000, 0x0000000089a00000| Untracked 
| 155|0x0000000089b00000, 0x0000000089b00000, 0x0000000089c00000|  0%| F|  |TAMS 0x0000000089b00000, 0x0000000089b00000| Untracked 
| 156|0x0000000089c00000, 0x0000000089c00000, 0x0000000089d00000|  0%| F|  |TAMS 0x0000000089c00000, 0x0000000089c00000| Untracked 
| 157|0x0000000089d00000, 0x0000000089d00000, 0x0000000089e00000|  0%| F|  |TAMS 0x0000000089d00000, 0x0000000089d00000| Untracked 
| 158|0x0000000089e00000, 0x0000000089e00000, 0x0000000089f00000|  0%| F|  |TAMS 0x0000000089e00000, 0x0000000089e00000| Untracked 
| 159|0x0000000089f00000, 0x0000000089f00000, 0x000000008a000000|  0%| F|  |TAMS 0x0000000089f00000, 0x0000000089f00000| Untracked 
| 160|0x000000008a000000, 0x000000008a000000, 0x000000008a100000|  0%| F|  |TAMS 0x000000008a000000, 0x000000008a000000| Untracked 
| 161|0x000000008a100000, 0x000000008a100000, 0x000000008a200000|  0%| F|  |TAMS 0x000000008a100000, 0x000000008a100000| Untracked 
| 162|0x000000008a200000, 0x000000008a200000, 0x000000008a300000|  0%| F|  |TAMS 0x000000008a200000, 0x000000008a200000| Untracked 
| 163|0x000000008a300000, 0x000000008a300000, 0x000000008a400000|  0%| F|  |TAMS 0x000000008a300000, 0x000000008a300000| Untracked 
| 164|0x000000008a400000, 0x000000008a400000, 0x000000008a500000|  0%| F|  |TAMS 0x000000008a400000, 0x000000008a400000| Untracked 
| 165|0x000000008a500000, 0x000000008a500000, 0x000000008a600000|  0%| F|  |TAMS 0x000000008a500000, 0x000000008a500000| Untracked 
| 166|0x000000008a600000, 0x000000008a600000, 0x000000008a700000|  0%| F|  |TAMS 0x000000008a600000, 0x000000008a600000| Untracked 
| 167|0x000000008a700000, 0x000000008a700000, 0x000000008a800000|  0%| F|  |TAMS 0x000000008a700000, 0x000000008a700000| Untracked 
| 168|0x000000008a800000, 0x000000008a800000, 0x000000008a900000|  0%| F|  |TAMS 0x000000008a800000, 0x000000008a800000| Untracked 
| 169|0x000000008a900000, 0x000000008a900000, 0x000000008aa00000|  0%| F|  |TAMS 0x000000008a900000, 0x000000008a900000| Untracked 

Card table byte_map: [0x000001ae5f620000,0x000001ae5fa20000] _byte_map_base: 0x000001ae5f220000

Marking Bits (Prev, Next): (CMBitMap*) 0x000001ae4ca674d0, (CMBitMap*) 0x000001ae4ca67510
 Prev Bits: [0x000001ae5fe20000, 0x000001ae61e20000)
 Next Bits: [0x000001ae61e20000, 0x000001ae63e20000)

Polling page: 0x000001ae4a9a0000

Metaspace:

Usage:
  Non-class:     83.74 MB used.
      Class:     13.02 MB used.
       Both:     96.76 MB used.

Virtual space:
  Non-class space:       88.00 MB reserved,      84.12 MB ( 96%) committed,  11 nodes.
      Class space:        1.00 GB reserved,      13.31 MB (  1%) committed,  1 nodes.
             Both:        1.09 GB reserved,      97.44 MB (  9%) committed. 

Chunk freelists:
   Non-Class:  3.48 MB
       Class:  2.64 MB
        Both:  6.12 MB

MaxMetaspaceSize: unlimited
CompressedClassSpaceSize: 1.00 GB
Initial GC threshold: 21.00 MB
Current GC threshold: 156.38 MB
CDS: off
MetaspaceReclaimPolicy: balanced
 - commit_granule_bytes: 65536.
 - commit_granule_words: 8192.
 - virtual_space_node_default_size: 1048576.
 - enlarge_chunks_in_place: 1.
 - new_chunks_are_fully_committed: 0.
 - uncommit_free_chunks: 1.
 - use_allocation_guard: 0.
 - handle_deallocations: 1.


Internal statistics:

num_allocs_failed_limit: 6.
num_arena_births: 1022.
num_arena_deaths: 0.
num_vsnodes_births: 12.
num_vsnodes_deaths: 0.
num_space_committed: 1558.
num_space_uncommitted: 0.
num_chunks_returned_to_freelist: 6.
num_chunks_taken_from_freelist: 4708.
num_chunk_merges: 6.
num_chunk_splits: 3118.
num_chunks_enlarged: 2099.
num_purges: 0.
num_inconsistent_stats: 0.

CodeHeap 'non-profiled nmethods': size=120000Kb used=6692Kb max_used=6692Kb free=113307Kb
 bounds [0x000001ae579a0000, 0x000001ae58030000, 0x000001ae5eed0000]
CodeHeap 'profiled nmethods': size=120000Kb used=19006Kb max_used=19006Kb free=100993Kb
 bounds [0x000001ae4fed0000, 0x000001ae51170000, 0x000001ae57400000]
CodeHeap 'non-nmethods': size=5760Kb used=2397Kb max_used=2455Kb free=3362Kb
 bounds [0x000001ae57400000, 0x000001ae57680000, 0x000001ae579a0000]
 total_blobs=11053 nmethods=10131 adapters=834
 compilation: enabled
              stopped_count=0, restarted_count=0
 full_count=0

Compilation events (20 events):
Event: 56.335 Thread 0x000001ae674321b0 nmethod 11691 0x000001ae58025b90 code [0x000001ae58025d20, 0x000001ae58025df8]
Event: 56.335 Thread 0x000001ae674321b0 11687       3       org.gradle.internal.classloader.ClassLoaderVisitor::visitParent (6 bytes)
Event: 56.335 Thread 0x000001ae674321b0 nmethod 11687 0x000001ae5115d310 code [0x000001ae5115d4c0, 0x000001ae5115d688]
Event: 56.336 Thread 0x000001ae67431710 nmethod 11686 0x000001ae58025e90 code [0x000001ae58026020, 0x000001ae58026158]
Event: 56.362 Thread 0x000001ae674321b0 11694       3       org.gradle.internal.hash.HashCode$HashCode128::bytes (5 bytes)
Event: 56.363 Thread 0x000001ae674321b0 nmethod 11694 0x000001ae5115d710 code [0x000001ae5115d8c0, 0x000001ae5115da08]
Event: 56.363 Thread 0x000001ae674321b0 11695       3       org.gradle.internal.execution.steps.BeforeExecutionContext::getBeforeExecutionState (8 bytes)
Event: 56.363 Thread 0x000001ae674321b0 nmethod 11695 0x000001ae5115da90 code [0x000001ae5115dc40, 0x000001ae5115df78]
Event: 56.406 Thread 0x000001ae67431710 11696       4       org.gradle.internal.snapshot.MediumChildMap::withNode (67 bytes)
Event: 56.410 Thread 0x000001ae674321b0 11697       3       com.google.common.collect.ImmutableSortedMap$1::compare (13 bytes)
Event: 56.411 Thread 0x000001ae674321b0 nmethod 11697 0x000001ae5115e090 code [0x000001ae5115e2c0, 0x000001ae5115eb68]
Event: 56.432 Thread 0x000001ae67431710 nmethod 11696 0x000001ae58026310 code [0x000001ae58026620, 0x000001ae58027d70]
Event: 56.432 Thread 0x000001ae67431710 11698       4       java.util.Optional::map (30 bytes)
Event: 56.433 Thread 0x000001ae67431710 nmethod 11698 0x000001ae58028e10 code [0x000001ae58028fa0, 0x000001ae580290d8]
Event: 56.461 Thread 0x000001ae674321b0 11699       3       org.gradle.internal.execution.history.impl.FingerprintMapSerializer::readContentHash (63 bytes)
Event: 56.462 Thread 0x000001ae674321b0 nmethod 11699 0x000001ae5115ee10 code [0x000001ae5115f020, 0x000001ae5115f5d8]
Event: 56.486 Thread 0x000001ae674321b0 11700       3       com.google.common.collect.SortedIterables::hasSameComparator (58 bytes)
Event: 56.487 Thread 0x000001ae674321b0 nmethod 11700 0x000001ae5115f810 code [0x000001ae5115fa60, 0x000001ae51160628]
Event: 56.487 Thread 0x000001ae674321b0 11701       3       org.gradle.internal.hash.HashCode$HashCode128::equals (57 bytes)
Event: 56.487 Thread 0x000001ae674321b0 nmethod 11701 0x000001ae51160910 code [0x000001ae51160ac0, 0x000001ae51160e98]

GC Heap History (20 events):
Event: 46.012 GC heap after
{Heap after GC invocations=39 (full 0):
 garbage-first heap   total 151552K, used 71746K [0x0000000080000000, 0x0000000100000000)
  region size 1024K, 1 young (1024K), 1 survivors (1024K)
 Metaspace       used 82462K, committed 83008K, reserved 1122304K
  class space    used 11129K, committed 11392K, reserved 1048576K
}
Event: 47.406 GC heap before
{Heap before GC invocations=39 (full 0):
 garbage-first heap   total 151552K, used 117826K [0x0000000080000000, 0x0000000100000000)
  region size 1024K, 46 young (47104K), 1 survivors (1024K)
 Metaspace       used 85162K, committed 85760K, reserved 1130496K
  class space    used 11497K, committed 11776K, reserved 1048576K
}
Event: 47.410 GC heap after
{Heap after GC invocations=40 (full 0):
 garbage-first heap   total 151552K, used 76764K [0x0000000080000000, 0x0000000100000000)
  region size 1024K, 6 young (6144K), 6 survivors (6144K)
 Metaspace       used 85162K, committed 85760K, reserved 1130496K
  class space    used 11497K, committed 11776K, reserved 1048576K
}
Event: 48.927 GC heap before
{Heap before GC invocations=41 (full 0):
 garbage-first heap   total 151552K, used 118748K [0x0000000080000000, 0x0000000100000000)
  region size 1024K, 47 young (48128K), 6 survivors (6144K)
 Metaspace       used 87347K, committed 88000K, reserved 1130496K
  class space    used 11785K, committed 12096K, reserved 1048576K
}
Event: 48.934 GC heap after
{Heap after GC invocations=42 (full 0):
 garbage-first heap   total 151552K, used 81704K [0x0000000080000000, 0x0000000100000000)
  region size 1024K, 6 young (6144K), 6 survivors (6144K)
 Metaspace       used 87347K, committed 88000K, reserved 1130496K
  class space    used 11785K, committed 12096K, reserved 1048576K
}
Event: 48.939 GC heap before
{Heap before GC invocations=42 (full 0):
 garbage-first heap   total 151552K, used 82728K [0x0000000080000000, 0x0000000100000000)
  region size 1024K, 7 young (7168K), 6 survivors (6144K)
 Metaspace       used 87407K, committed 88064K, reserved 1130496K
  class space    used 11794K, committed 12096K, reserved 1048576K
}
Event: 48.943 GC heap after
{Heap after GC invocations=43 (full 0):
 garbage-first heap   total 151552K, used 81459K [0x0000000080000000, 0x0000000100000000)
  region size 1024K, 1 young (1024K), 1 survivors (1024K)
 Metaspace       used 87407K, committed 88064K, reserved 1130496K
  class space    used 11794K, committed 12096K, reserved 1048576K
}
Event: 49.941 GC heap before
{Heap before GC invocations=43 (full 0):
 garbage-first heap   total 151552K, used 119347K [0x0000000080000000, 0x0000000100000000)
  region size 1024K, 38 young (38912K), 1 survivors (1024K)
 Metaspace       used 91372K, committed 92096K, reserved 1130496K
  class space    used 12416K, committed 12736K, reserved 1048576K
}
Event: 49.943 GC heap after
{Heap after GC invocations=44 (full 0):
 garbage-first heap   total 151552K, used 83051K [0x0000000080000000, 0x0000000100000000)
  region size 1024K, 3 young (3072K), 3 survivors (3072K)
 Metaspace       used 91372K, committed 92096K, reserved 1130496K
  class space    used 12416K, committed 12736K, reserved 1048576K
}
Event: 50.810 GC heap before
{Heap before GC invocations=45 (full 0):
 garbage-first heap   total 151552K, used 120939K [0x0000000080000000, 0x0000000100000000)
  region size 1024K, 40 young (40960K), 3 survivors (3072K)
 Metaspace       used 94974K, committed 95616K, reserved 1138688K
  class space    used 12882K, committed 13184K, reserved 1048576K
}
Event: 50.814 GC heap after
{Heap after GC invocations=46 (full 0):
 garbage-first heap   total 151552K, used 86576K [0x0000000080000000, 0x0000000100000000)
  region size 1024K, 5 young (5120K), 5 survivors (5120K)
 Metaspace       used 94974K, committed 95616K, reserved 1138688K
  class space    used 12882K, committed 13184K, reserved 1048576K
}
Event: 50.865 GC heap before
{Heap before GC invocations=46 (full 0):
 garbage-first heap   total 151552K, used 88624K [0x0000000080000000, 0x0000000100000000)
  region size 1024K, 7 young (7168K), 5 survivors (5120K)
 Metaspace       used 95043K, committed 95680K, reserved 1138688K
  class space    used 12887K, committed 13184K, reserved 1048576K
}
Event: 50.870 GC heap after
{Heap after GC invocations=47 (full 0):
 garbage-first heap   total 151552K, used 86595K [0x0000000080000000, 0x0000000100000000)
  region size 1024K, 1 young (1024K), 1 survivors (1024K)
 Metaspace       used 95043K, committed 95680K, reserved 1138688K
  class space    used 12887K, committed 13184K, reserved 1048576K
}
Event: 51.189 GC heap before
{Heap before GC invocations=47 (full 0):
 garbage-first heap   total 151552K, used 122435K [0x0000000080000000, 0x0000000100000000)
  region size 1024K, 36 young (36864K), 1 survivors (1024K)
 Metaspace       used 95387K, committed 96064K, reserved 1138688K
  class space    used 12919K, committed 13248K, reserved 1048576K
}
Event: 51.193 GC heap after
{Heap after GC invocations=48 (full 0):
 garbage-first heap   total 151552K, used 92384K [0x0000000080000000, 0x0000000100000000)
  region size 1024K, 5 young (5120K), 5 survivors (5120K)
 Metaspace       used 95387K, committed 96064K, reserved 1138688K
  class space    used 12919K, committed 13248K, reserved 1048576K
}
Event: 51.935 GC heap before
{Heap before GC invocations=49 (full 0):
 garbage-first heap   total 174080K, used 122080K [0x0000000080000000, 0x0000000100000000)
  region size 1024K, 33 young (33792K), 5 survivors (5120K)
 Metaspace       used 97722K, committed 98368K, reserved 1138688K
  class space    used 13169K, committed 13504K, reserved 1048576K
}
Event: 51.941 GC heap after
{Heap after GC invocations=50 (full 0):
 garbage-first heap   total 174080K, used 97789K [0x0000000080000000, 0x0000000100000000)
  region size 1024K, 5 young (5120K), 5 survivors (5120K)
 Metaspace       used 97722K, committed 98368K, reserved 1138688K
  class space    used 13169K, committed 13504K, reserved 1048576K
}
Event: 52.098 GC heap before
{Heap before GC invocations=50 (full 0):
 garbage-first heap   total 174080K, used 100861K [0x0000000080000000, 0x0000000100000000)
  region size 1024K, 8 young (8192K), 5 survivors (5120K)
 Metaspace       used 98085K, committed 98816K, reserved 1138688K
  class space    used 13233K, committed 13568K, reserved 1048576K
}
Event: 52.103 GC heap after
{Heap after GC invocations=51 (full 0):
 garbage-first heap   total 174080K, used 98568K [0x0000000080000000, 0x0000000100000000)
  region size 1024K, 1 young (1024K), 1 survivors (1024K)
 Metaspace       used 98085K, committed 98816K, reserved 1138688K
  class space    used 13233K, committed 13568K, reserved 1048576K
}
Event: 56.503 GC heap before
{Heap before GC invocations=51 (full 0):
 garbage-first heap   total 174080K, used 138504K [0x0000000080000000, 0x0000000100000000)
  region size 1024K, 40 young (40960K), 1 survivors (1024K)
 Metaspace       used 99077K, committed 99776K, reserved 1138688K
  class space    used 13330K, committed 13632K, reserved 1048576K
}

Dll operation events (2 events):
Event: 0.004 Loaded shared library C:\Program Files\Android\Android Studio\jbr\bin\java.dll
Event: 0.262 Loaded shared library C:\Program Files\Android\Android Studio\jbr\bin\verify.dll

Deoptimization events (20 events):
Event: 56.331 Thread 0x000001ae677ebac0 Uncommon trap: trap_request=0xffffff45 fr.pc=0x000001ae5800c0e0 relative=0x0000000000000160
Event: 56.331 Thread 0x000001ae677ebac0 Uncommon trap: reason=unstable_if action=reinterpret pc=0x000001ae5800c0e0 method=java.util.concurrent.locks.ReentrantLock$Sync.tryLock()Z @ 34 c2
Event: 56.331 Thread 0x000001ae677ebac0 DEOPT PACKING pc=0x000001ae5800c0e0 sp=0x00000097805fe1e0
Event: 56.331 Thread 0x000001ae677ebac0 DEOPT UNPACKING pc=0x000001ae5745a1a3 sp=0x00000097805fe128 mode 2
Event: 56.460 Thread 0x000001ae68185550 Uncommon trap: trap_request=0xffffffc6 fr.pc=0x000001ae57d1f5cc relative=0x000000000000094c
Event: 56.460 Thread 0x000001ae68185550 Uncommon trap: reason=bimorphic_or_optimized_type_check action=maybe_recompile pc=0x000001ae57d1f5cc method=java.io.BufferedInputStream.read1([BII)I @ 39 c2
Event: 56.460 Thread 0x000001ae68185550 DEOPT PACKING pc=0x000001ae57d1f5cc sp=0x00000097ff4fe260
Event: 56.460 Thread 0x000001ae68185550 DEOPT UNPACKING pc=0x000001ae5745a1a3 sp=0x00000097ff4fe178 mode 2
Event: 56.486 Thread 0x000001ae6e3226f0 Uncommon trap: trap_request=0xffffff45 fr.pc=0x000001ae57e85448 relative=0x0000000000001848
Event: 56.486 Thread 0x000001ae6e3226f0 Uncommon trap: reason=unstable_if action=reinterpret pc=0x000001ae57e85448 method=java.util.concurrent.ConcurrentHashMap.computeIfAbsent(Ljava/lang/Object;Ljava/util/function/Function;)Ljava/lang/Object; @ 279 c2
Event: 56.486 Thread 0x000001ae6e3226f0 DEOPT PACKING pc=0x000001ae57e85448 sp=0x00000097812fe0d0
Event: 56.486 Thread 0x000001ae6e3226f0 DEOPT UNPACKING pc=0x000001ae5745a1a3 sp=0x00000097812fe068 mode 2
Event: 56.486 Thread 0x000001ae6e3226f0 Uncommon trap: trap_request=0xffffff45 fr.pc=0x000001ae57ea5fa8 relative=0x0000000000000088
Event: 56.486 Thread 0x000001ae6e3226f0 Uncommon trap: reason=unstable_if action=reinterpret pc=0x000001ae57ea5fa8 method=org.gradle.internal.hash.HashCode$HashCode128.equals(Ljava/lang/Object;)Z @ 2 c2
Event: 56.486 Thread 0x000001ae6e3226f0 DEOPT PACKING pc=0x000001ae57ea5fa8 sp=0x00000097812fdf30
Event: 56.486 Thread 0x000001ae6e3226f0 DEOPT UNPACKING pc=0x000001ae5745a1a3 sp=0x00000097812fdec0 mode 2
Event: 56.486 Thread 0x000001ae6e3226f0 Uncommon trap: trap_request=0xffffffc6 fr.pc=0x000001ae57fc1924 relative=0x0000000000001664
Event: 56.486 Thread 0x000001ae6e3226f0 Uncommon trap: reason=bimorphic_or_optimized_type_check action=maybe_recompile pc=0x000001ae57fc1924 method=java.util.concurrent.ConcurrentHashMap.putVal(Ljava/lang/Object;Ljava/lang/Object;Z)Ljava/lang/Object; @ 242 c2
Event: 56.486 Thread 0x000001ae6e3226f0 DEOPT PACKING pc=0x000001ae57fc1924 sp=0x00000097812fe090
Event: 56.486 Thread 0x000001ae6e3226f0 DEOPT UNPACKING pc=0x000001ae5745a1a3 sp=0x00000097812fe030 mode 2

Classes unloaded (0 events):
No events

Classes redefined (0 events):
No events

Internal exceptions (20 events):
Event: 51.514 Thread 0x000001ae68467fb0 Exception <a 'sun/nio/fs/WindowsException'{0x0000000089fe46d8}> (0x0000000089fe46d8) 
thrown [s\src\hotspot\share\prims\jni.cpp, line 517]
Event: 51.518 Thread 0x000001ae68467fb0 Exception <a 'java/lang/NoSuchMethodError'{0x0000000089e3ebb0}: 'java.lang.Object java.lang.invoke.DirectMethodHandle$Holder.newInvokeSpecial(java.lang.Object, java.lang.Object, java.lang.Object, java.lang.Object, int, java.lang.Object)'> (0x0000000089e3ebb0) 
thrown [s\src\hotspot\share\interpreter\linkResolver.cpp, line 771]
Event: 51.518 Thread 0x000001ae68467fb0 Exception <a 'java/lang/NoSuchMethodError'{0x0000000089e43970}: 'java.lang.Object java.lang.invoke.Invokers$Holder.linkToTargetMethod(java.lang.Object, java.lang.Object, java.lang.Object, int, java.lang.Object, java.lang.Object)'> (0x0000000089e43970) 
thrown [s\src\hotspot\share\interpreter\linkResolver.cpp, line 771]
Event: 51.565 Thread 0x000001ae6e096f00 Implicit null exception at 0x000001ae57f96f4c to 0x000001ae57f9947c
Event: 51.619 Thread 0x000001ae6e099f20 Exception <a 'java/lang/NoSuchMethodError'{0x0000000089b98660}: 'void java.lang.invoke.DirectMethodHandle$Holder.invokeInterface(java.lang.Object, java.lang.Object, java.lang.Object, java.lang.Object)'> (0x0000000089b98660) 
thrown [s\src\hotspot\share\interpreter\linkResolver.cpp, line 771]
Event: 51.634 Thread 0x000001ae67625d50 Exception <a 'java/lang/NoSuchMethodError'{0x0000000089a99720}: static Lorg/gradle/internal/build/event/types/DefaultTaskStartedProgressEvent;.<clinit>()V> (0x0000000089a99720) 
thrown [s\src\hotspot\share\prims\jni.cpp, line 1108]
Event: 51.635 Thread 0x000001ae67625d50 Exception <a 'java/lang/NoSuchMethodError'{0x0000000089aa5cc0}: static Lorg/gradle/internal/build/event/types/DefaultTaskDescriptor;.<clinit>()V> (0x0000000089aa5cc0) 
thrown [s\src\hotspot\share\prims\jni.cpp, line 1108]
Event: 51.943 Thread 0x000001ae67625d50 Exception <a 'java/lang/NoSuchMethodError'{0x000000008a92a668}: static Lorg/gradle/internal/build/event/types/DefaultTaskFinishedProgressEvent;.<clinit>()V> (0x000000008a92a668) 
thrown [s\src\hotspot\share\prims\jni.cpp, line 1108]
Event: 51.944 Thread 0x000001ae67625d50 Exception <a 'java/lang/NoSuchMethodError'{0x000000008a947680}: static Lorg/gradle/internal/build/event/types/DefaultTaskSuccessResult;.<clinit>()V> (0x000000008a947680) 
thrown [s\src\hotspot\share\prims\jni.cpp, line 1108]
Event: 51.944 Thread 0x000001ae67625d50 Exception <a 'java/lang/NoSuchMethodError'{0x000000008a948d78}: static Lorg/gradle/internal/build/event/types/AbstractTaskResult;.<clinit>()V> (0x000000008a948d78) 
thrown [s\src\hotspot\share\prims\jni.cpp, line 1108]
Event: 52.035 Thread 0x000001ae6e099f20 Exception <a 'sun/nio/fs/WindowsException'{0x000000008a9c7368}> (0x000000008a9c7368) 
thrown [s\src\hotspot\share\prims\jni.cpp, line 517]
Event: 52.043 Thread 0x000001ae67625d50 Exception <a 'java/lang/NoSuchMethodError'{0x000000008a82ebc0}: static Lorg/gradle/internal/build/event/types/DefaultTaskSkippedResult;.<clinit>()V> (0x000000008a82ebc0) 
thrown [s\src\hotspot\share\prims\jni.cpp, line 1108]
Event: 52.090 Thread 0x000001ae6bb86060 Exception <a 'java/lang/NoSuchMethodError'{0x000000008a71ea50}: static Lcom/android/buildanalyzer/common/AndroidGradlePluginAttributionData$BuildInfo;.<clinit>()V> (0x000000008a71ea50) 
thrown [s\src\hotspot\share\prims\jni.cpp, line 1108]
Event: 52.092 Thread 0x000001ae6bb86060 Exception <a 'java/lang/NoSuchMethodError'{0x000000008a7653a8}: static Lcom/android/buildanalyzer/common/AndroidGradlePluginAttributionData$JavaInfo;.<clinit>()V> (0x000000008a7653a8) 
thrown [s\src\hotspot\share\prims\jni.cpp, line 1108]
Event: 52.094 Thread 0x000001ae6bb86060 Exception <a 'java/lang/NoSuchMethodError'{0x000000008a794070}: static [Ljava/lang/String;.<clinit>()V> (0x000000008a794070) 
thrown [s\src\hotspot\share\prims\jni.cpp, line 1108]
Event: 52.095 Thread 0x000001ae6bb86060 Exception <a 'java/lang/NoSuchMethodError'{0x000000008a7aac08}: static Lcom/android/buildanalyzer/common/AndroidGradlePluginAttributionData$TaskInfo;.<clinit>()V> (0x000000008a7aac08) 
thrown [s\src\hotspot\share\prims\jni.cpp, line 1108]
Event: 52.096 Thread 0x000001ae6bb86060 Exception <a 'java/lang/NoSuchMethodError'{0x000000008a7b9048}: static Lcom/android/buildanalyzer/common/AndroidGradlePluginAttributionData$TaskCategoryInfo;.<clinit>()V> (0x000000008a7b9048) 
thrown [s\src\hotspot\share\prims\jni.cpp, line 1108]
Event: 54.967 Thread 0x000001ae6e099f20 Exception <a 'java/lang/NoSuchMethodError'{0x000000008908ccc0}: 'void java.lang.invoke.DirectMethodHandle$Holder.invokeStatic(java.lang.Object, java.lang.Object, java.lang.Object, java.lang.Object, int, java.lang.Object, java.lang.Object)'> (0x000000008908ccc0) 
thrown [s\src\hotspot\share\interpreter\linkResolver.cpp, line 771]
Event: 55.081 Thread 0x000001ae6e3226f0 Exception <a 'java/lang/NoSuchMethodError'{0x0000000088bd9900}: 'java.lang.Object java.lang.invoke.DirectMethodHandle$Holder.invokeSpecialIFC(java.lang.Object, java.lang.Object, java.lang.Object)'> (0x0000000088bd9900) 
thrown [s\src\hotspot\share\interpreter\linkResolver.cpp, line 771]
Event: 56.331 Thread 0x000001ae677ebac0 Exception <a 'java/lang/NoSuchMethodError'{0x00000000883f2920}: 'void java.lang.invoke.DirectMethodHandle$Holder.invokeVirtual(java.lang.Object, java.lang.Object)'> (0x00000000883f2920) 
thrown [s\src\hotspot\share\interpreter\linkResolver.cpp, line 771]

VM Operations (20 events):
Event: 51.281 Executing VM operation: G1Concurrent done
Event: 51.447 Executing VM operation: HandshakeAllThreads
Event: 51.448 Executing VM operation: HandshakeAllThreads done
Event: 51.613 Executing VM operation: HandshakeAllThreads
Event: 51.613 Executing VM operation: HandshakeAllThreads done
Event: 51.935 Executing VM operation: G1CollectForAllocation
Event: 51.941 Executing VM operation: G1CollectForAllocation done
Event: 52.098 Executing VM operation: G1CollectForAllocation
Event: 52.103 Executing VM operation: G1CollectForAllocation done
Event: 52.568 Executing VM operation: HandshakeAllThreads
Event: 52.568 Executing VM operation: HandshakeAllThreads done
Event: 53.567 Executing VM operation: Cleanup
Event: 53.567 Executing VM operation: Cleanup done
Event: 54.772 Executing VM operation: ICBufferFull
Event: 54.772 Executing VM operation: ICBufferFull done
Event: 55.204 Executing VM operation: ICBufferFull
Event: 55.204 Executing VM operation: ICBufferFull done
Event: 55.204 Executing VM operation: ICBufferFull
Event: 55.205 Executing VM operation: ICBufferFull done
Event: 56.502 Executing VM operation: G1CollectForAllocation

Events (20 events):
Event: 51.632 loading class java/util/TreeMap$KeySpliterator
Event: 51.632 loading class java/util/TreeMap$KeySpliterator done
Event: 51.888 Thread 0x000001ae6e8388b0 Thread exited: 0x000001ae6e8388b0
Event: 51.889 Thread 0x000001ae6e836540 Thread exited: 0x000001ae6e836540
Event: 51.945 Thread 0x000001ae6e836540 Thread added: 0x000001ae6e836540
Event: 52.089 loading class java/time/Clock
Event: 52.090 loading class java/time/InstantSource
Event: 52.090 loading class java/time/InstantSource done
Event: 52.090 loading class java/time/Clock done
Event: 52.090 loading class java/time/Clock$SystemClock
Event: 52.090 loading class java/time/Clock$SystemClock done
Event: 52.094 loading class java/io/ObjectStreamClass$ExceptionInfo
Event: 52.094 loading class java/io/ObjectStreamClass$ExceptionInfo done
Event: 52.272 Thread 0x000001ae6e836540 Thread exited: 0x000001ae6e836540
Event: 54.747 Thread 0x000001ae6e836540 Thread added: 0x000001ae6e836540
Event: 54.761 Thread 0x000001ae6e837470 Thread added: 0x000001ae6e837470
Event: 54.949 Thread 0x000001ae6e837470 Thread exited: 0x000001ae6e837470
Event: 54.949 Thread 0x000001ae6e836540 Thread exited: 0x000001ae6e836540
Event: 54.984 Thread 0x000001ae6e8388b0 Thread added: 0x000001ae6e8388b0
Event: 55.112 Thread 0x000001ae6e8388b0 Thread exited: 0x000001ae6e8388b0


Dynamic libraries:
0x00007ff627000000 - 0x00007ff62700a000 	C:\Program Files\Android\Android Studio\jbr\bin\java.exe
0x00007ff910db0000 - 0x00007ff910fc7000 	C:\WINDOWS\SYSTEM32\ntdll.dll
0x00007ff910000000 - 0x00007ff9100c4000 	C:\WINDOWS\System32\KERNEL32.DLL
0x00007ff90e450000 - 0x00007ff90e7f5000 	C:\WINDOWS\System32\KERNELBASE.dll
0x00007ff90e9e0000 - 0x00007ff90eaf1000 	C:\WINDOWS\System32\ucrtbase.dll
0x00007ff8f4470000 - 0x00007ff8f448b000 	C:\Program Files\Android\Android Studio\jbr\bin\VCRUNTIME140.dll
0x00007ff8f63c0000 - 0x00007ff8f63d7000 	C:\Program Files\Android\Android Studio\jbr\bin\jli.dll
0x00007ff9100d0000 - 0x00007ff91027e000 	C:\WINDOWS\System32\USER32.dll
0x00007ff90e120000 - 0x00007ff90e146000 	C:\WINDOWS\System32\win32u.dll
0x00007ff90d1a0000 - 0x00007ff90d433000 	C:\WINDOWS\WinSxS\amd64_microsoft.windows.common-controls_6595b64144ccf1df_6.0.22621.2506_none_270c5ae97388e100\COMCTL32.dll
0x00007ff9102e0000 - 0x00007ff910309000 	C:\WINDOWS\System32\GDI32.dll
0x00007ff910c10000 - 0x00007ff910cb7000 	C:\WINDOWS\System32\msvcrt.dll
0x00007ff90e800000 - 0x00007ff90e919000 	C:\WINDOWS\System32\gdi32full.dll
0x00007ff90e150000 - 0x00007ff90e1ea000 	C:\WINDOWS\System32\msvcp_win.dll
0x00007ff90ffb0000 - 0x00007ff90ffe1000 	C:\WINDOWS\System32\IMM32.DLL
0x00007ff8f7260000 - 0x00007ff8f726c000 	C:\Program Files\Android\Android Studio\jbr\bin\vcruntime140_1.dll
0x00007ff8df620000 - 0x00007ff8df6ad000 	C:\Program Files\Android\Android Studio\jbr\bin\msvcp140.dll
0x00007ff8c1290000 - 0x00007ff8c1efe000 	C:\Program Files\Android\Android Studio\jbr\bin\server\jvm.dll
0x00007ff90f600000 - 0x00007ff90f6b1000 	C:\WINDOWS\System32\ADVAPI32.dll
0x00007ff90ef80000 - 0x00007ff90f026000 	C:\WINDOWS\System32\sechost.dll
0x00007ff90ee60000 - 0x00007ff90ef77000 	C:\WINDOWS\System32\RPCRT4.dll
0x00007ff904880000 - 0x00007ff904889000 	C:\WINDOWS\SYSTEM32\WSOCK32.dll
0x00007ff906890000 - 0x00007ff9068c4000 	C:\WINDOWS\SYSTEM32\WINMM.dll
0x00007ff9046e0000 - 0x00007ff9046ea000 	C:\WINDOWS\SYSTEM32\VERSION.dll
0x00007ff90ede0000 - 0x00007ff90ee51000 	C:\WINDOWS\System32\WS2_32.dll
0x00007ff90c9e0000 - 0x00007ff90c9f8000 	C:\WINDOWS\SYSTEM32\kernel.appcore.dll
0x00007ff904770000 - 0x00007ff90477a000 	C:\Program Files\Android\Android Studio\jbr\bin\jimage.dll
0x00007ff90d910000 - 0x00007ff90db43000 	C:\WINDOWS\SYSTEM32\DBGHELP.DLL
0x00007ff90f030000 - 0x00007ff90f3b9000 	C:\WINDOWS\System32\combase.dll
0x00007ff910380000 - 0x00007ff910457000 	C:\WINDOWS\System32\OLEAUT32.dll
0x00007ff90d490000 - 0x00007ff90d4c2000 	C:\WINDOWS\SYSTEM32\dbgcore.DLL
0x00007ff90e3d0000 - 0x00007ff90e44a000 	C:\WINDOWS\System32\bcryptPrimitives.dll
0x00007ff8f8870000 - 0x00007ff8f8895000 	C:\Program Files\Android\Android Studio\jbr\bin\java.dll
0x00007ff8f9060000 - 0x00007ff8f9078000 	C:\Program Files\Android\Android Studio\jbr\bin\zip.dll
0x00007ff90f6c0000 - 0x00007ff90ff19000 	C:\WINDOWS\System32\SHELL32.dll
0x00007ff90b960000 - 0x00007ff90c254000 	C:\WINDOWS\SYSTEM32\windows.storage.dll
0x00007ff90b820000 - 0x00007ff90b95e000 	C:\WINDOWS\SYSTEM32\wintypes.dll
0x00007ff910af0000 - 0x00007ff910be3000 	C:\WINDOWS\System32\SHCORE.dll
0x00007ff910280000 - 0x00007ff9102de000 	C:\WINDOWS\System32\shlwapi.dll
0x00007ff90e050000 - 0x00007ff90e076000 	C:\WINDOWS\SYSTEM32\profapi.dll
0x00007ff8f8820000 - 0x00007ff8f8839000 	C:\Program Files\Android\Android Studio\jbr\bin\net.dll
0x00007ff907bd0000 - 0x00007ff907d07000 	C:\WINDOWS\SYSTEM32\WINHTTP.dll
0x00007ff90ce80000 - 0x00007ff90cee9000 	C:\WINDOWS\system32\mswsock.dll
0x00007ff8f7210000 - 0x00007ff8f7226000 	C:\Program Files\Android\Android Studio\jbr\bin\nio.dll
0x00007ff903210000 - 0x00007ff903220000 	C:\Program Files\Android\Android Studio\jbr\bin\verify.dll
0x00007ff901740000 - 0x00007ff901767000 	C:\Users\User\.gradle\native\68d5fa5c4cc2d200863cafc0d521ce42e7d3e7ee720ec0a83991735586a16f82\windows-amd64\native-platform.dll
0x00007ff8cae00000 - 0x00007ff8caf44000 	C:\Users\User\.gradle\native\e376f236ea51e6404a007f0833ffe2c6e607c4080706a723a18a27aeea778392\windows-amd64\native-platform-file-events.dll
0x00007ff901ed0000 - 0x00007ff901ed9000 	C:\Program Files\Android\Android Studio\jbr\bin\management.dll
0x00007ff8fe400000 - 0x00007ff8fe40b000 	C:\Program Files\Android\Android Studio\jbr\bin\management_ext.dll
0x00007ff910a90000 - 0x00007ff910a98000 	C:\WINDOWS\System32\PSAPI.DLL
0x00007ff90dcd0000 - 0x00007ff90dceb000 	C:\WINDOWS\SYSTEM32\CRYPTSP.dll
0x00007ff90c9a0000 - 0x00007ff90c9d5000 	C:\WINDOWS\system32\rsaenh.dll
0x00007ff90cf70000 - 0x00007ff90cf9c000 	C:\WINDOWS\SYSTEM32\USERENV.dll
0x00007ff90db70000 - 0x00007ff90db98000 	C:\WINDOWS\SYSTEM32\bcrypt.dll
0x00007ff90d0d0000 - 0x00007ff90d0dc000 	C:\WINDOWS\SYSTEM32\CRYPTBASE.dll
0x00007ff90c4b0000 - 0x00007ff90c4dd000 	C:\WINDOWS\SYSTEM32\IPHLPAPI.DLL
0x00007ff90ed70000 - 0x00007ff90ed79000 	C:\WINDOWS\System32\NSI.dll
0x00007ff905f60000 - 0x00007ff905f79000 	C:\WINDOWS\SYSTEM32\dhcpcsvc6.DLL
0x00007ff905f40000 - 0x00007ff905f5f000 	C:\WINDOWS\SYSTEM32\dhcpcsvc.DLL
0x00007ff90c4e0000 - 0x00007ff90c5d9000 	C:\WINDOWS\SYSTEM32\DNSAPI.dll
0x00007ff9086a0000 - 0x00007ff9086a8000 	C:\WINDOWS\system32\wshunix.dll
0x00007ff8e6ed0000 - 0x00007ff8e6ee7000 	C:\WINDOWS\system32\napinsp.dll
0x00007ff8e6e20000 - 0x00007ff8e6e3b000 	C:\WINDOWS\system32\pnrpnsp.dll
0x00007ff8e6e00000 - 0x00007ff8e6e11000 	C:\WINDOWS\System32\winrnr.dll
0x00007ff8e6de0000 - 0x00007ff8e6df5000 	C:\WINDOWS\system32\wshbth.dll
0x00007ff8e8e30000 - 0x00007ff8e8e51000 	C:\WINDOWS\system32\nlansp_c.dll
0x00007ff904710000 - 0x00007ff90471a000 	C:\Windows\System32\rasadhlp.dll
0x00007ff904580000 - 0x00007ff904603000 	C:\WINDOWS\System32\fwpuclnt.dll

dbghelp: loaded successfully - version: 4.0.5 - missing functions: none
symbol engine: initialized successfully - sym options: 0x614 - pdb path: .;C:\Program Files\Android\Android Studio\jbr\bin;C:\WINDOWS\SYSTEM32;C:\WINDOWS\WinSxS\amd64_microsoft.windows.common-controls_6595b64144ccf1df_6.0.22621.2506_none_270c5ae97388e100;C:\Program Files\Android\Android Studio\jbr\bin\server;C:\Users\User\.gradle\native\68d5fa5c4cc2d200863cafc0d521ce42e7d3e7ee720ec0a83991735586a16f82\windows-amd64;C:\Users\User\.gradle\native\e376f236ea51e6404a007f0833ffe2c6e607c4080706a723a18a27aeea778392\windows-amd64

VM Arguments:
jvm_args: --add-opens=java.base/java.util=ALL-UNNAMED --add-opens=java.base/java.lang=ALL-UNNAMED --add-opens=java.base/java.lang.invoke=ALL-UNNAMED --add-opens=java.prefs/java.util.prefs=ALL-UNNAMED --add-opens=java.base/java.nio.charset=ALL-UNNAMED --add-opens=java.base/java.net=ALL-UNNAMED --add-opens=java.base/java.util.concurrent.atomic=ALL-UNNAMED -Xmx2048m -Dfile.encoding=UTF-8 -Duser.country=US -Duser.language=en -Duser.variant 
java_command: org.gradle.launcher.daemon.bootstrap.GradleDaemon 8.0
java_class_path (initial): C:\Users\User\.gradle\wrapper\dists\gradle-8.0-bin\ca5e32bp14vu59qr306oxotwh\gradle-8.0\lib\gradle-launcher-8.0.jar
Launcher Type: SUN_STANDARD

[Global flags]
     intx CICompilerCount                          = 4                                         {product} {ergonomic}
     uint ConcGCThreads                            = 2                                         {product} {ergonomic}
     uint G1ConcRefinementThreads                  = 8                                         {product} {ergonomic}
   size_t G1HeapRegionSize                         = 1048576                                   {product} {ergonomic}
    uintx GCDrainStackTargetSize                   = 64                                        {product} {ergonomic}
   size_t InitialHeapSize                          = 132120576                                 {product} {ergonomic}
   size_t MarkStackSize                            = 4194304                                   {product} {ergonomic}
   size_t MaxHeapSize                              = 2147483648                                {product} {command line}
   size_t MaxNewSize                               = 1287651328                                {product} {ergonomic}
   size_t MinHeapDeltaBytes                        = 1048576                                   {product} {ergonomic}
   size_t MinHeapSize                              = 8388608                                   {product} {ergonomic}
    uintx NonNMethodCodeHeapSize                   = 5839372                                {pd product} {ergonomic}
    uintx NonProfiledCodeHeapSize                  = 122909434                              {pd product} {ergonomic}
    uintx ProfiledCodeHeapSize                     = 122909434                              {pd product} {ergonomic}
    uintx ReservedCodeCacheSize                    = 251658240                              {pd product} {ergonomic}
     bool SegmentedCodeCache                       = true                                      {product} {ergonomic}
   size_t SoftMaxHeapSize                          = 2147483648                             {manageable} {ergonomic}
     bool UseCompressedClassPointers               = true                           {product lp64_product} {ergonomic}
     bool UseCompressedOops                        = true                           {product lp64_product} {ergonomic}
     bool UseG1GC                                  = true                                      {product} {ergonomic}
     bool UseLargePagesIndividualAllocation        = false                                  {pd product} {ergonomic}

Logging:
Log output configuration:
 #0: stdout all=warning uptime,level,tags
 #1: stderr all=off uptime,level,tags

Environment Variables:
JAVA_HOME=C:\Program Files\Java\jdk-20.0.1
PATH=C:\Program Files (x86)\Common Files\Oracle\Java\javapath;C:\Python311\Scripts\;C:\Python311\;C:\Program Files (x86)\Falcon\MinGW\bin;C:\WINDOWS\system32;C:\WINDOWS;C:\WINDOWS\System32\Wbem;C:\WINDOWS\System32\WindowsPowerShell\v1.0\;C:\WINDOWS\System32\OpenSSH\;C:\Program Files\Microsoft SQL Server\130\Tools\Binn\;C:\sqlite3;C:\Program Files (x86)\Microsoft SQL Server\150\DTS\Binn\;C:\Program Files\Azure Data Studio\bin;C:\Program Files\Microsoft SQL Server\Client SDK\ODBC\170\Tools\Binn\;C:\Program Files (x86)\Microsoft SQL Server\150\Tools\Binn\;C:\Program Files\Microsoft SQL Server\150\Tools\Binn\;C:\Program Files\Microsoft SQL Server\150\DTS\Binn\;C:\xampp\php;C:\ProgramData\ComposerSetup\bin;C:\Program Files\dotnet\;C:\Users\User\AppData\Local\Android\Sdk\cmdline-tools\bin;C:\Program Files\Java\;C:\Program Files\Git\cmd;C:\Program Files\nodejs\;C:\ProgramData\chocolatey\bin;C:\Program Files (x86)\GTK2-Runtime\lib;C:\Program Files (x86)\Common Files\Oracle\Java\javapath;C:\Python311\Scripts\;C:\Python311\;C:\Program Files (x86)\Falcon\MinGW\bin;C:\WINDOWS\system32;C:\WINDOWS;C:\WINDOWS\System32\Wbem;C:\WINDOWS\System32\WindowsPowerShell\v1.0\;C:\WINDOWS\System32\OpenSSH\;C:\Program Files\Microsoft SQL Server\130\Tools\Binn\;C:\sqlite3;C:\Program Files (x86)\Microsoft SQL Server\150\DTS\Binn\;C:\Program Files\Azure Data Studio\bin;C:\Program Files\Microsoft SQL Server\Client SDK\ODBC\170\Tools\Binn\;C:\Program Files (x86)\Microsoft SQL Server\150\Tools\Binn\;C:\Program Files\Microsoft SQL Server\150\Tools\Binn\;C:\Program Files\Microsoft SQL Server\150\DTS\Binn\;C:\xampp\php;C:\ProgramData\ComposerSetup\bin;C:\Program Files\dotnet\;C:\Users\User\AppData\Local\Android\Sdk\cmdline-tools\bin;C:\Program Files\Java\;C:\Program Files\Git\cmd;C:\Program Files\nodejs\;C:\ProgramData\chocolatey\bin;C:\Program Files (x86)\GTK2-Runtime\lib;C:\Program Files\nodejs\node_modules\npm\bin;C:\Program Files\MySQL\MySQL Shell 8.0\bin\;C:\Users\User\AppData\Local\Microsoft\Windows
USERNAME=User
OS=Windows_NT
PROCESSOR_IDENTIFIER=Intel64 Family 6 Model 140 Stepping 1, GenuineIntel
TMP=C:\Users\User\AppData\Local\Temp
TEMP=C:\Users\User\AppData\Local\Temp


JNI global refs:
JNI global refs: 25, weak refs: 0

JNI global refs memory usage: 843, weak refs: 841


---------------  S Y S T E M  ---------------

OS:
 Windows 11 , 64 bit Build 22621 (10.0.22621.2506)
OS uptime: 0 days 21:18 hours

CPU: total 8 (initial active 8) (4 cores per cpu, 2 threads per core) family 6 model 140 stepping 1 microcode 0x78, cx8, cmov, fxsr, ht, mmx, 3dnowpref, sse, sse2, sse3, ssse3, sse4.1, sse4.2, popcnt, lzcnt, tsc, tscinvbit, avx, avx2, aes, erms, clmul, bmi1, bmi2, adx, avx512f, avx512dq, avx512cd, avx512bw, avx512vl, sha, fma, vzeroupper, avx512_vpopcntdq, avx512_vpclmulqdq, avx512_vaes, avx512_vnni, clflush, clflushopt, clwb, avx512_vbmi2, avx512_vbmi

Memory: 4k page, system-wide physical 7991M (743M free)
TotalPageFile size 10039M (AvailPageFile size 126M)
current process WorkingSet (physical memory assigned to process): 412M, peak: 444M
current process commit charge ("private bytes"): 448M, peak: 626M

vm_info: OpenJDK 64-Bit Server VM (17.0.6+0-b2043.56-10027231) for windows-amd64 JRE (17.0.6+0-b2043.56-10027231), built on Apr 28 2023 00:43:19 by "androidbuild" with MS VC++ 16.10 / 16.11 (VS2019)

END.
