#
# There is insufficient memory for the Java Runtime Environment to continue.
# Native memory allocation (mmap) failed to map 324009984 bytes for G1 virtual space
# Possible reasons:
#   The system is out of physical RAM or swap space
#   The process is running with CompressedOops enabled, and the Java Heap may be blocking the growth of the native heap
# Possible solutions:
#   Reduce memory load on the system
#   Increase physical memory or swap space
#   Check if swap backing store is full
#   Decrease Java heap size (-Xmx/-Xms)
#   Decrease number of Java threads
#   Decrease Java thread stack sizes (-Xss)
#   Set larger code cache with -XX:ReservedCodeCacheSize=
#   JVM is running with Unscaled Compressed Oops mode in which the Java heap is
#     placed in the first 4GB address space. The Java Heap base address is the
#     maximum limit for the native heap growth. Please use -XX:HeapBaseMinAddress
#     to set the Java Heap base and to place the Java Heap above 4GB virtual address.
# This output file may be truncated or incomplete.
#
#  Out of Memory Error (os_windows.cpp:3769), pid=9808, tid=9744
#
# JRE version: OpenJDK Runtime Environment (17.0.6) (build 17.0.6+0-b2043.56-10027231)
# Java VM: OpenJDK 64-Bit Server VM (17.0.6+0-b2043.56-10027231, mixed mode, tiered, compressed oops, compressed class ptrs, g1 gc, windows-amd64)
# No core dump will be written. Minidumps are not enabled by default on client versions of Windows
#

---------------  S U M M A R Y ------------

Command Line: --add-opens=java.base/java.util=ALL-UNNAMED --add-opens=java.base/java.lang=ALL-UNNAMED --add-opens=java.base/java.lang.invoke=ALL-UNNAMED --add-opens=java.prefs/java.util.prefs=ALL-UNNAMED --add-opens=java.base/java.nio.charset=ALL-UNNAMED --add-opens=java.base/java.net=ALL-UNNAMED --add-opens=java.base/java.util.concurrent.atomic=ALL-UNNAMED -Xmx2048m -Dfile.encoding=UTF-8 -Duser.country=US -Duser.language=en -Duser.variant org.gradle.launcher.daemon.bootstrap.GradleDaemon 8.0

Host: 11th Gen Intel(R) Core(TM) i5-1135G7 @ 2.40GHz, 8 cores, 7G,  Windows 11 , 64 bit Build 22621 (10.0.22621.2506)
Time: Mon Nov 27 12:52:31 2023 E. Africa Standard Time elapsed time: 7.879481 seconds (0d 0h 0m 7s)

---------------  T H R E A D  ---------------

Current thread (0x00000111af762940):  VMThread "VM Thread" [stack: 0x00000007e7600000,0x00000007e7700000] [id=9744]

Stack: [0x00000007e7600000,0x00000007e7700000]
Native frames: (J=compiled Java code, j=interpreted, Vv=VM code, C=native code)
V  [jvm.dll+0x683c9a]
V  [jvm.dll+0x8427a4]
V  [jvm.dll+0x843f9e]
V  [jvm.dll+0x844603]
V  [jvm.dll+0x249b75]
V  [jvm.dll+0x680b69]
V  [jvm.dll+0x67505a]
V  [jvm.dll+0x309acb]
V  [jvm.dll+0x310f86]
V  [jvm.dll+0x3608ee]
V  [jvm.dll+0x360b1f]
V  [jvm.dll+0x2dfbf8]
V  [jvm.dll+0x2ddec4]
V  [jvm.dll+0x2dd4cc]
V  [jvm.dll+0x322261]
V  [jvm.dll+0x848ccb]
V  [jvm.dll+0x849a04]
V  [jvm.dll+0x849f1d]
V  [jvm.dll+0x84a2f4]
V  [jvm.dll+0x84a3c0]
V  [jvm.dll+0x7f274a]
V  [jvm.dll+0x682ad5]
C  [ucrtbase.dll+0x29363]
C  [KERNEL32.DLL+0x1257d]
C  [ntdll.dll+0x5aa58]

VM_Operation (0x00000007e8ffb380): G1TryInitiateConcMark, mode: safepoint, requested by thread 0x00000111b2a07850


---------------  P R O C E S S  ---------------

Threads class SMR info:
_java_thread_list=0x00000111b4b6d120, length=128, elements={
0x00000111958ecbb0, 0x00000111b0012250, 0x00000111b0012e00, 0x00000111af779710,
0x00000111b0033300, 0x00000111b0035dc0, 0x00000111b0038780, 0x00000111b0039510,
0x00000111b0039fb0, 0x00000111b003a9a0, 0x00000111b01c1c70, 0x00000111b01c2140,
0x00000111b028b150, 0x00000111b1be3950, 0x00000111b14df530, 0x00000111b28eac20,
0x00000111b1ab2810, 0x00000111b1953340, 0x00000111b168a020, 0x00000111b2a07850,
0x00000111b1aa5e30, 0x00000111b1aa6ca0, 0x00000111b1aa6300, 0x00000111b1aa5490,
0x00000111b1aa67d0, 0x00000111b1aa5960, 0x00000111b3661510, 0x00000111b365e9c0,
0x00000111b36636c0, 0x00000111b36619e0, 0x00000111b36606a0, 0x00000111b3664060,
0x00000111b365ee90, 0x00000111b36653a0, 0x00000111b365e4f0, 0x00000111b3664a00,
0x00000111b365f830, 0x00000111b3665870, 0x00000111b3661040, 0x00000111b3660b70,
0x00000111b365fd00, 0x00000111b3661eb0, 0x00000111b3662380, 0x00000111b36631f0,
0x00000111b6f2dae0, 0x00000111b3664530, 0x00000111b3664ed0, 0x00000111b365e020,
0x00000111bb95f920, 0x00000111bb95dc40, 0x00000111bb95c900, 0x00000111bb95b0f0,
0x00000111bb95ac20, 0x00000111bb960c60, 0x00000111bb95b5c0, 0x00000111bb95fdf0,
0x00000111bb95d770, 0x00000111bb95f450, 0x00000111bb95ba90, 0x00000111bb9602c0,
0x00000111bb960790, 0x00000111bb95cdd0, 0x00000111bb961ad0, 0x00000111bb95e110,
0x00000111bb95d2a0, 0x00000111bb95eab0, 0x00000111bb95bf60, 0x00000111bb95c430,
0x00000111bb95e5e0, 0x00000111bb961130, 0x00000111bb961600, 0x00000111bb95ef80,
0x00000111bb95a280, 0x00000111bb95a750, 0x00000111b6f7d210, 0x00000111b6f81570,
0x00000111b6f83250, 0x00000111b6f7eef0, 0x00000111b6f7f3c0, 0x00000111b6f7ea20,
0x00000111b6f7e550, 0x00000111b6f810a0, 0x00000111b6f7f890, 0x00000111b6f7fd60,
0x00000111b6f83bf0, 0x00000111b6f81f10, 0x00000111b6f7e080, 0x00000111b6f7c3a0,
0x00000111b6f7d6e0, 0x00000111b6f7cd40, 0x00000111b6f80700, 0x00000111b6f80230,
0x00000111b6f7dbb0, 0x00000111b6f80bd0, 0x00000111b6f82d80, 0x00000111b6f81a40,
0x00000111b6f7c870, 0x00000111b6f823e0, 0x00000111b6f828b0, 0x00000111b6f83720,
0x00000111ba395e10, 0x00000111ba39b980, 0x00000111ba39a170, 0x00000111ba39ccc0,
0x00000111ba39a640, 0x00000111ba399ca0, 0x00000111ba398e30, 0x00000111ba397af0,
0x00000111ba39ab10, 0x00000111ba39c7f0, 0x00000111ba39be50, 0x00000111ba398490,
0x00000111ba39afe0, 0x00000111ba397fc0, 0x00000111ba3997d0, 0x00000111ba39b4b0,
0x00000111ba398960, 0x00000111ba399300, 0x00000111ba39d190, 0x00000111ba39c320,
0x00000111ba395940, 0x00000111ba3962e0, 0x00000111ba3967b0, 0x00000111ba397620,
0x00000111ba396c80, 0x00000111ba397150, 0x00000111b72a58f0, 0x00000111b72a5dc0
}

Java Threads: ( => current thread )
  0x00000111958ecbb0 JavaThread "main" [_thread_blocked, id=10868, stack(0x00000007e7000000,0x00000007e7100000)]
  0x00000111b0012250 JavaThread "Reference Handler" daemon [_thread_blocked, id=16228, stack(0x00000007e7700000,0x00000007e7800000)]
  0x00000111b0012e00 JavaThread "Finalizer" daemon [_thread_blocked, id=7672, stack(0x00000007e7800000,0x00000007e7900000)]
  0x00000111af779710 JavaThread "Signal Dispatcher" daemon [_thread_blocked, id=12952, stack(0x00000007e7900000,0x00000007e7a00000)]
  0x00000111b0033300 JavaThread "Attach Listener" daemon [_thread_blocked, id=3208, stack(0x00000007e7a00000,0x00000007e7b00000)]
  0x00000111b0035dc0 JavaThread "Service Thread" daemon [_thread_blocked, id=15576, stack(0x00000007e7b00000,0x00000007e7c00000)]
  0x00000111b0038780 JavaThread "Monitor Deflation Thread" daemon [_thread_blocked, id=9044, stack(0x00000007e7c00000,0x00000007e7d00000)]
  0x00000111b0039510 JavaThread "C2 CompilerThread0" daemon [_thread_blocked, id=12392, stack(0x00000007e7d00000,0x00000007e7e00000)]
  0x00000111b0039fb0 JavaThread "C1 CompilerThread0" daemon [_thread_blocked, id=13692, stack(0x00000007e7e00000,0x00000007e7f00000)]
  0x00000111b003a9a0 JavaThread "Sweeper thread" daemon [_thread_blocked, id=12424, stack(0x00000007e7f00000,0x00000007e8000000)]
  0x00000111b01c1c70 JavaThread "Common-Cleaner" daemon [_thread_blocked, id=10248, stack(0x00000007e8000000,0x00000007e8100000)]
  0x00000111b01c2140 JavaThread "Notification Thread" daemon [_thread_blocked, id=12484, stack(0x00000007e8100000,0x00000007e8200000)]
  0x00000111b028b150 JavaThread "C2 CompilerThread1" daemon [_thread_in_native, id=2240, stack(0x00000007e8300000,0x00000007e8400000)]
  0x00000111b1be3950 JavaThread "Daemon health stats" [_thread_blocked, id=15876, stack(0x00000007e8900000,0x00000007e8a00000)]
  0x00000111b14df530 JavaThread "Incoming local TCP Connector on port 55296" [_thread_in_native, id=10236, stack(0x00000007e8a00000,0x00000007e8b00000)]
  0x00000111b28eac20 JavaThread "Daemon periodic checks" [_thread_blocked, id=13828, stack(0x00000007e8b00000,0x00000007e8c00000)]
  0x00000111b1ab2810 JavaThread "Daemon" [_thread_blocked, id=14188, stack(0x00000007e8c00000,0x00000007e8d00000)]
  0x00000111b1953340 JavaThread "Handler for socket connection from /127.0.0.1:55296 to /127.0.0.1:55297" [_thread_in_native, id=14924, stack(0x00000007e8d00000,0x00000007e8e00000)]
  0x00000111b168a020 JavaThread "Cancel handler" [_thread_blocked, id=7284, stack(0x00000007e8e00000,0x00000007e8f00000)]
  0x00000111b2a07850 JavaThread "Daemon worker" [_thread_blocked, id=13564, stack(0x00000007e8f00000,0x00000007e9000000)]
  0x00000111b1aa5e30 JavaThread "Asynchronous log dispatcher for DefaultDaemonConnection: socket connection from /127.0.0.1:55296 to /127.0.0.1:55297" [_thread_blocked, id=12708, stack(0x00000007e9000000,0x00000007e9100000)]
  0x00000111b1aa6ca0 JavaThread "Stdin handler" [_thread_blocked, id=11480, stack(0x00000007e9100000,0x00000007e9200000)]
  0x00000111b1aa6300 JavaThread "Daemon client event forwarder" [_thread_blocked, id=7876, stack(0x00000007e9200000,0x00000007e9300000)]
  0x00000111b1aa5490 JavaThread "Cache worker for journal cache (C:\Users\User\.gradle\caches\journal-1)" [_thread_blocked, id=12448, stack(0x00000007e9700000,0x00000007e9800000)]
  0x00000111b1aa67d0 JavaThread "File lock request listener" [_thread_in_native, id=15908, stack(0x00000007e9800000,0x00000007e9900000)]
  0x00000111b1aa5960 JavaThread "Cache worker for file hash cache (C:\Users\User\.gradle\caches\8.0\fileHashes)" [_thread_blocked, id=7312, stack(0x00000007e9900000,0x00000007e9a00000)]
  0x00000111b3661510 JavaThread "File watcher server" daemon [_thread_in_native, id=14556, stack(0x00000007e9a00000,0x00000007e9b00000)]
  0x00000111b365e9c0 JavaThread "File watcher consumer" daemon [_thread_blocked, id=5956, stack(0x00000007e9b00000,0x00000007e9c00000)]
  0x00000111b36636c0 JavaThread "jar transforms" [_thread_blocked, id=13160, stack(0x00000007e9c00000,0x00000007e9d00000)]
  0x00000111b36619e0 JavaThread "jar transforms Thread 2" [_thread_blocked, id=6932, stack(0x00000007e9d00000,0x00000007e9e00000)]
  0x00000111b36606a0 JavaThread "jar transforms Thread 3" [_thread_blocked, id=12792, stack(0x00000007e9e00000,0x00000007e9f00000)]
  0x00000111b3664060 JavaThread "jar transforms Thread 4" [_thread_blocked, id=8876, stack(0x00000007e9f00000,0x00000007ea000000)]
  0x00000111b365ee90 JavaThread "jar transforms Thread 5" [_thread_blocked, id=5832, stack(0x00000007ea000000,0x00000007ea100000)]
  0x00000111b36653a0 JavaThread "jar transforms Thread 6" [_thread_blocked, id=11468, stack(0x00000007ea100000,0x00000007ea200000)]
  0x00000111b365e4f0 JavaThread "jar transforms Thread 7" [_thread_blocked, id=15532, stack(0x00000007ea200000,0x00000007ea300000)]
  0x00000111b3664a00 JavaThread "jar transforms Thread 8" [_thread_blocked, id=9728, stack(0x00000007ea300000,0x00000007ea400000)]
  0x00000111b365f830 JavaThread "Cache worker for checksums cache (C:\Users\User\AndroidStudioProjects\RepairPal\.gradle\8.0\checksums)" [_thread_blocked, id=13388, stack(0x00000007ea500000,0x00000007ea600000)]
  0x00000111b3665870 JavaThread "Cache worker for cache directory md-rule (C:\Users\User\.gradle\caches\8.0\md-rule)" [_thread_blocked, id=10376, stack(0x00000007ea600000,0x00000007ea700000)]
  0x00000111b3661040 JavaThread "Cache worker for file content cache (C:\Users\User\.gradle\caches\8.0\fileContent)" [_thread_blocked, id=12932, stack(0x00000007ea700000,0x00000007ea800000)]
  0x00000111b3660b70 JavaThread "Cache worker for file hash cache (C:\Users\User\AndroidStudioProjects\RepairPal\.gradle\8.0\fileHashes)" [_thread_blocked, id=10756, stack(0x00000007ea800000,0x00000007ea900000)]
  0x00000111b365fd00 JavaThread "Cache worker for cache directory md-supplier (C:\Users\User\.gradle\caches\8.0\md-supplier)" [_thread_blocked, id=11096, stack(0x00000007ea900000,0x00000007eaa00000)]
  0x00000111b3661eb0 JavaThread "Cache worker for execution history cache (C:\Users\User\.gradle\caches\8.0\executionHistory)" [_thread_blocked, id=12088, stack(0x00000007eaa00000,0x00000007eab00000)]
  0x00000111b3662380 JavaThread "Cache worker for kotlin-dsl (C:\Users\User\.gradle\caches\8.0\kotlin-dsl)" [_thread_blocked, id=12368, stack(0x00000007e8400000,0x00000007e8500000)]
  0x00000111b36631f0 JavaThread "Cache worker for dependencies-accessors (C:\Users\User\AndroidStudioProjects\RepairPal\.gradle\8.0\dependencies-accessors)" [_thread_blocked, id=5304, stack(0x00000007eab00000,0x00000007eac00000)]
  0x00000111b6f2dae0 JavaThread "C2 CompilerThread2" daemon [_thread_in_native, id=5688, stack(0x00000007eac00000,0x00000007ead00000)]
  0x00000111b3664530 JavaThread "Cache worker for Build Output Cleanup Cache (C:\Users\User\AndroidStudioProjects\RepairPal\.gradle\buildOutputCleanup)" [_thread_blocked, id=4152, stack(0x00000007ead00000,0x00000007eae00000)]
  0x00000111b3664ed0 JavaThread "Unconstrained build operations" [_thread_blocked, id=10908, stack(0x00000007eae00000,0x00000007eaf00000)]
  0x00000111b365e020 JavaThread "Unconstrained build operations Thread 2" [_thread_blocked, id=7476, stack(0x00000007eaf00000,0x00000007eb000000)]
  0x00000111bb95f920 JavaThread "Unconstrained build operations Thread 3" [_thread_blocked, id=11628, stack(0x00000007eb000000,0x00000007eb100000)]
  0x00000111bb95dc40 JavaThread "Unconstrained build operations Thread 4" [_thread_blocked, id=13472, stack(0x00000007eb100000,0x00000007eb200000)]
  0x00000111bb95c900 JavaThread "Unconstrained build operations Thread 5" [_thread_blocked, id=16340, stack(0x00000007eb200000,0x00000007eb300000)]
  0x00000111bb95b0f0 JavaThread "Unconstrained build operations Thread 6" [_thread_blocked, id=13788, stack(0x00000007eb300000,0x00000007eb400000)]
  0x00000111bb95ac20 JavaThread "Unconstrained build operations Thread 7" [_thread_blocked, id=15248, stack(0x00000007eb400000,0x00000007eb500000)]
  0x00000111bb960c60 JavaThread "Unconstrained build operations Thread 8" [_thread_blocked, id=1968, stack(0x00000007eb500000,0x00000007eb600000)]
  0x00000111bb95b5c0 JavaThread "Unconstrained build operations Thread 9" [_thread_blocked, id=14240, stack(0x00000007eb600000,0x00000007eb700000)]
  0x00000111bb95fdf0 JavaThread "Unconstrained build operations Thread 10" [_thread_blocked, id=12432, stack(0x00000007eb700000,0x00000007eb800000)]
  0x00000111bb95d770 JavaThread "Unconstrained build operations Thread 11" [_thread_blocked, id=12780, stack(0x00000007eb800000,0x00000007eb900000)]
  0x00000111bb95f450 JavaThread "Unconstrained build operations Thread 12" [_thread_blocked, id=15464, stack(0x00000007eb900000,0x00000007eba00000)]
  0x00000111bb95ba90 JavaThread "Unconstrained build operations Thread 13" [_thread_blocked, id=16308, stack(0x00000007eba00000,0x00000007ebb00000)]
  0x00000111bb9602c0 JavaThread "Unconstrained build operations Thread 14" [_thread_blocked, id=14512, stack(0x00000007ebb00000,0x00000007ebc00000)]
  0x00000111bb960790 JavaThread "Unconstrained build operations Thread 15" [_thread_blocked, id=14972, stack(0x00000007ebc00000,0x00000007ebd00000)]
  0x00000111bb95cdd0 JavaThread "Unconstrained build operations Thread 16" [_thread_blocked, id=8888, stack(0x00000007ebd00000,0x00000007ebe00000)]
  0x00000111bb961ad0 JavaThread "Unconstrained build operations Thread 17" [_thread_blocked, id=13948, stack(0x00000007ebe00000,0x00000007ebf00000)]
  0x00000111bb95e110 JavaThread "Unconstrained build operations Thread 18" [_thread_blocked, id=14944, stack(0x00000007ebf00000,0x00000007ec000000)]
  0x00000111bb95d2a0 JavaThread "Unconstrained build operations Thread 19" [_thread_blocked, id=11784, stack(0x00000007ec000000,0x00000007ec100000)]
  0x00000111bb95eab0 JavaThread "Unconstrained build operations Thread 20" [_thread_blocked, id=4680, stack(0x00000007ec100000,0x00000007ec200000)]
  0x00000111bb95bf60 JavaThread "Unconstrained build operations Thread 21" [_thread_blocked, id=12192, stack(0x00000007ec200000,0x00000007ec300000)]
  0x00000111bb95c430 JavaThread "Unconstrained build operations Thread 22" [_thread_blocked, id=13336, stack(0x00000007ec300000,0x00000007ec400000)]
  0x00000111bb95e5e0 JavaThread "Unconstrained build operations Thread 23" [_thread_blocked, id=6740, stack(0x00000007ec400000,0x00000007ec500000)]
  0x00000111bb961130 JavaThread "Unconstrained build operations Thread 24" [_thread_blocked, id=8136, stack(0x00000007ec500000,0x00000007ec600000)]
  0x00000111bb961600 JavaThread "Unconstrained build operations Thread 25" [_thread_blocked, id=13020, stack(0x00000007ec600000,0x00000007ec700000)]
  0x00000111bb95ef80 JavaThread "Unconstrained build operations Thread 26" [_thread_blocked, id=15980, stack(0x00000007ec700000,0x00000007ec800000)]
  0x00000111bb95a280 JavaThread "Unconstrained build operations Thread 27" [_thread_blocked, id=9436, stack(0x00000007ec800000,0x00000007ec900000)]
  0x00000111bb95a750 JavaThread "Unconstrained build operations Thread 28" [_thread_blocked, id=1644, stack(0x00000007ec900000,0x00000007eca00000)]
  0x00000111b6f7d210 JavaThread "Unconstrained build operations Thread 29" [_thread_blocked, id=16328, stack(0x00000007eca00000,0x00000007ecb00000)]
  0x00000111b6f81570 JavaThread "Unconstrained build operations Thread 30" [_thread_blocked, id=14516, stack(0x00000007ecb00000,0x00000007ecc00000)]
  0x00000111b6f83250 JavaThread "Unconstrained build operations Thread 31" [_thread_blocked, id=15820, stack(0x00000007ecc00000,0x00000007ecd00000)]
  0x00000111b6f7eef0 JavaThread "Unconstrained build operations Thread 32" [_thread_blocked, id=2768, stack(0x00000007ecd00000,0x00000007ece00000)]
  0x00000111b6f7f3c0 JavaThread "Unconstrained build operations Thread 33" [_thread_blocked, id=15420, stack(0x00000007ece00000,0x00000007ecf00000)]
  0x00000111b6f7ea20 JavaThread "Unconstrained build operations Thread 34" [_thread_blocked, id=4176, stack(0x00000007ecf00000,0x00000007ed000000)]
  0x00000111b6f7e550 JavaThread "Unconstrained build operations Thread 35" [_thread_blocked, id=12252, stack(0x00000007ed000000,0x00000007ed100000)]
  0x00000111b6f810a0 JavaThread "Unconstrained build operations Thread 36" [_thread_blocked, id=8008, stack(0x00000007ed100000,0x00000007ed200000)]
  0x00000111b6f7f890 JavaThread "Unconstrained build operations Thread 37" [_thread_blocked, id=1856, stack(0x00000007ed200000,0x00000007ed300000)]
  0x00000111b6f7fd60 JavaThread "Unconstrained build operations Thread 38" [_thread_blocked, id=4632, stack(0x00000007ed300000,0x00000007ed400000)]
  0x00000111b6f83bf0 JavaThread "Unconstrained build operations Thread 39" [_thread_blocked, id=15764, stack(0x00000007ed400000,0x00000007ed500000)]
  0x00000111b6f81f10 JavaThread "Unconstrained build operations Thread 40" [_thread_blocked, id=7784, stack(0x00000007ed500000,0x00000007ed600000)]
  0x00000111b6f7e080 JavaThread "Unconstrained build operations Thread 41" [_thread_blocked, id=7412, stack(0x00000007ed600000,0x00000007ed700000)]
  0x00000111b6f7c3a0 JavaThread "Unconstrained build operations Thread 42" [_thread_blocked, id=12904, stack(0x00000007ed700000,0x00000007ed800000)]
  0x00000111b6f7d6e0 JavaThread "Unconstrained build operations Thread 43" [_thread_blocked, id=14276, stack(0x00000007ed800000,0x00000007ed900000)]
  0x00000111b6f7cd40 JavaThread "Unconstrained build operations Thread 44" [_thread_blocked, id=11696, stack(0x00000007ed900000,0x00000007eda00000)]
  0x00000111b6f80700 JavaThread "Unconstrained build operations Thread 45" [_thread_blocked, id=15660, stack(0x00000007eda00000,0x00000007edb00000)]
  0x00000111b6f80230 JavaThread "Unconstrained build operations Thread 46" [_thread_blocked, id=5280, stack(0x00000007edb00000,0x00000007edc00000)]
  0x00000111b6f7dbb0 JavaThread "Unconstrained build operations Thread 47" [_thread_blocked, id=5540, stack(0x00000007edc00000,0x00000007edd00000)]
  0x00000111b6f80bd0 JavaThread "Unconstrained build operations Thread 48" [_thread_blocked, id=9668, stack(0x00000007edd00000,0x00000007ede00000)]
  0x00000111b6f82d80 JavaThread "Unconstrained build operations Thread 49" [_thread_blocked, id=13308, stack(0x00000007ede00000,0x00000007edf00000)]
  0x00000111b6f81a40 JavaThread "Unconstrained build operations Thread 50" [_thread_blocked, id=11652, stack(0x00000007edf00000,0x00000007ee000000)]
  0x00000111b6f7c870 JavaThread "Unconstrained build operations Thread 51" [_thread_blocked, id=1616, stack(0x00000007ee000000,0x00000007ee100000)]
  0x00000111b6f823e0 JavaThread "Unconstrained build operations Thread 52" [_thread_blocked, id=15864, stack(0x00000007ee100000,0x00000007ee200000)]
  0x00000111b6f828b0 JavaThread "Unconstrained build operations Thread 53" [_thread_blocked, id=11828, stack(0x00000007ee200000,0x00000007ee300000)]
  0x00000111b6f83720 JavaThread "Unconstrained build operations Thread 54" [_thread_blocked, id=14208, stack(0x00000007ee300000,0x00000007ee400000)]
  0x00000111ba395e10 JavaThread "Unconstrained build operations Thread 55" [_thread_blocked, id=12124, stack(0x00000007ee400000,0x00000007ee500000)]
  0x00000111ba39b980 JavaThread "Unconstrained build operations Thread 56" [_thread_blocked, id=15044, stack(0x00000007ee500000,0x00000007ee600000)]
  0x00000111ba39a170 JavaThread "Unconstrained build operations Thread 57" [_thread_blocked, id=14048, stack(0x00000007ee600000,0x00000007ee700000)]
  0x00000111ba39ccc0 JavaThread "Unconstrained build operations Thread 58" [_thread_blocked, id=1588, stack(0x00000007ee700000,0x00000007ee800000)]
  0x00000111ba39a640 JavaThread "Unconstrained build operations Thread 59" [_thread_blocked, id=16268, stack(0x00000007ee800000,0x00000007ee900000)]
  0x00000111ba399ca0 JavaThread "Unconstrained build operations Thread 60" [_thread_blocked, id=7124, stack(0x00000007ee900000,0x00000007eea00000)]
  0x00000111ba398e30 JavaThread "Unconstrained build operations Thread 61" [_thread_blocked, id=6212, stack(0x00000007eea00000,0x00000007eeb00000)]
  0x00000111ba397af0 JavaThread "Unconstrained build operations Thread 62" [_thread_blocked, id=15432, stack(0x00000007eeb00000,0x00000007eec00000)]
  0x00000111ba39ab10 JavaThread "Unconstrained build operations Thread 63" [_thread_blocked, id=4144, stack(0x00000007eec00000,0x00000007eed00000)]
  0x00000111ba39c7f0 JavaThread "Unconstrained build operations Thread 64" [_thread_blocked, id=14612, stack(0x00000007eed00000,0x00000007eee00000)]
  0x00000111ba39be50 JavaThread "Unconstrained build operations Thread 65" [_thread_blocked, id=10848, stack(0x00000007eee00000,0x00000007eef00000)]
  0x00000111ba398490 JavaThread "Unconstrained build operations Thread 66" [_thread_blocked, id=14760, stack(0x00000007eef00000,0x00000007ef000000)]
  0x00000111ba39afe0 JavaThread "Unconstrained build operations Thread 67" [_thread_blocked, id=15268, stack(0x00000007ef000000,0x00000007ef100000)]
  0x00000111ba397fc0 JavaThread "Unconstrained build operations Thread 68" [_thread_blocked, id=1664, stack(0x00000007ef100000,0x00000007ef200000)]
  0x00000111ba3997d0 JavaThread "Unconstrained build operations Thread 69" [_thread_blocked, id=9404, stack(0x00000007ef200000,0x00000007ef300000)]
  0x00000111ba39b4b0 JavaThread "Unconstrained build operations Thread 70" [_thread_blocked, id=14968, stack(0x00000007ef300000,0x00000007ef400000)]
  0x00000111ba398960 JavaThread "Unconstrained build operations Thread 71" [_thread_blocked, id=10160, stack(0x00000007ef400000,0x00000007ef500000)]
  0x00000111ba399300 JavaThread "Unconstrained build operations Thread 72" [_thread_blocked, id=13292, stack(0x00000007ef500000,0x00000007ef600000)]
  0x00000111ba39d190 JavaThread "Unconstrained build operations Thread 73" [_thread_blocked, id=2852, stack(0x00000007ef600000,0x00000007ef700000)]
  0x00000111ba39c320 JavaThread "Unconstrained build operations Thread 74" [_thread_blocked, id=10548, stack(0x00000007ef700000,0x00000007ef800000)]
  0x00000111ba395940 JavaThread "Unconstrained build operations Thread 75" [_thread_blocked, id=14532, stack(0x00000007ef800000,0x00000007ef900000)]
  0x00000111ba3962e0 JavaThread "Unconstrained build operations Thread 76" [_thread_blocked, id=9400, stack(0x00000007ef900000,0x00000007efa00000)]
  0x00000111ba3967b0 JavaThread "Unconstrained build operations Thread 77" [_thread_blocked, id=14728, stack(0x00000007efa00000,0x00000007efb00000)]
  0x00000111ba397620 JavaThread "Unconstrained build operations Thread 78" [_thread_blocked, id=6892, stack(0x00000007efb00000,0x00000007efc00000)]
  0x00000111ba396c80 JavaThread "Unconstrained build operations Thread 79" [_thread_blocked, id=2136, stack(0x00000007efc00000,0x00000007efd00000)]
  0x00000111ba397150 JavaThread "Unconstrained build operations Thread 80" [_thread_blocked, id=11012, stack(0x00000007efd00000,0x00000007efe00000)]
  0x00000111b72a58f0 JavaThread "Memory manager" [_thread_blocked, id=8012, stack(0x00000007efe00000,0x00000007eff00000)]
  0x00000111b72a5dc0 JavaThread "pool-3-thread-1" [_thread_blocked, id=3696, stack(0x00000007eff00000,0x00000007f0000000)]

Other Threads:
=>0x00000111af762940 VMThread "VM Thread" [stack: 0x00000007e7600000,0x00000007e7700000] [id=9744]
  0x00000111959790a0 WatcherThread [stack: 0x00000007e8200000,0x00000007e8300000] [id=15580]
  0x0000011195947970 GCTaskThread "GC Thread#0" [stack: 0x00000007e7100000,0x00000007e7200000] [id=15944]
  0x00000111b106bb60 GCTaskThread "GC Thread#1" [stack: 0x00000007e8500000,0x00000007e8600000] [id=1752]
  0x00000111b106be10 GCTaskThread "GC Thread#2" [stack: 0x00000007e8600000,0x00000007e8700000] [id=8572]
  0x00000111b0c48460 GCTaskThread "GC Thread#3" [stack: 0x00000007e8700000,0x00000007e8800000] [id=6484]
  0x00000111b15147d0 GCTaskThread "GC Thread#4" [stack: 0x00000007e8800000,0x00000007e8900000] [id=14004]
  0x00000111b33296c0 GCTaskThread "GC Thread#5" [stack: 0x00000007e9300000,0x00000007e9400000] [id=12420]
  0x00000111b2b2ecd0 GCTaskThread "GC Thread#6" [stack: 0x00000007e9400000,0x00000007e9500000] [id=7156]
  0x00000111b1b4e0f0 GCTaskThread "GC Thread#7" [stack: 0x00000007e9500000,0x00000007e9600000] [id=13548]
  0x00000111959588b0 ConcurrentGCThread "G1 Main Marker" [stack: 0x00000007e7200000,0x00000007e7300000] [id=8852]
  0x00000111959592c0 ConcurrentGCThread "G1 Conc#0" [stack: 0x00000007e7300000,0x00000007e7400000] [id=2660]
  0x00000111b2a47a50 ConcurrentGCThread "G1 Conc#1" [stack: 0x00000007e9600000,0x00000007e9700000] [id=11808]
  0x00000111959aec50 ConcurrentGCThread "G1 Refine#0" [stack: 0x00000007e7400000,0x00000007e7500000] [id=3444]
  0x00000111b5840c50 ConcurrentGCThread "G1 Refine#1" [stack: 0x00000007ea400000,0x00000007ea500000] [id=12560]
  0x00000111b71834a0 ConcurrentGCThread "G1 Refine#2" [stack: 0x00000007f0000000,0x00000007f0100000] [id=14492]
  0x00000111b71845e0 ConcurrentGCThread "G1 Refine#3" [stack: 0x00000007f0100000,0x00000007f0200000] [id=14500]
  0x00000111af5b6820 ConcurrentGCThread "G1 Service" [stack: 0x00000007e7500000,0x00000007e7600000] [id=2796]

Threads with active compile tasks:
C2 CompilerThread1     7894 9379   !   4       java.net.URLClassLoader::findClass (47 bytes)
C2 CompilerThread2     7894 9722   !   4       org.gradle.api.internal.attributes.DefaultImmutableAttributesFactory::doConcatIsolatable (128 bytes)

VM state: at safepoint (normal execution)

VM Mutex/Monitor currently owned by a thread:  ([mutex/lock_event])
[0x00000111958e89b0] Threads_lock - owner thread: 0x00000111af762940
[0x00000111958e86e0] Heap_lock - owner thread: 0x00000111b2a07850

Heap address: 0x0000000080000000, size: 2048 MB, Compressed Oops mode: 32-bit

CDS archive(s) not mapped
Compressed class space mapped at: 0x0000000100000000-0x0000000140000000, reserved size: 1073741824
Narrow klass base: 0x0000000000000000, Narrow klass shift: 3, Narrow klass range: 0x140000000

GC Precious Log:
 CPUs: 8 total, 8 available
 Memory: 7991M
 Large Page Support: Disabled
 NUMA Support: Disabled
 Compressed Oops: Enabled (32-bit)
 Heap Region Size: 1M
 Heap Min Capacity: 8M
 Heap Initial Capacity: 126M
 Heap Max Capacity: 2G
 Pre-touch: Disabled
 Parallel Workers: 8
 Concurrent Workers: 2
 Concurrent Refinement Workers: 8
 Periodic GC: Disabled

Heap:
 garbage-first heap   total 216064K, used 143699K [0x0000000080000000, 0x0000000100000000)
  region size 1024K, 4 young (4096K), 4 survivors (4096K)
 Metaspace       used 90953K, committed 91712K, reserved 1130496K
  class space    used 12210K, committed 12544K, reserved 1048576K

Heap Regions: E=young(eden), S=young(survivor), O=old, HS=humongous(starts), HC=humongous(continues), CS=collection set, F=free, OA=open archive, CA=closed archive, TAMS=top-at-mark-start (previous, next)
|   0|0x0000000080000000, 0x0000000080100000, 0x0000000080100000|100%|HS|  |TAMS 0x0000000080100000, 0x0000000080100000| Complete 
|   1|0x0000000080100000, 0x0000000080200000, 0x0000000080200000|100%|HC|  |TAMS 0x0000000080200000, 0x0000000080200000| Complete 
|   2|0x0000000080200000, 0x0000000080300000, 0x0000000080300000|100%|HC|  |TAMS 0x0000000080300000, 0x0000000080300000| Complete 
|   3|0x0000000080300000, 0x0000000080400000, 0x0000000080400000|100%|HC|  |TAMS 0x0000000080400000, 0x0000000080400000| Complete 
|   4|0x0000000080400000, 0x0000000080500000, 0x0000000080500000|100%| O|  |TAMS 0x0000000080500000, 0x0000000080500000| Untracked 
|   5|0x0000000080500000, 0x0000000080600000, 0x0000000080600000|100%| O|  |TAMS 0x0000000080600000, 0x0000000080600000| Untracked 
|   6|0x0000000080600000, 0x0000000080700000, 0x0000000080700000|100%| O|  |TAMS 0x0000000080700000, 0x0000000080700000| Untracked 
|   7|0x0000000080700000, 0x0000000080800000, 0x0000000080800000|100%| O|  |TAMS 0x0000000080800000, 0x0000000080800000| Untracked 
|   8|0x0000000080800000, 0x0000000080900000, 0x0000000080900000|100%| O|  |TAMS 0x0000000080900000, 0x0000000080900000| Untracked 
|   9|0x0000000080900000, 0x0000000080a00000, 0x0000000080a00000|100%| O|  |TAMS 0x0000000080a00000, 0x0000000080a00000| Untracked 
|  10|0x0000000080a00000, 0x0000000080b00000, 0x0000000080b00000|100%| O|  |TAMS 0x0000000080b00000, 0x0000000080b00000| Untracked 
|  11|0x0000000080b00000, 0x0000000080c00000, 0x0000000080c00000|100%| O|  |TAMS 0x0000000080c00000, 0x0000000080c00000| Untracked 
|  12|0x0000000080c00000, 0x0000000080d00000, 0x0000000080d00000|100%| O|  |TAMS 0x0000000080d00000, 0x0000000080d00000| Untracked 
|  13|0x0000000080d00000, 0x0000000080e00000, 0x0000000080e00000|100%| O|  |TAMS 0x0000000080e00000, 0x0000000080e00000| Untracked 
|  14|0x0000000080e00000, 0x0000000080f00000, 0x0000000080f00000|100%| O|  |TAMS 0x0000000080f00000, 0x0000000080f00000| Untracked 
|  15|0x0000000080f00000, 0x0000000081000000, 0x0000000081000000|100%| O|  |TAMS 0x0000000081000000, 0x0000000081000000| Untracked 
|  16|0x0000000081000000, 0x0000000081100000, 0x0000000081100000|100%| O|  |TAMS 0x0000000081100000, 0x0000000081100000| Untracked 
|  17|0x0000000081100000, 0x0000000081200000, 0x0000000081200000|100%| O|  |TAMS 0x0000000081200000, 0x0000000081200000| Untracked 
|  18|0x0000000081200000, 0x0000000081300000, 0x0000000081300000|100%| O|  |TAMS 0x0000000081300000, 0x0000000081300000| Untracked 
|  19|0x0000000081300000, 0x0000000081400000, 0x0000000081400000|100%|HS|  |TAMS 0x0000000081400000, 0x0000000081400000| Complete 
|  20|0x0000000081400000, 0x0000000081500000, 0x0000000081500000|100%|HC|  |TAMS 0x0000000081500000, 0x0000000081500000| Complete 
|  21|0x0000000081500000, 0x0000000081600000, 0x0000000081600000|100%|HS|  |TAMS 0x0000000081600000, 0x0000000081600000| Complete 
|  22|0x0000000081600000, 0x0000000081700000, 0x0000000081700000|100%|HC|  |TAMS 0x0000000081700000, 0x0000000081700000| Complete 
|  23|0x0000000081700000, 0x0000000081800000, 0x0000000081800000|100%|HC|  |TAMS 0x0000000081800000, 0x0000000081800000| Complete 
|  24|0x0000000081800000, 0x0000000081900000, 0x0000000081900000|100%| O|  |TAMS 0x0000000081900000, 0x0000000081900000| Untracked 
|  25|0x0000000081900000, 0x0000000081a00000, 0x0000000081a00000|100%| O|  |TAMS 0x0000000081a00000, 0x0000000081a00000| Untracked 
|  26|0x0000000081a00000, 0x0000000081b00000, 0x0000000081b00000|100%| O|  |TAMS 0x0000000081b00000, 0x0000000081b00000| Untracked 
|  27|0x0000000081b00000, 0x0000000081c00000, 0x0000000081c00000|100%|HS|  |TAMS 0x0000000081c00000, 0x0000000081c00000| Complete 
|  28|0x0000000081c00000, 0x0000000081d00000, 0x0000000081d00000|100%|HC|  |TAMS 0x0000000081d00000, 0x0000000081d00000| Complete 
|  29|0x0000000081d00000, 0x0000000081e00000, 0x0000000081e00000|100%|HC|  |TAMS 0x0000000081e00000, 0x0000000081e00000| Complete 
|  30|0x0000000081e00000, 0x0000000081f00000, 0x0000000081f00000|100%| O|  |TAMS 0x0000000081f00000, 0x0000000081f00000| Untracked 
|  31|0x0000000081f00000, 0x0000000082000000, 0x0000000082000000|100%| O|  |TAMS 0x0000000082000000, 0x0000000082000000| Untracked 
|  32|0x0000000082000000, 0x0000000082100000, 0x0000000082100000|100%| O|  |TAMS 0x0000000082100000, 0x0000000082100000| Untracked 
|  33|0x0000000082100000, 0x0000000082200000, 0x0000000082200000|100%|HS|  |TAMS 0x0000000082200000, 0x0000000082200000| Complete 
|  34|0x0000000082200000, 0x0000000082300000, 0x0000000082300000|100%|HC|  |TAMS 0x0000000082300000, 0x0000000082300000| Complete 
|  35|0x0000000082300000, 0x0000000082400000, 0x0000000082400000|100%| O|  |TAMS 0x0000000082400000, 0x0000000082400000| Untracked 
|  36|0x0000000082400000, 0x0000000082500000, 0x0000000082500000|100%| O|  |TAMS 0x0000000082500000, 0x0000000082500000| Untracked 
|  37|0x0000000082500000, 0x0000000082600000, 0x0000000082600000|100%| O|  |TAMS 0x0000000082600000, 0x0000000082600000| Untracked 
|  38|0x0000000082600000, 0x0000000082700000, 0x0000000082700000|100%| O|  |TAMS 0x0000000082600000, 0x0000000082700000| Untracked 
|  39|0x0000000082700000, 0x0000000082800000, 0x0000000082800000|100%| O|  |TAMS 0x0000000082800000, 0x0000000082800000| Untracked 
|  40|0x0000000082800000, 0x0000000082900000, 0x0000000082900000|100%| O|  |TAMS 0x0000000082900000, 0x0000000082900000| Untracked 
|  41|0x0000000082900000, 0x0000000082a00000, 0x0000000082a00000|100%| O|  |TAMS 0x0000000082a00000, 0x0000000082a00000| Untracked 
|  42|0x0000000082a00000, 0x0000000082b00000, 0x0000000082b00000|100%| O|  |TAMS 0x0000000082b00000, 0x0000000082b00000| Untracked 
|  43|0x0000000082b00000, 0x0000000082c00000, 0x0000000082c00000|100%| O|  |TAMS 0x0000000082c00000, 0x0000000082c00000| Untracked 
|  44|0x0000000082c00000, 0x0000000082d00000, 0x0000000082d00000|100%| O|  |TAMS 0x0000000082d00000, 0x0000000082d00000| Untracked 
|  45|0x0000000082d00000, 0x0000000082e00000, 0x0000000082e00000|100%|HS|  |TAMS 0x0000000082e00000, 0x0000000082e00000| Complete 
|  46|0x0000000082e00000, 0x0000000082f00000, 0x0000000082f00000|100%|HC|  |TAMS 0x0000000082f00000, 0x0000000082f00000| Complete 
|  47|0x0000000082f00000, 0x0000000083000000, 0x0000000083000000|100%|HC|  |TAMS 0x0000000083000000, 0x0000000083000000| Complete 
|  48|0x0000000083000000, 0x0000000083100000, 0x0000000083100000|100%|HC|  |TAMS 0x0000000083100000, 0x0000000083100000| Complete 
|  49|0x0000000083100000, 0x0000000083200000, 0x0000000083200000|100%|HC|  |TAMS 0x0000000083200000, 0x0000000083200000| Complete 
|  50|0x0000000083200000, 0x0000000083300000, 0x0000000083300000|100%|HC|  |TAMS 0x0000000083300000, 0x0000000083300000| Complete 
|  51|0x0000000083300000, 0x0000000083400000, 0x0000000083400000|100%|HC|  |TAMS 0x0000000083400000, 0x0000000083400000| Complete 
|  52|0x0000000083400000, 0x0000000083500000, 0x0000000083500000|100%|HC|  |TAMS 0x0000000083500000, 0x0000000083500000| Complete 
|  53|0x0000000083500000, 0x0000000083600000, 0x0000000083600000|100%|HC|  |TAMS 0x0000000083600000, 0x0000000083600000| Complete 
|  54|0x0000000083600000, 0x0000000083700000, 0x0000000083700000|100%|HC|  |TAMS 0x0000000083700000, 0x0000000083700000| Complete 
|  55|0x0000000083700000, 0x0000000083800000, 0x0000000083800000|100%|HC|  |TAMS 0x0000000083800000, 0x0000000083800000| Complete 
|  56|0x0000000083800000, 0x0000000083900000, 0x0000000083900000|100%|HC|  |TAMS 0x0000000083900000, 0x0000000083900000| Complete 
|  57|0x0000000083900000, 0x0000000083a00000, 0x0000000083a00000|100%| O|  |TAMS 0x0000000083a00000, 0x0000000083a00000| Untracked 
|  58|0x0000000083a00000, 0x0000000083b00000, 0x0000000083b00000|100%|HS|  |TAMS 0x0000000083b00000, 0x0000000083b00000| Complete 
|  59|0x0000000083b00000, 0x0000000083c00000, 0x0000000083c00000|100%|HC|  |TAMS 0x0000000083c00000, 0x0000000083c00000| Complete 
|  60|0x0000000083c00000, 0x0000000083d00000, 0x0000000083d00000|100%|HC|  |TAMS 0x0000000083d00000, 0x0000000083d00000| Complete 
|  61|0x0000000083d00000, 0x0000000083e00000, 0x0000000083e00000|100%|HS|  |TAMS 0x0000000083e00000, 0x0000000083e00000| Complete 
|  62|0x0000000083e00000, 0x0000000083f00000, 0x0000000083f00000|100%|HC|  |TAMS 0x0000000083f00000, 0x0000000083f00000| Complete 
|  63|0x0000000083f00000, 0x0000000084000000, 0x0000000084000000|100%|HC|  |TAMS 0x0000000084000000, 0x0000000084000000| Complete 
|  64|0x0000000084000000, 0x0000000084100000, 0x0000000084100000|100%| O|  |TAMS 0x0000000084100000, 0x0000000084100000| Untracked 
|  65|0x0000000084100000, 0x0000000084200000, 0x0000000084200000|100%| O|  |TAMS 0x0000000084200000, 0x0000000084200000| Untracked 
|  66|0x0000000084200000, 0x0000000084300000, 0x0000000084300000|100%| O|  |TAMS 0x0000000084300000, 0x0000000084300000| Untracked 
|  67|0x0000000084300000, 0x0000000084400000, 0x0000000084400000|100%| O|  |TAMS 0x0000000084400000, 0x0000000084400000| Untracked 
|  68|0x0000000084400000, 0x0000000084500000, 0x0000000084500000|100%| O|  |TAMS 0x0000000084500000, 0x0000000084500000| Untracked 
|  69|0x0000000084500000, 0x0000000084600000, 0x0000000084600000|100%| O|  |TAMS 0x0000000084600000, 0x0000000084600000| Untracked 
|  70|0x0000000084600000, 0x0000000084700000, 0x0000000084700000|100%| O|  |TAMS 0x0000000084700000, 0x0000000084700000| Untracked 
|  71|0x0000000084700000, 0x0000000084800000, 0x0000000084800000|100%| O|  |TAMS 0x0000000084800000, 0x0000000084800000| Untracked 
|  72|0x0000000084800000, 0x0000000084900000, 0x0000000084900000|100%| O|  |TAMS 0x0000000084900000, 0x0000000084900000| Untracked 
|  73|0x0000000084900000, 0x0000000084a00000, 0x0000000084a00000|100%|HS|  |TAMS 0x0000000084a00000, 0x0000000084a00000| Complete 
|  74|0x0000000084a00000, 0x0000000084b00000, 0x0000000084b00000|100%|HS|  |TAMS 0x0000000084b00000, 0x0000000084b00000| Complete 
|  75|0x0000000084b00000, 0x0000000084c00000, 0x0000000084c00000|100%|HS|  |TAMS 0x0000000084c00000, 0x0000000084c00000| Complete 
|  76|0x0000000084c00000, 0x0000000084d00000, 0x0000000084d00000|100%|HC|  |TAMS 0x0000000084d00000, 0x0000000084d00000| Complete 
|  77|0x0000000084d00000, 0x0000000084e00000, 0x0000000084e00000|100%|HS|  |TAMS 0x0000000084e00000, 0x0000000084e00000| Complete 
|  78|0x0000000084e00000, 0x0000000084f00000, 0x0000000084f00000|100%|HS|  |TAMS 0x0000000084f00000, 0x0000000084f00000| Complete 
|  79|0x0000000084f00000, 0x0000000085000000, 0x0000000085000000|100%|HC|  |TAMS 0x0000000085000000, 0x0000000085000000| Complete 
|  80|0x0000000085000000, 0x0000000085100000, 0x0000000085100000|100%|HC|  |TAMS 0x0000000085100000, 0x0000000085100000| Complete 
|  81|0x0000000085100000, 0x0000000085200000, 0x0000000085200000|100%|HC|  |TAMS 0x0000000085200000, 0x0000000085200000| Complete 
|  82|0x0000000085200000, 0x0000000085300000, 0x0000000085300000|100%| O|  |TAMS 0x0000000085300000, 0x0000000085300000| Untracked 
|  83|0x0000000085300000, 0x0000000085400000, 0x0000000085400000|100%| O|  |TAMS 0x0000000085400000, 0x0000000085400000| Untracked 
|  84|0x0000000085400000, 0x0000000085500000, 0x0000000085500000|100%| O|  |TAMS 0x0000000085500000, 0x0000000085500000| Untracked 
|  85|0x0000000085500000, 0x0000000085600000, 0x0000000085600000|100%| O|  |TAMS 0x0000000085600000, 0x0000000085600000| Untracked 
|  86|0x0000000085600000, 0x0000000085600000, 0x0000000085700000|  0%| F|  |TAMS 0x0000000085600000, 0x0000000085600000| Untracked 
|  87|0x0000000085700000, 0x0000000085800000, 0x0000000085800000|100%| O|  |TAMS 0x0000000085800000, 0x0000000085800000| Untracked 
|  88|0x0000000085800000, 0x0000000085900000, 0x0000000085900000|100%| O|  |TAMS 0x0000000085900000, 0x0000000085900000| Untracked 
|  89|0x0000000085900000, 0x0000000085a00000, 0x0000000085a00000|100%| O|  |TAMS 0x0000000085a00000, 0x0000000085a00000| Untracked 
|  90|0x0000000085a00000, 0x0000000085b00000, 0x0000000085b00000|100%| O|  |TAMS 0x0000000085b00000, 0x0000000085b00000| Untracked 
|  91|0x0000000085b00000, 0x0000000085c00000, 0x0000000085c00000|100%| O|  |TAMS 0x0000000085c00000, 0x0000000085c00000| Untracked 
|  92|0x0000000085c00000, 0x0000000085d00000, 0x0000000085d00000|100%| O|  |TAMS 0x0000000085d00000, 0x0000000085d00000| Untracked 
|  93|0x0000000085d00000, 0x0000000085e00000, 0x0000000085e00000|100%| O|  |TAMS 0x0000000085e00000, 0x0000000085e00000| Untracked 
|  94|0x0000000085e00000, 0x0000000085f00000, 0x0000000085f00000|100%| O|  |TAMS 0x0000000085f00000, 0x0000000085f00000| Untracked 
|  95|0x0000000085f00000, 0x0000000086000000, 0x0000000086000000|100%| O|  |TAMS 0x0000000086000000, 0x0000000086000000| Untracked 
|  96|0x0000000086000000, 0x0000000086100000, 0x0000000086100000|100%| O|  |TAMS 0x0000000086100000, 0x0000000086100000| Untracked 
|  97|0x0000000086100000, 0x0000000086200000, 0x0000000086200000|100%| O|  |TAMS 0x0000000086200000, 0x0000000086200000| Untracked 
|  98|0x0000000086200000, 0x0000000086300000, 0x0000000086300000|100%| O|  |TAMS 0x0000000086300000, 0x0000000086300000| Untracked 
|  99|0x0000000086300000, 0x0000000086400000, 0x0000000086400000|100%| O|  |TAMS 0x0000000086400000, 0x0000000086400000| Untracked 
| 100|0x0000000086400000, 0x0000000086500000, 0x0000000086500000|100%| O|  |TAMS 0x0000000086500000, 0x0000000086500000| Untracked 
| 101|0x0000000086500000, 0x0000000086600000, 0x0000000086600000|100%| O|  |TAMS 0x0000000086600000, 0x0000000086600000| Untracked 
| 102|0x0000000086600000, 0x0000000086700000, 0x0000000086700000|100%| O|  |TAMS 0x0000000086700000, 0x0000000086700000| Untracked 
| 103|0x0000000086700000, 0x0000000086800000, 0x0000000086800000|100%| O|  |TAMS 0x0000000086800000, 0x0000000086800000| Untracked 
| 104|0x0000000086800000, 0x0000000086900000, 0x0000000086900000|100%| O|  |TAMS 0x0000000086890000, 0x0000000086900000| Untracked 
| 105|0x0000000086900000, 0x0000000086a00000, 0x0000000086a00000|100%| O|  |TAMS 0x0000000086900000, 0x0000000086a00000| Untracked 
| 106|0x0000000086a00000, 0x0000000086b00000, 0x0000000086b00000|100%| O|  |TAMS 0x0000000086a00000, 0x0000000086b00000| Untracked 
| 107|0x0000000086b00000, 0x0000000086c00000, 0x0000000086c00000|100%| O|  |TAMS 0x0000000086b00000, 0x0000000086c00000| Untracked 
| 108|0x0000000086c00000, 0x0000000086d00000, 0x0000000086d00000|100%| O|  |TAMS 0x0000000086c00000, 0x0000000086d00000| Untracked 
| 109|0x0000000086d00000, 0x0000000086e00000, 0x0000000086e00000|100%| O|  |TAMS 0x0000000086d00000, 0x0000000086e00000| Untracked 
| 110|0x0000000086e00000, 0x0000000086f00000, 0x0000000086f00000|100%| O|  |TAMS 0x0000000086e00000, 0x0000000086f00000| Untracked 
| 111|0x0000000086f00000, 0x0000000087000000, 0x0000000087000000|100%| O|  |TAMS 0x0000000086f00000, 0x0000000087000000| Untracked 
| 112|0x0000000087000000, 0x0000000087100000, 0x0000000087100000|100%| O|  |TAMS 0x0000000087000000, 0x0000000087100000| Untracked 
| 113|0x0000000087100000, 0x0000000087200000, 0x0000000087200000|100%| O|  |TAMS 0x0000000087100000, 0x0000000087200000| Untracked 
| 114|0x0000000087200000, 0x0000000087300000, 0x0000000087300000|100%| O|  |TAMS 0x0000000087200000, 0x0000000087300000| Untracked 
| 115|0x0000000087300000, 0x0000000087400000, 0x0000000087400000|100%| O|  |TAMS 0x0000000087300000, 0x0000000087400000| Untracked 
| 116|0x0000000087400000, 0x0000000087500000, 0x0000000087500000|100%| O|  |TAMS 0x0000000087400000, 0x0000000087500000| Untracked 
| 117|0x0000000087500000, 0x0000000087600000, 0x0000000087600000|100%| O|  |TAMS 0x0000000087500000, 0x0000000087600000| Untracked 
| 118|0x0000000087600000, 0x0000000087700000, 0x0000000087700000|100%|HS|  |TAMS 0x0000000087600000, 0x0000000087700000| Complete 
| 119|0x0000000087700000, 0x0000000087800000, 0x0000000087800000|100%|HC|  |TAMS 0x0000000087700000, 0x0000000087800000| Complete 
| 120|0x0000000087800000, 0x0000000087900000, 0x0000000087900000|100%|HS|  |TAMS 0x0000000087800000, 0x0000000087900000| Complete 
| 121|0x0000000087900000, 0x0000000087a00000, 0x0000000087a00000|100%|HC|  |TAMS 0x0000000087900000, 0x0000000087a00000| Complete 
| 122|0x0000000087a00000, 0x0000000087b00000, 0x0000000087b00000|100%|HC|  |TAMS 0x0000000087a00000, 0x0000000087b00000| Complete 
| 123|0x0000000087b00000, 0x0000000087c00000, 0x0000000087c00000|100%|HS|  |TAMS 0x0000000087b00000, 0x0000000087c00000| Complete 
| 124|0x0000000087c00000, 0x0000000087d00000, 0x0000000087d00000|100%|HC|  |TAMS 0x0000000087c00000, 0x0000000087d00000| Complete 
| 125|0x0000000087d00000, 0x0000000087e00000, 0x0000000087e00000|100%|HC|  |TAMS 0x0000000087d00000, 0x0000000087e00000| Complete 
| 126|0x0000000087e00000, 0x0000000087f00000, 0x0000000087f00000|100%|HS|  |TAMS 0x0000000087e00000, 0x0000000087f00000| Complete 
| 127|0x0000000087f00000, 0x0000000088000000, 0x0000000088000000|100%|HC|  |TAMS 0x0000000087f00000, 0x0000000088000000| Complete 
| 128|0x0000000088000000, 0x0000000088100000, 0x0000000088100000|100%|HC|  |TAMS 0x0000000088000000, 0x0000000088100000| Complete 
| 129|0x0000000088100000, 0x0000000088200000, 0x0000000088200000|100%|HC|  |TAMS 0x0000000088100000, 0x0000000088200000| Complete 
| 130|0x0000000088200000, 0x0000000088300000, 0x0000000088300000|100%|HC|  |TAMS 0x0000000088200000, 0x0000000088300000| Complete 
| 131|0x0000000088300000, 0x0000000088400000, 0x0000000088400000|100%|HC|  |TAMS 0x0000000088300000, 0x0000000088400000| Complete 
| 132|0x0000000088400000, 0x0000000088500000, 0x0000000088500000|100%|HC|  |TAMS 0x0000000088400000, 0x0000000088500000| Complete 
| 133|0x0000000088500000, 0x0000000088600000, 0x0000000088600000|100%|HC|  |TAMS 0x0000000088500000, 0x0000000088600000| Complete 
| 134|0x0000000088600000, 0x0000000088700000, 0x0000000088700000|100%|HC|  |TAMS 0x0000000088600000, 0x0000000088700000| Complete 
| 135|0x0000000088700000, 0x0000000088800000, 0x0000000088800000|100%|HC|  |TAMS 0x0000000088700000, 0x0000000088800000| Complete 
| 136|0x0000000088800000, 0x0000000088900000, 0x0000000088900000|100%|HC|  |TAMS 0x0000000088800000, 0x0000000088900000| Complete 
| 137|0x0000000088900000, 0x0000000088a00000, 0x0000000088a00000|100%|HC|  |TAMS 0x0000000088900000, 0x0000000088a00000| Complete 
| 138|0x0000000088a00000, 0x0000000088a00000, 0x0000000088b00000|  0%| F|  |TAMS 0x0000000088a00000, 0x0000000088a00000| Untracked 
| 139|0x0000000088b00000, 0x0000000088b00000, 0x0000000088c00000|  0%| F|  |TAMS 0x0000000088b00000, 0x0000000088b00000| Untracked 
| 140|0x0000000088c00000, 0x0000000088c00000, 0x0000000088d00000|  0%| F|  |TAMS 0x0000000088c00000, 0x0000000088c00000| Untracked 
| 141|0x0000000088d00000, 0x0000000088d00000, 0x0000000088e00000|  0%| F|  |TAMS 0x0000000088d00000, 0x0000000088d00000| Untracked 
| 142|0x0000000088e00000, 0x0000000088e00000, 0x0000000088f00000|  0%| F|  |TAMS 0x0000000088e00000, 0x0000000088e00000| Untracked 
| 143|0x0000000088f00000, 0x0000000088f00000, 0x0000000089000000|  0%| F|  |TAMS 0x0000000088f00000, 0x0000000088f00000| Untracked 
| 144|0x0000000089000000, 0x0000000089000000, 0x0000000089100000|  0%| F|  |TAMS 0x0000000089000000, 0x0000000089000000| Untracked 
| 145|0x0000000089100000, 0x0000000089100000, 0x0000000089200000|  0%| F|  |TAMS 0x0000000089100000, 0x0000000089100000| Untracked 
| 146|0x0000000089200000, 0x0000000089200000, 0x0000000089300000|  0%| F|  |TAMS 0x0000000089200000, 0x0000000089200000| Untracked 
| 147|0x0000000089300000, 0x0000000089300000, 0x0000000089400000|  0%| F|  |TAMS 0x0000000089300000, 0x0000000089300000| Untracked 
| 148|0x0000000089400000, 0x0000000089400000, 0x0000000089500000|  0%| F|  |TAMS 0x0000000089400000, 0x0000000089400000| Untracked 
| 149|0x0000000089500000, 0x0000000089500000, 0x0000000089600000|  0%| F|  |TAMS 0x0000000089500000, 0x0000000089500000| Untracked 
| 150|0x0000000089600000, 0x0000000089600000, 0x0000000089700000|  0%| F|  |TAMS 0x0000000089600000, 0x0000000089600000| Untracked 
| 151|0x0000000089700000, 0x0000000089700000, 0x0000000089800000|  0%| F|  |TAMS 0x0000000089700000, 0x0000000089700000| Untracked 
| 152|0x0000000089800000, 0x0000000089800000, 0x0000000089900000|  0%| F|  |TAMS 0x0000000089800000, 0x0000000089800000| Untracked 
| 153|0x0000000089900000, 0x0000000089900000, 0x0000000089a00000|  0%| F|  |TAMS 0x0000000089900000, 0x0000000089900000| Untracked 
| 154|0x0000000089a00000, 0x0000000089a00000, 0x0000000089b00000|  0%| F|  |TAMS 0x0000000089a00000, 0x0000000089a00000| Untracked 
| 155|0x0000000089b00000, 0x0000000089b00000, 0x0000000089c00000|  0%| F|  |TAMS 0x0000000089b00000, 0x0000000089b00000| Untracked 
| 156|0x0000000089c00000, 0x0000000089c00000, 0x0000000089d00000|  0%| F|  |TAMS 0x0000000089c00000, 0x0000000089c00000| Untracked 
| 157|0x0000000089d00000, 0x0000000089d00000, 0x0000000089e00000|  0%| F|  |TAMS 0x0000000089d00000, 0x0000000089d00000| Untracked 
| 158|0x0000000089e00000, 0x0000000089e00000, 0x0000000089f00000|  0%| F|  |TAMS 0x0000000089e00000, 0x0000000089e00000| Untracked 
| 159|0x0000000089f00000, 0x0000000089f00000, 0x000000008a000000|  0%| F|  |TAMS 0x0000000089f00000, 0x0000000089f00000| Untracked 
| 160|0x000000008a000000, 0x000000008a000000, 0x000000008a100000|  0%| F|  |TAMS 0x000000008a000000, 0x000000008a000000| Untracked 
| 161|0x000000008a100000, 0x000000008a100000, 0x000000008a200000|  0%| F|  |TAMS 0x000000008a100000, 0x000000008a100000| Untracked 
| 162|0x000000008a200000, 0x000000008a200000, 0x000000008a300000|  0%| F|  |TAMS 0x000000008a200000, 0x000000008a200000| Untracked 
| 163|0x000000008a300000, 0x000000008a300000, 0x000000008a400000|  0%| F|  |TAMS 0x000000008a300000, 0x000000008a300000| Untracked 
| 164|0x000000008a400000, 0x000000008a400000, 0x000000008a500000|  0%| F|  |TAMS 0x000000008a400000, 0x000000008a400000| Untracked 
| 165|0x000000008a500000, 0x000000008a500000, 0x000000008a600000|  0%| F|  |TAMS 0x000000008a500000, 0x000000008a500000| Untracked 
| 166|0x000000008a600000, 0x000000008a600000, 0x000000008a700000|  0%| F|  |TAMS 0x000000008a600000, 0x000000008a600000| Untracked 
| 167|0x000000008a700000, 0x000000008a700000, 0x000000008a800000|  0%| F|  |TAMS 0x000000008a700000, 0x000000008a700000| Untracked 
| 168|0x000000008a800000, 0x000000008a800000, 0x000000008a900000|  0%| F|  |TAMS 0x000000008a800000, 0x000000008a800000| Untracked 
| 169|0x000000008a900000, 0x000000008a900000, 0x000000008aa00000|  0%| F|  |TAMS 0x000000008a900000, 0x000000008a900000| Untracked 
| 170|0x000000008aa00000, 0x000000008aa00000, 0x000000008ab00000|  0%| F|  |TAMS 0x000000008aa00000, 0x000000008aa00000| Untracked 
| 171|0x000000008ab00000, 0x000000008ab00000, 0x000000008ac00000|  0%| F|  |TAMS 0x000000008ab00000, 0x000000008ab00000| Untracked 
| 172|0x000000008ac00000, 0x000000008ac00000, 0x000000008ad00000|  0%| F|  |TAMS 0x000000008ac00000, 0x000000008ac00000| Untracked 
| 173|0x000000008ad00000, 0x000000008ad00000, 0x000000008ae00000|  0%| F|  |TAMS 0x000000008ad00000, 0x000000008ad00000| Untracked 
| 174|0x000000008ae00000, 0x000000008ae00000, 0x000000008af00000|  0%| F|  |TAMS 0x000000008ae00000, 0x000000008ae00000| Untracked 
| 175|0x000000008af00000, 0x000000008af00000, 0x000000008b000000|  0%| F|  |TAMS 0x000000008af00000, 0x000000008af00000| Untracked 
| 176|0x000000008b000000, 0x000000008b000000, 0x000000008b100000|  0%| F|  |TAMS 0x000000008b000000, 0x000000008b000000| Untracked 
| 177|0x000000008b100000, 0x000000008b100000, 0x000000008b200000|  0%| F|  |TAMS 0x000000008b100000, 0x000000008b100000| Untracked 
| 178|0x000000008b200000, 0x000000008b200000, 0x000000008b300000|  0%| F|  |TAMS 0x000000008b200000, 0x000000008b200000| Untracked 
| 179|0x000000008b300000, 0x000000008b300000, 0x000000008b400000|  0%| F|  |TAMS 0x000000008b300000, 0x000000008b300000| Untracked 
| 180|0x000000008b400000, 0x000000008b400000, 0x000000008b500000|  0%| F|  |TAMS 0x000000008b400000, 0x000000008b400000| Untracked 
| 181|0x000000008b500000, 0x000000008b500000, 0x000000008b600000|  0%| F|  |TAMS 0x000000008b500000, 0x000000008b500000| Untracked 
| 182|0x000000008b600000, 0x000000008b600000, 0x000000008b700000|  0%| F|  |TAMS 0x000000008b600000, 0x000000008b600000| Untracked 
| 183|0x000000008b700000, 0x000000008b700000, 0x000000008b800000|  0%| F|  |TAMS 0x000000008b700000, 0x000000008b700000| Untracked 
| 184|0x000000008b800000, 0x000000008b800000, 0x000000008b900000|  0%| F|  |TAMS 0x000000008b800000, 0x000000008b800000| Untracked 
| 185|0x000000008b900000, 0x000000008b900000, 0x000000008ba00000|  0%| F|  |TAMS 0x000000008b900000, 0x000000008b900000| Untracked 
| 186|0x000000008ba00000, 0x000000008ba00000, 0x000000008bb00000|  0%| F|  |TAMS 0x000000008ba00000, 0x000000008ba00000| Untracked 
| 187|0x000000008bb00000, 0x000000008bb00000, 0x000000008bc00000|  0%| F|  |TAMS 0x000000008bb00000, 0x000000008bb00000| Untracked 
| 188|0x000000008bc00000, 0x000000008bc00000, 0x000000008bd00000|  0%| F|  |TAMS 0x000000008bc00000, 0x000000008bc00000| Untracked 
| 189|0x000000008bd00000, 0x000000008bd00000, 0x000000008be00000|  0%| F|  |TAMS 0x000000008bd00000, 0x000000008bd00000| Untracked 
| 190|0x000000008be00000, 0x000000008be00000, 0x000000008bf00000|  0%| F|  |TAMS 0x000000008be00000, 0x000000008be00000| Untracked 
| 191|0x000000008bf00000, 0x000000008bf00000, 0x000000008c000000|  0%| F|  |TAMS 0x000000008bf00000, 0x000000008bf00000| Untracked 
| 192|0x000000008c000000, 0x000000008c000000, 0x000000008c100000|  0%| F|  |TAMS 0x000000008c000000, 0x000000008c000000| Untracked 
| 193|0x000000008c100000, 0x000000008c100000, 0x000000008c200000|  0%| F|  |TAMS 0x000000008c100000, 0x000000008c100000| Untracked 
| 194|0x000000008c200000, 0x000000008c200000, 0x000000008c300000|  0%| F|  |TAMS 0x000000008c200000, 0x000000008c200000| Untracked 
| 195|0x000000008c300000, 0x000000008c300000, 0x000000008c400000|  0%| F|  |TAMS 0x000000008c300000, 0x000000008c300000| Untracked 
| 196|0x000000008c400000, 0x000000008c400000, 0x000000008c500000|  0%| F|  |TAMS 0x000000008c400000, 0x000000008c400000| Untracked 
| 197|0x000000008c500000, 0x000000008c500000, 0x000000008c600000|  0%| F|  |TAMS 0x000000008c500000, 0x000000008c500000| Untracked 
| 198|0x000000008c600000, 0x000000008c654cc0, 0x000000008c700000| 33%| S|CS|TAMS 0x000000008c600000, 0x000000008c600000| Complete 
| 199|0x000000008c700000, 0x000000008c800000, 0x000000008c800000|100%| S|CS|TAMS 0x000000008c700000, 0x000000008c700000| Complete 
| 200|0x000000008c800000, 0x000000008c900000, 0x000000008c900000|100%| S|CS|TAMS 0x000000008c800000, 0x000000008c800000| Complete 
| 201|0x000000008c900000, 0x000000008ca00000, 0x000000008ca00000|100%| S|CS|TAMS 0x000000008c900000, 0x000000008c900000| Complete 
| 202|0x000000008ca00000, 0x000000008ca00000, 0x000000008cb00000|  0%| F|  |TAMS 0x000000008ca00000, 0x000000008ca00000| Untracked 
| 203|0x000000008cb00000, 0x000000008cb00000, 0x000000008cc00000|  0%| F|  |TAMS 0x000000008cb00000, 0x000000008cb00000| Untracked 
| 204|0x000000008cc00000, 0x000000008cc00000, 0x000000008cd00000|  0%| F|  |TAMS 0x000000008cc00000, 0x000000008cc00000| Untracked 
| 205|0x000000008cd00000, 0x000000008cd00000, 0x000000008ce00000|  0%| F|  |TAMS 0x000000008cd00000, 0x000000008cd00000| Untracked 
| 206|0x000000008ce00000, 0x000000008ce00000, 0x000000008cf00000|  0%| F|  |TAMS 0x000000008ce00000, 0x000000008ce00000| Untracked 
| 207|0x000000008cf00000, 0x000000008cf00000, 0x000000008d000000|  0%| F|  |TAMS 0x000000008cf00000, 0x000000008cf00000| Untracked 
| 208|0x000000008d000000, 0x000000008d000000, 0x000000008d100000|  0%| F|  |TAMS 0x000000008d000000, 0x000000008d000000| Untracked 
| 209|0x000000008d100000, 0x000000008d100000, 0x000000008d200000|  0%| F|  |TAMS 0x000000008d100000, 0x000000008d100000| Untracked 
| 210|0x000000008d200000, 0x000000008d200000, 0x000000008d300000|  0%| F|  |TAMS 0x000000008d200000, 0x000000008d200000| Untracked 

Card table byte_map: [0x00000111a84e0000,0x00000111a88e0000] _byte_map_base: 0x00000111a80e0000

Marking Bits (Prev, Next): (CMBitMap*) 0x0000011195947f80, (CMBitMap*) 0x0000011195947fc0
 Prev Bits: [0x00000111a8ce0000, 0x00000111aace0000)
 Next Bits: [0x00000111aace0000, 0x00000111acce0000)

Polling page: 0x0000011193830000

Metaspace:

Usage:
  Non-class:     76.90 MB used.
      Class:     11.92 MB used.
       Both:     88.82 MB used.

Virtual space:
  Non-class space:       80.00 MB reserved,      77.31 MB ( 97%) committed,  10 nodes.
      Class space:        1.00 GB reserved,      12.25 MB (  1%) committed,  1 nodes.
             Both:        1.08 GB reserved,      89.56 MB (  8%) committed. 

Chunk freelists:
   Non-Class:  1.84 MB
       Class:  3.72 MB
        Both:  5.56 MB

MaxMetaspaceSize: unlimited
CompressedClassSpaceSize: 1.00 GB
Initial GC threshold: 21.00 MB
Current GC threshold: 142.94 MB
CDS: off
MetaspaceReclaimPolicy: balanced
 - commit_granule_bytes: 65536.
 - commit_granule_words: 8192.
 - virtual_space_node_default_size: 1048576.
 - enlarge_chunks_in_place: 1.
 - new_chunks_are_fully_committed: 0.
 - uncommit_free_chunks: 1.
 - use_allocation_guard: 0.
 - handle_deallocations: 1.


Internal statistics:

num_allocs_failed_limit: 3.
num_arena_births: 932.
num_arena_deaths: 0.
num_vsnodes_births: 11.
num_vsnodes_deaths: 0.
num_space_committed: 1432.
num_space_uncommitted: 0.
num_chunks_returned_to_freelist: 3.
num_chunks_taken_from_freelist: 4234.
num_chunk_merges: 3.
num_chunk_splits: 2831.
num_chunks_enlarged: 1974.
num_purges: 0.
num_inconsistent_stats: 0.

CodeHeap 'non-profiled nmethods': size=120000Kb used=4956Kb max_used=5598Kb free=115044Kb
 bounds [0x00000111a0880000, 0x00000111a0e00000, 0x00000111a7db0000]
CodeHeap 'profiled nmethods': size=120000Kb used=14997Kb max_used=16918Kb free=105002Kb
 bounds [0x0000011198db0000, 0x0000011199e40000, 0x00000111a02e0000]
CodeHeap 'non-nmethods': size=5760Kb used=2395Kb max_used=2464Kb free=3364Kb
 bounds [0x00000111a02e0000, 0x00000111a0560000, 0x00000111a0880000]
 total_blobs=9205 nmethods=8291 adapters=826
 compilation: enabled
              stopped_count=0, restarted_count=0
 full_count=0

Compilation events (20 events):
Event: 7.827 Thread 0x00000111b0039fb0 nmethod 9804 0x0000011199362890 code [0x0000011199362a60, 0x0000011199362d98]
Event: 7.829 Thread 0x00000111b0039fb0 9805       3       java.lang.Integer::stringSize (47 bytes)
Event: 7.830 Thread 0x00000111b0039fb0 nmethod 9805 0x0000011198e41990 code [0x0000011198e41b40, 0x0000011198e41d98]
Event: 7.835 Thread 0x00000111b0039fb0 9806       3       jdk.internal.org.objectweb.asm.Frame::getAbstractTypeFromDescriptor (415 bytes)
Event: 7.836 Thread 0x00000111b0039fb0 nmethod 9806 0x00000111991ef890 code [0x00000111991efc40, 0x00000111991f1858]
Event: 7.856 Thread 0x00000111b0039510 nmethod 9697 0x00000111a09f7390 code [0x00000111a09f76a0, 0x00000111a09fa778]
Event: 7.856 Thread 0x00000111b0039510 9752       4       com.esotericsoftware.kryo.io.Input::readInt (6 bytes)
Event: 7.859 Thread 0x00000111b0039510 nmethod 9752 0x00000111a0b54790 code [0x00000111a0b54940, 0x00000111a0b54e08]
Event: 7.859 Thread 0x00000111b0039510 9725       4       java.lang.Long::hashCode (8 bytes)
Event: 7.860 Thread 0x00000111b0039510 nmethod 9725 0x00000111a0c3d210 code [0x00000111a0c3d380, 0x00000111a0c3d418]
Event: 7.860 Thread 0x00000111b0039510 9788       4       org.gradle.internal.Actions$NullAction::execute (1 bytes)
Event: 7.860 Thread 0x00000111b0039510 nmethod 9788 0x00000111a09f7090 code [0x00000111a09f7200, 0x00000111a09f7278]
Event: 7.860 Thread 0x00000111b0039510 9750       4       org.gradle.internal.snapshot.impl.AbstractScalarValueSnapshot::equals (41 bytes)
Event: 7.860 Thread 0x00000111b0039510 nmethod 9750 0x00000111a09f6c10 code [0x00000111a09f6da0, 0x00000111a09f6ed8]
Event: 7.860 Thread 0x00000111b0039510 9724       4       org.gradle.internal.snapshot.impl.StringValueSnapshot::equals (6 bytes)
Event: 7.861 Thread 0x00000111b0039510 nmethod 9724 0x00000111a0a1c610 code [0x00000111a0a1c7a0, 0x00000111a0a1c8d8]
Event: 7.863 Thread 0x00000111b0039510 9807       4       java.nio.ByteBuffer::arrayOffset (35 bytes)
Event: 7.864 Thread 0x00000111b0039510 nmethod 9807 0x00000111a0a1c190 code [0x00000111a0a1c300, 0x00000111a0a1c3b8]
Event: 7.864 Thread 0x00000111b0039fb0 9808       3       jdk.internal.util.jar.JarIndex::getJarIndex (28 bytes)
Event: 7.864 Thread 0x00000111b0039fb0 nmethod 9808 0x0000011198e43e90 code [0x0000011198e440c0, 0x0000011198e44ae8]

GC Heap History (20 events):
Event: 5.013 GC heap after
{Heap after GC invocations=30 (full 0):
 garbage-first heap   total 146432K, used 92980K [0x0000000080000000, 0x0000000100000000)
  region size 1024K, 1 young (1024K), 1 survivors (1024K)
 Metaspace       used 60075K, committed 60736K, reserved 1105920K
  class space    used 8068K, committed 8384K, reserved 1048576K
}
Event: 5.303 GC heap before
{Heap before GC invocations=30 (full 0):
 garbage-first heap   total 146432K, used 118580K [0x0000000080000000, 0x0000000100000000)
  region size 1024K, 26 young (26624K), 1 survivors (1024K)
 Metaspace       used 63931K, committed 64640K, reserved 1105920K
  class space    used 8536K, committed 8832K, reserved 1048576K
}
Event: 5.305 GC heap after
{Heap after GC invocations=31 (full 0):
 garbage-first heap   total 146432K, used 93755K [0x0000000080000000, 0x0000000100000000)
  region size 1024K, 2 young (2048K), 2 survivors (2048K)
 Metaspace       used 63931K, committed 64640K, reserved 1105920K
  class space    used 8536K, committed 8832K, reserved 1048576K
}
Event: 5.558 GC heap before
{Heap before GC invocations=32 (full 0):
 garbage-first heap   total 160768K, used 125499K [0x0000000080000000, 0x0000000100000000)
  region size 1024K, 28 young (28672K), 2 survivors (2048K)
 Metaspace       used 67452K, committed 68224K, reserved 1114112K
  class space    used 8984K, committed 9344K, reserved 1048576K
}
Event: 5.560 GC heap after
{Heap after GC invocations=33 (full 0):
 garbage-first heap   total 160768K, used 97340K [0x0000000080000000, 0x0000000100000000)
  region size 1024K, 4 young (4096K), 4 survivors (4096K)
 Metaspace       used 67452K, committed 68224K, reserved 1114112K
  class space    used 8984K, committed 9344K, reserved 1048576K
}
Event: 5.576 GC heap before
{Heap before GC invocations=33 (full 0):
 garbage-first heap   total 160768K, used 100412K [0x0000000080000000, 0x0000000100000000)
  region size 1024K, 7 young (7168K), 4 survivors (4096K)
 Metaspace       used 67784K, committed 68544K, reserved 1114112K
  class space    used 9050K, committed 9408K, reserved 1048576K
}
Event: 5.578 GC heap after
{Heap after GC invocations=34 (full 0):
 garbage-first heap   total 216064K, used 97444K [0x0000000080000000, 0x0000000100000000)
  region size 1024K, 1 young (1024K), 1 survivors (1024K)
 Metaspace       used 67784K, committed 68544K, reserved 1114112K
  class space    used 9050K, committed 9408K, reserved 1048576K
}
Event: 6.124 GC heap before
{Heap before GC invocations=34 (full 0):
 garbage-first heap   total 216064K, used 158884K [0x0000000080000000, 0x0000000100000000)
  region size 1024K, 61 young (62464K), 1 survivors (1024K)
 Metaspace       used 74080K, committed 74816K, reserved 1114112K
  class space    used 9847K, committed 10176K, reserved 1048576K
}
Event: 6.127 GC heap after
{Heap after GC invocations=35 (full 0):
 garbage-first heap   total 216064K, used 100837K [0x0000000080000000, 0x0000000100000000)
  region size 1024K, 4 young (4096K), 4 survivors (4096K)
 Metaspace       used 74080K, committed 74816K, reserved 1114112K
  class space    used 9847K, committed 10176K, reserved 1048576K
}
Event: 6.637 GC heap before
{Heap before GC invocations=36 (full 0):
 garbage-first heap   total 216064K, used 171493K [0x0000000080000000, 0x0000000100000000)
  region size 1024K, 73 young (74752K), 4 survivors (4096K)
 Metaspace       used 79958K, committed 80640K, reserved 1122304K
  class space    used 10636K, committed 10944K, reserved 1048576K
}
Event: 6.643 GC heap after
{Heap after GC invocations=37 (full 0):
 garbage-first heap   total 216064K, used 106999K [0x0000000080000000, 0x0000000100000000)
  region size 1024K, 10 young (10240K), 10 survivors (10240K)
 Metaspace       used 79958K, committed 80640K, reserved 1122304K
  class space    used 10636K, committed 10944K, reserved 1048576K
}
Event: 6.650 GC heap before
{Heap before GC invocations=37 (full 0):
 garbage-first heap   total 216064K, used 108023K [0x0000000080000000, 0x0000000100000000)
  region size 1024K, 11 young (11264K), 10 survivors (10240K)
 Metaspace       used 80061K, committed 80768K, reserved 1122304K
  class space    used 10651K, committed 11008K, reserved 1048576K
}
Event: 6.655 GC heap after
{Heap after GC invocations=38 (full 0):
 garbage-first heap   total 216064K, used 107478K [0x0000000080000000, 0x0000000100000000)
  region size 1024K, 2 young (2048K), 2 survivors (2048K)
 Metaspace       used 80061K, committed 80768K, reserved 1122304K
  class space    used 10651K, committed 11008K, reserved 1048576K
}
Event: 7.249 GC heap before
{Heap before GC invocations=38 (full 0):
 garbage-first heap   total 216064K, used 171990K [0x0000000080000000, 0x0000000100000000)
  region size 1024K, 65 young (66560K), 2 survivors (2048K)
 Metaspace       used 86989K, committed 87680K, reserved 1130496K
  class space    used 11813K, committed 12160K, reserved 1048576K
}
Event: 7.252 GC heap after
{Heap after GC invocations=39 (full 0):
 garbage-first heap   total 216064K, used 110356K [0x0000000080000000, 0x0000000100000000)
  region size 1024K, 5 young (5120K), 5 survivors (5120K)
 Metaspace       used 86989K, committed 87680K, reserved 1130496K
  class space    used 11813K, committed 12160K, reserved 1048576K
}
Event: 7.749 GC heap before
{Heap before GC invocations=40 (full 0):
 garbage-first heap   total 216064K, used 173844K [0x0000000080000000, 0x0000000100000000)
  region size 1024K, 67 young (68608K), 5 survivors (5120K)
 Metaspace       used 90060K, committed 90816K, reserved 1130496K
  class space    used 12098K, committed 12416K, reserved 1048576K
}
Event: 7.757 GC heap after
{Heap after GC invocations=41 (full 0):
 garbage-first heap   total 216064K, used 120074K [0x0000000080000000, 0x0000000100000000)
  region size 1024K, 9 young (9216K), 9 survivors (9216K)
 Metaspace       used 90060K, committed 90816K, reserved 1130496K
  class space    used 12098K, committed 12416K, reserved 1048576K
}
Event: 7.772 GC heap before
{Heap before GC invocations=41 (full 0):
 garbage-first heap   total 216064K, used 121098K [0x0000000080000000, 0x0000000100000000)
  region size 1024K, 10 young (10240K), 9 survivors (9216K)
 Metaspace       used 90089K, committed 90816K, reserved 1130496K
  class space    used 12098K, committed 12416K, reserved 1048576K
}
Event: 7.777 GC heap after
{Heap after GC invocations=42 (full 0):
 garbage-first heap   total 216064K, used 120832K [0x0000000080000000, 0x0000000100000000)
  region size 1024K, 1 young (1024K), 1 survivors (1024K)
 Metaspace       used 90089K, committed 90816K, reserved 1130496K
  class space    used 12098K, committed 12416K, reserved 1048576K
}
Event: 7.876 GC heap before
{Heap before GC invocations=42 (full 0):
 garbage-first heap   total 216064K, used 147456K [0x0000000080000000, 0x0000000100000000)
  region size 1024K, 9 young (9216K), 1 survivors (1024K)
 Metaspace       used 90953K, committed 91712K, reserved 1130496K
  class space    used 12210K, committed 12544K, reserved 1048576K
}

Dll operation events (2 events):
Event: 0.006 Loaded shared library C:\Program Files\Android\Android Studio\jbr\bin\java.dll
Event: 0.258 Loaded shared library C:\Program Files\Android\Android Studio\jbr\bin\verify.dll

Deoptimization events (20 events):
Event: 7.811 Thread 0x00000111b2a07850 Uncommon trap: trap_request=0xffffffc6 fr.pc=0x00000111a0dae8a4 relative=0x0000000000000be4
Event: 7.811 Thread 0x00000111b2a07850 Uncommon trap: reason=bimorphic_or_optimized_type_check action=maybe_recompile pc=0x00000111a0dae8a4 method=com.google.common.collect.ImmutableCollection$Builder.addAll(Ljava/lang/Iterable;)Lcom/google/common/collect/ImmutableCollection$Builder; @ 1 c2
Event: 7.811 Thread 0x00000111b2a07850 DEOPT PACKING pc=0x00000111a0dae8a4 sp=0x00000007e8ffb980
Event: 7.811 Thread 0x00000111b2a07850 DEOPT UNPACKING pc=0x00000111a033a1a3 sp=0x00000007e8ffb980 mode 2
Event: 7.815 Thread 0x00000111b2a07850 Uncommon trap: trap_request=0xffffff45 fr.pc=0x00000111a09b3d78 relative=0x00000000000007b8
Event: 7.815 Thread 0x00000111b2a07850 Uncommon trap: reason=unstable_if action=reinterpret pc=0x00000111a09b3d78 method=java.lang.Integer.stringSize(I)I @ 3 c2
Event: 7.815 Thread 0x00000111b2a07850 DEOPT PACKING pc=0x00000111a09b3d78 sp=0x00000007e8ffc640
Event: 7.815 Thread 0x00000111b2a07850 DEOPT UNPACKING pc=0x00000111a033a1a3 sp=0x00000007e8ffc590 mode 2
Event: 7.815 Thread 0x00000111b2a07850 Uncommon trap: trap_request=0xffffff45 fr.pc=0x00000111a09b4d2c relative=0x000000000000028c
Event: 7.815 Thread 0x00000111b2a07850 Uncommon trap: reason=unstable_if action=reinterpret pc=0x00000111a09b4d2c method=java.lang.Integer.getChars(II[B)I @ 4 c2
Event: 7.815 Thread 0x00000111b2a07850 DEOPT PACKING pc=0x00000111a09b4d2c sp=0x00000007e8ffc5e0
Event: 7.815 Thread 0x00000111b2a07850 DEOPT UNPACKING pc=0x00000111a033a1a3 sp=0x00000007e8ffc570 mode 2
Event: 7.817 Thread 0x00000111b2a07850 Uncommon trap: trap_request=0xffffff45 fr.pc=0x00000111a09b3318 relative=0x0000000000000098
Event: 7.817 Thread 0x00000111b2a07850 Uncommon trap: reason=unstable_if action=reinterpret pc=0x00000111a09b3318 method=java.lang.Integer.stringSize(I)I @ 3 c2
Event: 7.817 Thread 0x00000111b2a07850 DEOPT PACKING pc=0x00000111a09b3318 sp=0x00000007e8ffc550
Event: 7.817 Thread 0x00000111b2a07850 DEOPT UNPACKING pc=0x00000111a033a1a3 sp=0x00000007e8ffc4d8 mode 2
Event: 7.835 Thread 0x00000111b2a07850 Uncommon trap: trap_request=0xffffff45 fr.pc=0x00000111a0b675e4 relative=0x0000000000001204
Event: 7.835 Thread 0x00000111b2a07850 Uncommon trap: reason=unstable_if action=reinterpret pc=0x00000111a0b675e4 method=jdk.internal.org.objectweb.asm.Frame.getAbstractTypeFromDescriptor(Ljdk/internal/org/objectweb/asm/SymbolTable;Ljava/lang/String;I)I @ 189 c2
Event: 7.835 Thread 0x00000111b2a07850 DEOPT PACKING pc=0x00000111a0b675e4 sp=0x00000007e8ffbca0
Event: 7.835 Thread 0x00000111b2a07850 DEOPT UNPACKING pc=0x00000111a033a1a3 sp=0x00000007e8ffbc60 mode 2

Classes unloaded (0 events):
No events

Classes redefined (0 events):
No events

Internal exceptions (20 events):
Event: 6.134 Thread 0x00000111b2a07850 Exception <a 'java/lang/ClassNotFoundException'{0x000000008d2d1058}: org/jetbrains/kotlin/gradle/targets/js/npm/DefaultPeerNpmDependencyExtension$delegate$1BeanInfo> (0x000000008d2d1058) 
thrown [s\src\hotspot\share\classfile\systemDictionary.cpp, line 256]
Event: 6.134 Thread 0x00000111b2a07850 Exception <a 'java/lang/ClassNotFoundException'{0x000000008d2dc8d8}: org/jetbrains/kotlin/gradle/targets/js/npm/DefaultPeerNpmDependencyExtension$delegate$1Customizer> (0x000000008d2dc8d8) 
thrown [s\src\hotspot\share\classfile\systemDictionary.cpp, line 256]
Event: 6.959 Thread 0x00000111b2a07850 Exception <a 'java/lang/NoSuchMethodError'{0x000000008ae8ca30}: 'int java.lang.invoke.DirectMethodHandle$Holder.invokeSpecialIFC(java.lang.Object, java.lang.Object, java.lang.Object, java.lang.Object, java.lang.Object)'> (0x000000008ae8ca30) 
thrown [s\src\hotspot\share\interpreter\linkResolver.cpp, line 771]
Event: 7.107 Thread 0x00000111b2a07850 Exception <a 'java/lang/ClassNotFoundException'{0x000000008a1cd778}: com/android/build/gradle/internal/api/ApkVariantOutputImpl_DecoratedBeanInfo> (0x000000008a1cd778) 
thrown [s\src\hotspot\share\classfile\systemDictionary.cpp, line 256]
Event: 7.107 Thread 0x00000111b2a07850 Exception <a 'java/lang/ClassNotFoundException'{0x000000008a1db158}: com/android/build/gradle/internal/api/ApkVariantOutputImplBeanInfo> (0x000000008a1db158) 
thrown [s\src\hotspot\share\classfile\systemDictionary.cpp, line 256]
Event: 7.107 Thread 0x00000111b2a07850 Exception <a 'java/lang/ClassNotFoundException'{0x000000008a1e8b48}: com/android/build/gradle/internal/api/BaseVariantOutputImplBeanInfo> (0x000000008a1e8b48) 
thrown [s\src\hotspot\share\classfile\systemDictionary.cpp, line 256]
Event: 7.107 Thread 0x00000111b2a07850 Exception <a 'java/lang/ClassNotFoundException'{0x000000008a1f6510}: com/android/build/gradle/internal/api/BaseVariantOutputImplCustomizer> (0x000000008a1f6510) 
thrown [s\src\hotspot\share\classfile\systemDictionary.cpp, line 256]
Event: 7.108 Thread 0x00000111b2a07850 Exception <a 'java/lang/ClassNotFoundException'{0x000000008a017280}: com/android/build/gradle/internal/api/ApkVariantOutputImplCustomizer> (0x000000008a017280) 
thrown [s\src\hotspot\share\classfile\systemDictionary.cpp, line 256]
Event: 7.109 Thread 0x00000111b2a07850 Exception <a 'java/lang/ClassNotFoundException'{0x000000008a032b90}: com/android/build/gradle/internal/api/ApkVariantOutputImpl_DecoratedCustomizer> (0x000000008a032b90) 
thrown [s\src\hotspot\share\classfile\systemDictionary.cpp, line 256]
Event: 7.149 Thread 0x00000111b2a07850 Exception <a 'java/lang/ClassNotFoundException'{0x0000000089caf670}: com/android/build/gradle/internal/api/ReadOnlyBuildTypeBeanInfo> (0x0000000089caf670) 
thrown [s\src\hotspot\share\classfile\systemDictionary.cpp, line 256]
Event: 7.149 Thread 0x00000111b2a07850 Exception <a 'java/lang/ClassNotFoundException'{0x0000000089cbdd40}: com/android/build/gradle/internal/api/ReadOnlyBaseConfigBeanInfo> (0x0000000089cbdd40) 
thrown [s\src\hotspot\share\classfile\systemDictionary.cpp, line 256]
Event: 7.149 Thread 0x00000111b2a07850 Exception <a 'java/lang/ClassNotFoundException'{0x0000000089ccb990}: com/android/build/gradle/internal/api/ReadOnlyBaseConfigCustomizer> (0x0000000089ccb990) 
thrown [s\src\hotspot\share\classfile\systemDictionary.cpp, line 256]
Event: 7.150 Thread 0x00000111b2a07850 Exception <a 'java/lang/ClassNotFoundException'{0x0000000089ce9ee0}: com/android/build/gradle/internal/api/ReadOnlyBuildTypeCustomizer> (0x0000000089ce9ee0) 
thrown [s\src\hotspot\share\classfile\systemDictionary.cpp, line 256]
Event: 7.634 Thread 0x00000111b2a07850 Implicit null exception at 0x00000111a0d870da to 0x00000111a0d8783c
Event: 7.634 Thread 0x00000111b2a07850 Implicit null exception at 0x00000111a0d61bdb to 0x00000111a0d61c64
Event: 7.634 Thread 0x00000111b2a07850 Implicit null exception at 0x00000111a0d870da to 0x00000111a0d8783c
Event: 7.691 Thread 0x00000111b2a07850 Implicit null exception at 0x00000111a0d870da to 0x00000111a0d8783c
Event: 7.692 Thread 0x00000111b2a07850 Implicit null exception at 0x00000111a0d870da to 0x00000111a0d8783c
Event: 7.706 Thread 0x00000111b2a07850 Exception <a 'java/lang/NoSuchMethodError'{0x0000000089860888}: static Lcom/android/build/gradle/internal/profile/ProjectData;.<clinit>()V> (0x0000000089860888) 
thrown [s\src\hotspot\share\prims\jni.cpp, line 1108]
Event: 7.727 Thread 0x00000111b2a07850 Exception <a 'sun/nio/fs/WindowsException'{0x000000008967e710}> (0x000000008967e710) 
thrown [s\src\hotspot\share\prims\jni.cpp, line 517]

VM Operations (20 events):
Event: 7.474 Executing VM operation: ICBufferFull done
Event: 7.596 Executing VM operation: HandshakeAllThreads
Event: 7.596 Executing VM operation: HandshakeAllThreads done
Event: 7.727 Executing VM operation: HandshakeAllThreads
Event: 7.727 Executing VM operation: HandshakeAllThreads done
Event: 7.728 Executing VM operation: HandshakeAllThreads
Event: 7.728 Executing VM operation: HandshakeAllThreads done
Event: 7.746 Executing VM operation: ICBufferFull
Event: 7.746 Executing VM operation: ICBufferFull done
Event: 7.747 Executing VM operation: HandshakeAllThreads
Event: 7.747 Executing VM operation: HandshakeAllThreads done
Event: 7.749 Executing VM operation: G1CollectForAllocation
Event: 7.757 Executing VM operation: G1CollectForAllocation done
Event: 7.769 Executing VM operation: HandshakeAllThreads
Event: 7.769 Executing VM operation: HandshakeAllThreads done
Event: 7.772 Executing VM operation: G1CollectForAllocation
Event: 7.777 Executing VM operation: G1CollectForAllocation done
Event: 7.804 Executing VM operation: HandshakeAllThreads
Event: 7.804 Executing VM operation: HandshakeAllThreads done
Event: 7.876 Executing VM operation: G1TryInitiateConcMark

Events (20 events):
Event: 7.780 Thread 0x00000111b003a9a0 flushing nmethod 0x0000011199b9cc10
Event: 7.780 Thread 0x00000111b003a9a0 flushing nmethod 0x0000011199bb3a10
Event: 7.780 Thread 0x00000111b003a9a0 flushing nmethod 0x0000011199bc9a90
Event: 7.780 Thread 0x00000111b003a9a0 flushing nmethod 0x0000011199bfd610
Event: 7.780 Thread 0x00000111b003a9a0 flushing nmethod 0x0000011199c01e90
Event: 7.780 Thread 0x00000111b003a9a0 flushing nmethod 0x0000011199c31510
Event: 7.781 Thread 0x00000111b003a9a0 flushing nmethod 0x0000011199c7d410
Event: 7.781 Thread 0x00000111b003a9a0 flushing nmethod 0x0000011199d1e510
Event: 7.781 Thread 0x00000111b003a9a0 flushing nmethod 0x0000011199d4f610
Event: 7.781 Thread 0x00000111b003a9a0 flushing nmethod 0x0000011199d87b90
Event: 7.781 Thread 0x00000111b003a9a0 flushing nmethod 0x0000011199dc7b10
Event: 7.781 Thread 0x00000111b003a9a0 flushing nmethod 0x0000011199dd1c90
Event: 7.781 Thread 0x00000111b003a9a0 flushing nmethod 0x0000011199dd2490
Event: 7.781 Thread 0x00000111b003a9a0 flushing nmethod 0x0000011199de4c90
Event: 7.781 Thread 0x00000111b003a9a0 flushing nmethod 0x0000011199dec290
Event: 7.781 Thread 0x00000111b003a9a0 flushing nmethod 0x0000011199e18a90
Event: 7.803 loading class java/util/AbstractList$ListItr
Event: 7.803 loading class java/util/AbstractList$ListItr done
Event: 7.819 loading class java/io/NotSerializableException
Event: 7.820 loading class java/io/NotSerializableException done


Dynamic libraries:
0x00007ff69eb80000 - 0x00007ff69eb8a000 	C:\Program Files\Android\Android Studio\jbr\bin\java.exe
0x00007ff9dfd70000 - 0x00007ff9dff87000 	C:\WINDOWS\SYSTEM32\ntdll.dll
0x00007ff9dee90000 - 0x00007ff9def54000 	C:\WINDOWS\System32\KERNEL32.DLL
0x00007ff9dd0e0000 - 0x00007ff9dd485000 	C:\WINDOWS\System32\KERNELBASE.dll
0x00007ff9dd5e0000 - 0x00007ff9dd6f1000 	C:\WINDOWS\System32\ucrtbase.dll
0x00007ff9af380000 - 0x00007ff9af397000 	C:\Program Files\Android\Android Studio\jbr\bin\jli.dll
0x00007ff9ba020000 - 0x00007ff9ba03b000 	C:\Program Files\Android\Android Studio\jbr\bin\VCRUNTIME140.dll
0x00007ff9de860000 - 0x00007ff9dea0e000 	C:\WINDOWS\System32\USER32.dll
0x00007ff9dd5b0000 - 0x00007ff9dd5d6000 	C:\WINDOWS\System32\win32u.dll
0x00007ff9c0720000 - 0x00007ff9c09b3000 	C:\WINDOWS\WinSxS\amd64_microsoft.windows.common-controls_6595b64144ccf1df_6.0.22621.2506_none_270c5ae97388e100\COMCTL32.dll
0x00007ff9df360000 - 0x00007ff9df389000 	C:\WINDOWS\System32\GDI32.dll
0x00007ff9df120000 - 0x00007ff9df1c7000 	C:\WINDOWS\System32\msvcrt.dll
0x00007ff9dd490000 - 0x00007ff9dd5a9000 	C:\WINDOWS\System32\gdi32full.dll
0x00007ff9dd9b0000 - 0x00007ff9dda4a000 	C:\WINDOWS\System32\msvcp_win.dll
0x00007ff9de720000 - 0x00007ff9de751000 	C:\WINDOWS\System32\IMM32.DLL
0x00007ff9c8b40000 - 0x00007ff9c8b4c000 	C:\Program Files\Android\Android Studio\jbr\bin\vcruntime140_1.dll
0x00007ff9b8a90000 - 0x00007ff9b8b1d000 	C:\Program Files\Android\Android Studio\jbr\bin\msvcp140.dll
0x00007ff997f00000 - 0x00007ff998b6e000 	C:\Program Files\Android\Android Studio\jbr\bin\server\jvm.dll
0x00007ff9ddb20000 - 0x00007ff9ddbd1000 	C:\WINDOWS\System32\ADVAPI32.dll
0x00007ff9df390000 - 0x00007ff9df436000 	C:\WINDOWS\System32\sechost.dll
0x00007ff9dfc10000 - 0x00007ff9dfd27000 	C:\WINDOWS\System32\RPCRT4.dll
0x00007ff9d59c0000 - 0x00007ff9d59f4000 	C:\WINDOWS\SYSTEM32\WINMM.dll
0x00007ff9d7f20000 - 0x00007ff9d7f29000 	C:\WINDOWS\SYSTEM32\WSOCK32.dll
0x00007ff9d3c70000 - 0x00007ff9d3c7a000 	C:\WINDOWS\SYSTEM32\VERSION.dll
0x00007ff9df2b0000 - 0x00007ff9df321000 	C:\WINDOWS\System32\WS2_32.dll
0x00007ff9dc080000 - 0x00007ff9dc098000 	C:\WINDOWS\SYSTEM32\kernel.appcore.dll
0x00007ff9d5b30000 - 0x00007ff9d5b3a000 	C:\Program Files\Android\Android Studio\jbr\bin\jimage.dll
0x00007ff9da910000 - 0x00007ff9dab43000 	C:\WINDOWS\SYSTEM32\DBGHELP.DLL
0x00007ff9dea10000 - 0x00007ff9ded99000 	C:\WINDOWS\System32\combase.dll
0x00007ff9df1d0000 - 0x00007ff9df2a7000 	C:\WINDOWS\System32\OLEAUT32.dll
0x00007ff9cb1a0000 - 0x00007ff9cb1d2000 	C:\WINDOWS\SYSTEM32\dbgcore.DLL
0x00007ff9dd930000 - 0x00007ff9dd9aa000 	C:\WINDOWS\System32\bcryptPrimitives.dll
0x00007ff9ba040000 - 0x00007ff9ba065000 	C:\Program Files\Android\Android Studio\jbr\bin\java.dll
0x00007ff9b9490000 - 0x00007ff9b94a8000 	C:\Program Files\Android\Android Studio\jbr\bin\zip.dll
0x00007ff9ddda0000 - 0x00007ff9de5f9000 	C:\WINDOWS\System32\SHELL32.dll
0x00007ff9db100000 - 0x00007ff9db9f4000 	C:\WINDOWS\SYSTEM32\windows.storage.dll
0x00007ff9dafc0000 - 0x00007ff9db0fe000 	C:\WINDOWS\SYSTEM32\wintypes.dll
0x00007ff9de760000 - 0x00007ff9de853000 	C:\WINDOWS\System32\SHCORE.dll
0x00007ff9de6c0000 - 0x00007ff9de71e000 	C:\WINDOWS\System32\shlwapi.dll
0x00007ff9dd010000 - 0x00007ff9dd036000 	C:\WINDOWS\SYSTEM32\profapi.dll
0x00007ff9af7c0000 - 0x00007ff9af7d9000 	C:\Program Files\Android\Android Studio\jbr\bin\net.dll
0x00007ff9d7350000 - 0x00007ff9d7487000 	C:\WINDOWS\SYSTEM32\WINHTTP.dll
0x00007ff9dc560000 - 0x00007ff9dc5c9000 	C:\WINDOWS\system32\mswsock.dll
0x00007ff9af540000 - 0x00007ff9af556000 	C:\Program Files\Android\Android Studio\jbr\bin\nio.dll
0x00007ff9c0c00000 - 0x00007ff9c0c10000 	C:\Program Files\Android\Android Studio\jbr\bin\verify.dll
0x00007ff9ba140000 - 0x00007ff9ba167000 	C:\Users\User\.gradle\native\68d5fa5c4cc2d200863cafc0d521ce42e7d3e7ee720ec0a83991735586a16f82\windows-amd64\native-platform.dll
0x00007ff9b8940000 - 0x00007ff9b8a84000 	C:\Users\User\.gradle\native\e376f236ea51e6404a007f0833ffe2c6e607c4080706a723a18a27aeea778392\windows-amd64\native-platform-file-events.dll
0x00007ff9bf220000 - 0x00007ff9bf229000 	C:\Program Files\Android\Android Studio\jbr\bin\management.dll
0x00007ff9b8420000 - 0x00007ff9b842b000 	C:\Program Files\Android\Android Studio\jbr\bin\management_ext.dll
0x00007ff9df8c0000 - 0x00007ff9df8c8000 	C:\WINDOWS\System32\PSAPI.DLL
0x00007ff9dc830000 - 0x00007ff9dc84b000 	C:\WINDOWS\SYSTEM32\CRYPTSP.dll
0x00007ff9dc040000 - 0x00007ff9dc075000 	C:\WINDOWS\system32\rsaenh.dll
0x00007ff9dc650000 - 0x00007ff9dc67c000 	C:\WINDOWS\SYSTEM32\USERENV.dll
0x00007ff9dca80000 - 0x00007ff9dcaa8000 	C:\WINDOWS\SYSTEM32\bcrypt.dll
0x00007ff9dc7b0000 - 0x00007ff9dc7bc000 	C:\WINDOWS\SYSTEM32\CRYPTBASE.dll
0x00007ff9dbb50000 - 0x00007ff9dbb7d000 	C:\WINDOWS\SYSTEM32\IPHLPAPI.DLL
0x00007ff9ddc00000 - 0x00007ff9ddc09000 	C:\WINDOWS\System32\NSI.dll
0x00007ff9d54b0000 - 0x00007ff9d54c9000 	C:\WINDOWS\SYSTEM32\dhcpcsvc6.DLL
0x00007ff9d5490000 - 0x00007ff9d54af000 	C:\WINDOWS\SYSTEM32\dhcpcsvc.DLL
0x00007ff9dbb80000 - 0x00007ff9dbc79000 	C:\WINDOWS\SYSTEM32\DNSAPI.dll
0x00007ff9af630000 - 0x00007ff9af638000 	C:\WINDOWS\system32\wshunix.dll

dbghelp: loaded successfully - version: 4.0.5 - missing functions: none
symbol engine: initialized successfully - sym options: 0x614 - pdb path: .;C:\Program Files\Android\Android Studio\jbr\bin;C:\WINDOWS\SYSTEM32;C:\WINDOWS\WinSxS\amd64_microsoft.windows.common-controls_6595b64144ccf1df_6.0.22621.2506_none_270c5ae97388e100;C:\Program Files\Android\Android Studio\jbr\bin\server;C:\Users\User\.gradle\native\68d5fa5c4cc2d200863cafc0d521ce42e7d3e7ee720ec0a83991735586a16f82\windows-amd64;C:\Users\User\.gradle\native\e376f236ea51e6404a007f0833ffe2c6e607c4080706a723a18a27aeea778392\windows-amd64

VM Arguments:
jvm_args: --add-opens=java.base/java.util=ALL-UNNAMED --add-opens=java.base/java.lang=ALL-UNNAMED --add-opens=java.base/java.lang.invoke=ALL-UNNAMED --add-opens=java.prefs/java.util.prefs=ALL-UNNAMED --add-opens=java.base/java.nio.charset=ALL-UNNAMED --add-opens=java.base/java.net=ALL-UNNAMED --add-opens=java.base/java.util.concurrent.atomic=ALL-UNNAMED -Xmx2048m -Dfile.encoding=UTF-8 -Duser.country=US -Duser.language=en -Duser.variant 
java_command: org.gradle.launcher.daemon.bootstrap.GradleDaemon 8.0
java_class_path (initial): C:\Users\User\.gradle\wrapper\dists\gradle-8.0-bin\ca5e32bp14vu59qr306oxotwh\gradle-8.0\lib\gradle-launcher-8.0.jar
Launcher Type: SUN_STANDARD

[Global flags]
     intx CICompilerCount                          = 4                                         {product} {ergonomic}
     uint ConcGCThreads                            = 2                                         {product} {ergonomic}
     uint G1ConcRefinementThreads                  = 8                                         {product} {ergonomic}
   size_t G1HeapRegionSize                         = 1048576                                   {product} {ergonomic}
    uintx GCDrainStackTargetSize                   = 64                                        {product} {ergonomic}
   size_t InitialHeapSize                          = 132120576                                 {product} {ergonomic}
   size_t MarkStackSize                            = 4194304                                   {product} {ergonomic}
   size_t MaxHeapSize                              = 2147483648                                {product} {command line}
   size_t MaxNewSize                               = 1287651328                                {product} {ergonomic}
   size_t MinHeapDeltaBytes                        = 1048576                                   {product} {ergonomic}
   size_t MinHeapSize                              = 8388608                                   {product} {ergonomic}
    uintx NonNMethodCodeHeapSize                   = 5839372                                {pd product} {ergonomic}
    uintx NonProfiledCodeHeapSize                  = 122909434                              {pd product} {ergonomic}
    uintx ProfiledCodeHeapSize                     = 122909434                              {pd product} {ergonomic}
    uintx ReservedCodeCacheSize                    = 251658240                              {pd product} {ergonomic}
     bool SegmentedCodeCache                       = true                                      {product} {ergonomic}
   size_t SoftMaxHeapSize                          = 2147483648                             {manageable} {ergonomic}
     bool UseCompressedClassPointers               = true                           {product lp64_product} {ergonomic}
     bool UseCompressedOops                        = true                           {product lp64_product} {ergonomic}
     bool UseG1GC                                  = true                                      {product} {ergonomic}
     bool UseLargePagesIndividualAllocation        = false                                  {pd product} {ergonomic}

Logging:
Log output configuration:
 #0: stdout all=warning uptime,level,tags
 #1: stderr all=off uptime,level,tags

Environment Variables:
JAVA_HOME=C:\Program Files\Java\jdk-20.0.1
PATH=C:\Program Files (x86)\Common Files\Oracle\Java\javapath;C:\Python311\Scripts\;C:\Python311\;C:\Program Files (x86)\Falcon\MinGW\bin;C:\WINDOWS\system32;C:\WINDOWS;C:\WINDOWS\System32\Wbem;C:\WINDOWS\System32\WindowsPowerShell\v1.0\;C:\WINDOWS\System32\OpenSSH\;C:\Program Files\Microsoft SQL Server\130\Tools\Binn\;C:\sqlite3;C:\Program Files (x86)\Microsoft SQL Server\150\DTS\Binn\;C:\Program Files\Azure Data Studio\bin;C:\Program Files\Microsoft SQL Server\Client SDK\ODBC\170\Tools\Binn\;C:\Program Files (x86)\Microsoft SQL Server\150\Tools\Binn\;C:\Program Files\Microsoft SQL Server\150\Tools\Binn\;C:\Program Files\Microsoft SQL Server\150\DTS\Binn\;C:\xampp\php;C:\ProgramData\ComposerSetup\bin;C:\Program Files\dotnet\;C:\Users\User\AppData\Local\Android\Sdk\cmdline-tools\bin;C:\Program Files\Java\;C:\Program Files\Git\cmd;C:\Program Files\nodejs\;C:\ProgramData\chocolatey\bin;C:\Program Files (x86)\GTK2-Runtime\lib;C:\Program Files (x86)\Common Files\Oracle\Java\javapath;C:\Python311\Scripts\;C:\Python311\;C:\Program Files (x86)\Falcon\MinGW\bin;C:\WINDOWS\system32;C:\WINDOWS;C:\WINDOWS\System32\Wbem;C:\WINDOWS\System32\WindowsPowerShell\v1.0\;C:\WINDOWS\System32\OpenSSH\;C:\Program Files\Microsoft SQL Server\130\Tools\Binn\;C:\sqlite3;C:\Program Files (x86)\Microsoft SQL Server\150\DTS\Binn\;C:\Program Files\Azure Data Studio\bin;C:\Program Files\Microsoft SQL Server\Client SDK\ODBC\170\Tools\Binn\;C:\Program Files (x86)\Microsoft SQL Server\150\Tools\Binn\;C:\Program Files\Microsoft SQL Server\150\Tools\Binn\;C:\Program Files\Microsoft SQL Server\150\DTS\Binn\;C:\xampp\php;C:\ProgramData\ComposerSetup\bin;C:\Program Files\dotnet\;C:\Users\User\AppData\Local\Android\Sdk\cmdline-tools\bin;C:\Program Files\Java\;C:\Program Files\Git\cmd;C:\Program Files\nodejs\;C:\ProgramData\chocolatey\bin;C:\Program Files (x86)\GTK2-Runtime\lib;C:\Program Files\nodejs\node_modules\npm\bin;C:\Program Files\MySQL\MySQL Shell 8.0\bin\;C:\Users\User\AppData\Local\Microsoft\Windows
USERNAME=User
OS=Windows_NT
PROCESSOR_IDENTIFIER=Intel64 Family 6 Model 140 Stepping 1, GenuineIntel
TMP=C:\Users\User\AppData\Local\Temp
TEMP=C:\Users\User\AppData\Local\Temp


JNI global refs:
JNI global refs: 26, weak refs: 0

JNI global refs memory usage: 843, weak refs: 841


---------------  S Y S T E M  ---------------

OS:
 Windows 11 , 64 bit Build 22621 (10.0.22621.2506)
OS uptime: 0 days 16:22 hours

CPU: total 8 (initial active 8) (4 cores per cpu, 2 threads per core) family 6 model 140 stepping 1 microcode 0x78, cx8, cmov, fxsr, ht, mmx, 3dnowpref, sse, sse2, sse3, ssse3, sse4.1, sse4.2, popcnt, lzcnt, tsc, tscinvbit, avx, avx2, aes, erms, clmul, bmi1, bmi2, adx, avx512f, avx512dq, avx512cd, avx512bw, avx512vl, sha, fma, vzeroupper, avx512_vpopcntdq, avx512_vpclmulqdq, avx512_vaes, avx512_vnni, clflush, clflushopt, clwb, avx512_vbmi2, avx512_vbmi

Memory: 4k page, system-wide physical 7991M (601M free)
TotalPageFile size 10039M (AvailPageFile size 190M)
current process WorkingSet (physical memory assigned to process): 486M, peak: 488M
current process commit charge ("private bytes"): 522M, peak: 831M

vm_info: OpenJDK 64-Bit Server VM (17.0.6+0-b2043.56-10027231) for windows-amd64 JRE (17.0.6+0-b2043.56-10027231), built on Apr 28 2023 00:43:19 by "androidbuild" with MS VC++ 16.10 / 16.11 (VS2019)

END.
