#
# There is insufficient memory for the Java Runtime Environment to continue.
# Native memory allocation (mmap) failed to map 218103808 bytes for G1 virtual space
# Possible reasons:
#   The system is out of physical RAM or swap space
#   The process is running with CompressedOops enabled, and the Java Heap may be blocking the growth of the native heap
# Possible solutions:
#   Reduce memory load on the system
#   Increase physical memory or swap space
#   Check if swap backing store is full
#   Decrease Java heap size (-Xmx/-Xms)
#   Decrease number of Java threads
#   Decrease Java thread stack sizes (-Xss)
#   Set larger code cache with -XX:ReservedCodeCacheSize=
#   JVM is running with Unscaled Compressed Oops mode in which the Java heap is
#     placed in the first 4GB address space. The Java Heap base address is the
#     maximum limit for the native heap growth. Please use -XX:HeapBaseMinAddress
#     to set the Java Heap base and to place the Java Heap above 4GB virtual address.
# This output file may be truncated or incomplete.
#
#  Out of Memory Error (os_windows.cpp:3769), pid=13600, tid=3344
#
# JRE version: OpenJDK Runtime Environment (17.0.6) (build 17.0.6+0-b2043.56-10027231)
# Java VM: OpenJDK 64-Bit Server VM (17.0.6+0-b2043.56-10027231, mixed mode, tiered, compressed oops, compressed class ptrs, g1 gc, windows-amd64)
# No core dump will be written. Minidumps are not enabled by default on client versions of Windows
#

---------------  S U M M A R Y ------------

Command Line: --add-opens=java.base/java.util=ALL-UNNAMED --add-opens=java.base/java.lang=ALL-UNNAMED --add-opens=java.base/java.lang.invoke=ALL-UNNAMED --add-opens=java.prefs/java.util.prefs=ALL-UNNAMED --add-opens=java.base/java.nio.charset=ALL-UNNAMED --add-opens=java.base/java.net=ALL-UNNAMED --add-opens=java.base/java.util.concurrent.atomic=ALL-UNNAMED -Xmx2048m -Dfile.encoding=UTF-8 -Duser.country=US -Duser.language=en -Duser.variant org.gradle.launcher.daemon.bootstrap.GradleDaemon 8.0

Host: 11th Gen Intel(R) Core(TM) i5-1135G7 @ 2.40GHz, 8 cores, 7G,  Windows 11 , 64 bit Build 22621 (10.0.22621.2506)
Time: Thu Nov 23 10:56:33 2023 E. Africa Standard Time elapsed time: 21.661232 seconds (0d 0h 0m 21s)

---------------  T H R E A D  ---------------

Current thread (0x000001f3591ae530):  VMThread "VM Thread" [stack: 0x000000307be00000,0x000000307bf00000] [id=3344]

Stack: [0x000000307be00000,0x000000307bf00000]
Native frames: (J=compiled Java code, j=interpreted, Vv=VM code, C=native code)
V  [jvm.dll+0x683c9a]
V  [jvm.dll+0x8427a4]
V  [jvm.dll+0x843f9e]
V  [jvm.dll+0x844603]
V  [jvm.dll+0x249b75]
V  [jvm.dll+0x680b69]
V  [jvm.dll+0x67505a]
V  [jvm.dll+0x309acb]
V  [jvm.dll+0x310f86]
V  [jvm.dll+0x3608ee]
V  [jvm.dll+0x360b1f]
V  [jvm.dll+0x2dfbf8]
V  [jvm.dll+0x2ddec4]
V  [jvm.dll+0x2dd4cc]
V  [jvm.dll+0x321f3b]
V  [jvm.dll+0x848ccb]
V  [jvm.dll+0x849a04]
V  [jvm.dll+0x849f1d]
V  [jvm.dll+0x84a2f4]
V  [jvm.dll+0x84a3c0]
V  [jvm.dll+0x7f274a]
V  [jvm.dll+0x682ad5]
C  [ucrtbase.dll+0x29363]
C  [KERNEL32.DLL+0x1257d]
C  [ntdll.dll+0x5aa58]

VM_Operation (0x000000307d5f8730): G1CollectForAllocation, mode: safepoint, requested by thread 0x000001f35b489120


---------------  P R O C E S S  ---------------

Threads class SMR info:
_java_thread_list=0x000001f35b131360, length=126, elements={
0x000001f33f35dba0, 0x000001f3591b0ff0, 0x000001f3591b1ba0, 0x000001f359c30da0,
0x000001f359c31860, 0x000001f359c32310, 0x000001f359c46eb0, 0x000001f359c47aa0,
0x000001f359c48490, 0x000001f359c54390, 0x000001f359dc5e50, 0x000001f359dcb0f0,
0x000001f359f34a40, 0x000001f35c3549c0, 0x000001f35cbfb9c0, 0x000001f35b31b1c0,
0x000001f35c62cd90, 0x000001f35cbb4610, 0x000001f35b489120, 0x000001f35b686090,
0x000001f35b688be0, 0x000001f35b685220, 0x000001f35b686a30, 0x000001f35b6873d0,
0x000001f35b685bc0, 0x000001f35b6878a0, 0x000001f35b6856f0, 0x000001f35b686560,
0x000001f35b687d70, 0x000001f35b688240, 0x000001f35b686f00, 0x000001f35b688710,
0x000001f35c43def0, 0x000001f35c43fbd0, 0x000001f35c4400a0, 0x000001f35c440570,
0x000001f35c43b870, 0x000001f35c43da20, 0x000001f35c43b3a0, 0x000001f35c43bd40,
0x000001f35c43a060, 0x000001f35c43d550, 0x000001f35c43c6e0, 0x000001f35c440a40,
0x000001f35c440f10, 0x000001f35c43a530, 0x000001f35c43aa00, 0x000001f35c4418b0,
0x000001f35c43cbb0, 0x000001f35c43e3c0, 0x000001f35c43e890, 0x000001f35c43ed60,
0x000001f35c43f230, 0x000001f35eaaa790, 0x000001f35eaafe30, 0x000001f35eaa9920,
0x000001f35eaabad0, 0x000001f35eaa9450, 0x000001f35eaa9df0, 0x000001f35eab0300,
0x000001f35eaaa2c0, 0x000001f35eaae150, 0x000001f35eaab600, 0x000001f35eaaf490,
0x000001f35eaaac60, 0x000001f35eaae620, 0x000001f35eab07d0, 0x000001f35eaab130,
0x000001f35eaad7b0, 0x000001f35eaace10, 0x000001f35eaabfa0, 0x000001f35eaac470,
0x000001f35eaac940, 0x000001f35eaad2e0, 0x000001f35eaadc80, 0x000001f35eaaeaf0,
0x000001f35eaaefc0, 0x000001f35eaaf960, 0x000001f35eab0ca0, 0x000001f35ec734d0,
0x000001f35ec739a0, 0x000001f35ec751b0, 0x000001f35ec77d00, 0x000001f35ec78b70,
0x000001f35ec764f0, 0x000001f35ec74ce0, 0x000001f35ec74340, 0x000001f35ec786a0,
0x000001f35ec77830, 0x000001f35ec79040, 0x000001f35ec781d0, 0x000001f35ec79510,
0x000001f35ec799e0, 0x000001f35ec73000, 0x000001f35ec79eb0, 0x000001f35ec75680,
0x000001f35ec74810, 0x000001f35ec7a380, 0x000001f35ec769c0, 0x000001f35ec73e70,
0x000001f35ec76e90, 0x000001f35ec77360, 0x000001f35ec7a850, 0x000001f35ec75b50,
0x000001f35ec76020, 0x000001f35a342680, 0x000001f35a344830, 0x000001f35a343e90,
0x000001f35a345b70, 0x000001f35a344360, 0x000001f35a33f190, 0x000001f35a33fb30,
0x000001f35a346040, 0x000001f35a344d00, 0x000001f35a3456a0, 0x000001f35a346510,
0x000001f35a340000, 0x000001f35a3451d0, 0x000001f35a33f660, 0x000001f35a3404d0,
0x000001f35a3439c0, 0x000001f35a3434f0, 0x000001f35a3409a0, 0x000001f35a3469e0,
0x000001f35a340e70, 0x000001f35a341810
}

Java Threads: ( => current thread )
  0x000001f33f35dba0 JavaThread "main" [_thread_blocked, id=12268, stack(0x000000307b800000,0x000000307b900000)]
  0x000001f3591b0ff0 JavaThread "Reference Handler" daemon [_thread_blocked, id=11240, stack(0x000000307bf00000,0x000000307c000000)]
  0x000001f3591b1ba0 JavaThread "Finalizer" daemon [_thread_blocked, id=2392, stack(0x000000307c000000,0x000000307c100000)]
  0x000001f359c30da0 JavaThread "Signal Dispatcher" daemon [_thread_blocked, id=4404, stack(0x000000307c100000,0x000000307c200000)]
  0x000001f359c31860 JavaThread "Attach Listener" daemon [_thread_blocked, id=15676, stack(0x000000307c200000,0x000000307c300000)]
  0x000001f359c32310 JavaThread "Service Thread" daemon [_thread_blocked, id=15672, stack(0x000000307c300000,0x000000307c400000)]
  0x000001f359c46eb0 JavaThread "Monitor Deflation Thread" daemon [_thread_blocked, id=9896, stack(0x000000307c400000,0x000000307c500000)]
  0x000001f359c47aa0 JavaThread "C2 CompilerThread0" daemon [_thread_blocked, id=12328, stack(0x000000307c500000,0x000000307c600000)]
  0x000001f359c48490 JavaThread "C1 CompilerThread0" daemon [_thread_blocked, id=5248, stack(0x000000307c600000,0x000000307c700000)]
  0x000001f359c54390 JavaThread "Sweeper thread" daemon [_thread_blocked, id=12308, stack(0x000000307c700000,0x000000307c800000)]
  0x000001f359dc5e50 JavaThread "Common-Cleaner" daemon [_thread_blocked, id=15568, stack(0x000000307c800000,0x000000307c900000)]
  0x000001f359dcb0f0 JavaThread "Notification Thread" daemon [_thread_blocked, id=9120, stack(0x000000307c900000,0x000000307ca00000)]
  0x000001f359f34a40 JavaThread "Daemon health stats" [_thread_blocked, id=6696, stack(0x000000307cb00000,0x000000307cc00000)]
  0x000001f35c3549c0 JavaThread "Incoming local TCP Connector on port 58142" [_thread_in_native, id=15224, stack(0x000000307cc00000,0x000000307cd00000)]
  0x000001f35cbfb9c0 JavaThread "Daemon periodic checks" [_thread_blocked, id=11860, stack(0x000000307d100000,0x000000307d200000)]
  0x000001f35b31b1c0 JavaThread "Daemon" [_thread_blocked, id=16864, stack(0x000000307d200000,0x000000307d300000)]
  0x000001f35c62cd90 JavaThread "Handler for socket connection from /127.0.0.1:58142 to /127.0.0.1:58143" [_thread_in_native, id=14300, stack(0x000000307d300000,0x000000307d400000)]
  0x000001f35cbb4610 JavaThread "Cancel handler" [_thread_blocked, id=6448, stack(0x000000307d400000,0x000000307d500000)]
  0x000001f35b489120 JavaThread "Daemon worker" [_thread_blocked, id=14944, stack(0x000000307d500000,0x000000307d600000)]
  0x000001f35b686090 JavaThread "Asynchronous log dispatcher for DefaultDaemonConnection: socket connection from /127.0.0.1:58142 to /127.0.0.1:58143" [_thread_blocked, id=12676, stack(0x000000307d600000,0x000000307d700000)]
  0x000001f35b688be0 JavaThread "Stdin handler" [_thread_blocked, id=16876, stack(0x000000307d700000,0x000000307d800000)]
  0x000001f35b685220 JavaThread "Daemon client event forwarder" [_thread_blocked, id=16340, stack(0x000000307d800000,0x000000307d900000)]
  0x000001f35b686a30 JavaThread "Cache worker for journal cache (C:\Users\User\.gradle\caches\journal-1)" [_thread_blocked, id=9512, stack(0x000000307dd00000,0x000000307de00000)]
  0x000001f35b6873d0 JavaThread "File lock request listener" [_thread_in_native, id=2460, stack(0x000000307de00000,0x000000307df00000)]
  0x000001f35b685bc0 JavaThread "Cache worker for file hash cache (C:\Users\User\.gradle\caches\8.0\fileHashes)" [_thread_blocked, id=16764, stack(0x000000307df00000,0x000000307e000000)]
  0x000001f35b6878a0 JavaThread "File watcher server" daemon [_thread_in_native, id=16168, stack(0x000000307e100000,0x000000307e200000)]
  0x000001f35b6856f0 JavaThread "File watcher consumer" daemon [_thread_blocked, id=16452, stack(0x000000307e200000,0x000000307e300000)]
  0x000001f35b686560 JavaThread "Cache worker for checksums cache (C:\Users\User\AndroidStudioProjects\RepairPal\.gradle\8.0\checksums)" [_thread_blocked, id=14436, stack(0x000000307e300000,0x000000307e400000)]
  0x000001f35b687d70 JavaThread "Cache worker for cache directory md-rule (C:\Users\User\.gradle\caches\8.0\md-rule)" [_thread_blocked, id=6212, stack(0x000000307e400000,0x000000307e500000)]
  0x000001f35b688240 JavaThread "Cache worker for file content cache (C:\Users\User\.gradle\caches\8.0\fileContent)" [_thread_blocked, id=6348, stack(0x000000307e500000,0x000000307e600000)]
  0x000001f35b686f00 JavaThread "Cache worker for file hash cache (C:\Users\User\AndroidStudioProjects\RepairPal\.gradle\8.0\fileHashes)" [_thread_blocked, id=15580, stack(0x000000307e600000,0x000000307e700000)]
  0x000001f35b688710 JavaThread "Cache worker for cache directory md-supplier (C:\Users\User\.gradle\caches\8.0\md-supplier)" [_thread_blocked, id=10192, stack(0x000000307e700000,0x000000307e800000)]
  0x000001f35c43def0 JavaThread "Cache worker for execution history cache (C:\Users\User\.gradle\caches\8.0\executionHistory)" [_thread_blocked, id=7472, stack(0x000000307e800000,0x000000307e900000)]
  0x000001f35c43fbd0 JavaThread "jar transforms" [_thread_blocked, id=15632, stack(0x000000307e900000,0x000000307ea00000)]
  0x000001f35c4400a0 JavaThread "jar transforms Thread 2" [_thread_blocked, id=12708, stack(0x000000307ea00000,0x000000307eb00000)]
  0x000001f35c440570 JavaThread "Cache worker for kotlin-dsl (C:\Users\User\.gradle\caches\8.0\kotlin-dsl)" [_thread_blocked, id=12752, stack(0x000000307ed00000,0x000000307ee00000)]
  0x000001f35c43b870 JavaThread "jar transforms Thread 3" [_thread_blocked, id=3488, stack(0x000000307e000000,0x000000307e100000)]
  0x000001f35c43da20 JavaThread "jar transforms Thread 4" [_thread_blocked, id=9776, stack(0x000000307ee00000,0x000000307ef00000)]
  0x000001f35c43b3a0 JavaThread "Cache worker for dependencies-accessors (C:\Users\User\AndroidStudioProjects\RepairPal\.gradle\8.0\dependencies-accessors)" [_thread_blocked, id=8340, stack(0x000000307ef00000,0x000000307f000000)]
  0x000001f35c43bd40 JavaThread "Cache worker for Build Output Cleanup Cache (C:\Users\User\AndroidStudioProjects\RepairPal\.gradle\buildOutputCleanup)" [_thread_blocked, id=9992, stack(0x000000307ec00000,0x000000307ed00000)]
  0x000001f35c43a060 JavaThread "jar transforms Thread 5" [_thread_blocked, id=852, stack(0x000000307f000000,0x000000307f100000)]
  0x000001f35c43d550 JavaThread "Unconstrained build operations" [_thread_blocked, id=8260, stack(0x000000307f200000,0x000000307f300000)]
  0x000001f35c43c6e0 JavaThread "Unconstrained build operations Thread 2" [_thread_blocked, id=10928, stack(0x000000307f300000,0x000000307f400000)]
  0x000001f35c440a40 JavaThread "Unconstrained build operations Thread 3" [_thread_blocked, id=10872, stack(0x000000307f400000,0x000000307f500000)]
  0x000001f35c440f10 JavaThread "Unconstrained build operations Thread 4" [_thread_blocked, id=5324, stack(0x000000307f500000,0x000000307f600000)]
  0x000001f35c43a530 JavaThread "Unconstrained build operations Thread 5" [_thread_blocked, id=13144, stack(0x000000307f600000,0x000000307f700000)]
  0x000001f35c43aa00 JavaThread "Unconstrained build operations Thread 6" [_thread_blocked, id=2136, stack(0x000000307f700000,0x000000307f800000)]
  0x000001f35c4418b0 JavaThread "Unconstrained build operations Thread 7" [_thread_blocked, id=9548, stack(0x000000307f800000,0x000000307f900000)]
  0x000001f35c43cbb0 JavaThread "Unconstrained build operations Thread 8" [_thread_blocked, id=14600, stack(0x000000307f900000,0x000000307fa00000)]
  0x000001f35c43e3c0 JavaThread "Unconstrained build operations Thread 9" [_thread_blocked, id=8792, stack(0x000000307fa00000,0x000000307fb00000)]
  0x000001f35c43e890 JavaThread "Unconstrained build operations Thread 10" [_thread_blocked, id=15628, stack(0x000000307fb00000,0x000000307fc00000)]
  0x000001f35c43ed60 JavaThread "Unconstrained build operations Thread 11" [_thread_blocked, id=11756, stack(0x000000307fc00000,0x000000307fd00000)]
  0x000001f35c43f230 JavaThread "Unconstrained build operations Thread 12" [_thread_blocked, id=16548, stack(0x000000307fd00000,0x000000307fe00000)]
  0x000001f35eaaa790 JavaThread "Unconstrained build operations Thread 13" [_thread_blocked, id=8384, stack(0x000000307fe00000,0x000000307ff00000)]
  0x000001f35eaafe30 JavaThread "Unconstrained build operations Thread 14" [_thread_blocked, id=15072, stack(0x000000307ff00000,0x0000003080000000)]
  0x000001f35eaa9920 JavaThread "Unconstrained build operations Thread 15" [_thread_blocked, id=6548, stack(0x0000003000000000,0x0000003000100000)]
  0x000001f35eaabad0 JavaThread "Unconstrained build operations Thread 16" [_thread_blocked, id=15020, stack(0x0000003000100000,0x0000003000200000)]
  0x000001f35eaa9450 JavaThread "Unconstrained build operations Thread 17" [_thread_blocked, id=15560, stack(0x0000003000200000,0x0000003000300000)]
  0x000001f35eaa9df0 JavaThread "Unconstrained build operations Thread 18" [_thread_blocked, id=15724, stack(0x0000003000300000,0x0000003000400000)]
  0x000001f35eab0300 JavaThread "Unconstrained build operations Thread 19" [_thread_blocked, id=14864, stack(0x0000003000400000,0x0000003000500000)]
  0x000001f35eaaa2c0 JavaThread "Unconstrained build operations Thread 20" [_thread_blocked, id=9848, stack(0x0000003000500000,0x0000003000600000)]
  0x000001f35eaae150 JavaThread "Unconstrained build operations Thread 21" [_thread_blocked, id=9524, stack(0x0000003000600000,0x0000003000700000)]
  0x000001f35eaab600 JavaThread "Unconstrained build operations Thread 22" [_thread_blocked, id=11196, stack(0x0000003000700000,0x0000003000800000)]
  0x000001f35eaaf490 JavaThread "Unconstrained build operations Thread 23" [_thread_blocked, id=4260, stack(0x0000003000800000,0x0000003000900000)]
  0x000001f35eaaac60 JavaThread "Unconstrained build operations Thread 24" [_thread_blocked, id=7664, stack(0x0000003000900000,0x0000003000a00000)]
  0x000001f35eaae620 JavaThread "Unconstrained build operations Thread 25" [_thread_blocked, id=12724, stack(0x0000003000a00000,0x0000003000b00000)]
  0x000001f35eab07d0 JavaThread "Unconstrained build operations Thread 26" [_thread_blocked, id=15148, stack(0x0000003000b00000,0x0000003000c00000)]
  0x000001f35eaab130 JavaThread "Unconstrained build operations Thread 27" [_thread_blocked, id=8520, stack(0x0000003000c00000,0x0000003000d00000)]
  0x000001f35eaad7b0 JavaThread "Unconstrained build operations Thread 28" [_thread_blocked, id=14352, stack(0x0000003000d00000,0x0000003000e00000)]
  0x000001f35eaace10 JavaThread "Unconstrained build operations Thread 29" [_thread_blocked, id=4024, stack(0x0000003000e00000,0x0000003000f00000)]
  0x000001f35eaabfa0 JavaThread "Unconstrained build operations Thread 30" [_thread_blocked, id=9800, stack(0x0000003000f00000,0x0000003001000000)]
  0x000001f35eaac470 JavaThread "Unconstrained build operations Thread 31" [_thread_blocked, id=11444, stack(0x0000003001000000,0x0000003001100000)]
  0x000001f35eaac940 JavaThread "Unconstrained build operations Thread 32" [_thread_blocked, id=10828, stack(0x0000003001100000,0x0000003001200000)]
  0x000001f35eaad2e0 JavaThread "Unconstrained build operations Thread 33" [_thread_blocked, id=1700, stack(0x0000003001200000,0x0000003001300000)]
  0x000001f35eaadc80 JavaThread "Unconstrained build operations Thread 34" [_thread_blocked, id=12944, stack(0x0000003001300000,0x0000003001400000)]
  0x000001f35eaaeaf0 JavaThread "Unconstrained build operations Thread 35" [_thread_blocked, id=13828, stack(0x0000003001400000,0x0000003001500000)]
  0x000001f35eaaefc0 JavaThread "Unconstrained build operations Thread 36" [_thread_blocked, id=17404, stack(0x0000003001500000,0x0000003001600000)]
  0x000001f35eaaf960 JavaThread "Unconstrained build operations Thread 37" [_thread_blocked, id=10888, stack(0x0000003001600000,0x0000003001700000)]
  0x000001f35eab0ca0 JavaThread "Unconstrained build operations Thread 38" [_thread_blocked, id=13308, stack(0x0000003001700000,0x0000003001800000)]
  0x000001f35ec734d0 JavaThread "Unconstrained build operations Thread 39" [_thread_blocked, id=9224, stack(0x0000003001800000,0x0000003001900000)]
  0x000001f35ec739a0 JavaThread "Unconstrained build operations Thread 40" [_thread_blocked, id=7484, stack(0x0000003001900000,0x0000003001a00000)]
  0x000001f35ec751b0 JavaThread "Unconstrained build operations Thread 41" [_thread_blocked, id=6740, stack(0x0000003001a00000,0x0000003001b00000)]
  0x000001f35ec77d00 JavaThread "Unconstrained build operations Thread 42" [_thread_blocked, id=15280, stack(0x0000003001b00000,0x0000003001c00000)]
  0x000001f35ec78b70 JavaThread "Unconstrained build operations Thread 43" [_thread_blocked, id=17152, stack(0x0000003001c00000,0x0000003001d00000)]
  0x000001f35ec764f0 JavaThread "Unconstrained build operations Thread 44" [_thread_blocked, id=10536, stack(0x0000003001d00000,0x0000003001e00000)]
  0x000001f35ec74ce0 JavaThread "Unconstrained build operations Thread 45" [_thread_blocked, id=4784, stack(0x0000003001e00000,0x0000003001f00000)]
  0x000001f35ec74340 JavaThread "Unconstrained build operations Thread 46" [_thread_blocked, id=3692, stack(0x0000003001f00000,0x0000003002000000)]
  0x000001f35ec786a0 JavaThread "Unconstrained build operations Thread 47" [_thread_blocked, id=7892, stack(0x0000003002000000,0x0000003002100000)]
  0x000001f35ec77830 JavaThread "Unconstrained build operations Thread 48" [_thread_blocked, id=8012, stack(0x0000003002100000,0x0000003002200000)]
  0x000001f35ec79040 JavaThread "Unconstrained build operations Thread 49" [_thread_blocked, id=12044, stack(0x0000003002200000,0x0000003002300000)]
  0x000001f35ec781d0 JavaThread "Unconstrained build operations Thread 50" [_thread_blocked, id=16464, stack(0x0000003002300000,0x0000003002400000)]
  0x000001f35ec79510 JavaThread "Unconstrained build operations Thread 51" [_thread_blocked, id=10216, stack(0x0000003002400000,0x0000003002500000)]
  0x000001f35ec799e0 JavaThread "Unconstrained build operations Thread 52" [_thread_blocked, id=6492, stack(0x0000003002500000,0x0000003002600000)]
  0x000001f35ec73000 JavaThread "Unconstrained build operations Thread 53" [_thread_blocked, id=1292, stack(0x0000003002600000,0x0000003002700000)]
  0x000001f35ec79eb0 JavaThread "Unconstrained build operations Thread 54" [_thread_blocked, id=12304, stack(0x0000003002700000,0x0000003002800000)]
  0x000001f35ec75680 JavaThread "Unconstrained build operations Thread 55" [_thread_blocked, id=14176, stack(0x0000003002800000,0x0000003002900000)]
  0x000001f35ec74810 JavaThread "Unconstrained build operations Thread 56" [_thread_blocked, id=2088, stack(0x0000003002900000,0x0000003002a00000)]
  0x000001f35ec7a380 JavaThread "Unconstrained build operations Thread 57" [_thread_blocked, id=2600, stack(0x0000003002a00000,0x0000003002b00000)]
  0x000001f35ec769c0 JavaThread "Unconstrained build operations Thread 58" [_thread_blocked, id=14536, stack(0x0000003002b00000,0x0000003002c00000)]
  0x000001f35ec73e70 JavaThread "Unconstrained build operations Thread 59" [_thread_blocked, id=13324, stack(0x0000003002c00000,0x0000003002d00000)]
  0x000001f35ec76e90 JavaThread "Unconstrained build operations Thread 60" [_thread_blocked, id=7820, stack(0x0000003002d00000,0x0000003002e00000)]
  0x000001f35ec77360 JavaThread "Unconstrained build operations Thread 61" [_thread_blocked, id=6544, stack(0x0000003002e00000,0x0000003002f00000)]
  0x000001f35ec7a850 JavaThread "Unconstrained build operations Thread 62" [_thread_blocked, id=856, stack(0x0000003002f00000,0x0000003003000000)]
  0x000001f35ec75b50 JavaThread "Unconstrained build operations Thread 63" [_thread_blocked, id=5072, stack(0x0000003003000000,0x0000003003100000)]
  0x000001f35ec76020 JavaThread "Unconstrained build operations Thread 64" [_thread_blocked, id=9368, stack(0x0000003003100000,0x0000003003200000)]
  0x000001f35a342680 JavaThread "Unconstrained build operations Thread 65" [_thread_blocked, id=6004, stack(0x0000003003200000,0x0000003003300000)]
  0x000001f35a344830 JavaThread "Unconstrained build operations Thread 66" [_thread_blocked, id=4952, stack(0x0000003003300000,0x0000003003400000)]
  0x000001f35a343e90 JavaThread "Unconstrained build operations Thread 67" [_thread_blocked, id=15828, stack(0x0000003003400000,0x0000003003500000)]
  0x000001f35a345b70 JavaThread "Unconstrained build operations Thread 68" [_thread_blocked, id=15608, stack(0x0000003003500000,0x0000003003600000)]
  0x000001f35a344360 JavaThread "Unconstrained build operations Thread 69" [_thread_blocked, id=11036, stack(0x0000003003600000,0x0000003003700000)]
  0x000001f35a33f190 JavaThread "Unconstrained build operations Thread 70" [_thread_blocked, id=16904, stack(0x0000003003700000,0x0000003003800000)]
  0x000001f35a33fb30 JavaThread "Unconstrained build operations Thread 71" [_thread_blocked, id=16988, stack(0x0000003003800000,0x0000003003900000)]
  0x000001f35a346040 JavaThread "Unconstrained build operations Thread 72" [_thread_blocked, id=12700, stack(0x0000003003900000,0x0000003003a00000)]
  0x000001f35a344d00 JavaThread "Unconstrained build operations Thread 73" [_thread_blocked, id=17384, stack(0x0000003003a00000,0x0000003003b00000)]
  0x000001f35a3456a0 JavaThread "Unconstrained build operations Thread 74" [_thread_blocked, id=9420, stack(0x0000003003b00000,0x0000003003c00000)]
  0x000001f35a346510 JavaThread "Unconstrained build operations Thread 75" [_thread_blocked, id=6364, stack(0x0000003003c00000,0x0000003003d00000)]
  0x000001f35a340000 JavaThread "Unconstrained build operations Thread 76" [_thread_blocked, id=10868, stack(0x0000003003d00000,0x0000003003e00000)]
  0x000001f35a3451d0 JavaThread "Unconstrained build operations Thread 77" [_thread_blocked, id=16264, stack(0x0000003003e00000,0x0000003003f00000)]
  0x000001f35a33f660 JavaThread "Unconstrained build operations Thread 78" [_thread_blocked, id=6084, stack(0x0000003003f00000,0x0000003004000000)]
  0x000001f35a3404d0 JavaThread "Unconstrained build operations Thread 79" [_thread_blocked, id=15260, stack(0x0000003004000000,0x0000003004100000)]
  0x000001f35a3439c0 JavaThread "Unconstrained build operations Thread 80" [_thread_blocked, id=10952, stack(0x0000003004100000,0x0000003004200000)]
  0x000001f35a3434f0 JavaThread "jar transforms Thread 6" [_thread_blocked, id=4452, stack(0x0000003004200000,0x0000003004300000)]
  0x000001f35a3409a0 JavaThread "jar transforms Thread 7" [_thread_blocked, id=17316, stack(0x0000003004300000,0x0000003004400000)]
  0x000001f35a3469e0 JavaThread "jar transforms Thread 8" [_thread_blocked, id=13328, stack(0x0000003004400000,0x0000003004500000)]
  0x000001f35a340e70 JavaThread "build event listener" [_thread_blocked, id=11328, stack(0x0000003004500000,0x0000003004600000)]
  0x000001f35a341810 JavaThread "Memory manager" [_thread_blocked, id=14580, stack(0x0000003004700000,0x0000003004800000)]

Other Threads:
=>0x000001f3591ae530 VMThread "VM Thread" [stack: 0x000000307be00000,0x000000307bf00000] [id=3344]
  0x000001f33f3eed20 WatcherThread [stack: 0x000000307ca00000,0x000000307cb00000] [id=15184]
  0x000001f33f3b8c00 GCTaskThread "GC Thread#0" [stack: 0x000000307b900000,0x000000307ba00000] [id=8828]
  0x000001f35ac29b70 GCTaskThread "GC Thread#1" [stack: 0x000000307cd00000,0x000000307ce00000] [id=13680]
  0x000001f35a493b00 GCTaskThread "GC Thread#2" [stack: 0x000000307ce00000,0x000000307cf00000] [id=15064]
  0x000001f35ac11cd0 GCTaskThread "GC Thread#3" [stack: 0x000000307cf00000,0x000000307d000000] [id=10980]
  0x000001f35b265a00 GCTaskThread "GC Thread#4" [stack: 0x000000307d000000,0x000000307d100000] [id=5680]
  0x000001f35aaf2210 GCTaskThread "GC Thread#5" [stack: 0x000000307d900000,0x000000307da00000] [id=14604]
  0x000001f35c263510 GCTaskThread "GC Thread#6" [stack: 0x000000307da00000,0x000000307db00000] [id=5828]
  0x000001f35af377e0 GCTaskThread "GC Thread#7" [stack: 0x000000307db00000,0x000000307dc00000] [id=13476]
  0x000001f33f3c9b40 ConcurrentGCThread "G1 Main Marker" [stack: 0x000000307ba00000,0x000000307bb00000] [id=11152]
  0x000001f33f3ca550 ConcurrentGCThread "G1 Conc#0" [stack: 0x000000307bb00000,0x000000307bc00000] [id=8080]
  0x000001f35b31b690 ConcurrentGCThread "G1 Conc#1" [stack: 0x000000307dc00000,0x000000307dd00000] [id=8324]
  0x000001f33f41d7f0 ConcurrentGCThread "G1 Refine#0" [stack: 0x000000307bc00000,0x000000307bd00000] [id=14612]
  0x000001f35e6260f0 ConcurrentGCThread "G1 Refine#1" [stack: 0x000000307eb00000,0x000000307ec00000] [id=12860]
  0x000001f33f41e210 ConcurrentGCThread "G1 Service" [stack: 0x000000307bd00000,0x000000307be00000] [id=1908]

Threads with active compile tasks:
C2 CompilerThread0    21681 8029       4       java.util.StringTokenizer::skipDelimiters (116 bytes)

VM state: at safepoint (normal execution)

VM Mutex/Monitor currently owned by a thread:  ([mutex/lock_event])
[0x000001f33f359fd0] Threads_lock - owner thread: 0x000001f3591ae530
[0x000001f33f35a0f0] Heap_lock - owner thread: 0x000001f35b489120

Heap address: 0x0000000080000000, size: 2048 MB, Compressed Oops mode: 32-bit

CDS archive(s) not mapped
Compressed class space mapped at: 0x0000000100000000-0x0000000140000000, reserved size: 1073741824
Narrow klass base: 0x0000000000000000, Narrow klass shift: 3, Narrow klass range: 0x140000000

GC Precious Log:
 CPUs: 8 total, 8 available
 Memory: 7991M
 Large Page Support: Disabled
 NUMA Support: Disabled
 Compressed Oops: Enabled (32-bit)
 Heap Region Size: 1M
 Heap Min Capacity: 8M
 Heap Initial Capacity: 126M
 Heap Max Capacity: 2G
 Pre-touch: Disabled
 Parallel Workers: 8
 Concurrent Workers: 2
 Concurrent Refinement Workers: 8
 Periodic GC: Disabled

Heap:
 garbage-first heap   total 129024K, used 72209K [0x0000000080000000, 0x0000000100000000)
  region size 1024K, 2 young (2048K), 2 survivors (2048K)
 Metaspace       used 81054K, committed 81664K, reserved 1122304K
  class space    used 10861K, committed 11136K, reserved 1048576K

Heap Regions: E=young(eden), S=young(survivor), O=old, HS=humongous(starts), HC=humongous(continues), CS=collection set, F=free, OA=open archive, CA=closed archive, TAMS=top-at-mark-start (previous, next)
|   0|0x0000000080000000, 0x0000000080100000, 0x0000000080100000|100%|HS|  |TAMS 0x0000000080100000, 0x0000000080000000| Complete 
|   1|0x0000000080100000, 0x0000000080200000, 0x0000000080200000|100%|HC|  |TAMS 0x0000000080200000, 0x0000000080100000| Complete 
|   2|0x0000000080200000, 0x0000000080300000, 0x0000000080300000|100%|HC|  |TAMS 0x0000000080300000, 0x0000000080200000| Complete 
|   3|0x0000000080300000, 0x0000000080400000, 0x0000000080400000|100%|HC|  |TAMS 0x0000000080400000, 0x0000000080300000| Complete 
|   4|0x0000000080400000, 0x0000000080500000, 0x0000000080500000|100%| O|  |TAMS 0x0000000080500000, 0x0000000080400000| Untracked 
|   5|0x0000000080500000, 0x0000000080600000, 0x0000000080600000|100%| O|  |TAMS 0x0000000080600000, 0x0000000080500000| Untracked 
|   6|0x0000000080600000, 0x0000000080700000, 0x0000000080700000|100%| O|  |TAMS 0x0000000080700000, 0x0000000080600000| Untracked 
|   7|0x0000000080700000, 0x0000000080800000, 0x0000000080800000|100%| O|  |TAMS 0x0000000080800000, 0x0000000080700000| Untracked 
|   8|0x0000000080800000, 0x0000000080900000, 0x0000000080900000|100%| O|  |TAMS 0x0000000080900000, 0x0000000080800000| Untracked 
|   9|0x0000000080900000, 0x0000000080a00000, 0x0000000080a00000|100%| O|  |TAMS 0x0000000080a00000, 0x0000000080900000| Untracked 
|  10|0x0000000080a00000, 0x0000000080b00000, 0x0000000080b00000|100%| O|  |TAMS 0x0000000080b00000, 0x0000000080a00000| Untracked 
|  11|0x0000000080b00000, 0x0000000080c00000, 0x0000000080c00000|100%| O|  |TAMS 0x0000000080c00000, 0x0000000080b00000| Untracked 
|  12|0x0000000080c00000, 0x0000000080d00000, 0x0000000080d00000|100%| O|  |TAMS 0x0000000080d00000, 0x0000000080c00000| Untracked 
|  13|0x0000000080d00000, 0x0000000080e00000, 0x0000000080e00000|100%| O|  |TAMS 0x0000000080e00000, 0x0000000080d00000| Untracked 
|  14|0x0000000080e00000, 0x0000000080f00000, 0x0000000080f00000|100%| O|  |TAMS 0x0000000080f00000, 0x0000000080e00000| Untracked 
|  15|0x0000000080f00000, 0x0000000081000000, 0x0000000081000000|100%| O|  |TAMS 0x0000000081000000, 0x0000000080f00000| Untracked 
|  16|0x0000000081000000, 0x0000000081100000, 0x0000000081100000|100%| O|  |TAMS 0x0000000081100000, 0x0000000081000000| Untracked 
|  17|0x0000000081100000, 0x0000000081200000, 0x0000000081200000|100%| O|  |TAMS 0x0000000081200000, 0x0000000081100000| Untracked 
|  18|0x0000000081200000, 0x0000000081300000, 0x0000000081300000|100%| O|  |TAMS 0x0000000081300000, 0x0000000081200000| Untracked 
|  19|0x0000000081300000, 0x0000000081400000, 0x0000000081400000|100%| O|  |TAMS 0x0000000081400000, 0x0000000081300000| Untracked 
|  20|0x0000000081400000, 0x0000000081500000, 0x0000000081500000|100%| O|  |TAMS 0x0000000081500000, 0x0000000081400000| Untracked 
|  21|0x0000000081500000, 0x0000000081600000, 0x0000000081600000|100%| O|  |TAMS 0x0000000081600000, 0x0000000081500000| Untracked 
|  22|0x0000000081600000, 0x0000000081700000, 0x0000000081700000|100%| O|  |TAMS 0x0000000081700000, 0x0000000081600000| Untracked 
|  23|0x0000000081700000, 0x0000000081800000, 0x0000000081800000|100%| O|  |TAMS 0x0000000081800000, 0x0000000081700000| Untracked 
|  24|0x0000000081800000, 0x0000000081900000, 0x0000000081900000|100%| O|  |TAMS 0x0000000081900000, 0x0000000081800000| Untracked 
|  25|0x0000000081900000, 0x0000000081a00000, 0x0000000081a00000|100%| O|  |TAMS 0x0000000081a00000, 0x0000000081900000| Untracked 
|  26|0x0000000081a00000, 0x0000000081b00000, 0x0000000081b00000|100%| O|  |TAMS 0x0000000081b00000, 0x0000000081a00000| Untracked 
|  27|0x0000000081b00000, 0x0000000081c00000, 0x0000000081c00000|100%| O|  |TAMS 0x0000000081c00000, 0x0000000081b00000| Untracked 
|  28|0x0000000081c00000, 0x0000000081d00000, 0x0000000081d00000|100%| O|  |TAMS 0x0000000081d00000, 0x0000000081c00000| Untracked 
|  29|0x0000000081d00000, 0x0000000081e00000, 0x0000000081e00000|100%| O|  |TAMS 0x0000000081e00000, 0x0000000081d00000| Untracked 
|  30|0x0000000081e00000, 0x0000000081f00000, 0x0000000081f00000|100%| O|  |TAMS 0x0000000081f00000, 0x0000000081e00000| Untracked 
|  31|0x0000000081f00000, 0x0000000082000000, 0x0000000082000000|100%| O|  |TAMS 0x0000000082000000, 0x0000000081f00000| Untracked 
|  32|0x0000000082000000, 0x0000000082100000, 0x0000000082100000|100%| O|  |TAMS 0x0000000082100000, 0x0000000082000000| Untracked 
|  33|0x0000000082100000, 0x0000000082200000, 0x0000000082200000|100%| O|  |TAMS 0x0000000082200000, 0x0000000082100000| Untracked 
|  34|0x0000000082200000, 0x0000000082300000, 0x0000000082300000|100%| O|  |TAMS 0x0000000082300000, 0x0000000082200000| Untracked 
|  35|0x0000000082300000, 0x0000000082400000, 0x0000000082400000|100%| O|  |TAMS 0x0000000082400000, 0x0000000082300000| Untracked 
|  36|0x0000000082400000, 0x0000000082500000, 0x0000000082500000|100%| O|  |TAMS 0x0000000082500000, 0x0000000082400000| Untracked 
|  37|0x0000000082500000, 0x0000000082600000, 0x0000000082600000|100%|HS|  |TAMS 0x0000000082600000, 0x0000000082500000| Complete 
|  38|0x0000000082600000, 0x0000000082700000, 0x0000000082700000|100%|HS|  |TAMS 0x0000000082700000, 0x0000000082600000| Complete 
|  39|0x0000000082700000, 0x0000000082800000, 0x0000000082800000|100%|HS|  |TAMS 0x0000000082800000, 0x0000000082700000| Complete 
|  40|0x0000000082800000, 0x0000000082900000, 0x0000000082900000|100%|HC|  |TAMS 0x0000000082900000, 0x0000000082800000| Complete 
|  41|0x0000000082900000, 0x0000000082900000, 0x0000000082a00000|  0%| F|  |TAMS 0x0000000082900000, 0x0000000082900000| Untracked 
|  42|0x0000000082a00000, 0x0000000082b00000, 0x0000000082b00000|100%| O|  |TAMS 0x0000000082b00000, 0x0000000082a00000| Untracked 
|  43|0x0000000082b00000, 0x0000000082c00000, 0x0000000082c00000|100%|HS|  |TAMS 0x0000000082c00000, 0x0000000082b00000| Complete 
|  44|0x0000000082c00000, 0x0000000082d00000, 0x0000000082d00000|100%| O|  |TAMS 0x0000000082d00000, 0x0000000082c00000| Untracked 
|  45|0x0000000082d00000, 0x0000000082e00000, 0x0000000082e00000|100%|HS|  |TAMS 0x0000000082e00000, 0x0000000082d00000| Complete 
|  46|0x0000000082e00000, 0x0000000082f00000, 0x0000000082f00000|100%|HC|  |TAMS 0x0000000082f00000, 0x0000000082e00000| Complete 
|  47|0x0000000082f00000, 0x0000000083000000, 0x0000000083000000|100%|HC|  |TAMS 0x0000000083000000, 0x0000000082f00000| Complete 
|  48|0x0000000083000000, 0x0000000083100000, 0x0000000083100000|100%|HC|  |TAMS 0x0000000083100000, 0x0000000083000000| Complete 
|  49|0x0000000083100000, 0x0000000083200000, 0x0000000083200000|100%| O|  |TAMS 0x0000000083200000, 0x0000000083100000| Untracked 
|  50|0x0000000083200000, 0x0000000083300000, 0x0000000083300000|100%| O|  |TAMS 0x0000000083300000, 0x0000000083200000| Untracked 
|  51|0x0000000083300000, 0x0000000083400000, 0x0000000083400000|100%| O|  |TAMS 0x0000000083400000, 0x0000000083300000| Untracked 
|  52|0x0000000083400000, 0x0000000083500000, 0x0000000083500000|100%| O|  |TAMS 0x0000000083500000, 0x0000000083400000| Untracked 
|  53|0x0000000083500000, 0x0000000083600000, 0x0000000083600000|100%| O|  |TAMS 0x0000000083600000, 0x0000000083500000| Untracked 
|  54|0x0000000083600000, 0x0000000083700000, 0x0000000083700000|100%| O|  |TAMS 0x0000000083700000, 0x0000000083600000| Untracked 
|  55|0x0000000083700000, 0x0000000083800000, 0x0000000083800000|100%| O|  |TAMS 0x0000000083800000, 0x0000000083700000| Untracked 
|  56|0x0000000083800000, 0x0000000083900000, 0x0000000083900000|100%| O|  |TAMS 0x0000000083900000, 0x0000000083800000| Untracked 
|  57|0x0000000083900000, 0x0000000083a00000, 0x0000000083a00000|100%| O|  |TAMS 0x0000000083a00000, 0x0000000083900000| Untracked 
|  58|0x0000000083a00000, 0x0000000083b00000, 0x0000000083b00000|100%| O|  |TAMS 0x0000000083a43800, 0x0000000083a00000| Untracked 
|  59|0x0000000083b00000, 0x0000000083c00000, 0x0000000083c00000|100%| O|  |TAMS 0x0000000083c00000, 0x0000000083b00000| Untracked 
|  60|0x0000000083c00000, 0x0000000083d00000, 0x0000000083d00000|100%| O|  |TAMS 0x0000000083d00000, 0x0000000083c00000| Untracked 
|  61|0x0000000083d00000, 0x0000000083e00000, 0x0000000083e00000|100%| O|  |TAMS 0x0000000083e00000, 0x0000000083d00000| Untracked 
|  62|0x0000000083e00000, 0x0000000083f00000, 0x0000000083f00000|100%| O|  |TAMS 0x0000000083e00000, 0x0000000083e00000| Untracked 
|  63|0x0000000083f00000, 0x0000000084000000, 0x0000000084000000|100%| O|  |TAMS 0x0000000084000000, 0x0000000083f00000| Untracked 
|  64|0x0000000084000000, 0x0000000084100000, 0x0000000084100000|100%| O|  |TAMS 0x0000000084000000, 0x0000000084000000| Untracked 
|  65|0x0000000084100000, 0x0000000084200000, 0x0000000084200000|100%| O|  |TAMS 0x0000000084100000, 0x0000000084100000| Untracked 
|  66|0x0000000084200000, 0x0000000084300000, 0x0000000084300000|100%| O|  |TAMS 0x0000000084200000, 0x0000000084200000| Untracked 
|  67|0x0000000084300000, 0x0000000084400000, 0x0000000084400000|100%| O|  |TAMS 0x0000000084300000, 0x0000000084300000| Untracked 
|  68|0x0000000084400000, 0x0000000084500000, 0x0000000084500000|100%| O|  |TAMS 0x0000000084400000, 0x0000000084400000| Untracked 
|  69|0x0000000084500000, 0x0000000084600000, 0x0000000084600000|100%| O|  |TAMS 0x0000000084500000, 0x0000000084500000| Untracked 
|  70|0x0000000084600000, 0x0000000084645c00, 0x0000000084700000| 27%| O|  |TAMS 0x0000000084600000, 0x0000000084600000| Untracked 
|  71|0x0000000084700000, 0x0000000084700000, 0x0000000084800000|  0%| F|  |TAMS 0x0000000084700000, 0x0000000084700000| Untracked 
|  72|0x0000000084800000, 0x0000000084800000, 0x0000000084900000|  0%| F|  |TAMS 0x0000000084800000, 0x0000000084800000| Untracked 
|  73|0x0000000084900000, 0x0000000084900000, 0x0000000084a00000|  0%| F|  |TAMS 0x0000000084900000, 0x0000000084900000| Untracked 
|  74|0x0000000084a00000, 0x0000000084a00000, 0x0000000084b00000|  0%| F|  |TAMS 0x0000000084a00000, 0x0000000084a00000| Untracked 
|  75|0x0000000084b00000, 0x0000000084b00000, 0x0000000084c00000|  0%| F|  |TAMS 0x0000000084b00000, 0x0000000084b00000| Untracked 
|  76|0x0000000084c00000, 0x0000000084c00000, 0x0000000084d00000|  0%| F|  |TAMS 0x0000000084c00000, 0x0000000084c00000| Untracked 
|  77|0x0000000084d00000, 0x0000000084d00000, 0x0000000084e00000|  0%| F|  |TAMS 0x0000000084d00000, 0x0000000084d00000| Untracked 
|  78|0x0000000084e00000, 0x0000000084e00000, 0x0000000084f00000|  0%| F|  |TAMS 0x0000000084e00000, 0x0000000084e00000| Untracked 
|  79|0x0000000084f00000, 0x0000000084f00000, 0x0000000085000000|  0%| F|  |TAMS 0x0000000084f00000, 0x0000000084f00000| Untracked 
|  80|0x0000000085000000, 0x0000000085000000, 0x0000000085100000|  0%| F|  |TAMS 0x0000000085000000, 0x0000000085000000| Untracked 
|  81|0x0000000085100000, 0x0000000085100000, 0x0000000085200000|  0%| F|  |TAMS 0x0000000085100000, 0x0000000085100000| Untracked 
|  82|0x0000000085200000, 0x0000000085200000, 0x0000000085300000|  0%| F|  |TAMS 0x0000000085200000, 0x0000000085200000| Untracked 
|  83|0x0000000085300000, 0x0000000085300000, 0x0000000085400000|  0%| F|  |TAMS 0x0000000085300000, 0x0000000085300000| Untracked 
|  84|0x0000000085400000, 0x0000000085400000, 0x0000000085500000|  0%| F|  |TAMS 0x0000000085400000, 0x0000000085400000| Untracked 
|  85|0x0000000085500000, 0x0000000085500000, 0x0000000085600000|  0%| F|  |TAMS 0x0000000085500000, 0x0000000085500000| Untracked 
|  86|0x0000000085600000, 0x0000000085600000, 0x0000000085700000|  0%| F|  |TAMS 0x0000000085600000, 0x0000000085600000| Untracked 
|  87|0x0000000085700000, 0x0000000085700000, 0x0000000085800000|  0%| F|  |TAMS 0x0000000085700000, 0x0000000085700000| Untracked 
|  88|0x0000000085800000, 0x0000000085800000, 0x0000000085900000|  0%| F|  |TAMS 0x0000000085800000, 0x0000000085800000| Untracked 
|  89|0x0000000085900000, 0x0000000085900000, 0x0000000085a00000|  0%| F|  |TAMS 0x0000000085900000, 0x0000000085900000| Untracked 
|  90|0x0000000085a00000, 0x0000000085a00000, 0x0000000085b00000|  0%| F|  |TAMS 0x0000000085a00000, 0x0000000085a00000| Untracked 
|  91|0x0000000085b00000, 0x0000000085b3ebe0, 0x0000000085c00000| 24%| S|CS|TAMS 0x0000000085b00000, 0x0000000085b00000| Complete 
|  92|0x0000000085c00000, 0x0000000085d00000, 0x0000000085d00000|100%| S|CS|TAMS 0x0000000085c00000, 0x0000000085c00000| Complete 
|  93|0x0000000085d00000, 0x0000000085d00000, 0x0000000085e00000|  0%| F|  |TAMS 0x0000000085d00000, 0x0000000085d00000| Untracked 
|  94|0x0000000085e00000, 0x0000000085e00000, 0x0000000085f00000|  0%| F|  |TAMS 0x0000000085e00000, 0x0000000085e00000| Untracked 
|  95|0x0000000085f00000, 0x0000000085f00000, 0x0000000086000000|  0%| F|  |TAMS 0x0000000085f00000, 0x0000000085f00000| Untracked 
|  96|0x0000000086000000, 0x0000000086000000, 0x0000000086100000|  0%| F|  |TAMS 0x0000000086000000, 0x0000000086000000| Untracked 
|  97|0x0000000086100000, 0x0000000086100000, 0x0000000086200000|  0%| F|  |TAMS 0x0000000086100000, 0x0000000086100000| Untracked 
|  98|0x0000000086200000, 0x0000000086200000, 0x0000000086300000|  0%| F|  |TAMS 0x0000000086200000, 0x0000000086200000| Untracked 
|  99|0x0000000086300000, 0x0000000086300000, 0x0000000086400000|  0%| F|  |TAMS 0x0000000086300000, 0x0000000086300000| Untracked 
| 100|0x0000000086400000, 0x0000000086400000, 0x0000000086500000|  0%| F|  |TAMS 0x0000000086400000, 0x0000000086400000| Untracked 
| 101|0x0000000086500000, 0x0000000086500000, 0x0000000086600000|  0%| F|  |TAMS 0x0000000086500000, 0x0000000086500000| Untracked 
| 102|0x0000000086600000, 0x0000000086600000, 0x0000000086700000|  0%| F|  |TAMS 0x0000000086600000, 0x0000000086600000| Untracked 
| 103|0x0000000086700000, 0x0000000086700000, 0x0000000086800000|  0%| F|  |TAMS 0x0000000086700000, 0x0000000086700000| Untracked 
| 104|0x0000000086800000, 0x0000000086800000, 0x0000000086900000|  0%| F|  |TAMS 0x0000000086800000, 0x0000000086800000| Untracked 
| 105|0x0000000086900000, 0x0000000086900000, 0x0000000086a00000|  0%| F|  |TAMS 0x0000000086900000, 0x0000000086900000| Untracked 
| 106|0x0000000086a00000, 0x0000000086a00000, 0x0000000086b00000|  0%| F|  |TAMS 0x0000000086a00000, 0x0000000086a00000| Untracked 
| 107|0x0000000086b00000, 0x0000000086b00000, 0x0000000086c00000|  0%| F|  |TAMS 0x0000000086b00000, 0x0000000086b00000| Untracked 
| 108|0x0000000086c00000, 0x0000000086c00000, 0x0000000086d00000|  0%| F|  |TAMS 0x0000000086c00000, 0x0000000086c00000| Untracked 
| 109|0x0000000086d00000, 0x0000000086d00000, 0x0000000086e00000|  0%| F|  |TAMS 0x0000000086d00000, 0x0000000086d00000| Untracked 
| 110|0x0000000086e00000, 0x0000000086e00000, 0x0000000086f00000|  0%| F|  |TAMS 0x0000000086e00000, 0x0000000086e00000| Untracked 
| 111|0x0000000086f00000, 0x0000000086f00000, 0x0000000087000000|  0%| F|  |TAMS 0x0000000086f00000, 0x0000000086f00000| Untracked 
| 112|0x0000000087000000, 0x0000000087000000, 0x0000000087100000|  0%| F|  |TAMS 0x0000000087000000, 0x0000000087000000| Untracked 
| 113|0x0000000087100000, 0x0000000087100000, 0x0000000087200000|  0%| F|  |TAMS 0x0000000087100000, 0x0000000087100000| Untracked 
| 114|0x0000000087200000, 0x0000000087200000, 0x0000000087300000|  0%| F|  |TAMS 0x0000000087200000, 0x0000000087200000| Untracked 
| 115|0x0000000087300000, 0x0000000087300000, 0x0000000087400000|  0%| F|  |TAMS 0x0000000087300000, 0x0000000087300000| Untracked 
| 116|0x0000000087400000, 0x0000000087400000, 0x0000000087500000|  0%| F|  |TAMS 0x0000000087400000, 0x0000000087400000| Untracked 
| 117|0x0000000087500000, 0x0000000087500000, 0x0000000087600000|  0%| F|  |TAMS 0x0000000087500000, 0x0000000087500000| Untracked 
| 118|0x0000000087600000, 0x0000000087600000, 0x0000000087700000|  0%| F|  |TAMS 0x0000000087600000, 0x0000000087600000| Untracked 
| 119|0x0000000087700000, 0x0000000087700000, 0x0000000087800000|  0%| F|  |TAMS 0x0000000087700000, 0x0000000087700000| Untracked 
| 120|0x0000000087800000, 0x0000000087800000, 0x0000000087900000|  0%| F|  |TAMS 0x0000000087800000, 0x0000000087800000| Untracked 
| 121|0x0000000087900000, 0x0000000087900000, 0x0000000087a00000|  0%| F|  |TAMS 0x0000000087900000, 0x0000000087900000| Untracked 
| 122|0x0000000087a00000, 0x0000000087a00000, 0x0000000087b00000|  0%| F|  |TAMS 0x0000000087a00000, 0x0000000087a00000| Untracked 
| 123|0x0000000087b00000, 0x0000000087b00000, 0x0000000087c00000|  0%| F|  |TAMS 0x0000000087b00000, 0x0000000087b00000| Untracked 
| 124|0x0000000087c00000, 0x0000000087c00000, 0x0000000087d00000|  0%| F|  |TAMS 0x0000000087c00000, 0x0000000087c00000| Untracked 
| 125|0x0000000087d00000, 0x0000000087d00000, 0x0000000087e00000|  0%| F|  |TAMS 0x0000000087d00000, 0x0000000087d00000| Untracked 

Card table byte_map: [0x000001f351f50000,0x000001f352350000] _byte_map_base: 0x000001f351b50000

Marking Bits (Prev, Next): (CMBitMap*) 0x000001f33f3b9210, (CMBitMap*) 0x000001f33f3b9250
 Prev Bits: [0x000001f352750000, 0x000001f354750000)
 Next Bits: [0x000001f354750000, 0x000001f356750000)

Polling page: 0x000001f33eb20000

Metaspace:

Usage:
  Non-class:     68.55 MB used.
      Class:     10.61 MB used.
       Both:     79.16 MB used.

Virtual space:
  Non-class space:       72.00 MB reserved,      68.88 MB ( 96%) committed,  9 nodes.
      Class space:        1.00 GB reserved,      10.88 MB (  1%) committed,  1 nodes.
             Both:        1.07 GB reserved,      79.75 MB (  7%) committed. 

Chunk freelists:
   Non-Class:  3.16 MB
       Class:  976.00 KB
        Both:  4.11 MB

MaxMetaspaceSize: unlimited
CompressedClassSpaceSize: 1.00 GB
Initial GC threshold: 21.00 MB
Current GC threshold: 125.31 MB
CDS: off
MetaspaceReclaimPolicy: balanced
 - commit_granule_bytes: 65536.
 - commit_granule_words: 8192.
 - virtual_space_node_default_size: 1048576.
 - enlarge_chunks_in_place: 1.
 - new_chunks_are_fully_committed: 0.
 - uncommit_free_chunks: 1.
 - use_allocation_guard: 0.
 - handle_deallocations: 1.


Internal statistics:

num_allocs_failed_limit: 6.
num_arena_births: 764.
num_arena_deaths: 0.
num_vsnodes_births: 10.
num_vsnodes_deaths: 0.
num_space_committed: 1276.
num_space_uncommitted: 0.
num_chunks_returned_to_freelist: 6.
num_chunks_taken_from_freelist: 3517.
num_chunk_merges: 6.
num_chunk_splits: 2428.
num_chunks_enlarged: 1730.
num_purges: 0.
num_inconsistent_stats: 0.

CodeHeap 'non-profiled nmethods': size=120000Kb used=4506Kb max_used=4506Kb free=115493Kb
 bounds [0x000001f34a2f0000, 0x000001f34a760000, 0x000001f351820000]
CodeHeap 'profiled nmethods': size=120000Kb used=13574Kb max_used=13574Kb free=106425Kb
 bounds [0x000001f342820000, 0x000001f343570000, 0x000001f349d50000]
CodeHeap 'non-nmethods': size=5760Kb used=2385Kb max_used=2426Kb free=3374Kb
 bounds [0x000001f349d50000, 0x000001f349fc0000, 0x000001f34a2f0000]
 total_blobs=8121 nmethods=7214 adapters=819
 compilation: enabled
              stopped_count=0, restarted_count=0
 full_count=0

Compilation events (20 events):
Event: 21.629 Thread 0x000001f359c48490 nmethod 8023 0x000001f34355be10 code [0x000001f34355bfc0, 0x000001f34355c2d8]
Event: 21.629 Thread 0x000001f359c48490 8024       1       com.android.build.gradle.internal.services.BaseServicesImpl::getProjectServices (5 bytes)
Event: 21.629 Thread 0x000001f359c48490 nmethod 8024 0x000001f34a749f10 code [0x000001f34a74a0a0, 0x000001f34a74a178]
Event: 21.630 Thread 0x000001f359c47aa0 nmethod 7999 0x000001f34a74a210 code [0x000001f34a74a5c0, 0x000001f34a7504e8]
Event: 21.631 Thread 0x000001f359c47aa0 8004   !   4       java.util.concurrent.ConcurrentHashMap::putVal (432 bytes)
Event: 21.640 Thread 0x000001f359c48490 8025       3       org.gradle.api.internal.provider.AbstractProperty::setSupplier (20 bytes)
Event: 21.640 Thread 0x000001f359c48490 nmethod 8025 0x000001f34355c410 code [0x000001f34355c5e0, 0x000001f34355cb88]
Event: 21.643 Thread 0x000001f359c48490 8026       3       com.android.utils.StringHelper::appendCapitalized (206 bytes)
Event: 21.645 Thread 0x000001f359c48490 nmethod 8026 0x000001f34355cd10 code [0x000001f34355d260, 0x000001f34355f568]
Event: 21.645 Thread 0x000001f359c48490 8027       1       org.gradle.internal.operations.DefaultBuildOperationRunner$CallableBuildOperationWorker::getReturnValue (5 bytes)
Event: 21.645 Thread 0x000001f359c48490 nmethod 8027 0x000001f34a752a10 code [0x000001f34a752ba0, 0x000001f34a752c78]
Event: 21.646 Thread 0x000001f359c48490 8028       1       org.gradle.api.internal.provider.FlatMapProvider::getType (2 bytes)
Event: 21.646 Thread 0x000001f359c48490 nmethod 8028 0x000001f34a752d10 code [0x000001f34a752ea0, 0x000001f34a752f78]
Event: 21.647 Thread 0x000001f359c48490 8030       3       org.gradle.internal.ImmutableActionSet::fromActions (63 bytes)
Event: 21.647 Thread 0x000001f359c48490 nmethod 8030 0x000001f343560290 code [0x000001f343560560, 0x000001f343561688]
Event: 21.649 Thread 0x000001f359c48490 8031       1       com.android.build.api.artifact.impl.ArtifactsImpl::getObjects (5 bytes)
Event: 21.649 Thread 0x000001f359c48490 nmethod 8031 0x000001f34a753010 code [0x000001f34a7531a0, 0x000001f34a753278]
Event: 21.652 Thread 0x000001f359c47aa0 nmethod 8004 0x000001f34a753310 code [0x000001f34a753520, 0x000001f34a754d90]
Event: 21.652 Thread 0x000001f359c47aa0 8029       4       java.util.StringTokenizer::skipDelimiters (116 bytes)
Event: 21.657 Thread 0x000001f359c47aa0 nmethod 8029 0x000001f34a755b10 code [0x000001f34a755ca0, 0x000001f34a756658]

GC Heap History (20 events):
Event: 17.176 GC heap after
{Heap after GC invocations=32 (full 0):
 garbage-first heap   total 113664K, used 64632K [0x0000000080000000, 0x0000000100000000)
  region size 1024K, 4 young (4096K), 4 survivors (4096K)
 Metaspace       used 65145K, committed 65664K, reserved 1105920K
  class space    used 8613K, committed 8832K, reserved 1048576K
}
Event: 17.178 GC heap before
{Heap before GC invocations=32 (full 0):
 garbage-first heap   total 113664K, used 65656K [0x0000000080000000, 0x0000000100000000)
  region size 1024K, 5 young (5120K), 4 survivors (4096K)
 Metaspace       used 65145K, committed 65664K, reserved 1105920K
  class space    used 8613K, committed 8832K, reserved 1048576K
}
Event: 17.183 GC heap after
{Heap after GC invocations=33 (full 0):
 garbage-first heap   total 113664K, used 64953K [0x0000000080000000, 0x0000000100000000)
  region size 1024K, 1 young (1024K), 1 survivors (1024K)
 Metaspace       used 65145K, committed 65664K, reserved 1105920K
  class space    used 8613K, committed 8832K, reserved 1048576K
}
Event: 17.489 GC heap before
{Heap before GC invocations=33 (full 0):
 garbage-first heap   total 113664K, used 86457K [0x0000000080000000, 0x0000000100000000)
  region size 1024K, 22 young (22528K), 1 survivors (1024K)
 Metaspace       used 67281K, committed 67840K, reserved 1114112K
  class space    used 8893K, committed 9216K, reserved 1048576K
}
Event: 17.493 GC heap after
{Heap after GC invocations=34 (full 0):
 garbage-first heap   total 113664K, used 66457K [0x0000000080000000, 0x0000000100000000)
  region size 1024K, 3 young (3072K), 3 survivors (3072K)
 Metaspace       used 67281K, committed 67840K, reserved 1114112K
  class space    used 8893K, committed 9216K, reserved 1048576K
}
Event: 18.093 GC heap before
{Heap before GC invocations=35 (full 0):
 garbage-first heap   total 113664K, used 82841K [0x0000000080000000, 0x0000000100000000)
  region size 1024K, 24 young (24576K), 3 survivors (3072K)
 Metaspace       used 69573K, committed 70144K, reserved 1114112K
  class space    used 9180K, committed 9472K, reserved 1048576K
}
Event: 18.097 GC heap after
{Heap after GC invocations=36 (full 0):
 garbage-first heap   total 113664K, used 64154K [0x0000000080000000, 0x0000000100000000)
  region size 1024K, 2 young (2048K), 2 survivors (2048K)
 Metaspace       used 69573K, committed 70144K, reserved 1114112K
  class space    used 9180K, committed 9472K, reserved 1048576K
}
Event: 18.178 GC heap before
{Heap before GC invocations=36 (full 0):
 garbage-first heap   total 113664K, used 66202K [0x0000000080000000, 0x0000000100000000)
  region size 1024K, 5 young (5120K), 2 survivors (2048K)
 Metaspace       used 69687K, committed 70272K, reserved 1114112K
  class space    used 9199K, committed 9472K, reserved 1048576K
}
Event: 18.182 GC heap after
{Heap after GC invocations=37 (full 0):
 garbage-first heap   total 113664K, used 64072K [0x0000000080000000, 0x0000000100000000)
  region size 1024K, 1 young (1024K), 1 survivors (1024K)
 Metaspace       used 69687K, committed 70272K, reserved 1114112K
  class space    used 9199K, committed 9472K, reserved 1048576K
}
Event: 19.037 GC heap before
{Heap before GC invocations=37 (full 0):
 garbage-first heap   total 113664K, used 87624K [0x0000000080000000, 0x0000000100000000)
  region size 1024K, 24 young (24576K), 1 survivors (1024K)
 Metaspace       used 72018K, committed 72640K, reserved 1114112K
  class space    used 9510K, committed 9792K, reserved 1048576K
}
Event: 19.041 GC heap after
{Heap after GC invocations=38 (full 0):
 garbage-first heap   total 113664K, used 65501K [0x0000000080000000, 0x0000000100000000)
  region size 1024K, 2 young (2048K), 2 survivors (2048K)
 Metaspace       used 72018K, committed 72640K, reserved 1114112K
  class space    used 9510K, committed 9792K, reserved 1048576K
}
Event: 19.517 GC heap before
{Heap before GC invocations=38 (full 0):
 garbage-first heap   total 113664K, used 89053K [0x0000000080000000, 0x0000000100000000)
  region size 1024K, 26 young (26624K), 2 survivors (2048K)
 Metaspace       used 75417K, committed 76032K, reserved 1122304K
  class space    used 9973K, committed 10240K, reserved 1048576K
}
Event: 19.521 GC heap after
{Heap after GC invocations=39 (full 0):
 garbage-first heap   total 113664K, used 66972K [0x0000000080000000, 0x0000000100000000)
  region size 1024K, 4 young (4096K), 4 survivors (4096K)
 Metaspace       used 75417K, committed 76032K, reserved 1122304K
  class space    used 9973K, committed 10240K, reserved 1048576K
}
Event: 20.236 GC heap before
{Heap before GC invocations=39 (full 0):
 garbage-first heap   total 113664K, used 90524K [0x0000000080000000, 0x0000000100000000)
  region size 1024K, 27 young (27648K), 4 survivors (4096K)
 Metaspace       used 76381K, committed 76992K, reserved 1122304K
  class space    used 10089K, committed 10368K, reserved 1048576K
}
Event: 20.241 GC heap after
{Heap after GC invocations=40 (full 0):
 garbage-first heap   total 113664K, used 70319K [0x0000000080000000, 0x0000000100000000)
  region size 1024K, 4 young (4096K), 4 survivors (4096K)
 Metaspace       used 76381K, committed 76992K, reserved 1122304K
  class space    used 10089K, committed 10368K, reserved 1048576K
}
Event: 20.920 GC heap before
{Heap before GC invocations=41 (full 0):
 garbage-first heap   total 121856K, used 91823K [0x0000000080000000, 0x0000000100000000)
  region size 1024K, 25 young (25600K), 4 survivors (4096K)
 Metaspace       used 77840K, committed 78400K, reserved 1122304K
  class space    used 10283K, committed 10560K, reserved 1048576K
}
Event: 20.925 GC heap after
{Heap after GC invocations=42 (full 0):
 garbage-first heap   total 121856K, used 72180K [0x0000000080000000, 0x0000000100000000)
  region size 1024K, 3 young (3072K), 3 survivors (3072K)
 Metaspace       used 77840K, committed 78400K, reserved 1122304K
  class space    used 10283K, committed 10560K, reserved 1048576K
}
Event: 20.944 GC heap before
{Heap before GC invocations=42 (full 0):
 garbage-first heap   total 121856K, used 74228K [0x0000000080000000, 0x0000000100000000)
  region size 1024K, 5 young (5120K), 3 survivors (3072K)
 Metaspace       used 78100K, committed 78656K, reserved 1122304K
  class space    used 10327K, committed 10624K, reserved 1048576K
}
Event: 20.947 GC heap after
{Heap after GC invocations=43 (full 0):
 garbage-first heap   total 121856K, used 71218K [0x0000000080000000, 0x0000000100000000)
  region size 1024K, 1 young (1024K), 1 survivors (1024K)
 Metaspace       used 78100K, committed 78656K, reserved 1122304K
  class space    used 10327K, committed 10624K, reserved 1048576K
}
Event: 21.657 GC heap before
{Heap before GC invocations=43 (full 0):
 garbage-first heap   total 121856K, used 96818K [0x0000000080000000, 0x0000000100000000)
  region size 1024K, 26 young (26624K), 1 survivors (1024K)
 Metaspace       used 81054K, committed 81664K, reserved 1122304K
  class space    used 10861K, committed 11136K, reserved 1048576K
}

Dll operation events (2 events):
Event: 0.024 Loaded shared library C:\Program Files\Android\Android Studio\jbr\bin\java.dll
Event: 0.536 Loaded shared library C:\Program Files\Android\Android Studio\jbr\bin\verify.dll

Deoptimization events (20 events):
Event: 21.332 Thread 0x000001f35b489120 Uncommon trap: trap_request=0xffffff45 fr.pc=0x000001f34a3be9c0 relative=0x0000000000000420
Event: 21.332 Thread 0x000001f35b489120 Uncommon trap: reason=unstable_if action=reinterpret pc=0x000001f34a3be9c0 method=java.lang.StringBuilder.toString()Ljava/lang/String; @ 4 c2
Event: 21.332 Thread 0x000001f35b489120 DEOPT PACKING pc=0x000001f34a3be9c0 sp=0x000000307d5f7250
Event: 21.332 Thread 0x000001f35b489120 DEOPT UNPACKING pc=0x000001f349daa1a3 sp=0x000000307d5f7230 mode 2
Event: 21.332 Thread 0x000001f35b489120 Uncommon trap: trap_request=0xffffff45 fr.pc=0x000001f34a344b80 relative=0x0000000000000540
Event: 21.332 Thread 0x000001f35b489120 Uncommon trap: reason=unstable_if action=reinterpret pc=0x000001f34a344b80 method=java.lang.AbstractStringBuilder.putStringAt(ILjava/lang/String;II)V @ 8 c2
Event: 21.332 Thread 0x000001f35b489120 DEOPT PACKING pc=0x000001f34a344b80 sp=0x000000307d5f71c0
Event: 21.332 Thread 0x000001f35b489120 DEOPT UNPACKING pc=0x000001f349daa1a3 sp=0x000000307d5f70a0 mode 2
Event: 21.332 Thread 0x000001f35b489120 Uncommon trap: trap_request=0xffffff45 fr.pc=0x000001f34a32dbac relative=0x000000000000012c
Event: 21.332 Thread 0x000001f35b489120 Uncommon trap: reason=unstable_if action=reinterpret pc=0x000001f34a32dbac method=java.lang.String.getBytes([BIIBI)V @ 6 c2
Event: 21.332 Thread 0x000001f35b489120 DEOPT PACKING pc=0x000001f34a32dbac sp=0x000000307d5f7040
Event: 21.332 Thread 0x000001f35b489120 DEOPT UNPACKING pc=0x000001f349daa1a3 sp=0x000000307d5f7008 mode 2
Event: 21.332 Thread 0x000001f35b489120 Uncommon trap: trap_request=0xffffff45 fr.pc=0x000001f34a32d6f4 relative=0x0000000000000154
Event: 21.332 Thread 0x000001f35b489120 Uncommon trap: reason=unstable_if action=reinterpret pc=0x000001f34a32d6f4 method=java.lang.AbstractStringBuilder.putStringAt(ILjava/lang/String;II)V @ 8 c2
Event: 21.332 Thread 0x000001f35b489120 DEOPT PACKING pc=0x000001f34a32d6f4 sp=0x000000307d5f7140
Event: 21.332 Thread 0x000001f35b489120 DEOPT UNPACKING pc=0x000001f349daa1a3 sp=0x000000307d5f7088 mode 2
Event: 21.512 Thread 0x000001f35b489120 Uncommon trap: trap_request=0xffffffdc fr.pc=0x000001f34a726ea0 relative=0x0000000000000280
Event: 21.512 Thread 0x000001f35b489120 Uncommon trap: reason=class_check action=make_not_entrant pc=0x000001f34a726ea0 method=java.util.ArrayList.toArray([Ljava/lang/Object;)[Ljava/lang/Object; @ 21 c2
Event: 21.512 Thread 0x000001f35b489120 DEOPT PACKING pc=0x000001f34a726ea0 sp=0x000000307d5f88d0
Event: 21.512 Thread 0x000001f35b489120 DEOPT UNPACKING pc=0x000001f349daa1a3 sp=0x000000307d5f88a0 mode 2

Classes unloaded (0 events):
No events

Classes redefined (0 events):
No events

Internal exceptions (20 events):
Event: 18.553 Thread 0x000001f35b489120 Exception <a 'java/lang/ClassNotFoundException'{0x00000000868ba5b0}: org/gradle/api/plugins/internal/DefaultBasePluginConventionCustomizer> (0x00000000868ba5b0) 
thrown [s\src\hotspot\share\classfile\systemDictionary.cpp, line 256]
Event: 18.554 Thread 0x000001f35b489120 Exception <a 'java/lang/ClassNotFoundException'{0x00000000868e5e50}: org/gradle/api/plugins/internal/DefaultBasePluginConvention_DecoratedCustomizer> (0x00000000868e5e50) 
thrown [s\src\hotspot\share\classfile\systemDictionary.cpp, line 256]
Event: 18.560 Thread 0x000001f35b489120 Exception <a 'java/lang/ClassNotFoundException'{0x00000000867615c8}: org/gradle/api/plugins/internal/DefaultJavaPluginConvention_DecoratedBeanInfo> (0x00000000867615c8) 
thrown [s\src\hotspot\share\classfile\systemDictionary.cpp, line 256]
Event: 18.561 Thread 0x000001f35b489120 Exception <a 'java/lang/ClassNotFoundException'{0x000000008677a8e8}: org/gradle/api/plugins/internal/DefaultJavaPluginConventionBeanInfo> (0x000000008677a8e8) 
thrown [s\src\hotspot\share\classfile\systemDictionary.cpp, line 256]
Event: 18.562 Thread 0x000001f35b489120 Exception <a 'java/lang/ClassNotFoundException'{0x0000000086792fa8}: org/gradle/api/plugins/JavaPluginConventionBeanInfo> (0x0000000086792fa8) 
thrown [s\src\hotspot\share\classfile\systemDictionary.cpp, line 256]
Event: 18.562 Thread 0x000001f35b489120 Exception <a 'java/lang/ClassNotFoundException'{0x00000000867ab630}: org/gradle/api/plugins/JavaPluginConventionCustomizer> (0x00000000867ab630) 
thrown [s\src\hotspot\share\classfile\systemDictionary.cpp, line 256]
Event: 18.563 Thread 0x000001f35b489120 Exception <a 'java/lang/ClassNotFoundException'{0x00000000867d8438}: org/gradle/api/plugins/internal/DefaultJavaPluginConventionCustomizer> (0x00000000867d8438) 
thrown [s\src\hotspot\share\classfile\systemDictionary.cpp, line 256]
Event: 18.564 Thread 0x000001f35b489120 Exception <a 'java/lang/ClassNotFoundException'{0x00000000866186e0}: org/gradle/api/plugins/internal/DefaultJavaPluginConvention_DecoratedCustomizer> (0x00000000866186e0) 
thrown [s\src\hotspot\share\classfile\systemDictionary.cpp, line 256]
Event: 18.996 Thread 0x000001f35b489120 Exception <a 'java/lang/ClassNotFoundException'{0x0000000085989360}: org/jetbrains/kotlin/gradle/targets/js/npm/DefaultNpmDependencyExtensionBeanInfo> (0x0000000085989360) 
thrown [s\src\hotspot\share\classfile\systemDictionary.cpp, line 256]
Event: 18.996 Thread 0x000001f35b489120 Exception <a 'java/lang/ClassNotFoundException'{0x00000000859949d0}: org/jetbrains/kotlin/gradle/targets/js/npm/DefaultNpmDependencyExtensionCustomizer> (0x00000000859949d0) 
thrown [s\src\hotspot\share\classfile\systemDictionary.cpp, line 256]
Event: 18.999 Thread 0x000001f35b489120 Exception <a 'java/lang/ClassNotFoundException'{0x00000000859ff728}: org/jetbrains/kotlin/gradle/targets/js/npm/NpmDependencyExtensionKt$defaultNpmDependencyDelegate$1BeanInfo> (0x00000000859ff728) 
thrown [s\src\hotspot\share\classfile\systemDictionary.cpp, line 256]
Event: 18.999 Thread 0x000001f35b489120 Exception <a 'java/lang/ClassNotFoundException'{0x000000008580b2e8}: org/jetbrains/kotlin/gradle/targets/js/npm/NpmDependencyExtensionDelegateBeanInfo> (0x000000008580b2e8) 
thrown [s\src\hotspot\share\classfile\systemDictionary.cpp, line 256]
Event: 18.999 Thread 0x000001f35b489120 Exception <a 'java/lang/ClassNotFoundException'{0x0000000085816968}: org/jetbrains/kotlin/gradle/targets/js/npm/NpmDependencyExtensionDelegateCustomizer> (0x0000000085816968) 
thrown [s\src\hotspot\share\classfile\systemDictionary.cpp, line 256]
Event: 19.000 Thread 0x000001f35b489120 Exception <a 'java/lang/ClassNotFoundException'{0x0000000085839d00}: org/jetbrains/kotlin/gradle/targets/js/npm/NpmDependencyExtensionKt$defaultNpmDependencyDelegate$1Customizer> (0x0000000085839d00) 
thrown [s\src\hotspot\share\classfile\systemDictionary.cpp, line 256]
Event: 19.003 Thread 0x000001f35b489120 Exception <a 'java/lang/ClassNotFoundException'{0x000000008586ea70}: org/jetbrains/kotlin/gradle/targets/js/npm/DefaultDevNpmDependencyExtensionBeanInfo> (0x000000008586ea70) 
thrown [s\src\hotspot\share\classfile\systemDictionary.cpp, line 256]
Event: 19.003 Thread 0x000001f35b489120 Exception <a 'java/lang/ClassNotFoundException'{0x000000008587a338}: org/jetbrains/kotlin/gradle/targets/js/npm/DefaultDevNpmDependencyExtensionCustomizer> (0x000000008587a338) 
thrown [s\src\hotspot\share\classfile\systemDictionary.cpp, line 256]
Event: 19.005 Thread 0x000001f35b489120 Exception <a 'java/lang/ClassNotFoundException'{0x00000000858b33b0}: org/jetbrains/kotlin/gradle/targets/js/npm/DefaultPeerNpmDependencyExtensionBeanInfo> (0x00000000858b33b0) 
thrown [s\src\hotspot\share\classfile\systemDictionary.cpp, line 256]
Event: 19.005 Thread 0x000001f35b489120 Exception <a 'java/lang/ClassNotFoundException'{0x00000000858bea68}: org/jetbrains/kotlin/gradle/targets/js/npm/DefaultPeerNpmDependencyExtensionCustomizer> (0x00000000858bea68) 
thrown [s\src\hotspot\share\classfile\systemDictionary.cpp, line 256]
Event: 19.007 Thread 0x000001f35b489120 Exception <a 'java/lang/ClassNotFoundException'{0x00000000858fed08}: org/jetbrains/kotlin/gradle/targets/js/npm/DefaultPeerNpmDependencyExtension$delegate$1BeanInfo> (0x00000000858fed08) 
thrown [s\src\hotspot\share\classfile\systemDictionary.cpp, line 256]
Event: 19.008 Thread 0x000001f35b489120 Exception <a 'java/lang/ClassNotFoundException'{0x000000008570aa78}: org/jetbrains/kotlin/gradle/targets/js/npm/DefaultPeerNpmDependencyExtension$delegate$1Customizer> (0x000000008570aa78) 
thrown [s\src\hotspot\share\classfile\systemDictionary.cpp, line 256]

VM Operations (20 events):
Event: 19.010 Executing VM operation: ICBufferFull done
Event: 19.037 Executing VM operation: G1CollectForAllocation
Event: 19.041 Executing VM operation: G1CollectForAllocation done
Event: 19.517 Executing VM operation: G1CollectForAllocation
Event: 19.521 Executing VM operation: G1CollectForAllocation done
Event: 20.236 Executing VM operation: G1CollectForAllocation
Event: 20.241 Executing VM operation: G1CollectForAllocation done
Event: 20.277 Executing VM operation: G1Concurrent
Event: 20.280 Executing VM operation: G1Concurrent done
Event: 20.294 Executing VM operation: G1Concurrent
Event: 20.294 Executing VM operation: G1Concurrent done
Event: 20.582 Executing VM operation: HandshakeAllThreads
Event: 20.582 Executing VM operation: HandshakeAllThreads done
Event: 20.672 Executing VM operation: HandshakeAllThreads
Event: 20.673 Executing VM operation: HandshakeAllThreads done
Event: 20.919 Executing VM operation: G1CollectForAllocation
Event: 20.925 Executing VM operation: G1CollectForAllocation done
Event: 20.944 Executing VM operation: G1CollectForAllocation
Event: 20.947 Executing VM operation: G1CollectForAllocation done
Event: 21.657 Executing VM operation: G1CollectForAllocation

Events (20 events):
Event: 19.827 Thread 0x000001f35c993580 Thread exited: 0x000001f35c993580
Event: 20.322 Thread 0x000001f35c993580 Thread added: 0x000001f35c993580
Event: 20.438 Thread 0x000001f35c993580 Thread exited: 0x000001f35c993580
Event: 20.443 Thread 0x000001f35c993580 Thread added: 0x000001f35c993580
Event: 20.490 loading class jdk/internal/loader/URLClassPath$FileLoader
Event: 20.491 loading class jdk/internal/loader/URLClassPath$FileLoader done
Event: 20.492 loading class jdk/internal/loader/URLClassPath$FileLoader$1
Event: 20.492 loading class jdk/internal/loader/URLClassPath$FileLoader$1 done
Event: 20.581 Thread 0x000001f35c993580 Thread exited: 0x000001f35c993580
Event: 20.583 Thread 0x000001f359c54390 flushing nmethod 0x000001f34a463310
Event: 20.968 Thread 0x000001f35c993580 Thread added: 0x000001f35c993580
Event: 21.159 Thread 0x000001f35c993580 Thread exited: 0x000001f35c993580
Event: 21.277 loading class sun/reflect/generics/repository/FieldRepository
Event: 21.277 loading class sun/reflect/generics/repository/FieldRepository done
Event: 21.282 loading class jdk/internal/vm/annotation/ForceInline
Event: 21.282 loading class jdk/internal/vm/annotation/ForceInline done
Event: 21.297 Thread 0x000001f35c993fa0 Thread added: 0x000001f35c993fa0
Event: 21.332 loading class java/util/regex/Pattern$Caret
Event: 21.332 loading class java/util/regex/Pattern$Caret done
Event: 21.496 Thread 0x000001f35c993fa0 Thread exited: 0x000001f35c993fa0


Dynamic libraries:
0x00007ff77a210000 - 0x00007ff77a21a000 	C:\Program Files\Android\Android Studio\jbr\bin\java.exe
0x00007ffeedf10000 - 0x00007ffeee127000 	C:\WINDOWS\SYSTEM32\ntdll.dll
0x00007ffeed750000 - 0x00007ffeed814000 	C:\WINDOWS\System32\KERNEL32.DLL
0x00007ffeeb830000 - 0x00007ffeebbd5000 	C:\WINDOWS\System32\KERNELBASE.dll
0x00007ffeeb650000 - 0x00007ffeeb761000 	C:\WINDOWS\System32\ucrtbase.dll
0x00007ffee4da0000 - 0x00007ffee4db7000 	C:\Program Files\Android\Android Studio\jbr\bin\jli.dll
0x00007ffee32e0000 - 0x00007ffee32fb000 	C:\Program Files\Android\Android Studio\jbr\bin\VCRUNTIME140.dll
0x00007ffeebce0000 - 0x00007ffeebe8e000 	C:\WINDOWS\System32\USER32.dll
0x00007ffeeb460000 - 0x00007ffeeb486000 	C:\WINDOWS\System32\win32u.dll
0x00007ffeecef0000 - 0x00007ffeecf19000 	C:\WINDOWS\System32\GDI32.dll
0x00007ffeeb490000 - 0x00007ffeeb5a9000 	C:\WINDOWS\System32\gdi32full.dll
0x00007ffed4f30000 - 0x00007ffed51c3000 	C:\WINDOWS\WinSxS\amd64_microsoft.windows.common-controls_6595b64144ccf1df_6.0.22621.2506_none_270c5ae97388e100\COMCTL32.dll
0x00007ffeeb5b0000 - 0x00007ffeeb64a000 	C:\WINDOWS\System32\msvcp_win.dll
0x00007ffeec5e0000 - 0x00007ffeec687000 	C:\WINDOWS\System32\msvcrt.dll
0x00007ffeedc90000 - 0x00007ffeedcc1000 	C:\WINDOWS\System32\IMM32.DLL
0x00007ffee7a70000 - 0x00007ffee7a7c000 	C:\Program Files\Android\Android Studio\jbr\bin\vcruntime140_1.dll
0x00007ffec2de0000 - 0x00007ffec2e6d000 	C:\Program Files\Android\Android Studio\jbr\bin\msvcp140.dll
0x00007ffe9d900000 - 0x00007ffe9e56e000 	C:\Program Files\Android\Android Studio\jbr\bin\server\jvm.dll
0x00007ffeed690000 - 0x00007ffeed741000 	C:\WINDOWS\System32\ADVAPI32.dll
0x00007ffeebe90000 - 0x00007ffeebf36000 	C:\WINDOWS\System32\sechost.dll
0x00007ffeed3b0000 - 0x00007ffeed4c7000 	C:\WINDOWS\System32\RPCRT4.dll
0x00007ffed5c10000 - 0x00007ffed5c19000 	C:\WINDOWS\SYSTEM32\WSOCK32.dll
0x00007ffeec010000 - 0x00007ffeec081000 	C:\WINDOWS\System32\WS2_32.dll
0x00007ffee2990000 - 0x00007ffee29c4000 	C:\WINDOWS\SYSTEM32\WINMM.dll
0x00007ffee9a90000 - 0x00007ffee9a9a000 	C:\WINDOWS\SYSTEM32\VERSION.dll
0x00007ffeea1e0000 - 0x00007ffeea1f8000 	C:\WINDOWS\SYSTEM32\kernel.appcore.dll
0x00007ffee8e60000 - 0x00007ffee8e6a000 	C:\Program Files\Android\Android Studio\jbr\bin\jimage.dll
0x00007ffee7d70000 - 0x00007ffee7fa3000 	C:\WINDOWS\SYSTEM32\DBGHELP.DLL
0x00007ffeec250000 - 0x00007ffeec5d9000 	C:\WINDOWS\System32\combase.dll
0x00007ffeed820000 - 0x00007ffeed8f7000 	C:\WINDOWS\System32\OLEAUT32.dll
0x00007ffedbee0000 - 0x00007ffedbf12000 	C:\WINDOWS\SYSTEM32\dbgcore.DLL
0x00007ffeebbe0000 - 0x00007ffeebc5a000 	C:\WINDOWS\System32\bcryptPrimitives.dll
0x00007ffee7a90000 - 0x00007ffee7ab5000 	C:\Program Files\Android\Android Studio\jbr\bin\java.dll
0x00007ffee7a50000 - 0x00007ffee7a68000 	C:\Program Files\Android\Android Studio\jbr\bin\zip.dll
0x00007ffeec690000 - 0x00007ffeecee9000 	C:\WINDOWS\System32\SHELL32.dll
0x00007ffee9190000 - 0x00007ffee9a84000 	C:\WINDOWS\SYSTEM32\windows.storage.dll
0x00007ffee9050000 - 0x00007ffee918e000 	C:\WINDOWS\SYSTEM32\wintypes.dll
0x00007ffeedaa0000 - 0x00007ffeedb93000 	C:\WINDOWS\System32\SHCORE.dll
0x00007ffeebc80000 - 0x00007ffeebcde000 	C:\WINDOWS\System32\shlwapi.dll
0x00007ffeeb1b0000 - 0x00007ffeeb1d6000 	C:\WINDOWS\SYSTEM32\profapi.dll
0x00007ffee66f0000 - 0x00007ffee6709000 	C:\Program Files\Android\Android Studio\jbr\bin\net.dll
0x00007ffee3540000 - 0x00007ffee3677000 	C:\WINDOWS\SYSTEM32\WINHTTP.dll
0x00007ffeea700000 - 0x00007ffeea769000 	C:\WINDOWS\system32\mswsock.dll
0x00007ffee64b0000 - 0x00007ffee64c6000 	C:\Program Files\Android\Android Studio\jbr\bin\nio.dll
0x00007ffee8ca0000 - 0x00007ffee8cb0000 	C:\Program Files\Android\Android Studio\jbr\bin\verify.dll
0x00007ffec9210000 - 0x00007ffec9237000 	C:\Users\User\.gradle\native\68d5fa5c4cc2d200863cafc0d521ce42e7d3e7ee720ec0a83991735586a16f82\windows-amd64\native-platform.dll
0x00007ffec8830000 - 0x00007ffec8974000 	C:\Users\User\.gradle\native\e376f236ea51e6404a007f0833ffe2c6e607c4080706a723a18a27aeea778392\windows-amd64\native-platform-file-events.dll
0x00007ffee7ba0000 - 0x00007ffee7ba9000 	C:\Program Files\Android\Android Studio\jbr\bin\management.dll
0x00007ffee7b70000 - 0x00007ffee7b7b000 	C:\Program Files\Android\Android Studio\jbr\bin\management_ext.dll
0x00007ffeebfe0000 - 0x00007ffeebfe8000 	C:\WINDOWS\System32\PSAPI.DLL
0x00007ffeea950000 - 0x00007ffeea96b000 	C:\WINDOWS\SYSTEM32\CRYPTSP.dll
0x00007ffeea200000 - 0x00007ffeea235000 	C:\WINDOWS\system32\rsaenh.dll
0x00007ffeea7f0000 - 0x00007ffeea81c000 	C:\WINDOWS\SYSTEM32\USERENV.dll
0x00007ffeeab20000 - 0x00007ffeeab48000 	C:\WINDOWS\SYSTEM32\bcrypt.dll
0x00007ffeea970000 - 0x00007ffeea97c000 	C:\WINDOWS\SYSTEM32\CRYPTBASE.dll
0x00007ffee9d00000 - 0x00007ffee9d2d000 	C:\WINDOWS\SYSTEM32\IPHLPAPI.DLL
0x00007ffeedba0000 - 0x00007ffeedba9000 	C:\WINDOWS\System32\NSI.dll
0x00007ffee29d0000 - 0x00007ffee29e9000 	C:\WINDOWS\SYSTEM32\dhcpcsvc6.DLL
0x00007ffee2830000 - 0x00007ffee284f000 	C:\WINDOWS\SYSTEM32\dhcpcsvc.DLL
0x00007ffee9d70000 - 0x00007ffee9e69000 	C:\WINDOWS\SYSTEM32\DNSAPI.dll
0x00007ffee7990000 - 0x00007ffee7998000 	C:\WINDOWS\system32\wshunix.dll

dbghelp: loaded successfully - version: 4.0.5 - missing functions: none
symbol engine: initialized successfully - sym options: 0x614 - pdb path: .;C:\Program Files\Android\Android Studio\jbr\bin;C:\WINDOWS\SYSTEM32;C:\WINDOWS\WinSxS\amd64_microsoft.windows.common-controls_6595b64144ccf1df_6.0.22621.2506_none_270c5ae97388e100;C:\Program Files\Android\Android Studio\jbr\bin\server;C:\Users\User\.gradle\native\68d5fa5c4cc2d200863cafc0d521ce42e7d3e7ee720ec0a83991735586a16f82\windows-amd64;C:\Users\User\.gradle\native\e376f236ea51e6404a007f0833ffe2c6e607c4080706a723a18a27aeea778392\windows-amd64

VM Arguments:
jvm_args: --add-opens=java.base/java.util=ALL-UNNAMED --add-opens=java.base/java.lang=ALL-UNNAMED --add-opens=java.base/java.lang.invoke=ALL-UNNAMED --add-opens=java.prefs/java.util.prefs=ALL-UNNAMED --add-opens=java.base/java.nio.charset=ALL-UNNAMED --add-opens=java.base/java.net=ALL-UNNAMED --add-opens=java.base/java.util.concurrent.atomic=ALL-UNNAMED -Xmx2048m -Dfile.encoding=UTF-8 -Duser.country=US -Duser.language=en -Duser.variant 
java_command: org.gradle.launcher.daemon.bootstrap.GradleDaemon 8.0
java_class_path (initial): C:\Users\User\.gradle\wrapper\dists\gradle-8.0-bin\ca5e32bp14vu59qr306oxotwh\gradle-8.0\lib\gradle-launcher-8.0.jar
Launcher Type: SUN_STANDARD

[Global flags]
     intx CICompilerCount                          = 4                                         {product} {ergonomic}
     uint ConcGCThreads                            = 2                                         {product} {ergonomic}
     uint G1ConcRefinementThreads                  = 8                                         {product} {ergonomic}
   size_t G1HeapRegionSize                         = 1048576                                   {product} {ergonomic}
    uintx GCDrainStackTargetSize                   = 64                                        {product} {ergonomic}
   size_t InitialHeapSize                          = 132120576                                 {product} {ergonomic}
   size_t MarkStackSize                            = 4194304                                   {product} {ergonomic}
   size_t MaxHeapSize                              = 2147483648                                {product} {command line}
   size_t MaxNewSize                               = 1287651328                                {product} {ergonomic}
   size_t MinHeapDeltaBytes                        = 1048576                                   {product} {ergonomic}
   size_t MinHeapSize                              = 8388608                                   {product} {ergonomic}
    uintx NonNMethodCodeHeapSize                   = 5839372                                {pd product} {ergonomic}
    uintx NonProfiledCodeHeapSize                  = 122909434                              {pd product} {ergonomic}
    uintx ProfiledCodeHeapSize                     = 122909434                              {pd product} {ergonomic}
    uintx ReservedCodeCacheSize                    = 251658240                              {pd product} {ergonomic}
     bool SegmentedCodeCache                       = true                                      {product} {ergonomic}
   size_t SoftMaxHeapSize                          = 2147483648                             {manageable} {ergonomic}
     bool UseCompressedClassPointers               = true                           {product lp64_product} {ergonomic}
     bool UseCompressedOops                        = true                           {product lp64_product} {ergonomic}
     bool UseG1GC                                  = true                                      {product} {ergonomic}
     bool UseLargePagesIndividualAllocation        = false                                  {pd product} {ergonomic}

Logging:
Log output configuration:
 #0: stdout all=warning uptime,level,tags
 #1: stderr all=off uptime,level,tags

Environment Variables:
JAVA_HOME=C:\Program Files\Java\jdk-20.0.1
PATH=C:\Program Files (x86)\Common Files\Oracle\Java\javapath;C:\Python311\Scripts\;C:\Python311\;C:\Program Files (x86)\Falcon\MinGW\bin;C:\WINDOWS\system32;C:\WINDOWS;C:\WINDOWS\System32\Wbem;C:\WINDOWS\System32\WindowsPowerShell\v1.0\;C:\WINDOWS\System32\OpenSSH\;C:\Program Files\Microsoft SQL Server\130\Tools\Binn\;C:\sqlite3;C:\Program Files (x86)\Microsoft SQL Server\150\DTS\Binn\;C:\Program Files\Azure Data Studio\bin;C:\Program Files\Microsoft SQL Server\Client SDK\ODBC\170\Tools\Binn\;C:\Program Files (x86)\Microsoft SQL Server\150\Tools\Binn\;C:\Program Files\Microsoft SQL Server\150\Tools\Binn\;C:\Program Files\Microsoft SQL Server\150\DTS\Binn\;C:\xampp\php;C:\ProgramData\ComposerSetup\bin;C:\Program Files\dotnet\;C:\Users\User\AppData\Local\Android\Sdk\cmdline-tools\bin;C:\Program Files\Java\;C:\Program Files\Git\cmd;C:\Program Files\nodejs\;C:\ProgramData\chocolatey\bin;C:\Program Files (x86)\GTK2-Runtime\lib;C:\Program Files (x86)\Common Files\Oracle\Java\javapath;C:\Python311\Scripts\;C:\Python311\;C:\Program Files (x86)\Falcon\MinGW\bin;C:\WINDOWS\system32;C:\WINDOWS;C:\WINDOWS\System32\Wbem;C:\WINDOWS\System32\WindowsPowerShell\v1.0\;C:\WINDOWS\System32\OpenSSH\;C:\Program Files\Microsoft SQL Server\130\Tools\Binn\;C:\sqlite3;C:\Program Files (x86)\Microsoft SQL Server\150\DTS\Binn\;C:\Program Files\Azure Data Studio\bin;C:\Program Files\Microsoft SQL Server\Client SDK\ODBC\170\Tools\Binn\;C:\Program Files (x86)\Microsoft SQL Server\150\Tools\Binn\;C:\Program Files\Microsoft SQL Server\150\Tools\Binn\;C:\Program Files\Microsoft SQL Server\150\DTS\Binn\;C:\xampp\php;C:\ProgramData\ComposerSetup\bin;C:\Program Files\dotnet\;C:\Users\User\AppData\Local\Android\Sdk\cmdline-tools\bin;C:\Program Files\Java\;C:\Program Files\Git\cmd;C:\Program Files\nodejs\;C:\ProgramData\chocolatey\bin;C:\Program Files (x86)\GTK2-Runtime\lib;C:\Program Files\nodejs\node_modules\npm\bin;C:\Program Files\MySQL\MySQL Shell 8.0\bin\;C:\Users\User\AppData\Local\Microsoft\Windows
USERNAME=User
OS=Windows_NT
PROCESSOR_IDENTIFIER=Intel64 Family 6 Model 140 Stepping 1, GenuineIntel
TMP=C:\Users\User\AppData\Local\Temp
TEMP=C:\Users\User\AppData\Local\Temp


JNI global refs:
JNI global refs: 25, weak refs: 2

JNI global refs memory usage: 843, weak refs: 841


---------------  S Y S T E M  ---------------

OS:
 Windows 11 , 64 bit Build 22621 (10.0.22621.2506)
OS uptime: 1 days 23:53 hours

CPU: total 8 (initial active 8) (4 cores per cpu, 2 threads per core) family 6 model 140 stepping 1 microcode 0x78, cx8, cmov, fxsr, ht, mmx, 3dnowpref, sse, sse2, sse3, ssse3, sse4.1, sse4.2, popcnt, lzcnt, tsc, tscinvbit, avx, avx2, aes, erms, clmul, bmi1, bmi2, adx, avx512f, avx512dq, avx512cd, avx512bw, avx512vl, sha, fma, vzeroupper, avx512_vpopcntdq, avx512_vpclmulqdq, avx512_vaes, avx512_vnni, clflush, clflushopt, clwb, avx512_vbmi2, avx512_vbmi

Memory: 4k page, system-wide physical 7991M (1002M free)
TotalPageFile size 10039M (AvailPageFile size 193M)
current process WorkingSet (physical memory assigned to process): 335M, peak: 335M
current process commit charge ("private bytes"): 381M, peak: 589M

vm_info: OpenJDK 64-Bit Server VM (17.0.6+0-b2043.56-10027231) for windows-amd64 JRE (17.0.6+0-b2043.56-10027231), built on Apr 28 2023 00:43:19 by "androidbuild" with MS VC++ 16.10 / 16.11 (VS2019)

END.
