#
# There is insufficient memory for the Java Runtime Environment to continue.
# Native memory allocation (mmap) failed to map 4096000 bytes for G1 virtual space
# Possible reasons:
#   The system is out of physical RAM or swap space
#   The process is running with CompressedOops enabled, and the Java Heap may be blocking the growth of the native heap
# Possible solutions:
#   Reduce memory load on the system
#   Increase physical memory or swap space
#   Check if swap backing store is full
#   Decrease Java heap size (-Xmx/-Xms)
#   Decrease number of Java threads
#   Decrease Java thread stack sizes (-Xss)
#   Set larger code cache with -XX:ReservedCodeCacheSize=
#   JVM is running with Unscaled Compressed Oops mode in which the Java heap is
#     placed in the first 4GB address space. The Java Heap base address is the
#     maximum limit for the native heap growth. Please use -XX:HeapBaseMinAddress
#     to set the Java Heap base and to place the Java Heap above 4GB virtual address.
# This output file may be truncated or incomplete.
#
#  Out of Memory Error (os_windows.cpp:3769), pid=14292, tid=12268
#
# JRE version: OpenJDK Runtime Environment (17.0.6) (build 17.0.6+0-b2043.56-10027231)
# Java VM: OpenJDK 64-Bit Server VM (17.0.6+0-b2043.56-10027231, mixed mode, tiered, compressed oops, compressed class ptrs, g1 gc, windows-amd64)
# No core dump will be written. Minidumps are not enabled by default on client versions of Windows
#

---------------  S U M M A R Y ------------

Command Line: --add-opens=java.base/java.util=ALL-UNNAMED --add-opens=java.base/java.lang=ALL-UNNAMED --add-opens=java.base/java.lang.invoke=ALL-UNNAMED --add-opens=java.prefs/java.util.prefs=ALL-UNNAMED --add-opens=java.base/java.nio.charset=ALL-UNNAMED --add-opens=java.base/java.net=ALL-UNNAMED --add-opens=java.base/java.util.concurrent.atomic=ALL-UNNAMED -Xmx2048m -Dfile.encoding=UTF-8 -Duser.country=US -Duser.language=en -Duser.variant org.gradle.launcher.daemon.bootstrap.GradleDaemon 8.0

Host: 11th Gen Intel(R) Core(TM) i5-1135G7 @ 2.40GHz, 8 cores, 7G,  Windows 11 , 64 bit Build 22621 (10.0.22621.2428)
Time: Sun Nov 12 14:13:25 2023 E. Africa Standard Time elapsed time: 7.376425 seconds (0d 0h 0m 7s)

---------------  T H R E A D  ---------------

Current thread (0x000001fffec34a30):  VMThread "VM Thread" [stack: 0x000000b807500000,0x000000b807600000] [id=12268]

Stack: [0x000000b807500000,0x000000b807600000]
Native frames: (J=compiled Java code, j=interpreted, Vv=VM code, C=native code)
V  [jvm.dll+0x683c9a]
V  [jvm.dll+0x8427a4]
V  [jvm.dll+0x843f9e]
V  [jvm.dll+0x844603]
V  [jvm.dll+0x249b75]
V  [jvm.dll+0x680b69]
V  [jvm.dll+0x67505a]
V  [jvm.dll+0x309acb]
V  [jvm.dll+0x310f86]
V  [jvm.dll+0x360903]
V  [jvm.dll+0x360b1f]
V  [jvm.dll+0x2dfbf8]
V  [jvm.dll+0x2ddec4]
V  [jvm.dll+0x2dd4cc]
V  [jvm.dll+0x321f3b]
V  [jvm.dll+0x848ccb]
V  [jvm.dll+0x849a04]
V  [jvm.dll+0x849f1d]
V  [jvm.dll+0x84a2f4]
V  [jvm.dll+0x84a3c0]
V  [jvm.dll+0x7f274a]
V  [jvm.dll+0x682ad5]
C  [ucrtbase.dll+0x29363]
C  [KERNEL32.DLL+0x1257d]
C  [ntdll.dll+0x5aa78]

VM_Operation (0x000000b808efa060): G1CollectForAllocation, mode: safepoint, requested by thread 0x000001ff8ff79110


---------------  P R O C E S S  ---------------

Threads class SMR info:
_java_thread_list=0x000001ff998f9e70, length=128, elements={
0x000001fff3dcc5d0, 0x000001fffec06490, 0x000001fffec07040, 0x000001ffff81fa30,
0x000001ffff8205e0, 0x000001ffff8230a0, 0x000001ffff8383c0, 0x000001ffff839b60,
0x000001ffff83a460, 0x000001ffff83baa0, 0x000001ffff9a7960, 0x000001ffff9a8e40,
0x000001ffffbaaab0, 0x000001ff8f40c310, 0x000001ff905b8020, 0x000001ff90748030,
0x000001ff91e3f7f0, 0x000001ff90702d50, 0x000001ff91841030, 0x000001ff8faeef10,
0x000001ff8ff79110, 0x000001ff902973e0, 0x000001ff902960a0, 0x000001ff90296570,
0x000001ff902943c0, 0x000001ff90296f10, 0x000001ff90294d60, 0x000001ff90295700,
0x000001ff90296a40, 0x000001ff90293ef0, 0x000001ff90295bd0, 0x000001ff90295230,
0x000001ff936fad40, 0x000001ff936f9a00, 0x000001ff936fb210, 0x000001ff936fb6e0,
0x000001ff936fc550, 0x000001ff936f9ed0, 0x000001ff936fa3a0, 0x000001ff93f9bf40,
0x000001ff93f96d70, 0x000001ff93f963d0, 0x000001ff93f946f0, 0x000001ff93f98f20,
0x000001ff93f993f0, 0x000001ff93f97710, 0x000001ff93f99d90, 0x000001ff93f998c0,
0x000001ff93f9ac00, 0x000001ff93f97be0, 0x000001ff93f95f00, 0x000001ff93f9a260,
0x000001ff93f9ba70, 0x000001ff93f94bc0, 0x000001ff93f9a730, 0x000001ff93f9b0d0,
0x000001ff93f98580, 0x000001ff93f95090, 0x000001ff93f980b0, 0x000001ff93f9b5a0,
0x000001ff93f95560, 0x000001ff93f95a30, 0x000001ff93f98a50, 0x000001ff93f968a0,
0x000001ff95dafaa0, 0x000001ff95db0440, 0x000001ff95db25f0, 0x000001ff95db5ae0,
0x000001ff95db2ac0, 0x000001ff95db0910, 0x000001ff95db0de0, 0x000001ff95db2f90,
0x000001ff95db6480, 0x000001ff95daf100, 0x000001ff95db5610, 0x000001ff95db3460,
0x000001ff95db12b0, 0x000001ff95db6950, 0x000001ff95db5fb0, 0x000001ff95daf5d0,
0x000001ff95db1780, 0x000001ff95daff70, 0x000001ff95db1c50, 0x000001ff95db2120,
0x000001ff95db3930, 0x000001ff95db3e00, 0x000001ff95db42d0, 0x000001ff95db47a0,
0x000001ff95db4c70, 0x000001ff95db5140, 0x000001ff956e0820, 0x000001ff956e76d0,
0x000001ff956dfe80, 0x000001ff956e5050, 0x000001ff956e1690, 0x000001ff956e29d0,
0x000001ff956e59f0, 0x000001ff956e5520, 0x000001ff956e6d30, 0x000001ff956e6390,
0x000001ff956e2ea0, 0x000001ff956e2500, 0x000001ff956e3370, 0x000001ff956e0350,
0x000001ff956e3840, 0x000001ff956e1b60, 0x000001ff956e3d10, 0x000001ff956e0cf0,
0x000001ff956e11c0, 0x000001ff956e2030, 0x000001ff956e6860, 0x000001ff956e41e0,
0x000001ff956e7200, 0x000001ff956e46b0, 0x000001ff956e5ec0, 0x000001ff956e4b80,
0x000001ff951f7b10, 0x000001ff951f5960, 0x000001ff951f7fe0, 0x000001ff951f6ca0,
0x000001ff951f1ad0, 0x000001ff951f3c80, 0x000001ff951f7640, 0x000001ff951f7170,
0x000001ff951f84b0, 0x000001ff951f8980, 0x000001ff951f8e50, 0x000001ff951f9320
}

Java Threads: ( => current thread )
  0x000001fff3dcc5d0 JavaThread "main" [_thread_blocked, id=15076, stack(0x000000b806f00000,0x000000b807000000)]
  0x000001fffec06490 JavaThread "Reference Handler" daemon [_thread_blocked, id=8948, stack(0x000000b807600000,0x000000b807700000)]
  0x000001fffec07040 JavaThread "Finalizer" daemon [_thread_blocked, id=14140, stack(0x000000b807700000,0x000000b807800000)]
  0x000001ffff81fa30 JavaThread "Signal Dispatcher" daemon [_thread_blocked, id=1404, stack(0x000000b807800000,0x000000b807900000)]
  0x000001ffff8205e0 JavaThread "Attach Listener" daemon [_thread_blocked, id=16300, stack(0x000000b807900000,0x000000b807a00000)]
  0x000001ffff8230a0 JavaThread "Service Thread" daemon [_thread_blocked, id=3772, stack(0x000000b807a00000,0x000000b807b00000)]
  0x000001ffff8383c0 JavaThread "Monitor Deflation Thread" daemon [_thread_blocked, id=5816, stack(0x000000b807b00000,0x000000b807c00000)]
  0x000001ffff839b60 JavaThread "C2 CompilerThread0" daemon [_thread_blocked, id=13452, stack(0x000000b807c00000,0x000000b807d00000)]
  0x000001ffff83a460 JavaThread "C1 CompilerThread0" daemon [_thread_blocked, id=3944, stack(0x000000b807d00000,0x000000b807e00000)]
  0x000001ffff83baa0 JavaThread "Sweeper thread" daemon [_thread_blocked, id=9624, stack(0x000000b807e00000,0x000000b807f00000)]
  0x000001ffff9a7960 JavaThread "Common-Cleaner" daemon [_thread_blocked, id=11512, stack(0x000000b807f00000,0x000000b808000000)]
  0x000001ffff9a8e40 JavaThread "Notification Thread" daemon [_thread_blocked, id=12512, stack(0x000000b808000000,0x000000b808100000)]
  0x000001ffffbaaab0 JavaThread "C2 CompilerThread1" daemon [_thread_blocked, id=16332, stack(0x000000b808200000,0x000000b808300000)]
  0x000001ff8f40c310 JavaThread "C2 CompilerThread2" daemon [_thread_blocked, id=9524, stack(0x000000b808300000,0x000000b808400000)]
  0x000001ff905b8020 JavaThread "Daemon health stats" [_thread_blocked, id=14344, stack(0x000000b808800000,0x000000b808900000)]
  0x000001ff90748030 JavaThread "Incoming local TCP Connector on port 62090" [_thread_in_native, id=13660, stack(0x000000b808900000,0x000000b808a00000)]
  0x000001ff91e3f7f0 JavaThread "Daemon periodic checks" [_thread_blocked, id=14440, stack(0x000000b808a00000,0x000000b808b00000)]
  0x000001ff90702d50 JavaThread "Daemon" [_thread_blocked, id=15960, stack(0x000000b808b00000,0x000000b808c00000)]
  0x000001ff91841030 JavaThread "Handler for socket connection from /127.0.0.1:62090 to /127.0.0.1:62091" [_thread_in_native, id=3752, stack(0x000000b808c00000,0x000000b808d00000)]
  0x000001ff8faeef10 JavaThread "Cancel handler" [_thread_blocked, id=11816, stack(0x000000b808d00000,0x000000b808e00000)]
  0x000001ff8ff79110 JavaThread "Daemon worker" [_thread_blocked, id=16428, stack(0x000000b808e00000,0x000000b808f00000)]
  0x000001ff902973e0 JavaThread "Asynchronous log dispatcher for DefaultDaemonConnection: socket connection from /127.0.0.1:62090 to /127.0.0.1:62091" [_thread_blocked, id=16188, stack(0x000000b808f00000,0x000000b809000000)]
  0x000001ff902960a0 JavaThread "Stdin handler" [_thread_blocked, id=13488, stack(0x000000b809000000,0x000000b809100000)]
  0x000001ff90296570 JavaThread "Daemon client event forwarder" [_thread_blocked, id=11736, stack(0x000000b809100000,0x000000b809200000)]
  0x000001ff902943c0 JavaThread "Cache worker for journal cache (C:\Users\User\.gradle\caches\journal-1)" [_thread_blocked, id=14560, stack(0x000000b809600000,0x000000b809700000)]
  0x000001ff90296f10 JavaThread "File lock request listener" [_thread_in_native, id=12392, stack(0x000000b809700000,0x000000b809800000)]
  0x000001ff90294d60 JavaThread "Cache worker for file hash cache (C:\Users\User\.gradle\caches\8.0\fileHashes)" [_thread_blocked, id=12732, stack(0x000000b809800000,0x000000b809900000)]
  0x000001ff90295700 JavaThread "File watcher server" daemon [_thread_in_native, id=12588, stack(0x000000b809900000,0x000000b809a00000)]
  0x000001ff90296a40 JavaThread "File watcher consumer" daemon [_thread_blocked, id=16076, stack(0x000000b809a00000,0x000000b809b00000)]
  0x000001ff90293ef0 JavaThread "Cache worker for checksums cache (C:\Users\User\AndroidStudioProjects\RepairPal\.gradle\8.0\checksums)" [_thread_blocked, id=16168, stack(0x000000b809b00000,0x000000b809c00000)]
  0x000001ff90295bd0 JavaThread "Cache worker for cache directory md-rule (C:\Users\User\.gradle\caches\8.0\md-rule)" [_thread_blocked, id=14056, stack(0x000000b809c00000,0x000000b809d00000)]
  0x000001ff90295230 JavaThread "Cache worker for file content cache (C:\Users\User\.gradle\caches\8.0\fileContent)" [_thread_blocked, id=1612, stack(0x000000b809d00000,0x000000b809e00000)]
  0x000001ff936fad40 JavaThread "Cache worker for file hash cache (C:\Users\User\AndroidStudioProjects\RepairPal\.gradle\8.0\fileHashes)" [_thread_blocked, id=13696, stack(0x000000b809e00000,0x000000b809f00000)]
  0x000001ff936f9a00 JavaThread "Cache worker for cache directory md-supplier (C:\Users\User\.gradle\caches\8.0\md-supplier)" [_thread_blocked, id=1436, stack(0x000000b809f00000,0x000000b80a000000)]
  0x000001ff936fb210 JavaThread "Cache worker for execution history cache (C:\Users\User\.gradle\caches\8.0\executionHistory)" [_thread_blocked, id=16960, stack(0x000000b80a000000,0x000000b80a100000)]
  0x000001ff936fb6e0 JavaThread "jar transforms" [_thread_blocked, id=17052, stack(0x000000b80a100000,0x000000b80a200000)]
  0x000001ff936fc550 JavaThread "jar transforms Thread 2" [_thread_blocked, id=13324, stack(0x000000b80a200000,0x000000b80a300000)]
  0x000001ff936f9ed0 JavaThread "Cache worker for kotlin-dsl (C:\Users\User\.gradle\caches\8.0\kotlin-dsl)" [_thread_blocked, id=14916, stack(0x000000b80a500000,0x000000b80a600000)]
  0x000001ff936fa3a0 JavaThread "jar transforms Thread 3" [_thread_blocked, id=300, stack(0x000000b80a600000,0x000000b80a700000)]
  0x000001ff93f9bf40 JavaThread "jar transforms Thread 4" [_thread_blocked, id=13244, stack(0x000000b80a700000,0x000000b80a800000)]
  0x000001ff93f96d70 JavaThread "Cache worker for dependencies-accessors (C:\Users\User\AndroidStudioProjects\RepairPal\.gradle\8.0\dependencies-accessors)" [_thread_blocked, id=16904, stack(0x000000b80a800000,0x000000b80a900000)]
  0x000001ff93f963d0 JavaThread "Cache worker for Build Output Cleanup Cache (C:\Users\User\AndroidStudioProjects\RepairPal\.gradle\buildOutputCleanup)" [_thread_blocked, id=10984, stack(0x000000b80a900000,0x000000b80aa00000)]
  0x000001ff93f946f0 JavaThread "jar transforms Thread 5" [_thread_blocked, id=17128, stack(0x000000b80aa00000,0x000000b80ab00000)]
  0x000001ff93f98f20 JavaThread "Unconstrained build operations" [_thread_blocked, id=12468, stack(0x000000b80ab00000,0x000000b80ac00000)]
  0x000001ff93f993f0 JavaThread "Unconstrained build operations Thread 2" [_thread_blocked, id=17344, stack(0x000000b80ac00000,0x000000b80ad00000)]
  0x000001ff93f97710 JavaThread "Unconstrained build operations Thread 3" [_thread_blocked, id=10852, stack(0x000000b80ad00000,0x000000b80ae00000)]
  0x000001ff93f99d90 JavaThread "Unconstrained build operations Thread 4" [_thread_blocked, id=4256, stack(0x000000b80ae00000,0x000000b80af00000)]
  0x000001ff93f998c0 JavaThread "Unconstrained build operations Thread 5" [_thread_blocked, id=5448, stack(0x000000b80af00000,0x000000b80b000000)]
  0x000001ff93f9ac00 JavaThread "Unconstrained build operations Thread 6" [_thread_blocked, id=11688, stack(0x000000b80b000000,0x000000b80b100000)]
  0x000001ff93f97be0 JavaThread "Unconstrained build operations Thread 7" [_thread_blocked, id=14576, stack(0x000000b80b100000,0x000000b80b200000)]
  0x000001ff93f95f00 JavaThread "Unconstrained build operations Thread 8" [_thread_blocked, id=11952, stack(0x000000b80b200000,0x000000b80b300000)]
  0x000001ff93f9a260 JavaThread "Unconstrained build operations Thread 9" [_thread_blocked, id=14668, stack(0x000000b80b300000,0x000000b80b400000)]
  0x000001ff93f9ba70 JavaThread "Unconstrained build operations Thread 10" [_thread_blocked, id=8748, stack(0x000000b80b400000,0x000000b80b500000)]
  0x000001ff93f94bc0 JavaThread "Unconstrained build operations Thread 11" [_thread_blocked, id=13992, stack(0x000000b80b500000,0x000000b80b600000)]
  0x000001ff93f9a730 JavaThread "Unconstrained build operations Thread 12" [_thread_blocked, id=16736, stack(0x000000b80b600000,0x000000b80b700000)]
  0x000001ff93f9b0d0 JavaThread "Unconstrained build operations Thread 13" [_thread_blocked, id=7704, stack(0x000000b80b700000,0x000000b80b800000)]
  0x000001ff93f98580 JavaThread "Unconstrained build operations Thread 14" [_thread_blocked, id=7656, stack(0x000000b80b800000,0x000000b80b900000)]
  0x000001ff93f95090 JavaThread "Unconstrained build operations Thread 15" [_thread_blocked, id=15404, stack(0x000000b80b900000,0x000000b80ba00000)]
  0x000001ff93f980b0 JavaThread "Unconstrained build operations Thread 16" [_thread_blocked, id=13476, stack(0x000000b80ba00000,0x000000b80bb00000)]
  0x000001ff93f9b5a0 JavaThread "Unconstrained build operations Thread 17" [_thread_blocked, id=3060, stack(0x000000b80bb00000,0x000000b80bc00000)]
  0x000001ff93f95560 JavaThread "Unconstrained build operations Thread 18" [_thread_blocked, id=6996, stack(0x000000b80bc00000,0x000000b80bd00000)]
  0x000001ff93f95a30 JavaThread "Unconstrained build operations Thread 19" [_thread_blocked, id=12644, stack(0x000000b80bd00000,0x000000b80be00000)]
  0x000001ff93f98a50 JavaThread "Unconstrained build operations Thread 20" [_thread_blocked, id=13372, stack(0x000000b80be00000,0x000000b80bf00000)]
  0x000001ff93f968a0 JavaThread "Unconstrained build operations Thread 21" [_thread_blocked, id=12252, stack(0x000000b80bf00000,0x000000b80c000000)]
  0x000001ff95dafaa0 JavaThread "Unconstrained build operations Thread 22" [_thread_blocked, id=17320, stack(0x000000b80c000000,0x000000b80c100000)]
  0x000001ff95db0440 JavaThread "Unconstrained build operations Thread 23" [_thread_blocked, id=8492, stack(0x000000b80c100000,0x000000b80c200000)]
  0x000001ff95db25f0 JavaThread "Unconstrained build operations Thread 24" [_thread_blocked, id=1656, stack(0x000000b80c200000,0x000000b80c300000)]
  0x000001ff95db5ae0 JavaThread "Unconstrained build operations Thread 25" [_thread_blocked, id=11904, stack(0x000000b80c300000,0x000000b80c400000)]
  0x000001ff95db2ac0 JavaThread "Unconstrained build operations Thread 26" [_thread_blocked, id=15228, stack(0x000000b80c400000,0x000000b80c500000)]
  0x000001ff95db0910 JavaThread "Unconstrained build operations Thread 27" [_thread_blocked, id=10248, stack(0x000000b80c500000,0x000000b80c600000)]
  0x000001ff95db0de0 JavaThread "Unconstrained build operations Thread 28" [_thread_blocked, id=11432, stack(0x000000b80c600000,0x000000b80c700000)]
  0x000001ff95db2f90 JavaThread "Unconstrained build operations Thread 29" [_thread_blocked, id=2416, stack(0x000000b80c700000,0x000000b80c800000)]
  0x000001ff95db6480 JavaThread "Unconstrained build operations Thread 30" [_thread_blocked, id=1676, stack(0x000000b80c800000,0x000000b80c900000)]
  0x000001ff95daf100 JavaThread "Unconstrained build operations Thread 31" [_thread_blocked, id=16120, stack(0x000000b80c900000,0x000000b80ca00000)]
  0x000001ff95db5610 JavaThread "Unconstrained build operations Thread 32" [_thread_blocked, id=3880, stack(0x000000b80ca00000,0x000000b80cb00000)]
  0x000001ff95db3460 JavaThread "Unconstrained build operations Thread 33" [_thread_blocked, id=11480, stack(0x000000b80cb00000,0x000000b80cc00000)]
  0x000001ff95db12b0 JavaThread "Unconstrained build operations Thread 34" [_thread_blocked, id=15564, stack(0x000000b80cc00000,0x000000b80cd00000)]
  0x000001ff95db6950 JavaThread "Unconstrained build operations Thread 35" [_thread_blocked, id=292, stack(0x000000b80cd00000,0x000000b80ce00000)]
  0x000001ff95db5fb0 JavaThread "Unconstrained build operations Thread 36" [_thread_blocked, id=2588, stack(0x000000b80ce00000,0x000000b80cf00000)]
  0x000001ff95daf5d0 JavaThread "Unconstrained build operations Thread 37" [_thread_blocked, id=7592, stack(0x000000b80cf00000,0x000000b80d000000)]
  0x000001ff95db1780 JavaThread "Unconstrained build operations Thread 38" [_thread_blocked, id=6424, stack(0x000000b80d000000,0x000000b80d100000)]
  0x000001ff95daff70 JavaThread "Unconstrained build operations Thread 39" [_thread_blocked, id=10972, stack(0x000000b80d100000,0x000000b80d200000)]
  0x000001ff95db1c50 JavaThread "Unconstrained build operations Thread 40" [_thread_blocked, id=5192, stack(0x000000b80d200000,0x000000b80d300000)]
  0x000001ff95db2120 JavaThread "Unconstrained build operations Thread 41" [_thread_blocked, id=11692, stack(0x000000b80d300000,0x000000b80d400000)]
  0x000001ff95db3930 JavaThread "Unconstrained build operations Thread 42" [_thread_blocked, id=15108, stack(0x000000b80d400000,0x000000b80d500000)]
  0x000001ff95db3e00 JavaThread "Unconstrained build operations Thread 43" [_thread_blocked, id=15892, stack(0x000000b80d500000,0x000000b80d600000)]
  0x000001ff95db42d0 JavaThread "Unconstrained build operations Thread 44" [_thread_blocked, id=11012, stack(0x000000b80d600000,0x000000b80d700000)]
  0x000001ff95db47a0 JavaThread "Unconstrained build operations Thread 45" [_thread_blocked, id=17076, stack(0x000000b80d700000,0x000000b80d800000)]
  0x000001ff95db4c70 JavaThread "Unconstrained build operations Thread 46" [_thread_blocked, id=10380, stack(0x000000b80d800000,0x000000b80d900000)]
  0x000001ff95db5140 JavaThread "Unconstrained build operations Thread 47" [_thread_blocked, id=1552, stack(0x000000b80d900000,0x000000b80da00000)]
  0x000001ff956e0820 JavaThread "Unconstrained build operations Thread 48" [_thread_blocked, id=2032, stack(0x000000b80da00000,0x000000b80db00000)]
  0x000001ff956e76d0 JavaThread "Unconstrained build operations Thread 49" [_thread_blocked, id=2700, stack(0x000000b80db00000,0x000000b80dc00000)]
  0x000001ff956dfe80 JavaThread "Unconstrained build operations Thread 50" [_thread_blocked, id=1512, stack(0x000000b80dc00000,0x000000b80dd00000)]
  0x000001ff956e5050 JavaThread "Unconstrained build operations Thread 51" [_thread_blocked, id=13908, stack(0x000000b80dd00000,0x000000b80de00000)]
  0x000001ff956e1690 JavaThread "Unconstrained build operations Thread 52" [_thread_blocked, id=16016, stack(0x000000b80de00000,0x000000b80df00000)]
  0x000001ff956e29d0 JavaThread "Unconstrained build operations Thread 53" [_thread_blocked, id=3048, stack(0x000000b80df00000,0x000000b80e000000)]
  0x000001ff956e59f0 JavaThread "Unconstrained build operations Thread 54" [_thread_blocked, id=10748, stack(0x000000b80e000000,0x000000b80e100000)]
  0x000001ff956e5520 JavaThread "Unconstrained build operations Thread 55" [_thread_blocked, id=17224, stack(0x000000b80e100000,0x000000b80e200000)]
  0x000001ff956e6d30 JavaThread "Unconstrained build operations Thread 56" [_thread_blocked, id=17328, stack(0x000000b80e200000,0x000000b80e300000)]
  0x000001ff956e6390 JavaThread "Unconstrained build operations Thread 57" [_thread_blocked, id=16532, stack(0x000000b80e300000,0x000000b80e400000)]
  0x000001ff956e2ea0 JavaThread "Unconstrained build operations Thread 58" [_thread_blocked, id=14684, stack(0x000000b80e400000,0x000000b80e500000)]
  0x000001ff956e2500 JavaThread "Unconstrained build operations Thread 59" [_thread_blocked, id=4492, stack(0x000000b80e500000,0x000000b80e600000)]
  0x000001ff956e3370 JavaThread "Unconstrained build operations Thread 60" [_thread_blocked, id=16020, stack(0x000000b80e600000,0x000000b80e700000)]
  0x000001ff956e0350 JavaThread "Unconstrained build operations Thread 61" [_thread_blocked, id=14944, stack(0x000000b80e700000,0x000000b80e800000)]
  0x000001ff956e3840 JavaThread "Unconstrained build operations Thread 62" [_thread_blocked, id=10960, stack(0x000000b80e800000,0x000000b80e900000)]
  0x000001ff956e1b60 JavaThread "Unconstrained build operations Thread 63" [_thread_blocked, id=2708, stack(0x000000b80e900000,0x000000b80ea00000)]
  0x000001ff956e3d10 JavaThread "Unconstrained build operations Thread 64" [_thread_blocked, id=9912, stack(0x000000b80ea00000,0x000000b80eb00000)]
  0x000001ff956e0cf0 JavaThread "Unconstrained build operations Thread 65" [_thread_blocked, id=3028, stack(0x000000b80eb00000,0x000000b80ec00000)]
  0x000001ff956e11c0 JavaThread "Unconstrained build operations Thread 66" [_thread_blocked, id=15100, stack(0x000000b80ec00000,0x000000b80ed00000)]
  0x000001ff956e2030 JavaThread "Unconstrained build operations Thread 67" [_thread_blocked, id=9456, stack(0x000000b80ed00000,0x000000b80ee00000)]
  0x000001ff956e6860 JavaThread "Unconstrained build operations Thread 68" [_thread_blocked, id=14540, stack(0x000000b80ee00000,0x000000b80ef00000)]
  0x000001ff956e41e0 JavaThread "Unconstrained build operations Thread 69" [_thread_blocked, id=8396, stack(0x000000b80ef00000,0x000000b80f000000)]
  0x000001ff956e7200 JavaThread "Unconstrained build operations Thread 70" [_thread_blocked, id=15696, stack(0x000000b80f000000,0x000000b80f100000)]
  0x000001ff956e46b0 JavaThread "Unconstrained build operations Thread 71" [_thread_blocked, id=11900, stack(0x000000b80f100000,0x000000b80f200000)]
  0x000001ff956e5ec0 JavaThread "Unconstrained build operations Thread 72" [_thread_blocked, id=4980, stack(0x000000b80f200000,0x000000b80f300000)]
  0x000001ff956e4b80 JavaThread "Unconstrained build operations Thread 73" [_thread_blocked, id=2508, stack(0x000000b80f300000,0x000000b80f400000)]
  0x000001ff951f7b10 JavaThread "Unconstrained build operations Thread 74" [_thread_blocked, id=8920, stack(0x000000b80f400000,0x000000b80f500000)]
  0x000001ff951f5960 JavaThread "Unconstrained build operations Thread 75" [_thread_blocked, id=8772, stack(0x000000b80f500000,0x000000b80f600000)]
  0x000001ff951f7fe0 JavaThread "Unconstrained build operations Thread 76" [_thread_blocked, id=8292, stack(0x000000b80f600000,0x000000b80f700000)]
  0x000001ff951f6ca0 JavaThread "Unconstrained build operations Thread 77" [_thread_blocked, id=16876, stack(0x000000b80f700000,0x000000b80f800000)]
  0x000001ff951f1ad0 JavaThread "Unconstrained build operations Thread 78" [_thread_blocked, id=15352, stack(0x000000b80f800000,0x000000b80f900000)]
  0x000001ff951f3c80 JavaThread "Unconstrained build operations Thread 79" [_thread_blocked, id=2456, stack(0x000000b80f900000,0x000000b80fa00000)]
  0x000001ff951f7640 JavaThread "Unconstrained build operations Thread 80" [_thread_blocked, id=15596, stack(0x000000b80fa00000,0x000000b80fb00000)]
  0x000001ff951f7170 JavaThread "jar transforms Thread 6" [_thread_blocked, id=11252, stack(0x000000b80fb00000,0x000000b80fc00000)]
  0x000001ff951f84b0 JavaThread "jar transforms Thread 7" [_thread_blocked, id=4516, stack(0x000000b80fc00000,0x000000b80fd00000)]
  0x000001ff951f8980 JavaThread "jar transforms Thread 8" [_thread_blocked, id=11380, stack(0x000000b80fd00000,0x000000b80fe00000)]
  0x000001ff951f8e50 JavaThread "build event listener" [_thread_blocked, id=15672, stack(0x000000b80fe00000,0x000000b80ff00000)]
  0x000001ff951f9320 JavaThread "Memory manager" [_thread_blocked, id=16228, stack(0x000000b80ff00000,0x000000b810000000)]

Other Threads:
=>0x000001fffec34a30 VMThread "VM Thread" [stack: 0x000000b807500000,0x000000b807600000] [id=12268]
  0x000001ffff9cb500 WatcherThread [stack: 0x000000b808100000,0x000000b808200000] [id=3172]
  0x000001fff3e2b200 GCTaskThread "GC Thread#0" [stack: 0x000000b807000000,0x000000b807100000] [id=16644]
  0x000001ff8f4bd870 GCTaskThread "GC Thread#1" [stack: 0x000000b808400000,0x000000b808500000] [id=13380]
  0x000001ff8f4bdb20 GCTaskThread "GC Thread#2" [stack: 0x000000b808500000,0x000000b808600000] [id=9628]
  0x000001ff8fc5d990 GCTaskThread "GC Thread#3" [stack: 0x000000b808600000,0x000000b808700000] [id=1852]
  0x000001ff9017fd30 GCTaskThread "GC Thread#4" [stack: 0x000000b808700000,0x000000b808800000] [id=14588]
  0x000001ff9037bf70 GCTaskThread "GC Thread#5" [stack: 0x000000b809200000,0x000000b809300000] [id=12828]
  0x000001ff91cbb750 GCTaskThread "GC Thread#6" [stack: 0x000000b809300000,0x000000b809400000] [id=10356]
  0x000001ff91d01660 GCTaskThread "GC Thread#7" [stack: 0x000000b809400000,0x000000b809500000] [id=6084]
  0x000001fff3e3c140 ConcurrentGCThread "G1 Main Marker" [stack: 0x000000b807100000,0x000000b807200000] [id=10484]
  0x000001fff3e3cb50 ConcurrentGCThread "G1 Conc#0" [stack: 0x000000b807200000,0x000000b807300000] [id=7272]
  0x000001ff919bd020 ConcurrentGCThread "G1 Conc#1" [stack: 0x000000b809500000,0x000000b809600000] [id=7924]
  0x000001fff3e8eb20 ConcurrentGCThread "G1 Refine#0" [stack: 0x000000b807300000,0x000000b807400000] [id=9572]
  0x000001ff9153e040 ConcurrentGCThread "G1 Refine#1" [stack: 0x000000b80a300000,0x000000b80a400000] [id=11140]
  0x000001ff9153dd60 ConcurrentGCThread "G1 Refine#2" [stack: 0x000000b80a400000,0x000000b80a500000] [id=16936]
  0x000001fffea74720 ConcurrentGCThread "G1 Service" [stack: 0x000000b807400000,0x000000b807500000] [id=2800]

Threads with active compile tasks:
C2 CompilerThread0     7388 10081       4       org.gradle.internal.instantiation.generator.AbstractClassGenerator$InjectionAnnotationValidator::validateMethod (502 bytes)
C1 CompilerThread0     7388 10091       1       org.gradle.internal.properties.bean.AbstractNestedRuntimeBeanNode$BeanPropertyValue::access$000 (5 bytes)
C2 CompilerThread1     7388 10093       4       com.google.common.collect.AbstractMapBasedMultimap::createCollection (5 bytes)
C2 CompilerThread2     7388 10061       4       org.gradle.internal.reflect.MethodSet::add (50 bytes)

VM state: at safepoint (normal execution)

VM Mutex/Monitor currently owned by a thread:  ([mutex/lock_event])
[0x000001fff3dc8db0] Threads_lock - owner thread: 0x000001fffec34a30
[0x000001fff3dc86f0] Heap_lock - owner thread: 0x000001ff8ff79110

Heap address: 0x0000000080000000, size: 2048 MB, Compressed Oops mode: 32-bit

CDS archive(s) not mapped
Compressed class space mapped at: 0x0000000100000000-0x0000000140000000, reserved size: 1073741824
Narrow klass base: 0x0000000000000000, Narrow klass shift: 3, Narrow klass range: 0x140000000

GC Precious Log:
 CPUs: 8 total, 8 available
 Memory: 7991M
 Large Page Support: Disabled
 NUMA Support: Disabled
 Compressed Oops: Enabled (32-bit)
 Heap Region Size: 1M
 Heap Min Capacity: 8M
 Heap Initial Capacity: 126M
 Heap Max Capacity: 2G
 Pre-touch: Disabled
 Parallel Workers: 8
 Concurrent Workers: 2
 Concurrent Refinement Workers: 8
 Periodic GC: Disabled

Heap:
 garbage-first heap   total 165888K, used 87985K [0x0000000080000000, 0x0000000100000000)
  region size 1024K, 4 young (4096K), 4 survivors (4096K)
 Metaspace       used 93846K, committed 94464K, reserved 1130496K
  class space    used 12709K, committed 12992K, reserved 1048576K

Heap Regions: E=young(eden), S=young(survivor), O=old, HS=humongous(starts), HC=humongous(continues), CS=collection set, F=free, OA=open archive, CA=closed archive, TAMS=top-at-mark-start (previous, next)
|   0|0x0000000080000000, 0x0000000080100000, 0x0000000080100000|100%|HS|  |TAMS 0x0000000080100000, 0x0000000080100000| Complete 
|   1|0x0000000080100000, 0x0000000080200000, 0x0000000080200000|100%|HC|  |TAMS 0x0000000080200000, 0x0000000080200000| Complete 
|   2|0x0000000080200000, 0x0000000080300000, 0x0000000080300000|100%|HC|  |TAMS 0x0000000080300000, 0x0000000080300000| Complete 
|   3|0x0000000080300000, 0x0000000080400000, 0x0000000080400000|100%|HC|  |TAMS 0x0000000080400000, 0x0000000080400000| Complete 
|   4|0x0000000080400000, 0x0000000080500000, 0x0000000080500000|100%| O|  |TAMS 0x0000000080500000, 0x0000000080500000| Untracked 
|   5|0x0000000080500000, 0x0000000080600000, 0x0000000080600000|100%| O|  |TAMS 0x0000000080600000, 0x0000000080600000| Untracked 
|   6|0x0000000080600000, 0x0000000080700000, 0x0000000080700000|100%| O|  |TAMS 0x0000000080700000, 0x0000000080700000| Untracked 
|   7|0x0000000080700000, 0x0000000080800000, 0x0000000080800000|100%| O|  |TAMS 0x0000000080800000, 0x0000000080800000| Untracked 
|   8|0x0000000080800000, 0x0000000080900000, 0x0000000080900000|100%| O|  |TAMS 0x0000000080900000, 0x0000000080900000| Untracked 
|   9|0x0000000080900000, 0x0000000080a00000, 0x0000000080a00000|100%| O|  |TAMS 0x0000000080a00000, 0x0000000080a00000| Untracked 
|  10|0x0000000080a00000, 0x0000000080b00000, 0x0000000080b00000|100%| O|  |TAMS 0x0000000080b00000, 0x0000000080b00000| Untracked 
|  11|0x0000000080b00000, 0x0000000080c00000, 0x0000000080c00000|100%| O|  |TAMS 0x0000000080b00000, 0x0000000080c00000| Untracked 
|  12|0x0000000080c00000, 0x0000000080d00000, 0x0000000080d00000|100%| O|  |TAMS 0x0000000080d00000, 0x0000000080d00000| Untracked 
|  13|0x0000000080d00000, 0x0000000080e00000, 0x0000000080e00000|100%| O|  |TAMS 0x0000000080e00000, 0x0000000080e00000| Untracked 
|  14|0x0000000080e00000, 0x0000000080f00000, 0x0000000080f00000|100%| O|  |TAMS 0x0000000080f00000, 0x0000000080f00000| Untracked 
|  15|0x0000000080f00000, 0x0000000081000000, 0x0000000081000000|100%| O|  |TAMS 0x0000000081000000, 0x0000000081000000| Untracked 
|  16|0x0000000081000000, 0x0000000081100000, 0x0000000081100000|100%| O|  |TAMS 0x0000000081100000, 0x0000000081100000| Untracked 
|  17|0x0000000081100000, 0x0000000081200000, 0x0000000081200000|100%| O|  |TAMS 0x0000000081200000, 0x0000000081200000| Untracked 
|  18|0x0000000081200000, 0x0000000081300000, 0x0000000081300000|100%| O|  |TAMS 0x0000000081300000, 0x0000000081300000| Untracked 
|  19|0x0000000081300000, 0x0000000081400000, 0x0000000081400000|100%| O|  |TAMS 0x0000000081400000, 0x0000000081400000| Untracked 
|  20|0x0000000081400000, 0x0000000081500000, 0x0000000081500000|100%| O|  |TAMS 0x0000000081500000, 0x0000000081500000| Untracked 
|  21|0x0000000081500000, 0x0000000081600000, 0x0000000081600000|100%| O|  |TAMS 0x0000000081600000, 0x0000000081600000| Untracked 
|  22|0x0000000081600000, 0x0000000081700000, 0x0000000081700000|100%| O|  |TAMS 0x0000000081700000, 0x0000000081700000| Untracked 
|  23|0x0000000081700000, 0x0000000081800000, 0x0000000081800000|100%| O|  |TAMS 0x0000000081800000, 0x0000000081800000| Untracked 
|  24|0x0000000081800000, 0x0000000081900000, 0x0000000081900000|100%| O|  |TAMS 0x0000000081900000, 0x0000000081900000| Untracked 
|  25|0x0000000081900000, 0x0000000081a00000, 0x0000000081a00000|100%| O|  |TAMS 0x0000000081a00000, 0x0000000081a00000| Untracked 
|  26|0x0000000081a00000, 0x0000000081b00000, 0x0000000081b00000|100%| O|  |TAMS 0x0000000081b00000, 0x0000000081b00000| Untracked 
|  27|0x0000000081b00000, 0x0000000081c00000, 0x0000000081c00000|100%| O|  |TAMS 0x0000000081c00000, 0x0000000081c00000| Untracked 
|  28|0x0000000081c00000, 0x0000000081d00000, 0x0000000081d00000|100%| O|  |TAMS 0x0000000081d00000, 0x0000000081d00000| Untracked 
|  29|0x0000000081d00000, 0x0000000081e00000, 0x0000000081e00000|100%| O|  |TAMS 0x0000000081e00000, 0x0000000081e00000| Untracked 
|  30|0x0000000081e00000, 0x0000000081f00000, 0x0000000081f00000|100%| O|  |TAMS 0x0000000081f00000, 0x0000000081f00000| Untracked 
|  31|0x0000000081f00000, 0x0000000082000000, 0x0000000082000000|100%| O|  |TAMS 0x0000000082000000, 0x0000000082000000| Untracked 
|  32|0x0000000082000000, 0x0000000082100000, 0x0000000082100000|100%| O|  |TAMS 0x0000000082100000, 0x0000000082100000| Untracked 
|  33|0x0000000082100000, 0x0000000082200000, 0x0000000082200000|100%| O|  |TAMS 0x0000000082200000, 0x0000000082200000| Untracked 
|  34|0x0000000082200000, 0x0000000082300000, 0x0000000082300000|100%|HS|  |TAMS 0x0000000082300000, 0x0000000082300000| Complete 
|  35|0x0000000082300000, 0x0000000082400000, 0x0000000082400000|100%|HS|  |TAMS 0x0000000082400000, 0x0000000082400000| Complete 
|  36|0x0000000082400000, 0x0000000082500000, 0x0000000082500000|100%|HS|  |TAMS 0x0000000082500000, 0x0000000082500000| Complete 
|  37|0x0000000082500000, 0x0000000082600000, 0x0000000082600000|100%|HC|  |TAMS 0x0000000082600000, 0x0000000082600000| Complete 
|  38|0x0000000082600000, 0x0000000082700000, 0x0000000082700000|100%| O|  |TAMS 0x0000000082700000, 0x0000000082700000| Untracked 
|  39|0x0000000082700000, 0x0000000082700000, 0x0000000082800000|  0%| F|  |TAMS 0x0000000082700000, 0x0000000082700000| Untracked 
|  40|0x0000000082800000, 0x0000000082900000, 0x0000000082900000|100%| O|  |TAMS 0x0000000082900000, 0x0000000082900000| Untracked 
|  41|0x0000000082900000, 0x0000000082a00000, 0x0000000082a00000|100%| O|  |TAMS 0x0000000082a00000, 0x0000000082a00000| Untracked 
|  42|0x0000000082a00000, 0x0000000082b00000, 0x0000000082b00000|100%| O|  |TAMS 0x0000000082b00000, 0x0000000082b00000| Untracked 
|  43|0x0000000082b00000, 0x0000000082c00000, 0x0000000082c00000|100%|HS|  |TAMS 0x0000000082c00000, 0x0000000082c00000| Complete 
|  44|0x0000000082c00000, 0x0000000082d00000, 0x0000000082d00000|100%|HS|  |TAMS 0x0000000082d00000, 0x0000000082d00000| Complete 
|  45|0x0000000082d00000, 0x0000000082e00000, 0x0000000082e00000|100%|HC|  |TAMS 0x0000000082e00000, 0x0000000082e00000| Complete 
|  46|0x0000000082e00000, 0x0000000082f00000, 0x0000000082f00000|100%|HC|  |TAMS 0x0000000082f00000, 0x0000000082f00000| Complete 
|  47|0x0000000082f00000, 0x0000000083000000, 0x0000000083000000|100%|HC|  |TAMS 0x0000000083000000, 0x0000000083000000| Complete 
|  48|0x0000000083000000, 0x0000000083100000, 0x0000000083100000|100%| O|  |TAMS 0x0000000083100000, 0x0000000083100000| Untracked 
|  49|0x0000000083100000, 0x0000000083200000, 0x0000000083200000|100%| O|  |TAMS 0x0000000083200000, 0x0000000083200000| Untracked 
|  50|0x0000000083200000, 0x0000000083300000, 0x0000000083300000|100%| O|  |TAMS 0x0000000083300000, 0x0000000083300000| Untracked 
|  51|0x0000000083300000, 0x0000000083400000, 0x0000000083400000|100%| O|  |TAMS 0x0000000083400000, 0x0000000083400000| Untracked 
|  52|0x0000000083400000, 0x0000000083500000, 0x0000000083500000|100%| O|  |TAMS 0x0000000083500000, 0x0000000083500000| Untracked 
|  53|0x0000000083500000, 0x0000000083600000, 0x0000000083600000|100%| O|  |TAMS 0x0000000083600000, 0x0000000083600000| Untracked 
|  54|0x0000000083600000, 0x0000000083700000, 0x0000000083700000|100%| O|  |TAMS 0x0000000083700000, 0x0000000083700000| Untracked 
|  55|0x0000000083700000, 0x0000000083800000, 0x0000000083800000|100%| O|  |TAMS 0x0000000083800000, 0x0000000083800000| Untracked 
|  56|0x0000000083800000, 0x0000000083900000, 0x0000000083900000|100%| O|  |TAMS 0x0000000083800000, 0x0000000083900000| Untracked 
|  57|0x0000000083900000, 0x0000000083a00000, 0x0000000083a00000|100%| O|  |TAMS 0x0000000083900000, 0x0000000083a00000| Untracked 
|  58|0x0000000083a00000, 0x0000000083b00000, 0x0000000083b00000|100%| O|  |TAMS 0x0000000083b00000, 0x0000000083b00000| Untracked 
|  59|0x0000000083b00000, 0x0000000083c00000, 0x0000000083c00000|100%| O|  |TAMS 0x0000000083c00000, 0x0000000083c00000| Untracked 
|  60|0x0000000083c00000, 0x0000000083d00000, 0x0000000083d00000|100%| O|  |TAMS 0x0000000083d00000, 0x0000000083d00000| Untracked 
|  61|0x0000000083d00000, 0x0000000083d00000, 0x0000000083e00000|  0%| F|  |TAMS 0x0000000083d00000, 0x0000000083d00000| Untracked 
|  62|0x0000000083e00000, 0x0000000083f00000, 0x0000000083f00000|100%| O|  |TAMS 0x0000000083f00000, 0x0000000083f00000| Untracked 
|  63|0x0000000083f00000, 0x0000000084000000, 0x0000000084000000|100%| O|  |TAMS 0x0000000084000000, 0x0000000084000000| Untracked 
|  64|0x0000000084000000, 0x0000000084100000, 0x0000000084100000|100%| O|  |TAMS 0x0000000084000000, 0x0000000084100000| Untracked 
|  65|0x0000000084100000, 0x0000000084200000, 0x0000000084200000|100%| O|  |TAMS 0x0000000084200000, 0x0000000084200000| Untracked 
|  66|0x0000000084200000, 0x0000000084300000, 0x0000000084300000|100%| O|  |TAMS 0x0000000084300000, 0x0000000084300000| Untracked 
|  67|0x0000000084300000, 0x0000000084400000, 0x0000000084400000|100%| O|  |TAMS 0x0000000084400000, 0x0000000084400000| Untracked 
|  68|0x0000000084400000, 0x0000000084500000, 0x0000000084500000|100%| O|  |TAMS 0x0000000084400000, 0x0000000084500000| Untracked 
|  69|0x0000000084500000, 0x0000000084600000, 0x0000000084600000|100%| O|  |TAMS 0x0000000084600000, 0x0000000084600000| Untracked 
|  70|0x0000000084600000, 0x0000000084700000, 0x0000000084700000|100%| O|  |TAMS 0x0000000084700000, 0x0000000084700000| Untracked 
|  71|0x0000000084700000, 0x0000000084800000, 0x0000000084800000|100%| O|  |TAMS 0x0000000084800000, 0x0000000084800000| Untracked 
|  72|0x0000000084800000, 0x0000000084900000, 0x0000000084900000|100%| O|  |TAMS 0x0000000084900000, 0x0000000084900000| Untracked 
|  73|0x0000000084900000, 0x0000000084900000, 0x0000000084a00000|  0%| F|  |TAMS 0x0000000084900000, 0x0000000084900000| Untracked 
|  74|0x0000000084a00000, 0x0000000084b00000, 0x0000000084b00000|100%| O|  |TAMS 0x0000000084b00000, 0x0000000084b00000| Untracked 
|  75|0x0000000084b00000, 0x0000000084c00000, 0x0000000084c00000|100%| O|  |TAMS 0x0000000084b51400, 0x0000000084c00000| Untracked 
|  76|0x0000000084c00000, 0x0000000084d00000, 0x0000000084d00000|100%| O|  |TAMS 0x0000000084c00000, 0x0000000084d00000| Untracked 
|  77|0x0000000084d00000, 0x0000000084e00000, 0x0000000084e00000|100%| O|  |TAMS 0x0000000084d00000, 0x0000000084e00000| Untracked 
|  78|0x0000000084e00000, 0x0000000084f00000, 0x0000000084f00000|100%| O|  |TAMS 0x0000000084e00000, 0x0000000084f00000| Untracked 
|  79|0x0000000084f00000, 0x0000000085000000, 0x0000000085000000|100%| O|  |TAMS 0x0000000084f00000, 0x0000000085000000| Untracked 
|  80|0x0000000085000000, 0x0000000085100000, 0x0000000085100000|100%| O|  |TAMS 0x0000000085000000, 0x0000000085100000| Untracked 
|  81|0x0000000085100000, 0x0000000085200000, 0x0000000085200000|100%| O|  |TAMS 0x0000000085100000, 0x0000000085200000| Untracked 
|  82|0x0000000085200000, 0x0000000085300000, 0x0000000085300000|100%| O|  |TAMS 0x0000000085200000, 0x0000000085300000| Untracked 
|  83|0x0000000085300000, 0x0000000085400000, 0x0000000085400000|100%| O|  |TAMS 0x0000000085300000, 0x0000000085400000| Untracked 
|  84|0x0000000085400000, 0x0000000085500000, 0x0000000085500000|100%| O|  |TAMS 0x0000000085400000, 0x0000000085500000| Untracked 
|  85|0x0000000085500000, 0x0000000085545000, 0x0000000085600000| 26%| O|  |TAMS 0x0000000085500000, 0x0000000085545000| Untracked 
|  86|0x0000000085600000, 0x0000000085600000, 0x0000000085700000|  0%| F|  |TAMS 0x0000000085600000, 0x0000000085600000| Untracked 
|  87|0x0000000085700000, 0x0000000085700000, 0x0000000085800000|  0%| F|  |TAMS 0x0000000085700000, 0x0000000085700000| Untracked 
|  88|0x0000000085800000, 0x0000000085800000, 0x0000000085900000|  0%| F|  |TAMS 0x0000000085800000, 0x0000000085800000| Untracked 
|  89|0x0000000085900000, 0x0000000085900000, 0x0000000085a00000|  0%| F|  |TAMS 0x0000000085900000, 0x0000000085900000| Untracked 
|  90|0x0000000085a00000, 0x0000000085a00000, 0x0000000085b00000|  0%| F|  |TAMS 0x0000000085a00000, 0x0000000085a00000| Untracked 
|  91|0x0000000085b00000, 0x0000000085b00000, 0x0000000085c00000|  0%| F|  |TAMS 0x0000000085b00000, 0x0000000085b00000| Untracked 
|  92|0x0000000085c00000, 0x0000000085c00000, 0x0000000085d00000|  0%| F|  |TAMS 0x0000000085c00000, 0x0000000085c00000| Untracked 
|  93|0x0000000085d00000, 0x0000000085d00000, 0x0000000085e00000|  0%| F|  |TAMS 0x0000000085d00000, 0x0000000085d00000| Untracked 
|  94|0x0000000085e00000, 0x0000000085e00000, 0x0000000085f00000|  0%| F|  |TAMS 0x0000000085e00000, 0x0000000085e00000| Untracked 
|  95|0x0000000085f00000, 0x0000000085f00000, 0x0000000086000000|  0%| F|  |TAMS 0x0000000085f00000, 0x0000000085f00000| Untracked 
|  96|0x0000000086000000, 0x0000000086000000, 0x0000000086100000|  0%| F|  |TAMS 0x0000000086000000, 0x0000000086000000| Untracked 
|  97|0x0000000086100000, 0x0000000086100000, 0x0000000086200000|  0%| F|  |TAMS 0x0000000086100000, 0x0000000086100000| Untracked 
|  98|0x0000000086200000, 0x0000000086200000, 0x0000000086300000|  0%| F|  |TAMS 0x0000000086200000, 0x0000000086200000| Untracked 
|  99|0x0000000086300000, 0x0000000086300000, 0x0000000086400000|  0%| F|  |TAMS 0x0000000086300000, 0x0000000086300000| Untracked 
| 100|0x0000000086400000, 0x0000000086400000, 0x0000000086500000|  0%| F|  |TAMS 0x0000000086400000, 0x0000000086400000| Untracked 
| 101|0x0000000086500000, 0x0000000086500000, 0x0000000086600000|  0%| F|  |TAMS 0x0000000086500000, 0x0000000086500000| Untracked 
| 102|0x0000000086600000, 0x0000000086600000, 0x0000000086700000|  0%| F|  |TAMS 0x0000000086600000, 0x0000000086600000| Untracked 
| 103|0x0000000086700000, 0x0000000086700000, 0x0000000086800000|  0%| F|  |TAMS 0x0000000086700000, 0x0000000086700000| Untracked 
| 104|0x0000000086800000, 0x0000000086800000, 0x0000000086900000|  0%| F|  |TAMS 0x0000000086800000, 0x0000000086800000| Untracked 
| 105|0x0000000086900000, 0x0000000086900000, 0x0000000086a00000|  0%| F|  |TAMS 0x0000000086900000, 0x0000000086900000| Untracked 
| 106|0x0000000086a00000, 0x0000000086a00000, 0x0000000086b00000|  0%| F|  |TAMS 0x0000000086a00000, 0x0000000086a00000| Untracked 
| 107|0x0000000086b00000, 0x0000000086b00000, 0x0000000086c00000|  0%| F|  |TAMS 0x0000000086b00000, 0x0000000086b00000| Untracked 
| 108|0x0000000086c00000, 0x0000000086c00000, 0x0000000086d00000|  0%| F|  |TAMS 0x0000000086c00000, 0x0000000086c00000| Untracked 
| 109|0x0000000086d00000, 0x0000000086d00000, 0x0000000086e00000|  0%| F|  |TAMS 0x0000000086d00000, 0x0000000086d00000| Untracked 
| 110|0x0000000086e00000, 0x0000000086e00000, 0x0000000086f00000|  0%| F|  |TAMS 0x0000000086e00000, 0x0000000086e00000| Untracked 
| 111|0x0000000086f00000, 0x0000000086f00000, 0x0000000087000000|  0%| F|  |TAMS 0x0000000086f00000, 0x0000000086f00000| Untracked 
| 112|0x0000000087000000, 0x0000000087000000, 0x0000000087100000|  0%| F|  |TAMS 0x0000000087000000, 0x0000000087000000| Untracked 
| 113|0x0000000087100000, 0x0000000087100000, 0x0000000087200000|  0%| F|  |TAMS 0x0000000087100000, 0x0000000087100000| Untracked 
| 114|0x0000000087200000, 0x00000000872a7788, 0x0000000087300000| 65%| S|CS|TAMS 0x0000000087200000, 0x0000000087200000| Complete 
| 115|0x0000000087300000, 0x0000000087400000, 0x0000000087400000|100%| S|CS|TAMS 0x0000000087300000, 0x0000000087300000| Complete 
| 116|0x0000000087400000, 0x0000000087500000, 0x0000000087500000|100%| S|CS|TAMS 0x0000000087400000, 0x0000000087400000| Complete 
| 117|0x0000000087500000, 0x0000000087600000, 0x0000000087600000|100%| S|CS|TAMS 0x0000000087500000, 0x0000000087500000| Complete 
| 118|0x0000000087600000, 0x0000000087600000, 0x0000000087700000|  0%| F|  |TAMS 0x0000000087600000, 0x0000000087600000| Untracked 
| 119|0x0000000087700000, 0x0000000087700000, 0x0000000087800000|  0%| F|  |TAMS 0x0000000087700000, 0x0000000087700000| Untracked 
| 120|0x0000000087800000, 0x0000000087800000, 0x0000000087900000|  0%| F|  |TAMS 0x0000000087800000, 0x0000000087800000| Untracked 
| 121|0x0000000087900000, 0x0000000087900000, 0x0000000087a00000|  0%| F|  |TAMS 0x0000000087900000, 0x0000000087900000| Untracked 
| 122|0x0000000087a00000, 0x0000000087a00000, 0x0000000087b00000|  0%| F|  |TAMS 0x0000000087a00000, 0x0000000087a00000| Untracked 
| 123|0x0000000087b00000, 0x0000000087b00000, 0x0000000087c00000|  0%| F|  |TAMS 0x0000000087b00000, 0x0000000087b00000| Untracked 
| 124|0x0000000087c00000, 0x0000000087c00000, 0x0000000087d00000|  0%| F|  |TAMS 0x0000000087c00000, 0x0000000087c00000| Untracked 
| 125|0x0000000087d00000, 0x0000000087d00000, 0x0000000087e00000|  0%| F|  |TAMS 0x0000000087d00000, 0x0000000087d00000| Untracked 
| 126|0x0000000087e00000, 0x0000000087e00000, 0x0000000087f00000|  0%| F|  |TAMS 0x0000000087e00000, 0x0000000087e00000| Untracked 
| 127|0x0000000087f00000, 0x0000000087f00000, 0x0000000088000000|  0%| F|  |TAMS 0x0000000087f00000, 0x0000000087f00000| Untracked 
| 128|0x0000000088000000, 0x0000000088000000, 0x0000000088100000|  0%| F|  |TAMS 0x0000000088000000, 0x0000000088000000| Untracked 
| 129|0x0000000088100000, 0x0000000088100000, 0x0000000088200000|  0%| F|  |TAMS 0x0000000088100000, 0x0000000088100000| Untracked 
| 130|0x0000000088200000, 0x0000000088200000, 0x0000000088300000|  0%| F|  |TAMS 0x0000000088200000, 0x0000000088200000| Untracked 
| 131|0x0000000088300000, 0x0000000088300000, 0x0000000088400000|  0%| F|  |TAMS 0x0000000088300000, 0x0000000088300000| Untracked 
| 132|0x0000000088400000, 0x0000000088400000, 0x0000000088500000|  0%| F|  |TAMS 0x0000000088400000, 0x0000000088400000| Untracked 
| 133|0x0000000088500000, 0x0000000088500000, 0x0000000088600000|  0%| F|  |TAMS 0x0000000088500000, 0x0000000088500000| Untracked 
| 134|0x0000000088600000, 0x0000000088600000, 0x0000000088700000|  0%| F|  |TAMS 0x0000000088600000, 0x0000000088600000| Untracked 
| 135|0x0000000088700000, 0x0000000088700000, 0x0000000088800000|  0%| F|  |TAMS 0x0000000088700000, 0x0000000088700000| Untracked 
| 136|0x0000000088800000, 0x0000000088800000, 0x0000000088900000|  0%| F|  |TAMS 0x0000000088800000, 0x0000000088800000| Untracked 
| 137|0x0000000088900000, 0x0000000088900000, 0x0000000088a00000|  0%| F|  |TAMS 0x0000000088900000, 0x0000000088900000| Untracked 
| 138|0x0000000088a00000, 0x0000000088a00000, 0x0000000088b00000|  0%| F|  |TAMS 0x0000000088a00000, 0x0000000088a00000| Untracked 
| 139|0x0000000088b00000, 0x0000000088b00000, 0x0000000088c00000|  0%| F|  |TAMS 0x0000000088b00000, 0x0000000088b00000| Untracked 
| 140|0x0000000088c00000, 0x0000000088c00000, 0x0000000088d00000|  0%| F|  |TAMS 0x0000000088c00000, 0x0000000088c00000| Untracked 
| 141|0x0000000088d00000, 0x0000000088d00000, 0x0000000088e00000|  0%| F|  |TAMS 0x0000000088d00000, 0x0000000088d00000| Untracked 
| 142|0x0000000088e00000, 0x0000000088e00000, 0x0000000088f00000|  0%| F|  |TAMS 0x0000000088e00000, 0x0000000088e00000| Untracked 
| 143|0x0000000088f00000, 0x0000000088f00000, 0x0000000089000000|  0%| F|  |TAMS 0x0000000088f00000, 0x0000000088f00000| Untracked 
| 144|0x0000000089000000, 0x0000000089000000, 0x0000000089100000|  0%| F|  |TAMS 0x0000000089000000, 0x0000000089000000| Untracked 
| 145|0x0000000089100000, 0x0000000089100000, 0x0000000089200000|  0%| F|  |TAMS 0x0000000089100000, 0x0000000089100000| Untracked 
| 146|0x0000000089200000, 0x0000000089200000, 0x0000000089300000|  0%| F|  |TAMS 0x0000000089200000, 0x0000000089200000| Untracked 
| 147|0x0000000089300000, 0x0000000089300000, 0x0000000089400000|  0%| F|  |TAMS 0x0000000089300000, 0x0000000089300000| Untracked 
| 148|0x0000000089400000, 0x0000000089400000, 0x0000000089500000|  0%| F|  |TAMS 0x0000000089400000, 0x0000000089400000| Untracked 
| 149|0x0000000089500000, 0x0000000089500000, 0x0000000089600000|  0%| F|  |TAMS 0x0000000089500000, 0x0000000089500000| Untracked 
| 150|0x0000000089600000, 0x0000000089600000, 0x0000000089700000|  0%| F|  |TAMS 0x0000000089600000, 0x0000000089600000| Untracked 
| 151|0x0000000089700000, 0x0000000089700000, 0x0000000089800000|  0%| F|  |TAMS 0x0000000089700000, 0x0000000089700000| Untracked 
| 152|0x0000000089800000, 0x0000000089800000, 0x0000000089900000|  0%| F|  |TAMS 0x0000000089800000, 0x0000000089800000| Untracked 
| 153|0x0000000089900000, 0x0000000089900000, 0x0000000089a00000|  0%| F|  |TAMS 0x0000000089900000, 0x0000000089900000| Untracked 
| 154|0x0000000089a00000, 0x0000000089a00000, 0x0000000089b00000|  0%| F|  |TAMS 0x0000000089a00000, 0x0000000089a00000| Untracked 
| 155|0x0000000089b00000, 0x0000000089b00000, 0x0000000089c00000|  0%| F|  |TAMS 0x0000000089b00000, 0x0000000089b00000| Untracked 
| 156|0x0000000089c00000, 0x0000000089c00000, 0x0000000089d00000|  0%| F|  |TAMS 0x0000000089c00000, 0x0000000089c00000| Untracked 
| 157|0x0000000089d00000, 0x0000000089d00000, 0x0000000089e00000|  0%| F|  |TAMS 0x0000000089d00000, 0x0000000089d00000| Untracked 
| 158|0x0000000089e00000, 0x0000000089e00000, 0x0000000089f00000|  0%| F|  |TAMS 0x0000000089e00000, 0x0000000089e00000| Untracked 
| 159|0x0000000089f00000, 0x0000000089f00000, 0x000000008a000000|  0%| F|  |TAMS 0x0000000089f00000, 0x0000000089f00000| Untracked 
| 160|0x000000008a000000, 0x000000008a000000, 0x000000008a100000|  0%| F|  |TAMS 0x000000008a000000, 0x000000008a000000| Untracked 
| 161|0x000000008a100000, 0x000000008a100000, 0x000000008a200000|  0%| F|  |TAMS 0x000000008a100000, 0x000000008a100000| Untracked 

Card table byte_map: [0x000001fff79c0000,0x000001fff7dc0000] _byte_map_base: 0x000001fff75c0000

Marking Bits (Prev, Next): (CMBitMap*) 0x000001fff3e2b850, (CMBitMap*) 0x000001fff3e2b810
 Prev Bits: [0x000001fffa1c0000, 0x000001fffc1c0000)
 Next Bits: [0x000001fff81c0000, 0x000001fffa1c0000)

Polling page: 0x000001fff1d20000

Metaspace:

Usage:
  Non-class:     79.24 MB used.
      Class:     12.41 MB used.
       Both:     91.65 MB used.

Virtual space:
  Non-class space:       80.00 MB reserved,      79.56 MB (>99%) committed,  10 nodes.
      Class space:        1.00 GB reserved,      12.69 MB (  1%) committed,  1 nodes.
             Both:        1.08 GB reserved,      92.25 MB (  8%) committed. 

Chunk freelists:
   Non-Class:  400.00 KB
       Class:  3.25 MB
        Both:  3.64 MB

MaxMetaspaceSize: unlimited
CompressedClassSpaceSize: 1.00 GB
Initial GC threshold: 21.00 MB
Current GC threshold: 140.12 MB
CDS: off
MetaspaceReclaimPolicy: balanced
 - commit_granule_bytes: 65536.
 - commit_granule_words: 8192.
 - virtual_space_node_default_size: 1048576.
 - enlarge_chunks_in_place: 1.
 - new_chunks_are_fully_committed: 0.
 - uncommit_free_chunks: 1.
 - use_allocation_guard: 0.
 - handle_deallocations: 1.


Internal statistics:

num_allocs_failed_limit: 6.
num_arena_births: 912.
num_arena_deaths: 0.
num_vsnodes_births: 11.
num_vsnodes_deaths: 0.
num_space_committed: 1476.
num_space_uncommitted: 0.
num_chunks_returned_to_freelist: 6.
num_chunks_taken_from_freelist: 4308.
num_chunk_merges: 6.
num_chunk_splits: 2903.
num_chunks_enlarged: 1988.
num_purges: 0.
num_inconsistent_stats: 0.

CodeHeap 'non-profiled nmethods': size=120000Kb used=5335Kb max_used=5845Kb free=114664Kb
 bounds [0x000001ff87ad0000, 0x000001ff88090000, 0x000001ff8f000000]
CodeHeap 'profiled nmethods': size=120000Kb used=15580Kb max_used=17368Kb free=104419Kb
 bounds [0x000001ff80000000, 0x000001ff81100000, 0x000001ff87530000]
CodeHeap 'non-nmethods': size=5760Kb used=2397Kb max_used=2470Kb free=3362Kb
 bounds [0x000001ff87530000, 0x000001ff877b0000, 0x000001ff87ad0000]
 total_blobs=9429 nmethods=8512 adapters=829
 compilation: enabled
              stopped_count=0, restarted_count=0
 full_count=0

Compilation events (20 events):
Event: 7.366 Thread 0x000001ffff83a460 10083       3       org.gradle.api.Task$Namer::determineName (7 bytes)
Event: 7.366 Thread 0x000001ffff83a460 nmethod 10083 0x000001ff804a9110 code [0x000001ff804a92c0, 0x000001ff804a9558]
Event: 7.367 Thread 0x000001ffff83a460 10084       3       java.lang.invoke.DirectMethodHandle$Holder::invokeStatic (22 bytes)
Event: 7.367 Thread 0x000001ffff83a460 nmethod 10084 0x000001ff80575510 code [0x000001ff805756e0, 0x000001ff80575c18]
Event: 7.367 Thread 0x000001ffff83a460 10085   !   3       java.lang.invoke.BoundMethodHandle$Species_L::copyWithExtendL (31 bytes)
Event: 7.367 Thread 0x000001ffff83a460 nmethod 10085 0x000001ff80579b90 code [0x000001ff80579dc0, 0x000001ff8057a888]
Event: 7.369 Thread 0x000001ffff83a460 10086       3       java.io.WinNTFileSystem::isSlash (18 bytes)
Event: 7.369 Thread 0x000001ffff83a460 nmethod 10086 0x000001ff808bee10 code [0x000001ff808befa0, 0x000001ff808bf138]
Event: 7.369 Thread 0x000001ffff83a460 10088       3       java.lang.invoke.MethodHandles::argumentsWithCombinerChecks (197 bytes)
Event: 7.370 Thread 0x000001ffff83a460 nmethod 10088 0x000001ff80385b90 code [0x000001ff80385fc0, 0x000001ff80387938]
Event: 7.370 Thread 0x000001ffff83a460 10087       3       java.lang.invoke.MethodHandles::argumentsWithCombiner (130 bytes)
Event: 7.371 Thread 0x000001ffffbaaab0 10093       4       com.google.common.collect.AbstractMapBasedMultimap::createCollection (5 bytes)
Event: 7.371 Thread 0x000001ffff83a460 nmethod 10087 0x000001ff808dcf10 code [0x000001ff808dd1c0, 0x000001ff808de038]
Event: 7.371 Thread 0x000001ffff83a460 10092       3       java.util.ArrayDeque::<init> (35 bytes)
Event: 7.371 Thread 0x000001ffff83a460 nmethod 10092 0x000001ff805f9790 code [0x000001ff805f9940, 0x000001ff805f9cb8]
Event: 7.371 Thread 0x000001ffff83a460 10089       3       java.util.TreeSet::<init> (13 bytes)
Event: 7.371 Thread 0x000001ffff83a460 nmethod 10089 0x000001ff80a34490 code [0x000001ff80a34660, 0x000001ff80a34b18]
Event: 7.371 Thread 0x000001ffff83a460 10090       1       org.gradle.internal.properties.bean.AbstractNestedRuntimeBeanNode$BeanPropertyValue::access$100 (5 bytes)
Event: 7.371 Thread 0x000001ffff83a460 nmethod 10090 0x000001ff87c71d10 code [0x000001ff87c71ea0, 0x000001ff87c71f58]
Event: 7.371 Thread 0x000001ffff83a460 10091       1       org.gradle.internal.properties.bean.AbstractNestedRuntimeBeanNode$BeanPropertyValue::access$000 (5 bytes)

GC Heap History (20 events):
Event: 4.109 GC heap after
{Heap after GC invocations=20 (full 0):
 garbage-first heap   total 165888K, used 55988K [0x0000000080000000, 0x0000000100000000)
  region size 1024K, 1 young (1024K), 1 survivors (1024K)
 Metaspace       used 57982K, committed 58496K, reserved 1105920K
  class space    used 7712K, committed 7936K, reserved 1048576K
}
Event: 4.565 GC heap before
{Heap before GC invocations=21 (full 0):
 garbage-first heap   total 165888K, used 103092K [0x0000000080000000, 0x0000000100000000)
  region size 1024K, 43 young (44032K), 1 survivors (1024K)
 Metaspace       used 65161K, committed 65664K, reserved 1105920K
  class space    used 8619K, committed 8832K, reserved 1048576K
}
Event: 4.570 GC heap after
{Heap after GC invocations=22 (full 0):
 garbage-first heap   total 165888K, used 63471K [0x0000000080000000, 0x0000000100000000)
  region size 1024K, 5 young (5120K), 5 survivors (5120K)
 Metaspace       used 65161K, committed 65664K, reserved 1105920K
  class space    used 8619K, committed 8832K, reserved 1048576K
}
Event: 4.574 GC heap before
{Heap before GC invocations=22 (full 0):
 garbage-first heap   total 165888K, used 66543K [0x0000000080000000, 0x0000000100000000)
  region size 1024K, 8 young (8192K), 5 survivors (5120K)
 Metaspace       used 65161K, committed 65664K, reserved 1105920K
  class space    used 8619K, committed 8832K, reserved 1048576K
}
Event: 4.578 GC heap after
{Heap after GC invocations=23 (full 0):
 garbage-first heap   total 165888K, used 64750K [0x0000000080000000, 0x0000000100000000)
  region size 1024K, 1 young (1024K), 1 survivors (1024K)
 Metaspace       used 65161K, committed 65664K, reserved 1105920K
  class space    used 8619K, committed 8832K, reserved 1048576K
}
Event: 4.923 GC heap before
{Heap before GC invocations=23 (full 0):
 garbage-first heap   total 165888K, used 111854K [0x0000000080000000, 0x0000000100000000)
  region size 1024K, 45 young (46080K), 1 survivors (1024K)
 Metaspace       used 69105K, committed 69696K, reserved 1114112K
  class space    used 9134K, committed 9408K, reserved 1048576K
}
Event: 4.926 GC heap after
{Heap after GC invocations=24 (full 0):
 garbage-first heap   total 165888K, used 68617K [0x0000000080000000, 0x0000000100000000)
  region size 1024K, 4 young (4096K), 4 survivors (4096K)
 Metaspace       used 69105K, committed 69696K, reserved 1114112K
  class space    used 9134K, committed 9408K, reserved 1048576K
}
Event: 5.365 GC heap before
{Heap before GC invocations=24 (full 0):
 garbage-first heap   total 165888K, used 114697K [0x0000000080000000, 0x0000000100000000)
  region size 1024K, 49 young (50176K), 4 survivors (4096K)
 Metaspace       used 74585K, committed 75200K, reserved 1114112K
  class space    used 9862K, committed 10176K, reserved 1048576K
}
Event: 5.369 GC heap after
{Heap after GC invocations=25 (full 0):
 garbage-first heap   total 165888K, used 71518K [0x0000000080000000, 0x0000000100000000)
  region size 1024K, 7 young (7168K), 7 survivors (7168K)
 Metaspace       used 74585K, committed 75200K, reserved 1114112K
  class space    used 9862K, committed 10176K, reserved 1048576K
}
Event: 5.685 GC heap before
{Heap before GC invocations=25 (full 0):
 garbage-first heap   total 165888K, used 119646K [0x0000000080000000, 0x0000000100000000)
  region size 1024K, 55 young (56320K), 7 survivors (7168K)
 Metaspace       used 77739K, committed 78336K, reserved 1122304K
  class space    used 10257K, committed 10560K, reserved 1048576K
}
Event: 5.691 GC heap after
{Heap after GC invocations=26 (full 0):
 garbage-first heap   total 165888K, used 75987K [0x0000000080000000, 0x0000000100000000)
  region size 1024K, 7 young (7168K), 7 survivors (7168K)
 Metaspace       used 77739K, committed 78336K, reserved 1122304K
  class space    used 10257K, committed 10560K, reserved 1048576K
}
Event: 6.150 GC heap before
{Heap before GC invocations=26 (full 0):
 garbage-first heap   total 165888K, used 123091K [0x0000000080000000, 0x0000000100000000)
  region size 1024K, 53 young (54272K), 7 survivors (7168K)
 Metaspace       used 83158K, committed 83776K, reserved 1122304K
  class space    used 11207K, committed 11520K, reserved 1048576K
}
Event: 6.154 GC heap after
{Heap after GC invocations=27 (full 0):
 garbage-first heap   total 165888K, used 79008K [0x0000000080000000, 0x0000000100000000)
  region size 1024K, 3 young (3072K), 3 survivors (3072K)
 Metaspace       used 83158K, committed 83776K, reserved 1122304K
  class space    used 11207K, committed 11520K, reserved 1048576K
}
Event: 6.452 GC heap before
{Heap before GC invocations=27 (full 0):
 garbage-first heap   total 165888K, used 126112K [0x0000000080000000, 0x0000000100000000)
  region size 1024K, 49 young (50176K), 3 survivors (3072K)
 Metaspace       used 85223K, committed 85888K, reserved 1130496K
  class space    used 11502K, committed 11840K, reserved 1048576K
}
Event: 6.456 GC heap after
{Heap after GC invocations=28 (full 0):
 garbage-first heap   total 165888K, used 83968K [0x0000000080000000, 0x0000000100000000)
  region size 1024K, 7 young (7168K), 7 survivors (7168K)
 Metaspace       used 85223K, committed 85888K, reserved 1130496K
  class space    used 11502K, committed 11840K, reserved 1048576K
}
Event: 6.916 GC heap before
{Heap before GC invocations=29 (full 0):
 garbage-first heap   total 165888K, used 125952K [0x0000000080000000, 0x0000000100000000)
  region size 1024K, 52 young (53248K), 7 survivors (7168K)
 Metaspace       used 88234K, committed 88896K, reserved 1130496K
  class space    used 11911K, committed 12224K, reserved 1048576K
}
Event: 6.923 GC heap after
{Heap after GC invocations=30 (full 0):
 garbage-first heap   total 165888K, used 86532K [0x0000000080000000, 0x0000000100000000)
  region size 1024K, 7 young (7168K), 7 survivors (7168K)
 Metaspace       used 88234K, committed 88896K, reserved 1130496K
  class space    used 11911K, committed 12224K, reserved 1048576K
}
Event: 6.930 GC heap before
{Heap before GC invocations=30 (full 0):
 garbage-first heap   total 165888K, used 87556K [0x0000000080000000, 0x0000000100000000)
  region size 1024K, 8 young (8192K), 7 survivors (7168K)
 Metaspace       used 88293K, committed 88960K, reserved 1130496K
  class space    used 11919K, committed 12224K, reserved 1048576K
}
Event: 6.934 GC heap after
{Heap after GC invocations=31 (full 0):
 garbage-first heap   total 165888K, used 85268K [0x0000000080000000, 0x0000000100000000)
  region size 1024K, 1 young (1024K), 1 survivors (1024K)
 Metaspace       used 88293K, committed 88960K, reserved 1130496K
  class space    used 11919K, committed 12224K, reserved 1048576K
}
Event: 7.371 GC heap before
{Heap before GC invocations=31 (full 0):
 garbage-first heap   total 165888K, used 129300K [0x0000000080000000, 0x0000000100000000)
  region size 1024K, 44 young (45056K), 1 survivors (1024K)
 Metaspace       used 93846K, committed 94464K, reserved 1130496K
  class space    used 12709K, committed 12992K, reserved 1048576K
}

Dll operation events (2 events):
Event: 0.004 Loaded shared library C:\Program Files\Android\Android Studio\jbr\bin\java.dll
Event: 0.239 Loaded shared library C:\Program Files\Android\Android Studio\jbr\bin\verify.dll

Deoptimization events (20 events):
Event: 7.320 Thread 0x000001ff8ff79110 Uncommon trap: trap_request=0xffffffc6 fr.pc=0x000001ff8805e0a8 relative=0x0000000000000a08
Event: 7.320 Thread 0x000001ff8ff79110 Uncommon trap: reason=bimorphic_or_optimized_type_check action=maybe_recompile pc=0x000001ff8805e0a8 method=com.google.common.collect.ImmutableCollection$Builder.addAll(Ljava/lang/Iterable;)Lcom/google/common/collect/ImmutableCollection$Builder; @ 1 c2
Event: 7.320 Thread 0x000001ff8ff79110 DEOPT PACKING pc=0x000001ff8805e0a8 sp=0x000000b808ef9ff0
Event: 7.320 Thread 0x000001ff8ff79110 DEOPT UNPACKING pc=0x000001ff8758a1a3 sp=0x000000b808ef9f58 mode 2
Event: 7.327 Thread 0x000001ff8ff79110 Uncommon trap: trap_request=0xffffffc6 fr.pc=0x000001ff87c829c0 relative=0x0000000000000440
Event: 7.327 Thread 0x000001ff8ff79110 Uncommon trap: reason=bimorphic_or_optimized_type_check action=maybe_recompile pc=0x000001ff87c829c0 method=java.util.Spliterators$IteratorSpliterator.tryAdvance(Ljava/util/function/Consumer;)Z @ 50 c2
Event: 7.327 Thread 0x000001ff8ff79110 DEOPT PACKING pc=0x000001ff87c829c0 sp=0x000000b808efa3b0
Event: 7.327 Thread 0x000001ff8ff79110 DEOPT UNPACKING pc=0x000001ff8758a1a3 sp=0x000000b808efa350 mode 2
Event: 7.331 Thread 0x000001ff8ff79110 Uncommon trap: trap_request=0xffffff45 fr.pc=0x000001ff87b0d248 relative=0x0000000000000688
Event: 7.331 Thread 0x000001ff8ff79110 Uncommon trap: reason=unstable_if action=reinterpret pc=0x000001ff87b0d248 method=java.lang.AbstractStringBuilder.append(Ljava/lang/String;)Ljava/lang/AbstractStringBuilder; @ 1 c2
Event: 7.331 Thread 0x000001ff8ff79110 DEOPT PACKING pc=0x000001ff87b0d248 sp=0x000000b808efa000
Event: 7.331 Thread 0x000001ff8ff79110 DEOPT UNPACKING pc=0x000001ff8758a1a3 sp=0x000000b808ef9f80 mode 2
Event: 7.369 Thread 0x000001ff8ff79110 Uncommon trap: trap_request=0xffffff45 fr.pc=0x000001ff87d37aa4 relative=0x0000000000001784
Event: 7.369 Thread 0x000001ff8ff79110 Uncommon trap: reason=unstable_if action=reinterpret pc=0x000001ff87d37aa4 method=java.io.WinNTFileSystem.normalize(Ljava/lang/String;II)Ljava/lang/String; @ 100 c2
Event: 7.369 Thread 0x000001ff8ff79110 DEOPT PACKING pc=0x000001ff87d37aa4 sp=0x000000b808ef95e0
Event: 7.369 Thread 0x000001ff8ff79110 DEOPT UNPACKING pc=0x000001ff8758a1a3 sp=0x000000b808ef95b8 mode 2
Event: 7.369 Thread 0x000001ff8ff79110 Uncommon trap: trap_request=0xffffff45 fr.pc=0x000001ff87af75e4 relative=0x0000000000000064
Event: 7.369 Thread 0x000001ff8ff79110 Uncommon trap: reason=unstable_if action=reinterpret pc=0x000001ff87af75e4 method=java.io.WinNTFileSystem.isSlash(C)Z @ 9 c2
Event: 7.369 Thread 0x000001ff8ff79110 DEOPT PACKING pc=0x000001ff87af75e4 sp=0x000000b808ef95b0
Event: 7.369 Thread 0x000001ff8ff79110 DEOPT UNPACKING pc=0x000001ff8758a1a3 sp=0x000000b808ef9538 mode 2

Classes unloaded (0 events):
No events

Classes redefined (0 events):
No events

Internal exceptions (20 events):
Event: 6.233 Thread 0x000001ff8ff79110 Exception <a 'java/lang/ClassNotFoundException'{0x00000000898f6740}: com/android/build/gradle/internal/api/ReadOnlyBaseConfigCustomizer> (0x00000000898f6740) 
thrown [s\src\hotspot\share\classfile\systemDictionary.cpp, line 256]
Event: 6.234 Thread 0x000001ff8ff79110 Exception <a 'java/lang/ClassNotFoundException'{0x00000000897150f8}: com/android/build/gradle/internal/api/ReadOnlyBuildTypeCustomizer> (0x00000000897150f8) 
thrown [s\src\hotspot\share\classfile\systemDictionary.cpp, line 256]
Event: 6.357 Thread 0x000001ff8ff79110 Implicit null exception at 0x000001ff87f8f0b8 to 0x000001ff87f8f500
Event: 6.706 Thread 0x000001ff8ff79110 Implicit null exception at 0x000001ff87fede59 to 0x000001ff87fee84c
Event: 6.706 Thread 0x000001ff8ff79110 Implicit null exception at 0x000001ff87fcf6f9 to 0x000001ff87fcf92c
Event: 6.706 Thread 0x000001ff8ff79110 Implicit null exception at 0x000001ff87fc9aa0 to 0x000001ff87fca004
Event: 6.706 Thread 0x000001ff8ff79110 Implicit null exception at 0x000001ff87fcd398 to 0x000001ff87fcdaf0
Event: 6.706 Thread 0x000001ff8ff79110 Implicit null exception at 0x000001ff87f91204 to 0x000001ff87f91370
Event: 6.706 Thread 0x000001ff8ff79110 Implicit null exception at 0x000001ff87fc4adb to 0x000001ff87fc4b64
Event: 6.706 Thread 0x000001ff8ff79110 Implicit null exception at 0x000001ff87fd0173 to 0x000001ff87fd0484
Event: 6.707 Thread 0x000001ff8ff79110 Implicit null exception at 0x000001ff87fefd8c to 0x000001ff87ff002c
Event: 6.707 Thread 0x000001ff8ff79110 Implicit null exception at 0x000001ff87fc8853 to 0x000001ff87fc8908
Event: 6.976 Thread 0x000001ff8ff79110 Exception <a 'sun/nio/fs/WindowsException'{0x0000000089caffd0}> (0x0000000089caffd0) 
thrown [s\src\hotspot\share\prims\jni.cpp, line 517]
Event: 7.033 Thread 0x000001ff8ff79110 Exception <a 'java/lang/NullPointerException'{0x0000000089422c00}> (0x0000000089422c00) 
thrown [s\src\hotspot\share\interpreter\linkResolver.cpp, line 1447]
Event: 7.081 Thread 0x000001ff8ff79110 Implicit null exception at 0x000001ff87cc306c to 0x000001ff87cc5220
Event: 7.230 Thread 0x000001ff8ff79110 Exception <a 'sun/nio/fs/WindowsException'{0x00000000886774c8}> (0x00000000886774c8) 
thrown [s\src\hotspot\share\prims\jni.cpp, line 517]
Event: 7.231 Thread 0x000001ff8ff79110 Exception <a 'sun/nio/fs/WindowsException'{0x0000000088678858}> (0x0000000088678858) 
thrown [s\src\hotspot\share\prims\jni.cpp, line 517]
Event: 7.231 Thread 0x000001ff8ff79110 Exception <a 'sun/nio/fs/WindowsException'{0x0000000088679c20}> (0x0000000088679c20) 
thrown [s\src\hotspot\share\prims\jni.cpp, line 517]
Event: 7.231 Thread 0x000001ff8ff79110 Exception <a 'sun/nio/fs/WindowsException'{0x000000008867afe8}> (0x000000008867afe8) 
thrown [s\src\hotspot\share\prims\jni.cpp, line 517]
Event: 7.331 Thread 0x000001ff8ff79110 Implicit null exception at 0x000001ff87b0cbf2 to 0x000001ff87b0d230

VM Operations (20 events):
Event: 6.934 Executing VM operation: G1CollectForAllocation done
Event: 7.154 Executing VM operation: HandshakeAllThreads
Event: 7.154 Executing VM operation: HandshakeAllThreads done
Event: 7.165 Executing VM operation: ICBufferFull
Event: 7.165 Executing VM operation: ICBufferFull done
Event: 7.169 Executing VM operation: HandshakeAllThreads
Event: 7.169 Executing VM operation: HandshakeAllThreads done
Event: 7.199 Executing VM operation: HandshakeAllThreads
Event: 7.200 Executing VM operation: HandshakeAllThreads done
Event: 7.200 Executing VM operation: HandshakeAllThreads
Event: 7.200 Executing VM operation: HandshakeAllThreads done
Event: 7.231 Executing VM operation: HandshakeAllThreads
Event: 7.231 Executing VM operation: HandshakeAllThreads done
Event: 7.243 Executing VM operation: HandshakeAllThreads
Event: 7.243 Executing VM operation: HandshakeAllThreads done
Event: 7.337 Executing VM operation: ICBufferFull
Event: 7.337 Executing VM operation: ICBufferFull done
Event: 7.361 Executing VM operation: HandshakeAllThreads
Event: 7.361 Executing VM operation: HandshakeAllThreads done
Event: 7.371 Executing VM operation: G1CollectForAllocation

Events (20 events):
Event: 7.239 loading class jdk/internal/reflect/UnsafeBooleanFieldAccessorImpl
Event: 7.239 loading class jdk/internal/reflect/UnsafeBooleanFieldAccessorImpl done
Event: 7.270 loading class java/util/concurrent/ConcurrentSkipListMap$KeySet
Event: 7.271 loading class java/util/concurrent/ConcurrentSkipListMap$KeySet done
Event: 7.271 loading class java/util/concurrent/ConcurrentSkipListMap$KeyIterator
Event: 7.271 loading class java/util/concurrent/ConcurrentSkipListMap$KeyIterator done
Event: 7.271 loading class java/net/InetAddress$NameServiceAddresses
Event: 7.271 loading class java/net/InetAddress$Addresses
Event: 7.271 loading class java/net/InetAddress$Addresses done
Event: 7.271 loading class java/net/InetAddress$NameServiceAddresses done
Event: 7.272 loading class sun/net/InetAddressCachePolicy
Event: 7.273 loading class sun/net/InetAddressCachePolicy done
Event: 7.273 loading class sun/net/InetAddressCachePolicy$1
Event: 7.273 loading class sun/net/InetAddressCachePolicy$1 done
Event: 7.273 loading class sun/net/InetAddressCachePolicy$2
Event: 7.273 loading class sun/net/InetAddressCachePolicy$2 done
Event: 7.273 loading class java/net/InetAddress$CachedAddresses
Event: 7.273 loading class java/net/InetAddress$CachedAddresses done
Event: 7.273 loading class java/net/InetAddress$CachedLocalHost
Event: 7.273 loading class java/net/InetAddress$CachedLocalHost done


Dynamic libraries:
0x00007ff70d8f0000 - 0x00007ff70d8fa000 	C:\Program Files\Android\Android Studio\jbr\bin\java.exe
0x00007fff530f0000 - 0x00007fff53307000 	C:\WINDOWS\SYSTEM32\ntdll.dll
0x00007fff514d0000 - 0x00007fff51594000 	C:\WINDOWS\System32\KERNEL32.DLL
0x00007fff50a20000 - 0x00007fff50dc6000 	C:\WINDOWS\System32\KERNELBASE.dll
0x00007fff507b0000 - 0x00007fff508c1000 	C:\WINDOWS\System32\ucrtbase.dll
0x00007fff4bc40000 - 0x00007fff4bc57000 	C:\Program Files\Android\Android Studio\jbr\bin\jli.dll
0x00007fff3a230000 - 0x00007fff3a24b000 	C:\Program Files\Android\Android Studio\jbr\bin\VCRUNTIME140.dll
0x00007fff52690000 - 0x00007fff5283d000 	C:\WINDOWS\System32\USER32.dll
0x00007fff509f0000 - 0x00007fff50a16000 	C:\WINDOWS\System32\win32u.dll
0x00007fff35350000 - 0x00007fff355e3000 	C:\WINDOWS\WinSxS\amd64_microsoft.windows.common-controls_6595b64144ccf1df_6.0.22621.2361_none_2712ced57382f843\COMCTL32.dll
0x00007fff51ae0000 - 0x00007fff51b09000 	C:\WINDOWS\System32\GDI32.dll
0x00007fff529b0000 - 0x00007fff52a57000 	C:\WINDOWS\System32\msvcrt.dll
0x00007fff508d0000 - 0x00007fff509e8000 	C:\WINDOWS\System32\gdi32full.dll
0x00007fff50650000 - 0x00007fff506ea000 	C:\WINDOWS\System32\msvcp_win.dll
0x00007fff51960000 - 0x00007fff51991000 	C:\WINDOWS\System32\IMM32.DLL
0x00007fff4bad0000 - 0x00007fff4badc000 	C:\Program Files\Android\Android Studio\jbr\bin\vcruntime140_1.dll
0x00007fff30ca0000 - 0x00007fff30d2d000 	C:\Program Files\Android\Android Studio\jbr\bin\msvcp140.dll
0x00007fff077b0000 - 0x00007fff0841e000 	C:\Program Files\Android\Android Studio\jbr\bin\server\jvm.dll
0x00007fff515a0000 - 0x00007fff51650000 	C:\WINDOWS\System32\ADVAPI32.dll
0x00007fff51a30000 - 0x00007fff51ad6000 	C:\WINDOWS\System32\sechost.dll
0x00007fff52840000 - 0x00007fff52957000 	C:\WINDOWS\System32\RPCRT4.dll
0x00007fff44d90000 - 0x00007fff44d9a000 	C:\WINDOWS\SYSTEM32\VERSION.dll
0x00007fff4d440000 - 0x00007fff4d449000 	C:\WINDOWS\SYSTEM32\WSOCK32.dll
0x00007fff48b90000 - 0x00007fff48bc4000 	C:\WINDOWS\SYSTEM32\WINMM.dll
0x00007fff51650000 - 0x00007fff516c1000 	C:\WINDOWS\System32\WS2_32.dll
0x00007fff4f410000 - 0x00007fff4f428000 	C:\WINDOWS\SYSTEM32\kernel.appcore.dll
0x00007fff4d430000 - 0x00007fff4d43a000 	C:\Program Files\Android\Android Studio\jbr\bin\jimage.dll
0x00007fff4dbc0000 - 0x00007fff4ddee000 	C:\WINDOWS\SYSTEM32\DBGHELP.DLL
0x00007fff52d20000 - 0x00007fff530aa000 	C:\WINDOWS\System32\combase.dll
0x00007fff51870000 - 0x00007fff51947000 	C:\WINDOWS\System32\OLEAUT32.dll
0x00007fff38b80000 - 0x00007fff38bb2000 	C:\WINDOWS\SYSTEM32\dbgcore.DLL
0x00007fff50dd0000 - 0x00007fff50e4a000 	C:\WINDOWS\System32\bcryptPrimitives.dll
0x00007fff4d400000 - 0x00007fff4d425000 	C:\Program Files\Android\Android Studio\jbr\bin\java.dll
0x00007fff4d3b0000 - 0x00007fff4d3c8000 	C:\Program Files\Android\Android Studio\jbr\bin\zip.dll
0x00007fff51db0000 - 0x00007fff52608000 	C:\WINDOWS\System32\SHELL32.dll
0x00007fff4e3d0000 - 0x00007fff4ecc2000 	C:\WINDOWS\SYSTEM32\windows.storage.dll
0x00007fff4e290000 - 0x00007fff4e3ce000 	C:\WINDOWS\SYSTEM32\wintypes.dll
0x00007fff512d0000 - 0x00007fff513c3000 	C:\WINDOWS\System32\SHCORE.dll
0x00007fff51d40000 - 0x00007fff51d9e000 	C:\WINDOWS\System32\shlwapi.dll
0x00007fff503a0000 - 0x00007fff503c6000 	C:\WINDOWS\SYSTEM32\profapi.dll
0x00007fff4d390000 - 0x00007fff4d3a9000 	C:\Program Files\Android\Android Studio\jbr\bin\net.dll
0x00007fff4a9c0000 - 0x00007fff4aaf7000 	C:\WINDOWS\SYSTEM32\WINHTTP.dll
0x00007fff4f930000 - 0x00007fff4f999000 	C:\WINDOWS\system32\mswsock.dll
0x00007fff4d350000 - 0x00007fff4d366000 	C:\Program Files\Android\Android Studio\jbr\bin\nio.dll
0x00007fff4d3f0000 - 0x00007fff4d400000 	C:\Program Files\Android\Android Studio\jbr\bin\verify.dll
0x00007fff4bbc0000 - 0x00007fff4bbe7000 	C:\Users\User\.gradle\native\68d5fa5c4cc2d200863cafc0d521ce42e7d3e7ee720ec0a83991735586a16f82\windows-amd64\native-platform.dll
0x00007fff39ef0000 - 0x00007fff3a034000 	C:\Users\User\.gradle\native\e376f236ea51e6404a007f0833ffe2c6e607c4080706a723a18a27aeea778392\windows-amd64\native-platform-file-events.dll
0x00007fff4d300000 - 0x00007fff4d309000 	C:\Program Files\Android\Android Studio\jbr\bin\management.dll
0x00007fff4d2d0000 - 0x00007fff4d2db000 	C:\Program Files\Android\Android Studio\jbr\bin\management_ext.dll
0x00007fff51950000 - 0x00007fff51958000 	C:\WINDOWS\System32\PSAPI.DLL
0x00007fff4fb80000 - 0x00007fff4fb9b000 	C:\WINDOWS\SYSTEM32\CRYPTSP.dll
0x00007fff4f430000 - 0x00007fff4f465000 	C:\WINDOWS\system32\rsaenh.dll
0x00007fff4fa20000 - 0x00007fff4fa4c000 	C:\WINDOWS\SYSTEM32\USERENV.dll
0x00007fff4fd20000 - 0x00007fff4fd48000 	C:\WINDOWS\SYSTEM32\bcrypt.dll
0x00007fff4fba0000 - 0x00007fff4fbac000 	C:\WINDOWS\SYSTEM32\CRYPTBASE.dll
0x00007fff4ef20000 - 0x00007fff4ef4d000 	C:\WINDOWS\SYSTEM32\IPHLPAPI.DLL
0x00007fff51d30000 - 0x00007fff51d39000 	C:\WINDOWS\System32\NSI.dll
0x00007fff499f0000 - 0x00007fff49a09000 	C:\WINDOWS\SYSTEM32\dhcpcsvc6.DLL
0x00007fff499d0000 - 0x00007fff499ef000 	C:\WINDOWS\SYSTEM32\dhcpcsvc.DLL
0x00007fff4ef50000 - 0x00007fff4f049000 	C:\WINDOWS\SYSTEM32\DNSAPI.dll
0x00007fff4bcd0000 - 0x00007fff4bcd8000 	C:\WINDOWS\system32\wshunix.dll
0x00007fff49bb0000 - 0x00007fff49bc7000 	C:\WINDOWS\system32\napinsp.dll
0x00007fff494f0000 - 0x00007fff4950b000 	C:\WINDOWS\system32\pnrpnsp.dll
0x00007fff494d0000 - 0x00007fff494e1000 	C:\WINDOWS\System32\winrnr.dll
0x00007fff38870000 - 0x00007fff38885000 	C:\WINDOWS\system32\wshbth.dll
0x00007fff38840000 - 0x00007fff38861000 	C:\WINDOWS\system32\nlansp_c.dll
0x00007fff48bd0000 - 0x00007fff48bda000 	C:\Windows\System32\rasadhlp.dll
0x00007fff48800000 - 0x00007fff48884000 	C:\WINDOWS\System32\fwpuclnt.dll

dbghelp: loaded successfully - version: 4.0.5 - missing functions: none
symbol engine: initialized successfully - sym options: 0x614 - pdb path: .;C:\Program Files\Android\Android Studio\jbr\bin;C:\WINDOWS\SYSTEM32;C:\WINDOWS\WinSxS\amd64_microsoft.windows.common-controls_6595b64144ccf1df_6.0.22621.2361_none_2712ced57382f843;C:\Program Files\Android\Android Studio\jbr\bin\server;C:\Users\User\.gradle\native\68d5fa5c4cc2d200863cafc0d521ce42e7d3e7ee720ec0a83991735586a16f82\windows-amd64;C:\Users\User\.gradle\native\e376f236ea51e6404a007f0833ffe2c6e607c4080706a723a18a27aeea778392\windows-amd64

VM Arguments:
jvm_args: --add-opens=java.base/java.util=ALL-UNNAMED --add-opens=java.base/java.lang=ALL-UNNAMED --add-opens=java.base/java.lang.invoke=ALL-UNNAMED --add-opens=java.prefs/java.util.prefs=ALL-UNNAMED --add-opens=java.base/java.nio.charset=ALL-UNNAMED --add-opens=java.base/java.net=ALL-UNNAMED --add-opens=java.base/java.util.concurrent.atomic=ALL-UNNAMED -Xmx2048m -Dfile.encoding=UTF-8 -Duser.country=US -Duser.language=en -Duser.variant 
java_command: org.gradle.launcher.daemon.bootstrap.GradleDaemon 8.0
java_class_path (initial): C:\Users\User\.gradle\wrapper\dists\gradle-8.0-bin\ca5e32bp14vu59qr306oxotwh\gradle-8.0\lib\gradle-launcher-8.0.jar
Launcher Type: SUN_STANDARD

[Global flags]
     intx CICompilerCount                          = 4                                         {product} {ergonomic}
     uint ConcGCThreads                            = 2                                         {product} {ergonomic}
     uint G1ConcRefinementThreads                  = 8                                         {product} {ergonomic}
   size_t G1HeapRegionSize                         = 1048576                                   {product} {ergonomic}
    uintx GCDrainStackTargetSize                   = 64                                        {product} {ergonomic}
   size_t InitialHeapSize                          = 132120576                                 {product} {ergonomic}
   size_t MarkStackSize                            = 4194304                                   {product} {ergonomic}
   size_t MaxHeapSize                              = 2147483648                                {product} {command line}
   size_t MaxNewSize                               = 1287651328                                {product} {ergonomic}
   size_t MinHeapDeltaBytes                        = 1048576                                   {product} {ergonomic}
   size_t MinHeapSize                              = 8388608                                   {product} {ergonomic}
    uintx NonNMethodCodeHeapSize                   = 5839372                                {pd product} {ergonomic}
    uintx NonProfiledCodeHeapSize                  = 122909434                              {pd product} {ergonomic}
    uintx ProfiledCodeHeapSize                     = 122909434                              {pd product} {ergonomic}
    uintx ReservedCodeCacheSize                    = 251658240                              {pd product} {ergonomic}
     bool SegmentedCodeCache                       = true                                      {product} {ergonomic}
   size_t SoftMaxHeapSize                          = 2147483648                             {manageable} {ergonomic}
     bool UseCompressedClassPointers               = true                           {product lp64_product} {ergonomic}
     bool UseCompressedOops                        = true                           {product lp64_product} {ergonomic}
     bool UseG1GC                                  = true                                      {product} {ergonomic}
     bool UseLargePagesIndividualAllocation        = false                                  {pd product} {ergonomic}

Logging:
Log output configuration:
 #0: stdout all=warning uptime,level,tags
 #1: stderr all=off uptime,level,tags

Environment Variables:
JAVA_HOME=C:\Program Files\Java\jdk-20.0.1
PATH=C:\Program Files (x86)\Common Files\Oracle\Java\javapath;C:\Python311\Scripts\;C:\Python311\;C:\Program Files (x86)\Falcon\MinGW\bin;C:\WINDOWS\system32;C:\WINDOWS;C:\WINDOWS\System32\Wbem;C:\WINDOWS\System32\WindowsPowerShell\v1.0\;C:\WINDOWS\System32\OpenSSH\;C:\Program Files\Microsoft SQL Server\130\Tools\Binn\;C:\sqlite3;C:\Program Files (x86)\Microsoft SQL Server\150\DTS\Binn\;C:\Program Files\Azure Data Studio\bin;C:\Program Files\Microsoft SQL Server\Client SDK\ODBC\170\Tools\Binn\;C:\Program Files (x86)\Microsoft SQL Server\150\Tools\Binn\;C:\Program Files\Microsoft SQL Server\150\Tools\Binn\;C:\Program Files\Microsoft SQL Server\150\DTS\Binn\;C:\xampp\php;C:\ProgramData\ComposerSetup\bin;C:\Program Files\dotnet\;C:\Users\User\AppData\Local\Android\Sdk\cmdline-tools\bin;C:\Program Files\Java\;C:\Program Files\Git\cmd;C:\Program Files\nodejs\;C:\ProgramData\chocolatey\bin;C:\Program Files (x86)\GTK2-Runtime\lib;C:\Program Files (x86)\Common Files\Oracle\Java\javapath;C:\Python311\Scripts\;C:\Python311\;C:\Program Files (x86)\Falcon\MinGW\bin;C:\WINDOWS\system32;C:\WINDOWS;C:\WINDOWS\System32\Wbem;C:\WINDOWS\System32\WindowsPowerShell\v1.0\;C:\WINDOWS\System32\OpenSSH\;C:\Program Files\Microsoft SQL Server\130\Tools\Binn\;C:\sqlite3;C:\Program Files (x86)\Microsoft SQL Server\150\DTS\Binn\;C:\Program Files\Azure Data Studio\bin;C:\Program Files\Microsoft SQL Server\Client SDK\ODBC\170\Tools\Binn\;C:\Program Files (x86)\Microsoft SQL Server\150\Tools\Binn\;C:\Program Files\Microsoft SQL Server\150\Tools\Binn\;C:\Program Files\Microsoft SQL Server\150\DTS\Binn\;C:\xampp\php;C:\ProgramData\ComposerSetup\bin;C:\Program Files\dotnet\;C:\Users\User\AppData\Local\Android\Sdk\cmdline-tools\bin;C:\Program Files\Java\;C:\Program Files\Git\cmd;C:\Program Files\nodejs\;C:\ProgramData\chocolatey\bin;C:\Program Files\nodejs\node_modules\npm\bin;C:\Program Files\MySQL\MySQL Shell 8.0\bin\;C:\Users\User\AppData\Local\Microsoft\WindowsApps;C:\Users\User\.dotnet\tools;C:\User
USERNAME=User
OS=Windows_NT
PROCESSOR_IDENTIFIER=Intel64 Family 6 Model 140 Stepping 1, GenuineIntel
TMP=C:\Users\User\AppData\Local\Temp
TEMP=C:\Users\User\AppData\Local\Temp


JNI global refs:
JNI global refs: 29, weak refs: 0

JNI global refs memory usage: 843, weak refs: 841


---------------  S Y S T E M  ---------------

OS:
 Windows 11 , 64 bit Build 22621 (10.0.22621.2428)
OS uptime: 1 days 5:31 hours

CPU: total 8 (initial active 8) (4 cores per cpu, 2 threads per core) family 6 model 140 stepping 1 microcode 0x78, cx8, cmov, fxsr, ht, mmx, 3dnowpref, sse, sse2, sse3, ssse3, sse4.1, sse4.2, popcnt, lzcnt, tsc, tscinvbit, avx, avx2, aes, erms, clmul, bmi1, bmi2, adx, avx512f, avx512dq, avx512cd, avx512bw, avx512vl, sha, fma, vzeroupper, avx512_vpopcntdq, avx512_vpclmulqdq, avx512_vaes, avx512_vnni, clflush, clflushopt, clwb, avx512_vbmi2, avx512_vbmi

Memory: 4k page, system-wide physical 7991M (809M free)
TotalPageFile size 10039M (AvailPageFile size 5M)
current process WorkingSet (physical memory assigned to process): 434M, peak: 436M
current process commit charge ("private bytes"): 718M, peak: 722M

vm_info: OpenJDK 64-Bit Server VM (17.0.6+0-b2043.56-10027231) for windows-amd64 JRE (17.0.6+0-b2043.56-10027231), built on Apr 28 2023 00:43:19 by "androidbuild" with MS VC++ 16.10 / 16.11 (VS2019)

END.
