#
# There is insufficient memory for the Java Runtime Environment to continue.
# Native memory allocation (malloc) failed to allocate 3229088 bytes for Chunk::new
# Possible reasons:
#   The system is out of physical RAM or swap space
#   The process is running with CompressedOops enabled, and the Java Heap may be blocking the growth of the native heap
# Possible solutions:
#   Reduce memory load on the system
#   Increase physical memory or swap space
#   Check if swap backing store is full
#   Decrease Java heap size (-Xmx/-Xms)
#   Decrease number of Java threads
#   Decrease Java thread stack sizes (-Xss)
#   Set larger code cache with -XX:ReservedCodeCacheSize=
#   JVM is running with Unscaled Compressed Oops mode in which the Java heap is
#     placed in the first 4GB address space. The Java Heap base address is the
#     maximum limit for the native heap growth. Please use -XX:HeapBaseMinAddress
#     to set the Java Heap base and to place the Java Heap above 4GB virtual address.
# This output file may be truncated or incomplete.
#
#  Out of Memory Error (arena.cpp:189), pid=7796, tid=12424
#
# JRE version: OpenJDK Runtime Environment (17.0.6) (build 17.0.6+0-b2043.56-10027231)
# Java VM: OpenJDK 64-Bit Server VM (17.0.6+0-b2043.56-10027231, mixed mode, tiered, compressed oops, compressed class ptrs, g1 gc, windows-amd64)
# No core dump will be written. Minidumps are not enabled by default on client versions of Windows
#

---------------  S U M M A R Y ------------

Command Line: --add-opens=java.base/java.util=ALL-UNNAMED --add-opens=java.base/java.lang=ALL-UNNAMED --add-opens=java.base/java.lang.invoke=ALL-UNNAMED --add-opens=java.prefs/java.util.prefs=ALL-UNNAMED --add-opens=java.base/java.nio.charset=ALL-UNNAMED --add-opens=java.base/java.net=ALL-UNNAMED --add-opens=java.base/java.util.concurrent.atomic=ALL-UNNAMED -Xmx2048m -Dfile.encoding=UTF-8 -Duser.country=US -Duser.language=en -Duser.variant org.gradle.launcher.daemon.bootstrap.GradleDaemon 8.0

Host: 11th Gen Intel(R) Core(TM) i5-1135G7 @ 2.40GHz, 8 cores, 7G,  Windows 11 , 64 bit Build 22621 (10.0.22621.2506)
Time: Sat Dec  2 15:13:53 2023 E. Africa Standard Time elapsed time: 33.029553 seconds (0d 0h 0m 33s)

---------------  T H R E A D  ---------------

Current thread (0x000001eace838010):  JavaThread "C2 CompilerThread0" daemon [_thread_in_native, id=12424, stack(0x0000000b37300000,0x0000000b37400000)]


Current CompileTask:
C2:  33029 4337       4       org.gradle.internal.service.DefaultServiceRegistry$OwnServices::getService (309 bytes)

Stack: [0x0000000b37300000,0x0000000b37400000]
Native frames: (J=compiled Java code, j=interpreted, Vv=VM code, C=native code)
V  [jvm.dll+0x683c9a]
V  [jvm.dll+0x8427a4]
V  [jvm.dll+0x843f9e]
V  [jvm.dll+0x844603]
V  [jvm.dll+0x249b75]
V  [jvm.dll+0xabcac]
V  [jvm.dll+0xac27c]
V  [jvm.dll+0x368857]
V  [jvm.dll+0x1bd0b8]
V  [jvm.dll+0x21c359]
V  [jvm.dll+0x21b621]
V  [jvm.dll+0x1a4fdd]
V  [jvm.dll+0x22b098]
V  [jvm.dll+0x229159]
V  [jvm.dll+0x7f81ec]
V  [jvm.dll+0x7f274a]
V  [jvm.dll+0x682ad5]
C  [ucrtbase.dll+0x29363]
C  [KERNEL32.DLL+0x1257d]
C  [ntdll.dll+0x5aa58]


---------------  P R O C E S S  ---------------

Threads class SMR info:
_java_thread_list=0x000001ead12abf60, length=41, elements={
0x000001eab219dd60, 0x000001eace814260, 0x000001eace814d20, 0x000001eacdfa7440,
0x000001eacdfa7f00, 0x000001eacdfa88c0, 0x000001eace837420, 0x000001eace838010,
0x000001eace840920, 0x000001eace845230, 0x000001eace9d2cd0, 0x000001eace9d31a0,
0x000001eacfd24340, 0x000001eacebf9ac0, 0x000001ead16a3540, 0x000001ead03c7c20,
0x000001ead03c80f0, 0x000001eacef41f50, 0x000001ead1b90830, 0x000001eacfc6e090,
0x000001eacfc6c3b0, 0x000001eacfc6b540, 0x000001eacfc6bee0, 0x000001eacfc6c880,
0x000001eacfc6ba10, 0x000001eacfc6e560, 0x000001eacfc6d220, 0x000001eacfc6d6f0,
0x000001eacfc6dbc0, 0x000001eacfc6ea30, 0x000001eacfc6b070, 0x000001ead11df080,
0x000001ead11e1700, 0x000001ead11e5590, 0x000001ead11e1bd0, 0x000001ead11e38b0,
0x000001ead11e20a0, 0x000001ead11e3d80, 0x000001ead11e33e0, 0x000001ead11e6400,
0x000001ead11e68d0
}

Java Threads: ( => current thread )
  0x000001eab219dd60 JavaThread "main" [_thread_blocked, id=1616, stack(0x0000000b36600000,0x0000000b36700000)]
  0x000001eace814260 JavaThread "Reference Handler" daemon [_thread_blocked, id=9372, stack(0x0000000b36d00000,0x0000000b36e00000)]
  0x000001eace814d20 JavaThread "Finalizer" daemon [_thread_blocked, id=4264, stack(0x0000000b36e00000,0x0000000b36f00000)]
  0x000001eacdfa7440 JavaThread "Signal Dispatcher" daemon [_thread_blocked, id=13404, stack(0x0000000b36f00000,0x0000000b37000000)]
  0x000001eacdfa7f00 JavaThread "Attach Listener" daemon [_thread_blocked, id=13476, stack(0x0000000b37000000,0x0000000b37100000)]
  0x000001eacdfa88c0 JavaThread "Service Thread" daemon [_thread_blocked, id=10868, stack(0x0000000b37100000,0x0000000b37200000)]
  0x000001eace837420 JavaThread "Monitor Deflation Thread" daemon [_thread_blocked, id=13016, stack(0x0000000b37200000,0x0000000b37300000)]
=>0x000001eace838010 JavaThread "C2 CompilerThread0" daemon [_thread_in_native, id=12424, stack(0x0000000b37300000,0x0000000b37400000)]
  0x000001eace840920 JavaThread "C1 CompilerThread0" daemon [_thread_blocked, id=7220, stack(0x0000000b37400000,0x0000000b37500000)]
  0x000001eace845230 JavaThread "Sweeper thread" daemon [_thread_blocked, id=13704, stack(0x0000000b37500000,0x0000000b37600000)]
  0x000001eace9d2cd0 JavaThread "Common-Cleaner" daemon [_thread_blocked, id=5820, stack(0x0000000b37600000,0x0000000b37700000)]
  0x000001eace9d31a0 JavaThread "Notification Thread" daemon [_thread_blocked, id=10052, stack(0x0000000b37700000,0x0000000b37800000)]
  0x000001eacfd24340 JavaThread "Daemon health stats" [_thread_blocked, id=9328, stack(0x0000000b37f00000,0x0000000b38000000)]
  0x000001eacebf9ac0 JavaThread "Incoming local TCP Connector on port 54028" [_thread_in_native, id=13256, stack(0x0000000b37900000,0x0000000b37a00000)]
  0x000001ead16a3540 JavaThread "Daemon periodic checks" [_thread_blocked, id=556, stack(0x0000000b37a00000,0x0000000b37b00000)]
  0x000001ead03c7c20 JavaThread "Daemon" [_thread_blocked, id=5260, stack(0x0000000b38000000,0x0000000b38100000)]
  0x000001ead03c80f0 JavaThread "Handler for socket connection from /127.0.0.1:54028 to /127.0.0.1:54029" [_thread_in_native, id=12016, stack(0x0000000b38100000,0x0000000b38200000)]
  0x000001eacef41f50 JavaThread "Cancel handler" [_thread_blocked, id=8932, stack(0x0000000b38200000,0x0000000b38300000)]
  0x000001ead1b90830 JavaThread "Daemon worker" [_thread_in_native, id=9844, stack(0x0000000b38300000,0x0000000b38400000)]
  0x000001eacfc6e090 JavaThread "Asynchronous log dispatcher for DefaultDaemonConnection: socket connection from /127.0.0.1:54028 to /127.0.0.1:54029" [_thread_blocked, id=12548, stack(0x0000000b38400000,0x0000000b38500000)]
  0x000001eacfc6c3b0 JavaThread "Stdin handler" [_thread_blocked, id=14064, stack(0x0000000b38500000,0x0000000b38600000)]
  0x000001eacfc6b540 JavaThread "Daemon client event forwarder" [_thread_blocked, id=564, stack(0x0000000b38600000,0x0000000b38700000)]
  0x000001eacfc6bee0 JavaThread "Cache worker for journal cache (C:\Users\User\.gradle\caches\journal-1)" [_thread_blocked, id=14100, stack(0x0000000b38b00000,0x0000000b38c00000)]
  0x000001eacfc6c880 JavaThread "File lock request listener" [_thread_in_native, id=3156, stack(0x0000000b38c00000,0x0000000b38d00000)]
  0x000001eacfc6ba10 JavaThread "Cache worker for file hash cache (C:\Users\User\.gradle\caches\8.0\fileHashes)" [_thread_blocked, id=14236, stack(0x0000000b38d00000,0x0000000b38e00000)]
  0x000001eacfc6e560 JavaThread "File watcher server" daemon [_thread_in_native, id=12232, stack(0x0000000b38e00000,0x0000000b38f00000)]
  0x000001eacfc6d220 JavaThread "File watcher consumer" daemon [_thread_blocked, id=1808, stack(0x0000000b38f00000,0x0000000b39000000)]
  0x000001eacfc6d6f0 JavaThread "Cache worker for checksums cache (C:\Users\User\AndroidStudioProjects\RepairPal\.gradle\8.0\checksums)" [_thread_blocked, id=10744, stack(0x0000000b39000000,0x0000000b39100000)]
  0x000001eacfc6dbc0 JavaThread "Cache worker for cache directory md-rule (C:\Users\User\.gradle\caches\8.0\md-rule)" [_thread_blocked, id=9040, stack(0x0000000b39100000,0x0000000b39200000)]
  0x000001eacfc6ea30 JavaThread "Cache worker for file content cache (C:\Users\User\.gradle\caches\8.0\fileContent)" [_thread_blocked, id=7056, stack(0x0000000b39200000,0x0000000b39300000)]
  0x000001eacfc6b070 JavaThread "Cache worker for file hash cache (C:\Users\User\AndroidStudioProjects\RepairPal\.gradle\8.0\fileHashes)" [_thread_blocked, id=12068, stack(0x0000000b39300000,0x0000000b39400000)]
  0x000001ead11df080 JavaThread "Cache worker for cache directory md-supplier (C:\Users\User\.gradle\caches\8.0\md-supplier)" [_thread_blocked, id=1960, stack(0x0000000b39400000,0x0000000b39500000)]
  0x000001ead11e1700 JavaThread "Cache worker for execution history cache (C:\Users\User\.gradle\caches\8.0\executionHistory)" [_thread_blocked, id=2368, stack(0x0000000b39500000,0x0000000b39600000)]
  0x000001ead11e5590 JavaThread "jar transforms" [_thread_blocked, id=12240, stack(0x0000000b39600000,0x0000000b39700000)]
  0x000001ead11e1bd0 JavaThread "jar transforms Thread 2" [_thread_blocked, id=10420, stack(0x0000000b39700000,0x0000000b39800000)]
  0x000001ead11e38b0 JavaThread "Cache worker for kotlin-dsl (C:\Users\User\.gradle\caches\8.0\kotlin-dsl)" [_thread_blocked, id=1372, stack(0x0000000b39800000,0x0000000b39900000)]
  0x000001ead11e20a0 JavaThread "jar transforms Thread 3" [_thread_blocked, id=11672, stack(0x0000000b39900000,0x0000000b39a00000)]
  0x000001ead11e3d80 JavaThread "jar transforms Thread 4" [_thread_blocked, id=9160, stack(0x0000000b39b00000,0x0000000b39c00000)]
  0x000001ead11e33e0 JavaThread "Cache worker for dependencies-accessors (C:\Users\User\AndroidStudioProjects\RepairPal\.gradle\8.0\dependencies-accessors)" [_thread_blocked, id=5056, stack(0x0000000b39c00000,0x0000000b39d00000)]
  0x000001ead11e6400 JavaThread "Cache worker for Build Output Cleanup Cache (C:\Users\User\AndroidStudioProjects\RepairPal\.gradle\buildOutputCleanup)" [_thread_blocked, id=11228, stack(0x0000000b39e00000,0x0000000b39f00000)]
  0x000001ead11e68d0 JavaThread "jar transforms Thread 5" [_thread_blocked, id=6060, stack(0x0000000b39d00000,0x0000000b39e00000)]

Other Threads:
  0x000001eacdf90960 VMThread "VM Thread" [stack: 0x0000000b36c00000,0x0000000b36d00000] [id=5756]
  0x000001eace90afe0 WatcherThread [stack: 0x0000000b37800000,0x0000000b37900000] [id=13840]
  0x000001eab21f8e90 GCTaskThread "GC Thread#0" [stack: 0x0000000b36700000,0x0000000b36800000] [id=13800]
  0x000001eacf23e6a0 GCTaskThread "GC Thread#1" [stack: 0x0000000b37b00000,0x0000000b37c00000] [id=1356]
  0x000001eacf23e950 GCTaskThread "GC Thread#2" [stack: 0x0000000b37c00000,0x0000000b37d00000] [id=13516]
  0x000001eacf177110 GCTaskThread "GC Thread#3" [stack: 0x0000000b37d00000,0x0000000b37e00000] [id=6632]
  0x000001ead040bf80 GCTaskThread "GC Thread#4" [stack: 0x0000000b37e00000,0x0000000b37f00000] [id=3368]
  0x000001eacf51e1b0 GCTaskThread "GC Thread#5" [stack: 0x0000000b38700000,0x0000000b38800000] [id=11944]
  0x000001eacf332410 GCTaskThread "GC Thread#6" [stack: 0x0000000b38800000,0x0000000b38900000] [id=6104]
  0x000001ead1140030 GCTaskThread "GC Thread#7" [stack: 0x0000000b38900000,0x0000000b38a00000] [id=10048]
  0x000001eab2209ce0 ConcurrentGCThread "G1 Main Marker" [stack: 0x0000000b36800000,0x0000000b36900000] [id=2528]
  0x000001eab220a600 ConcurrentGCThread "G1 Conc#0" [stack: 0x0000000b36900000,0x0000000b36a00000] [id=10400]
  0x000001ead1140ae0 ConcurrentGCThread "G1 Conc#1" [stack: 0x0000000b38a00000,0x0000000b38b00000] [id=13112]
  0x000001eab225ebd0 ConcurrentGCThread "G1 Refine#0" [stack: 0x0000000b36a00000,0x0000000b36b00000] [id=12816]
  0x000001ead4467150 ConcurrentGCThread "G1 Refine#1" [stack: 0x0000000b39a00000,0x0000000b39b00000] [id=13384]
  0x000001eacdde6630 ConcurrentGCThread "G1 Service" [stack: 0x0000000b36b00000,0x0000000b36c00000] [id=8796]

Threads with active compile tasks:
C2 CompilerThread0    33200 4337       4       org.gradle.internal.service.DefaultServiceRegistry$OwnServices::getService (309 bytes)

VM state: not at safepoint (normal execution)

VM Mutex/Monitor currently owned by a thread: None

Heap address: 0x0000000080000000, size: 2048 MB, Compressed Oops mode: 32-bit

CDS archive(s) not mapped
Compressed class space mapped at: 0x0000000100000000-0x0000000140000000, reserved size: 1073741824
Narrow klass base: 0x0000000000000000, Narrow klass shift: 3, Narrow klass range: 0x140000000

GC Precious Log:
 CPUs: 8 total, 8 available
 Memory: 7991M
 Large Page Support: Disabled
 NUMA Support: Disabled
 Compressed Oops: Enabled (32-bit)
 Heap Region Size: 1M
 Heap Min Capacity: 8M
 Heap Initial Capacity: 126M
 Heap Max Capacity: 2G
 Pre-touch: Disabled
 Parallel Workers: 8
 Concurrent Workers: 2
 Concurrent Refinement Workers: 8
 Periodic GC: Disabled

Heap:
 garbage-first heap   total 86016K, used 45166K [0x0000000080000000, 0x0000000100000000)
  region size 1024K, 16 young (16384K), 3 survivors (3072K)
 Metaspace       used 50230K, committed 50688K, reserved 1097728K
  class space    used 6724K, committed 6912K, reserved 1048576K

Heap Regions: E=young(eden), S=young(survivor), O=old, HS=humongous(starts), HC=humongous(continues), CS=collection set, F=free, OA=open archive, CA=closed archive, TAMS=top-at-mark-start (previous, next)
|   0|0x0000000080000000, 0x0000000080100000, 0x0000000080100000|100%|HS|  |TAMS 0x0000000080100000, 0x0000000080000000| Complete 
|   1|0x0000000080100000, 0x0000000080200000, 0x0000000080200000|100%|HC|  |TAMS 0x0000000080200000, 0x0000000080100000| Complete 
|   2|0x0000000080200000, 0x0000000080300000, 0x0000000080300000|100%|HC|  |TAMS 0x0000000080300000, 0x0000000080200000| Complete 
|   3|0x0000000080300000, 0x0000000080400000, 0x0000000080400000|100%|HC|  |TAMS 0x0000000080400000, 0x0000000080300000| Complete 
|   4|0x0000000080400000, 0x0000000080500000, 0x0000000080500000|100%| O|  |TAMS 0x0000000080500000, 0x0000000080400000| Untracked 
|   5|0x0000000080500000, 0x0000000080600000, 0x0000000080600000|100%| O|  |TAMS 0x0000000080600000, 0x0000000080500000| Untracked 
|   6|0x0000000080600000, 0x0000000080700000, 0x0000000080700000|100%| O|  |TAMS 0x0000000080700000, 0x0000000080600000| Untracked 
|   7|0x0000000080700000, 0x0000000080800000, 0x0000000080800000|100%| O|  |TAMS 0x0000000080800000, 0x0000000080700000| Untracked 
|   8|0x0000000080800000, 0x0000000080900000, 0x0000000080900000|100%| O|  |TAMS 0x0000000080900000, 0x0000000080800000| Untracked 
|   9|0x0000000080900000, 0x0000000080a00000, 0x0000000080a00000|100%| O|  |TAMS 0x0000000080a00000, 0x0000000080900000| Untracked 
|  10|0x0000000080a00000, 0x0000000080b00000, 0x0000000080b00000|100%| O|  |TAMS 0x0000000080b00000, 0x0000000080a00000| Untracked 
|  11|0x0000000080b00000, 0x0000000080b35200, 0x0000000080c00000| 20%| O|  |TAMS 0x0000000080b35200, 0x0000000080b00000| Untracked 
|  12|0x0000000080c00000, 0x0000000080d00000, 0x0000000080d00000|100%| O|  |TAMS 0x0000000080d00000, 0x0000000080c00000| Untracked 
|  13|0x0000000080d00000, 0x0000000080e00000, 0x0000000080e00000|100%| O|  |TAMS 0x0000000080e00000, 0x0000000080d00000| Untracked 
|  14|0x0000000080e00000, 0x0000000080f00000, 0x0000000080f00000|100%| O|  |TAMS 0x0000000080f00000, 0x0000000080e00000| Untracked 
|  15|0x0000000080f00000, 0x0000000081000000, 0x0000000081000000|100%| O|  |TAMS 0x0000000081000000, 0x0000000080f00000| Untracked 
|  16|0x0000000081000000, 0x0000000081100000, 0x0000000081100000|100%| O|  |TAMS 0x0000000081100000, 0x0000000081000000| Untracked 
|  17|0x0000000081100000, 0x0000000081200000, 0x0000000081200000|100%| O|  |TAMS 0x0000000081200000, 0x0000000081100000| Untracked 
|  18|0x0000000081200000, 0x0000000081300000, 0x0000000081300000|100%| O|  |TAMS 0x0000000081288200, 0x0000000081200000| Untracked 
|  19|0x0000000081300000, 0x0000000081400000, 0x0000000081400000|100%| O|  |TAMS 0x0000000081300000, 0x0000000081300000| Untracked 
|  20|0x0000000081400000, 0x0000000081500000, 0x0000000081500000|100%| O|  |TAMS 0x0000000081400000, 0x0000000081400000| Untracked 
|  21|0x0000000081500000, 0x0000000081600000, 0x0000000081600000|100%| O|  |TAMS 0x0000000081500000, 0x0000000081500000| Untracked 
|  22|0x0000000081600000, 0x0000000081700000, 0x0000000081700000|100%| O|  |TAMS 0x0000000081600000, 0x0000000081600000| Untracked 
|  23|0x0000000081700000, 0x0000000081800000, 0x0000000081800000|100%| O|  |TAMS 0x0000000081700000, 0x0000000081700000| Untracked 
|  24|0x0000000081800000, 0x0000000081900000, 0x0000000081900000|100%| O|  |TAMS 0x0000000081800000, 0x0000000081800000| Untracked 
|  25|0x0000000081900000, 0x0000000081900000, 0x0000000081a00000|  0%| F|  |TAMS 0x0000000081900000, 0x0000000081900000| Untracked 
|  26|0x0000000081a00000, 0x0000000081b00000, 0x0000000081b00000|100%| O|  |TAMS 0x0000000081a00000, 0x0000000081a00000| Untracked 
|  27|0x0000000081b00000, 0x0000000081c00000, 0x0000000081c00000|100%| O|  |TAMS 0x0000000081b00000, 0x0000000081b00000| Untracked 
|  28|0x0000000081c00000, 0x0000000081d00000, 0x0000000081d00000|100%| O|  |TAMS 0x0000000081c00000, 0x0000000081c00000| Untracked 
|  29|0x0000000081d00000, 0x0000000081e00000, 0x0000000081e00000|100%| O|  |TAMS 0x0000000081d00000, 0x0000000081d00000| Untracked 
|  30|0x0000000081e00000, 0x0000000081f00000, 0x0000000081f00000|100%| O|  |TAMS 0x0000000081e00000, 0x0000000081e00000| Untracked 
|  31|0x0000000081f00000, 0x0000000081f8c800, 0x0000000082000000| 54%| O|  |TAMS 0x0000000081f00000, 0x0000000081f00000| Untracked 
|  32|0x0000000082000000, 0x0000000082000000, 0x0000000082100000|  0%| F|  |TAMS 0x0000000082000000, 0x0000000082000000| Untracked 
|  33|0x0000000082100000, 0x0000000082100000, 0x0000000082200000|  0%| F|  |TAMS 0x0000000082100000, 0x0000000082100000| Untracked 
|  34|0x0000000082200000, 0x0000000082200000, 0x0000000082300000|  0%| F|  |TAMS 0x0000000082200000, 0x0000000082200000| Untracked 
|  35|0x0000000082300000, 0x0000000082300000, 0x0000000082400000|  0%| F|  |TAMS 0x0000000082300000, 0x0000000082300000| Untracked 
|  36|0x0000000082400000, 0x0000000082400000, 0x0000000082500000|  0%| F|  |TAMS 0x0000000082400000, 0x0000000082400000| Untracked 
|  37|0x0000000082500000, 0x0000000082500000, 0x0000000082600000|  0%| F|  |TAMS 0x0000000082500000, 0x0000000082500000| Untracked 
|  38|0x0000000082600000, 0x0000000082600000, 0x0000000082700000|  0%| F|  |TAMS 0x0000000082600000, 0x0000000082600000| Untracked 
|  39|0x0000000082700000, 0x0000000082700000, 0x0000000082800000|  0%| F|  |TAMS 0x0000000082700000, 0x0000000082700000| Untracked 
|  40|0x0000000082800000, 0x0000000082800000, 0x0000000082900000|  0%| F|  |TAMS 0x0000000082800000, 0x0000000082800000| Untracked 
|  41|0x0000000082900000, 0x0000000082900000, 0x0000000082a00000|  0%| F|  |TAMS 0x0000000082900000, 0x0000000082900000| Untracked 
|  42|0x0000000082a00000, 0x0000000082a00000, 0x0000000082b00000|  0%| F|  |TAMS 0x0000000082a00000, 0x0000000082a00000| Untracked 
|  43|0x0000000082b00000, 0x0000000082b00000, 0x0000000082c00000|  0%| F|  |TAMS 0x0000000082b00000, 0x0000000082b00000| Untracked 
|  44|0x0000000082c00000, 0x0000000082c00000, 0x0000000082d00000|  0%| F|  |TAMS 0x0000000082c00000, 0x0000000082c00000| Untracked 
|  45|0x0000000082d00000, 0x0000000082d59e48, 0x0000000082e00000| 35%| S|CS|TAMS 0x0000000082d00000, 0x0000000082d00000| Complete 
|  46|0x0000000082e00000, 0x0000000082e00000, 0x0000000082f00000|  0%| F|  |TAMS 0x0000000082e00000, 0x0000000082e00000| Untracked 
|  47|0x0000000082f00000, 0x0000000082f00000, 0x0000000083000000|  0%| F|  |TAMS 0x0000000082f00000, 0x0000000082f00000| Untracked 
|  48|0x0000000083000000, 0x0000000083000000, 0x0000000083100000|  0%| F|  |TAMS 0x0000000083000000, 0x0000000083000000| Untracked 
|  49|0x0000000083100000, 0x0000000083100000, 0x0000000083200000|  0%| F|  |TAMS 0x0000000083100000, 0x0000000083100000| Untracked 
|  50|0x0000000083200000, 0x0000000083300000, 0x0000000083300000|100%| S|CS|TAMS 0x0000000083200000, 0x0000000083200000| Complete 
|  51|0x0000000083300000, 0x0000000083400000, 0x0000000083400000|100%| S|CS|TAMS 0x0000000083300000, 0x0000000083300000| Complete 
|  52|0x0000000083400000, 0x0000000083400000, 0x0000000083500000|  0%| F|  |TAMS 0x0000000083400000, 0x0000000083400000| Untracked 
|  53|0x0000000083500000, 0x0000000083500000, 0x0000000083600000|  0%| F|  |TAMS 0x0000000083500000, 0x0000000083500000| Untracked 
|  54|0x0000000083600000, 0x0000000083600000, 0x0000000083700000|  0%| F|  |TAMS 0x0000000083600000, 0x0000000083600000| Untracked 
|  55|0x0000000083700000, 0x0000000083700000, 0x0000000083800000|  0%| F|  |TAMS 0x0000000083700000, 0x0000000083700000| Untracked 
|  56|0x0000000083800000, 0x0000000083800000, 0x0000000083900000|  0%| F|  |TAMS 0x0000000083800000, 0x0000000083800000| Untracked 
|  57|0x0000000083900000, 0x0000000083900000, 0x0000000083a00000|  0%| F|  |TAMS 0x0000000083900000, 0x0000000083900000| Untracked 
|  58|0x0000000083a00000, 0x0000000083a00000, 0x0000000083b00000|  0%| F|  |TAMS 0x0000000083a00000, 0x0000000083a00000| Untracked 
|  59|0x0000000083b00000, 0x0000000083b00000, 0x0000000083c00000|  0%| F|  |TAMS 0x0000000083b00000, 0x0000000083b00000| Untracked 
|  60|0x0000000083c00000, 0x0000000083c00000, 0x0000000083d00000|  0%| F|  |TAMS 0x0000000083c00000, 0x0000000083c00000| Untracked 
|  61|0x0000000083d00000, 0x0000000083d00000, 0x0000000083e00000|  0%| F|  |TAMS 0x0000000083d00000, 0x0000000083d00000| Untracked 
|  62|0x0000000083e00000, 0x0000000083e00000, 0x0000000083f00000|  0%| F|  |TAMS 0x0000000083e00000, 0x0000000083e00000| Untracked 
|  63|0x0000000083f00000, 0x0000000083f00000, 0x0000000084000000|  0%| F|  |TAMS 0x0000000083f00000, 0x0000000083f00000| Untracked 
|  64|0x0000000084000000, 0x0000000084000000, 0x0000000084100000|  0%| F|  |TAMS 0x0000000084000000, 0x0000000084000000| Untracked 
|  65|0x0000000084100000, 0x0000000084100000, 0x0000000084200000|  0%| F|  |TAMS 0x0000000084100000, 0x0000000084100000| Untracked 
|  66|0x0000000084200000, 0x0000000084200000, 0x0000000084300000|  0%| F|  |TAMS 0x0000000084200000, 0x0000000084200000| Untracked 
|  67|0x0000000084300000, 0x0000000084300000, 0x0000000084400000|  0%| F|  |TAMS 0x0000000084300000, 0x0000000084300000| Untracked 
|  68|0x0000000084400000, 0x0000000084400000, 0x0000000084500000|  0%| F|  |TAMS 0x0000000084400000, 0x0000000084400000| Untracked 
|  69|0x0000000084500000, 0x0000000084500000, 0x0000000084600000|  0%| F|  |TAMS 0x0000000084500000, 0x0000000084500000| Untracked 
|  70|0x0000000084600000, 0x0000000084600000, 0x0000000084700000|  0%| F|  |TAMS 0x0000000084600000, 0x0000000084600000| Untracked 
|  71|0x0000000084700000, 0x0000000084780800, 0x0000000084800000| 50%| E|  |TAMS 0x0000000084700000, 0x0000000084700000| Complete 
|  72|0x0000000084800000, 0x0000000084900000, 0x0000000084900000|100%| E|CS|TAMS 0x0000000084800000, 0x0000000084800000| Complete 
|  73|0x0000000084900000, 0x0000000084a00000, 0x0000000084a00000|100%| E|CS|TAMS 0x0000000084900000, 0x0000000084900000| Complete 
|  75|0x0000000084b00000, 0x0000000084c00000, 0x0000000084c00000|100%| E|CS|TAMS 0x0000000084b00000, 0x0000000084b00000| Complete 
|  76|0x0000000084c00000, 0x0000000084d00000, 0x0000000084d00000|100%| E|CS|TAMS 0x0000000084c00000, 0x0000000084c00000| Complete 
|  77|0x0000000084d00000, 0x0000000084e00000, 0x0000000084e00000|100%| E|CS|TAMS 0x0000000084d00000, 0x0000000084d00000| Complete 
|  78|0x0000000084e00000, 0x0000000084f00000, 0x0000000084f00000|100%| E|CS|TAMS 0x0000000084e00000, 0x0000000084e00000| Complete 
|  79|0x0000000084f00000, 0x0000000085000000, 0x0000000085000000|100%| E|CS|TAMS 0x0000000084f00000, 0x0000000084f00000| Complete 
|  80|0x0000000085000000, 0x0000000085100000, 0x0000000085100000|100%| E|CS|TAMS 0x0000000085000000, 0x0000000085000000| Complete 
|  81|0x0000000085100000, 0x0000000085200000, 0x0000000085200000|100%| E|CS|TAMS 0x0000000085100000, 0x0000000085100000| Complete 
|  82|0x0000000085200000, 0x0000000085300000, 0x0000000085300000|100%| E|CS|TAMS 0x0000000085200000, 0x0000000085200000| Complete 
|  83|0x0000000085300000, 0x0000000085400000, 0x0000000085400000|100%| E|CS|TAMS 0x0000000085300000, 0x0000000085300000| Complete 
| 125|0x0000000087d00000, 0x0000000087e00000, 0x0000000087e00000|100%| E|CS|TAMS 0x0000000087d00000, 0x0000000087d00000| Complete 

Card table byte_map: [0x000001eac6ca0000,0x000001eac70a0000] _byte_map_base: 0x000001eac68a0000

Marking Bits (Prev, Next): (CMBitMap*) 0x000001eab21f93b0, (CMBitMap*) 0x000001eab21f93f0
 Prev Bits: [0x000001eac74a0000, 0x000001eac94a0000)
 Next Bits: [0x000001eac94a0000, 0x000001eacb4a0000)

Polling page: 0x000001eab6e10000

Metaspace:

Usage:
  Non-class:     42.49 MB used.
      Class:      6.57 MB used.
       Both:     49.05 MB used.

Virtual space:
  Non-class space:       48.00 MB reserved,      42.75 MB ( 89%) committed,  6 nodes.
      Class space:        1.00 GB reserved,       6.75 MB ( <1%) committed,  1 nodes.
             Both:        1.05 GB reserved,      49.50 MB (  5%) committed. 

Chunk freelists:
   Non-Class:  1.06 MB
       Class:  1.20 MB
        Both:  2.26 MB

MaxMetaspaceSize: unlimited
CompressedClassSpaceSize: 1.00 GB
Initial GC threshold: 21.00 MB
Current GC threshold: 58.69 MB
CDS: off
MetaspaceReclaimPolicy: balanced
 - commit_granule_bytes: 65536.
 - commit_granule_words: 8192.
 - virtual_space_node_default_size: 1048576.
 - enlarge_chunks_in_place: 1.
 - new_chunks_are_fully_committed: 0.
 - uncommit_free_chunks: 1.
 - use_allocation_guard: 0.
 - handle_deallocations: 1.


Internal statistics:

num_allocs_failed_limit: 6.
num_arena_births: 540.
num_arena_deaths: 0.
num_vsnodes_births: 7.
num_vsnodes_deaths: 0.
num_space_committed: 792.
num_space_uncommitted: 0.
num_chunks_returned_to_freelist: 6.
num_chunks_taken_from_freelist: 2087.
num_chunk_merges: 6.
num_chunk_splits: 1403.
num_chunks_enlarged: 988.
num_purges: 0.
num_inconsistent_stats: 0.

CodeHeap 'non-profiled nmethods': size=120000Kb used=2592Kb max_used=2592Kb free=117407Kb
 bounds [0x000001eabe900000, 0x000001eabeb90000, 0x000001eac5e30000]
CodeHeap 'profiled nmethods': size=120000Kb used=8896Kb max_used=8896Kb free=111104Kb
 bounds [0x000001eab6e30000, 0x000001eab76e0000, 0x000001eabe360000]
CodeHeap 'non-nmethods': size=5760Kb used=2311Kb max_used=2354Kb free=3448Kb
 bounds [0x000001eabe360000, 0x000001eabe5d0000, 0x000001eabe900000]
 total_blobs=5152 nmethods=4340 adapters=724
 compilation: enabled
              stopped_count=0, restarted_count=0
 full_count=0

Compilation events (20 events):
Event: 32.646 Thread 0x000001eace840920 4333       3       com.google.common.cache.LocalCache$Segment::postReadCleanup (18 bytes)
Event: 32.646 Thread 0x000001eace840920 nmethod 4333 0x000001eab76cdd90 code [0x000001eab76cdf40, 0x000001eab76ce118]
Event: 32.646 Thread 0x000001eace840920 4335       3       java.util.Collections$1::next (25 bytes)
Event: 32.646 Thread 0x000001eace840920 nmethod 4335 0x000001eab76ce210 code [0x000001eab76ce3c0, 0x000001eab76ce5e8]
Event: 32.646 Thread 0x000001eace840920 4334       3       com.google.common.collect.ImmutableList::asImmutableList (7 bytes)
Event: 32.646 Thread 0x000001eace840920 nmethod 4334 0x000001eab76ce710 code [0x000001eab76ce8a0, 0x000001eab76ce9c8]
Event: 32.646 Thread 0x000001eace840920 4336       1       org.gradle.api.attributes.Attribute::hashCode (5 bytes)
Event: 32.646 Thread 0x000001eace840920 nmethod 4336 0x000001eabeb86b90 code [0x000001eabeb86d20, 0x000001eabeb86df8]
Event: 32.651 Thread 0x000001eace838010 nmethod 4331% 0x000001eabeb86e90 code [0x000001eabeb87040, 0x000001eabeb878f8]
Event: 32.651 Thread 0x000001eace838010 4332       4       java.util.HashMap::<init> (11 bytes)
Event: 32.652 Thread 0x000001eace838010 nmethod 4332 0x000001eabeb87d10 code [0x000001eabeb87e80, 0x000001eabeb87ef8]
Event: 32.676 Thread 0x000001eace838010 4337       4       org.gradle.internal.service.DefaultServiceRegistry$OwnServices::getService (309 bytes)
Event: 32.678 Thread 0x000001eace840920 4339       3       java.lang.invoke.MethodHandles$Lookup::makeHiddenClassDefiner (22 bytes)
Event: 32.679 Thread 0x000001eace840920 nmethod 4339 0x000001eab76cea90 code [0x000001eab76cec40, 0x000001eab76cee28]
Event: 32.679 Thread 0x000001eace840920 4341       3       java.net.URI::match (56 bytes)
Event: 32.679 Thread 0x000001eace840920 nmethod 4341 0x000001eab76cef90 code [0x000001eab76cf140, 0x000001eab76cf438]
Event: 32.679 Thread 0x000001eace840920 4340       3       java.lang.invoke.MethodHandles$Lookup$ClassDefiner::defineClassAsLookup (19 bytes)
Event: 32.679 Thread 0x000001eace840920 nmethod 4340 0x000001eab76cf510 code [0x000001eab76cf6c0, 0x000001eab76cf8b8]
Event: 32.828 Thread 0x000001eace840920 4342       1       java.lang.Thread::isInterrupted (5 bytes)
Event: 32.828 Thread 0x000001eace840920 nmethod 4342 0x000001eabeb88010 code [0x000001eabeb881a0, 0x000001eabeb88278]

GC Heap History (18 events):
Event: 0.496 GC heap before
{Heap before GC invocations=0 (full 0):
 garbage-first heap   total 129024K, used 27648K [0x0000000080000000, 0x0000000100000000)
  region size 1024K, 23 young (23552K), 0 survivors (0K)
 Metaspace       used 10250K, committed 10432K, reserved 1064960K
  class space    used 1058K, committed 1152K, reserved 1048576K
}
Event: 0.501 GC heap after
{Heap after GC invocations=1 (full 0):
 garbage-first heap   total 129024K, used 10218K [0x0000000080000000, 0x0000000100000000)
  region size 1024K, 3 young (3072K), 3 survivors (3072K)
 Metaspace       used 10250K, committed 10432K, reserved 1064960K
  class space    used 1058K, committed 1152K, reserved 1048576K
}
Event: 0.751 GC heap before
{Heap before GC invocations=1 (full 0):
 garbage-first heap   total 129024K, used 39914K [0x0000000080000000, 0x0000000100000000)
  region size 1024K, 31 young (31744K), 3 survivors (3072K)
 Metaspace       used 11191K, committed 11456K, reserved 1064960K
  class space    used 1161K, committed 1280K, reserved 1048576K
}
Event: 0.757 GC heap after
{Heap after GC invocations=2 (full 0):
 garbage-first heap   total 129024K, used 14297K [0x0000000080000000, 0x0000000100000000)
  region size 1024K, 4 young (4096K), 4 survivors (4096K)
 Metaspace       used 11191K, committed 11456K, reserved 1064960K
  class space    used 1161K, committed 1280K, reserved 1048576K
}
Event: 15.870 GC heap before
{Heap before GC invocations=2 (full 0):
 garbage-first heap   total 129024K, used 52185K [0x0000000080000000, 0x0000000100000000)
  region size 1024K, 42 young (43008K), 4 survivors (4096K)
 Metaspace       used 21247K, committed 21504K, reserved 1073152K
  class space    used 2584K, committed 2752K, reserved 1048576K
}
Event: 15.874 GC heap after
{Heap after GC invocations=3 (full 0):
 garbage-first heap   total 129024K, used 18691K [0x0000000080000000, 0x0000000100000000)
  region size 1024K, 9 young (9216K), 9 survivors (9216K)
 Metaspace       used 21247K, committed 21504K, reserved 1073152K
  class space    used 2584K, committed 2752K, reserved 1048576K
}
Event: 16.549 GC heap before
{Heap before GC invocations=4 (full 0):
 garbage-first heap   total 71680K, used 52483K [0x0000000080000000, 0x0000000100000000)
  region size 1024K, 42 young (43008K), 9 survivors (9216K)
 Metaspace       used 26477K, committed 26816K, reserved 1073152K
  class space    used 3494K, committed 3648K, reserved 1048576K
}
Event: 16.554 GC heap after
{Heap after GC invocations=5 (full 0):
 garbage-first heap   total 71680K, used 20650K [0x0000000080000000, 0x0000000100000000)
  region size 1024K, 3 young (3072K), 3 survivors (3072K)
 Metaspace       used 26477K, committed 26816K, reserved 1073152K
  class space    used 3494K, committed 3648K, reserved 1048576K
}
Event: 22.522 GC heap before
{Heap before GC invocations=5 (full 0):
 garbage-first heap   total 71680K, used 48298K [0x0000000080000000, 0x0000000100000000)
  region size 1024K, 31 young (31744K), 3 survivors (3072K)
 Metaspace       used 30864K, committed 31232K, reserved 1081344K
  class space    used 4210K, committed 4352K, reserved 1048576K
}
Event: 22.525 GC heap after
{Heap after GC invocations=6 (full 0):
 garbage-first heap   total 71680K, used 21910K [0x0000000080000000, 0x0000000100000000)
  region size 1024K, 4 young (4096K), 4 survivors (4096K)
 Metaspace       used 30864K, committed 31232K, reserved 1081344K
  class space    used 4210K, committed 4352K, reserved 1048576K
}
Event: 25.541 GC heap before
{Heap before GC invocations=6 (full 0):
 garbage-first heap   total 71680K, used 46486K [0x0000000080000000, 0x0000000100000000)
  region size 1024K, 30 young (30720K), 4 survivors (4096K)
 Metaspace       used 35588K, committed 35968K, reserved 1081344K
  class space    used 4873K, committed 5056K, reserved 1048576K
}
Event: 25.544 GC heap after
{Heap after GC invocations=7 (full 0):
 garbage-first heap   total 71680K, used 24283K [0x0000000080000000, 0x0000000100000000)
  region size 1024K, 4 young (4096K), 4 survivors (4096K)
 Metaspace       used 35588K, committed 35968K, reserved 1081344K
  class space    used 4873K, committed 5056K, reserved 1048576K
}
Event: 26.425 GC heap before
{Heap before GC invocations=8 (full 0):
 garbage-first heap   total 71680K, used 51931K [0x0000000080000000, 0x0000000100000000)
  region size 1024K, 32 young (32768K), 4 survivors (4096K)
 Metaspace       used 40433K, committed 40768K, reserved 1089536K
  class space    used 5364K, committed 5504K, reserved 1048576K
}
Event: 26.430 GC heap after
{Heap after GC invocations=9 (full 0):
 garbage-first heap   total 86016K, used 28497K [0x0000000080000000, 0x0000000100000000)
  region size 1024K, 4 young (4096K), 4 survivors (4096K)
 Metaspace       used 40433K, committed 40768K, reserved 1089536K
  class space    used 5364K, committed 5504K, reserved 1048576K
}
Event: 28.084 GC heap before
{Heap before GC invocations=9 (full 0):
 garbage-first heap   total 86016K, used 65361K [0x0000000080000000, 0x0000000100000000)
  region size 1024K, 38 young (38912K), 4 survivors (4096K)
 Metaspace       used 43583K, committed 43968K, reserved 1089536K
  class space    used 5720K, committed 5888K, reserved 1048576K
}
Event: 28.087 GC heap after
{Heap after GC invocations=10 (full 0):
 garbage-first heap   total 86016K, used 30820K [0x0000000080000000, 0x0000000100000000)
  region size 1024K, 4 young (4096K), 4 survivors (4096K)
 Metaspace       used 43583K, committed 43968K, reserved 1089536K
  class space    used 5720K, committed 5888K, reserved 1048576K
}
Event: 31.067 GC heap before
{Heap before GC invocations=10 (full 0):
 garbage-first heap   total 86016K, used 64612K [0x0000000080000000, 0x0000000100000000)
  region size 1024K, 36 young (36864K), 4 survivors (4096K)
 Metaspace       used 48537K, committed 48960K, reserved 1097728K
  class space    used 6460K, committed 6656K, reserved 1048576K
}
Event: 31.070 GC heap after
{Heap after GC invocations=11 (full 0):
 garbage-first heap   total 86016K, used 32878K [0x0000000080000000, 0x0000000100000000)
  region size 1024K, 3 young (3072K), 3 survivors (3072K)
 Metaspace       used 48537K, committed 48960K, reserved 1097728K
  class space    used 6460K, committed 6656K, reserved 1048576K
}

Dll operation events (2 events):
Event: 0.005 Loaded shared library C:\Program Files\Android\Android Studio\jbr\bin\java.dll
Event: 0.282 Loaded shared library C:\Program Files\Android\Android Studio\jbr\bin\verify.dll

Deoptimization events (20 events):
Event: 32.643 Thread 0x000001ead1b90830 Uncommon trap: trap_request=0xffffffc6 fr.pc=0x000001eabea61a80 relative=0x0000000000000240
Event: 32.643 Thread 0x000001ead1b90830 Uncommon trap: reason=bimorphic_or_optimized_type_check action=maybe_recompile pc=0x000001eabea61a80 method=com.google.common.base.CharMatcher.indexIn(Ljava/lang/CharSequence;I)I @ 31 c2
Event: 32.643 Thread 0x000001ead1b90830 DEOPT PACKING pc=0x000001eabea61a80 sp=0x0000000b383f9570
Event: 32.643 Thread 0x000001ead1b90830 DEOPT UNPACKING pc=0x000001eabe3ba1a3 sp=0x0000000b383f9518 mode 2
Event: 32.643 Thread 0x000001ead1b90830 Uncommon trap: trap_request=0xffffffc6 fr.pc=0x000001eabea61a80 relative=0x0000000000000240
Event: 32.643 Thread 0x000001ead1b90830 Uncommon trap: reason=bimorphic_or_optimized_type_check action=maybe_recompile pc=0x000001eabea61a80 method=com.google.common.base.CharMatcher.indexIn(Ljava/lang/CharSequence;I)I @ 31 c2
Event: 32.643 Thread 0x000001ead1b90830 DEOPT PACKING pc=0x000001eabea61a80 sp=0x0000000b383f9570
Event: 32.643 Thread 0x000001ead1b90830 DEOPT UNPACKING pc=0x000001eabe3ba1a3 sp=0x0000000b383f9518 mode 2
Event: 32.678 Thread 0x000001ead1b90830 Uncommon trap: trap_request=0xffffff45 fr.pc=0x000001eabe964ee4 relative=0x00000000000001c4
Event: 32.678 Thread 0x000001ead1b90830 Uncommon trap: reason=unstable_if action=reinterpret pc=0x000001eabe964ee4 method=java.net.URI$Parser.scan(IILjava/lang/String;)I @ 26 c2
Event: 32.678 Thread 0x000001ead1b90830 DEOPT PACKING pc=0x000001eabe964ee4 sp=0x0000000b383f80f0
Event: 32.678 Thread 0x000001ead1b90830 DEOPT UNPACKING pc=0x000001eabe3ba1a3 sp=0x0000000b383f8080 mode 2
Event: 32.678 Thread 0x000001ead1b90830 Uncommon trap: trap_request=0xffffff45 fr.pc=0x000001eabe95b7b4 relative=0x0000000000000114
Event: 32.678 Thread 0x000001ead1b90830 Uncommon trap: reason=unstable_if action=reinterpret pc=0x000001eabe95b7b4 method=java.net.URI.match(CJJ)Z @ 45 c2
Event: 32.678 Thread 0x000001ead1b90830 DEOPT PACKING pc=0x000001eabe95b7b4 sp=0x0000000b383f7e60
Event: 32.678 Thread 0x000001ead1b90830 DEOPT UNPACKING pc=0x000001eabe3ba1a3 sp=0x0000000b383f7d98 mode 2
Event: 32.678 Thread 0x000001ead1b90830 Uncommon trap: trap_request=0xffffff45 fr.pc=0x000001eabe91bb48 relative=0x0000000000000048
Event: 32.678 Thread 0x000001ead1b90830 Uncommon trap: reason=unstable_if action=reinterpret pc=0x000001eabe91bb48 method=java.net.URI.match(CJJ)Z @ 19 c2
Event: 32.678 Thread 0x000001ead1b90830 DEOPT PACKING pc=0x000001eabe91bb48 sp=0x0000000b383f7e70
Event: 32.678 Thread 0x000001ead1b90830 DEOPT UNPACKING pc=0x000001eabe3ba1a3 sp=0x0000000b383f7e20 mode 2

Classes unloaded (0 events):
No events

Classes redefined (0 events):
No events

Internal exceptions (20 events):
Event: 27.405 Thread 0x000001ead1b90830 Exception <a 'java/lang/NoSuchMethodError'{0x00000000841045f8}: 'java.lang.Object java.lang.invoke.DirectMethodHandle$Holder.invokeStatic(java.lang.Object, java.lang.Object, java.lang.Object, java.lang.Object, java.lang.Object, java.lang.Object, java.lang.Object, java.lang.Object, java.lang.Object, java.lang.Object, java.lang.Object, java.lang.Object, java.lang.Object, java.lang.Object, java.lang.Object, java.lang.Object, java.lang.Object, java.lang.Object)'> (0x00000000841045f8) 
thrown [s\src\hotspot\sha
Event: 27.406 Thread 0x000001ead1b90830 Exception <a 'java/lang/NoSuchMethodError'{0x000000008412c998}: 'java.lang.Object java.lang.invoke.DirectMethodHandle$Holder.invokeStatic(java.lang.Object, java.lang.Object, java.lang.Object, java.lang.Object, java.lang.Object, java.lang.Object, java.lang.Object, java.lang.Object, java.lang.Object, java.lang.Object, java.lang.Object, java.lang.Object, java.lang.Object, java.lang.Object, java.lang.Object, java.lang.Object, java.lang.Object, java.lang.Object, java.lang.Object)'> (0x000000008412c998) 
thrown 
Event: 27.408 Thread 0x000001ead1b90830 Exception <a 'java/lang/NoSuchMethodError'{0x0000000084155ff8}: 'java.lang.Object java.lang.invoke.DirectMethodHandle$Holder.invokeStatic(java.lang.Object, java.lang.Object, java.lang.Object, java.lang.Object, java.lang.Object, java.lang.Object, java.lang.Object, java.lang.Object, java.lang.Object, java.lang.Object, java.lang.Object, java.lang.Object, java.lang.Object, java.lang.Object, java.lang.Object, java.lang.Object, java.lang.Object, java.lang.Object, java.lang.Object, java.lang.Object)'> (0x00000000
Event: 27.410 Thread 0x000001ead1b90830 Exception <a 'java/lang/NoSuchMethodError'{0x00000000841806b8}: 'java.lang.Object java.lang.invoke.DirectMethodHandle$Holder.invokeStatic(java.lang.Object, java.lang.Object, java.lang.Object, java.lang.Object, java.lang.Object, java.lang.Object, java.lang.Object, java.lang.Object, java.lang.Object, java.lang.Object, java.lang.Object, java.lang.Object, java.lang.Object, java.lang.Object, java.lang.Object, java.lang.Object, java.lang.Object, java.lang.Object, java.lang.Object, java.lang.Object, java.lang.Obj
Event: 27.412 Thread 0x000001ead1b90830 Exception <a 'java/lang/NoSuchMethodError'{0x00000000841abd28}: 'java.lang.Object java.lang.invoke.DirectMethodHandle$Holder.invokeStatic(java.lang.Object, java.lang.Object, java.lang.Object, java.lang.Object, java.lang.Object, java.lang.Object, java.lang.Object, java.lang.Object, java.lang.Object, java.lang.Object, java.lang.Object, java.lang.Object, java.lang.Object, java.lang.Object, java.lang.Object, java.lang.Object, java.lang.Object, java.lang.Object, java.lang.Object, java.lang.Object, java.lang.Obj
Event: 27.413 Thread 0x000001ead1b90830 Exception <a 'java/lang/NoSuchMethodError'{0x00000000841d8858}: 'java.lang.Object java.lang.invoke.DirectMethodHandle$Holder.invokeStatic(java.lang.Object, java.lang.Object, java.lang.Object, java.lang.Object, java.lang.Object, java.lang.Object, java.lang.Object, java.lang.Object, java.lang.Object, java.lang.Object, java.lang.Object, java.lang.Object, java.lang.Object, java.lang.Object, java.lang.Object, java.lang.Object, java.lang.Object, java.lang.Object, java.lang.Object, java.lang.Object, java.lang.Obj
Event: 27.415 Thread 0x000001ead1b90830 Exception <a 'java/lang/NoSuchMethodError'{0x0000000084007b10}: 'java.lang.Object java.lang.invoke.DirectMethodHandle$Holder.invokeStatic(java.lang.Object, java.lang.Object, java.lang.Object, java.lang.Object, java.lang.Object, java.lang.Object, java.lang.Object, java.lang.Object, java.lang.Object, java.lang.Object, java.lang.Object, java.lang.Object, java.lang.Object, java.lang.Object, java.lang.Object, java.lang.Object, java.lang.Object, java.lang.Object, java.lang.Object, java.lang.Object, java.lang.Obj
Event: 27.654 Thread 0x000001ead1b90830 Exception <a 'java/lang/IncompatibleClassChangeError'{0x000000008342d970}: Found class java.lang.Object, but interface was expected> (0x000000008342d970) 
thrown [s\src\hotspot\share\interpreter\linkResolver.cpp, line 838]
Event: 29.551 Thread 0x000001ead1b90830 Exception <a 'java/lang/IncompatibleClassChangeError'{0x000000008521e358}: Found class java.lang.Object, but interface was expected> (0x000000008521e358) 
thrown [s\src\hotspot\share\interpreter\linkResolver.cpp, line 838]
Event: 29.563 Thread 0x000001ead1b90830 Exception <a 'java/lang/NoSuchMethodError'{0x000000008517b2d8}: 'int java.lang.invoke.DirectMethodHandle$Holder.invokeStaticInit(java.lang.Object, java.lang.Object, java.lang.Object, java.lang.Object, java.lang.Object)'> (0x000000008517b2d8) 
thrown [s\src\hotspot\share\interpreter\linkResolver.cpp, line 771]
Event: 29.775 Thread 0x000001ead1b90830 Implicit null exception at 0x000001eabeaa3dec to 0x000001eabeaa3e94
Event: 30.033 Thread 0x000001ead1b90830 Exception <a 'java/lang/NoSuchMethodError'{0x00000000845cf130}: 'void java.lang.invoke.DirectMethodHandle$Holder.invokeInterface(java.lang.Object, java.lang.Object)'> (0x00000000845cf130) 
thrown [s\src\hotspot\share\interpreter\linkResolver.cpp, line 771]
Event: 30.034 Thread 0x000001ead1b90830 Exception <a 'java/lang/IncompatibleClassChangeError'{0x00000000845da460}: Found class java.lang.Object, but interface was expected> (0x00000000845da460) 
thrown [s\src\hotspot\share\interpreter\linkResolver.cpp, line 838]
Event: 30.062 Thread 0x000001ead1b90830 Exception <a 'java/lang/NoSuchMethodError'{0x0000000084361468}: 'java.lang.Object java.lang.invoke.DirectMethodHandle$Holder.newInvokeSpecial(java.lang.Object, int, java.lang.Object)'> (0x0000000084361468) 
thrown [s\src\hotspot\share\interpreter\linkResolver.cpp, line 771]
Event: 30.873 Thread 0x000001eacfc6b540 Exception <a 'java/lang/NoSuchMethodError'{0x000000008388e920}: static Lorg/gradle/internal/build/event/types/DefaultOperationStartedProgressEvent;.<clinit>()V> (0x000000008388e920) 
thrown [s\src\hotspot\share\prims\jni.cpp, line 1108]
Event: 30.873 Thread 0x000001eacfc6b540 Implicit null exception at 0x000001eabe9d3053 to 0x000001eabe9d3a78
Event: 30.873 Thread 0x000001eacfc6b540 Exception <a 'java/lang/NoSuchMethodError'{0x00000000838901e8}: static Lorg/gradle/internal/build/event/types/AbstractProgressEvent;.<clinit>()V> (0x00000000838901e8) 
thrown [s\src\hotspot\share\prims\jni.cpp, line 1108]
Event: 30.874 Thread 0x000001eacfc6b540 Exception <a 'java/lang/NoSuchMethodError'{0x00000000838a0b50}: static Lorg/gradle/internal/build/event/types/DefaultProjectConfigurationDescriptor;.<clinit>()V> (0x00000000838a0b50) 
thrown [s\src\hotspot\share\prims\jni.cpp, line 1108]
Event: 30.874 Thread 0x000001eacfc6b540 Exception <a 'java/lang/NoSuchMethodError'{0x00000000838a2e78}: static Lorg/gradle/internal/build/event/types/DefaultOperationDescriptor;.<clinit>()V> (0x00000000838a2e78) 
thrown [s\src\hotspot\share\prims\jni.cpp, line 1108]
Event: 30.875 Thread 0x000001eacfc6b540 Exception <a 'java/lang/NoSuchMethodError'{0x00000000838b8008}: static Lorg/gradle/internal/operations/OperationIdentifier;.<clinit>()V> (0x00000000838b8008) 
thrown [s\src\hotspot\share\prims\jni.cpp, line 1108]

VM Operations (20 events):
Event: 28.079 Executing VM operation: HandshakeAllThreads
Event: 28.079 Executing VM operation: HandshakeAllThreads done
Event: 28.084 Executing VM operation: G1CollectForAllocation
Event: 28.087 Executing VM operation: G1CollectForAllocation done
Event: 29.093 Executing VM operation: Cleanup
Event: 29.093 Executing VM operation: Cleanup done
Event: 29.554 Executing VM operation: HandshakeAllThreads
Event: 29.554 Executing VM operation: HandshakeAllThreads done
Event: 29.757 Executing VM operation: HandshakeAllThreads
Event: 29.757 Executing VM operation: HandshakeAllThreads done
Event: 30.769 Executing VM operation: Cleanup
Event: 30.769 Executing VM operation: Cleanup done
Event: 30.797 Executing VM operation: HandshakeAllThreads
Event: 30.797 Executing VM operation: HandshakeAllThreads done
Event: 30.858 Executing VM operation: HandshakeAllThreads
Event: 30.858 Executing VM operation: HandshakeAllThreads done
Event: 31.067 Executing VM operation: G1CollectForAllocation
Event: 31.070 Executing VM operation: G1CollectForAllocation done
Event: 32.076 Executing VM operation: Cleanup
Event: 32.076 Executing VM operation: Cleanup done

Events (20 events):
Event: 30.873 loading class java/io/ObjectStreamClass$ClassDataSlot
Event: 30.873 loading class java/io/ObjectStreamClass$ClassDataSlot done
Event: 30.874 loading class jdk/internal/reflect/UnsafeQualifiedStaticLongFieldAccessorImpl
Event: 30.874 loading class jdk/internal/reflect/UnsafeQualifiedStaticLongFieldAccessorImpl done
Event: 30.875 loading class java/io/SerialCallbackContext
Event: 30.875 loading class java/io/SerialCallbackContext done
Event: 31.007 loading class java/util/DualPivotQuicksort
Event: 31.007 loading class java/util/DualPivotQuicksort done
Event: 31.099 loading class java/lang/StringIndexOutOfBoundsException
Event: 31.099 loading class java/lang/StringIndexOutOfBoundsException done
Event: 31.154 Thread 0x000001ead3033740 Thread added: 0x000001ead3033740
Event: 31.217 loading class java/util/Collections$SingletonMap
Event: 31.217 loading class java/util/Collections$SingletonMap done
Event: 31.218 Thread 0x000001ead11e6400 Thread added: 0x000001ead11e6400
Event: 31.934 Thread 0x000001ead3033740 Thread exited: 0x000001ead3033740
Event: 32.614 Thread 0x000001ead11e68d0 Thread added: 0x000001ead11e68d0
Event: 32.712 loading class java/io/DeleteOnExitHook
Event: 32.713 loading class java/io/DeleteOnExitHook done
Event: 32.713 loading class java/io/DeleteOnExitHook$1
Event: 32.713 loading class java/io/DeleteOnExitHook$1 done


Dynamic libraries:
0x00007ff64fe90000 - 0x00007ff64fe9a000 	C:\Program Files\Android\Android Studio\jbr\bin\java.exe
0x00007ff94fa30000 - 0x00007ff94fc47000 	C:\WINDOWS\SYSTEM32\ntdll.dll
0x00007ff94e5e0000 - 0x00007ff94e6a4000 	C:\WINDOWS\System32\KERNEL32.DLL
0x00007ff94cf80000 - 0x00007ff94d325000 	C:\WINDOWS\System32\KERNELBASE.dll
0x00007ff94cda0000 - 0x00007ff94ceb1000 	C:\WINDOWS\System32\ucrtbase.dll
0x00007ff946630000 - 0x00007ff94664b000 	C:\Program Files\Android\Android Studio\jbr\bin\VCRUNTIME140.dll
0x00007ff947fb0000 - 0x00007ff947fc7000 	C:\Program Files\Android\Android Studio\jbr\bin\jli.dll
0x00007ff94f380000 - 0x00007ff94f52e000 	C:\WINDOWS\System32\USER32.dll
0x00007ff94d3a0000 - 0x00007ff94d3c6000 	C:\WINDOWS\System32\win32u.dll
0x00007ff931c70000 - 0x00007ff931f03000 	C:\WINDOWS\WinSxS\amd64_microsoft.windows.common-controls_6595b64144ccf1df_6.0.22621.2506_none_270c5ae97388e100\COMCTL32.dll
0x00007ff94f350000 - 0x00007ff94f379000 	C:\WINDOWS\System32\GDI32.dll
0x00007ff94f680000 - 0x00007ff94f727000 	C:\WINDOWS\System32\msvcrt.dll
0x00007ff94d3d0000 - 0x00007ff94d4e9000 	C:\WINDOWS\System32\gdi32full.dll
0x00007ff94d6e0000 - 0x00007ff94d77a000 	C:\WINDOWS\System32\msvcp_win.dll
0x00007ff94e5a0000 - 0x00007ff94e5d1000 	C:\WINDOWS\System32\IMM32.DLL
0x00007ff949f10000 - 0x00007ff949f1c000 	C:\Program Files\Android\Android Studio\jbr\bin\vcruntime140_1.dll
0x00007ff946430000 - 0x00007ff9464bd000 	C:\Program Files\Android\Android Studio\jbr\bin\msvcp140.dll
0x00007ff902370000 - 0x00007ff902fde000 	C:\Program Files\Android\Android Studio\jbr\bin\server\jvm.dll
0x00007ff94f880000 - 0x00007ff94f931000 	C:\WINDOWS\System32\ADVAPI32.dll
0x00007ff94d820000 - 0x00007ff94d8c6000 	C:\WINDOWS\System32\sechost.dll
0x00007ff94e380000 - 0x00007ff94e497000 	C:\WINDOWS\System32\RPCRT4.dll
0x00007ff94abf0000 - 0x00007ff94abf9000 	C:\WINDOWS\SYSTEM32\WSOCK32.dll
0x00007ff947330000 - 0x00007ff947364000 	C:\WINDOWS\SYSTEM32\WINMM.dll
0x00007ff94f7e0000 - 0x00007ff94f851000 	C:\WINDOWS\System32\WS2_32.dll
0x00007ff94abb0000 - 0x00007ff94abba000 	C:\WINDOWS\SYSTEM32\VERSION.dll
0x00007ff94bd40000 - 0x00007ff94bd58000 	C:\WINDOWS\SYSTEM32\kernel.appcore.dll
0x00007ff94ab00000 - 0x00007ff94ab0a000 	C:\Program Files\Android\Android Studio\jbr\bin\jimage.dll
0x00007ff9466f0000 - 0x00007ff946923000 	C:\WINDOWS\SYSTEM32\DBGHELP.DLL
0x00007ff94d8d0000 - 0x00007ff94dc59000 	C:\WINDOWS\System32\combase.dll
0x00007ff94e4a0000 - 0x00007ff94e577000 	C:\WINDOWS\System32\OLEAUT32.dll
0x00007ff935780000 - 0x00007ff9357b2000 	C:\WINDOWS\SYSTEM32\dbgcore.DLL
0x00007ff94d660000 - 0x00007ff94d6da000 	C:\WINDOWS\System32\bcryptPrimitives.dll
0x00007ff949ea0000 - 0x00007ff949ec5000 	C:\Program Files\Android\Android Studio\jbr\bin\java.dll
0x00007ff949e80000 - 0x00007ff949e98000 	C:\Program Files\Android\Android Studio\jbr\bin\zip.dll
0x00007ff94e9f0000 - 0x00007ff94f249000 	C:\WINDOWS\System32\SHELL32.dll
0x00007ff94acc0000 - 0x00007ff94b5b4000 	C:\WINDOWS\SYSTEM32\windows.storage.dll
0x00007ff94a9c0000 - 0x00007ff94aafe000 	C:\WINDOWS\SYSTEM32\wintypes.dll
0x00007ff94e880000 - 0x00007ff94e973000 	C:\WINDOWS\System32\SHCORE.dll
0x00007ff94e990000 - 0x00007ff94e9ee000 	C:\WINDOWS\System32\shlwapi.dll
0x00007ff94ccd0000 - 0x00007ff94ccf6000 	C:\WINDOWS\SYSTEM32\profapi.dll
0x00007ff949d50000 - 0x00007ff949d69000 	C:\Program Files\Android\Android Studio\jbr\bin\net.dll
0x00007ff941850000 - 0x00007ff941987000 	C:\WINDOWS\SYSTEM32\WINHTTP.dll
0x00007ff94c220000 - 0x00007ff94c289000 	C:\WINDOWS\system32\mswsock.dll
0x00007ff949d30000 - 0x00007ff949d46000 	C:\Program Files\Android\Android Studio\jbr\bin\nio.dll
0x00007ff949fb0000 - 0x00007ff949fc0000 	C:\Program Files\Android\Android Studio\jbr\bin\verify.dll
0x00007ff943980000 - 0x00007ff9439a7000 	C:\Users\User\.gradle\native\68d5fa5c4cc2d200863cafc0d521ce42e7d3e7ee720ec0a83991735586a16f82\windows-amd64\native-platform.dll
0x00007ff90a830000 - 0x00007ff90a974000 	C:\Users\User\.gradle\native\e376f236ea51e6404a007f0833ffe2c6e607c4080706a723a18a27aeea778392\windows-amd64\native-platform-file-events.dll
0x00007ff949cd0000 - 0x00007ff949cd9000 	C:\Program Files\Android\Android Studio\jbr\bin\management.dll
0x00007ff949cb0000 - 0x00007ff949cbb000 	C:\Program Files\Android\Android Studio\jbr\bin\management_ext.dll
0x00007ff94d780000 - 0x00007ff94d788000 	C:\WINDOWS\System32\PSAPI.DLL
0x00007ff94c470000 - 0x00007ff94c48b000 	C:\WINDOWS\SYSTEM32\CRYPTSP.dll
0x00007ff94bd00000 - 0x00007ff94bd35000 	C:\WINDOWS\system32\rsaenh.dll
0x00007ff94c310000 - 0x00007ff94c33c000 	C:\WINDOWS\SYSTEM32\USERENV.dll
0x00007ff94c690000 - 0x00007ff94c6b8000 	C:\WINDOWS\SYSTEM32\bcrypt.dll
0x00007ff94c490000 - 0x00007ff94c49c000 	C:\WINDOWS\SYSTEM32\CRYPTBASE.dll
0x00007ff94b950000 - 0x00007ff94b97d000 	C:\WINDOWS\SYSTEM32\IPHLPAPI.DLL
0x00007ff94e870000 - 0x00007ff94e879000 	C:\WINDOWS\System32\NSI.dll
0x00007ff943e70000 - 0x00007ff943e89000 	C:\WINDOWS\SYSTEM32\dhcpcsvc6.DLL
0x00007ff943e50000 - 0x00007ff943e6f000 	C:\WINDOWS\SYSTEM32\dhcpcsvc.DLL
0x00007ff94b980000 - 0x00007ff94ba79000 	C:\WINDOWS\SYSTEM32\DNSAPI.dll
0x00007ff949f40000 - 0x00007ff949f48000 	C:\WINDOWS\system32\wshunix.dll

dbghelp: loaded successfully - version: 4.0.5 - missing functions: none
symbol engine: initialized successfully - sym options: 0x614 - pdb path: .;C:\Program Files\Android\Android Studio\jbr\bin;C:\WINDOWS\SYSTEM32;C:\WINDOWS\WinSxS\amd64_microsoft.windows.common-controls_6595b64144ccf1df_6.0.22621.2506_none_270c5ae97388e100;C:\Program Files\Android\Android Studio\jbr\bin\server;C:\Users\User\.gradle\native\68d5fa5c4cc2d200863cafc0d521ce42e7d3e7ee720ec0a83991735586a16f82\windows-amd64;C:\Users\User\.gradle\native\e376f236ea51e6404a007f0833ffe2c6e607c4080706a723a18a27aeea778392\windows-amd64

VM Arguments:
jvm_args: --add-opens=java.base/java.util=ALL-UNNAMED --add-opens=java.base/java.lang=ALL-UNNAMED --add-opens=java.base/java.lang.invoke=ALL-UNNAMED --add-opens=java.prefs/java.util.prefs=ALL-UNNAMED --add-opens=java.base/java.nio.charset=ALL-UNNAMED --add-opens=java.base/java.net=ALL-UNNAMED --add-opens=java.base/java.util.concurrent.atomic=ALL-UNNAMED -Xmx2048m -Dfile.encoding=UTF-8 -Duser.country=US -Duser.language=en -Duser.variant 
java_command: org.gradle.launcher.daemon.bootstrap.GradleDaemon 8.0
java_class_path (initial): C:\Users\User\.gradle\wrapper\dists\gradle-8.0-bin\ca5e32bp14vu59qr306oxotwh\gradle-8.0\lib\gradle-launcher-8.0.jar
Launcher Type: SUN_STANDARD

[Global flags]
     intx CICompilerCount                          = 4                                         {product} {ergonomic}
     uint ConcGCThreads                            = 2                                         {product} {ergonomic}
     uint G1ConcRefinementThreads                  = 8                                         {product} {ergonomic}
   size_t G1HeapRegionSize                         = 1048576                                   {product} {ergonomic}
    uintx GCDrainStackTargetSize                   = 64                                        {product} {ergonomic}
   size_t InitialHeapSize                          = 132120576                                 {product} {ergonomic}
   size_t MarkStackSize                            = 4194304                                   {product} {ergonomic}
   size_t MaxHeapSize                              = 2147483648                                {product} {command line}
   size_t MaxNewSize                               = 1287651328                                {product} {ergonomic}
   size_t MinHeapDeltaBytes                        = 1048576                                   {product} {ergonomic}
   size_t MinHeapSize                              = 8388608                                   {product} {ergonomic}
    uintx NonNMethodCodeHeapSize                   = 5839372                                {pd product} {ergonomic}
    uintx NonProfiledCodeHeapSize                  = 122909434                              {pd product} {ergonomic}
    uintx ProfiledCodeHeapSize                     = 122909434                              {pd product} {ergonomic}
    uintx ReservedCodeCacheSize                    = 251658240                              {pd product} {ergonomic}
     bool SegmentedCodeCache                       = true                                      {product} {ergonomic}
   size_t SoftMaxHeapSize                          = 2147483648                             {manageable} {ergonomic}
     bool UseCompressedClassPointers               = true                           {product lp64_product} {ergonomic}
     bool UseCompressedOops                        = true                           {product lp64_product} {ergonomic}
     bool UseG1GC                                  = true                                      {product} {ergonomic}
     bool UseLargePagesIndividualAllocation        = false                                  {pd product} {ergonomic}

Logging:
Log output configuration:
 #0: stdout all=warning uptime,level,tags
 #1: stderr all=off uptime,level,tags

Environment Variables:
JAVA_HOME=C:\Program Files\Java\jdk-20.0.1
PATH=C:\Program Files (x86)\Common Files\Oracle\Java\javapath;C:\Python311\Scripts\;C:\Python311\;C:\Program Files (x86)\Falcon\MinGW\bin;C:\WINDOWS\system32;C:\WINDOWS;C:\WINDOWS\System32\Wbem;C:\WINDOWS\System32\WindowsPowerShell\v1.0\;C:\WINDOWS\System32\OpenSSH\;C:\Program Files\Microsoft SQL Server\130\Tools\Binn\;C:\sqlite3;C:\Program Files (x86)\Microsoft SQL Server\150\DTS\Binn\;C:\Program Files\Azure Data Studio\bin;C:\Program Files\Microsoft SQL Server\Client SDK\ODBC\170\Tools\Binn\;C:\Program Files (x86)\Microsoft SQL Server\150\Tools\Binn\;C:\Program Files\Microsoft SQL Server\150\Tools\Binn\;C:\Program Files\Microsoft SQL Server\150\DTS\Binn\;C:\xampp\php;C:\ProgramData\ComposerSetup\bin;C:\Program Files\dotnet\;C:\Users\User\AppData\Local\Android\Sdk\cmdline-tools\bin;C:\Program Files\Java\;C:\Program Files\Git\cmd;C:\Program Files\nodejs\;C:\ProgramData\chocolatey\bin;C:\Program Files (x86)\GTK2-Runtime\lib;C:\Program Files (x86)\Common Files\Oracle\Java\javapath;C:\Python311\Scripts\;C:\Python311\;C:\Program Files (x86)\Falcon\MinGW\bin;C:\WINDOWS\system32;C:\WINDOWS;C:\WINDOWS\System32\Wbem;C:\WINDOWS\System32\WindowsPowerShell\v1.0\;C:\WINDOWS\System32\OpenSSH\;C:\Program Files\Microsoft SQL Server\130\Tools\Binn\;C:\sqlite3;C:\Program Files (x86)\Microsoft SQL Server\150\DTS\Binn\;C:\Program Files\Azure Data Studio\bin;C:\Program Files\Microsoft SQL Server\Client SDK\ODBC\170\Tools\Binn\;C:\Program Files (x86)\Microsoft SQL Server\150\Tools\Binn\;C:\Program Files\Microsoft SQL Server\150\Tools\Binn\;C:\Program Files\Microsoft SQL Server\150\DTS\Binn\;C:\xampp\php;C:\ProgramData\ComposerSetup\bin;C:\Program Files\dotnet\;C:\Users\User\AppData\Local\Android\Sdk\cmdline-tools\bin;C:\Program Files\Java\;C:\Program Files\Git\cmd;C:\Program Files\nodejs\;C:\ProgramData\chocolatey\bin;C:\Program Files (x86)\GTK2-Runtime\lib;C:\Program Files\nodejs\node_modules\npm\bin;C:\Program Files\MySQL\MySQL Shell 8.0\bin\;C:\Users\User\AppData\Local\Microsoft\Windows
USERNAME=User
OS=Windows_NT
PROCESSOR_IDENTIFIER=Intel64 Family 6 Model 140 Stepping 1, GenuineIntel
TMP=C:\Users\User\AppData\Local\Temp
TEMP=C:\Users\User\AppData\Local\Temp


JNI global refs:
JNI global refs: 26, weak refs: 0

JNI global refs memory usage: 843, weak refs: 841


---------------  S Y S T E M  ---------------

OS:
 Windows 11 , 64 bit Build 22621 (10.0.22621.2506)
OS uptime: 0 days 6:51 hours

CPU: total 8 (initial active 8) (4 cores per cpu, 2 threads per core) family 6 model 140 stepping 1 microcode 0x78, cx8, cmov, fxsr, ht, mmx, 3dnowpref, sse, sse2, sse3, ssse3, sse4.1, sse4.2, popcnt, lzcnt, tsc, tscinvbit, avx, avx2, aes, erms, clmul, bmi1, bmi2, adx, avx512f, avx512dq, avx512cd, avx512bw, avx512vl, sha, fma, vzeroupper, avx512_vpopcntdq, avx512_vpclmulqdq, avx512_vaes, avx512_vnni, clflush, clflushopt, clwb, avx512_vbmi2, avx512_vbmi

Memory: 4k page, system-wide physical 7991M (625M free)
TotalPageFile size 10039M (AvailPageFile size 31M)
current process WorkingSet (physical memory assigned to process): 238M, peak: 242M
current process commit charge ("private bytes"): 276M, peak: 279M

vm_info: OpenJDK 64-Bit Server VM (17.0.6+0-b2043.56-10027231) for windows-amd64 JRE (17.0.6+0-b2043.56-10027231), built on Apr 28 2023 00:43:19 by "androidbuild" with MS VC++ 16.10 / 16.11 (VS2019)

END.
