#
# There is insufficient memory for the Java Runtime Environment to continue.
# Native memory allocation (mmap) failed to map 75497472 bytes for G1 virtual space
# Possible reasons:
#   The system is out of physical RAM or swap space
#   The process is running with CompressedOops enabled, and the Java Heap may be blocking the growth of the native heap
# Possible solutions:
#   Reduce memory load on the system
#   Increase physical memory or swap space
#   Check if swap backing store is full
#   Decrease Java heap size (-Xmx/-Xms)
#   Decrease number of Java threads
#   Decrease Java thread stack sizes (-Xss)
#   Set larger code cache with -XX:ReservedCodeCacheSize=
#   JVM is running with Unscaled Compressed Oops mode in which the Java heap is
#     placed in the first 4GB address space. The Java Heap base address is the
#     maximum limit for the native heap growth. Please use -XX:HeapBaseMinAddress
#     to set the Java Heap base and to place the Java Heap above 4GB virtual address.
# This output file may be truncated or incomplete.
#
#  Out of Memory Error (os_windows.cpp:3769), pid=4476, tid=13992
#
# JRE version: OpenJDK Runtime Environment (17.0.6) (build 17.0.6+0-b2043.56-10027231)
# Java VM: OpenJDK 64-Bit Server VM (17.0.6+0-b2043.56-10027231, mixed mode, tiered, compressed oops, compressed class ptrs, g1 gc, windows-amd64)
# No core dump will be written. Minidumps are not enabled by default on client versions of Windows
#

---------------  S U M M A R Y ------------

Command Line: --add-opens=java.base/java.util=ALL-UNNAMED --add-opens=java.base/java.lang=ALL-UNNAMED --add-opens=java.base/java.lang.invoke=ALL-UNNAMED --add-opens=java.prefs/java.util.prefs=ALL-UNNAMED --add-opens=java.base/java.nio.charset=ALL-UNNAMED --add-opens=java.base/java.net=ALL-UNNAMED --add-opens=java.base/java.util.concurrent.atomic=ALL-UNNAMED -Xmx2048m -Dfile.encoding=UTF-8 -Duser.country=US -Duser.language=en -Duser.variant org.gradle.launcher.daemon.bootstrap.GradleDaemon 8.0

Host: 11th Gen Intel(R) Core(TM) i5-1135G7 @ 2.40GHz, 8 cores, 7G,  Windows 11 , 64 bit Build 22621 (10.0.22621.2506)
Time: Mon Nov 27 12:57:30 2023 E. Africa Standard Time elapsed time: 46.445923 seconds (0d 0h 0m 46s)

---------------  T H R E A D  ---------------

Current thread (0x00000284f768c940):  VMThread "VM Thread" [stack: 0x000000fbab500000,0x000000fbab600000] [id=13992]

Stack: [0x000000fbab500000,0x000000fbab600000]
Native frames: (J=compiled Java code, j=interpreted, Vv=VM code, C=native code)
V  [jvm.dll+0x683c9a]
V  [jvm.dll+0x8427a4]
V  [jvm.dll+0x843f9e]
V  [jvm.dll+0x844603]
V  [jvm.dll+0x249b75]
V  [jvm.dll+0x680b69]
V  [jvm.dll+0x67505a]
V  [jvm.dll+0x309acb]
V  [jvm.dll+0x310f86]
V  [jvm.dll+0x3608ee]
V  [jvm.dll+0x360b1f]
V  [jvm.dll+0x2dfbf8]
V  [jvm.dll+0x2e2ce6]
V  [jvm.dll+0x2ed478]
V  [jvm.dll+0x322150]
V  [jvm.dll+0x848ccb]
V  [jvm.dll+0x849a04]
V  [jvm.dll+0x849f1d]
V  [jvm.dll+0x84a2f4]
V  [jvm.dll+0x84a3c0]
V  [jvm.dll+0x7f274a]
V  [jvm.dll+0x682ad5]
C  [ucrtbase.dll+0x29363]
C  [KERNEL32.DLL+0x1257d]
C  [ntdll.dll+0x5aa58]

VM_Operation (0x000000fbab1ff4f0): G1Concurrent, mode: safepoint, requested by thread 0x00000284dd8a8dd0


---------------  P R O C E S S  ---------------

Threads class SMR info:
_java_thread_list=0x00000284fbc256a0, length=140, elements={
0x00000284dd83cc60, 0x00000284f8012250, 0x00000284f80135a0, 0x00000284f76a1950,
0x00000284f76a2500, 0x00000284f8045420, 0x00000284f8048580, 0x00000284f8049310,
0x00000284f8049db0, 0x00000284f804a7a0, 0x00000284f81dde30, 0x00000284f81e2920,
0x00000284fb250830, 0x00000284fab910e0, 0x00000284fb58dac0, 0x00000284faa8ecf0,
0x00000284fa4e5bf0, 0x00000284fa4e5720, 0x00000284fa4e3a40, 0x00000284fa4e6590,
0x00000284fa4e60c0, 0x00000284fa4e3f10, 0x00000284fa4e48b0, 0x00000284fc170290,
0x00000284fc171f70, 0x00000284fc16a720, 0x00000284fc171100, 0x00000284fc16b590,
0x00000284fc16bf30, 0x00000284fc16c400, 0x00000284fee4adc0, 0x00000284fee4b290,
0x00000284fee4b760, 0x0000028482c0fcc0, 0x0000028482c0be30, 0x0000028482c08940,
0x00000284fee490e0, 0x00000284fee48c10, 0x00000284fee4caa0, 0x00000284fee49a80,
0x00000284fee47400, 0x00000284fee49f50, 0x00000284fee45250, 0x00000284fee4c100,
0x00000284fee47da0, 0x00000284fee48270, 0x00000284fee45720, 0x00000284fee46590,
0x00000284fee4a420, 0x00000284fee48740, 0x00000284fee495b0, 0x00000284fee478d0,
0x00000284fee4a8f0, 0x00000284fee46a60, 0x00000284fee46f30, 0x00000284fc16ba60,
0x00000284fc16ef50, 0x00000284fc171aa0, 0x00000284fc170c30, 0x00000284fc16c8d0,
0x00000284fc16d270, 0x00000284fc16dc10, 0x00000284fc16e0e0, 0x00000284fc16f420,
0x00000284fc16e5b0, 0x00000284fc16f8f0, 0x0000028482c0b490, 0x0000028482c0c300,
0x0000028482c0b960, 0x0000028482c092e0, 0x0000028482c0c7d0, 0x0000028482c08e10,
0x0000028482c0ee50, 0x0000028482c0cca0, 0x0000028482c0d170, 0x00000284fa4e43e0,
0x00000284fa4e30a0, 0x00000284fa4e4d80, 0x00000284fa4e5250, 0x00000284fa4e6a60,
0x00000284fa4e3570, 0x00000284fad4f540, 0x00000284fad4fa10, 0x00000284fad4fee0,
0x00000284fad4d860, 0x00000284fad4f070, 0x00000284fad503b0, 0x00000284fad4e6d0,
0x00000284fad50880, 0x00000284fad4e200, 0x00000284fad51220, 0x00000284fad4dd30,
0x00000284fad50d50, 0x00000284fad4eba0, 0x00000284f9823d30, 0x00000284f9825070,
0x00000284f9822050, 0x00000284f98298a0, 0x00000284f9828f00, 0x00000284f9825540,
0x00000284f98293d0, 0x00000284f98263b0, 0x00000284f9822520, 0x00000284f9826d50,
0x00000284f9825ee0, 0x00000284f9824ba0, 0x00000284f98229f0, 0x00000284f9826880,
0x00000284f9828a30, 0x00000284f9823860, 0x00000284f9827220, 0x00000284f9822ec0,
0x00000284f98276f0, 0x00000284f9823390, 0x00000284f9827bc0, 0x00000284f9824200,
0x00000284f98246d0, 0x00000284f9825a10, 0x00000284f9828090, 0x00000284f9828560,
0x00000284f84410d0, 0x00000284f8439880, 0x00000284f843c8a0, 0x00000284f843e580,
0x00000284f843ea50, 0x00000284f8440c00, 0x00000284f8439d50, 0x00000284f843a220,
0x00000284f843f3f0, 0x00000284f843a6f0, 0x00000284f8440260, 0x00000284f843abc0,
0x00000284f843fd90, 0x00000284f843dbe0, 0x00000284f843b090, 0x00000284f843d710,
0x00000284f843bf00, 0x00000284f843c3d0, 0x00000284f843e0b0, 0x00000284846cabd0
}

Java Threads: ( => current thread )
  0x00000284dd83cc60 JavaThread "main" [_thread_blocked, id=12900, stack(0x000000fbaaf00000,0x000000fbab000000)]
  0x00000284f8012250 JavaThread "Reference Handler" daemon [_thread_blocked, id=1684, stack(0x000000fbab600000,0x000000fbab700000)]
  0x00000284f80135a0 JavaThread "Finalizer" daemon [_thread_blocked, id=14584, stack(0x000000fbab700000,0x000000fbab800000)]
  0x00000284f76a1950 JavaThread "Signal Dispatcher" daemon [_thread_blocked, id=9048, stack(0x000000fbab800000,0x000000fbab900000)]
  0x00000284f76a2500 JavaThread "Attach Listener" daemon [_thread_blocked, id=16140, stack(0x000000fbab900000,0x000000fbaba00000)]
  0x00000284f8045420 JavaThread "Service Thread" daemon [_thread_blocked, id=15992, stack(0x000000fbaba00000,0x000000fbabb00000)]
  0x00000284f8048580 JavaThread "Monitor Deflation Thread" daemon [_thread_blocked, id=14472, stack(0x000000fbabb00000,0x000000fbabc00000)]
  0x00000284f8049310 JavaThread "C2 CompilerThread0" daemon [_thread_blocked, id=15160, stack(0x000000fbabc00000,0x000000fbabd00000)]
  0x00000284f8049db0 JavaThread "C1 CompilerThread0" daemon [_thread_blocked, id=14720, stack(0x000000fbabd00000,0x000000fbabe00000)]
  0x00000284f804a7a0 JavaThread "Sweeper thread" daemon [_thread_blocked, id=15944, stack(0x000000fbabe00000,0x000000fbabf00000)]
  0x00000284f81dde30 JavaThread "Common-Cleaner" daemon [_thread_blocked, id=8852, stack(0x000000fbabf00000,0x000000fbac000000)]
  0x00000284f81e2920 JavaThread "Notification Thread" daemon [_thread_blocked, id=2660, stack(0x000000fbac000000,0x000000fbac100000)]
  0x00000284fb250830 JavaThread "Daemon health stats" [_thread_blocked, id=9044, stack(0x000000fbac800000,0x000000fbac900000)]
  0x00000284fab910e0 JavaThread "Incoming local TCP Connector on port 55343" [_thread_in_native, id=12392, stack(0x000000fbac900000,0x000000fbaca00000)]
  0x00000284fb58dac0 JavaThread "Daemon periodic checks" [_thread_blocked, id=13692, stack(0x000000fbaca00000,0x000000fbacb00000)]
  0x00000284faa8ecf0 JavaThread "Daemon" [_thread_blocked, id=12424, stack(0x000000fbacb00000,0x000000fbacc00000)]
  0x00000284fa4e5bf0 JavaThread "Daemon worker" [_thread_blocked, id=15580, stack(0x000000fbace00000,0x000000fbacf00000)]
  0x00000284fa4e5720 JavaThread "Cache worker for journal cache (C:\Users\User\.gradle\caches\journal-1)" [_thread_blocked, id=14188, stack(0x000000fbad600000,0x000000fbad700000)]
  0x00000284fa4e3a40 JavaThread "File lock request listener" [_thread_in_native, id=14924, stack(0x000000fbad700000,0x000000fbad800000)]
  0x00000284fa4e6590 JavaThread "Cache worker for file hash cache (C:\Users\User\.gradle\caches\8.0\fileHashes)" [_thread_blocked, id=7284, stack(0x000000fbad800000,0x000000fbad900000)]
  0x00000284fa4e60c0 JavaThread "File watcher server" daemon [_thread_blocked, id=7876, stack(0x000000fbad900000,0x000000fbada00000)]
  0x00000284fa4e3f10 JavaThread "File watcher consumer" daemon [_thread_blocked, id=12420, stack(0x000000fbada00000,0x000000fbadb00000)]
  0x00000284fa4e48b0 JavaThread "Cache worker for file content cache (C:\Users\User\.gradle\caches\8.0\fileContent)" [_thread_blocked, id=11808, stack(0x000000fbadd00000,0x000000fbade00000)]
  0x00000284fc170290 JavaThread "Cache worker for execution history cache (C:\Users\User\.gradle\caches\8.0\executionHistory)" [_thread_blocked, id=12708, stack(0x000000fbae000000,0x000000fbae100000)]
  0x00000284fc171f70 JavaThread "jar transforms" [_thread_blocked, id=7312, stack(0x000000fbae100000,0x000000fbae200000)]
  0x00000284fc16a720 JavaThread "jar transforms Thread 2" [_thread_blocked, id=14556, stack(0x000000fbae200000,0x000000fbae300000)]
  0x00000284fc171100 JavaThread "Cache worker for kotlin-dsl (C:\Users\User\.gradle\caches\8.0\kotlin-dsl)" [_thread_blocked, id=13160, stack(0x000000fbae400000,0x000000fbae500000)]
  0x00000284fc16b590 JavaThread "jar transforms Thread 3" [_thread_blocked, id=6932, stack(0x000000fbae500000,0x000000fbae600000)]
  0x00000284fc16bf30 JavaThread "jar transforms Thread 4" [_thread_blocked, id=8876, stack(0x000000fbae600000,0x000000fbae700000)]
  0x00000284fc16c400 JavaThread "jar transforms Thread 5" [_thread_blocked, id=9728, stack(0x000000fbae900000,0x000000fbaea00000)]
  0x00000284fee4adc0 JavaThread "jar transforms Thread 6" [_thread_blocked, id=9404, stack(0x000000fbb3a00000,0x000000fbb3b00000)]
  0x00000284fee4b290 JavaThread "jar transforms Thread 7" [_thread_blocked, id=14968, stack(0x000000fbb3b00000,0x000000fbb3c00000)]
  0x00000284fee4b760 JavaThread "jar transforms Thread 8" [_thread_blocked, id=10160, stack(0x000000fbb3c00000,0x000000fbb3d00000)]
  0x0000028482c0fcc0 JavaThread "Memory manager" [_thread_blocked, id=2852, stack(0x000000fbb3e00000,0x000000fbb3f00000)]
  0x0000028482c0be30 JavaThread "pool-3-thread-1" [_thread_blocked, id=6892, stack(0x000000fbb3f00000,0x000000fbb4000000)]
  0x0000028482c08940 JavaThread "included builds" [_thread_blocked, id=11012, stack(0x000000fbb4100000,0x000000fbb4200000)]
  0x00000284fee490e0 JavaThread "Handler for socket connection from /127.0.0.1:55343 to /127.0.0.1:55349" [_thread_in_native, id=1940, stack(0x000000fbac200000,0x000000fbac300000)]
  0x00000284fee48c10 JavaThread "Cancel handler" [_thread_blocked, id=9532, stack(0x000000fbac300000,0x000000fbac400000)]
  0x00000284fee4caa0 JavaThread "Asynchronous log dispatcher for DefaultDaemonConnection: socket connection from /127.0.0.1:55343 to /127.0.0.1:55349" [_thread_blocked, id=11520, stack(0x000000fbacc00000,0x000000fbacd00000)]
  0x00000284fee49a80 JavaThread "Stdin handler" [_thread_blocked, id=10812, stack(0x000000fbacd00000,0x000000fbace00000)]
  0x00000284fee47400 JavaThread "Daemon client event forwarder" [_thread_blocked, id=13108, stack(0x000000fbacf00000,0x000000fbad000000)]
  0x00000284fee49f50 JavaThread "Cache worker for checksums cache (C:\Users\User\AndroidStudioProjects\RepairPal\.gradle\8.0\checksums)" [_thread_blocked, id=3780, stack(0x000000fbad000000,0x000000fbad100000)]
  0x00000284fee45250 JavaThread "Cache worker for cache directory md-rule (C:\Users\User\.gradle\caches\8.0\md-rule)" [_thread_blocked, id=13384, stack(0x000000fbad100000,0x000000fbad200000)]
  0x00000284fee4c100 JavaThread "Cache worker for file hash cache (C:\Users\User\AndroidStudioProjects\RepairPal\.gradle\8.0\fileHashes)" [_thread_blocked, id=3192, stack(0x000000fbadb00000,0x000000fbadc00000)]
  0x00000284fee47da0 JavaThread "Cache worker for cache directory md-supplier (C:\Users\User\.gradle\caches\8.0\md-supplier)" [_thread_blocked, id=14176, stack(0x000000fbadc00000,0x000000fbadd00000)]
  0x00000284fee48270 JavaThread "Cache worker for dependencies-accessors (C:\Users\User\AndroidStudioProjects\RepairPal\.gradle\8.0\dependencies-accessors)" [_thread_blocked, id=16168, stack(0x000000fbadf00000,0x000000fbae000000)]
  0x00000284fee45720 JavaThread "Cache worker for Build Output Cleanup Cache (C:\Users\User\AndroidStudioProjects\RepairPal\.gradle\buildOutputCleanup)" [_thread_blocked, id=14680, stack(0x000000fbae700000,0x000000fbae800000)]
  0x00000284fee46590 JavaThread "Unconstrained build operations" [_thread_blocked, id=10988, stack(0x000000fbae800000,0x000000fbae900000)]
  0x00000284fee4a420 JavaThread "Unconstrained build operations Thread 2" [_thread_blocked, id=11216, stack(0x000000fbaea00000,0x000000fbaeb00000)]
  0x00000284fee48740 JavaThread "Unconstrained build operations Thread 3" [_thread_blocked, id=6448, stack(0x000000fbaeb00000,0x000000fbaec00000)]
  0x00000284fee495b0 JavaThread "Unconstrained build operations Thread 4" [_thread_blocked, id=10716, stack(0x000000fbaec00000,0x000000fbaed00000)]
  0x00000284fee478d0 JavaThread "Unconstrained build operations Thread 5" [_thread_blocked, id=13268, stack(0x000000fbaed00000,0x000000fbaee00000)]
  0x00000284fee4a8f0 JavaThread "Unconstrained build operations Thread 6" [_thread_blocked, id=10380, stack(0x000000fbaee00000,0x000000fbaef00000)]
  0x00000284fee46a60 JavaThread "Unconstrained build operations Thread 7" [_thread_blocked, id=13796, stack(0x000000fbaef00000,0x000000fbaf000000)]
  0x00000284fee46f30 JavaThread "Unconstrained build operations Thread 8" [_thread_blocked, id=7268, stack(0x000000fbaf000000,0x000000fbaf100000)]
  0x00000284fc16ba60 JavaThread "Unconstrained build operations Thread 9" [_thread_blocked, id=10696, stack(0x000000fbaf100000,0x000000fbaf200000)]
  0x00000284fc16ef50 JavaThread "Unconstrained build operations Thread 10" [_thread_blocked, id=2044, stack(0x000000fbaf200000,0x000000fbaf300000)]
  0x00000284fc171aa0 JavaThread "Unconstrained build operations Thread 11" [_thread_blocked, id=9588, stack(0x000000fbaf300000,0x000000fbaf400000)]
  0x00000284fc170c30 JavaThread "Unconstrained build operations Thread 12" [_thread_blocked, id=14256, stack(0x000000fbaf400000,0x000000fbaf500000)]
  0x00000284fc16c8d0 JavaThread "Unconstrained build operations Thread 13" [_thread_blocked, id=2068, stack(0x000000fbaf500000,0x000000fbaf600000)]
  0x00000284fc16d270 JavaThread "Unconstrained build operations Thread 14" [_thread_blocked, id=960, stack(0x000000fbaf600000,0x000000fbaf700000)]
  0x00000284fc16dc10 JavaThread "Unconstrained build operations Thread 15" [_thread_blocked, id=11892, stack(0x000000fbaf700000,0x000000fbaf800000)]
  0x00000284fc16e0e0 JavaThread "Unconstrained build operations Thread 16" [_thread_blocked, id=15484, stack(0x000000fbaf800000,0x000000fbaf900000)]
  0x00000284fc16f420 JavaThread "Unconstrained build operations Thread 17" [_thread_blocked, id=7400, stack(0x000000fbaf900000,0x000000fbafa00000)]
  0x00000284fc16e5b0 JavaThread "Unconstrained build operations Thread 18" [_thread_blocked, id=15608, stack(0x000000fbafa00000,0x000000fbafb00000)]
  0x00000284fc16f8f0 JavaThread "Unconstrained build operations Thread 19" [_thread_blocked, id=12480, stack(0x000000fbafb00000,0x000000fbafc00000)]
  0x0000028482c0b490 JavaThread "Unconstrained build operations Thread 20" [_thread_blocked, id=13400, stack(0x000000fbafd00000,0x000000fbafe00000)]
  0x0000028482c0c300 JavaThread "Unconstrained build operations Thread 21" [_thread_blocked, id=10780, stack(0x000000fbafe00000,0x000000fbaff00000)]
  0x0000028482c0b960 JavaThread "Unconstrained build operations Thread 22" [_thread_blocked, id=13556, stack(0x000000fbaff00000,0x000000fbb0000000)]
  0x0000028482c092e0 JavaThread "Unconstrained build operations Thread 23" [_thread_blocked, id=14540, stack(0x000000fbb0000000,0x000000fbb0100000)]
  0x0000028482c0c7d0 JavaThread "Unconstrained build operations Thread 24" [_thread_blocked, id=10944, stack(0x000000fbb0100000,0x000000fbb0200000)]
  0x0000028482c08e10 JavaThread "Unconstrained build operations Thread 25" [_thread_blocked, id=13904, stack(0x000000fbb0200000,0x000000fbb0300000)]
  0x0000028482c0ee50 JavaThread "Unconstrained build operations Thread 26" [_thread_blocked, id=15760, stack(0x000000fbb0300000,0x000000fbb0400000)]
  0x0000028482c0cca0 JavaThread "Unconstrained build operations Thread 27" [_thread_blocked, id=15052, stack(0x000000fbb0400000,0x000000fbb0500000)]
  0x0000028482c0d170 JavaThread "Unconstrained build operations Thread 28" [_thread_blocked, id=13316, stack(0x000000fbb0500000,0x000000fbb0600000)]
  0x00000284fa4e43e0 JavaThread "Unconstrained build operations Thread 29" [_thread_blocked, id=1676, stack(0x000000fbb0600000,0x000000fbb0700000)]
  0x00000284fa4e30a0 JavaThread "Unconstrained build operations Thread 30" [_thread_blocked, id=13416, stack(0x000000fbb0700000,0x000000fbb0800000)]
  0x00000284fa4e4d80 JavaThread "Unconstrained build operations Thread 31" [_thread_blocked, id=14592, stack(0x000000fbb0800000,0x000000fbb0900000)]
  0x00000284fa4e5250 JavaThread "Unconstrained build operations Thread 32" [_thread_blocked, id=13104, stack(0x000000fbb0900000,0x000000fbb0a00000)]
  0x00000284fa4e6a60 JavaThread "Unconstrained build operations Thread 33" [_thread_blocked, id=2348, stack(0x000000fbb0a00000,0x000000fbb0b00000)]
  0x00000284fa4e3570 JavaThread "Unconstrained build operations Thread 34" [_thread_blocked, id=2112, stack(0x000000fbb0b00000,0x000000fbb0c00000)]
  0x00000284fad4f540 JavaThread "Unconstrained build operations Thread 35" [_thread_blocked, id=10212, stack(0x000000fbb0c00000,0x000000fbb0d00000)]
  0x00000284fad4fa10 JavaThread "Unconstrained build operations Thread 36" [_thread_blocked, id=7648, stack(0x000000fbb0d00000,0x000000fbb0e00000)]
  0x00000284fad4fee0 JavaThread "Unconstrained build operations Thread 37" [_thread_blocked, id=7580, stack(0x000000fbb0e00000,0x000000fbb0f00000)]
  0x00000284fad4d860 JavaThread "Unconstrained build operations Thread 38" [_thread_blocked, id=1272, stack(0x000000fbb0f00000,0x000000fbb1000000)]
  0x00000284fad4f070 JavaThread "Unconstrained build operations Thread 39" [_thread_blocked, id=7584, stack(0x000000fbb1000000,0x000000fbb1100000)]
  0x00000284fad503b0 JavaThread "Unconstrained build operations Thread 40" [_thread_blocked, id=12092, stack(0x000000fbb1100000,0x000000fbb1200000)]
  0x00000284fad4e6d0 JavaThread "Unconstrained build operations Thread 41" [_thread_blocked, id=6440, stack(0x000000fbb1200000,0x000000fbb1300000)]
  0x00000284fad50880 JavaThread "Unconstrained build operations Thread 42" [_thread_blocked, id=8048, stack(0x000000fbb1300000,0x000000fbb1400000)]
  0x00000284fad4e200 JavaThread "Unconstrained build operations Thread 43" [_thread_blocked, id=16216, stack(0x000000fbb1400000,0x000000fbb1500000)]
  0x00000284fad51220 JavaThread "Unconstrained build operations Thread 44" [_thread_blocked, id=13392, stack(0x000000fbb1500000,0x000000fbb1600000)]
  0x00000284fad4dd30 JavaThread "Unconstrained build operations Thread 45" [_thread_blocked, id=2276, stack(0x000000fbb1600000,0x000000fbb1700000)]
  0x00000284fad50d50 JavaThread "Unconstrained build operations Thread 46" [_thread_blocked, id=11352, stack(0x000000fbb1700000,0x000000fbb1800000)]
  0x00000284fad4eba0 JavaThread "Unconstrained build operations Thread 47" [_thread_blocked, id=12100, stack(0x000000fbb1800000,0x000000fbb1900000)]
  0x00000284f9823d30 JavaThread "Unconstrained build operations Thread 48" [_thread_blocked, id=13592, stack(0x000000fbb1900000,0x000000fbb1a00000)]
  0x00000284f9825070 JavaThread "Unconstrained build operations Thread 49" [_thread_blocked, id=5040, stack(0x000000fbb1a00000,0x000000fbb1b00000)]
  0x00000284f9822050 JavaThread "Unconstrained build operations Thread 50" [_thread_blocked, id=14348, stack(0x000000fbb1b00000,0x000000fbb1c00000)]
  0x00000284f98298a0 JavaThread "Unconstrained build operations Thread 51" [_thread_blocked, id=11420, stack(0x000000fbb1c00000,0x000000fbb1d00000)]
  0x00000284f9828f00 JavaThread "Unconstrained build operations Thread 52" [_thread_blocked, id=13820, stack(0x000000fbb1d00000,0x000000fbb1e00000)]
  0x00000284f9825540 JavaThread "Unconstrained build operations Thread 53" [_thread_blocked, id=1604, stack(0x000000fbb1e00000,0x000000fbb1f00000)]
  0x00000284f98293d0 JavaThread "Unconstrained build operations Thread 54" [_thread_blocked, id=1092, stack(0x000000fbb1f00000,0x000000fbb2000000)]
  0x00000284f98263b0 JavaThread "Unconstrained build operations Thread 55" [_thread_blocked, id=10224, stack(0x000000fbb2000000,0x000000fbb2100000)]
  0x00000284f9822520 JavaThread "Unconstrained build operations Thread 56" [_thread_blocked, id=3264, stack(0x000000fbb2100000,0x000000fbb2200000)]
  0x00000284f9826d50 JavaThread "Unconstrained build operations Thread 57" [_thread_blocked, id=15032, stack(0x000000fbb2200000,0x000000fbb2300000)]
  0x00000284f9825ee0 JavaThread "Unconstrained build operations Thread 58" [_thread_blocked, id=5648, stack(0x000000fbb2300000,0x000000fbb2400000)]
  0x00000284f9824ba0 JavaThread "Unconstrained build operations Thread 59" [_thread_blocked, id=11356, stack(0x000000fbb2400000,0x000000fbb2500000)]
  0x00000284f98229f0 JavaThread "Unconstrained build operations Thread 60" [_thread_blocked, id=8988, stack(0x000000fbb2500000,0x000000fbb2600000)]
  0x00000284f9826880 JavaThread "Unconstrained build operations Thread 61" [_thread_blocked, id=2000, stack(0x000000fbb2600000,0x000000fbb2700000)]
  0x00000284f9828a30 JavaThread "Unconstrained build operations Thread 62" [_thread_blocked, id=16304, stack(0x000000fbb2700000,0x000000fbb2800000)]
  0x00000284f9823860 JavaThread "Unconstrained build operations Thread 63" [_thread_blocked, id=6540, stack(0x000000fbb2800000,0x000000fbb2900000)]
  0x00000284f9827220 JavaThread "Unconstrained build operations Thread 64" [_thread_blocked, id=5292, stack(0x000000fbb2900000,0x000000fbb2a00000)]
  0x00000284f9822ec0 JavaThread "Unconstrained build operations Thread 65" [_thread_blocked, id=9932, stack(0x000000fbb2a00000,0x000000fbb2b00000)]
  0x00000284f98276f0 JavaThread "Unconstrained build operations Thread 66" [_thread_blocked, id=9324, stack(0x000000fbb2b00000,0x000000fbb2c00000)]
  0x00000284f9823390 JavaThread "Unconstrained build operations Thread 67" [_thread_blocked, id=9860, stack(0x000000fbb2c00000,0x000000fbb2d00000)]
  0x00000284f9827bc0 JavaThread "Unconstrained build operations Thread 68" [_thread_blocked, id=13052, stack(0x000000fbb2d00000,0x000000fbb2e00000)]
  0x00000284f9824200 JavaThread "Unconstrained build operations Thread 69" [_thread_blocked, id=1436, stack(0x000000fbb2e00000,0x000000fbb2f00000)]
  0x00000284f98246d0 JavaThread "Unconstrained build operations Thread 70" [_thread_blocked, id=14072, stack(0x000000fbb2f00000,0x000000fbb3000000)]
  0x00000284f9825a10 JavaThread "Unconstrained build operations Thread 71" [_thread_blocked, id=2988, stack(0x000000fbb3000000,0x000000fbb3100000)]
  0x00000284f9828090 JavaThread "Unconstrained build operations Thread 72" [_thread_blocked, id=9584, stack(0x000000fbb3100000,0x000000fbb3200000)]
  0x00000284f9828560 JavaThread "Unconstrained build operations Thread 73" [_thread_blocked, id=12596, stack(0x000000fbb3200000,0x000000fbb3300000)]
  0x00000284f84410d0 JavaThread "Unconstrained build operations Thread 74" [_thread_blocked, id=13092, stack(0x000000fbb3300000,0x000000fbb3400000)]
  0x00000284f8439880 JavaThread "Unconstrained build operations Thread 75" [_thread_blocked, id=5432, stack(0x000000fbb3400000,0x000000fbb3500000)]
  0x00000284f843c8a0 JavaThread "Unconstrained build operations Thread 76" [_thread_blocked, id=6004, stack(0x000000fbb3500000,0x000000fbb3600000)]
  0x00000284f843e580 JavaThread "Unconstrained build operations Thread 77" [_thread_blocked, id=8188, stack(0x000000fbb3600000,0x000000fbb3700000)]
  0x00000284f843ea50 JavaThread "Unconstrained build operations Thread 78" [_thread_blocked, id=3912, stack(0x000000fbb3700000,0x000000fbb3800000)]
  0x00000284f8440c00 JavaThread "Unconstrained build operations Thread 79" [_thread_blocked, id=11360, stack(0x000000fbb3800000,0x000000fbb3900000)]
  0x00000284f8439d50 JavaThread "Unconstrained build operations Thread 80" [_thread_blocked, id=15652, stack(0x000000fbb3900000,0x000000fbb3a00000)]
  0x00000284f843a220 JavaThread "build event listener" [_thread_blocked, id=1492, stack(0x000000fbb3d00000,0x000000fbb3e00000)]
  0x00000284f843f3f0 JavaThread "pool-6-thread-1" [_thread_blocked, id=15544, stack(0x000000fbb4300000,0x000000fbb4400000)]
  0x00000284f843a6f0 JavaThread "build event listener" [_thread_blocked, id=6580, stack(0x000000fbb4400000,0x000000fbb4500000)]
  0x00000284f8440260 JavaThread "included builds" [_thread_blocked, id=15232, stack(0x000000fbb4500000,0x000000fbb4600000)]
  0x00000284f843abc0 JavaThread "Execution worker" [_thread_blocked, id=9424, stack(0x000000fbb4600000,0x000000fbb4700000)]
  0x00000284f843fd90 JavaThread "Execution worker Thread 2" [_thread_blocked, id=6016, stack(0x000000fbb4700000,0x000000fbb4800000)]
  0x00000284f843dbe0 JavaThread "Execution worker Thread 3" [_thread_blocked, id=16224, stack(0x000000fbb4800000,0x000000fbb4900000)]
  0x00000284f843b090 JavaThread "Execution worker Thread 4" [_thread_blocked, id=9664, stack(0x000000fbb4900000,0x000000fbb4a00000)]
  0x00000284f843d710 JavaThread "Execution worker Thread 5" [_thread_blocked, id=3256, stack(0x000000fbb4a00000,0x000000fbb4b00000)]
  0x00000284f843bf00 JavaThread "Execution worker Thread 6" [_thread_blocked, id=16372, stack(0x000000fbb4b00000,0x000000fbb4c00000)]
  0x00000284f843c3d0 JavaThread "Execution worker Thread 7" [_thread_blocked, id=11248, stack(0x000000fbb4c00000,0x000000fbb4d00000)]
  0x00000284f843e0b0 JavaThread "Cache worker for execution history cache (C:\Users\User\AndroidStudioProjects\RepairPal\.gradle\8.0\executionHistory)" [_thread_blocked, id=12928, stack(0x000000fbb4d00000,0x000000fbb4e00000)]
  0x00000284846cabd0 JavaThread "WorkerExecutor Queue" [_thread_blocked, id=14608, stack(0x000000fbade00000,0x000000fbadf00000)]

Other Threads:
=>0x00000284f768c940 VMThread "VM Thread" [stack: 0x000000fbab500000,0x000000fbab600000] [id=13992]
  0x00000284f81e4e00 WatcherThread [stack: 0x000000fbac100000,0x000000fbac200000] [id=3444]
  0x00000284dd897e90 GCTaskThread "GC Thread#0" [stack: 0x000000fbab000000,0x000000fbab100000] [id=5656]
  0x00000284f925c4d0 GCTaskThread "GC Thread#1" [stack: 0x000000fbac400000,0x000000fbac500000] [id=7672]
  0x00000284f925c780 GCTaskThread "GC Thread#2" [stack: 0x000000fbac500000,0x000000fbac600000] [id=12952]
  0x00000284f8e49b90 GCTaskThread "GC Thread#3" [stack: 0x000000fbac600000,0x000000fbac700000] [id=3208]
  0x00000284f9b665a0 GCTaskThread "GC Thread#4" [stack: 0x000000fbac700000,0x000000fbac800000] [id=15576]
  0x00000284f9b09090 GCTaskThread "GC Thread#5" [stack: 0x000000fbad200000,0x000000fbad300000] [id=15876]
  0x00000284f91c9e80 GCTaskThread "GC Thread#6" [stack: 0x000000fbad300000,0x000000fbad400000] [id=10868]
  0x00000284fb2358c0 GCTaskThread "GC Thread#7" [stack: 0x000000fbad400000,0x000000fbad500000] [id=10236]
  0x00000284dd8a8dd0 ConcurrentGCThread "G1 Main Marker" [stack: 0x000000fbab100000,0x000000fbab200000] [id=14656]
  0x00000284dd8a97e0 ConcurrentGCThread "G1 Conc#0" [stack: 0x000000fbab200000,0x000000fbab300000] [id=7444]
  0x00000284fb25d100 ConcurrentGCThread "G1 Conc#1" [stack: 0x000000fbad500000,0x000000fbad600000] [id=13828]
  0x00000284f74e20c0 ConcurrentGCThread "G1 Refine#0" [stack: 0x000000fbab300000,0x000000fbab400000] [id=12908]
  0x00000284fda92040 ConcurrentGCThread "G1 Refine#1" [stack: 0x000000fbae300000,0x000000fbae400000] [id=12704]
  0x00000284fefa8280 ConcurrentGCThread "G1 Refine#2" [stack: 0x000000fbb4000000,0x000000fbb4100000] [id=8288]
  0x0000028482dc3570 ConcurrentGCThread "G1 Refine#3" [stack: 0x000000fbb4200000,0x000000fbb4300000] [id=9576]
  0x00000284f74e2ae0 ConcurrentGCThread "G1 Service" [stack: 0x000000fbab400000,0x000000fbab500000] [id=14484]

Threads with active compile tasks:

VM state: at safepoint (normal execution)

VM Mutex/Monitor currently owned by a thread:  ([mutex/lock_event])
[0x00000284dd838430] Threads_lock - owner thread: 0x00000284f768c940
[0x00000284dd8378f0] Heap_lock - owner thread: 0x00000284dd8a8dd0

Heap address: 0x0000000080000000, size: 2048 MB, Compressed Oops mode: 32-bit

CDS archive(s) not mapped
Compressed class space mapped at: 0x0000000100000000-0x0000000140000000, reserved size: 1073741824
Narrow klass base: 0x0000000000000000, Narrow klass shift: 3, Narrow klass range: 0x140000000

GC Precious Log:
 CPUs: 8 total, 8 available
 Memory: 7991M
 Large Page Support: Disabled
 NUMA Support: Disabled
 Compressed Oops: Enabled (32-bit)
 Heap Region Size: 1M
 Heap Min Capacity: 8M
 Heap Initial Capacity: 126M
 Heap Max Capacity: 2G
 Pre-touch: Disabled
 Parallel Workers: 8
 Concurrent Workers: 2
 Concurrent Refinement Workers: 8
 Periodic GC: Disabled

Heap:
 garbage-first heap   total 189440K, used 156671K [0x0000000080000000, 0x0000000100000000)
  region size 1024K, 4 young (4096K), 2 survivors (2048K)
 Metaspace       used 114646K, committed 115456K, reserved 1155072K
  class space    used 15026K, committed 15424K, reserved 1048576K

Heap Regions: E=young(eden), S=young(survivor), O=old, HS=humongous(starts), HC=humongous(continues), CS=collection set, F=free, OA=open archive, CA=closed archive, TAMS=top-at-mark-start (previous, next)
|   0|0x0000000080000000, 0x0000000080100000, 0x0000000080100000|100%|HS|  |TAMS 0x0000000080100000, 0x0000000080000000| Complete 
|   1|0x0000000080100000, 0x0000000080200000, 0x0000000080200000|100%|HC|  |TAMS 0x0000000080200000, 0x0000000080100000| Complete 
|   2|0x0000000080200000, 0x0000000080300000, 0x0000000080300000|100%|HC|  |TAMS 0x0000000080300000, 0x0000000080200000| Complete 
|   3|0x0000000080300000, 0x0000000080400000, 0x0000000080400000|100%|HC|  |TAMS 0x0000000080400000, 0x0000000080300000| Complete 
|   4|0x0000000080400000, 0x0000000080500000, 0x0000000080500000|100%| O|  |TAMS 0x0000000080500000, 0x0000000080400000| Untracked 
|   5|0x0000000080500000, 0x0000000080600000, 0x0000000080600000|100%| O|  |TAMS 0x0000000080600000, 0x0000000080500000| Untracked 
|   6|0x0000000080600000, 0x0000000080700000, 0x0000000080700000|100%| O|  |TAMS 0x0000000080700000, 0x0000000080600000| Untracked 
|   7|0x0000000080700000, 0x0000000080800000, 0x0000000080800000|100%| O|  |TAMS 0x0000000080800000, 0x0000000080700000| Untracked 
|   8|0x0000000080800000, 0x0000000080900000, 0x0000000080900000|100%| O|  |TAMS 0x0000000080900000, 0x0000000080800000| Untracked 
|   9|0x0000000080900000, 0x0000000080a00000, 0x0000000080a00000|100%| O|  |TAMS 0x0000000080a00000, 0x0000000080900000| Untracked 
|  10|0x0000000080a00000, 0x0000000080b00000, 0x0000000080b00000|100%| O|  |TAMS 0x0000000080b00000, 0x0000000080a00000| Untracked 
|  11|0x0000000080b00000, 0x0000000080c00000, 0x0000000080c00000|100%| O|  |TAMS 0x0000000080c00000, 0x0000000080b00000| Untracked 
|  12|0x0000000080c00000, 0x0000000080d00000, 0x0000000080d00000|100%| O|  |TAMS 0x0000000080d00000, 0x0000000080c00000| Untracked 
|  13|0x0000000080d00000, 0x0000000080e00000, 0x0000000080e00000|100%| O|  |TAMS 0x0000000080e00000, 0x0000000080d00000| Untracked 
|  14|0x0000000080e00000, 0x0000000080f00000, 0x0000000080f00000|100%| O|  |TAMS 0x0000000080f00000, 0x0000000080e00000| Untracked 
|  15|0x0000000080f00000, 0x0000000081000000, 0x0000000081000000|100%| O|  |TAMS 0x0000000081000000, 0x0000000080f00000| Untracked 
|  16|0x0000000081000000, 0x0000000081100000, 0x0000000081100000|100%| O|  |TAMS 0x0000000081100000, 0x0000000081000000| Untracked 
|  17|0x0000000081100000, 0x0000000081200000, 0x0000000081200000|100%| O|  |TAMS 0x0000000081200000, 0x0000000081100000| Untracked 
|  18|0x0000000081200000, 0x0000000081300000, 0x0000000081300000|100%| O|  |TAMS 0x0000000081300000, 0x0000000081200000| Untracked 
|  19|0x0000000081300000, 0x0000000081400000, 0x0000000081400000|100%| O|  |TAMS 0x0000000081400000, 0x0000000081300000| Untracked 
|  20|0x0000000081400000, 0x0000000081500000, 0x0000000081500000|100%| O|  |TAMS 0x0000000081500000, 0x0000000081400000| Updating 
|  21|0x0000000081500000, 0x0000000081600000, 0x0000000081600000|100%| O|  |TAMS 0x0000000081600000, 0x0000000081500000| Untracked 
|  22|0x0000000081600000, 0x0000000081700000, 0x0000000081700000|100%| O|  |TAMS 0x0000000081700000, 0x0000000081600000| Untracked 
|  23|0x0000000081700000, 0x0000000081800000, 0x0000000081800000|100%| O|  |TAMS 0x0000000081800000, 0x0000000081700000| Updating 
|  24|0x0000000081800000, 0x0000000081900000, 0x0000000081900000|100%| O|  |TAMS 0x0000000081900000, 0x0000000081800000| Updating 
|  25|0x0000000081900000, 0x0000000081a00000, 0x0000000081a00000|100%| O|  |TAMS 0x0000000081a00000, 0x0000000081900000| Untracked 
|  26|0x0000000081a00000, 0x0000000081b00000, 0x0000000081b00000|100%| O|  |TAMS 0x0000000081b00000, 0x0000000081a00000| Untracked 
|  27|0x0000000081b00000, 0x0000000081c00000, 0x0000000081c00000|100%| O|  |TAMS 0x0000000081c00000, 0x0000000081b00000| Untracked 
|  28|0x0000000081c00000, 0x0000000081d00000, 0x0000000081d00000|100%| O|  |TAMS 0x0000000081d00000, 0x0000000081c00000| Updating 
|  29|0x0000000081d00000, 0x0000000081e00000, 0x0000000081e00000|100%|HS|  |TAMS 0x0000000081e00000, 0x0000000081d00000| Complete 
|  30|0x0000000081e00000, 0x0000000081f00000, 0x0000000081f00000|100%|HS|  |TAMS 0x0000000081f00000, 0x0000000081e00000| Complete 
|  31|0x0000000081f00000, 0x0000000082000000, 0x0000000082000000|100%|HS|  |TAMS 0x0000000082000000, 0x0000000081f00000| Complete 
|  32|0x0000000082000000, 0x0000000082100000, 0x0000000082100000|100%|HC|  |TAMS 0x0000000082100000, 0x0000000082000000| Complete 
|  33|0x0000000082100000, 0x0000000082200000, 0x0000000082200000|100%|HS|  |TAMS 0x0000000082200000, 0x0000000082100000| Complete 
|  34|0x0000000082200000, 0x0000000082300000, 0x0000000082300000|100%| O|  |TAMS 0x0000000082300000, 0x0000000082200000| Updating 
|  35|0x0000000082300000, 0x0000000082400000, 0x0000000082400000|100%| O|  |TAMS 0x0000000082400000, 0x0000000082300000| Untracked 
|  36|0x0000000082400000, 0x0000000082500000, 0x0000000082500000|100%| O|  |TAMS 0x0000000082500000, 0x0000000082400000| Untracked 
|  37|0x0000000082500000, 0x0000000082600000, 0x0000000082600000|100%| O|  |TAMS 0x0000000082600000, 0x0000000082500000| Updating 
|  38|0x0000000082600000, 0x0000000082700000, 0x0000000082700000|100%| O|  |TAMS 0x0000000082700000, 0x0000000082600000| Untracked 
|  39|0x0000000082700000, 0x0000000082800000, 0x0000000082800000|100%| O|  |TAMS 0x0000000082800000, 0x0000000082700000| Updating 
|  40|0x0000000082800000, 0x0000000082900000, 0x0000000082900000|100%|HS|  |TAMS 0x0000000082900000, 0x0000000082800000| Complete 
|  41|0x0000000082900000, 0x0000000082a00000, 0x0000000082a00000|100%|HC|  |TAMS 0x0000000082a00000, 0x0000000082900000| Complete 
|  42|0x0000000082a00000, 0x0000000082b00000, 0x0000000082b00000|100%|HC|  |TAMS 0x0000000082b00000, 0x0000000082a00000| Complete 
|  43|0x0000000082b00000, 0x0000000082c00000, 0x0000000082c00000|100%|HC|  |TAMS 0x0000000082c00000, 0x0000000082b00000| Complete 
|  44|0x0000000082c00000, 0x0000000082d00000, 0x0000000082d00000|100%| O|  |TAMS 0x0000000082d00000, 0x0000000082c00000| Untracked 
|  45|0x0000000082d00000, 0x0000000082e00000, 0x0000000082e00000|100%| O|  |TAMS 0x0000000082e00000, 0x0000000082d00000| Updating 
|  46|0x0000000082e00000, 0x0000000082f00000, 0x0000000082f00000|100%| O|  |TAMS 0x0000000082f00000, 0x0000000082e00000| Updating 
|  47|0x0000000082f00000, 0x0000000083000000, 0x0000000083000000|100%| O|  |TAMS 0x0000000083000000, 0x0000000082f00000| Updating 
|  48|0x0000000083000000, 0x0000000083100000, 0x0000000083100000|100%| O|  |TAMS 0x0000000083100000, 0x0000000083000000| Updating 
|  49|0x0000000083100000, 0x0000000083200000, 0x0000000083200000|100%| O|  |TAMS 0x0000000083200000, 0x0000000083100000| Updating 
|  50|0x0000000083200000, 0x0000000083300000, 0x0000000083300000|100%| O|  |TAMS 0x0000000083300000, 0x0000000083200000| Untracked 
|  51|0x0000000083300000, 0x0000000083400000, 0x0000000083400000|100%| O|  |TAMS 0x0000000083400000, 0x0000000083300000| Untracked 
|  52|0x0000000083400000, 0x0000000083500000, 0x0000000083500000|100%| O|  |TAMS 0x0000000083500000, 0x0000000083400000| Updating 
|  53|0x0000000083500000, 0x0000000083600000, 0x0000000083600000|100%| O|  |TAMS 0x0000000083600000, 0x0000000083500000| Untracked 
|  54|0x0000000083600000, 0x0000000083700000, 0x0000000083700000|100%| O|  |TAMS 0x0000000083700000, 0x0000000083600000| Untracked 
|  55|0x0000000083700000, 0x0000000083800000, 0x0000000083800000|100%| O|  |TAMS 0x0000000083800000, 0x0000000083700000| Untracked 
|  56|0x0000000083800000, 0x0000000083900000, 0x0000000083900000|100%| O|  |TAMS 0x0000000083900000, 0x0000000083800000| Untracked 
|  57|0x0000000083900000, 0x0000000083a00000, 0x0000000083a00000|100%| O|  |TAMS 0x0000000083a00000, 0x0000000083900000| Untracked 
|  58|0x0000000083a00000, 0x0000000083b00000, 0x0000000083b00000|100%| O|  |TAMS 0x0000000083b00000, 0x0000000083a00000| Updating 
|  59|0x0000000083b00000, 0x0000000083c00000, 0x0000000083c00000|100%| O|  |TAMS 0x0000000083c00000, 0x0000000083b00000| Untracked 
|  60|0x0000000083c00000, 0x0000000083d00000, 0x0000000083d00000|100%| O|  |TAMS 0x0000000083d00000, 0x0000000083c00000| Untracked 
|  61|0x0000000083d00000, 0x0000000083e00000, 0x0000000083e00000|100%| O|  |TAMS 0x0000000083e00000, 0x0000000083d00000| Untracked 
|  62|0x0000000083e00000, 0x0000000083f00000, 0x0000000083f00000|100%| O|  |TAMS 0x0000000083f00000, 0x0000000083e00000| Updating 
|  63|0x0000000083f00000, 0x0000000084000000, 0x0000000084000000|100%| O|  |TAMS 0x0000000084000000, 0x0000000083f00000| Updating 
|  64|0x0000000084000000, 0x0000000084100000, 0x0000000084100000|100%| O|  |TAMS 0x0000000084100000, 0x0000000084000000| Updating 
|  65|0x0000000084100000, 0x0000000084200000, 0x0000000084200000|100%| O|  |TAMS 0x0000000084200000, 0x0000000084100000| Untracked 
|  66|0x0000000084200000, 0x0000000084300000, 0x0000000084300000|100%| O|  |TAMS 0x0000000084300000, 0x0000000084200000| Updating 
|  67|0x0000000084300000, 0x0000000084400000, 0x0000000084400000|100%| O|  |TAMS 0x0000000084400000, 0x0000000084300000| Updating 
|  68|0x0000000084400000, 0x0000000084500000, 0x0000000084500000|100%| O|  |TAMS 0x0000000084500000, 0x0000000084400000| Untracked 
|  69|0x0000000084500000, 0x0000000084600000, 0x0000000084600000|100%| O|  |TAMS 0x0000000084600000, 0x0000000084500000| Updating 
|  70|0x0000000084600000, 0x0000000084700000, 0x0000000084700000|100%| O|  |TAMS 0x0000000084700000, 0x0000000084600000| Updating 
|  71|0x0000000084700000, 0x0000000084800000, 0x0000000084800000|100%| O|  |TAMS 0x0000000084800000, 0x0000000084700000| Updating 
|  72|0x0000000084800000, 0x0000000084900000, 0x0000000084900000|100%| O|  |TAMS 0x0000000084900000, 0x0000000084800000| Untracked 
|  73|0x0000000084900000, 0x0000000084a00000, 0x0000000084a00000|100%| O|  |TAMS 0x0000000084a00000, 0x0000000084900000| Updating 
|  74|0x0000000084a00000, 0x0000000084b00000, 0x0000000084b00000|100%| O|  |TAMS 0x0000000084b00000, 0x0000000084a00000| Updating 
|  75|0x0000000084b00000, 0x0000000084c00000, 0x0000000084c00000|100%| O|  |TAMS 0x0000000084c00000, 0x0000000084b00000| Updating 
|  76|0x0000000084c00000, 0x0000000084d00000, 0x0000000084d00000|100%| O|  |TAMS 0x0000000084d00000, 0x0000000084c00000| Updating 
|  77|0x0000000084d00000, 0x0000000084e00000, 0x0000000084e00000|100%| O|  |TAMS 0x0000000084e00000, 0x0000000084d00000| Updating 
|  78|0x0000000084e00000, 0x0000000084f00000, 0x0000000084f00000|100%| O|  |TAMS 0x0000000084f00000, 0x0000000084e00000| Updating 
|  79|0x0000000084f00000, 0x0000000085000000, 0x0000000085000000|100%| O|  |TAMS 0x0000000085000000, 0x0000000084f00000| Updating 
|  80|0x0000000085000000, 0x0000000085100000, 0x0000000085100000|100%| O|  |TAMS 0x0000000085100000, 0x0000000085000000| Untracked 
|  81|0x0000000085100000, 0x0000000085200000, 0x0000000085200000|100%| O|  |TAMS 0x0000000085200000, 0x0000000085100000| Updating 
|  82|0x0000000085200000, 0x0000000085300000, 0x0000000085300000|100%| O|  |TAMS 0x0000000085300000, 0x0000000085200000| Untracked 
|  83|0x0000000085300000, 0x0000000085400000, 0x0000000085400000|100%| O|  |TAMS 0x0000000085400000, 0x0000000085300000| Untracked 
|  84|0x0000000085400000, 0x0000000085500000, 0x0000000085500000|100%| O|  |TAMS 0x0000000085500000, 0x0000000085400000| Untracked 
|  85|0x0000000085500000, 0x0000000085600000, 0x0000000085600000|100%| O|  |TAMS 0x0000000085600000, 0x0000000085500000| Updating 
|  86|0x0000000085600000, 0x0000000085700000, 0x0000000085700000|100%| O|  |TAMS 0x0000000085700000, 0x0000000085600000| Untracked 
|  87|0x0000000085700000, 0x0000000085800000, 0x0000000085800000|100%| O|  |TAMS 0x0000000085800000, 0x0000000085700000| Untracked 
|  88|0x0000000085800000, 0x0000000085900000, 0x0000000085900000|100%| O|  |TAMS 0x0000000085900000, 0x0000000085800000| Untracked 
|  89|0x0000000085900000, 0x0000000085a00000, 0x0000000085a00000|100%| O|  |TAMS 0x0000000085a00000, 0x0000000085900000| Untracked 
|  90|0x0000000085a00000, 0x0000000085b00000, 0x0000000085b00000|100%| O|  |TAMS 0x0000000085b00000, 0x0000000085a00000| Untracked 
|  91|0x0000000085b00000, 0x0000000085c00000, 0x0000000085c00000|100%| O|  |TAMS 0x0000000085c00000, 0x0000000085b00000| Untracked 
|  92|0x0000000085c00000, 0x0000000085d00000, 0x0000000085d00000|100%| O|  |TAMS 0x0000000085d00000, 0x0000000085c00000| Untracked 
|  93|0x0000000085d00000, 0x0000000085e00000, 0x0000000085e00000|100%| O|  |TAMS 0x0000000085e00000, 0x0000000085d00000| Untracked 
|  94|0x0000000085e00000, 0x0000000085f00000, 0x0000000085f00000|100%| O|  |TAMS 0x0000000085f00000, 0x0000000085e00000| Updating 
|  95|0x0000000085f00000, 0x0000000086000000, 0x0000000086000000|100%| O|  |TAMS 0x0000000086000000, 0x0000000085f00000| Untracked 
|  96|0x0000000086000000, 0x0000000086100000, 0x0000000086100000|100%| O|  |TAMS 0x0000000086100000, 0x0000000086000000| Untracked 
|  97|0x0000000086100000, 0x0000000086200000, 0x0000000086200000|100%| O|  |TAMS 0x0000000086200000, 0x0000000086100000| Untracked 
|  98|0x0000000086200000, 0x0000000086300000, 0x0000000086300000|100%| O|  |TAMS 0x0000000086300000, 0x0000000086200000| Updating 
|  99|0x0000000086300000, 0x0000000086400000, 0x0000000086400000|100%| O|  |TAMS 0x0000000086400000, 0x0000000086300000| Updating 
| 100|0x0000000086400000, 0x0000000086500000, 0x0000000086500000|100%| O|  |TAMS 0x0000000086500000, 0x0000000086400000| Updating 
| 101|0x0000000086500000, 0x0000000086600000, 0x0000000086600000|100%| O|  |TAMS 0x0000000086600000, 0x0000000086500000| Untracked 
| 102|0x0000000086600000, 0x0000000086700000, 0x0000000086700000|100%| O|  |TAMS 0x0000000086700000, 0x0000000086600000| Untracked 
| 103|0x0000000086700000, 0x0000000086800000, 0x0000000086800000|100%| O|  |TAMS 0x0000000086800000, 0x0000000086700000| Untracked 
| 104|0x0000000086800000, 0x0000000086900000, 0x0000000086900000|100%| O|  |TAMS 0x0000000086900000, 0x0000000086800000| Untracked 
| 105|0x0000000086900000, 0x0000000086a00000, 0x0000000086a00000|100%| O|  |TAMS 0x0000000086a00000, 0x0000000086900000| Untracked 
| 106|0x0000000086a00000, 0x0000000086b00000, 0x0000000086b00000|100%| O|  |TAMS 0x0000000086b00000, 0x0000000086a00000| Updating 
| 107|0x0000000086b00000, 0x0000000086c00000, 0x0000000086c00000|100%| O|  |TAMS 0x0000000086c00000, 0x0000000086b00000| Untracked 
| 108|0x0000000086c00000, 0x0000000086d00000, 0x0000000086d00000|100%| O|  |TAMS 0x0000000086d00000, 0x0000000086c00000| Untracked 
| 109|0x0000000086d00000, 0x0000000086e00000, 0x0000000086e00000|100%| O|  |TAMS 0x0000000086e00000, 0x0000000086d00000| Updating 
| 110|0x0000000086e00000, 0x0000000086f00000, 0x0000000086f00000|100%| O|  |TAMS 0x0000000086f00000, 0x0000000086e00000| Updating 
| 111|0x0000000086f00000, 0x0000000087000000, 0x0000000087000000|100%| O|  |TAMS 0x0000000087000000, 0x0000000086f00000| Updating 
| 112|0x0000000087000000, 0x0000000087100000, 0x0000000087100000|100%| O|  |TAMS 0x0000000087100000, 0x0000000087000000| Updating 
| 113|0x0000000087100000, 0x0000000087200000, 0x0000000087200000|100%| O|  |TAMS 0x0000000087200000, 0x0000000087100000| Updating 
| 114|0x0000000087200000, 0x0000000087300000, 0x0000000087300000|100%| O|  |TAMS 0x0000000087300000, 0x0000000087200000| Updating 
| 115|0x0000000087300000, 0x0000000087400000, 0x0000000087400000|100%| O|  |TAMS 0x0000000087400000, 0x0000000087300000| Untracked 
| 116|0x0000000087400000, 0x0000000087500000, 0x0000000087500000|100%| O|  |TAMS 0x0000000087500000, 0x0000000087400000| Updating 
| 117|0x0000000087500000, 0x0000000087600000, 0x0000000087600000|100%| O|  |TAMS 0x0000000087600000, 0x0000000087500000| Untracked 
| 118|0x0000000087600000, 0x0000000087700000, 0x0000000087700000|100%| O|  |TAMS 0x0000000087700000, 0x0000000087600000| Updating 
| 119|0x0000000087700000, 0x0000000087800000, 0x0000000087800000|100%| O|  |TAMS 0x0000000087800000, 0x0000000087700000| Updating 
| 120|0x0000000087800000, 0x0000000087900000, 0x0000000087900000|100%| O|  |TAMS 0x0000000087900000, 0x0000000087800000| Untracked 
| 121|0x0000000087900000, 0x0000000087a00000, 0x0000000087a00000|100%| O|  |TAMS 0x0000000087a00000, 0x0000000087900000| Untracked 
| 122|0x0000000087a00000, 0x0000000087b00000, 0x0000000087b00000|100%| O|  |TAMS 0x0000000087b00000, 0x0000000087a00000| Untracked 
| 123|0x0000000087b00000, 0x0000000087c00000, 0x0000000087c00000|100%| O|  |TAMS 0x0000000087c00000, 0x0000000087b00000| Untracked 
| 124|0x0000000087c00000, 0x0000000087d00000, 0x0000000087d00000|100%| O|  |TAMS 0x0000000087d00000, 0x0000000087c00000| Untracked 
| 125|0x0000000087d00000, 0x0000000087e00000, 0x0000000087e00000|100%| O|  |TAMS 0x0000000087e00000, 0x0000000087d00000| Untracked 
| 126|0x0000000087e00000, 0x0000000087f00000, 0x0000000087f00000|100%| O|  |TAMS 0x0000000087f00000, 0x0000000087e00000| Untracked 
| 127|0x0000000087f00000, 0x0000000088000000, 0x0000000088000000|100%| O|  |TAMS 0x0000000088000000, 0x0000000087f00000| Untracked 
| 128|0x0000000088000000, 0x0000000088100000, 0x0000000088100000|100%| O|  |TAMS 0x0000000088100000, 0x0000000088000000| Untracked 
| 129|0x0000000088100000, 0x0000000088200000, 0x0000000088200000|100%| O|  |TAMS 0x0000000088200000, 0x0000000088100000| Untracked 
| 130|0x0000000088200000, 0x0000000088300000, 0x0000000088300000|100%| O|  |TAMS 0x0000000088300000, 0x0000000088200000| Updating 
| 131|0x0000000088300000, 0x0000000088400000, 0x0000000088400000|100%| O|  |TAMS 0x0000000088300000, 0x0000000088300000| Untracked 
| 132|0x0000000088400000, 0x0000000088500000, 0x0000000088500000|100%| O|  |TAMS 0x0000000088400000, 0x0000000088400000| Untracked 
| 133|0x0000000088500000, 0x0000000088600000, 0x0000000088600000|100%| O|  |TAMS 0x0000000088500000, 0x0000000088500000| Untracked 
| 134|0x0000000088600000, 0x00000000886ffc00, 0x0000000088700000| 99%| O|  |TAMS 0x0000000088600000, 0x0000000088600000| Untracked 
| 135|0x0000000088700000, 0x0000000088700000, 0x0000000088800000|  0%| F|  |TAMS 0x0000000088700000, 0x0000000088700000| Untracked 
| 136|0x0000000088800000, 0x0000000088800000, 0x0000000088900000|  0%| F|  |TAMS 0x0000000088800000, 0x0000000088800000| Untracked 
| 137|0x0000000088900000, 0x0000000088900000, 0x0000000088a00000|  0%| F|  |TAMS 0x0000000088900000, 0x0000000088900000| Untracked 
| 138|0x0000000088a00000, 0x0000000088b00000, 0x0000000088b00000|100%|HS|  |TAMS 0x0000000088b00000, 0x0000000088a00000| Complete 
| 139|0x0000000088b00000, 0x0000000088c00000, 0x0000000088c00000|100%|HC|  |TAMS 0x0000000088c00000, 0x0000000088b00000| Complete 
| 140|0x0000000088c00000, 0x0000000088d00000, 0x0000000088d00000|100%| O|  |TAMS 0x0000000088d00000, 0x0000000088c00000| Untracked 
| 141|0x0000000088d00000, 0x0000000088e00000, 0x0000000088e00000|100%| O|  |TAMS 0x0000000088e00000, 0x0000000088d00000| Untracked 
| 142|0x0000000088e00000, 0x0000000088f00000, 0x0000000088f00000|100%| O|  |TAMS 0x0000000088f00000, 0x0000000088e00000| Untracked 
| 143|0x0000000088f00000, 0x0000000089000000, 0x0000000089000000|100%| O|  |TAMS 0x0000000089000000, 0x0000000088f00000| Untracked 
| 144|0x0000000089000000, 0x0000000089100000, 0x0000000089100000|100%| O|  |TAMS 0x0000000089100000, 0x0000000089000000| Untracked 
| 145|0x0000000089100000, 0x0000000089200000, 0x0000000089200000|100%| O|  |TAMS 0x0000000089200000, 0x0000000089100000| Untracked 
| 146|0x0000000089200000, 0x0000000089300000, 0x0000000089300000|100%| O|  |TAMS 0x0000000089300000, 0x0000000089200000| Untracked 
| 147|0x0000000089300000, 0x0000000089400000, 0x0000000089400000|100%| O|  |TAMS 0x0000000089400000, 0x0000000089300000| Untracked 
| 148|0x0000000089400000, 0x0000000089500000, 0x0000000089500000|100%| O|  |TAMS 0x0000000089500000, 0x0000000089400000| Untracked 
| 149|0x0000000089500000, 0x0000000089600000, 0x0000000089600000|100%| O|  |TAMS 0x0000000089600000, 0x0000000089500000| Untracked 
| 150|0x0000000089600000, 0x0000000089700000, 0x0000000089700000|100%| O|  |TAMS 0x0000000089700000, 0x0000000089600000| Untracked 
| 151|0x0000000089700000, 0x0000000089700000, 0x0000000089800000|  0%| F|  |TAMS 0x0000000089700000, 0x0000000089700000| Untracked 
| 152|0x0000000089800000, 0x0000000089900000, 0x0000000089900000|100%| O|  |TAMS 0x0000000089900000, 0x0000000089800000| Updating 
| 153|0x0000000089900000, 0x0000000089a00000, 0x0000000089a00000|100%| O|  |TAMS 0x000000008991da00, 0x0000000089900000| Untracked 
| 154|0x0000000089a00000, 0x0000000089a00000, 0x0000000089b00000|  0%| F|  |TAMS 0x0000000089a00000, 0x0000000089a00000| Untracked 
| 155|0x0000000089b00000, 0x0000000089b00000, 0x0000000089c00000|  0%| F|  |TAMS 0x0000000089b00000, 0x0000000089b00000| Untracked 
| 156|0x0000000089c00000, 0x0000000089c00000, 0x0000000089d00000|  0%| F|  |TAMS 0x0000000089c00000, 0x0000000089c00000| Untracked 
| 157|0x0000000089d00000, 0x0000000089d00000, 0x0000000089e00000|  0%| F|  |TAMS 0x0000000089d00000, 0x0000000089d00000| Untracked 
| 158|0x0000000089e00000, 0x0000000089e00000, 0x0000000089f00000|  0%| F|  |TAMS 0x0000000089e00000, 0x0000000089e00000| Untracked 
| 159|0x0000000089f00000, 0x0000000089f00000, 0x000000008a000000|  0%| F|  |TAMS 0x0000000089f00000, 0x0000000089f00000| Untracked 
| 160|0x000000008a000000, 0x000000008a000000, 0x000000008a100000|  0%| F|  |TAMS 0x000000008a000000, 0x000000008a000000| Untracked 
| 161|0x000000008a100000, 0x000000008a100000, 0x000000008a200000|  0%| F|  |TAMS 0x000000008a100000, 0x000000008a100000| Untracked 
| 162|0x000000008a200000, 0x000000008a200000, 0x000000008a300000|  0%| F|  |TAMS 0x000000008a200000, 0x000000008a200000| Untracked 
| 163|0x000000008a300000, 0x000000008a300000, 0x000000008a400000|  0%| F|  |TAMS 0x000000008a300000, 0x000000008a300000| Untracked 
| 164|0x000000008a400000, 0x000000008a400000, 0x000000008a500000|  0%| F|  |TAMS 0x000000008a400000, 0x000000008a400000| Untracked 
| 165|0x000000008a500000, 0x000000008a500000, 0x000000008a600000|  0%| F|  |TAMS 0x000000008a500000, 0x000000008a500000| Untracked 
| 166|0x000000008a600000, 0x000000008a600000, 0x000000008a700000|  0%| F|  |TAMS 0x000000008a600000, 0x000000008a600000| Untracked 
| 167|0x000000008a700000, 0x000000008a700000, 0x000000008a800000|  0%| F|  |TAMS 0x000000008a700000, 0x000000008a700000| Untracked 
| 168|0x000000008a800000, 0x000000008a800000, 0x000000008a900000|  0%| F|  |TAMS 0x000000008a800000, 0x000000008a800000| Untracked 
| 169|0x000000008a900000, 0x000000008a900000, 0x000000008aa00000|  0%| F|  |TAMS 0x000000008a900000, 0x000000008a900000| Untracked 
| 170|0x000000008aa00000, 0x000000008aa00000, 0x000000008ab00000|  0%| F|  |TAMS 0x000000008aa00000, 0x000000008aa00000| Untracked 
| 171|0x000000008ab00000, 0x000000008ab00000, 0x000000008ac00000|  0%| F|  |TAMS 0x000000008ab00000, 0x000000008ab00000| Untracked 
| 172|0x000000008ac00000, 0x000000008ac00000, 0x000000008ad00000|  0%| F|  |TAMS 0x000000008ac00000, 0x000000008ac00000| Untracked 
| 173|0x000000008ad00000, 0x000000008ad00000, 0x000000008ae00000|  0%| F|  |TAMS 0x000000008ad00000, 0x000000008ad00000| Untracked 
| 174|0x000000008ae00000, 0x000000008ae00000, 0x000000008af00000|  0%| F|  |TAMS 0x000000008ae00000, 0x000000008ae00000| Untracked 
| 175|0x000000008af00000, 0x000000008af00000, 0x000000008b000000|  0%| F|  |TAMS 0x000000008af00000, 0x000000008af00000| Untracked 
| 176|0x000000008b000000, 0x000000008b100000, 0x000000008b100000|100%| S|CS|TAMS 0x000000008b000000, 0x000000008b000000| Complete 
| 177|0x000000008b100000, 0x000000008b200000, 0x000000008b200000|100%| S|CS|TAMS 0x000000008b100000, 0x000000008b100000| Complete 
| 178|0x000000008b200000, 0x000000008b200000, 0x000000008b300000|  0%| F|  |TAMS 0x000000008b200000, 0x000000008b200000| Untracked 
| 179|0x000000008b300000, 0x000000008b300000, 0x000000008b400000|  0%| F|  |TAMS 0x000000008b300000, 0x000000008b300000| Untracked 
| 180|0x000000008b400000, 0x000000008b400000, 0x000000008b500000|  0%| F|  |TAMS 0x000000008b400000, 0x000000008b400000| Untracked 
| 181|0x000000008b500000, 0x000000008b500000, 0x000000008b600000|  0%| F|  |TAMS 0x000000008b500000, 0x000000008b500000| Untracked 
| 182|0x000000008b600000, 0x000000008b600000, 0x000000008b700000|  0%| F|  |TAMS 0x000000008b600000, 0x000000008b600000| Untracked 
| 183|0x000000008b700000, 0x000000008b73c878, 0x000000008b800000| 23%| E|  |TAMS 0x000000008b700000, 0x000000008b700000| Complete 
| 184|0x000000008b800000, 0x000000008b900000, 0x000000008b900000|100%| E|CS|TAMS 0x000000008b800000, 0x000000008b800000| Complete 

Card table byte_map: [0x00000284f0430000,0x00000284f0830000] _byte_map_base: 0x00000284f0030000

Marking Bits (Prev, Next): (CMBitMap*) 0x00000284dd8984e0, (CMBitMap*) 0x00000284dd8984a0
 Prev Bits: [0x00000284f2c30000, 0x00000284f4c30000)
 Next Bits: [0x00000284f0c30000, 0x00000284f2c30000)

Polling page: 0x00000284dd000000

Metaspace:

Usage:
  Non-class:     97.29 MB used.
      Class:     14.67 MB used.
       Both:    111.96 MB used.

Virtual space:
  Non-class space:      104.00 MB reserved,      97.69 MB ( 94%) committed,  13 nodes.
      Class space:        1.00 GB reserved,      15.06 MB (  1%) committed,  1 nodes.
             Both:        1.10 GB reserved,     112.75 MB ( 10%) committed. 

Chunk freelists:
   Non-Class:  1.54 MB
       Class:  828.00 KB
        Both:  2.35 MB

MaxMetaspaceSize: unlimited
CompressedClassSpaceSize: 1.00 GB
Initial GC threshold: 21.00 MB
Current GC threshold: 169.81 MB
CDS: off
MetaspaceReclaimPolicy: balanced
 - commit_granule_bytes: 65536.
 - commit_granule_words: 8192.
 - virtual_space_node_default_size: 1048576.
 - enlarge_chunks_in_place: 1.
 - new_chunks_are_fully_committed: 0.
 - uncommit_free_chunks: 1.
 - use_allocation_guard: 0.
 - handle_deallocations: 1.


Internal statistics:

num_allocs_failed_limit: 6.
num_arena_births: 1230.
num_arena_deaths: 0.
num_vsnodes_births: 14.
num_vsnodes_deaths: 0.
num_space_committed: 1802.
num_space_uncommitted: 0.
num_chunks_returned_to_freelist: 6.
num_chunks_taken_from_freelist: 5510.
num_chunk_merges: 6.
num_chunk_splits: 3614.
num_chunks_enlarged: 2398.
num_purges: 0.
num_inconsistent_stats: 0.

CodeHeap 'non-profiled nmethods': size=120000Kb used=9492Kb max_used=9492Kb free=110508Kb
 bounds [0x00000284e87d0000, 0x00000284e9120000, 0x00000284efd00000]
CodeHeap 'profiled nmethods': size=120000Kb used=26412Kb max_used=26412Kb free=93587Kb
 bounds [0x00000284e0d00000, 0x00000284e26d0000, 0x00000284e8230000]
CodeHeap 'non-nmethods': size=5760Kb used=2440Kb max_used=2542Kb free=3319Kb
 bounds [0x00000284e8230000, 0x00000284e84c0000, 0x00000284e87d0000]
 total_blobs=14420 nmethods=13453 adapters=879
 compilation: enabled
              stopped_count=0, restarted_count=0
 full_count=0

Compilation events (20 events):
Event: 45.875 Thread 0x00000284fc1a25f0 15792   !   4       org.apache.xerces.parsers.SecuritySupport$3::run (28 bytes)
Event: 45.875 Thread 0x00000284f8049310 15793       4       org.apache.xerces.impl.dtd.XMLDTDProcessor::getFeatureDefault (36 bytes)
Event: 45.875 Thread 0x00000284fc1a25f0 nmethod 15792 0x00000284e9100d90 code [0x00000284e9100f00, 0x00000284e9100ff8]
Event: 45.875 Thread 0x00000284fc1a25f0 15794       4       org.apache.xerces.impl.dtd.XMLDTDProcessor::getPropertyDefault (36 bytes)
Event: 45.877 Thread 0x00000284f8049310 nmethod 15793 0x00000284e9101110 code [0x00000284e91012a0, 0x00000284e9101838]
Event: 45.878 Thread 0x00000284fc1a25f0 nmethod 15794 0x00000284e9101990 code [0x00000284e9101b20, 0x00000284e91020b8]
Event: 45.879 Thread 0x00000284fc1a25f0 15795       4       org.apache.xerces.impl.XMLScanner::scanAttributeValue (1007 bytes)
Event: 45.885 Thread 0x00000284f8049310 15796   !   4       org.apache.xerces.parsers.AbstractSAXParser::setFeature (521 bytes)
Event: 45.901 Thread 0x00000284f8049310 nmethod 15796 0x00000284e9102210 code [0x00000284e91023e0, 0x00000284e9103378]
Event: 45.901 Thread 0x00000284f8049310 15797       4       org.apache.xerces.impl.XMLNSDocumentScannerImpl::scanAttribute (586 bytes)
Event: 45.940 Thread 0x00000284fc1a25f0 nmethod 15795 0x00000284e9103910 code [0x00000284e9103d40, 0x00000284e91075f8]
Event: 45.941 Thread 0x00000284fc1a25f0 15798       4       org.apache.xerces.impl.dtd.XMLDTDValidator::getFeatureDefault (36 bytes)
Event: 45.944 Thread 0x00000284fc1a25f0 nmethod 15798 0x00000284e9109610 code [0x00000284e91097a0, 0x00000284e9109d38]
Event: 45.954 Thread 0x00000284f8049310 nmethod 15797 0x00000284e9109e90 code [0x00000284e910a2a0, 0x00000284e910d110]
Event: 46.117 Thread 0x00000284f8049310 15799   !   4       org.apache.xerces.impl.XMLDocumentFragmentScannerImpl$FragmentContentDispatcher::dispatch (1128 bytes)
Event: 46.159 Thread 0x00000284f8049310 nmethod 15799 0x00000284e910f090 code [0x00000284e910f5e0, 0x00000284e91124a8]
Event: 46.167 Thread 0x00000284f8049310 15800 %     4       java.util.WeakHashMap::transfer @ 2 (104 bytes)
Event: 46.170 Thread 0x00000284f8049310 nmethod 15800% 0x00000284e9114810 code [0x00000284e91149a0, 0x00000284e9114e58]
Event: 46.349 Thread 0x00000284f8049db0 15801       3       org.apache.xerces.impl.XMLEntityManager$CharacterBufferPool::getBuffer (80 bytes)
Event: 46.350 Thread 0x00000284f8049db0 nmethod 15801 0x00000284e26cb990 code [0x00000284e26cbb80, 0x00000284e26cc238]

GC Heap History (20 events):
Event: 33.325 GC heap before
{Heap before GC invocations=33 (full 0):
 garbage-first heap   total 189440K, used 149975K [0x0000000080000000, 0x0000000100000000)
  region size 1024K, 40 young (40960K), 2 survivors (2048K)
 Metaspace       used 109061K, committed 109760K, reserved 1146880K
  class space    used 14442K, committed 14784K, reserved 1048576K
}
Event: 33.332 GC heap after
{Heap after GC invocations=34 (full 0):
 garbage-first heap   total 189440K, used 118486K [0x0000000080000000, 0x0000000100000000)
  region size 1024K, 5 young (5120K), 5 survivors (5120K)
 Metaspace       used 109061K, committed 109760K, reserved 1146880K
  class space    used 14442K, committed 14784K, reserved 1048576K
}
Event: 33.980 GC heap before
{Heap before GC invocations=34 (full 0):
 garbage-first heap   total 189440K, used 152278K [0x0000000080000000, 0x0000000100000000)
  region size 1024K, 39 young (39936K), 5 survivors (5120K)
 Metaspace       used 110461K, committed 111296K, reserved 1146880K
  class space    used 14607K, committed 15040K, reserved 1048576K
}
Event: 33.984 GC heap after
{Heap after GC invocations=35 (full 0):
 garbage-first heap   total 189440K, used 120969K [0x0000000080000000, 0x0000000100000000)
  region size 1024K, 4 young (4096K), 4 survivors (4096K)
 Metaspace       used 110461K, committed 111296K, reserved 1146880K
  class space    used 14607K, committed 15040K, reserved 1048576K
}
Event: 34.872 GC heap before
{Heap before GC invocations=35 (full 0):
 garbage-first heap   total 189440K, used 152713K [0x0000000080000000, 0x0000000100000000)
  region size 1024K, 36 young (36864K), 4 survivors (4096K)
 Metaspace       used 110924K, committed 111744K, reserved 1146880K
  class space    used 14661K, committed 15040K, reserved 1048576K
}
Event: 34.876 GC heap after
{Heap after GC invocations=36 (full 0):
 garbage-first heap   total 189440K, used 123038K [0x0000000080000000, 0x0000000100000000)
  region size 1024K, 4 young (4096K), 4 survivors (4096K)
 Metaspace       used 110924K, committed 111744K, reserved 1146880K
  class space    used 14661K, committed 15040K, reserved 1048576K
}
Event: 36.001 GC heap before
{Heap before GC invocations=36 (full 0):
 garbage-first heap   total 189440K, used 154782K [0x0000000080000000, 0x0000000100000000)
  region size 1024K, 36 young (36864K), 4 survivors (4096K)
 Metaspace       used 111143K, committed 111872K, reserved 1146880K
  class space    used 14667K, committed 15040K, reserved 1048576K
}
Event: 36.005 GC heap after
{Heap after GC invocations=37 (full 0):
 garbage-first heap   total 189440K, used 124776K [0x0000000080000000, 0x0000000100000000)
  region size 1024K, 4 young (4096K), 4 survivors (4096K)
 Metaspace       used 111143K, committed 111872K, reserved 1146880K
  class space    used 14667K, committed 15040K, reserved 1048576K
}
Event: 37.834 GC heap before
{Heap before GC invocations=37 (full 0):
 garbage-first heap   total 189440K, used 155496K [0x0000000080000000, 0x0000000100000000)
  region size 1024K, 35 young (35840K), 4 survivors (4096K)
 Metaspace       used 111542K, committed 112320K, reserved 1146880K
  class space    used 14700K, committed 15104K, reserved 1048576K
}
Event: 37.838 GC heap after
{Heap after GC invocations=38 (full 0):
 garbage-first heap   total 189440K, used 125554K [0x0000000080000000, 0x0000000100000000)
  region size 1024K, 3 young (3072K), 3 survivors (3072K)
 Metaspace       used 111542K, committed 112320K, reserved 1146880K
  class space    used 14700K, committed 15104K, reserved 1048576K
}
Event: 39.505 GC heap before
{Heap before GC invocations=38 (full 0):
 garbage-first heap   total 189440K, used 156274K [0x0000000080000000, 0x0000000100000000)
  region size 1024K, 34 young (34816K), 3 survivors (3072K)
 Metaspace       used 112778K, committed 113600K, reserved 1155072K
  class space    used 14842K, committed 15232K, reserved 1048576K
}
Event: 39.509 GC heap after
{Heap after GC invocations=39 (full 0):
 garbage-first heap   total 189440K, used 128315K [0x0000000080000000, 0x0000000100000000)
  region size 1024K, 5 young (5120K), 5 survivors (5120K)
 Metaspace       used 112778K, committed 113600K, reserved 1155072K
  class space    used 14842K, committed 15232K, reserved 1048576K
}
Event: 40.837 GC heap before
{Heap before GC invocations=39 (full 0):
 garbage-first heap   total 189440K, used 156987K [0x0000000080000000, 0x0000000100000000)
  region size 1024K, 33 young (33792K), 5 survivors (5120K)
 Metaspace       used 114519K, committed 115328K, reserved 1155072K
  class space    used 15025K, committed 15424K, reserved 1048576K
}
Event: 40.841 GC heap after
{Heap after GC invocations=40 (full 0):
 garbage-first heap   total 189440K, used 132540K [0x0000000080000000, 0x0000000100000000)
  region size 1024K, 5 young (5120K), 5 survivors (5120K)
 Metaspace       used 114519K, committed 115328K, reserved 1155072K
  class space    used 15025K, committed 15424K, reserved 1048576K
}
Event: 43.699 GC heap before
{Heap before GC invocations=40 (full 0):
 garbage-first heap   total 189440K, used 157116K [0x0000000080000000, 0x0000000100000000)
  region size 1024K, 30 young (30720K), 5 survivors (5120K)
 Metaspace       used 114612K, committed 115392K, reserved 1155072K
  class space    used 15025K, committed 15424K, reserved 1048576K
}
Event: 43.704 GC heap after
{Heap after GC invocations=41 (full 0):
 garbage-first heap   total 189440K, used 138160K [0x0000000080000000, 0x0000000100000000)
  region size 1024K, 4 young (4096K), 4 survivors (4096K)
 Metaspace       used 114612K, committed 115392K, reserved 1155072K
  class space    used 15025K, committed 15424K, reserved 1048576K
}
Event: 45.840 GC heap before
{Heap before GC invocations=41 (full 0):
 garbage-first heap   total 189440K, used 166832K [0x0000000080000000, 0x0000000100000000)
  region size 1024K, 24 young (24576K), 4 survivors (4096K)
 Metaspace       used 114645K, committed 115456K, reserved 1155072K
  class space    used 15026K, committed 15424K, reserved 1048576K
}
Event: 45.847 GC heap after
{Heap after GC invocations=42 (full 0):
 garbage-first heap   total 189440K, used 151670K [0x0000000080000000, 0x0000000100000000)
  region size 1024K, 3 young (3072K), 3 survivors (3072K)
 Metaspace       used 114645K, committed 115456K, reserved 1155072K
  class space    used 15026K, committed 15424K, reserved 1048576K
}
Event: 46.364 GC heap before
{Heap before GC invocations=42 (full 0):
 garbage-first heap   total 189440K, used 157814K [0x0000000080000000, 0x0000000100000000)
  region size 1024K, 10 young (10240K), 3 survivors (3072K)
 Metaspace       used 114646K, committed 115456K, reserved 1155072K
  class space    used 15026K, committed 15424K, reserved 1048576K
}
Event: 46.372 GC heap after
{Heap after GC invocations=43 (full 0):
 garbage-first heap   total 189440K, used 155647K [0x0000000080000000, 0x0000000100000000)
  region size 1024K, 2 young (2048K), 2 survivors (2048K)
 Metaspace       used 114646K, committed 115456K, reserved 1155072K
  class space    used 15026K, committed 15424K, reserved 1048576K
}

Dll operation events (2 events):
Event: 0.004 Loaded shared library C:\Program Files\Android\Android Studio\jbr\bin\java.dll
Event: 0.248 Loaded shared library C:\Program Files\Android\Android Studio\jbr\bin\verify.dll

Deoptimization events (20 events):
Event: 43.779 Thread 0x00000284f843bf00 DEOPT PACKING pc=0x00000284e909f3c8 sp=0x000000fbb4bf9dd0
Event: 43.779 Thread 0x00000284f843bf00 DEOPT UNPACKING pc=0x00000284e828a1a3 sp=0x000000fbb4bf9db8 mode 2
Event: 45.710 Thread 0x00000284f843bf00 Uncommon trap: trap_request=0xffffff45 fr.pc=0x00000284e90a7394 relative=0x0000000000000694
Event: 45.710 Thread 0x00000284f843bf00 Uncommon trap: reason=unstable_if action=reinterpret pc=0x00000284e90a7394 method=org.apache.xerces.impl.XMLEntityScanner.scanLiteral(ILorg/apache/xerces/xni/XMLString;)I @ 606 c2
Event: 45.710 Thread 0x00000284f843bf00 DEOPT PACKING pc=0x00000284e90a7394 sp=0x000000fbb4bf97a0
Event: 45.710 Thread 0x00000284f843bf00 DEOPT UNPACKING pc=0x00000284e828a1a3 sp=0x000000fbb4bf9728 mode 2
Event: 45.710 Thread 0x00000284f843bf00 Uncommon trap: trap_request=0xffffff45 fr.pc=0x00000284e90b4a08 relative=0x0000000000000f68
Event: 45.710 Thread 0x00000284f843bf00 Uncommon trap: reason=unstable_if action=reinterpret pc=0x00000284e90b4a08 method=org.apache.xerces.impl.XMLScanner.scanAttributeValue(Lorg/apache/xerces/xni/XMLString;Lorg/apache/xerces/xni/XMLString;Ljava/lang/String;ZLjava/lang/String;)Z @ 642 c2
Event: 45.710 Thread 0x00000284f843bf00 DEOPT PACKING pc=0x00000284e90b4a08 sp=0x000000fbb4bf9800
Event: 45.710 Thread 0x00000284f843bf00 DEOPT UNPACKING pc=0x00000284e828a1a3 sp=0x000000fbb4bf97a0 mode 2
Event: 45.711 Thread 0x00000284f843bf00 Uncommon trap: trap_request=0xffffff45 fr.pc=0x00000284e90a316c relative=0x0000000000001d4c
Event: 45.711 Thread 0x00000284f843bf00 Uncommon trap: reason=unstable_if action=reinterpret pc=0x00000284e90a316c method=org.apache.xerces.impl.XMLNSDocumentScannerImpl.scanAttribute(Lorg/apache/xerces/util/XMLAttributesImpl;)V @ 201 c2
Event: 45.711 Thread 0x00000284f843bf00 DEOPT PACKING pc=0x00000284e90a316c sp=0x000000fbb4bf9890
Event: 45.711 Thread 0x00000284f843bf00 DEOPT UNPACKING pc=0x00000284e828a1a3 sp=0x000000fbb4bf9850 mode 2
Event: 45.722 Thread 0x00000284f843bf00 Uncommon trap: trap_request=0xffffffde fr.pc=0x00000284e89593f8 relative=0x00000000000016f8
Event: 45.722 Thread 0x00000284f843bf00 Uncommon trap: reason=class_check action=maybe_recompile pc=0x00000284e89593f8 method=java.util.WeakHashMap.matchesKey(Ljava/util/WeakHashMap$Entry;Ljava/lang/Object;)Z @ 21 c2
Event: 45.722 Thread 0x00000284f843bf00 DEOPT PACKING pc=0x00000284e89593f8 sp=0x000000fbb4bf97c0
Event: 45.722 Thread 0x00000284f843bf00 DEOPT UNPACKING pc=0x00000284e828a1a3 sp=0x000000fbb4bf9728 mode 2
Event: 46.117 Thread 0x00000284f843bf00 DEOPT PACKING pc=0x00000284e259d767 sp=0x000000fbb4bf99e0
Event: 46.117 Thread 0x00000284f843bf00 DEOPT UNPACKING pc=0x00000284e828ace3 sp=0x000000fbb4bf8f18 mode 0

Classes unloaded (0 events):
No events

Classes redefined (0 events):
No events

Internal exceptions (20 events):
Event: 30.274 Thread 0x00000284fa4e5bf0 Exception <a 'java/lang/ClassNotFoundException'{0x000000008a9812e8}: com/android/build/gradle/internal/tasks/ListingFileRedirectTaskBeanInfo> (0x000000008a9812e8) 
thrown [s\src\hotspot\share\classfile\systemDictionary.cpp, line 256]
Event: 30.274 Thread 0x00000284fa4e5bf0 Exception <a 'java/lang/ClassNotFoundException'{0x000000008a98ccd8}: com/android/build/gradle/internal/tasks/ListingFileRedirectTaskCustomizer> (0x000000008a98ccd8) 
thrown [s\src\hotspot\share\classfile\systemDictionary.cpp, line 256]
Event: 30.275 Thread 0x00000284fa4e5bf0 Exception <a 'java/lang/ClassNotFoundException'{0x000000008a9a9698}: com/android/build/gradle/internal/tasks/ListingFileRedirectTask_DecoratedCustomizer> (0x000000008a9a9698) 
thrown [s\src\hotspot\share\classfile\systemDictionary.cpp, line 256]
Event: 30.277 Thread 0x00000284fa4e5bf0 Implicit null exception at 0x00000284e8ccf5d4 to 0x00000284e8ccf9ec
Event: 30.292 Thread 0x00000284fa4e5bf0 Exception <a 'sun/nio/fs/WindowsException'{0x000000008a79b188}> (0x000000008a79b188) 
thrown [s\src\hotspot\share\prims\jni.cpp, line 517]
Event: 30.405 Thread 0x00000284f843b090 Exception <a 'sun/nio/fs/WindowsException'{0x000000008a37abb0}> (0x000000008a37abb0) 
thrown [s\src\hotspot\share\prims\jni.cpp, line 517]
Event: 30.405 Thread 0x00000284f843b090 Exception <a 'sun/nio/fs/WindowsException'{0x000000008a37ba70}> (0x000000008a37ba70) 
thrown [s\src\hotspot\share\prims\jni.cpp, line 517]
Event: 30.405 Thread 0x00000284f843b090 Exception <a 'sun/nio/fs/WindowsException'{0x000000008a37bae0}> (0x000000008a37bae0) 
thrown [s\src\hotspot\share\prims\jni.cpp, line 517]
Event: 30.405 Thread 0x00000284f843b090 Exception <a 'sun/nio/fs/WindowsException'{0x000000008a37bec0}> (0x000000008a37bec0) 
thrown [s\src\hotspot\share\prims\jni.cpp, line 517]
Event: 30.498 Thread 0x00000284f843bf00 Exception <a 'sun/nio/fs/WindowsException'{0x000000008a12d198}> (0x000000008a12d198) 
thrown [s\src\hotspot\share\prims\jni.cpp, line 517]
Event: 30.503 Thread 0x00000284fee47400 Exception <a 'java/lang/NoSuchMethodError'{0x000000008a1d8c28}: static Lorg/gradle/internal/build/event/types/DefaultTaskSkippedResult;.<clinit>()V> (0x000000008a1d8c28) 
thrown [s\src\hotspot\share\prims\jni.cpp, line 1108]
Event: 32.613 Thread 0x00000284f843dbe0 Exception <a 'java/lang/NoSuchMethodError'{0x000000008adb5ca0}: 'void java.lang.invoke.DirectMethodHandle$Holder.invokeStatic(java.lang.Object, java.lang.Object, java.lang.Object, java.lang.Object, int, java.lang.Object, java.lang.Object)'> (0x000000008adb5ca0) 
thrown [s\src\hotspot\share\interpreter\linkResolver.cpp, line 771]
Event: 32.684 Thread 0x00000284fc16c8d0 Exception <a 'java/lang/NoSuchMethodError'{0x000000008aaedbe0}: 'java.lang.Object java.lang.invoke.DirectMethodHandle$Holder.invokeSpecialIFC(java.lang.Object, java.lang.Object, java.lang.Object)'> (0x000000008aaedbe0) 
thrown [s\src\hotspot\share\interpreter\linkResolver.cpp, line 771]
Event: 32.856 Thread 0x0000028482c0c300 Exception <a 'sun/nio/fs/WindowsException'{0x000000008a610300}> (0x000000008a610300) 
thrown [s\src\hotspot\share\prims\jni.cpp, line 517]
Event: 33.948 Thread 0x0000028482c0c300 Implicit null exception at 0x00000284e89b8f4b to 0x00000284e89b8f70
Event: 33.950 Thread 0x00000284fee47400 Exception <a 'java/lang/NoSuchMethodError'{0x0000000089952ab0}: static Lorg/gradle/internal/build/event/types/DefaultFileDownloadDescriptor;.<clinit>()V> (0x0000000089952ab0) 
thrown [s\src\hotspot\share\prims\jni.cpp, line 1108]
Event: 34.550 Thread 0x0000028482c0c300 Implicit null exception at 0x00000284e8e6a9a4 to 0x00000284e8e6bd7c
Event: 34.551 Thread 0x00000284fee47400 Exception <a 'java/lang/NoSuchMethodError'{0x000000008a6faa78}: static Lorg/gradle/internal/build/event/types/DefaultStatusEvent;.<clinit>()V> (0x000000008a6faa78) 
thrown [s\src\hotspot\share\prims\jni.cpp, line 1108]
Event: 34.553 Thread 0x00000284fee47400 Exception <a 'java/lang/NoSuchMethodError'{0x000000008a513870}: static Lorg/gradle/internal/build/event/types/DefaultFileDownloadSuccessResult;.<clinit>()V> (0x000000008a513870) 
thrown [s\src\hotspot\share\prims\jni.cpp, line 1108]
Event: 34.553 Thread 0x00000284fee47400 Exception <a 'java/lang/NoSuchMethodError'{0x000000008a5148b8}: static Lorg/gradle/internal/build/event/types/DefaultSuccessResult;.<clinit>()V> (0x000000008a5148b8) 
thrown [s\src\hotspot\share\prims\jni.cpp, line 1108]

VM Operations (20 events):
Event: 38.469 Executing VM operation: HandshakeAllThreads done
Event: 39.505 Executing VM operation: G1CollectForAllocation
Event: 39.509 Executing VM operation: G1CollectForAllocation done
Event: 40.511 Executing VM operation: Cleanup
Event: 40.511 Executing VM operation: Cleanup done
Event: 40.837 Executing VM operation: G1CollectForAllocation
Event: 40.842 Executing VM operation: G1CollectForAllocation done
Event: 42.843 Executing VM operation: Cleanup
Event: 42.844 Executing VM operation: Cleanup done
Event: 43.699 Executing VM operation: G1CollectForAllocation
Event: 43.704 Executing VM operation: G1CollectForAllocation done
Event: 44.714 Executing VM operation: Cleanup
Event: 44.715 Executing VM operation: Cleanup done
Event: 45.717 Executing VM operation: Cleanup
Event: 45.717 Executing VM operation: Cleanup done
Event: 45.840 Executing VM operation: G1CollectForAllocation
Event: 45.847 Executing VM operation: G1CollectForAllocation done
Event: 46.364 Executing VM operation: G1CollectForAllocation
Event: 46.372 Executing VM operation: G1CollectForAllocation done
Event: 46.438 Executing VM operation: G1Concurrent

Events (20 events):
Event: 39.571 loading class org/w3c/dom/Entity
Event: 39.571 loading class org/w3c/dom/Entity done
Event: 39.572 loading class org/w3c/dom/ElementTraversal
Event: 39.572 loading class org/w3c/dom/ElementTraversal done
Event: 39.572 loading class org/w3c/dom/events/MutationEvent
Event: 39.572 loading class org/w3c/dom/events/Event
Event: 39.572 loading class org/w3c/dom/events/Event done
Event: 39.572 loading class org/w3c/dom/events/MutationEvent done
Event: 39.572 loading class org/w3c/dom/ranges/Range
Event: 39.572 loading class org/w3c/dom/ranges/Range done
Event: 39.572 loading class org/w3c/dom/events/EventException
Event: 39.573 loading class org/w3c/dom/events/EventException done
Event: 39.573 loading class org/w3c/dom/traversal/TreeWalker
Event: 39.573 loading class org/w3c/dom/traversal/TreeWalker done
Event: 39.573 loading class org/w3c/dom/traversal/NodeIterator
Event: 39.573 loading class org/w3c/dom/traversal/NodeIterator done
Event: 39.723 Thread 0x00000284fc19e420 Thread added: 0x00000284fc19e420
Event: 41.248 Thread 0x00000284fc19e420 Thread exited: 0x00000284fc19e420
Event: 43.226 Thread 0x00000284fc1a25f0 Thread added: 0x00000284fc1a25f0
Event: 46.117 Thread 0x00000284fc1a25f0 Thread exited: 0x00000284fc1a25f0


Dynamic libraries:
0x00007ff69eb80000 - 0x00007ff69eb8a000 	C:\Program Files\Android\Android Studio\jbr\bin\java.exe
0x00007ff9dfd70000 - 0x00007ff9dff87000 	C:\WINDOWS\SYSTEM32\ntdll.dll
0x00007ff9dee90000 - 0x00007ff9def54000 	C:\WINDOWS\System32\KERNEL32.DLL
0x00007ff9dd0e0000 - 0x00007ff9dd485000 	C:\WINDOWS\System32\KERNELBASE.dll
0x00007ff9dd5e0000 - 0x00007ff9dd6f1000 	C:\WINDOWS\System32\ucrtbase.dll
0x00007ff9af380000 - 0x00007ff9af397000 	C:\Program Files\Android\Android Studio\jbr\bin\jli.dll
0x00007ff9ba090000 - 0x00007ff9ba0ab000 	C:\Program Files\Android\Android Studio\jbr\bin\VCRUNTIME140.dll
0x00007ff9de860000 - 0x00007ff9dea0e000 	C:\WINDOWS\System32\USER32.dll
0x00007ff9dd5b0000 - 0x00007ff9dd5d6000 	C:\WINDOWS\System32\win32u.dll
0x00007ff9c0720000 - 0x00007ff9c09b3000 	C:\WINDOWS\WinSxS\amd64_microsoft.windows.common-controls_6595b64144ccf1df_6.0.22621.2506_none_270c5ae97388e100\COMCTL32.dll
0x00007ff9df360000 - 0x00007ff9df389000 	C:\WINDOWS\System32\GDI32.dll
0x00007ff9df120000 - 0x00007ff9df1c7000 	C:\WINDOWS\System32\msvcrt.dll
0x00007ff9dd490000 - 0x00007ff9dd5a9000 	C:\WINDOWS\System32\gdi32full.dll
0x00007ff9dd9b0000 - 0x00007ff9dda4a000 	C:\WINDOWS\System32\msvcp_win.dll
0x00007ff9de720000 - 0x00007ff9de751000 	C:\WINDOWS\System32\IMM32.DLL
0x00007ff9c8b40000 - 0x00007ff9c8b4c000 	C:\Program Files\Android\Android Studio\jbr\bin\vcruntime140_1.dll
0x00007ff9b8a90000 - 0x00007ff9b8b1d000 	C:\Program Files\Android\Android Studio\jbr\bin\msvcp140.dll
0x00007ff997f00000 - 0x00007ff998b6e000 	C:\Program Files\Android\Android Studio\jbr\bin\server\jvm.dll
0x00007ff9ddb20000 - 0x00007ff9ddbd1000 	C:\WINDOWS\System32\ADVAPI32.dll
0x00007ff9df390000 - 0x00007ff9df436000 	C:\WINDOWS\System32\sechost.dll
0x00007ff9dfc10000 - 0x00007ff9dfd27000 	C:\WINDOWS\System32\RPCRT4.dll
0x00007ff9d59c0000 - 0x00007ff9d59f4000 	C:\WINDOWS\SYSTEM32\WINMM.dll
0x00007ff9d7f20000 - 0x00007ff9d7f29000 	C:\WINDOWS\SYSTEM32\WSOCK32.dll
0x00007ff9d3c70000 - 0x00007ff9d3c7a000 	C:\WINDOWS\SYSTEM32\VERSION.dll
0x00007ff9df2b0000 - 0x00007ff9df321000 	C:\WINDOWS\System32\WS2_32.dll
0x00007ff9dc080000 - 0x00007ff9dc098000 	C:\WINDOWS\SYSTEM32\kernel.appcore.dll
0x00007ff9d5b30000 - 0x00007ff9d5b3a000 	C:\Program Files\Android\Android Studio\jbr\bin\jimage.dll
0x00007ff9da910000 - 0x00007ff9dab43000 	C:\WINDOWS\SYSTEM32\DBGHELP.DLL
0x00007ff9dea10000 - 0x00007ff9ded99000 	C:\WINDOWS\System32\combase.dll
0x00007ff9df1d0000 - 0x00007ff9df2a7000 	C:\WINDOWS\System32\OLEAUT32.dll
0x00007ff9cb1a0000 - 0x00007ff9cb1d2000 	C:\WINDOWS\SYSTEM32\dbgcore.DLL
0x00007ff9dd930000 - 0x00007ff9dd9aa000 	C:\WINDOWS\System32\bcryptPrimitives.dll
0x00007ff9ba040000 - 0x00007ff9ba065000 	C:\Program Files\Android\Android Studio\jbr\bin\java.dll
0x00007ff9b9490000 - 0x00007ff9b94a8000 	C:\Program Files\Android\Android Studio\jbr\bin\zip.dll
0x00007ff9ddda0000 - 0x00007ff9de5f9000 	C:\WINDOWS\System32\SHELL32.dll
0x00007ff9db100000 - 0x00007ff9db9f4000 	C:\WINDOWS\SYSTEM32\windows.storage.dll
0x00007ff9dafc0000 - 0x00007ff9db0fe000 	C:\WINDOWS\SYSTEM32\wintypes.dll
0x00007ff9de760000 - 0x00007ff9de853000 	C:\WINDOWS\System32\SHCORE.dll
0x00007ff9de6c0000 - 0x00007ff9de71e000 	C:\WINDOWS\System32\shlwapi.dll
0x00007ff9dd010000 - 0x00007ff9dd036000 	C:\WINDOWS\SYSTEM32\profapi.dll
0x00007ff9af7c0000 - 0x00007ff9af7d9000 	C:\Program Files\Android\Android Studio\jbr\bin\net.dll
0x00007ff9d7350000 - 0x00007ff9d7487000 	C:\WINDOWS\SYSTEM32\WINHTTP.dll
0x00007ff9dc560000 - 0x00007ff9dc5c9000 	C:\WINDOWS\system32\mswsock.dll
0x00007ff9af540000 - 0x00007ff9af556000 	C:\Program Files\Android\Android Studio\jbr\bin\nio.dll
0x00007ff9c0c00000 - 0x00007ff9c0c10000 	C:\Program Files\Android\Android Studio\jbr\bin\verify.dll
0x00007ff9ba140000 - 0x00007ff9ba167000 	C:\Users\User\.gradle\native\68d5fa5c4cc2d200863cafc0d521ce42e7d3e7ee720ec0a83991735586a16f82\windows-amd64\native-platform.dll
0x00007ff9b8940000 - 0x00007ff9b8a84000 	C:\Users\User\.gradle\native\e376f236ea51e6404a007f0833ffe2c6e607c4080706a723a18a27aeea778392\windows-amd64\native-platform-file-events.dll
0x00007ff9bf220000 - 0x00007ff9bf229000 	C:\Program Files\Android\Android Studio\jbr\bin\management.dll
0x00007ff9b8420000 - 0x00007ff9b842b000 	C:\Program Files\Android\Android Studio\jbr\bin\management_ext.dll
0x00007ff9df8c0000 - 0x00007ff9df8c8000 	C:\WINDOWS\System32\PSAPI.DLL
0x00007ff9dc830000 - 0x00007ff9dc84b000 	C:\WINDOWS\SYSTEM32\CRYPTSP.dll
0x00007ff9dc040000 - 0x00007ff9dc075000 	C:\WINDOWS\system32\rsaenh.dll
0x00007ff9dc650000 - 0x00007ff9dc67c000 	C:\WINDOWS\SYSTEM32\USERENV.dll
0x00007ff9dca80000 - 0x00007ff9dcaa8000 	C:\WINDOWS\SYSTEM32\bcrypt.dll
0x00007ff9dc7b0000 - 0x00007ff9dc7bc000 	C:\WINDOWS\SYSTEM32\CRYPTBASE.dll
0x00007ff9dbb50000 - 0x00007ff9dbb7d000 	C:\WINDOWS\SYSTEM32\IPHLPAPI.DLL
0x00007ff9ddc00000 - 0x00007ff9ddc09000 	C:\WINDOWS\System32\NSI.dll
0x00007ff9d54b0000 - 0x00007ff9d54c9000 	C:\WINDOWS\SYSTEM32\dhcpcsvc6.DLL
0x00007ff9d5490000 - 0x00007ff9d54af000 	C:\WINDOWS\SYSTEM32\dhcpcsvc.DLL
0x00007ff9dbb80000 - 0x00007ff9dbc79000 	C:\WINDOWS\SYSTEM32\DNSAPI.dll
0x00007ff9af630000 - 0x00007ff9af638000 	C:\WINDOWS\system32\wshunix.dll
0x00007ff9c0be0000 - 0x00007ff9c0bf7000 	C:\WINDOWS\system32\napinsp.dll
0x00007ff9c0bc0000 - 0x00007ff9c0bdb000 	C:\WINDOWS\system32\pnrpnsp.dll
0x00007ff9c0ba0000 - 0x00007ff9c0bb1000 	C:\WINDOWS\System32\winrnr.dll
0x00007ff9bf3f0000 - 0x00007ff9bf405000 	C:\WINDOWS\system32\wshbth.dll
0x00007ff9bf3c0000 - 0x00007ff9bf3e1000 	C:\WINDOWS\system32\nlansp_c.dll
0x00007ff9d5480000 - 0x00007ff9d548a000 	C:\Windows\System32\rasadhlp.dll
0x00007ff9d3b90000 - 0x00007ff9d3c13000 	C:\WINDOWS\System32\fwpuclnt.dll

dbghelp: loaded successfully - version: 4.0.5 - missing functions: none
symbol engine: initialized successfully - sym options: 0x614 - pdb path: .;C:\Program Files\Android\Android Studio\jbr\bin;C:\WINDOWS\SYSTEM32;C:\WINDOWS\WinSxS\amd64_microsoft.windows.common-controls_6595b64144ccf1df_6.0.22621.2506_none_270c5ae97388e100;C:\Program Files\Android\Android Studio\jbr\bin\server;C:\Users\User\.gradle\native\68d5fa5c4cc2d200863cafc0d521ce42e7d3e7ee720ec0a83991735586a16f82\windows-amd64;C:\Users\User\.gradle\native\e376f236ea51e6404a007f0833ffe2c6e607c4080706a723a18a27aeea778392\windows-amd64

VM Arguments:
jvm_args: --add-opens=java.base/java.util=ALL-UNNAMED --add-opens=java.base/java.lang=ALL-UNNAMED --add-opens=java.base/java.lang.invoke=ALL-UNNAMED --add-opens=java.prefs/java.util.prefs=ALL-UNNAMED --add-opens=java.base/java.nio.charset=ALL-UNNAMED --add-opens=java.base/java.net=ALL-UNNAMED --add-opens=java.base/java.util.concurrent.atomic=ALL-UNNAMED -Xmx2048m -Dfile.encoding=UTF-8 -Duser.country=US -Duser.language=en -Duser.variant 
java_command: org.gradle.launcher.daemon.bootstrap.GradleDaemon 8.0
java_class_path (initial): C:\Users\User\.gradle\wrapper\dists\gradle-8.0-bin\ca5e32bp14vu59qr306oxotwh\gradle-8.0\lib\gradle-launcher-8.0.jar
Launcher Type: SUN_STANDARD

[Global flags]
     intx CICompilerCount                          = 4                                         {product} {ergonomic}
     uint ConcGCThreads                            = 2                                         {product} {ergonomic}
     uint G1ConcRefinementThreads                  = 8                                         {product} {ergonomic}
   size_t G1HeapRegionSize                         = 1048576                                   {product} {ergonomic}
    uintx GCDrainStackTargetSize                   = 64                                        {product} {ergonomic}
   size_t InitialHeapSize                          = 132120576                                 {product} {ergonomic}
   size_t MarkStackSize                            = 4194304                                   {product} {ergonomic}
   size_t MaxHeapSize                              = 2147483648                                {product} {command line}
   size_t MaxNewSize                               = 1287651328                                {product} {ergonomic}
   size_t MinHeapDeltaBytes                        = 1048576                                   {product} {ergonomic}
   size_t MinHeapSize                              = 8388608                                   {product} {ergonomic}
    uintx NonNMethodCodeHeapSize                   = 5839372                                {pd product} {ergonomic}
    uintx NonProfiledCodeHeapSize                  = 122909434                              {pd product} {ergonomic}
    uintx ProfiledCodeHeapSize                     = 122909434                              {pd product} {ergonomic}
    uintx ReservedCodeCacheSize                    = 251658240                              {pd product} {ergonomic}
     bool SegmentedCodeCache                       = true                                      {product} {ergonomic}
   size_t SoftMaxHeapSize                          = 2147483648                             {manageable} {ergonomic}
     bool UseCompressedClassPointers               = true                           {product lp64_product} {ergonomic}
     bool UseCompressedOops                        = true                           {product lp64_product} {ergonomic}
     bool UseG1GC                                  = true                                      {product} {ergonomic}
     bool UseLargePagesIndividualAllocation        = false                                  {pd product} {ergonomic}

Logging:
Log output configuration:
 #0: stdout all=warning uptime,level,tags
 #1: stderr all=off uptime,level,tags

Environment Variables:
JAVA_HOME=C:\Program Files\Java\jdk-20.0.1
PATH=C:\Program Files (x86)\Common Files\Oracle\Java\javapath;C:\Python311\Scripts\;C:\Python311\;C:\Program Files (x86)\Falcon\MinGW\bin;C:\WINDOWS\system32;C:\WINDOWS;C:\WINDOWS\System32\Wbem;C:\WINDOWS\System32\WindowsPowerShell\v1.0\;C:\WINDOWS\System32\OpenSSH\;C:\Program Files\Microsoft SQL Server\130\Tools\Binn\;C:\sqlite3;C:\Program Files (x86)\Microsoft SQL Server\150\DTS\Binn\;C:\Program Files\Azure Data Studio\bin;C:\Program Files\Microsoft SQL Server\Client SDK\ODBC\170\Tools\Binn\;C:\Program Files (x86)\Microsoft SQL Server\150\Tools\Binn\;C:\Program Files\Microsoft SQL Server\150\Tools\Binn\;C:\Program Files\Microsoft SQL Server\150\DTS\Binn\;C:\xampp\php;C:\ProgramData\ComposerSetup\bin;C:\Program Files\dotnet\;C:\Users\User\AppData\Local\Android\Sdk\cmdline-tools\bin;C:\Program Files\Java\;C:\Program Files\Git\cmd;C:\Program Files\nodejs\;C:\ProgramData\chocolatey\bin;C:\Program Files (x86)\GTK2-Runtime\lib;C:\Program Files (x86)\Common Files\Oracle\Java\javapath;C:\Python311\Scripts\;C:\Python311\;C:\Program Files (x86)\Falcon\MinGW\bin;C:\WINDOWS\system32;C:\WINDOWS;C:\WINDOWS\System32\Wbem;C:\WINDOWS\System32\WindowsPowerShell\v1.0\;C:\WINDOWS\System32\OpenSSH\;C:\Program Files\Microsoft SQL Server\130\Tools\Binn\;C:\sqlite3;C:\Program Files (x86)\Microsoft SQL Server\150\DTS\Binn\;C:\Program Files\Azure Data Studio\bin;C:\Program Files\Microsoft SQL Server\Client SDK\ODBC\170\Tools\Binn\;C:\Program Files (x86)\Microsoft SQL Server\150\Tools\Binn\;C:\Program Files\Microsoft SQL Server\150\Tools\Binn\;C:\Program Files\Microsoft SQL Server\150\DTS\Binn\;C:\xampp\php;C:\ProgramData\ComposerSetup\bin;C:\Program Files\dotnet\;C:\Users\User\AppData\Local\Android\Sdk\cmdline-tools\bin;C:\Program Files\Java\;C:\Program Files\Git\cmd;C:\Program Files\nodejs\;C:\ProgramData\chocolatey\bin;C:\Program Files (x86)\GTK2-Runtime\lib;C:\Program Files\nodejs\node_modules\npm\bin;C:\Program Files\MySQL\MySQL Shell 8.0\bin\;C:\Users\User\AppData\Local\Microsoft\Windows
USERNAME=User
OS=Windows_NT
PROCESSOR_IDENTIFIER=Intel64 Family 6 Model 140 Stepping 1, GenuineIntel
TMP=C:\Users\User\AppData\Local\Temp
TEMP=C:\Users\User\AppData\Local\Temp


JNI global refs:
JNI global refs: 25, weak refs: 0

JNI global refs memory usage: 843, weak refs: 841


---------------  S Y S T E M  ---------------

OS:
 Windows 11 , 64 bit Build 22621 (10.0.22621.2506)
OS uptime: 0 days 16:27 hours

CPU: total 8 (initial active 8) (4 cores per cpu, 2 threads per core) family 6 model 140 stepping 1 microcode 0x78, cx8, cmov, fxsr, ht, mmx, 3dnowpref, sse, sse2, sse3, ssse3, sse4.1, sse4.2, popcnt, lzcnt, tsc, tscinvbit, avx, avx2, aes, erms, clmul, bmi1, bmi2, adx, avx512f, avx512dq, avx512cd, avx512bw, avx512vl, sha, fma, vzeroupper, avx512_vpopcntdq, avx512_vpclmulqdq, avx512_vaes, avx512_vnni, clflush, clflushopt, clwb, avx512_vbmi2, avx512_vbmi

Memory: 4k page, system-wide physical 7991M (564M free)
TotalPageFile size 10039M (AvailPageFile size 39M)
current process WorkingSet (physical memory assigned to process): 489M, peak: 513M
current process commit charge ("private bytes"): 524M, peak: 596M

vm_info: OpenJDK 64-Bit Server VM (17.0.6+0-b2043.56-10027231) for windows-amd64 JRE (17.0.6+0-b2043.56-10027231), built on Apr 28 2023 00:43:19 by "androidbuild" with MS VC++ 16.10 / 16.11 (VS2019)

END.
